<?xml version="1.0" encoding="UTF-8" standalone="no"?>
<!DOCTYPE log SYSTEM "logger.dtd">
<log>
<record>
  <date>2019-09-30T14:18:48</date>
  <millis>1569827928879</millis>
  <sequence>0</sequence>
  <level>START</level>
  <class>com.kms.katalon.core.logging.XmlKeywordLogger</class>
  <method>startSuite</method>
  <thread>1</thread>
  <message>Start Test Suite : Test Suites/masuk/ubah_profil</message>
  <nestedLevel>0</nestedLevel>
  <property name="name">ubah_profil</property>
  <property name="description"></property>
  <property name="id">Test Suites/masuk/ubah_profil</property>
</record>
<record>
  <date>2019-09-30T14:18:48</date>
  <millis>1569827928899</millis>
  <sequence>1</sequence>
  <level>RUN_DATA</level>
  <class>com.kms.katalon.core.logging.XmlKeywordLogger</class>
  <method>logMessage</method>
  <thread>1</thread>
  <message>hostName = Intan - DESKTOP-LI63HGC</message>
  <nestedLevel>0</nestedLevel>
  <property name="hostName">Intan - DESKTOP-LI63HGC</property>
</record>
<record>
  <date>2019-09-30T14:18:48</date>
  <millis>1569827928900</millis>
  <sequence>2</sequence>
  <level>RUN_DATA</level>
  <class>com.kms.katalon.core.logging.XmlKeywordLogger</class>
  <method>logMessage</method>
  <thread>1</thread>
  <message>os = Windows 10 64bit</message>
  <nestedLevel>0</nestedLevel>
  <property name="os">Windows 10 64bit</property>
</record>
<record>
  <date>2019-09-30T14:18:48</date>
  <millis>1569827928901</millis>
  <sequence>3</sequence>
  <level>RUN_DATA</level>
  <class>com.kms.katalon.core.logging.XmlKeywordLogger</class>
  <method>logMessage</method>
  <thread>1</thread>
  <message>hostAddress = 192.168.160.2</message>
  <nestedLevel>0</nestedLevel>
  <property name="hostAddress">192.168.160.2</property>
</record>
<record>
  <date>2019-09-30T14:18:48</date>
  <millis>1569827928903</millis>
  <sequence>4</sequence>
  <level>RUN_DATA</level>
  <class>com.kms.katalon.core.logging.XmlKeywordLogger</class>
  <method>logMessage</method>
  <thread>1</thread>
  <message>katalonVersion = 6.3.3.11</message>
  <nestedLevel>0</nestedLevel>
  <property name="katalonVersion">6.3.3.11</property>
</record>
<record>
  <date>2019-09-30T14:18:49</date>
  <millis>1569827929580</millis>
  <sequence>5</sequence>
  <level>START</level>
  <class>com.kms.katalon.core.logging.XmlKeywordLogger</class>
  <method>startTest</method>
  <thread>1</thread>
  <message>Start Test Case : Test Cases/Dashboard/profil/ubah_profil</message>
  <nestedLevel>1</nestedLevel>
  <property name="name">Test Cases/Dashboard/profil/ubah_profil</property>
  <property name="description"></property>
  <property name="id">Test Cases/Dashboard/profil/ubah_profil</property>
  <property name="source">C:\\Users\\Intan\\git\\ACCBid-Mobile\\Test Cases\\Dashboard\\profil\\ubah_profil.tc</property>
  <property name="tag"></property>
  <property name="isOptional">false</property>
</record>
<record>
  <date>2019-09-30T14:18:49</date>
  <millis>1569827929654</millis>
  <sequence>7</sequence>
  <level>INFO</level>
  <class>com.kms.katalon.core.logging.XmlKeywordLogger</class>
  <method>logMessage</method>
  <thread>1</thread>
  <message>nomorhp = 87830815038</message>
  <nestedLevel>1</nestedLevel>
</record>
<record>
  <date>2019-09-30T14:18:49</date>
  <millis>1569827929657</millis>
  <sequence>8</sequence>
  <level>INFO</level>
  <class>com.kms.katalon.core.logging.XmlKeywordLogger</class>
  <method>logMessage</method>
  <thread>1</thread>
  <message>nomorhpexpected = 87830815038</message>
  <nestedLevel>1</nestedLevel>
</record>
<record>
  <date>2019-09-30T14:18:49</date>
  <millis>1569827929659</millis>
  <sequence>9</sequence>
  <level>INFO</level>
  <class>com.kms.katalon.core.logging.XmlKeywordLogger</class>
  <method>logMessage</method>
  <thread>1</thread>
  <message>alamat = jl nuri 30</message>
  <nestedLevel>1</nestedLevel>
</record>
<record>
  <date>2019-09-30T14:18:49</date>
  <millis>1569827929660</millis>
  <sequence>10</sequence>
  <level>INFO</level>
  <class>com.kms.katalon.core.logging.XmlKeywordLogger</class>
  <method>logMessage</method>
  <thread>1</thread>
  <message>alamatexpected = jl nuri 30</message>
  <nestedLevel>1</nestedLevel>
</record>
<record>
  <date>2019-09-30T14:18:49</date>
  <millis>1569827929664</millis>
  <sequence>11</sequence>
  <level>INFO</level>
  <class>com.kms.katalon.core.logging.XmlKeywordLogger</class>
  <method>logMessage</method>
  <thread>1</thread>
  <message>pekerjaan = dokter</message>
  <nestedLevel>1</nestedLevel>
</record>
<record>
  <date>2019-09-30T14:18:49</date>
  <millis>1569827929665</millis>
  <sequence>12</sequence>
  <level>INFO</level>
  <class>com.kms.katalon.core.logging.XmlKeywordLogger</class>
  <method>logMessage</method>
  <thread>1</thread>
  <message>pekerjaanexpected = dokter</message>
  <nestedLevel>1</nestedLevel>
</record>
<record>
  <date>2019-09-30T14:18:49</date>
  <millis>1569827929666</millis>
  <sequence>13</sequence>
  <level>INFO</level>
  <class>com.kms.katalon.core.logging.XmlKeywordLogger</class>
  <method>logMessage</method>
  <thread>1</thread>
  <message>expected = passed</message>
  <nestedLevel>1</nestedLevel>
</record>
<record>
  <date>2019-09-30T14:18:50</date>
  <millis>1569827930487</millis>
  <sequence>14</sequence>
  <level>START</level>
  <class>com.kms.katalon.core.logging.XmlKeywordLogger</class>
  <method>startKeyword</method>
  <thread>1</thread>
  <message>Start action : startApplication(\&amp;quot;C:\\Users\\Intan\\git\\ACCBid-Mobile\\accbid.apk\&amp;quot;, false)</message>
  <nestedLevel>1</nestedLevel>
  <property name="startLine">18</property>
  <property name="stepIndex">1</property>
</record>
<record>
  <date>2019-09-30T14:19:00</date>
  <millis>1569827940119</millis>
  <sequence>16</sequence>
  <level>INFO</level>
  <class>com.kms.katalon.core.logging.XmlKeywordLogger</class>
  <method>logMessage</method>
  <thread>1</thread>
  <message>Appium server started on port 65,529</message>
  <nestedLevel>1</nestedLevel>
</record>
<record>
  <date>2019-09-30T14:19:27</date>
  <millis>1569827967724</millis>
  <sequence>18</sequence>
  <level>RUN_DATA</level>
  <class>com.kms.katalon.core.logging.XmlKeywordLogger</class>
  <method>logMessage</method>
  <thread>1</thread>
  <message>appiumVersion = 1.8.1</message>
  <nestedLevel>1</nestedLevel>
  <property name="appiumVersion">1.8.1</property>
</record>
<record>
  <date>2019-09-30T14:19:27</date>
  <millis>1569827967725</millis>
  <sequence>19</sequence>
  <level>RUN_DATA</level>
  <class>com.kms.katalon.core.logging.XmlKeywordLogger</class>
  <method>logMessage</method>
  <thread>1</thread>
  <message>appiumServerStatus = {\&amp;quot;value\&amp;quot;:{\&amp;quot;build\&amp;quot;:{\&amp;quot;version\&amp;quot;:\&amp;quot;1.8.1\&amp;quot;,\&amp;quot;revision\&amp;quot;:null}}}</message>
  <nestedLevel>1</nestedLevel>
  <property name="appiumServerStatus">{\&quot;value\&quot;:{\&quot;build\&quot;:{\&quot;version\&quot;:\&quot;1.8.1\&quot;,\&quot;revision\&quot;:null}}}</property>
</record>
<record>
  <date>2019-09-30T14:19:27</date>
  <millis>1569827967783</millis>
  <sequence>20</sequence>
  <level>RUN_DATA</level>
  <class>com.kms.katalon.core.logging.XmlKeywordLogger</class>
  <method>logMessage</method>
  <thread>1</thread>
  <message>deviceId = emulator-5554</message>
  <nestedLevel>1</nestedLevel>
  <property name="deviceId">emulator-5554</property>
</record>
<record>
  <date>2019-09-30T14:19:27</date>
  <millis>1569827967784</millis>
  <sequence>21</sequence>
  <level>RUN_DATA</level>
  <class>com.kms.katalon.core.logging.XmlKeywordLogger</class>
  <method>logMessage</method>
  <thread>1</thread>
  <message>deviceName = emulator-5554 (Android SDK built for x86 - Android 9)</message>
  <nestedLevel>1</nestedLevel>
  <property name="deviceName">emulator-5554 (Android SDK built for x86 - Android 9)</property>
</record>
<record>
  <date>2019-09-30T14:19:27</date>
  <millis>1569827967785</millis>
  <sequence>22</sequence>
  <level>RUN_DATA</level>
  <class>com.kms.katalon.core.logging.XmlKeywordLogger</class>
  <method>logMessage</method>
  <thread>1</thread>
  <message>deviceModel = Android SDK built for x86</message>
  <nestedLevel>1</nestedLevel>
  <property name="deviceModel">Android SDK built for x86</property>
</record>
<record>
  <date>2019-09-30T14:19:27</date>
  <millis>1569827967786</millis>
  <sequence>23</sequence>
  <level>RUN_DATA</level>
  <class>com.kms.katalon.core.logging.XmlKeywordLogger</class>
  <method>logMessage</method>
  <thread>1</thread>
  <message>deviceManufacturer = Google</message>
  <nestedLevel>1</nestedLevel>
  <property name="deviceManufacturer">Google</property>
</record>
<record>
  <date>2019-09-30T14:19:27</date>
  <millis>1569827967787</millis>
  <sequence>24</sequence>
  <level>RUN_DATA</level>
  <class>com.kms.katalon.core.logging.XmlKeywordLogger</class>
  <method>logMessage</method>
  <thread>1</thread>
  <message>deviceOS = Android</message>
  <nestedLevel>1</nestedLevel>
  <property name="deviceOS">Android</property>
</record>
<record>
  <date>2019-09-30T14:19:27</date>
  <millis>1569827967788</millis>
  <sequence>25</sequence>
  <level>RUN_DATA</level>
  <class>com.kms.katalon.core.logging.XmlKeywordLogger</class>
  <method>logMessage</method>
  <thread>1</thread>
  <message>deviceOSVersion = 9</message>
  <nestedLevel>1</nestedLevel>
  <property name="deviceOSVersion">9</property>
</record>
<record>
  <date>2019-09-30T14:19:27</date>
  <millis>1569827967826</millis>
  <sequence>26</sequence>
  <level>PASSED</level>
  <class>com.kms.katalon.core.logging.XmlKeywordLogger</class>
  <method>logMessage</method>
  <thread>1</thread>
  <message>Started app at: &amp;apos;C:\\Users\\Intan\\git\\ACCBid-Mobile\\accbid.apk&amp;apos;</message>
  <nestedLevel>1</nestedLevel>
</record>
<record>
  <date>2019-09-30T14:19:27</date>
  <millis>1569827967827</millis>
  <sequence>27</sequence>
  <level>END</level>
  <class>com.kms.katalon.core.logging.XmlKeywordLogger</class>
  <method>endKeyword</method>
  <thread>1</thread>
  <message>End action : startApplication(\&amp;quot;C:\\Users\\Intan\\git\\ACCBid-Mobile\\accbid.apk\&amp;quot;, false)</message>
  <nestedLevel>1</nestedLevel>
</record>
<record>
  <date>2019-09-30T14:19:27</date>
  <millis>1569827967827</millis>
  <sequence>28</sequence>
  <level>START</level>
  <class>com.kms.katalon.core.logging.XmlKeywordLogger</class>
  <method>startKeyword</method>
  <thread>1</thread>
  <message>Start action : tap(findTestObject(\&amp;quot;akun\&amp;quot;), 0)</message>
  <nestedLevel>1</nestedLevel>
  <property name="startLine">20</property>
  <property name="stepIndex">2</property>
</record>
<record>
  <date>2019-09-30T14:19:28</date>
  <millis>1569827968325</millis>
  <sequence>32</sequence>
  <level>WARNING</level>
  <class>com.kms.katalon.core.logging.XmlKeywordLogger</class>
  <method>logMessage</method>
  <thread>1</thread>
  <message>Timeout &amp;apos;0&amp;apos; is invalid. Using default page load timeout: &amp;apos;60&amp;apos;</message>
  <nestedLevel>1</nestedLevel>
</record>
<record>
  <date>2019-09-30T14:19:45</date>
  <millis>1569827985259</millis>
  <sequence>33</sequence>
  <level>PASSED</level>
  <class>com.kms.katalon.core.logging.XmlKeywordLogger</class>
  <method>logMessage</method>
  <thread>1</thread>
  <message>Tapped on element &amp;apos;Object Repository/akun&amp;apos;</message>
  <nestedLevel>1</nestedLevel>
</record>
<record>
  <date>2019-09-30T14:19:45</date>
  <millis>1569827985260</millis>
  <sequence>34</sequence>
  <level>END</level>
  <class>com.kms.katalon.core.logging.XmlKeywordLogger</class>
  <method>endKeyword</method>
  <thread>1</thread>
  <message>End action : tap(findTestObject(\&amp;quot;akun\&amp;quot;), 0)</message>
  <nestedLevel>1</nestedLevel>
</record>
<record>
  <date>2019-09-30T14:19:45</date>
  <millis>1569827985261</millis>
  <sequence>35</sequence>
  <level>START</level>
  <class>com.kms.katalon.core.logging.XmlKeywordLogger</class>
  <method>startKeyword</method>
  <thread>1</thread>
  <message>Start action : delay(5, STOP_ON_FAILURE)</message>
  <nestedLevel>1</nestedLevel>
  <property name="startLine">22</property>
  <property name="stepIndex">3</property>
</record>
<record>
  <date>2019-09-30T14:19:50</date>
  <millis>1569827990324</millis>
  <sequence>37</sequence>
  <level>PASSED</level>
  <class>com.kms.katalon.core.logging.XmlKeywordLogger</class>
  <method>logMessage</method>
  <thread>1</thread>
  <message>Delayed 5 second(s)</message>
  <nestedLevel>1</nestedLevel>
</record>
<record>
  <date>2019-09-30T14:19:50</date>
  <millis>1569827990325</millis>
  <sequence>38</sequence>
  <level>END</level>
  <class>com.kms.katalon.core.logging.XmlKeywordLogger</class>
  <method>endKeyword</method>
  <thread>1</thread>
  <message>End action : delay(5, STOP_ON_FAILURE)</message>
  <nestedLevel>1</nestedLevel>
</record>
<record>
  <date>2019-09-30T14:19:50</date>
  <millis>1569827990326</millis>
  <sequence>39</sequence>
  <level>START</level>
  <class>com.kms.katalon.core.logging.XmlKeywordLogger</class>
  <method>startKeyword</method>
  <thread>1</thread>
  <message>Start action : tap(findTestObject(\&amp;quot;lihatprofil\&amp;quot;), 0)</message>
  <nestedLevel>1</nestedLevel>
  <property name="startLine">24</property>
  <property name="stepIndex">4</property>
</record>
<record>
  <date>2019-09-30T14:19:50</date>
  <millis>1569827990510</millis>
  <sequence>43</sequence>
  <level>WARNING</level>
  <class>com.kms.katalon.core.logging.XmlKeywordLogger</class>
  <method>logMessage</method>
  <thread>1</thread>
  <message>Timeout &amp;apos;0&amp;apos; is invalid. Using default page load timeout: &amp;apos;60&amp;apos;</message>
  <nestedLevel>1</nestedLevel>
</record>
<record>
  <date>2019-09-30T14:19:51</date>
  <millis>1569827991724</millis>
  <sequence>44</sequence>
  <level>PASSED</level>
  <class>com.kms.katalon.core.logging.XmlKeywordLogger</class>
  <method>logMessage</method>
  <thread>1</thread>
  <message>Tapped on element &amp;apos;Object Repository/lihatprofil&amp;apos;</message>
  <nestedLevel>1</nestedLevel>
</record>
<record>
  <date>2019-09-30T14:19:51</date>
  <millis>1569827991725</millis>
  <sequence>45</sequence>
  <level>END</level>
  <class>com.kms.katalon.core.logging.XmlKeywordLogger</class>
  <method>endKeyword</method>
  <thread>1</thread>
  <message>End action : tap(findTestObject(\&amp;quot;lihatprofil\&amp;quot;), 0)</message>
  <nestedLevel>1</nestedLevel>
</record>
<record>
  <date>2019-09-30T14:19:51</date>
  <millis>1569827991725</millis>
  <sequence>46</sequence>
  <level>START</level>
  <class>com.kms.katalon.core.logging.XmlKeywordLogger</class>
  <method>startKeyword</method>
  <thread>1</thread>
  <message>Start action : tap(findTestObject(\&amp;quot;ubah_profil\&amp;quot;), 0)</message>
  <nestedLevel>1</nestedLevel>
  <property name="startLine">26</property>
  <property name="stepIndex">5</property>
</record>
<record>
  <date>2019-09-30T14:19:51</date>
  <millis>1569827991885</millis>
  <sequence>50</sequence>
  <level>WARNING</level>
  <class>com.kms.katalon.core.logging.XmlKeywordLogger</class>
  <method>logMessage</method>
  <thread>1</thread>
  <message>Timeout &amp;apos;0&amp;apos; is invalid. Using default page load timeout: &amp;apos;60&amp;apos;</message>
  <nestedLevel>1</nestedLevel>
</record>
<record>
  <date>2019-09-30T14:19:56</date>
  <millis>1569827996177</millis>
  <sequence>51</sequence>
  <level>PASSED</level>
  <class>com.kms.katalon.core.logging.XmlKeywordLogger</class>
  <method>logMessage</method>
  <thread>1</thread>
  <message>Tapped on element &amp;apos;Object Repository/ubah_profil&amp;apos;</message>
  <nestedLevel>1</nestedLevel>
</record>
<record>
  <date>2019-09-30T14:19:56</date>
  <millis>1569827996178</millis>
  <sequence>52</sequence>
  <level>END</level>
  <class>com.kms.katalon.core.logging.XmlKeywordLogger</class>
  <method>endKeyword</method>
  <thread>1</thread>
  <message>End action : tap(findTestObject(\&amp;quot;ubah_profil\&amp;quot;), 0)</message>
  <nestedLevel>1</nestedLevel>
</record>
<record>
  <date>2019-09-30T14:19:56</date>
  <millis>1569827996178</millis>
  <sequence>53</sequence>
  <level>START</level>
  <class>com.kms.katalon.core.logging.XmlKeywordLogger</class>
  <method>startKeyword</method>
  <thread>1</thread>
  <message>Start action : tap(findTestObject(\&amp;quot;ubahnomorhandphone\&amp;quot;), 0)</message>
  <nestedLevel>1</nestedLevel>
  <property name="startLine">28</property>
  <property name="stepIndex">6</property>
</record>
<record>
  <date>2019-09-30T14:19:56</date>
  <millis>1569827996295</millis>
  <sequence>57</sequence>
  <level>WARNING</level>
  <class>com.kms.katalon.core.logging.XmlKeywordLogger</class>
  <method>logMessage</method>
  <thread>1</thread>
  <message>Timeout &amp;apos;0&amp;apos; is invalid. Using default page load timeout: &amp;apos;60&amp;apos;</message>
  <nestedLevel>1</nestedLevel>
</record>
<record>
  <date>2019-09-30T14:21:00</date>
  <millis>1569828060906</millis>
  <sequence>60</sequence>
  <level>END</level>
  <class>com.kms.katalon.core.logging.XmlKeywordLogger</class>
  <method>endKeyword</method>
  <thread>1</thread>
  <message>End action : tap(findTestObject(\&amp;quot;ubahnomorhandphone\&amp;quot;), 0)</message>
  <nestedLevel>1</nestedLevel>
</record>
<record>
  <date>2019-09-30T14:21:00</date>
  <millis>1569828060935</millis>
  <sequence>63</sequence>
  <level>ERROR</level>
  <class>com.kms.katalon.core.logging.XmlKeywordLogger</class>
  <method>logMessage</method>
  <thread>1</thread>
  <message>Test Cases/Dashboard/profil/ubah_profil FAILED.\nReason:\nio.appium.java_client.NoSuchContextException: An unknown server-side error occurred while processing the command. Original error: Error executing adbExec. Original error: &amp;apos;Command &amp;apos;C\\:\\\\Users\\\\Intan\\\\.katalon\\\\tools\\\\android_sdk\\\\platform-tools\\\\adb.exe -P 5037 -s emulator-5554 shell cat /proc/net/unix&amp;apos; exited with code 1&amp;apos;; Stderr: &amp;apos;error: device &amp;apos;emulator-5554&amp;apos; not found&amp;apos;; Code: &amp;apos;1&amp;apos;\nBuild info: version: &amp;apos;3.141.59&amp;apos;, revision: &amp;apos;e82be7d358&amp;apos;, time: &amp;apos;2018-11-14T08:25:53&amp;apos;\nSystem info: host: &amp;apos;DESKTOP-LI63HGC&amp;apos;, ip: &amp;apos;192.168.160.2&amp;apos;, os.name: &amp;apos;Windows 10&amp;apos;, os.arch: &amp;apos;amd64&amp;apos;, os.version: &amp;apos;10.0&amp;apos;, java.version: &amp;apos;1.8.0_181&amp;apos;\nDriver info: com.kms.katalon.core.appium.driver.SwipeableAndroidDriver\nCapabilities {app: C:\\Users\\Intan\\git\\ACCBid-M..., appPackage: com.outsystemsenterprise.ac..., autoGrantPermissions: true, automationName: uiautomator2, databaseEnabled: false, desired: {app: C:\\Users\\Intan\\git\\ACCBid-M..., autoGrantPermissions: true, automationName: uiautomator2, deviceName: emulator-5554 (Android SDK ..., fullReset: false, newCommandTimeout: 1800, noReset: true, platform: ANDROID, platformName: android, platformVersion: 9, systemPort: 65528, udid: emulator-5554}, deviceApiLevel: 28, deviceManufacturer: Google, deviceModel: Android SDK built for x86, deviceName: emulator-5554, deviceScreenDensity: 440, deviceScreenSize: 1080x2160, deviceUDID: emulator-5554, fullReset: false, javascriptEnabled: true, locationContextEnabled: false, networkConnectionEnabled: true, newCommandTimeout: 1800, noReset: true, pixelRatio: 2.75, platform: ANDROID, platformName: Android, platformVersion: 9, statBarHeight: 66, systemPort: 65528, takesScreenshot: true, udid: emulator-5554, viewportRect: {height: 1962, left: 0, top: 66, width: 1080}, warnings: {}, webStorageEnabled: false}\nSession ID: 958152ad-b18b-4785-ae15-bbd4e42c5cda\r\n\tat io.appium.java_client.AppiumDriver.context(AppiumDriver.java:201)\r\n\tat com.kms.katalon.core.mobile.helper.MobileScreenCaptor.take(MobileScreenCaptor.java:47)\r\n\tat com.kms.katalon.core.helper.screenshot.ScreenCaptor.takeScreenshotAndGetAttributes(ScreenCaptor.java:37)\r\n\tat com.kms.katalon.core.mobile.keyword.internal.MobileKeywordMain.stepFailed(MobileKeywordMain.groovy:40)\r\n\tat com.kms.katalon.core.mobile.keyword.internal.MobileKeywordMain.runKeyword(MobileKeywordMain.groovy:23)\r\n\tat com.kms.katalon.core.mobile.keyword.builtin.TapKeyword.tap(TapKeyword.groovy:86)\r\n\tat com.kms.katalon.core.mobile.keyword.builtin.TapKeyword.execute(TapKeyword.groovy:68)\r\n\tat com.kms.katalon.core.keyword.internal.KeywordExecutor.executeKeywordForPlatform(KeywordExecutor.groovy:56)\r\n\tat com.kms.katalon.core.mobile.keyword.MobileBuiltInKeywords.tap(MobileBuiltInKeywords.groovy:520)\r\n\tat com.kms.katalon.core.mobile.keyword.MobileBuiltInKeywords$tap$0.call(Unknown Source)\r\n\tat ubah_profil.run(ubah_profil:28)\r\n\tat com.kms.katalon.core.main.ScriptEngine.run(ScriptEngine.java:194)\r\n\tat com.kms.katalon.core.main.ScriptEngine.runScriptAsRawText(ScriptEngine.java:119)\r\n\tat com.kms.katalon.core.main.TestCaseExecutor.runScript(TestCaseExecutor.java:337)\r\n\tat com.kms.katalon.core.main.TestCaseExecutor.doExecute(TestCaseExecutor.java:328)\r\n\tat com.kms.katalon.core.main.TestCaseExecutor.processExecutionPhase(TestCaseExecutor.java:307)\r\n\tat com.kms.katalon.core.main.TestCaseExecutor.accessMainPhase(TestCaseExecutor.java:299)\r\n\tat com.kms.katalon.core.main.TestCaseExecutor.execute(TestCaseExecutor.java:233)\r\n\tat com.kms.katalon.core.main.TestSuiteExecutor.accessTestCaseMainPhase(TestSuiteExecutor.java:169)\r\n\tat com.kms.katalon.core.main.TestSuiteExecutor.accessTestSuiteMainPhase(TestSuiteExecutor.java:142)\r\n\tat com.kms.katalon.core.main.TestSuiteExecutor.execute(TestSuiteExecutor.java:91)\r\n\tat com.kms.katalon.core.main.TestCaseMain.startTestSuite(TestCaseMain.java:157)\r\n\tat com.kms.katalon.core.main.TestCaseMain$startTestSuite$0.call(Unknown Source)\r\n\tat TempTestSuite1569827924696.run(TempTestSuite1569827924696.groovy:35)\r\nCaused by: org.openqa.selenium.WebDriverException: An unknown server-side error occurred while processing the command. Original error: Error executing adbExec. Original error: &amp;apos;Command &amp;apos;C\\:\\\\Users\\\\Intan\\\\.katalon\\\\tools\\\\android_sdk\\\\platform-tools\\\\adb.exe -P 5037 -s emulator-5554 shell cat /proc/net/unix&amp;apos; exited with code 1&amp;apos;; Stderr: &amp;apos;error: device &amp;apos;emulator-5554&amp;apos; not found&amp;apos;; Code: &amp;apos;1&amp;apos;\nBuild info: version: &amp;apos;3.141.59&amp;apos;, revision: &amp;apos;e82be7d358&amp;apos;, time: &amp;apos;2018-11-14T08:25:53&amp;apos;\nSystem info: host: &amp;apos;DESKTOP-LI63HGC&amp;apos;, ip: &amp;apos;192.168.160.2&amp;apos;, os.name: &amp;apos;Windows 10&amp;apos;, os.arch: &amp;apos;amd64&amp;apos;, os.version: &amp;apos;10.0&amp;apos;, java.version: &amp;apos;1.8.0_181&amp;apos;\nDriver info: com.kms.katalon.core.appium.driver.SwipeableAndroidDriver\nCapabilities {app: C:\\Users\\Intan\\git\\ACCBid-M..., appPackage: com.outsystemsenterprise.ac..., autoGrantPermissions: true, automationName: uiautomator2, databaseEnabled: false, desired: {app: C:\\Users\\Intan\\git\\ACCBid-M..., autoGrantPermissions: true, automationName: uiautomator2, deviceName: emulator-5554 (Android SDK ..., fullReset: false, newCommandTimeout: 1800, noReset: true, platform: ANDROID, platformName: android, platformVersion: 9, systemPort: 65528, udid: emulator-5554}, deviceApiLevel: 28, deviceManufacturer: Google, deviceModel: Android SDK built for x86, deviceName: emulator-5554, deviceScreenDensity: 440, deviceScreenSize: 1080x2160, deviceUDID: emulator-5554, fullReset: false, javascriptEnabled: true, locationContextEnabled: false, networkConnectionEnabled: true, newCommandTimeout: 1800, noReset: true, pixelRatio: 2.75, platform: ANDROID, platformName: Android, platformVersion: 9, statBarHeight: 66, systemPort: 65528, takesScreenshot: true, udid: emulator-5554, viewportRect: {height: 1962, left: 0, top: 66, width: 1080}, warnings: {}, webStorageEnabled: false}\nSession ID: 958152ad-b18b-4785-ae15-bbd4e42c5cda\r\n\tat org.openqa.selenium.remote.http.W3CHttpResponseCodec.createException(W3CHttpResponseCodec.java:187)\r\n\tat org.openqa.selenium.remote.http.W3CHttpResponseCodec.decode(W3CHttpResponseCodec.java:122)\r\n\tat org.openqa.selenium.remote.http.W3CHttpResponseCodec.decode(W3CHttpResponseCodec.java:49)\r\n\tat org.openqa.selenium.remote.HttpCommandExecutor.execute(HttpCommandExecutor.java:158)\r\n\tat io.appium.java_client.remote.AppiumCommandExecutor.execute(AppiumCommandExecutor.java:239)\r\n\tat org.openqa.selenium.remote.RemoteWebDriver.execute(RemoteWebDriver.java:552)\r\n\tat io.appium.java_client.DefaultGenericMobileDriver.execute(DefaultGenericMobileDriver.java:42)\r\n\tat io.appium.java_client.AppiumDriver.execute(AppiumDriver.java:1)\r\n\tat io.appium.java_client.android.AndroidDriver.execute(AndroidDriver.java:1)\r\n\tat com.kms.katalon.core.appium.driver.SwipeableAndroidDriver.execute(SwipeableAndroidDriver.java:1)\r\n\tat io.appium.java_client.AppiumDriver.context(AppiumDriver.java:198)\r\n\tat com.kms.katalon.core.mobile.helper.MobileScreenCaptor.take(MobileScreenCaptor.java:47)\r\n\tat com.kms.katalon.core.helper.screenshot.ScreenCaptor.takeScreenshotAndGetAttributes(ScreenCaptor.java:37)\r\n\tat com.kms.katalon.core.mobile.keyword.internal.MobileKeywordMain.stepFailed(MobileKeywordMain.groovy:40)\r\n\tat com.kms.katalon.core.mobile.keyword.internal.MobileKeywordMain.runKeyword(MobileKeywordMain.groovy:23)\r\n\tat com.kms.katalon.core.mobile.keyword.builtin.TapKeyword.tap(TapKeyword.groovy:86)\r\n\tat com.kms.katalon.core.mobile.keyword.builtin.TapKeyword.execute(TapKeyword.groovy:68)\r\n\tat com.kms.katalon.core.keyword.internal.KeywordExecutor.executeKeywordForPlatform(KeywordExecutor.groovy:56)\r\n\tat com.kms.katalon.core.mobile.keyword.MobileBuiltInKeywords.tap(MobileBuiltInKeywords.groovy:520)\r\n\tat com.kms.katalon.core.mobile.keyword.MobileBuiltInKeywords$tap$0.call(Unknown Source)\r\n\tat Script1567247843821.run(Script1567247843821.groovy:28)\r\n\t... 13 more\r\n</message>
  <exception>
    <message>io.appium.java_client.NoSuchContextException: An unknown server-side error occurred while processing the command. Original error: Error executing adbExec. Original error: 'Command 'C\:\\Users\\Intan\\.katalon\\tools\\android_sdk\\platform-tools\\adb.exe -P 5037 -s emulator-5554 shell cat /proc/net/unix' exited with code 1'; Stderr: 'error: device 'emulator-5554' not found'; Code: '1'
Build info: version: '3.141.59', revision: 'e82be7d358', time: '2018-11-14T08:25:53'
System info: host: 'DESKTOP-LI63HGC', ip: '192.168.160.2', os.name: 'Windows 10', os.arch: 'amd64', os.version: '10.0', java.version: '1.8.0_181'
Driver info: com.kms.katalon.core.appium.driver.SwipeableAndroidDriver
Capabilities {app: C:\Users\Intan\git\ACCBid-M..., appPackage: com.outsystemsenterprise.ac..., autoGrantPermissions: true, automationName: uiautomator2, databaseEnabled: false, desired: {app: C:\Users\Intan\git\ACCBid-M..., autoGrantPermissions: true, automationName: uiautomator2, deviceName: emulator-5554 (Android SDK ..., fullReset: false, newCommandTimeout: 1800, noReset: true, platform: ANDROID, platformName: android, platformVersion: 9, systemPort: 65528, udid: emulator-5554}, deviceApiLevel: 28, deviceManufacturer: Google, deviceModel: Android SDK built for x86, deviceName: emulator-5554, deviceScreenDensity: 440, deviceScreenSize: 1080x2160, deviceUDID: emulator-5554, fullReset: false, javascriptEnabled: true, locationContextEnabled: false, networkConnectionEnabled: true, newCommandTimeout: 1800, noReset: true, pixelRatio: 2.75, platform: ANDROID, platformName: Android, platformVersion: 9, statBarHeight: 66, systemPort: 65528, takesScreenshot: true, udid: emulator-5554, viewportRect: {height: 1962, left: 0, top: 66, width: 1080}, warnings: {}, webStorageEnabled: false}
Session ID: 958152ad-b18b-4785-ae15-bbd4e42c5cda</message>
    <frame>
      <class>io.appium.java_client.AppiumDriver</class>
      <method>context</method>
      <line>201</line>
    </frame>
    <frame>
      <class>com.kms.katalon.core.mobile.helper.MobileScreenCaptor</class>
      <method>take</method>
      <line>47</line>
    </frame>
    <frame>
      <class>com.kms.katalon.core.helper.screenshot.ScreenCaptor</class>
      <method>takeScreenshotAndGetAttributes</method>
      <line>37</line>
    </frame>
    <frame>
      <class>com.kms.katalon.core.mobile.keyword.internal.MobileKeywordMain</class>
      <method>stepFailed</method>
      <line>40</line>
    </frame>
    <frame>
      <class>com.kms.katalon.core.mobile.keyword.internal.MobileKeywordMain</class>
      <method>runKeyword</method>
      <line>23</line>
    </frame>
    <frame>
      <class>com.kms.katalon.core.mobile.keyword.builtin.TapKeyword</class>
      <method>tap</method>
      <line>86</line>
    </frame>
    <frame>
      <class>com.kms.katalon.core.mobile.keyword.builtin.TapKeyword</class>
      <method>execute</method>
      <line>68</line>
    </frame>
    <frame>
      <class>com.kms.katalon.core.keyword.internal.KeywordExecutor</class>
      <method>executeKeywordForPlatform</method>
      <line>56</line>
    </frame>
    <frame>
      <class>com.kms.katalon.core.mobile.keyword.MobileBuiltInKeywords</class>
      <method>tap</method>
      <line>520</line>
    </frame>
    <frame>
      <class>com.kms.katalon.core.mobile.keyword.MobileBuiltInKeywords$tap$0</class>
      <method>call</method>
    </frame>
    <frame>
      <class>ubah_profil</class>
      <method>run</method>
      <line>28</line>
    </frame>
    <frame>
      <class>com.kms.katalon.core.main.ScriptEngine</class>
      <method>run</method>
      <line>194</line>
    </frame>
    <frame>
      <class>com.kms.katalon.core.main.ScriptEngine</class>
      <method>runScriptAsRawText</method>
      <line>119</line>
    </frame>
    <frame>
      <class>com.kms.katalon.core.main.TestCaseExecutor</class>
      <method>runScript</method>
      <line>337</line>
    </frame>
    <frame>
      <class>com.kms.katalon.core.main.TestCaseExecutor</class>
      <method>doExecute</method>
      <line>328</line>
    </frame>
    <frame>
      <class>com.kms.katalon.core.main.TestCaseExecutor</class>
      <method>processExecutionPhase</method>
      <line>307</line>
    </frame>
    <frame>
      <class>com.kms.katalon.core.main.TestCaseExecutor</class>
      <method>accessMainPhase</method>
      <line>299</line>
    </frame>
    <frame>
      <class>com.kms.katalon.core.main.TestCaseExecutor</class>
      <method>execute</method>
      <line>233</line>
    </frame>
    <frame>
      <class>com.kms.katalon.core.main.TestSuiteExecutor</class>
      <method>accessTestCaseMainPhase</method>
      <line>169</line>
    </frame>
    <frame>
      <class>com.kms.katalon.core.main.TestSuiteExecutor</class>
      <method>accessTestSuiteMainPhase</method>
      <line>142</line>
    </frame>
    <frame>
      <class>com.kms.katalon.core.main.TestSuiteExecutor</class>
      <method>execute</method>
      <line>91</line>
    </frame>
    <frame>
      <class>com.kms.katalon.core.main.TestCaseMain</class>
      <method>startTestSuite</method>
      <line>157</line>
    </frame>
    <frame>
      <class>com.kms.katalon.core.main.TestCaseMain$startTestSuite$0</class>
      <method>call</method>
    </frame>
    <frame>
      <class>TempTestSuite1569827924696</class>
      <method>run</method>
      <line>35</line>
    </frame>
  </exception>
  <nestedLevel>0</nestedLevel>
  <property name="failed.exception.stacktrace">org.openqa.selenium.WebDriverException: An unknown server-side error occurred while processing the command. Original error: Error executing adbExec. Original error: &apos;Command &apos;C\\:\\\\Users\\\\Intan\\\\.katalon\\\\tools\\\\android_sdk\\\\platform-tools\\\\adb.exe -P 5037 -s emulator-5554 shell cat /proc/net/unix&apos; exited with code 1&apos;; Stderr: &apos;error: device &apos;emulator-5554&apos; not found&apos;; Code: &apos;1&apos;\nBuild info: version: &apos;3.141.59&apos;, revision: &apos;e82be7d358&apos;, time: &apos;2018-11-14T08:25:53&apos;\nSystem info: host: &apos;DESKTOP-LI63HGC&apos;, ip: &apos;192.168.160.2&apos;, os.name: &apos;Windows 10&apos;, os.arch: &apos;amd64&apos;, os.version: &apos;10.0&apos;, java.version: &apos;1.8.0_181&apos;\nDriver info: com.kms.katalon.core.appium.driver.SwipeableAndroidDriver\nCapabilities {app: C:\\Users\\Intan\\git\\ACCBid-M..., appPackage: com.outsystemsenterprise.ac..., autoGrantPermissions: true, automationName: uiautomator2, databaseEnabled: false, desired: {app: C:\\Users\\Intan\\git\\ACCBid-M..., autoGrantPermissions: true, automationName: uiautomator2, deviceName: emulator-5554 (Android SDK ..., fullReset: false, newCommandTimeout: 1800, noReset: true, platform: ANDROID, platformName: android, platformVersion: 9, systemPort: 65528, udid: emulator-5554}, deviceApiLevel: 28, deviceManufacturer: Google, deviceModel: Android SDK built for x86, deviceName: emulator-5554, deviceScreenDensity: 440, deviceScreenSize: 1080x2160, deviceUDID: emulator-5554, fullReset: false, javascriptEnabled: true, locationContextEnabled: false, networkConnectionEnabled: true, newCommandTimeout: 1800, noReset: true, pixelRatio: 2.75, platform: ANDROID, platformName: Android, platformVersion: 9, statBarHeight: 66, systemPort: 65528, takesScreenshot: true, udid: emulator-5554, viewportRect: {height: 1962, left: 0, top: 66, width: 1080}, warnings: {}, webStorageEnabled: false}\nSession ID: 958152ad-b18b-4785-ae15-bbd4e42c5cda\r\n\tat org.openqa.selenium.remote.http.W3CHttpResponseCodec.createException(W3CHttpResponseCodec.java:187)\r\n\tat org.openqa.selenium.remote.http.W3CHttpResponseCodec.decode(W3CHttpResponseCodec.java:122)\r\n\tat org.openqa.selenium.remote.http.W3CHttpResponseCodec.decode(W3CHttpResponseCodec.java:49)\r\n\tat org.openqa.selenium.remote.HttpCommandExecutor.execute(HttpCommandExecutor.java:158)\r\n\tat io.appium.java_client.remote.AppiumCommandExecutor.execute(AppiumCommandExecutor.java:239)\r\n\tat org.openqa.selenium.remote.RemoteWebDriver.execute(RemoteWebDriver.java:552)\r\n\tat io.appium.java_client.DefaultGenericMobileDriver.execute(DefaultGenericMobileDriver.java:42)\r\n\tat io.appium.java_client.AppiumDriver.execute(AppiumDriver.java:1)\r\n\tat io.appium.java_client.android.AndroidDriver.execute(AndroidDriver.java:1)\r\n\tat com.kms.katalon.core.appium.driver.SwipeableAndroidDriver.execute(SwipeableAndroidDriver.java:1)\r\n\tat io.appium.java_client.AppiumDriver.context(AppiumDriver.java:198)\r\n\tat com.kms.katalon.core.mobile.helper.MobileScreenCaptor.take(MobileScreenCaptor.java:47)\r\n\tat com.kms.katalon.core.helper.screenshot.ScreenCaptor.takeScreenshotAndGetAttributes(ScreenCaptor.java:37)\r\n\tat com.kms.katalon.core.mobile.keyword.internal.MobileKeywordMain.stepFailed(MobileKeywordMain.groovy:40)\r\n\tat com.kms.katalon.core.mobile.keyword.internal.MobileKeywordMain.runKeyword(MobileKeywordMain.groovy:23)\r\n\tat com.kms.katalon.core.mobile.keyword.builtin.TapKeyword.tap(TapKeyword.groovy:86)\r\n\tat com.kms.katalon.core.mobile.keyword.builtin.TapKeyword.execute(TapKeyword.groovy:68)\r\n\tat com.kms.katalon.core.keyword.internal.KeywordExecutor.executeKeywordForPlatform(KeywordExecutor.groovy:56)\r\n\tat com.kms.katalon.core.mobile.keyword.MobileBuiltInKeywords.tap(MobileBuiltInKeywords.groovy:520)\r\n\tat com.kms.katalon.core.mobile.keyword.MobileBuiltInKeywords$tap$0.call(Unknown Source)\r\n\tat ubah_profil.run(ubah_profil:28)\r\n\tat com.kms.katalon.core.main.ScriptEngine.run(ScriptEngine.java:194)\r\n\tat com.kms.katalon.core.main.ScriptEngine.runScriptAsRawText(ScriptEngine.java:119)\r\n\tat com.kms.katalon.core.main.TestCaseExecutor.runScript(TestCaseExecutor.java:337)\r\n\tat com.kms.katalon.core.main.TestCaseExecutor.doExecute(TestCaseExecutor.java:328)\r\n\tat com.kms.katalon.core.main.TestCaseExecutor.processExecutionPhase(TestCaseExecutor.java:307)\r\n\tat com.kms.katalon.core.main.TestCaseExecutor.accessMainPhase(TestCaseExecutor.java:299)\r\n\tat com.kms.katalon.core.main.TestCaseExecutor.execute(TestCaseExecutor.java:233)\r\n\tat com.kms.katalon.core.main.TestSuiteExecutor.accessTestCaseMainPhase(TestSuiteExecutor.java:169)\r\n\tat com.kms.katalon.core.main.TestSuiteExecutor.accessTestSuiteMainPhase(TestSuiteExecutor.java:142)\r\n\tat com.kms.katalon.core.main.TestSuiteExecutor.execute(TestSuiteExecutor.java:91)\r\n\tat com.kms.katalon.core.main.TestCaseMain.startTestSuite(TestCaseMain.java:157)\r\n\tat com.kms.katalon.core.main.TestCaseMain$startTestSuite$0.call(Unknown Source)\r\n\tat TempTestSuite1569827924696.run(TempTestSuite1569827924696.groovy:35)\r\n</property>
  <property name="failed.exception.class">org.openqa.selenium.WebDriverException</property>
  <property name="failed.exception.message">An unknown server-side error occurred while processing the command. Original error: Error executing adbExec. Original error: &apos;Command &apos;C\\:\\\\Users\\\\Intan\\\\.katalon\\\\tools\\\\android_sdk\\\\platform-tools\\\\adb.exe -P 5037 -s emulator-5554 shell cat /proc/net/unix&apos; exited with code 1&apos;; Stderr: &apos;error: device &apos;emulator-5554&apos; not found&apos;; Code: &apos;1&apos;\nBuild info: version: &apos;3.141.59&apos;, revision: &apos;e82be7d358&apos;, time: &apos;2018-11-14T08:25:53&apos;\nSystem info: host: &apos;DESKTOP-LI63HGC&apos;, ip: &apos;192.168.160.2&apos;, os.name: &apos;Windows 10&apos;, os.arch: &apos;amd64&apos;, os.version: &apos;10.0&apos;, java.version: &apos;1.8.0_181&apos;\nDriver info: com.kms.katalon.core.appium.driver.SwipeableAndroidDriver\nCapabilities {app: C:\\Users\\Intan\\git\\ACCBid-M..., appPackage: com.outsystemsenterprise.ac..., autoGrantPermissions: true, automationName: uiautomator2, databaseEnabled: false, desired: {app: C:\\Users\\Intan\\git\\ACCBid-M..., autoGrantPermissions: true, automationName: uiautomator2, deviceName: emulator-5554 (Android SDK ..., fullReset: false, newCommandTimeout: 1800, noReset: true, platform: ANDROID, platformName: android, platformVersion: 9, systemPort: 65528, udid: emulator-5554}, deviceApiLevel: 28, deviceManufacturer: Google, deviceModel: Android SDK built for x86, deviceName: emulator-5554, deviceScreenDensity: 440, deviceScreenSize: 1080x2160, deviceUDID: emulator-5554, fullReset: false, javascriptEnabled: true, locationContextEnabled: false, networkConnectionEnabled: true, newCommandTimeout: 1800, noReset: true, pixelRatio: 2.75, platform: ANDROID, platformName: Android, platformVersion: 9, statBarHeight: 66, systemPort: 65528, takesScreenshot: true, udid: emulator-5554, viewportRect: {height: 1962, left: 0, top: 66, width: 1080}, warnings: {}, webStorageEnabled: false}\nSession ID: 958152ad-b18b-4785-ae15-bbd4e42c5cda</property>
</record>
<record>
  <date>2019-09-30T14:21:00</date>
  <millis>1569828060956</millis>
  <sequence>65</sequence>
  <level>END</level>
  <class>com.kms.katalon.core.logging.XmlKeywordLogger</class>
  <method>endTest</method>
  <thread>1</thread>
  <message>End Test Case : Test Cases/Dashboard/profil/ubah_profil</message>
  <nestedLevel>0</nestedLevel>
</record>
<record>
  <date>2019-09-30T14:21:03</date>
  <millis>1569828063421</millis>
  <sequence>66</sequence>
  <level>END</level>
  <class>com.kms.katalon.core.logging.XmlKeywordLogger</class>
  <method>endSuite</method>
  <thread>1</thread>
  <message>End Test Suite : Test Suites/masuk/ubah_profil</message>
  <nestedLevel>0</nestedLevel>
</record>
</log>