<?xml version="1.0" encoding="UTF-8" standalone="no"?>
<!DOCTYPE log SYSTEM "logger.dtd">
<log>
<record>
  <date>2019-11-06T09:44:41</date>
  <millis>1573008281572</millis>
  <sequence>0</sequence>
  <level>START</level>
  <class>com.kms.katalon.core.logging.XmlKeywordLogger</class>
  <method>startSuite</method>
  <thread>1</thread>
  <message>Start Test Suite : Test Suites/TopUP/TOPUP</message>
  <nestedLevel>0</nestedLevel>
  <property name="name">TOPUP</property>
  <property name="description"></property>
  <property name="id">Test Suites/TopUP/TOPUP</property>
</record>
<record>
  <date>2019-11-06T09:44:41</date>
  <millis>1573008281622</millis>
  <sequence>1</sequence>
  <level>RUN_DATA</level>
  <class>com.kms.katalon.core.logging.XmlKeywordLogger</class>
  <method>logMessage</method>
  <thread>1</thread>
  <message>hostName = Marvin - DESKTOP-98KC72N</message>
  <nestedLevel>0</nestedLevel>
  <property name="hostName">Marvin - DESKTOP-98KC72N</property>
</record>
<record>
  <date>2019-11-06T09:44:41</date>
  <millis>1573008281655</millis>
  <sequence>2</sequence>
  <level>RUN_DATA</level>
  <class>com.kms.katalon.core.logging.XmlKeywordLogger</class>
  <method>logMessage</method>
  <thread>1</thread>
  <message>os = Windows 10 64bit</message>
  <nestedLevel>0</nestedLevel>
  <property name="os">Windows 10 64bit</property>
</record>
<record>
  <date>2019-11-06T09:44:41</date>
  <millis>1573008281671</millis>
  <sequence>3</sequence>
  <level>RUN_DATA</level>
  <class>com.kms.katalon.core.logging.XmlKeywordLogger</class>
  <method>logMessage</method>
  <thread>1</thread>
  <message>hostAddress = 192.168.56.1</message>
  <nestedLevel>0</nestedLevel>
  <property name="hostAddress">192.168.56.1</property>
</record>
<record>
  <date>2019-11-06T09:44:41</date>
  <millis>1573008281707</millis>
  <sequence>4</sequence>
  <level>RUN_DATA</level>
  <class>com.kms.katalon.core.logging.XmlKeywordLogger</class>
  <method>logMessage</method>
  <thread>1</thread>
  <message>katalonVersion = 6.3.3.11</message>
  <nestedLevel>0</nestedLevel>
  <property name="katalonVersion">6.3.3.11</property>
</record>
<record>
  <date>2019-11-06T09:44:41</date>
  <millis>1573008281828</millis>
  <sequence>5</sequence>
  <level>START</level>
  <class>com.kms.katalon.core.logging.XmlKeywordLogger</class>
  <method>startKeyword</method>
  <thread>1</thread>
  <message>Start listener action : getListBindingTC</message>
  <nestedLevel>0</nestedLevel>
</record>
<record>
  <date>2019-11-06T09:44:41</date>
  <millis>1573008281959</millis>
  <sequence>8</sequence>
  <level>END</level>
  <class>com.kms.katalon.core.logging.XmlKeywordLogger</class>
  <method>endKeyword</method>
  <thread>1</thread>
  <message>End listener action : getListBindingTC</message>
  <nestedLevel>0</nestedLevel>
</record>
<record>
  <date>2019-11-06T09:44:43</date>
  <millis>1573008283028</millis>
  <sequence>9</sequence>
  <level>START</level>
  <class>com.kms.katalon.core.logging.XmlKeywordLogger</class>
  <method>startTest</method>
  <thread>1</thread>
  <message>Start Test Case : Test Cases/TopUP/TopUP</message>
  <nestedLevel>1</nestedLevel>
  <property name="name">Test Cases/TopUP/TopUP</property>
  <property name="description"></property>
  <property name="id">Test Cases/TopUP/TopUP</property>
  <property name="source">C:\\Users\\Marvin\\Documents\\GitHub\\ACCBid-Mobile\\Test Cases\\TopUP\\TopUP.tc</property>
  <property name="tag"></property>
  <property name="isOptional">false</property>
</record>
<record>
  <date>2019-11-06T09:44:43</date>
  <millis>1573008283097</millis>
  <sequence>10</sequence>
  <level>START</level>
  <class>com.kms.katalon.core.logging.XmlKeywordLogger</class>
  <method>startKeyword</method>
  <thread>1</thread>
  <message>Start listener action : addFailedTCToList</message>
  <nestedLevel>1</nestedLevel>
</record>
<record>
  <date>2019-11-06T09:44:43</date>
  <millis>1573008283461</millis>
  <sequence>13</sequence>
  <level>END</level>
  <class>com.kms.katalon.core.logging.XmlKeywordLogger</class>
  <method>endKeyword</method>
  <thread>1</thread>
  <message>End listener action : addFailedTCToList</message>
  <nestedLevel>1</nestedLevel>
</record>
<record>
  <date>2019-11-06T09:44:43</date>
  <millis>1573008283557</millis>
  <sequence>14</sequence>
  <level>END</level>
  <class>com.kms.katalon.core.logging.XmlKeywordLogger</class>
  <method>endTest</method>
  <thread>1</thread>
  <message>End Test Case : Test Cases/TopUP/TopUP</message>
  <nestedLevel>0</nestedLevel>
</record>
</log>
<?xml version="1.0" encoding="UTF-8" standalone="no"?>
<!DOCTYPE log SYSTEM "logger.dtd">
<log>
<record>
  <date>2019-11-06T10:21:23</date>
  <millis>1573010483308</millis>
  <sequence>700</sequence>
  <level>INFO</level>
  <class>com.kms.katalon.core.logging.XmlKeywordLogger</class>
  <method>logMessage</method>
  <thread>352</thread>
  <message>Finding test data with id &amp;apos;Data Files/TopUP/TOPUP&amp;apos;</message>
  <nestedLevel>0</nestedLevel>
</record>
<record>
  <date>2019-11-06T10:21:23</date>
  <millis>1573010483339</millis>
  <sequence>701</sequence>
  <level>INFO</level>
  <class>com.kms.katalon.core.logging.XmlKeywordLogger</class>
  <method>logMessage</method>
  <thread>352</thread>
  <message>Test data is excel file, reading excel file</message>
  <nestedLevel>0</nestedLevel>
</record>
<record>
  <date>2019-11-06T10:21:23</date>
  <millis>1573010483339</millis>
  <sequence>702</sequence>
  <level>INFO</level>
  <class>com.kms.katalon.core.logging.XmlKeywordLogger</class>
  <method>logMessage</method>
  <thread>352</thread>
  <message>Reading excel file with source file &amp;apos;C:\\Users\\Marvin\\Documents\\GitHub\\ACCBid-Mobile\\TOPUP.xlsx&amp;apos; and sheet name &amp;apos;Sheet1&amp;apos;</message>
  <nestedLevel>0</nestedLevel>
</record>
<record>
  <date>2019-11-06T10:23:19</date>
  <millis>1573010599819</millis>
  <sequence>775</sequence>
  <level>INFO</level>
  <class>com.kms.katalon.core.logging.XmlKeywordLogger</class>
  <method>logMessage</method>
  <thread>347</thread>
  <message>Finding test data with id &amp;apos;Data Files/TopUP/TOPUP&amp;apos;</message>
  <nestedLevel>0</nestedLevel>
</record>
<record>
  <date>2019-11-06T10:23:19</date>
  <millis>1573010599850</millis>
  <sequence>776</sequence>
  <level>INFO</level>
  <class>com.kms.katalon.core.logging.XmlKeywordLogger</class>
  <method>logMessage</method>
  <thread>347</thread>
  <message>Test data is excel file, reading excel file</message>
  <nestedLevel>0</nestedLevel>
</record>
<record>
  <date>2019-11-06T10:23:19</date>
  <millis>1573010599850</millis>
  <sequence>777</sequence>
  <level>INFO</level>
  <class>com.kms.katalon.core.logging.XmlKeywordLogger</class>
  <method>logMessage</method>
  <thread>347</thread>
  <message>Reading excel file with source file &amp;apos;C:\\Users\\Marvin\\Documents\\GitHub\\ACCBid-Mobile\\TOPUP.xlsx&amp;apos; and sheet name &amp;apos;Sheet1&amp;apos;</message>
  <nestedLevel>0</nestedLevel>
</record>
<record>
  <date>2019-11-06T10:26:21</date>
  <millis>1573010781739</millis>
  <sequence>850</sequence>
  <level>INFO</level>
  <class>com.kms.katalon.core.logging.XmlKeywordLogger</class>
  <method>logMessage</method>
  <thread>335</thread>
  <message>Finding test data with id &amp;apos;Data Files/TopUP/TOPUP&amp;apos;</message>
  <nestedLevel>0</nestedLevel>
</record>
<record>
  <date>2019-11-06T10:26:21</date>
  <millis>1573010781739</millis>
  <sequence>851</sequence>
  <level>INFO</level>
  <class>com.kms.katalon.core.logging.XmlKeywordLogger</class>
  <method>logMessage</method>
  <thread>335</thread>
  <message>Test data is excel file, reading excel file</message>
  <nestedLevel>0</nestedLevel>
</record>
<record>
  <date>2019-11-06T10:26:21</date>
  <millis>1573010781739</millis>
  <sequence>852</sequence>
  <level>INFO</level>
  <class>com.kms.katalon.core.logging.XmlKeywordLogger</class>
  <method>logMessage</method>
  <thread>335</thread>
  <message>Reading excel file with source file &amp;apos;C:\\Users\\Marvin\\Documents\\GitHub\\ACCBid-Mobile\\TOPUP.xlsx&amp;apos; and sheet name &amp;apos;Sheet1&amp;apos;</message>
  <nestedLevel>0</nestedLevel>
</record>
<record>
  <date>2019-11-06T10:30:37</date>
  <millis>1573011037578</millis>
  <sequence>912</sequence>
  <level>INFO</level>
  <class>com.kms.katalon.core.logging.XmlKeywordLogger</class>
  <method>logMessage</method>
  <thread>228</thread>
  <message>Finding test data with id &amp;apos;Data Files/TopUP/TOPUP&amp;apos;</message>
  <nestedLevel>0</nestedLevel>
</record>
<record>
  <date>2019-11-06T10:30:37</date>
  <millis>1573011037581</millis>
  <sequence>913</sequence>
  <level>INFO</level>
  <class>com.kms.katalon.core.logging.XmlKeywordLogger</class>
  <method>logMessage</method>
  <thread>228</thread>
  <message>Test data is excel file, reading excel file</message>
  <nestedLevel>0</nestedLevel>
</record>
<record>
  <date>2019-11-06T10:30:37</date>
  <millis>1573011037582</millis>
  <sequence>914</sequence>
  <level>INFO</level>
  <class>com.kms.katalon.core.logging.XmlKeywordLogger</class>
  <method>logMessage</method>
  <thread>228</thread>
  <message>Reading excel file with source file &amp;apos;C:\\Users\\Marvin\\Documents\\GitHub\\ACCBid-Mobile\\TOPUP.xlsx&amp;apos; and sheet name &amp;apos;Sheet1&amp;apos;</message>
  <nestedLevel>0</nestedLevel>
</record>
<record>
  <date>2019-11-06T10:32:49</date>
  <millis>1573011169415</millis>
  <sequence>987</sequence>
  <level>INFO</level>
  <class>com.kms.katalon.core.logging.XmlKeywordLogger</class>
  <method>logMessage</method>
  <thread>335</thread>
  <message>Finding test data with id &amp;apos;Data Files/TopUP/TOPUP&amp;apos;</message>
  <nestedLevel>0</nestedLevel>
</record>
<record>
  <date>2019-11-06T10:32:49</date>
  <millis>1573011169418</millis>
  <sequence>988</sequence>
  <level>INFO</level>
  <class>com.kms.katalon.core.logging.XmlKeywordLogger</class>
  <method>logMessage</method>
  <thread>335</thread>
  <message>Test data is excel file, reading excel file</message>
  <nestedLevel>0</nestedLevel>
</record>
<record>
  <date>2019-11-06T10:32:49</date>
  <millis>1573011169419</millis>
  <sequence>989</sequence>
  <level>INFO</level>
  <class>com.kms.katalon.core.logging.XmlKeywordLogger</class>
  <method>logMessage</method>
  <thread>335</thread>
  <message>Reading excel file with source file &amp;apos;C:\\Users\\Marvin\\Documents\\GitHub\\ACCBid-Mobile\\TOPUP.xlsx&amp;apos; and sheet name &amp;apos;Sheet1&amp;apos;</message>
  <nestedLevel>0</nestedLevel>
</record>
<record>
  <date>2019-11-06T10:35:59</date>
  <millis>1573011359168</millis>
  <sequence>1062</sequence>
  <level>INFO</level>
  <class>com.kms.katalon.core.logging.XmlKeywordLogger</class>
  <method>logMessage</method>
  <thread>604</thread>
  <message>Appium server started on port 51,381</message>
  <nestedLevel>0</nestedLevel>
</record>
<record>
  <date>2019-11-06T10:35:59</date>
  <millis>1573011359271</millis>
  <sequence>1063</sequence>
  <level>INFO</level>
  <class>com.kms.katalon.core.logging.XmlKeywordLogger</class>
  <method>logMessage</method>
  <thread>604</thread>
  <message>User set preference: [&amp;apos;unicodeKeyboard&amp;apos;, &amp;apos;true&amp;apos;]</message>
  <nestedLevel>0</nestedLevel>
</record>
<record>
  <date>2019-11-06T10:35:59</date>
  <millis>1573011359271</millis>
  <sequence>1064</sequence>
  <level>INFO</level>
  <class>com.kms.katalon.core.logging.XmlKeywordLogger</class>
  <method>logMessage</method>
  <thread>604</thread>
  <message>User set preference: [&amp;apos;resetKeyboard&amp;apos;, &amp;apos;true&amp;apos;]</message>
  <nestedLevel>0</nestedLevel>
</record>
<record>
  <date>2019-11-06T10:35:59</date>
  <millis>1573011359272</millis>
  <sequence>1065</sequence>
  <level>INFO</level>
  <class>com.kms.katalon.core.logging.XmlKeywordLogger</class>
  <method>logMessage</method>
  <thread>604</thread>
  <message>User set preference: [&amp;apos;deviceId&amp;apos;, &amp;apos;&amp;apos;]</message>
  <nestedLevel>0</nestedLevel>
</record>
<record>
  <date>2019-11-06T10:36:27</date>
  <millis>1573011387650</millis>
  <sequence>1067</sequence>
  <level>RUN_DATA</level>
  <class>com.kms.katalon.core.logging.XmlKeywordLogger</class>
  <method>logMessage</method>
  <thread>604</thread>
  <message>appiumVersion = 1.12.1</message>
  <nestedLevel>0</nestedLevel>
  <property name="appiumVersion">1.12.1</property>
</record>
<record>
  <date>2019-11-06T10:36:27</date>
  <millis>1573011387652</millis>
  <sequence>1068</sequence>
  <level>RUN_DATA</level>
  <class>com.kms.katalon.core.logging.XmlKeywordLogger</class>
  <method>logMessage</method>
  <thread>604</thread>
  <message>appiumServerStatus = {\&amp;quot;status\&amp;quot;:0,\&amp;quot;value\&amp;quot;:{\&amp;quot;build\&amp;quot;:{\&amp;quot;version\&amp;quot;:\&amp;quot;1.12.1\&amp;quot;}},\&amp;quot;sessionId\&amp;quot;:null}</message>
  <nestedLevel>0</nestedLevel>
  <property name="appiumServerStatus">{\&quot;status\&quot;:0,\&quot;value\&quot;:{\&quot;build\&quot;:{\&quot;version\&quot;:\&quot;1.12.1\&quot;}},\&quot;sessionId\&quot;:null}</property>
</record>
<record>
  <date>2019-11-06T10:36:27</date>
  <millis>1573011387674</millis>
  <sequence>1069</sequence>
  <level>RUN_DATA</level>
  <class>com.kms.katalon.core.logging.XmlKeywordLogger</class>
  <method>logMessage</method>
  <thread>604</thread>
  <message>deviceId = RR8M30NJEFN</message>
  <nestedLevel>0</nestedLevel>
  <property name="deviceId">RR8M30NJEFN</property>
</record>
<record>
  <date>2019-11-06T10:36:27</date>
  <millis>1573011387675</millis>
  <sequence>1070</sequence>
  <level>RUN_DATA</level>
  <class>com.kms.katalon.core.logging.XmlKeywordLogger</class>
  <method>logMessage</method>
  <thread>604</thread>
  <message>deviceName = samsung SM-A505F (Android 9)</message>
  <nestedLevel>0</nestedLevel>
  <property name="deviceName">samsung SM-A505F (Android 9)</property>
</record>
<record>
  <date>2019-11-06T10:36:27</date>
  <millis>1573011387676</millis>
  <sequence>1071</sequence>
  <level>RUN_DATA</level>
  <class>com.kms.katalon.core.logging.XmlKeywordLogger</class>
  <method>logMessage</method>
  <thread>604</thread>
  <message>deviceModel = SM-A505F</message>
  <nestedLevel>0</nestedLevel>
  <property name="deviceModel">SM-A505F</property>
</record>
<record>
  <date>2019-11-06T10:36:27</date>
  <millis>1573011387676</millis>
  <sequence>1072</sequence>
  <level>RUN_DATA</level>
  <class>com.kms.katalon.core.logging.XmlKeywordLogger</class>
  <method>logMessage</method>
  <thread>604</thread>
  <message>deviceManufacturer = samsung</message>
  <nestedLevel>0</nestedLevel>
  <property name="deviceManufacturer">samsung</property>
</record>
<record>
  <date>2019-11-06T10:36:27</date>
  <millis>1573011387677</millis>
  <sequence>1073</sequence>
  <level>RUN_DATA</level>
  <class>com.kms.katalon.core.logging.XmlKeywordLogger</class>
  <method>logMessage</method>
  <thread>604</thread>
  <message>deviceOS = Android</message>
  <nestedLevel>0</nestedLevel>
  <property name="deviceOS">Android</property>
</record>
<record>
  <date>2019-11-06T10:36:27</date>
  <millis>1573011387678</millis>
  <sequence>1074</sequence>
  <level>RUN_DATA</level>
  <class>com.kms.katalon.core.logging.XmlKeywordLogger</class>
  <method>logMessage</method>
  <thread>604</thread>
  <message>deviceOSVersion = 9</message>
  <nestedLevel>0</nestedLevel>
  <property name="deviceOSVersion">9</property>
</record>
<record>
  <date>2019-11-06T10:39:35</date>
  <millis>1573011575111</millis>
  <sequence>1075</sequence>
  <level>INFO</level>
  <class>com.kms.katalon.core.logging.XmlKeywordLogger</class>
  <method>logMessage</method>
  <thread>637</thread>
  <message>Finding test data with id &amp;apos;Data Files/TopUP/TOPUP&amp;apos;</message>
  <nestedLevel>0</nestedLevel>
</record>
<record>
  <date>2019-11-06T10:39:35</date>
  <millis>1573011575114</millis>
  <sequence>1076</sequence>
  <level>INFO</level>
  <class>com.kms.katalon.core.logging.XmlKeywordLogger</class>
  <method>logMessage</method>
  <thread>637</thread>
  <message>Test data is excel file, reading excel file</message>
  <nestedLevel>0</nestedLevel>
</record>
<record>
  <date>2019-11-06T10:39:35</date>
  <millis>1573011575115</millis>
  <sequence>1077</sequence>
  <level>INFO</level>
  <class>com.kms.katalon.core.logging.XmlKeywordLogger</class>
  <method>logMessage</method>
  <thread>637</thread>
  <message>Reading excel file with source file &amp;apos;C:\\Users\\Marvin\\Documents\\GitHub\\ACCBid-Mobile\\TOPUP.xlsx&amp;apos; and sheet name &amp;apos;Sheet1&amp;apos;</message>
  <nestedLevel>0</nestedLevel>
</record>
<record>
  <date>2019-11-06T10:43:06</date>
  <millis>1573011786339</millis>
  <sequence>1135</sequence>
  <level>INFO</level>
  <class>com.kms.katalon.core.logging.XmlKeywordLogger</class>
  <method>logMessage</method>
  <thread>637</thread>
  <message>Finding test data with id &amp;apos;Data Files/TopUP/TOPUP&amp;apos;</message>
  <nestedLevel>0</nestedLevel>
</record>
<record>
  <date>2019-11-06T10:43:06</date>
  <millis>1573011786535</millis>
  <sequence>1136</sequence>
  <level>INFO</level>
  <class>com.kms.katalon.core.logging.XmlKeywordLogger</class>
  <method>logMessage</method>
  <thread>637</thread>
  <message>Test data is excel file, reading excel file</message>
  <nestedLevel>0</nestedLevel>
</record>
<record>
  <date>2019-11-06T10:43:06</date>
  <millis>1573011786537</millis>
  <sequence>1137</sequence>
  <level>INFO</level>
  <class>com.kms.katalon.core.logging.XmlKeywordLogger</class>
  <method>logMessage</method>
  <thread>637</thread>
  <message>Reading excel file with source file &amp;apos;C:\\Users\\Marvin\\Documents\\GitHub\\ACCBid-Mobile\\TOPUP.xlsx&amp;apos; and sheet name &amp;apos;Sheet1&amp;apos;</message>
  <nestedLevel>0</nestedLevel>
</record>
<record>
  <date>2019-11-06T10:44:36</date>
  <millis>1573011876512</millis>
  <sequence>1197</sequence>
  <level>INFO</level>
  <class>com.kms.katalon.core.logging.XmlKeywordLogger</class>
  <method>logMessage</method>
  <thread>681</thread>
  <message>Finding test data with id &amp;apos;Data Files/TopUP/TOPUP&amp;apos;</message>
  <nestedLevel>0</nestedLevel>
</record>
<record>
  <date>2019-11-06T10:44:36</date>
  <millis>1573011876515</millis>
  <sequence>1198</sequence>
  <level>INFO</level>
  <class>com.kms.katalon.core.logging.XmlKeywordLogger</class>
  <method>logMessage</method>
  <thread>681</thread>
  <message>Test data is excel file, reading excel file</message>
  <nestedLevel>0</nestedLevel>
</record>
<record>
  <date>2019-11-06T10:44:36</date>
  <millis>1573011876515</millis>
  <sequence>1199</sequence>
  <level>INFO</level>
  <class>com.kms.katalon.core.logging.XmlKeywordLogger</class>
  <method>logMessage</method>
  <thread>681</thread>
  <message>Reading excel file with source file &amp;apos;C:\\Users\\Marvin\\Documents\\GitHub\\ACCBid-Mobile\\TOPUP.xlsx&amp;apos; and sheet name &amp;apos;Sheet1&amp;apos;</message>
  <nestedLevel>0</nestedLevel>
</record>
<record>
  <date>2019-11-06T10:47:16</date>
  <millis>1573012036883</millis>
  <sequence>1274</sequence>
  <level>INFO</level>
  <class>com.kms.katalon.core.logging.XmlKeywordLogger</class>
  <method>logMessage</method>
  <thread>347</thread>
  <message>Finding test data with id &amp;apos;Data Files/TopUP/TOPUP&amp;apos;</message>
  <nestedLevel>0</nestedLevel>
</record>
<record>
  <date>2019-11-06T10:47:16</date>
  <millis>1573012036886</millis>
  <sequence>1275</sequence>
  <level>INFO</level>
  <class>com.kms.katalon.core.logging.XmlKeywordLogger</class>
  <method>logMessage</method>
  <thread>347</thread>
  <message>Test data is excel file, reading excel file</message>
  <nestedLevel>0</nestedLevel>
</record>
<record>
  <date>2019-11-06T10:47:16</date>
  <millis>1573012036886</millis>
  <sequence>1276</sequence>
  <level>INFO</level>
  <class>com.kms.katalon.core.logging.XmlKeywordLogger</class>
  <method>logMessage</method>
  <thread>347</thread>
  <message>Reading excel file with source file &amp;apos;C:\\Users\\Marvin\\Documents\\GitHub\\ACCBid-Mobile\\TOPUP.xlsx&amp;apos; and sheet name &amp;apos;Sheet1&amp;apos;</message>
  <nestedLevel>0</nestedLevel>
</record>
<record>
  <date>2019-11-06T10:51:19</date>
  <millis>1573012279148</millis>
  <sequence>1352</sequence>
  <level>INFO</level>
  <class>com.kms.katalon.core.logging.XmlKeywordLogger</class>
  <method>logMessage</method>
  <thread>637</thread>
  <message>Finding test data with id &amp;apos;Data Files/TopUP/TOPUP&amp;apos;</message>
  <nestedLevel>0</nestedLevel>
</record>
<record>
  <date>2019-11-06T10:51:19</date>
  <millis>1573012279155</millis>
  <sequence>1353</sequence>
  <level>INFO</level>
  <class>com.kms.katalon.core.logging.XmlKeywordLogger</class>
  <method>logMessage</method>
  <thread>637</thread>
  <message>Test data is excel file, reading excel file</message>
  <nestedLevel>0</nestedLevel>
</record>
<record>
  <date>2019-11-06T10:51:19</date>
  <millis>1573012279158</millis>
  <sequence>1354</sequence>
  <level>INFO</level>
  <class>com.kms.katalon.core.logging.XmlKeywordLogger</class>
  <method>logMessage</method>
  <thread>637</thread>
  <message>Reading excel file with source file &amp;apos;C:\\Users\\Marvin\\Documents\\GitHub\\ACCBid-Mobile\\TOPUP.xlsx&amp;apos; and sheet name &amp;apos;Sheet1&amp;apos;</message>
  <nestedLevel>0</nestedLevel>
</record>
<record>
  <date>2019-11-06T10:53:39</date>
  <millis>1573012419305</millis>
  <sequence>1433</sequence>
  <level>INFO</level>
  <class>com.kms.katalon.core.logging.XmlKeywordLogger</class>
  <method>logMessage</method>
  <thread>518</thread>
  <message>Finding test data with id &amp;apos;Data Files/TopUP/TOPUP&amp;apos;</message>
  <nestedLevel>0</nestedLevel>
</record>
<record>
  <date>2019-11-06T10:53:39</date>
  <millis>1573012419308</millis>
  <sequence>1434</sequence>
  <level>INFO</level>
  <class>com.kms.katalon.core.logging.XmlKeywordLogger</class>
  <method>logMessage</method>
  <thread>518</thread>
  <message>Test data is excel file, reading excel file</message>
  <nestedLevel>0</nestedLevel>
</record>
<record>
  <date>2019-11-06T10:53:39</date>
  <millis>1573012419308</millis>
  <sequence>1435</sequence>
  <level>INFO</level>
  <class>com.kms.katalon.core.logging.XmlKeywordLogger</class>
  <method>logMessage</method>
  <thread>518</thread>
  <message>Reading excel file with source file &amp;apos;C:\\Users\\Marvin\\Documents\\GitHub\\ACCBid-Mobile\\TOPUP.xlsx&amp;apos; and sheet name &amp;apos;Sheet1&amp;apos;</message>
  <nestedLevel>0</nestedLevel>
</record>
<record>
  <date>2019-11-06T10:55:30</date>
  <millis>1573012530012</millis>
  <sequence>1496</sequence>
  <level>INFO</level>
  <class>com.kms.katalon.core.logging.XmlKeywordLogger</class>
  <method>logMessage</method>
  <thread>358</thread>
  <message>Finding test data with id &amp;apos;Data Files/TopUP/TOPUP&amp;apos;</message>
  <nestedLevel>0</nestedLevel>
</record>
<record>
  <date>2019-11-06T10:55:30</date>
  <millis>1573012530015</millis>
  <sequence>1497</sequence>
  <level>INFO</level>
  <class>com.kms.katalon.core.logging.XmlKeywordLogger</class>
  <method>logMessage</method>
  <thread>358</thread>
  <message>Test data is excel file, reading excel file</message>
  <nestedLevel>0</nestedLevel>
</record>
<record>
  <date>2019-11-06T10:55:30</date>
  <millis>1573012530015</millis>
  <sequence>1498</sequence>
  <level>INFO</level>
  <class>com.kms.katalon.core.logging.XmlKeywordLogger</class>
  <method>logMessage</method>
  <thread>358</thread>
  <message>Reading excel file with source file &amp;apos;C:\\Users\\Marvin\\Documents\\GitHub\\ACCBid-Mobile\\TOPUP.xlsx&amp;apos; and sheet name &amp;apos;Sheet1&amp;apos;</message>
  <nestedLevel>0</nestedLevel>
</record>
<record>
  <date>2019-11-06T10:57:52</date>
  <millis>1573012672316</millis>
  <sequence>1573</sequence>
  <level>INFO</level>
  <class>com.kms.katalon.core.logging.XmlKeywordLogger</class>
  <method>logMessage</method>
  <thread>518</thread>
  <message>Finding test data with id &amp;apos;Data Files/TopUP/TOPUP&amp;apos;</message>
  <nestedLevel>0</nestedLevel>
</record>
<record>
  <date>2019-11-06T10:57:52</date>
  <millis>1573012672319</millis>
  <sequence>1574</sequence>
  <level>INFO</level>
  <class>com.kms.katalon.core.logging.XmlKeywordLogger</class>
  <method>logMessage</method>
  <thread>518</thread>
  <message>Test data is excel file, reading excel file</message>
  <nestedLevel>0</nestedLevel>
</record>
<record>
  <date>2019-11-06T10:57:52</date>
  <millis>1573012672319</millis>
  <sequence>1575</sequence>
  <level>INFO</level>
  <class>com.kms.katalon.core.logging.XmlKeywordLogger</class>
  <method>logMessage</method>
  <thread>518</thread>
  <message>Reading excel file with source file &amp;apos;C:\\Users\\Marvin\\Documents\\GitHub\\ACCBid-Mobile\\TOPUP.xlsx&amp;apos; and sheet name &amp;apos;Sheet1&amp;apos;</message>
  <nestedLevel>0</nestedLevel>
</record>
<record>
  <date>2019-11-06T10:59:46</date>
  <millis>1573012786350</millis>
  <sequence>1650</sequence>
  <level>INFO</level>
  <class>com.kms.katalon.core.logging.XmlKeywordLogger</class>
  <method>logMessage</method>
  <thread>637</thread>
  <message>Finding test data with id &amp;apos;Data Files/TopUP/TOPUP&amp;apos;</message>
  <nestedLevel>0</nestedLevel>
</record>
<record>
  <date>2019-11-06T10:59:46</date>
  <millis>1573012786354</millis>
  <sequence>1651</sequence>
  <level>INFO</level>
  <class>com.kms.katalon.core.logging.XmlKeywordLogger</class>
  <method>logMessage</method>
  <thread>637</thread>
  <message>Test data is excel file, reading excel file</message>
  <nestedLevel>0</nestedLevel>
</record>
<record>
  <date>2019-11-06T10:59:46</date>
  <millis>1573012786357</millis>
  <sequence>1652</sequence>
  <level>INFO</level>
  <class>com.kms.katalon.core.logging.XmlKeywordLogger</class>
  <method>logMessage</method>
  <thread>637</thread>
  <message>Reading excel file with source file &amp;apos;C:\\Users\\Marvin\\Documents\\GitHub\\ACCBid-Mobile\\TOPUP.xlsx&amp;apos; and sheet name &amp;apos;Sheet1&amp;apos;</message>
  <nestedLevel>0</nestedLevel>
</record>
<record>
  <date>2019-11-06T11:02:11</date>
  <millis>1573012931699</millis>
  <sequence>1727</sequence>
  <level>INFO</level>
  <class>com.kms.katalon.core.logging.XmlKeywordLogger</class>
  <method>logMessage</method>
  <thread>862</thread>
  <message>Appium server started on port 55,612</message>
  <nestedLevel>0</nestedLevel>
</record>
<record>
  <date>2019-11-06T11:02:11</date>
  <millis>1573012931701</millis>
  <sequence>1728</sequence>
  <level>INFO</level>
  <class>com.kms.katalon.core.logging.XmlKeywordLogger</class>
  <method>logMessage</method>
  <thread>862</thread>
  <message>User set preference: [&amp;apos;unicodeKeyboard&amp;apos;, &amp;apos;true&amp;apos;]</message>
  <nestedLevel>0</nestedLevel>
</record>
<record>
  <date>2019-11-06T11:02:11</date>
  <millis>1573012931701</millis>
  <sequence>1729</sequence>
  <level>INFO</level>
  <class>com.kms.katalon.core.logging.XmlKeywordLogger</class>
  <method>logMessage</method>
  <thread>862</thread>
  <message>User set preference: [&amp;apos;resetKeyboard&amp;apos;, &amp;apos;true&amp;apos;]</message>
  <nestedLevel>0</nestedLevel>
</record>
<record>
  <date>2019-11-06T11:02:11</date>
  <millis>1573012931702</millis>
  <sequence>1730</sequence>
  <level>INFO</level>
  <class>com.kms.katalon.core.logging.XmlKeywordLogger</class>
  <method>logMessage</method>
  <thread>862</thread>
  <message>User set preference: [&amp;apos;deviceId&amp;apos;, &amp;apos;&amp;apos;]</message>
  <nestedLevel>0</nestedLevel>
</record>
<record>
  <date>2019-11-06T11:02:41</date>
  <millis>1573012961048</millis>
  <sequence>1732</sequence>
  <level>RUN_DATA</level>
  <class>com.kms.katalon.core.logging.XmlKeywordLogger</class>
  <method>logMessage</method>
  <thread>862</thread>
  <message>appiumVersion = 1.12.1</message>
  <nestedLevel>0</nestedLevel>
  <property name="appiumVersion">1.12.1</property>
</record>
<record>
  <date>2019-11-06T11:02:41</date>
  <millis>1573012961049</millis>
  <sequence>1733</sequence>
  <level>RUN_DATA</level>
  <class>com.kms.katalon.core.logging.XmlKeywordLogger</class>
  <method>logMessage</method>
  <thread>862</thread>
  <message>appiumServerStatus = {\&amp;quot;status\&amp;quot;:0,\&amp;quot;value\&amp;quot;:{\&amp;quot;build\&amp;quot;:{\&amp;quot;version\&amp;quot;:\&amp;quot;1.12.1\&amp;quot;}},\&amp;quot;sessionId\&amp;quot;:null}</message>
  <nestedLevel>0</nestedLevel>
  <property name="appiumServerStatus">{\&quot;status\&quot;:0,\&quot;value\&quot;:{\&quot;build\&quot;:{\&quot;version\&quot;:\&quot;1.12.1\&quot;}},\&quot;sessionId\&quot;:null}</property>
</record>
<record>
  <date>2019-11-06T11:02:41</date>
  <millis>1573012961066</millis>
  <sequence>1734</sequence>
  <level>RUN_DATA</level>
  <class>com.kms.katalon.core.logging.XmlKeywordLogger</class>
  <method>logMessage</method>
  <thread>862</thread>
  <message>deviceId = RR8M30NJEFN</message>
  <nestedLevel>0</nestedLevel>
  <property name="deviceId">RR8M30NJEFN</property>
</record>
<record>
  <date>2019-11-06T11:02:41</date>
  <millis>1573012961066</millis>
  <sequence>1735</sequence>
  <level>RUN_DATA</level>
  <class>com.kms.katalon.core.logging.XmlKeywordLogger</class>
  <method>logMessage</method>
  <thread>862</thread>
  <message>deviceName = samsung SM-A505F (Android 9)</message>
  <nestedLevel>0</nestedLevel>
  <property name="deviceName">samsung SM-A505F (Android 9)</property>
</record>
<record>
  <date>2019-11-06T11:02:41</date>
  <millis>1573012961067</millis>
  <sequence>1736</sequence>
  <level>RUN_DATA</level>
  <class>com.kms.katalon.core.logging.XmlKeywordLogger</class>
  <method>logMessage</method>
  <thread>862</thread>
  <message>deviceModel = SM-A505F</message>
  <nestedLevel>0</nestedLevel>
  <property name="deviceModel">SM-A505F</property>
</record>
<record>
  <date>2019-11-06T11:02:41</date>
  <millis>1573012961068</millis>
  <sequence>1737</sequence>
  <level>RUN_DATA</level>
  <class>com.kms.katalon.core.logging.XmlKeywordLogger</class>
  <method>logMessage</method>
  <thread>862</thread>
  <message>deviceManufacturer = samsung</message>
  <nestedLevel>0</nestedLevel>
  <property name="deviceManufacturer">samsung</property>
</record>
<record>
  <date>2019-11-06T11:02:41</date>
  <millis>1573012961068</millis>
  <sequence>1738</sequence>
  <level>RUN_DATA</level>
  <class>com.kms.katalon.core.logging.XmlKeywordLogger</class>
  <method>logMessage</method>
  <thread>862</thread>
  <message>deviceOS = Android</message>
  <nestedLevel>0</nestedLevel>
  <property name="deviceOS">Android</property>
</record>
<record>
  <date>2019-11-06T11:02:41</date>
  <millis>1573012961070</millis>
  <sequence>1739</sequence>
  <level>RUN_DATA</level>
  <class>com.kms.katalon.core.logging.XmlKeywordLogger</class>
  <method>logMessage</method>
  <thread>862</thread>
  <message>deviceOSVersion = 9</message>
  <nestedLevel>0</nestedLevel>
  <property name="deviceOSVersion">9</property>
</record>
<record>
  <date>2019-11-06T11:05:41</date>
  <millis>1573013141368</millis>
  <sequence>1740</sequence>
  <level>INFO</level>
  <class>com.kms.katalon.core.logging.XmlKeywordLogger</class>
  <method>logMessage</method>
  <thread>637</thread>
  <message>Finding test data with id &amp;apos;Data Files/TopUP/TOPUP&amp;apos;</message>
  <nestedLevel>0</nestedLevel>
</record>
<record>
  <date>2019-11-06T11:05:41</date>
  <millis>1573013141371</millis>
  <sequence>1741</sequence>
  <level>INFO</level>
  <class>com.kms.katalon.core.logging.XmlKeywordLogger</class>
  <method>logMessage</method>
  <thread>637</thread>
  <message>Test data is excel file, reading excel file</message>
  <nestedLevel>0</nestedLevel>
</record>
<record>
  <date>2019-11-06T11:05:41</date>
  <millis>1573013141371</millis>
  <sequence>1742</sequence>
  <level>INFO</level>
  <class>com.kms.katalon.core.logging.XmlKeywordLogger</class>
  <method>logMessage</method>
  <thread>637</thread>
  <message>Reading excel file with source file &amp;apos;C:\\Users\\Marvin\\Documents\\GitHub\\ACCBid-Mobile\\TOPUP.xlsx&amp;apos; and sheet name &amp;apos;Sheet1&amp;apos;</message>
  <nestedLevel>0</nestedLevel>
</record>
<record>
  <date>2019-11-06T11:11:44</date>
  <millis>1573013504777</millis>
  <sequence>1835</sequence>
  <level>INFO</level>
  <class>com.kms.katalon.core.logging.XmlKeywordLogger</class>
  <method>logMessage</method>
  <thread>939</thread>
  <message>Finding test data with id &amp;apos;Data Files/TopUP/TOPUP&amp;apos;</message>
  <nestedLevel>0</nestedLevel>
</record>
<record>
  <date>2019-11-06T11:11:44</date>
  <millis>1573013504780</millis>
  <sequence>1836</sequence>
  <level>INFO</level>
  <class>com.kms.katalon.core.logging.XmlKeywordLogger</class>
  <method>logMessage</method>
  <thread>939</thread>
  <message>Test data is excel file, reading excel file</message>
  <nestedLevel>0</nestedLevel>
</record>
<record>
  <date>2019-11-06T11:11:44</date>
  <millis>1573013504780</millis>
  <sequence>1837</sequence>
  <level>INFO</level>
  <class>com.kms.katalon.core.logging.XmlKeywordLogger</class>
  <method>logMessage</method>
  <thread>939</thread>
  <message>Reading excel file with source file &amp;apos;C:\\Users\\Marvin\\Documents\\GitHub\\ACCBid-Mobile\\TOPUP.xlsx&amp;apos; and sheet name &amp;apos;Sheet1&amp;apos;</message>
  <nestedLevel>0</nestedLevel>
</record>
<record>
  <date>2019-11-06T11:14:32</date>
  <millis>1573013672183</millis>
  <sequence>2450</sequence>
  <level>INFO</level>
  <class>com.kms.katalon.core.logging.XmlKeywordLogger</class>
  <method>logMessage</method>
  <thread>994</thread>
  <message>Finding test data with id &amp;apos;Data Files/TopUP/TOPUP&amp;apos;</message>
  <nestedLevel>0</nestedLevel>
</record>
<record>
  <date>2019-11-06T11:14:32</date>
  <millis>1573013672185</millis>
  <sequence>2451</sequence>
  <level>INFO</level>
  <class>com.kms.katalon.core.logging.XmlKeywordLogger</class>
  <method>logMessage</method>
  <thread>994</thread>
  <message>Test data is excel file, reading excel file</message>
  <nestedLevel>0</nestedLevel>
</record>
<record>
  <date>2019-11-06T11:14:32</date>
  <millis>1573013672186</millis>
  <sequence>2452</sequence>
  <level>INFO</level>
  <class>com.kms.katalon.core.logging.XmlKeywordLogger</class>
  <method>logMessage</method>
  <thread>994</thread>
  <message>Reading excel file with source file &amp;apos;C:\\Users\\Marvin\\Documents\\GitHub\\ACCBid-Mobile\\TOPUP.xlsx&amp;apos; and sheet name &amp;apos;Sheet1&amp;apos;</message>
  <nestedLevel>0</nestedLevel>
</record>
<record>
  <date>2019-11-06T11:17:36</date>
  <millis>1573013856351</millis>
  <sequence>2937</sequence>
  <level>INFO</level>
  <class>com.kms.katalon.core.logging.XmlKeywordLogger</class>
  <method>logMessage</method>
  <thread>924</thread>
  <message>Finding test data with id &amp;apos;Data Files/TopUP/TOPUP&amp;apos;</message>
  <nestedLevel>0</nestedLevel>
</record>
<record>
  <date>2019-11-06T11:17:36</date>
  <millis>1573013856353</millis>
  <sequence>2938</sequence>
  <level>INFO</level>
  <class>com.kms.katalon.core.logging.XmlKeywordLogger</class>
  <method>logMessage</method>
  <thread>924</thread>
  <message>Test data is excel file, reading excel file</message>
  <nestedLevel>0</nestedLevel>
</record>
<record>
  <date>2019-11-06T11:17:36</date>
  <millis>1573013856354</millis>
  <sequence>2939</sequence>
  <level>INFO</level>
  <class>com.kms.katalon.core.logging.XmlKeywordLogger</class>
  <method>logMessage</method>
  <thread>924</thread>
  <message>Reading excel file with source file &amp;apos;C:\\Users\\Marvin\\Documents\\GitHub\\ACCBid-Mobile\\TOPUP.xlsx&amp;apos; and sheet name &amp;apos;Sheet1&amp;apos;</message>
  <nestedLevel>0</nestedLevel>
</record>
<record>
  <date>2019-11-06T11:21:39</date>
  <millis>1573014099999</millis>
  <sequence>3552</sequence>
  <level>INFO</level>
  <class>com.kms.katalon.core.logging.XmlKeywordLogger</class>
  <method>logMessage</method>
  <thread>637</thread>
  <message>Finding test data with id &amp;apos;Data Files/TopUP/TOPUP&amp;apos;</message>
  <nestedLevel>0</nestedLevel>
</record>
<record>
  <date>2019-11-06T11:21:40</date>
  <millis>1573014100015</millis>
  <sequence>3553</sequence>
  <level>INFO</level>
  <class>com.kms.katalon.core.logging.XmlKeywordLogger</class>
  <method>logMessage</method>
  <thread>637</thread>
  <message>Test data is excel file, reading excel file</message>
  <nestedLevel>0</nestedLevel>
</record>
<record>
  <date>2019-11-06T11:21:40</date>
  <millis>1573014100015</millis>
  <sequence>3554</sequence>
  <level>INFO</level>
  <class>com.kms.katalon.core.logging.XmlKeywordLogger</class>
  <method>logMessage</method>
  <thread>637</thread>
  <message>Reading excel file with source file &amp;apos;C:\\Users\\Marvin\\Documents\\GitHub\\ACCBid-Mobile\\TOPUP.xlsx&amp;apos; and sheet name &amp;apos;Sheet1&amp;apos;</message>
  <nestedLevel>0</nestedLevel>
</record>
<record>
  <date>2019-11-06T11:33:03</date>
  <millis>1573014783853</millis>
  <sequence>4231</sequence>
  <level>INFO</level>
  <class>com.kms.katalon.core.logging.XmlKeywordLogger</class>
  <method>logMessage</method>
  <thread>1109</thread>
  <message>Appium server started on port 59,436</message>
  <nestedLevel>0</nestedLevel>
</record>
<record>
  <date>2019-11-06T11:33:03</date>
  <millis>1573014783888</millis>
  <sequence>4232</sequence>
  <level>INFO</level>
  <class>com.kms.katalon.core.logging.XmlKeywordLogger</class>
  <method>logMessage</method>
  <thread>1109</thread>
  <message>User set preference: [&amp;apos;unicodeKeyboard&amp;apos;, &amp;apos;true&amp;apos;]</message>
  <nestedLevel>0</nestedLevel>
</record>
<record>
  <date>2019-11-06T11:33:03</date>
  <millis>1573014783888</millis>
  <sequence>4233</sequence>
  <level>INFO</level>
  <class>com.kms.katalon.core.logging.XmlKeywordLogger</class>
  <method>logMessage</method>
  <thread>1109</thread>
  <message>User set preference: [&amp;apos;resetKeyboard&amp;apos;, &amp;apos;true&amp;apos;]</message>
  <nestedLevel>0</nestedLevel>
</record>
<record>
  <date>2019-11-06T11:33:03</date>
  <millis>1573014783889</millis>
  <sequence>4234</sequence>
  <level>INFO</level>
  <class>com.kms.katalon.core.logging.XmlKeywordLogger</class>
  <method>logMessage</method>
  <thread>1109</thread>
  <message>User set preference: [&amp;apos;deviceId&amp;apos;, &amp;apos;&amp;apos;]</message>
  <nestedLevel>0</nestedLevel>
</record>
<record>
  <date>2019-11-06T11:33:29</date>
  <millis>1573014809669</millis>
  <sequence>4236</sequence>
  <level>RUN_DATA</level>
  <class>com.kms.katalon.core.logging.XmlKeywordLogger</class>
  <method>logMessage</method>
  <thread>1109</thread>
  <message>appiumVersion = 1.12.1</message>
  <nestedLevel>0</nestedLevel>
  <property name="appiumVersion">1.12.1</property>
</record>
<record>
  <date>2019-11-06T11:33:29</date>
  <millis>1573014809670</millis>
  <sequence>4237</sequence>
  <level>RUN_DATA</level>
  <class>com.kms.katalon.core.logging.XmlKeywordLogger</class>
  <method>logMessage</method>
  <thread>1109</thread>
  <message>appiumServerStatus = {\&amp;quot;status\&amp;quot;:0,\&amp;quot;value\&amp;quot;:{\&amp;quot;build\&amp;quot;:{\&amp;quot;version\&amp;quot;:\&amp;quot;1.12.1\&amp;quot;}},\&amp;quot;sessionId\&amp;quot;:null}</message>
  <nestedLevel>0</nestedLevel>
  <property name="appiumServerStatus">{\&quot;status\&quot;:0,\&quot;value\&quot;:{\&quot;build\&quot;:{\&quot;version\&quot;:\&quot;1.12.1\&quot;}},\&quot;sessionId\&quot;:null}</property>
</record>
<record>
  <date>2019-11-06T11:33:29</date>
  <millis>1573014809682</millis>
  <sequence>4238</sequence>
  <level>RUN_DATA</level>
  <class>com.kms.katalon.core.logging.XmlKeywordLogger</class>
  <method>logMessage</method>
  <thread>1109</thread>
  <message>deviceId = RR8M30NJEFN</message>
  <nestedLevel>0</nestedLevel>
  <property name="deviceId">RR8M30NJEFN</property>
</record>
<record>
  <date>2019-11-06T11:33:29</date>
  <millis>1573014809683</millis>
  <sequence>4239</sequence>
  <level>RUN_DATA</level>
  <class>com.kms.katalon.core.logging.XmlKeywordLogger</class>
  <method>logMessage</method>
  <thread>1109</thread>
  <message>deviceName = samsung SM-A505F (Android 9)</message>
  <nestedLevel>0</nestedLevel>
  <property name="deviceName">samsung SM-A505F (Android 9)</property>
</record>
<record>
  <date>2019-11-06T11:33:29</date>
  <millis>1573014809683</millis>
  <sequence>4240</sequence>
  <level>RUN_DATA</level>
  <class>com.kms.katalon.core.logging.XmlKeywordLogger</class>
  <method>logMessage</method>
  <thread>1109</thread>
  <message>deviceModel = SM-A505F</message>
  <nestedLevel>0</nestedLevel>
  <property name="deviceModel">SM-A505F</property>
</record>
<record>
  <date>2019-11-06T11:33:29</date>
  <millis>1573014809684</millis>
  <sequence>4241</sequence>
  <level>RUN_DATA</level>
  <class>com.kms.katalon.core.logging.XmlKeywordLogger</class>
  <method>logMessage</method>
  <thread>1109</thread>
  <message>deviceManufacturer = samsung</message>
  <nestedLevel>0</nestedLevel>
  <property name="deviceManufacturer">samsung</property>
</record>
<record>
  <date>2019-11-06T11:33:29</date>
  <millis>1573014809685</millis>
  <sequence>4242</sequence>
  <level>RUN_DATA</level>
  <class>com.kms.katalon.core.logging.XmlKeywordLogger</class>
  <method>logMessage</method>
  <thread>1109</thread>
  <message>deviceOS = Android</message>
  <nestedLevel>0</nestedLevel>
  <property name="deviceOS">Android</property>
</record>
<record>
  <date>2019-11-06T11:33:29</date>
  <millis>1573014809685</millis>
  <sequence>4243</sequence>
  <level>RUN_DATA</level>
  <class>com.kms.katalon.core.logging.XmlKeywordLogger</class>
  <method>logMessage</method>
  <thread>1109</thread>
  <message>deviceOSVersion = 9</message>
  <nestedLevel>0</nestedLevel>
  <property name="deviceOSVersion">9</property>
</record>
<record>
  <date>2019-11-06T11:42:48</date>
  <millis>1573015368220</millis>
  <sequence>4340</sequence>
  <level>INFO</level>
  <class>com.kms.katalon.core.logging.XmlKeywordLogger</class>
  <method>logMessage</method>
  <thread>637</thread>
  <message>Finding test data with id &amp;apos;Data Files/Kalkulator/DataKalkulator&amp;apos;</message>
  <nestedLevel>0</nestedLevel>
</record>
<record>
  <date>2019-11-06T11:42:48</date>
  <millis>1573015368226</millis>
  <sequence>4341</sequence>
  <level>INFO</level>
  <class>com.kms.katalon.core.logging.XmlKeywordLogger</class>
  <method>logMessage</method>
  <thread>637</thread>
  <message>Test data is excel file, reading excel file</message>
  <nestedLevel>0</nestedLevel>
</record>
<record>
  <date>2019-11-06T11:42:48</date>
  <millis>1573015368226</millis>
  <sequence>4342</sequence>
  <level>INFO</level>
  <class>com.kms.katalon.core.logging.XmlKeywordLogger</class>
  <method>logMessage</method>
  <thread>637</thread>
  <message>Reading excel file with source file &amp;apos;C:\\Users\\Marvin\\git\\ACCBid-Mobile\\Kalkulator.xlsx&amp;apos; and sheet name &amp;apos;Sheet1&amp;apos;</message>
  <nestedLevel>0</nestedLevel>
</record>
<record>
  <date>2019-11-06T11:43:36</date>
  <millis>1573015416474</millis>
  <sequence>4475</sequence>
  <level>INFO</level>
  <class>com.kms.katalon.core.logging.XmlKeywordLogger</class>
  <method>logMessage</method>
  <thread>1275</thread>
  <message>Finding test data with id &amp;apos;Data Files/Kalkulator/DataKalkulator&amp;apos;</message>
  <nestedLevel>0</nestedLevel>
</record>
<record>
  <date>2019-11-06T11:43:36</date>
  <millis>1573015416476</millis>
  <sequence>4476</sequence>
  <level>INFO</level>
  <class>com.kms.katalon.core.logging.XmlKeywordLogger</class>
  <method>logMessage</method>
  <thread>1275</thread>
  <message>Test data is excel file, reading excel file</message>
  <nestedLevel>0</nestedLevel>
</record>
<record>
  <date>2019-11-06T11:43:36</date>
  <millis>1573015416478</millis>
  <sequence>4477</sequence>
  <level>INFO</level>
  <class>com.kms.katalon.core.logging.XmlKeywordLogger</class>
  <method>logMessage</method>
  <thread>1275</thread>
  <message>Reading excel file with source file &amp;apos;C:\\Users\\Marvin\\git\\ACCBid-Mobile\\Kalkulator.xlsx&amp;apos; and sheet name &amp;apos;Sheet1&amp;apos;</message>
  <nestedLevel>0</nestedLevel>
</record>
<record>
  <date>2019-11-06T11:43:53</date>
  <millis>1573015433488</millis>
  <sequence>4478</sequence>
  <level>INFO</level>
  <class>com.kms.katalon.core.logging.XmlKeywordLogger</class>
  <method>logMessage</method>
  <thread>637</thread>
  <message>Finding test data with id &amp;apos;Data Files/Kalkulator/DataKalkulator&amp;apos;</message>
  <nestedLevel>0</nestedLevel>
</record>
<record>
  <date>2019-11-06T11:43:53</date>
  <millis>1573015433491</millis>
  <sequence>4479</sequence>
  <level>INFO</level>
  <class>com.kms.katalon.core.logging.XmlKeywordLogger</class>
  <method>logMessage</method>
  <thread>637</thread>
  <message>Test data is excel file, reading excel file</message>
  <nestedLevel>0</nestedLevel>
</record>
<record>
  <date>2019-11-06T11:43:53</date>
  <millis>1573015433491</millis>
  <sequence>4480</sequence>
  <level>INFO</level>
  <class>com.kms.katalon.core.logging.XmlKeywordLogger</class>
  <method>logMessage</method>
  <thread>637</thread>
  <message>Reading excel file with source file &amp;apos;C:\\Users\\Marvin\\git\\ACCBid-Mobile\\Kalkulator.xlsx&amp;apos; and sheet name &amp;apos;Sheet1&amp;apos;</message>
  <nestedLevel>0</nestedLevel>
</record>
</log>
