[35m[Appium][39m Welcome to Appium v1.8.1
[35m[Appium][39m Non-default server args:
[35m[Appium][39m   port: 62374
[35m[Appium][39m   loglevel: info
[35m[Appium][39m   chromeDriverPort: 62375
[35m[Appium][39m   tmpDir: C:\Users\Intan\AppData\Local\Temp\\Katalon\Appium\Temp1569817204984
[35m[Appium][39m Appium REST http interface listener started on 0.0.0.0:62374
[35m[HTTP][39m [37m-->[39m [37mGET[39m [37m/wd/hub/status[39m
[35m[HTTP][39m [90m{}[39m
[35m[HTTP][39m [37m<-- GET /wd/hub/status [39m[32m200[39m [90m16 ms - 83[39m
[35m[HTTP][39m [90m[39m
[35m[HTTP][39m [37m-->[39m [37mPOST[39m [37m/wd/hub/session[39m
[35m[HTTP][39m [90m{"desiredCapabilities":{"app":"C:\\Users\\Intan\\git\\ACCBid-Mobile\\accbid.apk","noReset":true,"deviceName":"emulator-5554 (Android SDK built for x86 - Android 9)","fullReset":false,"platform":"ANDROID","newCommandTimeout":1800,"platformVersion":"9","automationName":"uiautomator2","autoGrantPermissions":true,"platformName":"Android","udid":"emulator-5554","systemPort":62373},"capabilities":{"firstMatch":[{"appium:app":"C:\\Users\\Intan\\git\\ACCBid-Mobile\\accbid.apk","appium:autoGrantPermissions":true,"appium:automationName":"uiautomator2","appium:deviceName":"emulator-5554 (Android SDK built for x86 - Android 9)","appium:fullReset":false,"appium:newCommandTimeout":1800,"appium:noReset":true,"platform":"ANDROID","platformName":"android","appium:platformVersion":"9","appium:systemPort":62373,"appium:udid":"emulator-5554"}]}}[39m
[35m[BaseDriver][39m The capabilities ["platform"] are not standard capabilities and should have an extension prefix
[35m[Appium][39m Creating new AndroidUiautomator2Driver (v1.12.0) session
[35m[Appium][39m Capabilities:
[35m[Appium][39m   platform: ANDROID
[35m[Appium][39m   platformName: android
[35m[Appium][39m   app: C:\Users\Intan\git\ACCBid-Mobile\accbid.apk
[35m[Appium][39m   autoGrantPermissions: true
[35m[Appium][39m   automationName: uiautomator2
[35m[Appium][39m   deviceName: emulator-5554 (Android SDK built for x86 - Android 9)
[35m[Appium][39m   fullReset: false
[35m[Appium][39m   newCommandTimeout: 1800
[35m[Appium][39m   noReset: true
[35m[Appium][39m   platformVersion: 9
[35m[Appium][39m   systemPort: 62373
[35m[Appium][39m   udid: emulator-5554
[35m[BaseDriver][39m The following capabilities were provided, but are not recognized by appium: platform.
[35m[BaseDriver][39m Session created with session id: 0111a16a-fc55-4b78-abe5-3e3c37ce86b7
[35m[BaseDriver][39m Using local app 'C:\Users\Intan\git\ACCBid-Mobile\accbid.apk'
[35m[AndroidDriver][39m Java version is: 1.8.0_181
[35m[ADB][39m Checking whether adb is present
[35m[ADB][39m Found 1 'build-tools' folders under 'C:\Users\Intan\.katalon\tools\android_sdk' (newest first):
[35m[ADB][39m     C:/Users/Intan/.katalon/tools/android_sdk/build-tools/29.0.2
[35m[ADB][39m Using adb.exe from C:\Users\Intan\.katalon\tools\android_sdk\platform-tools\adb.exe
[35m[AndroidDriver][39m Retrieving device list
[35m[AndroidDriver][39m Using device: emulator-5554
[35m[ADB][39m Using the alternative activity name detection method because of: Could not find apkanalyzer.bat in C:\Users\Intan\.katalon\tools\android_sdk\platform-tools\apkanalyzer.bat,C:\Users\Intan\.katalon\tools\android_sdk\emulator\apkanalyzer.bat,C:\Users\Intan\.katalon\tools\android_sdk\tools\apkanalyzer.bat,C:\Users\Intan\.katalon\tools\android_sdk\tools\bin\apkanalyzer.bat,C:\Users\Intan\.katalon\tools\android_sdk\build-tools\29.0.2\apkanalyzer.bat. Do you have the Android SDK installed at 'C:\Users\Intan\.katalon\tools\android_sdk'?
[35m[ADB][39m Checking whether aapt is present
[35m[ADB][39m Using aapt.exe from C:\Users\Intan\.katalon\tools\android_sdk\build-tools\29.0.2\aapt.exe
[35m[ADB][39m Extracting package and launch activity from manifest
[35m[ADB][39m Package name: 'com.outsystemsenterprise.acctst1.BidMart'
[35m[ADB][39m Main activity name: 'com.outsystemsenterprise.acctst1.BidMart.MainActivity'
[35m[ADB][39m Getting device platform version
[35m[ADB][39m Using apksigner.bat from C:\Users\Intan\.katalon\tools\android_sdk\build-tools\29.0.2\apksigner.bat
[35m[ADB][39m Checking whether zipalign is present
[35m[ADB][39m Using zipalign.exe from C:\Users\Intan\.katalon\tools\android_sdk\build-tools\29.0.2\zipalign.exe
[35m[ADB][39m io.appium.uiautomator2.server was successfully uninstalled
[35m[ADB][39m io.appium.uiautomator2.server.test was successfully uninstalled
[35m[AndroidDriver][39m setDeviceLanguageCountry requires language or country.
[35m[AndroidDriver][39m Got language: 'null' and country: 'null'
[35m[ADB][39m Successfully extracted 23 strings from 'C:\Users\Intan\git\ACCBid-Mobile\accbid.apk' resources for '(default)' configuration
[35m[UiAutomator2][39m Starting uiautomator2 server 1.12.0
[35m[UiAutomator2][39m Using UIAutomator2 server from 'C:\Users\Intan\AppData\Roaming\npm\node_modules\appium\node_modules\appium-uiautomator2-server\apks\appium-uiautomator2-server-v1.12.0.apk' and test from 'C:\Users\Intan\AppData\Roaming\npm\node_modules\appium\node_modules\appium-uiautomator2-server\apks\appium-uiautomator2-server-debug-androidTest.apk'
[35m[UiAutomator2][39m Running command: 'adb -s emulator-5554 shell am instrument -w io.appium.uiautomator2.server.test/android.support.test.runner.AndroidJUnitRunner'
[35m[UiAutomator2][39m Waiting up to 20000ms for UiAutomator2 to be online...
[35m[AndroidDriver][39m Screen already unlocked, doing nothing
[35m[UiAutomator2][39m UiAutomator2 did not start the activity we were waiting for, 'com.outsystemsenterprise.acctst1.BidMart/com.outsystemsenterprise.acctst1.BidMart.MainActivity'. Starting it ourselves
[35m[Appium][39m New AndroidUiautomator2Driver session created successfully, session 0111a16a-fc55-4b78-abe5-3e3c37ce86b7 added to master session list
[35m[HTTP][39m [37m<-- POST /wd/hub/session [39m[32m200[39m [90m33244 ms - 1267[39m
[35m[HTTP][39m [90m[39m
[35m[HTTP][39m [37m-->[39m [37mGET[39m [37m/wd/hub/session/0111a16a-fc55-4b78-abe5-3e3c37ce86b7[39m
[35m[HTTP][39m [90m{}[39m
[35m[HTTP][39m [37m<-- GET /wd/hub/session/0111a16a-fc55-4b78-abe5-3e3c37ce86b7 [39m[32m200[39m [90m51 ms - 1199[39m
[35m[HTTP][39m [90m[39m
[35m[HTTP][39m [37m-->[39m [37mGET[39m [37m/wd/hub/session/0111a16a-fc55-4b78-abe5-3e3c37ce86b7[39m
[35m[HTTP][39m [90m{}[39m
[35m[HTTP][39m [37m<-- GET /wd/hub/session/0111a16a-fc55-4b78-abe5-3e3c37ce86b7 [39m[32m200[39m [90m88 ms - 1199[39m
[35m[HTTP][39m [90m[39m
[35m[HTTP][39m [37m-->[39m [37mGET[39m [37m/wd/hub/status[39m
[35m[HTTP][39m [90m{}[39m
[35m[HTTP][39m [37m<-- GET /wd/hub/status [39m[32m200[39m [90m5 ms - 55[39m
[35m[HTTP][39m [90m[39m
[35m[HTTP][39m [37m-->[39m [37mPOST[39m [37m/wd/hub/session/0111a16a-fc55-4b78-abe5-3e3c37ce86b7/timeouts[39m
[35m[HTTP][39m [90m{"implicit":60000}[39m
[35m[HTTP][39m [37m<-- POST /wd/hub/session/0111a16a-fc55-4b78-abe5-3e3c37ce86b7/timeouts [39m[32m200[39m [90m9 ms - 14[39m
[35m[HTTP][39m [90m[39m
[35m[HTTP][39m [37m-->[39m [37mPOST[39m [37m/wd/hub/session/0111a16a-fc55-4b78-abe5-3e3c37ce86b7/timeouts[39m
[35m[HTTP][39m [90m{"implicit":50}[39m
[35m[HTTP][39m [37m<-- POST /wd/hub/session/0111a16a-fc55-4b78-abe5-3e3c37ce86b7/timeouts [39m[32m200[39m [90m3 ms - 14[39m
[35m[HTTP][39m [90m[39m
[35m[HTTP][39m [37m-->[39m [37mGET[39m [37m/wd/hub/session/0111a16a-fc55-4b78-abe5-3e3c37ce86b7/window/rect[39m
[35m[HTTP][39m [90m{}[39m
[35m[HTTP][39m [37m<-- GET /wd/hub/session/0111a16a-fc55-4b78-abe5-3e3c37ce86b7/window/rect [39m[32m200[39m [90m46 ms - 50[39m
[35m[HTTP][39m [90m[39m
[35m[HTTP][39m [37m-->[39m [37mPOST[39m [37m/wd/hub/session/0111a16a-fc55-4b78-abe5-3e3c37ce86b7/elements[39m
[35m[HTTP][39m [90m{"using":"-android uiautomator","value":"new UiSelector().className(\"android.view.View\").text(\"Akun\")"}[39m
[35m[HTTP][39m [37m<-- POST /wd/hub/session/0111a16a-fc55-4b78-abe5-3e3c37ce86b7/elements [39m[32m200[39m [90m428 ms - 12[39m
[35m[HTTP][39m [90m[39m
[35m[HTTP][39m [37m-->[39m [37mPOST[39m [37m/wd/hub/session/0111a16a-fc55-4b78-abe5-3e3c37ce86b7/elements[39m
[35m[HTTP][39m [90m{"using":"-android uiautomator","value":"new UiSelector().className(\"android.view.View\").text(\"Akun\")"}[39m
[35m[HTTP][39m [37m<-- POST /wd/hub/session/0111a16a-fc55-4b78-abe5-3e3c37ce86b7/elements [39m[32m200[39m [90m419 ms - 12[39m
[35m[HTTP][39m [90m[39m
[35m[HTTP][39m [37m-->[39m [37mPOST[39m [37m/wd/hub/session/0111a16a-fc55-4b78-abe5-3e3c37ce86b7/elements[39m
[35m[HTTP][39m [90m{"using":"-android uiautomator","value":"new UiSelector().className(\"android.view.View\").text(\"Akun\")"}[39m
[35m[HTTP][39m [37m<-- POST /wd/hub/session/0111a16a-fc55-4b78-abe5-3e3c37ce86b7/elements [39m[32m200[39m [90m359 ms - 12[39m
[35m[HTTP][39m [90m[39m
[35m[HTTP][39m [37m-->[39m [37mPOST[39m [37m/wd/hub/session/0111a16a-fc55-4b78-abe5-3e3c37ce86b7/elements[39m
[35m[HTTP][39m [90m{"using":"-android uiautomator","value":"new UiSelector().className(\"android.view.View\").text(\"Akun\")"}[39m
[35m[HTTP][39m [37m<-- POST /wd/hub/session/0111a16a-fc55-4b78-abe5-3e3c37ce86b7/elements [39m[32m200[39m [90m611 ms - 12[39m
[35m[HTTP][39m [90m[39m
[35m[HTTP][39m [37m-->[39m [37mPOST[39m [37m/wd/hub/session/0111a16a-fc55-4b78-abe5-3e3c37ce86b7/elements[39m
[35m[HTTP][39m [90m{"using":"-android uiautomator","value":"new UiSelector().className(\"android.view.View\").text(\"Akun\")"}[39m
[35m[HTTP][39m [37m<-- POST /wd/hub/session/0111a16a-fc55-4b78-abe5-3e3c37ce86b7/elements [39m[32m200[39m [90m192 ms - 12[39m
[35m[HTTP][39m [90m[39m
[35m[HTTP][39m [37m-->[39m [37mPOST[39m [37m/wd/hub/session/0111a16a-fc55-4b78-abe5-3e3c37ce86b7/elements[39m
[35m[HTTP][39m [90m{"using":"-android uiautomator","value":"new UiSelector().className(\"android.view.View\").text(\"Akun\")"}[39m
[35m[HTTP][39m [37m<-- POST /wd/hub/session/0111a16a-fc55-4b78-abe5-3e3c37ce86b7/elements [39m[32m200[39m [90m442 ms - 12[39m
[35m[HTTP][39m [90m[39m
[35m[HTTP][39m [37m-->[39m [37mPOST[39m [37m/wd/hub/session/0111a16a-fc55-4b78-abe5-3e3c37ce86b7/elements[39m
[35m[HTTP][39m [90m{"using":"-android uiautomator","value":"new UiSelector().className(\"android.view.View\").text(\"Akun\")"}[39m
[35m[HTTP][39m [37m<-- POST /wd/hub/session/0111a16a-fc55-4b78-abe5-3e3c37ce86b7/elements [39m[32m200[39m [90m582 ms - 12[39m
[35m[HTTP][39m [90m[39m
[35m[HTTP][39m [37m-->[39m [37mPOST[39m [37m/wd/hub/session/0111a16a-fc55-4b78-abe5-3e3c37ce86b7/elements[39m
[35m[HTTP][39m [90m{"using":"-android uiautomator","value":"new UiSelector().className(\"android.view.View\").text(\"Akun\")"}[39m
[35m[HTTP][39m [37m<-- POST /wd/hub/session/0111a16a-fc55-4b78-abe5-3e3c37ce86b7/elements [39m[32m200[39m [90m906 ms - 12[39m
[35m[HTTP][39m [90m[39m
[35m[HTTP][39m [37m-->[39m [37mPOST[39m [37m/wd/hub/session/0111a16a-fc55-4b78-abe5-3e3c37ce86b7/elements[39m
[35m[HTTP][39m [90m{"using":"-android uiautomator","value":"new UiSelector().className(\"android.view.View\").text(\"Akun\")"}[39m
[35m[HTTP][39m [37m<-- POST /wd/hub/session/0111a16a-fc55-4b78-abe5-3e3c37ce86b7/elements [39m[32m200[39m [90m599 ms - 12[39m
[35m[HTTP][39m [90m[39m
[35m[HTTP][39m [37m-->[39m [37mPOST[39m [37m/wd/hub/session/0111a16a-fc55-4b78-abe5-3e3c37ce86b7/elements[39m
[35m[HTTP][39m [90m{"using":"-android uiautomator","value":"new UiSelector().className(\"android.view.View\").text(\"Akun\")"}[39m
[35m[HTTP][39m [37m<-- POST /wd/hub/session/0111a16a-fc55-4b78-abe5-3e3c37ce86b7/elements [39m[32m200[39m [90m971 ms - 12[39m
[35m[HTTP][39m [90m[39m
[35m[HTTP][39m [37m-->[39m [37mPOST[39m [37m/wd/hub/session/0111a16a-fc55-4b78-abe5-3e3c37ce86b7/elements[39m
[35m[HTTP][39m [90m{"using":"-android uiautomator","value":"new UiSelector().className(\"android.view.View\").text(\"Akun\")"}[39m
[35m[HTTP][39m [37m<-- POST /wd/hub/session/0111a16a-fc55-4b78-abe5-3e3c37ce86b7/elements [39m[32m200[39m [90m3617 ms - 90[39m
[35m[HTTP][39m [90m[39m
[35m[HTTP][39m [37m-->[39m [37mGET[39m [37m/wd/hub/session/0111a16a-fc55-4b78-abe5-3e3c37ce86b7/element/93b0dde2-9a70-4ed9-b3e6-adab155e5f92/location[39m
[35m[HTTP][39m [90m{}[39m
[35m[W3C][39m Driver proxy active, passing request on via HTTP proxy
[35m[JSONWP Proxy][39m Replacing sessionId 63ebbb71-ef70-4657-8635-63afbecf5707 with 0111a16a-fc55-4b78-abe5-3e3c37ce86b7
[35m[HTTP][39m [37m<-- GET /wd/hub/session/0111a16a-fc55-4b78-abe5-3e3c37ce86b7/element/93b0dde2-9a70-4ed9-b3e6-adab155e5f92/location [39m[32m200[39m [90m306 ms - 90[39m
[35m[HTTP][39m [90m[39m
[35m[HTTP][39m [37m-->[39m [37mPOST[39m [37m/wd/hub/session/0111a16a-fc55-4b78-abe5-3e3c37ce86b7/timeouts[39m
[35m[HTTP][39m [90m{"implicit":60000}[39m
[35m[HTTP][39m [37m<-- POST /wd/hub/session/0111a16a-fc55-4b78-abe5-3e3c37ce86b7/timeouts [39m[32m200[39m [90m3 ms - 14[39m
[35m[HTTP][39m [90m[39m
[35m[HTTP][39m [37m-->[39m [37mPOST[39m [37m/wd/hub/session/0111a16a-fc55-4b78-abe5-3e3c37ce86b7/touch/perform[39m
[35m[HTTP][39m [90m{"actions":[{"action":"tap","options":{"x":1,"y":1,"element":"93b0dde2-9a70-4ed9-b3e6-adab155e5f92"}},{"action":"release","options":{}}]}[39m
[35m[UiAutomator2][39m calling get location: 93b0dde2-9a70-4ed9-b3e6-adab155e5f92
[35m[HTTP][39m [37m<-- POST /wd/hub/session/0111a16a-fc55-4b78-abe5-3e3c37ce86b7/touch/perform [39m[32m200[39m [90m1813 ms - 14[39m
[35m[HTTP][39m [90m[39m
[35m[HTTP][39m [37m-->[39m [37mPOST[39m [37m/wd/hub/session/0111a16a-fc55-4b78-abe5-3e3c37ce86b7/timeouts[39m
[35m[HTTP][39m [90m{"implicit":50}[39m
[35m[HTTP][39m [37m<-- POST /wd/hub/session/0111a16a-fc55-4b78-abe5-3e3c37ce86b7/timeouts [39m[32m200[39m [90m3 ms - 14[39m
[35m[HTTP][39m [90m[39m
[35m[HTTP][39m [37m-->[39m [37mGET[39m [37m/wd/hub/session/0111a16a-fc55-4b78-abe5-3e3c37ce86b7/window/rect[39m
[35m[HTTP][39m [90m{}[39m
[35m[HTTP][39m [37m<-- GET /wd/hub/session/0111a16a-fc55-4b78-abe5-3e3c37ce86b7/window/rect [39m[32m200[39m [90m26 ms - 50[39m
[35m[HTTP][39m [90m[39m
[35m[HTTP][39m [37m-->[39m [37mPOST[39m [37m/wd/hub/session/0111a16a-fc55-4b78-abe5-3e3c37ce86b7/elements[39m
[35m[HTTP][39m [90m{"using":"-android uiautomator","value":"new UiSelector().className(\"android.view.View\").text(\"Lihat Profil\")"}[39m
[35m[HTTP][39m [37m<-- POST /wd/hub/session/0111a16a-fc55-4b78-abe5-3e3c37ce86b7/elements [39m[32m200[39m [90m151 ms - 90[39m
[35m[HTTP][39m [90m[39m
[35m[HTTP][39m [37m-->[39m [37mGET[39m [37m/wd/hub/session/0111a16a-fc55-4b78-abe5-3e3c37ce86b7/element/4dd2a8ab-8322-4ba4-8cc3-d99c7f922053/location[39m
[35m[HTTP][39m [90m{}[39m
[35m[W3C][39m Driver proxy active, passing request on via HTTP proxy
[35m[JSONWP Proxy][39m Replacing sessionId 63ebbb71-ef70-4657-8635-63afbecf5707 with 0111a16a-fc55-4b78-abe5-3e3c37ce86b7
[35m[HTTP][39m [37m<-- GET /wd/hub/session/0111a16a-fc55-4b78-abe5-3e3c37ce86b7/element/4dd2a8ab-8322-4ba4-8cc3-d99c7f922053/location [39m[32m200[39m [90m42 ms - 89[39m
[35m[HTTP][39m [90m[39m
[35m[HTTP][39m [37m-->[39m [37mPOST[39m [37m/wd/hub/session/0111a16a-fc55-4b78-abe5-3e3c37ce86b7/timeouts[39m
[35m[HTTP][39m [90m{"implicit":60000}[39m
[35m[HTTP][39m [37m<-- POST /wd/hub/session/0111a16a-fc55-4b78-abe5-3e3c37ce86b7/timeouts [39m[32m200[39m [90m2 ms - 14[39m
[35m[HTTP][39m [90m[39m
[35m[HTTP][39m [37m-->[39m [37mPOST[39m [37m/wd/hub/session/0111a16a-fc55-4b78-abe5-3e3c37ce86b7/touch/perform[39m
[35m[HTTP][39m [90m{"actions":[{"action":"tap","options":{"x":1,"y":1,"element":"4dd2a8ab-8322-4ba4-8cc3-d99c7f922053"}},{"action":"release","options":{}}]}[39m
[35m[UiAutomator2][39m calling get location: 4dd2a8ab-8322-4ba4-8cc3-d99c7f922053
[35m[HTTP][39m [37m<-- POST /wd/hub/session/0111a16a-fc55-4b78-abe5-3e3c37ce86b7/touch/perform [39m[32m200[39m [90m955 ms - 14[39m
[35m[HTTP][39m [90m[39m
[35m[HTTP][39m [37m-->[39m [37mPOST[39m [37m/wd/hub/session/0111a16a-fc55-4b78-abe5-3e3c37ce86b7/timeouts[39m
[35m[HTTP][39m [90m{"implicit":50}[39m
[35m[HTTP][39m [37m<-- POST /wd/hub/session/0111a16a-fc55-4b78-abe5-3e3c37ce86b7/timeouts [39m[32m200[39m [90m4 ms - 14[39m
[35m[HTTP][39m [90m[39m
[35m[HTTP][39m [37m-->[39m [37mGET[39m [37m/wd/hub/session/0111a16a-fc55-4b78-abe5-3e3c37ce86b7/window/rect[39m
[35m[HTTP][39m [90m{}[39m
[35m[HTTP][39m [37m<-- GET /wd/hub/session/0111a16a-fc55-4b78-abe5-3e3c37ce86b7/window/rect [39m[32m200[39m [90m89 ms - 50[39m
[35m[HTTP][39m [90m[39m
[35m[HTTP][39m [37m-->[39m [37mPOST[39m [37m/wd/hub/session/0111a16a-fc55-4b78-abe5-3e3c37ce86b7/elements[39m
[35m[HTTP][39m [90m{"using":"-android uiautomator","value":"new UiSelector().className(\"android.view.View\").text(\"Ubah\")"}[39m
[35m[HTTP][39m [37m<-- POST /wd/hub/session/0111a16a-fc55-4b78-abe5-3e3c37ce86b7/elements [39m[32m200[39m [90m1754 ms - 90[39m
[35m[HTTP][39m [90m[39m
[35m[HTTP][39m [37m-->[39m [37mGET[39m [37m/wd/hub/session/0111a16a-fc55-4b78-abe5-3e3c37ce86b7/element/255c6a28-95bc-462f-91fc-8ce2bdf97e5e/location[39m
[35m[HTTP][39m [90m{}[39m
[35m[W3C][39m Driver proxy active, passing request on via HTTP proxy
[35m[JSONWP Proxy][39m Replacing sessionId 63ebbb71-ef70-4657-8635-63afbecf5707 with 0111a16a-fc55-4b78-abe5-3e3c37ce86b7
[35m[HTTP][39m [37m<-- GET /wd/hub/session/0111a16a-fc55-4b78-abe5-3e3c37ce86b7/element/255c6a28-95bc-462f-91fc-8ce2bdf97e5e/location [39m[32m200[39m [90m52 ms - 89[39m
[35m[HTTP][39m [90m[39m
[35m[HTTP][39m [37m-->[39m [37mPOST[39m [37m/wd/hub/session/0111a16a-fc55-4b78-abe5-3e3c37ce86b7/timeouts[39m
[35m[HTTP][39m [90m{"implicit":60000}[39m
[35m[HTTP][39m [37m<-- POST /wd/hub/session/0111a16a-fc55-4b78-abe5-3e3c37ce86b7/timeouts [39m[32m200[39m [90m2 ms - 14[39m
[35m[HTTP][39m [90m[39m
[35m[HTTP][39m [37m-->[39m [37mPOST[39m [37m/wd/hub/session/0111a16a-fc55-4b78-abe5-3e3c37ce86b7/touch/perform[39m
[35m[HTTP][39m [90m{"actions":[{"action":"tap","options":{"x":1,"y":1,"element":"255c6a28-95bc-462f-91fc-8ce2bdf97e5e"}},{"action":"release","options":{}}]}[39m
[35m[UiAutomator2][39m calling get location: 255c6a28-95bc-462f-91fc-8ce2bdf97e5e
[35m[HTTP][39m [37m<-- POST /wd/hub/session/0111a16a-fc55-4b78-abe5-3e3c37ce86b7/touch/perform [39m[32m200[39m [90m776 ms - 14[39m
[35m[HTTP][39m [90m[39m
[35m[HTTP][39m [37m-->[39m [37mPOST[39m [37m/wd/hub/session/0111a16a-fc55-4b78-abe5-3e3c37ce86b7/timeouts[39m
[35m[HTTP][39m [90m{"implicit":50}[39m
[35m[HTTP][39m [37m<-- POST /wd/hub/session/0111a16a-fc55-4b78-abe5-3e3c37ce86b7/timeouts [39m[32m200[39m [90m3 ms - 14[39m
[35m[HTTP][39m [90m[39m
[35m[HTTP][39m [37m-->[39m [37mGET[39m [37m/wd/hub/session/0111a16a-fc55-4b78-abe5-3e3c37ce86b7/window/rect[39m
[35m[HTTP][39m [90m{}[39m
[35m[HTTP][39m [37m<-- GET /wd/hub/session/0111a16a-fc55-4b78-abe5-3e3c37ce86b7/window/rect [39m[32m200[39m [90m27 ms - 50[39m
[35m[HTTP][39m [90m[39m
[35m[HTTP][39m [37m-->[39m [37mPOST[39m [37m/wd/hub/session/0111a16a-fc55-4b78-abe5-3e3c37ce86b7/elements[39m
[35m[HTTP][39m [90m{"using":"-android uiautomator","value":"new UiSelector().className(\"android.widget.EditText\").text(\"082233334444\").resourceId(\"b2-InputTelp\")"}[39m
[35m[HTTP][39m [37m<-- POST /wd/hub/session/0111a16a-fc55-4b78-abe5-3e3c37ce86b7/elements [39m[32m200[39m [90m372 ms - 90[39m
[35m[HTTP][39m [90m[39m
[35m[HTTP][39m [37m-->[39m [37mGET[39m [37m/wd/hub/session/0111a16a-fc55-4b78-abe5-3e3c37ce86b7/element/aec458f2-9590-43ee-9cb3-aec6075c1420/location[39m
[35m[HTTP][39m [90m{}[39m
[35m[W3C][39m Driver proxy active, passing request on via HTTP proxy
[35m[JSONWP Proxy][39m Replacing sessionId 63ebbb71-ef70-4657-8635-63afbecf5707 with 0111a16a-fc55-4b78-abe5-3e3c37ce86b7
[35m[HTTP][39m [37m<-- GET /wd/hub/session/0111a16a-fc55-4b78-abe5-3e3c37ce86b7/element/aec458f2-9590-43ee-9cb3-aec6075c1420/location [39m[32m200[39m [90m47 ms - 89[39m
[35m[HTTP][39m [90m[39m
[35m[HTTP][39m [37m-->[39m [37mPOST[39m [37m/wd/hub/session/0111a16a-fc55-4b78-abe5-3e3c37ce86b7/timeouts[39m
[35m[HTTP][39m [90m{"implicit":60000}[39m
[35m[HTTP][39m [37m<-- POST /wd/hub/session/0111a16a-fc55-4b78-abe5-3e3c37ce86b7/timeouts [39m[32m200[39m [90m4 ms - 14[39m
[35m[HTTP][39m [90m[39m
[35m[HTTP][39m [37m-->[39m [37mPOST[39m [37m/wd/hub/session/0111a16a-fc55-4b78-abe5-3e3c37ce86b7/touch/perform[39m
[35m[HTTP][39m [90m{"actions":[{"action":"tap","options":{"x":1,"y":1,"element":"aec458f2-9590-43ee-9cb3-aec6075c1420"}},{"action":"release","options":{}}]}[39m
[35m[UiAutomator2][39m calling get location: aec458f2-9590-43ee-9cb3-aec6075c1420
[35m[HTTP][39m [37m<-- POST /wd/hub/session/0111a16a-fc55-4b78-abe5-3e3c37ce86b7/touch/perform [39m[32m200[39m [90m828 ms - 14[39m
[35m[HTTP][39m [90m[39m
[35m[HTTP][39m [37m-->[39m [37mPOST[39m [37m/wd/hub/session/0111a16a-fc55-4b78-abe5-3e3c37ce86b7/timeouts[39m
[35m[HTTP][39m [90m{"implicit":50}[39m
[35m[HTTP][39m [37m<-- POST /wd/hub/session/0111a16a-fc55-4b78-abe5-3e3c37ce86b7/timeouts [39m[32m200[39m [90m4 ms - 14[39m
[35m[HTTP][39m [90m[39m
[35m[HTTP][39m [37m-->[39m [37mGET[39m [37m/wd/hub/session/0111a16a-fc55-4b78-abe5-3e3c37ce86b7/window/rect[39m
[35m[HTTP][39m [90m{}[39m
[35m[HTTP][39m [37m<-- GET /wd/hub/session/0111a16a-fc55-4b78-abe5-3e3c37ce86b7/window/rect [39m[32m200[39m [90m44 ms - 50[39m
[35m[HTTP][39m [90m[39m
[35m[HTTP][39m [37m-->[39m [37mPOST[39m [37m/wd/hub/session/0111a16a-fc55-4b78-abe5-3e3c37ce86b7/elements[39m
[35m[HTTP][39m [90m{"using":"-android uiautomator","value":"new UiSelector().className(\"android.widget.EditText\").resourceId(\"b3-Input_NoHpBaru\")"}[39m
[35m[HTTP][39m [37m<-- POST /wd/hub/session/0111a16a-fc55-4b78-abe5-3e3c37ce86b7/elements [39m[32m200[39m [90m544 ms - 12[39m
[35m[HTTP][39m [90m[39m
[35m[HTTP][39m [37m-->[39m [37mPOST[39m [37m/wd/hub/session/0111a16a-fc55-4b78-abe5-3e3c37ce86b7/elements[39m
[35m[HTTP][39m [90m{"using":"-android uiautomator","value":"new UiSelector().className(\"android.widget.EditText\").resourceId(\"b3-Input_NoHpBaru\")"}[39m
[35m[HTTP][39m [37m<-- POST /wd/hub/session/0111a16a-fc55-4b78-abe5-3e3c37ce86b7/elements [39m[32m200[39m [90m145 ms - 12[39m
[35m[HTTP][39m [90m[39m
[35m[HTTP][39m [37m-->[39m [37mPOST[39m [37m/wd/hub/session/0111a16a-fc55-4b78-abe5-3e3c37ce86b7/elements[39m
[35m[HTTP][39m [90m{"using":"-android uiautomator","value":"new UiSelector().className(\"android.widget.EditText\").resourceId(\"b3-Input_NoHpBaru\")"}[39m
[35m[HTTP][39m [37m<-- POST /wd/hub/session/0111a16a-fc55-4b78-abe5-3e3c37ce86b7/elements [39m[32m200[39m [90m2148 ms - 90[39m
[35m[HTTP][39m [90m[39m
[35m[HTTP][39m [37m-->[39m [37mGET[39m [37m/wd/hub/session/0111a16a-fc55-4b78-abe5-3e3c37ce86b7/element/c6cf97d6-909d-40cb-9b9d-55716eae205e/location[39m
[35m[HTTP][39m [90m{}[39m
[35m[W3C][39m Driver proxy active, passing request on via HTTP proxy
[35m[JSONWP Proxy][39m Replacing sessionId 63ebbb71-ef70-4657-8635-63afbecf5707 with 0111a16a-fc55-4b78-abe5-3e3c37ce86b7
[35m[HTTP][39m [37m<-- GET /wd/hub/session/0111a16a-fc55-4b78-abe5-3e3c37ce86b7/element/c6cf97d6-909d-40cb-9b9d-55716eae205e/location [39m[32m200[39m [90m36 ms - 88[39m
[35m[HTTP][39m [90m[39m
[35m[HTTP][39m [37m-->[39m [37mPOST[39m [37m/wd/hub/session/0111a16a-fc55-4b78-abe5-3e3c37ce86b7/timeouts[39m
[35m[HTTP][39m [90m{"implicit":60000}[39m
[35m[HTTP][39m [37m<-- POST /wd/hub/session/0111a16a-fc55-4b78-abe5-3e3c37ce86b7/timeouts [39m[32m200[39m [90m2 ms - 14[39m
[35m[HTTP][39m [90m[39m
[35m[HTTP][39m [37m-->[39m [37mPOST[39m [37m/wd/hub/session/0111a16a-fc55-4b78-abe5-3e3c37ce86b7/element/c6cf97d6-909d-40cb-9b9d-55716eae205e/clear[39m
[35m[HTTP][39m [90m{"id":"c6cf97d6-909d-40cb-9b9d-55716eae205e"}[39m
[35m[HTTP][39m [37m<-- POST /wd/hub/session/0111a16a-fc55-4b78-abe5-3e3c37ce86b7/element/c6cf97d6-909d-40cb-9b9d-55716eae205e/clear [39m[32m200[39m [90m46 ms - 27[39m
[35m[HTTP][39m [90m[39m
[35m[HTTP][39m [37m-->[39m [37mPOST[39m [37m/wd/hub/session/0111a16a-fc55-4b78-abe5-3e3c37ce86b7/element/c6cf97d6-909d-40cb-9b9d-55716eae205e/value[39m
[35m[HTTP][39m [90m{"id":"c6cf97d6-909d-40cb-9b9d-55716eae205e","text":"87830815038","value":["8","7","8","3","0","8","1","5","0","3","8"]}[39m
[35m[HTTP][39m [37m<-- POST /wd/hub/session/0111a16a-fc55-4b78-abe5-3e3c37ce86b7/element/c6cf97d6-909d-40cb-9b9d-55716eae205e/value [39m[32m200[39m [90m760 ms - 12[39m
[35m[HTTP][39m [90m[39m
[35m[HTTP][39m [37m-->[39m [37mPOST[39m [37m/wd/hub/session/0111a16a-fc55-4b78-abe5-3e3c37ce86b7/timeouts[39m
[35m[HTTP][39m [90m{"implicit":50}[39m
[35m[HTTP][39m [37m<-- POST /wd/hub/session/0111a16a-fc55-4b78-abe5-3e3c37ce86b7/timeouts [39m[32m200[39m [90m3 ms - 14[39m
[35m[HTTP][39m [90m[39m
[35m[HTTP][39m [37m-->[39m [37mGET[39m [37m/wd/hub/session/0111a16a-fc55-4b78-abe5-3e3c37ce86b7/window/rect[39m
[35m[HTTP][39m [90m{}[39m
[35m[HTTP][39m [37m<-- GET /wd/hub/session/0111a16a-fc55-4b78-abe5-3e3c37ce86b7/window/rect [39m[32m200[39m [90m19 ms - 50[39m
[35m[HTTP][39m [90m[39m
[35m[HTTP][39m [37m-->[39m [37mPOST[39m [37m/wd/hub/session/0111a16a-fc55-4b78-abe5-3e3c37ce86b7/elements[39m
[35m[HTTP][39m [90m{"using":"-android uiautomator","value":"new UiSelector().className(\"android.widget.EditText\").resourceId(\"b3-Input_NoHpBaru\")"}[39m
[35m[HTTP][39m [37m<-- POST /wd/hub/session/0111a16a-fc55-4b78-abe5-3e3c37ce86b7/elements [39m[32m200[39m [90m684 ms - 90[39m
[35m[HTTP][39m [90m[39m
[35m[HTTP][39m [37m-->[39m [37mGET[39m [37m/wd/hub/session/0111a16a-fc55-4b78-abe5-3e3c37ce86b7/element/a1178b8c-e494-4fc1-b74f-77100ed64e5d/location[39m
[35m[HTTP][39m [90m{}[39m
[35m[W3C][39m Driver proxy active, passing request on via HTTP proxy
[35m[JSONWP Proxy][39m Replacing sessionId 63ebbb71-ef70-4657-8635-63afbecf5707 with 0111a16a-fc55-4b78-abe5-3e3c37ce86b7
[35m[HTTP][39m [37m<-- GET /wd/hub/session/0111a16a-fc55-4b78-abe5-3e3c37ce86b7/element/a1178b8c-e494-4fc1-b74f-77100ed64e5d/location [39m[32m200[39m [90m40 ms - 88[39m
[35m[HTTP][39m [90m[39m
[35m[HTTP][39m [37m-->[39m [37mPOST[39m [37m/wd/hub/session/0111a16a-fc55-4b78-abe5-3e3c37ce86b7/timeouts[39m
[35m[HTTP][39m [90m{"implicit":60000}[39m
[35m[HTTP][39m [37m<-- POST /wd/hub/session/0111a16a-fc55-4b78-abe5-3e3c37ce86b7/timeouts [39m[32m200[39m [90m2 ms - 14[39m
[35m[HTTP][39m [90m[39m
[35m[HTTP][39m [37m-->[39m [37mGET[39m [37m/wd/hub/session/0111a16a-fc55-4b78-abe5-3e3c37ce86b7/element/a1178b8c-e494-4fc1-b74f-77100ed64e5d/text[39m
[35m[HTTP][39m [90m{}[39m
[35m[W3C][39m Driver proxy active, passing request on via HTTP proxy
[35m[JSONWP Proxy][39m Replacing sessionId 63ebbb71-ef70-4657-8635-63afbecf5707 with 0111a16a-fc55-4b78-abe5-3e3c37ce86b7
[35m[HTTP][39m [37m<-- GET /wd/hub/session/0111a16a-fc55-4b78-abe5-3e3c37ce86b7/element/a1178b8c-e494-4fc1-b74f-77100ed64e5d/text [39m[32m200[39m [90m53 ms - 85[39m
[35m[HTTP][39m [90m[39m
[35m[HTTP][39m [37m-->[39m [37mPOST[39m [37m/wd/hub/session/0111a16a-fc55-4b78-abe5-3e3c37ce86b7/timeouts[39m
[35m[HTTP][39m [90m{"implicit":50}[39m
[35m[HTTP][39m [37m<-- POST /wd/hub/session/0111a16a-fc55-4b78-abe5-3e3c37ce86b7/timeouts [39m[32m200[39m [90m3 ms - 14[39m
[35m[HTTP][39m [90m[39m
[35m[HTTP][39m [37m-->[39m [37mGET[39m [37m/wd/hub/session/0111a16a-fc55-4b78-abe5-3e3c37ce86b7/window/rect[39m
[35m[HTTP][39m [90m{}[39m
[35m[HTTP][39m [37m<-- GET /wd/hub/session/0111a16a-fc55-4b78-abe5-3e3c37ce86b7/window/rect [39m[32m200[39m [90m28 ms - 50[39m
[35m[HTTP][39m [90m[39m
[35m[HTTP][39m [37m-->[39m [37mPOST[39m [37m/wd/hub/session/0111a16a-fc55-4b78-abe5-3e3c37ce86b7/elements[39m
[35m[HTTP][39m [90m{"using":"-android uiautomator","value":"new UiSelector().className(\"android.widget.Button\").text(\"Konfirmasi\")"}[39m
[35m[HTTP][39m [37m<-- POST /wd/hub/session/0111a16a-fc55-4b78-abe5-3e3c37ce86b7/elements [39m[32m200[39m [90m120 ms - 90[39m
[35m[HTTP][39m [90m[39m
[35m[HTTP][39m [37m-->[39m [37mGET[39m [37m/wd/hub/session/0111a16a-fc55-4b78-abe5-3e3c37ce86b7/element/480e5abc-510b-4a44-b5f5-4e95f623826b/location[39m
[35m[HTTP][39m [90m{}[39m
[35m[W3C][39m Driver proxy active, passing request on via HTTP proxy
[35m[JSONWP Proxy][39m Replacing sessionId 63ebbb71-ef70-4657-8635-63afbecf5707 with 0111a16a-fc55-4b78-abe5-3e3c37ce86b7
[35m[HTTP][39m [37m<-- GET /wd/hub/session/0111a16a-fc55-4b78-abe5-3e3c37ce86b7/element/480e5abc-510b-4a44-b5f5-4e95f623826b/location [39m[32m200[39m [90m43 ms - 89[39m
[35m[HTTP][39m [90m[39m
[35m[HTTP][39m [37m-->[39m [37mPOST[39m [37m/wd/hub/session/0111a16a-fc55-4b78-abe5-3e3c37ce86b7/timeouts[39m
[35m[HTTP][39m [90m{"implicit":60000}[39m
[35m[HTTP][39m [37m<-- POST /wd/hub/session/0111a16a-fc55-4b78-abe5-3e3c37ce86b7/timeouts [39m[32m200[39m [90m6 ms - 14[39m
[35m[HTTP][39m [90m[39m
[35m[HTTP][39m [37m-->[39m [37mPOST[39m [37m/wd/hub/session/0111a16a-fc55-4b78-abe5-3e3c37ce86b7/touch/perform[39m
[35m[HTTP][39m [90m{"actions":[{"action":"tap","options":{"x":1,"y":1,"element":"480e5abc-510b-4a44-b5f5-4e95f623826b"}},{"action":"release","options":{}}]}[39m
[35m[UiAutomator2][39m calling get location: 480e5abc-510b-4a44-b5f5-4e95f623826b
[35m[HTTP][39m [37m<-- POST /wd/hub/session/0111a16a-fc55-4b78-abe5-3e3c37ce86b7/touch/perform [39m[32m200[39m [90m1029 ms - 14[39m
[35m[HTTP][39m [90m[39m
[35m[HTTP][39m [37m-->[39m [37mPOST[39m [37m/wd/hub/session/0111a16a-fc55-4b78-abe5-3e3c37ce86b7/timeouts[39m
[35m[HTTP][39m [90m{"implicit":50}[39m
[35m[HTTP][39m [37m<-- POST /wd/hub/session/0111a16a-fc55-4b78-abe5-3e3c37ce86b7/timeouts [39m[32m200[39m [90m3 ms - 14[39m
[35m[HTTP][39m [90m[39m
[35m[HTTP][39m [37m-->[39m [37mGET[39m [37m/wd/hub/session/0111a16a-fc55-4b78-abe5-3e3c37ce86b7/window/rect[39m
[35m[HTTP][39m [90m{}[39m
[35m[HTTP][39m [37m<-- GET /wd/hub/session/0111a16a-fc55-4b78-abe5-3e3c37ce86b7/window/rect [39m[32m200[39m [90m48 ms - 50[39m
[35m[HTTP][39m [90m[39m
[35m[HTTP][39m [37m-->[39m [37mPOST[39m [37m/wd/hub/session/0111a16a-fc55-4b78-abe5-3e3c37ce86b7/elements[39m
[35m[HTTP][39m [90m{"using":"-android uiautomator","value":"new UiSelector().className(\"android.widget.EditText\").resourceId(\"b2-Input_Kode\")"}[39m
[35m[HTTP][39m [37m<-- POST /wd/hub/session/0111a16a-fc55-4b78-abe5-3e3c37ce86b7/elements [39m[32m200[39m [90m1607 ms - 12[39m
[35m[HTTP][39m [90m[39m
[35m[HTTP][39m [37m-->[39m [37mPOST[39m [37m/wd/hub/session/0111a16a-fc55-4b78-abe5-3e3c37ce86b7/elements[39m
[35m[HTTP][39m [90m{"using":"-android uiautomator","value":"new UiSelector().className(\"android.widget.EditText\").resourceId(\"b2-Input_Kode\")"}[39m
[35m[HTTP][39m [37m<-- POST /wd/hub/session/0111a16a-fc55-4b78-abe5-3e3c37ce86b7/elements [39m[32m200[39m [90m473 ms - 12[39m
[35m[HTTP][39m [90m[39m
[35m[HTTP][39m [37m-->[39m [37mPOST[39m [37m/wd/hub/session/0111a16a-fc55-4b78-abe5-3e3c37ce86b7/elements[39m
[35m[HTTP][39m [90m{"using":"-android uiautomator","value":"new UiSelector().className(\"android.widget.EditText\").resourceId(\"b2-Input_Kode\")"}[39m
[35m[HTTP][39m [37m<-- POST /wd/hub/session/0111a16a-fc55-4b78-abe5-3e3c37ce86b7/elements [39m[32m200[39m [90m588 ms - 12[39m
[35m[HTTP][39m [90m[39m
[35m[HTTP][39m [37m-->[39m [37mPOST[39m [37m/wd/hub/session/0111a16a-fc55-4b78-abe5-3e3c37ce86b7/elements[39m
[35m[HTTP][39m [90m{"using":"-android uiautomator","value":"new UiSelector().className(\"android.widget.EditText\").resourceId(\"b2-Input_Kode\")"}[39m
[35m[HTTP][39m [37m<-- POST /wd/hub/session/0111a16a-fc55-4b78-abe5-3e3c37ce86b7/elements [39m[32m200[39m [90m295 ms - 12[39m
[35m[HTTP][39m [90m[39m
[35m[HTTP][39m [37m-->[39m [37mPOST[39m [37m/wd/hub/session/0111a16a-fc55-4b78-abe5-3e3c37ce86b7/elements[39m
[35m[HTTP][39m [90m{"using":"-android uiautomator","value":"new UiSelector().className(\"android.widget.EditText\").resourceId(\"b2-Input_Kode\")"}[39m
[35m[HTTP][39m [37m<-- POST /wd/hub/session/0111a16a-fc55-4b78-abe5-3e3c37ce86b7/elements [39m[32m200[39m [90m284 ms - 12[39m
[35m[HTTP][39m [90m[39m
[35m[HTTP][39m [37m-->[39m [37mPOST[39m [37m/wd/hub/session/0111a16a-fc55-4b78-abe5-3e3c37ce86b7/elements[39m
[35m[HTTP][39m [90m{"using":"-android uiautomator","value":"new UiSelector().className(\"android.widget.EditText\").resourceId(\"b2-Input_Kode\")"}[39m
[35m[HTTP][39m [37m<-- POST /wd/hub/session/0111a16a-fc55-4b78-abe5-3e3c37ce86b7/elements [39m[32m200[39m [90m449 ms - 12[39m
[35m[HTTP][39m [90m[39m
[35m[HTTP][39m [37m-->[39m [37mPOST[39m [37m/wd/hub/session/0111a16a-fc55-4b78-abe5-3e3c37ce86b7/elements[39m
[35m[HTTP][39m [90m{"using":"-android uiautomator","value":"new UiSelector().className(\"android.widget.EditText\").resourceId(\"b2-Input_Kode\")"}[39m
[35m[HTTP][39m [37m<-- POST /wd/hub/session/0111a16a-fc55-4b78-abe5-3e3c37ce86b7/elements [39m[32m200[39m [90m354 ms - 12[39m
[35m[HTTP][39m [90m[39m
[35m[HTTP][39m [37m-->[39m [37mPOST[39m [37m/wd/hub/session/0111a16a-fc55-4b78-abe5-3e3c37ce86b7/elements[39m
[35m[HTTP][39m [90m{"using":"-android uiautomator","value":"new UiSelector().className(\"android.widget.EditText\").resourceId(\"b2-Input_Kode\")"}[39m
[35m[HTTP][39m [37m<-- POST /wd/hub/session/0111a16a-fc55-4b78-abe5-3e3c37ce86b7/elements [39m[32m200[39m [90m1518 ms - 90[39m
[35m[HTTP][39m [90m[39m
[35m[HTTP][39m [37m-->[39m [37mGET[39m [37m/wd/hub/session/0111a16a-fc55-4b78-abe5-3e3c37ce86b7/element/d9a3fe75-9517-4ee7-9614-70c1426dd48e/location[39m
[35m[HTTP][39m [90m{}[39m
[35m[W3C][39m Driver proxy active, passing request on via HTTP proxy
[35m[JSONWP Proxy][39m Replacing sessionId 63ebbb71-ef70-4657-8635-63afbecf5707 with 0111a16a-fc55-4b78-abe5-3e3c37ce86b7
[35m[HTTP][39m [37m<-- GET /wd/hub/session/0111a16a-fc55-4b78-abe5-3e3c37ce86b7/element/d9a3fe75-9517-4ee7-9614-70c1426dd48e/location [39m[32m200[39m [90m281 ms - 90[39m
[35m[HTTP][39m [90m[39m
[35m[HTTP][39m [37m-->[39m [37mPOST[39m [37m/wd/hub/session/0111a16a-fc55-4b78-abe5-3e3c37ce86b7/timeouts[39m
[35m[HTTP][39m [90m{"implicit":60000}[39m
[35m[HTTP][39m [37m<-- POST /wd/hub/session/0111a16a-fc55-4b78-abe5-3e3c37ce86b7/timeouts [39m[32m200[39m [90m3 ms - 14[39m
[35m[HTTP][39m [90m[39m
[35m[HTTP][39m [37m-->[39m [37mPOST[39m [37m/wd/hub/session/0111a16a-fc55-4b78-abe5-3e3c37ce86b7/element/d9a3fe75-9517-4ee7-9614-70c1426dd48e/clear[39m
[35m[HTTP][39m [90m{"id":"d9a3fe75-9517-4ee7-9614-70c1426dd48e"}[39m
[35m[HTTP][39m [37m<-- POST /wd/hub/session/0111a16a-fc55-4b78-abe5-3e3c37ce86b7/element/d9a3fe75-9517-4ee7-9614-70c1426dd48e/clear [39m[32m200[39m [90m180 ms - 27[39m
[35m[HTTP][39m [90m[39m
[35m[HTTP][39m [37m-->[39m [37mPOST[39m [37m/wd/hub/session/0111a16a-fc55-4b78-abe5-3e3c37ce86b7/element/d9a3fe75-9517-4ee7-9614-70c1426dd48e/value[39m
[35m[HTTP][39m [90m{"id":"d9a3fe75-9517-4ee7-9614-70c1426dd48e","text":"356195","value":["3","5","6","1","9","5"]}[39m
[35m[HTTP][39m [37m<-- POST /wd/hub/session/0111a16a-fc55-4b78-abe5-3e3c37ce86b7/element/d9a3fe75-9517-4ee7-9614-70c1426dd48e/value [39m[32m200[39m [90m894 ms - 12[39m
[35m[HTTP][39m [90m[39m
[35m[HTTP][39m [37m-->[39m [37mPOST[39m [37m/wd/hub/session/0111a16a-fc55-4b78-abe5-3e3c37ce86b7/timeouts[39m
[35m[HTTP][39m [90m{"implicit":50}[39m
[35m[HTTP][39m [37m<-- POST /wd/hub/session/0111a16a-fc55-4b78-abe5-3e3c37ce86b7/timeouts [39m[32m200[39m [90m4 ms - 14[39m
[35m[HTTP][39m [90m[39m
[35m[HTTP][39m [37m-->[39m [37mGET[39m [37m/wd/hub/session/0111a16a-fc55-4b78-abe5-3e3c37ce86b7/window/rect[39m
[35m[HTTP][39m [90m{}[39m
[35m[HTTP][39m [37m<-- GET /wd/hub/session/0111a16a-fc55-4b78-abe5-3e3c37ce86b7/window/rect [39m[32m200[39m [90m20 ms - 50[39m
[35m[HTTP][39m [90m[39m
[35m[HTTP][39m [37m-->[39m [37mPOST[39m [37m/wd/hub/session/0111a16a-fc55-4b78-abe5-3e3c37ce86b7/elements[39m
[35m[HTTP][39m [90m{"using":"-android uiautomator","value":"new UiSelector().className(\"android.widget.Button\").text(\"Verifikasi\")"}[39m
[35m[HTTP][39m [37m<-- POST /wd/hub/session/0111a16a-fc55-4b78-abe5-3e3c37ce86b7/elements [39m[32m200[39m [90m460 ms - 90[39m
[35m[HTTP][39m [90m[39m
[35m[HTTP][39m [37m-->[39m [37mGET[39m [37m/wd/hub/session/0111a16a-fc55-4b78-abe5-3e3c37ce86b7/element/ed099b52-7935-492d-8cbd-0784bb93f745/location[39m
[35m[HTTP][39m [90m{}[39m
[35m[W3C][39m Driver proxy active, passing request on via HTTP proxy
[35m[JSONWP Proxy][39m Replacing sessionId 63ebbb71-ef70-4657-8635-63afbecf5707 with 0111a16a-fc55-4b78-abe5-3e3c37ce86b7
[35m[HTTP][39m [37m<-- GET /wd/hub/session/0111a16a-fc55-4b78-abe5-3e3c37ce86b7/element/ed099b52-7935-492d-8cbd-0784bb93f745/location [39m[32m200[39m [90m38 ms - 89[39m
[35m[HTTP][39m [90m[39m
[35m[HTTP][39m [37m-->[39m [37mPOST[39m [37m/wd/hub/session/0111a16a-fc55-4b78-abe5-3e3c37ce86b7/timeouts[39m
[35m[HTTP][39m [90m{"implicit":60000}[39m
[35m[HTTP][39m [37m<-- POST /wd/hub/session/0111a16a-fc55-4b78-abe5-3e3c37ce86b7/timeouts [39m[32m200[39m [90m2 ms - 14[39m
[35m[HTTP][39m [90m[39m
[35m[HTTP][39m [37m-->[39m [37mPOST[39m [37m/wd/hub/session/0111a16a-fc55-4b78-abe5-3e3c37ce86b7/touch/perform[39m
[35m[HTTP][39m [90m{"actions":[{"action":"tap","options":{"x":1,"y":1,"element":"ed099b52-7935-492d-8cbd-0784bb93f745"}},{"action":"release","options":{}}]}[39m
[35m[UiAutomator2][39m calling get location: ed099b52-7935-492d-8cbd-0784bb93f745
[35m[HTTP][39m [37m<-- POST /wd/hub/session/0111a16a-fc55-4b78-abe5-3e3c37ce86b7/touch/perform [39m[32m200[39m [90m903 ms - 14[39m
[35m[HTTP][39m [90m[39m
[35m[HTTP][39m [37m-->[39m [37mPOST[39m [37m/wd/hub/session/0111a16a-fc55-4b78-abe5-3e3c37ce86b7/timeouts[39m
[35m[HTTP][39m [90m{"implicit":50}[39m
[35m[HTTP][39m [37m<-- POST /wd/hub/session/0111a16a-fc55-4b78-abe5-3e3c37ce86b7/timeouts [39m[32m200[39m [90m2 ms - 14[39m
[35m[HTTP][39m [90m[39m
[35m[HTTP][39m [37m-->[39m [37mGET[39m [37m/wd/hub/session/0111a16a-fc55-4b78-abe5-3e3c37ce86b7/window/rect[39m
[35m[HTTP][39m [90m{}[39m
[35m[HTTP][39m [37m<-- GET /wd/hub/session/0111a16a-fc55-4b78-abe5-3e3c37ce86b7/window/rect [39m[32m200[39m [90m23 ms - 50[39m
[35m[HTTP][39m [90m[39m
[35m[HTTP][39m [37m-->[39m [37mPOST[39m [37m/wd/hub/session/0111a16a-fc55-4b78-abe5-3e3c37ce86b7/elements[39m
[35m[HTTP][39m [90m{"using":"-android uiautomator","value":"new UiSelector().className(\"android.view.View\").text(\"Selamat!\")"}[39m
[35m[HTTP][39m [37m<-- POST /wd/hub/session/0111a16a-fc55-4b78-abe5-3e3c37ce86b7/elements [39m[32m200[39m [90m563 ms - 12[39m
[35m[HTTP][39m [90m[39m
[35m[HTTP][39m [37m-->[39m [37mPOST[39m [37m/wd/hub/session/0111a16a-fc55-4b78-abe5-3e3c37ce86b7/elements[39m
[35m[HTTP][39m [90m{"using":"-android uiautomator","value":"new UiSelector().className(\"android.view.View\").text(\"Selamat!\")"}[39m
[35m[HTTP][39m [37m<-- POST /wd/hub/session/0111a16a-fc55-4b78-abe5-3e3c37ce86b7/elements [39m[32m200[39m [90m280 ms - 12[39m
[35m[HTTP][39m [90m[39m
[35m[HTTP][39m [37m-->[39m [37mPOST[39m [37m/wd/hub/session/0111a16a-fc55-4b78-abe5-3e3c37ce86b7/elements[39m
[35m[HTTP][39m [90m{"using":"-android uiautomator","value":"new UiSelector().className(\"android.view.View\").text(\"Selamat!\")"}[39m
[35m[HTTP][39m [37m<-- POST /wd/hub/session/0111a16a-fc55-4b78-abe5-3e3c37ce86b7/elements [39m[32m200[39m [90m177 ms - 12[39m
[35m[HTTP][39m [90m[39m
[35m[HTTP][39m [37m-->[39m [37mPOST[39m [37m/wd/hub/session/0111a16a-fc55-4b78-abe5-3e3c37ce86b7/elements[39m
[35m[HTTP][39m [90m{"using":"-android uiautomator","value":"new UiSelector().className(\"android.view.View\").text(\"Selamat!\")"}[39m
[35m[HTTP][39m [37m<-- POST /wd/hub/session/0111a16a-fc55-4b78-abe5-3e3c37ce86b7/elements [39m[32m200[39m [90m407 ms - 12[39m
[35m[HTTP][39m [90m[39m
[35m[HTTP][39m [37m-->[39m [37mPOST[39m [37m/wd/hub/session/0111a16a-fc55-4b78-abe5-3e3c37ce86b7/elements[39m
[35m[HTTP][39m [90m{"using":"-android uiautomator","value":"new UiSelector().className(\"android.view.View\").text(\"Selamat!\")"}[39m
[35m[HTTP][39m [37m<-- POST /wd/hub/session/0111a16a-fc55-4b78-abe5-3e3c37ce86b7/elements [39m[32m200[39m [90m484 ms - 12[39m
[35m[HTTP][39m [90m[39m
[35m[HTTP][39m [37m-->[39m [37mPOST[39m [37m/wd/hub/session/0111a16a-fc55-4b78-abe5-3e3c37ce86b7/elements[39m
[35m[HTTP][39m [90m{"using":"-android uiautomator","value":"new UiSelector().className(\"android.view.View\").text(\"Selamat!\")"}[39m
[35m[HTTP][39m [37m<-- POST /wd/hub/session/0111a16a-fc55-4b78-abe5-3e3c37ce86b7/elements [39m[32m200[39m [90m432 ms - 12[39m
[35m[HTTP][39m [90m[39m
[35m[HTTP][39m [37m-->[39m [37mPOST[39m [37m/wd/hub/session/0111a16a-fc55-4b78-abe5-3e3c37ce86b7/elements[39m
[35m[HTTP][39m [90m{"using":"-android uiautomator","value":"new UiSelector().className(\"android.view.View\").text(\"Selamat!\")"}[39m
[35m[HTTP][39m [37m<-- POST /wd/hub/session/0111a16a-fc55-4b78-abe5-3e3c37ce86b7/elements [39m[32m200[39m [90m350 ms - 12[39m
[35m[HTTP][39m [90m[39m
[35m[HTTP][39m [37m-->[39m [37mPOST[39m [37m/wd/hub/session/0111a16a-fc55-4b78-abe5-3e3c37ce86b7/elements[39m
[35m[HTTP][39m [90m{"using":"-android uiautomator","value":"new UiSelector().className(\"android.view.View\").text(\"Selamat!\")"}[39m
[35m[HTTP][39m [37m<-- POST /wd/hub/session/0111a16a-fc55-4b78-abe5-3e3c37ce86b7/elements [39m[32m200[39m [90m212 ms - 12[39m
[35m[HTTP][39m [90m[39m
[35m[HTTP][39m [37m-->[39m [37mPOST[39m [37m/wd/hub/session/0111a16a-fc55-4b78-abe5-3e3c37ce86b7/elements[39m
[35m[HTTP][39m [90m{"using":"-android uiautomator","value":"new UiSelector().className(\"android.view.View\").text(\"Selamat!\")"}[39m
[35m[HTTP][39m [37m<-- POST /wd/hub/session/0111a16a-fc55-4b78-abe5-3e3c37ce86b7/elements [39m[32m200[39m [90m357 ms - 12[39m
[35m[HTTP][39m [90m[39m
[35m[HTTP][39m [37m-->[39m [37mPOST[39m [37m/wd/hub/session/0111a16a-fc55-4b78-abe5-3e3c37ce86b7/elements[39m
[35m[HTTP][39m [90m{"using":"-android uiautomator","value":"new UiSelector().className(\"android.view.View\").text(\"Selamat!\")"}[39m
[35m[HTTP][39m [37m<-- POST /wd/hub/session/0111a16a-fc55-4b78-abe5-3e3c37ce86b7/elements [39m[32m200[39m [90m1287 ms - 12[39m
[35m[HTTP][39m [90m[39m
[35m[HTTP][39m [37m-->[39m [37mPOST[39m [37m/wd/hub/session/0111a16a-fc55-4b78-abe5-3e3c37ce86b7/elements[39m
[35m[HTTP][39m [90m{"using":"-android uiautomator","value":"new UiSelector().className(\"android.view.View\").text(\"Selamat!\")"}[39m
[35m[HTTP][39m [37m<-- POST /wd/hub/session/0111a16a-fc55-4b78-abe5-3e3c37ce86b7/elements [39m[32m200[39m [90m705 ms - 90[39m
[35m[HTTP][39m [90m[39m
[35m[HTTP][39m [37m-->[39m [37mGET[39m [37m/wd/hub/session/0111a16a-fc55-4b78-abe5-3e3c37ce86b7/element/3588aafc-0c60-46ce-8f43-ad1e34a060ce/location[39m
[35m[HTTP][39m [90m{}[39m
[35m[W3C][39m Driver proxy active, passing request on via HTTP proxy
[35m[JSONWP Proxy][39m Replacing sessionId 63ebbb71-ef70-4657-8635-63afbecf5707 with 0111a16a-fc55-4b78-abe5-3e3c37ce86b7
[35m[HTTP][39m [37m<-- GET /wd/hub/session/0111a16a-fc55-4b78-abe5-3e3c37ce86b7/element/3588aafc-0c60-46ce-8f43-ad1e34a060ce/location [39m[32m200[39m [90m620 ms - 89[39m
[35m[HTTP][39m [90m[39m
[35m[HTTP][39m [37m-->[39m [37mPOST[39m [37m/wd/hub/session/0111a16a-fc55-4b78-abe5-3e3c37ce86b7/timeouts[39m
[35m[HTTP][39m [90m{"implicit":60000}[39m
[35m[HTTP][39m [37m<-- POST /wd/hub/session/0111a16a-fc55-4b78-abe5-3e3c37ce86b7/timeouts [39m[32m200[39m [90m3 ms - 14[39m
[35m[HTTP][39m [90m[39m
[35m[HTTP][39m [37m-->[39m [37mPOST[39m [37m/wd/hub/session/0111a16a-fc55-4b78-abe5-3e3c37ce86b7/timeouts[39m
[35m[HTTP][39m [90m{"implicit":50}[39m
[35m[HTTP][39m [37m<-- POST /wd/hub/session/0111a16a-fc55-4b78-abe5-3e3c37ce86b7/timeouts [39m[32m200[39m [90m5 ms - 14[39m
[35m[HTTP][39m [90m[39m
[35m[HTTP][39m [37m-->[39m [37mGET[39m [37m/wd/hub/session/0111a16a-fc55-4b78-abe5-3e3c37ce86b7/window/rect[39m
[35m[HTTP][39m [90m{}[39m
[35m[HTTP][39m [37m<-- GET /wd/hub/session/0111a16a-fc55-4b78-abe5-3e3c37ce86b7/window/rect [39m[32m200[39m [90m21 ms - 50[39m
[35m[HTTP][39m [90m[39m
[35m[HTTP][39m [37m-->[39m [37mPOST[39m [37m/wd/hub/session/0111a16a-fc55-4b78-abe5-3e3c37ce86b7/elements[39m
[35m[HTTP][39m [90m{"using":"-android uiautomator","value":"new UiSelector().className(\"android.widget.Button\").text(\"Okay!\")"}[39m
[35m[HTTP][39m [37m<-- POST /wd/hub/session/0111a16a-fc55-4b78-abe5-3e3c37ce86b7/elements [39m[32m200[39m [90m67 ms - 90[39m
[35m[HTTP][39m [90m[39m
[35m[HTTP][39m [37m-->[39m [37mGET[39m [37m/wd/hub/session/0111a16a-fc55-4b78-abe5-3e3c37ce86b7/element/beb9a857-bebc-4493-a318-4206bcd598bd/location[39m
[35m[HTTP][39m [90m{}[39m
[35m[W3C][39m Driver proxy active, passing request on via HTTP proxy
[35m[JSONWP Proxy][39m Replacing sessionId 63ebbb71-ef70-4657-8635-63afbecf5707 with 0111a16a-fc55-4b78-abe5-3e3c37ce86b7
[35m[HTTP][39m [37m<-- GET /wd/hub/session/0111a16a-fc55-4b78-abe5-3e3c37ce86b7/element/beb9a857-bebc-4493-a318-4206bcd598bd/location [39m[32m200[39m [90m36 ms - 90[39m
[35m[HTTP][39m [90m[39m
[35m[HTTP][39m [37m-->[39m [37mPOST[39m [37m/wd/hub/session/0111a16a-fc55-4b78-abe5-3e3c37ce86b7/timeouts[39m
[35m[HTTP][39m [90m{"implicit":60000}[39m
[35m[HTTP][39m [37m<-- POST /wd/hub/session/0111a16a-fc55-4b78-abe5-3e3c37ce86b7/timeouts [39m[32m200[39m [90m3 ms - 14[39m
[35m[HTTP][39m [90m[39m
[35m[HTTP][39m [37m-->[39m [37mPOST[39m [37m/wd/hub/session/0111a16a-fc55-4b78-abe5-3e3c37ce86b7/touch/perform[39m
[35m[HTTP][39m [90m{"actions":[{"action":"tap","options":{"x":1,"y":1,"element":"beb9a857-bebc-4493-a318-4206bcd598bd"}},{"action":"release","options":{}}]}[39m
[35m[UiAutomator2][39m calling get location: beb9a857-bebc-4493-a318-4206bcd598bd
[35m[HTTP][39m [37m<-- POST /wd/hub/session/0111a16a-fc55-4b78-abe5-3e3c37ce86b7/touch/perform [39m[32m200[39m [90m878 ms - 14[39m
[35m[HTTP][39m [90m[39m
[35m[HTTP][39m [37m-->[39m [37mPOST[39m [37m/wd/hub/session/0111a16a-fc55-4b78-abe5-3e3c37ce86b7/timeouts[39m
[35m[HTTP][39m [90m{"implicit":50}[39m
[35m[HTTP][39m [37m<-- POST /wd/hub/session/0111a16a-fc55-4b78-abe5-3e3c37ce86b7/timeouts [39m[32m200[39m [90m3 ms - 14[39m
[35m[HTTP][39m [90m[39m
[35m[HTTP][39m [37m-->[39m [37mGET[39m [37m/wd/hub/session/0111a16a-fc55-4b78-abe5-3e3c37ce86b7/window/rect[39m
[35m[HTTP][39m [90m{}[39m
[35m[HTTP][39m [37m<-- GET /wd/hub/session/0111a16a-fc55-4b78-abe5-3e3c37ce86b7/window/rect [39m[32m200[39m [90m27 ms - 50[39m
[35m[HTTP][39m [90m[39m
[35m[HTTP][39m [37m-->[39m [37mPOST[39m [37m/wd/hub/session/0111a16a-fc55-4b78-abe5-3e3c37ce86b7/elements[39m
[35m[HTTP][39m [90m{"using":"-android uiautomator","value":"new UiSelector().className(\"android.widget.Spinner\").resourceId(\"b2-Input_TanggalLahir\")"}[39m
[35m[HTTP][39m [37m<-- POST /wd/hub/session/0111a16a-fc55-4b78-abe5-3e3c37ce86b7/elements [39m[32m200[39m [90m359 ms - 12[39m
[35m[HTTP][39m [90m[39m
[35m[HTTP][39m [37m-->[39m [37mPOST[39m [37m/wd/hub/session/0111a16a-fc55-4b78-abe5-3e3c37ce86b7/elements[39m
[35m[HTTP][39m [90m{"using":"-android uiautomator","value":"new UiSelector().className(\"android.widget.Spinner\").resourceId(\"b2-Input_TanggalLahir\")"}[39m
[35m[HTTP][39m [37m<-- POST /wd/hub/session/0111a16a-fc55-4b78-abe5-3e3c37ce86b7/elements [39m[32m200[39m [90m272 ms - 12[39m
[35m[HTTP][39m [90m[39m
[35m[HTTP][39m [37m-->[39m [37mPOST[39m [37m/wd/hub/session/0111a16a-fc55-4b78-abe5-3e3c37ce86b7/elements[39m
[35m[HTTP][39m [90m{"using":"-android uiautomator","value":"new UiSelector().className(\"android.widget.Spinner\").resourceId(\"b2-Input_TanggalLahir\")"}[39m
[35m[HTTP][39m [37m<-- POST /wd/hub/session/0111a16a-fc55-4b78-abe5-3e3c37ce86b7/elements [39m[32m200[39m [90m485 ms - 12[39m
[35m[HTTP][39m [90m[39m
[35m[HTTP][39m [37m-->[39m [37mPOST[39m [37m/wd/hub/session/0111a16a-fc55-4b78-abe5-3e3c37ce86b7/elements[39m
[35m[HTTP][39m [90m{"using":"-android uiautomator","value":"new UiSelector().className(\"android.widget.Spinner\").resourceId(\"b2-Input_TanggalLahir\")"}[39m
[35m[HTTP][39m [37m<-- POST /wd/hub/session/0111a16a-fc55-4b78-abe5-3e3c37ce86b7/elements [39m[32m200[39m [90m622 ms - 12[39m
[35m[HTTP][39m [90m[39m
[35m[HTTP][39m [37m-->[39m [37mPOST[39m [37m/wd/hub/session/0111a16a-fc55-4b78-abe5-3e3c37ce86b7/elements[39m
[35m[HTTP][39m [90m{"using":"-android uiautomator","value":"new UiSelector().className(\"android.widget.Spinner\").resourceId(\"b2-Input_TanggalLahir\")"}[39m
[35m[HTTP][39m [37m<-- POST /wd/hub/session/0111a16a-fc55-4b78-abe5-3e3c37ce86b7/elements [39m[32m200[39m [90m616 ms - 12[39m
[35m[HTTP][39m [90m[39m
[35m[HTTP][39m [37m-->[39m [37mPOST[39m [37m/wd/hub/session/0111a16a-fc55-4b78-abe5-3e3c37ce86b7/elements[39m
[35m[HTTP][39m [90m{"using":"-android uiautomator","value":"new UiSelector().className(\"android.widget.Spinner\").resourceId(\"b2-Input_TanggalLahir\")"}[39m
[35m[HTTP][39m [37m<-- POST /wd/hub/session/0111a16a-fc55-4b78-abe5-3e3c37ce86b7/elements [39m[32m200[39m [90m616 ms - 12[39m
[35m[HTTP][39m [90m[39m
[35m[HTTP][39m [37m-->[39m [37mPOST[39m [37m/wd/hub/session/0111a16a-fc55-4b78-abe5-3e3c37ce86b7/elements[39m
[35m[HTTP][39m [90m{"using":"-android uiautomator","value":"new UiSelector().className(\"android.widget.Spinner\").resourceId(\"b2-Input_TanggalLahir\")"}[39m
[35m[HTTP][39m [37m<-- POST /wd/hub/session/0111a16a-fc55-4b78-abe5-3e3c37ce86b7/elements [39m[32m200[39m [90m628 ms - 12[39m
[35m[HTTP][39m [90m[39m
[35m[HTTP][39m [37m-->[39m [37mPOST[39m [37m/wd/hub/session/0111a16a-fc55-4b78-abe5-3e3c37ce86b7/elements[39m
[35m[HTTP][39m [90m{"using":"-android uiautomator","value":"new UiSelector().className(\"android.widget.Spinner\").resourceId(\"b2-Input_TanggalLahir\")"}[39m
[35m[HTTP][39m [37m<-- POST /wd/hub/session/0111a16a-fc55-4b78-abe5-3e3c37ce86b7/elements [39m[32m200[39m [90m611 ms - 12[39m
[35m[HTTP][39m [90m[39m
[35m[HTTP][39m [37m-->[39m [37mPOST[39m [37m/wd/hub/session/0111a16a-fc55-4b78-abe5-3e3c37ce86b7/elements[39m
[35m[HTTP][39m [90m{"using":"-android uiautomator","value":"new UiSelector().className(\"android.widget.Spinner\").resourceId(\"b2-Input_TanggalLahir\")"}[39m
[35m[HTTP][39m [37m<-- POST /wd/hub/session/0111a16a-fc55-4b78-abe5-3e3c37ce86b7/elements [39m[32m200[39m [90m613 ms - 12[39m
[35m[HTTP][39m [90m[39m
[35m[HTTP][39m [37m-->[39m [37mPOST[39m [37m/wd/hub/session/0111a16a-fc55-4b78-abe5-3e3c37ce86b7/elements[39m
[35m[HTTP][39m [90m{"using":"-android uiautomator","value":"new UiSelector().className(\"android.widget.Spinner\").resourceId(\"b2-Input_TanggalLahir\")"}[39m
[35m[HTTP][39m [37m<-- POST /wd/hub/session/0111a16a-fc55-4b78-abe5-3e3c37ce86b7/elements [39m[32m200[39m [90m598 ms - 12[39m
[35m[HTTP][39m [90m[39m
[35m[HTTP][39m [37m-->[39m [37mPOST[39m [37m/wd/hub/session/0111a16a-fc55-4b78-abe5-3e3c37ce86b7/elements[39m
[35m[HTTP][39m [90m{"using":"-android uiautomator","value":"new UiSelector().className(\"android.widget.Spinner\").resourceId(\"b2-Input_TanggalLahir\")"}[39m
[35m[HTTP][39m [37m<-- POST /wd/hub/session/0111a16a-fc55-4b78-abe5-3e3c37ce86b7/elements [39m[32m200[39m [90m617 ms - 12[39m
[35m[HTTP][39m [90m[39m
[35m[HTTP][39m [37m-->[39m [37mPOST[39m [37m/wd/hub/session/0111a16a-fc55-4b78-abe5-3e3c37ce86b7/elements[39m
[35m[HTTP][39m [90m{"using":"-android uiautomator","value":"new UiSelector().className(\"android.widget.Spinner\").resourceId(\"b2-Input_TanggalLahir\")"}[39m
[35m[HTTP][39m [37m<-- POST /wd/hub/session/0111a16a-fc55-4b78-abe5-3e3c37ce86b7/elements [39m[32m200[39m [90m1144 ms - 12[39m
[35m[HTTP][39m [90m[39m
[35m[HTTP][39m [37m-->[39m [37mPOST[39m [37m/wd/hub/session/0111a16a-fc55-4b78-abe5-3e3c37ce86b7/elements[39m
[35m[HTTP][39m [90m{"using":"-android uiautomator","value":"new UiSelector().className(\"android.widget.Spinner\").resourceId(\"b2-Input_TanggalLahir\")"}[39m
[35m[HTTP][39m [37m<-- POST /wd/hub/session/0111a16a-fc55-4b78-abe5-3e3c37ce86b7/elements [39m[32m200[39m [90m616 ms - 12[39m
[35m[HTTP][39m [90m[39m
[35m[HTTP][39m [37m-->[39m [37mPOST[39m [37m/wd/hub/session/0111a16a-fc55-4b78-abe5-3e3c37ce86b7/elements[39m
[35m[HTTP][39m [90m{"using":"-android uiautomator","value":"new UiSelector().className(\"android.widget.Spinner\").resourceId(\"b2-Input_TanggalLahir\")"}[39m
[35m[HTTP][39m [37m<-- POST /wd/hub/session/0111a16a-fc55-4b78-abe5-3e3c37ce86b7/elements [39m[32m200[39m [90m607 ms - 12[39m
[35m[HTTP][39m [90m[39m
[35m[HTTP][39m [37m-->[39m [37mPOST[39m [37m/wd/hub/session/0111a16a-fc55-4b78-abe5-3e3c37ce86b7/elements[39m
[35m[HTTP][39m [90m{"using":"-android uiautomator","value":"new UiSelector().className(\"android.widget.Spinner\").resourceId(\"b2-Input_TanggalLahir\")"}[39m
[35m[HTTP][39m [37m<-- POST /wd/hub/session/0111a16a-fc55-4b78-abe5-3e3c37ce86b7/elements [39m[32m200[39m [90m574 ms - 12[39m
[35m[HTTP][39m [90m[39m
[35m[HTTP][39m [37m-->[39m [37mPOST[39m [37m/wd/hub/session/0111a16a-fc55-4b78-abe5-3e3c37ce86b7/elements[39m
[35m[HTTP][39m [90m{"using":"-android uiautomator","value":"new UiSelector().className(\"android.widget.Spinner\").resourceId(\"b2-Input_TanggalLahir\")"}[39m
[35m[HTTP][39m [37m<-- POST /wd/hub/session/0111a16a-fc55-4b78-abe5-3e3c37ce86b7/elements [39m[32m200[39m [90m590 ms - 12[39m
[35m[HTTP][39m [90m[39m
[35m[HTTP][39m [37m-->[39m [37mPOST[39m [37m/wd/hub/session/0111a16a-fc55-4b78-abe5-3e3c37ce86b7/elements[39m
[35m[HTTP][39m [90m{"using":"-android uiautomator","value":"new UiSelector().className(\"android.widget.Spinner\").resourceId(\"b2-Input_TanggalLahir\")"}[39m
[35m[HTTP][39m [37m<-- POST /wd/hub/session/0111a16a-fc55-4b78-abe5-3e3c37ce86b7/elements [39m[32m200[39m [90m622 ms - 12[39m
[35m[HTTP][39m [90m[39m
[35m[HTTP][39m [37m-->[39m [37mPOST[39m [37m/wd/hub/session/0111a16a-fc55-4b78-abe5-3e3c37ce86b7/elements[39m
[35m[HTTP][39m [90m{"using":"-android uiautomator","value":"new UiSelector().className(\"android.widget.Spinner\").resourceId(\"b2-Input_TanggalLahir\")"}[39m
[35m[HTTP][39m [37m<-- POST /wd/hub/session/0111a16a-fc55-4b78-abe5-3e3c37ce86b7/elements [39m[32m200[39m [90m623 ms - 12[39m
[35m[HTTP][39m [90m[39m
[35m[HTTP][39m [37m-->[39m [37mPOST[39m [37m/wd/hub/session/0111a16a-fc55-4b78-abe5-3e3c37ce86b7/elements[39m
[35m[HTTP][39m [90m{"using":"-android uiautomator","value":"new UiSelector().className(\"android.widget.Spinner\").resourceId(\"b2-Input_TanggalLahir\")"}[39m
[35m[HTTP][39m [37m<-- POST /wd/hub/session/0111a16a-fc55-4b78-abe5-3e3c37ce86b7/elements [39m[32m200[39m [90m109 ms - 12[39m
[35m[HTTP][39m [90m[39m
[35m[HTTP][39m [37m-->[39m [37mPOST[39m [37m/wd/hub/session/0111a16a-fc55-4b78-abe5-3e3c37ce86b7/elements[39m
[35m[HTTP][39m [90m{"using":"-android uiautomator","value":"new UiSelector().className(\"android.widget.Spinner\").resourceId(\"b2-Input_TanggalLahir\")"}[39m
[35m[HTTP][39m [37m<-- POST /wd/hub/session/0111a16a-fc55-4b78-abe5-3e3c37ce86b7/elements [39m[32m200[39m [90m97 ms - 12[39m
[35m[HTTP][39m [90m[39m
[35m[HTTP][39m [37m-->[39m [37mPOST[39m [37m/wd/hub/session/0111a16a-fc55-4b78-abe5-3e3c37ce86b7/elements[39m
[35m[HTTP][39m [90m{"using":"-android uiautomator","value":"new UiSelector().className(\"android.widget.Spinner\").resourceId(\"b2-Input_TanggalLahir\")"}[39m
[35m[HTTP][39m [37m<-- POST /wd/hub/session/0111a16a-fc55-4b78-abe5-3e3c37ce86b7/elements [39m[32m200[39m [90m600 ms - 12[39m
[35m[HTTP][39m [90m[39m
[35m[HTTP][39m [37m-->[39m [37mPOST[39m [37m/wd/hub/session/0111a16a-fc55-4b78-abe5-3e3c37ce86b7/elements[39m
[35m[HTTP][39m [90m{"using":"-android uiautomator","value":"new UiSelector().className(\"android.widget.Spinner\").resourceId(\"b2-Input_TanggalLahir\")"}[39m
[35m[HTTP][39m [37m<-- POST /wd/hub/session/0111a16a-fc55-4b78-abe5-3e3c37ce86b7/elements [39m[32m200[39m [90m616 ms - 12[39m
[35m[HTTP][39m [90m[39m
[35m[HTTP][39m [37m-->[39m [37mPOST[39m [37m/wd/hub/session/0111a16a-fc55-4b78-abe5-3e3c37ce86b7/elements[39m
[35m[HTTP][39m [90m{"using":"-android uiautomator","value":"new UiSelector().className(\"android.widget.Spinner\").resourceId(\"b2-Input_TanggalLahir\")"}[39m
[35m[HTTP][39m [37m<-- POST /wd/hub/session/0111a16a-fc55-4b78-abe5-3e3c37ce86b7/elements [39m[32m200[39m [90m607 ms - 12[39m
[35m[HTTP][39m [90m[39m
[35m[HTTP][39m [37m-->[39m [37mPOST[39m [37m/wd/hub/session/0111a16a-fc55-4b78-abe5-3e3c37ce86b7/elements[39m
[35m[HTTP][39m [90m{"using":"-android uiautomator","value":"new UiSelector().className(\"android.widget.Spinner\").resourceId(\"b2-Input_TanggalLahir\")"}[39m
[35m[HTTP][39m [37m<-- POST /wd/hub/session/0111a16a-fc55-4b78-abe5-3e3c37ce86b7/elements [39m[32m200[39m [90m626 ms - 12[39m
[35m[HTTP][39m [90m[39m
[35m[HTTP][39m [37m-->[39m [37mPOST[39m [37m/wd/hub/session/0111a16a-fc55-4b78-abe5-3e3c37ce86b7/elements[39m
[35m[HTTP][39m [90m{"using":"-android uiautomator","value":"new UiSelector().className(\"android.widget.Spinner\").resourceId(\"b2-Input_TanggalLahir\")"}[39m
[35m[HTTP][39m [37m<-- POST /wd/hub/session/0111a16a-fc55-4b78-abe5-3e3c37ce86b7/elements [39m[32m200[39m [90m619 ms - 12[39m
[35m[HTTP][39m [90m[39m
[35m[HTTP][39m [37m-->[39m [37mPOST[39m [37m/wd/hub/session/0111a16a-fc55-4b78-abe5-3e3c37ce86b7/elements[39m
[35m[HTTP][39m [90m{"using":"-android uiautomator","value":"new UiSelector().className(\"android.widget.Spinner\").resourceId(\"b2-Input_TanggalLahir\")"}[39m
[35m[HTTP][39m [37m<-- POST /wd/hub/session/0111a16a-fc55-4b78-abe5-3e3c37ce86b7/elements [39m[32m200[39m [90m618 ms - 12[39m
[35m[HTTP][39m [90m[39m
[35m[HTTP][39m [37m-->[39m [37mPOST[39m [37m/wd/hub/session/0111a16a-fc55-4b78-abe5-3e3c37ce86b7/elements[39m
[35m[HTTP][39m [90m{"using":"-android uiautomator","value":"new UiSelector().className(\"android.widget.Spinner\").resourceId(\"b2-Input_TanggalLahir\")"}[39m
[35m[HTTP][39m [37m<-- POST /wd/hub/session/0111a16a-fc55-4b78-abe5-3e3c37ce86b7/elements [39m[32m200[39m [90m601 ms - 12[39m
[35m[HTTP][39m [90m[39m
[35m[HTTP][39m [37m-->[39m [37mPOST[39m [37m/wd/hub/session/0111a16a-fc55-4b78-abe5-3e3c37ce86b7/elements[39m
[35m[HTTP][39m [90m{"using":"-android uiautomator","value":"new UiSelector().className(\"android.widget.Spinner\").resourceId(\"b2-Input_TanggalLahir\")"}[39m
[35m[HTTP][39m [37m<-- POST /wd/hub/session/0111a16a-fc55-4b78-abe5-3e3c37ce86b7/elements [39m[32m200[39m [90m610 ms - 12[39m
[35m[HTTP][39m [90m[39m
[35m[HTTP][39m [37m-->[39m [37mPOST[39m [37m/wd/hub/session/0111a16a-fc55-4b78-abe5-3e3c37ce86b7/elements[39m
[35m[HTTP][39m [90m{"using":"-android uiautomator","value":"new UiSelector().className(\"android.widget.Spinner\").resourceId(\"b2-Input_TanggalLahir\")"}[39m
[35m[HTTP][39m [37m<-- POST /wd/hub/session/0111a16a-fc55-4b78-abe5-3e3c37ce86b7/elements [39m[32m200[39m [90m579 ms - 12[39m
[35m[HTTP][39m [90m[39m
[35m[HTTP][39m [37m-->[39m [37mPOST[39m [37m/wd/hub/session/0111a16a-fc55-4b78-abe5-3e3c37ce86b7/elements[39m
[35m[HTTP][39m [90m{"using":"-android uiautomator","value":"new UiSelector().className(\"android.widget.Spinner\").resourceId(\"b2-Input_TanggalLahir\")"}[39m
[35m[HTTP][39m [37m<-- POST /wd/hub/session/0111a16a-fc55-4b78-abe5-3e3c37ce86b7/elements [39m[32m200[39m [90m632 ms - 12[39m
[35m[HTTP][39m [90m[39m
[35m[HTTP][39m [37m-->[39m [37mPOST[39m [37m/wd/hub/session/0111a16a-fc55-4b78-abe5-3e3c37ce86b7/elements[39m
[35m[HTTP][39m [90m{"using":"-android uiautomator","value":"new UiSelector().className(\"android.widget.Spinner\").resourceId(\"b2-Input_TanggalLahir\")"}[39m
[35m[HTTP][39m [37m<-- POST /wd/hub/session/0111a16a-fc55-4b78-abe5-3e3c37ce86b7/elements [39m[32m200[39m [90m588 ms - 12[39m
[35m[HTTP][39m [90m[39m
[35m[HTTP][39m [37m-->[39m [37mPOST[39m [37m/wd/hub/session/0111a16a-fc55-4b78-abe5-3e3c37ce86b7/elements[39m
[35m[HTTP][39m [90m{"using":"-android uiautomator","value":"new UiSelector().className(\"android.widget.Spinner\").resourceId(\"b2-Input_TanggalLahir\")"}[39m
[35m[HTTP][39m [37m<-- POST /wd/hub/session/0111a16a-fc55-4b78-abe5-3e3c37ce86b7/elements [39m[32m-[39m [90m- ms - -[39m
[35m[HTTP][39m [90m[39m
[35m[BaseDriver][39m Shutting down because we waited 1800 seconds for a command
[35m[Appium][39m Closing session, cause was 'New Command Timeout of 1800 seconds expired. Try customizing the timeout using the 'newCommandTimeout' desired capability'
[35m[Appium][39m Removing session 0111a16a-fc55-4b78-abe5-3e3c37ce86b7 from our master session list
[35m[UiAutomator2][39m Did not get confirmation UiAutomator2 deleteSession worked; Error was: ProxyRequestError: Could not proxy command to remote server. Original error: Error: socket hang up
