[35m[Appium][39m Welcome to Appium v1.15.1
[35m[Appium][39m Non-default server args:
[35m[Appium][39m   port: 55609
[35m[Appium][39m   loglevel: info
[35m[Appium][39m   chromeDriverPort: 55610
[35m[Appium][39m   tmpDir: C:\Users\ASUS\AppData\Local\Temp\\Katalon\Appium\Temp1573176324471
[35m[Appium][39m Appium REST http interface listener started on 0.0.0.0:55609
[35m[HTTP][39m [37m-->[39m [37mGET[39m [37m/wd/hub/status[39m
[35m[HTTP][39m [90m{}[39m
[35m[HTTP][39m [37m<-- GET /wd/hub/status [39m[32m200[39m [90m11 ms - 68[39m
[35m[HTTP][39m [90m[39m
[35m[HTTP][39m [37m-->[39m [37mPOST[39m [37m/wd/hub/session[39m
[35m[HTTP][39m [90m{"desiredCapabilities":{"app":"C:\\Users\\ASUS\\git\\Acc_Bid\\Acc_Bid\\accbid.apk","noReset":false,"newCommandTimeout":1800,"platformVersion":"6.0.1","autoGrantPermissions":true,"platformName":"Android","udid":"4200a3fac66574b9","deviceName":"samsung SM-G532G (Android 6.0.1)","fullReset":true,"platform":"ANDROID","systemPort":55608},"capabilities":{"firstMatch":[{"appium:app":"C:\\Users\\ASUS\\git\\Acc_Bid\\Acc_Bid\\accbid.apk","appium:autoGrantPermissions":true,"appium:deviceName":"samsung SM-G532G (Android 6.0.1)","appium:fullReset":true,"appium:newCommandTimeout":1800,"appium:noReset":false,"platform":"ANDROID","platformName":"android","appium:platformVersion":"6.0.1","appium:systemPort":55608,"appium:udid":"4200a3fac66574b9"}]}}[39m
[35m[BaseDriver][39m The capabilities ["platform"] are not standard capabilities and should have an extension prefix
[35m[Appium][39m 
[35m[Appium][39m ======================================================================
[35m[Appium][39m   DEPRECATION WARNING:
[35m[Appium][39m 
[35m[Appium][39m   The 'automationName' capability was not provided in the desired 
[35m[Appium][39m   capabilities for this Android session
[35m[Appium][39m 
[35m[Appium][39m   Setting 'automationName=UiAutomator2' by default and using the 
[35m[Appium][39m   UiAutomator2 Driver
[35m[Appium][39m 
[35m[Appium][39m   The next major version of Appium (2.x) will **require** the 
[35m[Appium][39m   'automationName' capability to be set for all sessions on all 
[35m[Appium][39m   platforms
[35m[Appium][39m 
[35m[Appium][39m   In previous versions (Appium <= 1.13.x), the default was 
[35m[Appium][39m   'automationName=UiAutomator1'
[35m[Appium][39m 
[35m[Appium][39m   If you wish to use that automation instead of UiAutomator2, please 
[35m[Appium][39m   add 'automationName=UiAutomator1' to your desired capabilities
[35m[Appium][39m 
[35m[Appium][39m   For more information about drivers, please visit 
[35m[Appium][39m   http://appium.io/docs/en/about-appium/intro/ and explore the 
[35m[Appium][39m   'Drivers' menu
[35m[Appium][39m 
[35m[Appium][39m ======================================================================
[35m[Appium][39m 
[35m[Appium][39m Appium v1.15.1 creating new AndroidUiautomator2Driver (v1.37.2) session
[35m[BaseDriver][39m The following capabilities were provided, but are not recognized by Appium:
[35m[BaseDriver][39m   platform
[35m[BaseDriver][39m Session created with session id: 3cc98918-2465-49ef-9536-e7785748091f
[35m[BaseDriver][39m Using local app 'C:\Users\ASUS\git\Acc_Bid\Acc_Bid\accbid.apk'
[35m[ADB][39m Found 1 'build-tools' folders under 'C:\Users\ASUS\.katalon\tools\android_sdk' (newest first):
[35m[ADB][39m     C:/Users/ASUS/.katalon/tools/android_sdk/build-tools/29.0.2
[35m[ADB][39m Using 'adb.exe' from 'C:\Users\ASUS\.katalon\tools\android_sdk\platform-tools\adb.exe'
[35m[AndroidDriver][39m Retrieving device list
[35m[AndroidDriver][39m Using device: 4200a3fac66574b9
[35m[ADB][39m Using 'adb.exe' from 'C:\Users\ASUS\.katalon\tools\android_sdk\platform-tools\adb.exe'
[35m[ADB][39m Using the alternative activity name detection method because of: Could not find 'apkanalyzer.bat' in ["C:\\Users\\ASUS\\.katalon\\tools\\android_sdk\\platform-tools\\apkanalyzer.bat","C:\\Users\\ASUS\\.katalon\\tools\\android_sdk\\emulator\\apkanalyzer.bat","C:\\Users\\ASUS\\.katalon\\tools\\android_sdk\\tools\\apkanalyzer.bat","C:\\Users\\ASUS\\.katalon\\tools\\android_sdk\\tools\\bin\\apkanalyzer.bat","C:\\Users\\ASUS\\.katalon\\tools\\android_sdk\\build-tools\\29.0.2\\apkanalyzer.bat"]. Do you have Android Build Tools installed at 'C:\Users\ASUS\.katalon\tools\android_sdk'?
[35m[ADB][39m Using 'aapt.exe' from 'C:\Users\ASUS\.katalon\tools\android_sdk\build-tools\29.0.2\aapt.exe'
[35m[ADB][39m Extracting package and launch activity from manifest
[35m[ADB][39m Package name: 'com.outsystemsenterprise.acctst1.BidMart'
[35m[ADB][39m Main activity name: 'com.outsystemsenterprise.acctst1.BidMart.MainActivity'
[35m[ADB][39m Cannot extract apk info using apkanalyzer. Falling back to aapt. Original error: Could not find 'apkanalyzer.bat' in ["C:\\Users\\ASUS\\.katalon\\tools\\android_sdk\\platform-tools\\apkanalyzer.bat","C:\\Users\\ASUS\\.katalon\\tools\\android_sdk\\emulator\\apkanalyzer.bat","C:\\Users\\ASUS\\.katalon\\tools\\android_sdk\\tools\\apkanalyzer.bat","C:\\Users\\ASUS\\.katalon\\tools\\android_sdk\\tools\\bin\\apkanalyzer.bat","C:\\Users\\ASUS\\.katalon\\tools\\android_sdk\\build-tools\\29.0.2\\apkanalyzer.bat"]. Do you have Android Build Tools installed at 'C:\Users\ASUS\.katalon\tools\android_sdk'?
[35m[AndroidDriver][39m Granting android.permission.SET_ANIMATION_SCALE, CHANGE_CONFIGURATION, ACCESS_FINE_LOCATION by pm grant
[35m[ADB][39m Cannot extract apk info using apkanalyzer. Falling back to aapt. Original error: Could not find 'apkanalyzer.bat' in ["C:\\Users\\ASUS\\.katalon\\tools\\android_sdk\\platform-tools\\apkanalyzer.bat","C:\\Users\\ASUS\\.katalon\\tools\\android_sdk\\emulator\\apkanalyzer.bat","C:\\Users\\ASUS\\.katalon\\tools\\android_sdk\\tools\\apkanalyzer.bat","C:\\Users\\ASUS\\.katalon\\tools\\android_sdk\\tools\\bin\\apkanalyzer.bat","C:\\Users\\ASUS\\.katalon\\tools\\android_sdk\\build-tools\\29.0.2\\apkanalyzer.bat"]. Do you have Android Build Tools installed at 'C:\Users\ASUS\.katalon\tools\android_sdk'?
[35m[ADB][39m Using 'apksigner.bat' from 'C:\Users\ASUS\.katalon\tools\android_sdk\build-tools\29.0.2\apksigner.bat'
[35m[UiAutomator2][39m Server packages are not going to be (re)installed
[35m[ADB][39m com.outsystemsenterprise.acctst1.BidMart was not uninstalled, because it was not present on the device
[35m[ADB][39m The application at 'C:\Users\ASUS\git\Acc_Bid\Acc_Bid\accbid.apk' is already cached to '/data/local/tmp/appium_cache/9b4bdd62a612ac78e44686639d935861fd338dcc.apk'
[35m[ADB][39m The installation of 'accbid.apk' took 8.919s
[35m[UiAutomator2][39m Starting UIAutomator2 server 4.3.0
[35m[UiAutomator2][39m Using UIAutomator2 server from 'C:\Users\ASUS\AppData\Roaming\npm\node_modules\appium\node_modules\appium-uiautomator2-server\apks\appium-uiautomator2-server-v4.3.0.apk' and test from 'C:\Users\ASUS\AppData\Roaming\npm\node_modules\appium\node_modules\appium-uiautomator2-server\apks\appium-uiautomator2-server-debug-androidTest.apk'
[35m[UiAutomator2][39m Waiting up to 30000ms for UiAutomator2 to be online...
[35m[WD Proxy][39m Got an unexpected response with status undefined: {"code":"ECONNRESET"}
[35m[WD Proxy][39m Got an unexpected response with status undefined: {"code":"ECONNRESET"}
[35m[WD Proxy][39m Got an unexpected response with status undefined: {"code":"ECONNRESET"}
[35m[WD Proxy][39m Determined the downstream protocol as 'W3C'
[35m[AndroidDriver][39m Screen already unlocked, doing nothing
[35m[UiAutomator2][39m Starting 'com.outsystemsenterprise.acctst1.BidMart/com.outsystemsenterprise.acctst1.BidMart.MainActivity and waiting for 'com.outsystemsenterprise.acctst1.BidMart/com.outsystemsenterprise.acctst1.BidMart.MainActivity'
[35m[Appium][39m New AndroidUiautomator2Driver session created successfully, session 3cc98918-2465-49ef-9536-e7785748091f added to master session list
[35m[HTTP][39m [37m<-- POST /wd/hub/session [39m[32m200[39m [90m47355 ms - 1185[39m
[35m[HTTP][39m [90m[39m
[35m[HTTP][39m [37m-->[39m [37mGET[39m [37m/wd/hub/session/3cc98918-2465-49ef-9536-e7785748091f[39m
[35m[HTTP][39m [90m{}[39m
[35m[HTTP][39m [37m<-- GET /wd/hub/session/3cc98918-2465-49ef-9536-e7785748091f [39m[32m200[39m [90m109 ms - 1117[39m
[35m[HTTP][39m [90m[39m
[35m[HTTP][39m [37m-->[39m [37mGET[39m [37m/wd/hub/session/3cc98918-2465-49ef-9536-e7785748091f[39m
[35m[HTTP][39m [90m{}[39m
[35m[HTTP][39m [37m<-- GET /wd/hub/session/3cc98918-2465-49ef-9536-e7785748091f [39m[32m200[39m [90m18 ms - 1117[39m
[35m[HTTP][39m [90m[39m
[35m[HTTP][39m [37m-->[39m [37mGET[39m [37m/wd/hub/status[39m
[35m[HTTP][39m [90m{}[39m
[35m[HTTP][39m [37m<-- GET /wd/hub/status [39m[32m200[39m [90m1 ms - 68[39m
[35m[HTTP][39m [90m[39m
[35m[HTTP][39m [37m-->[39m [37mPOST[39m [37m/wd/hub/session/3cc98918-2465-49ef-9536-e7785748091f/timeouts[39m
[35m[HTTP][39m [90m{"implicit":30000}[39m
[35m[HTTP][39m [37m<-- POST /wd/hub/session/3cc98918-2465-49ef-9536-e7785748091f/timeouts [39m[32m200[39m [90m6 ms - 14[39m
[35m[HTTP][39m [90m[39m
[35m[HTTP][39m [37m-->[39m [37mPOST[39m [37m/wd/hub/session/3cc98918-2465-49ef-9536-e7785748091f/timeouts[39m
[35m[HTTP][39m [90m{"implicit":50}[39m
[35m[HTTP][39m [37m<-- POST /wd/hub/session/3cc98918-2465-49ef-9536-e7785748091f/timeouts [39m[32m200[39m [90m3 ms - 14[39m
[35m[HTTP][39m [90m[39m
[35m[HTTP][39m [37m-->[39m [37mGET[39m [37m/wd/hub/session/3cc98918-2465-49ef-9536-e7785748091f/window/rect[39m
[35m[HTTP][39m [90m{}[39m
[35m[HTTP][39m [37m<-- GET /wd/hub/session/3cc98918-2465-49ef-9536-e7785748091f/window/rect [39m[32m200[39m [90m30 ms - 48[39m
[35m[HTTP][39m [90m[39m
[35m[HTTP][39m [37m-->[39m [37mPOST[39m [37m/wd/hub/session/3cc98918-2465-49ef-9536-e7785748091f/elements[39m
[35m[HTTP][39m [90m{"using":"-android uiautomator","value":"new UiSelector().className(\"android.view.View\").description(\"Akun\")"}[39m
[35m[HTTP][39m [37m<-- POST /wd/hub/session/3cc98918-2465-49ef-9536-e7785748091f/elements [39m[32m200[39m [90m491 ms - 139[39m
[35m[HTTP][39m [90m[39m
[35m[HTTP][39m [37m-->[39m [37mGET[39m [37m/wd/hub/session/3cc98918-2465-49ef-9536-e7785748091f/element/989455ca-c4fa-4e0d-9c19-7d799c5dd307/location[39m
[35m[HTTP][39m [90m{}[39m
[35m[W3C (3cc98918)][39m Driver proxy active, passing request on via HTTP proxy
[35m[WD Proxy][39m Replacing sessionId 2f7997d5-4606-4ecb-ac9e-246d2ea85c3b with 3cc98918-2465-49ef-9536-e7785748091f
[35m[HTTP][39m [37m<-- GET /wd/hub/session/3cc98918-2465-49ef-9536-e7785748091f/element/989455ca-c4fa-4e0d-9c19-7d799c5dd307/location [39m[32m200[39m [90m61 ms - 78[39m
[35m[HTTP][39m [90m[39m
[35m[HTTP][39m [37m-->[39m [37mPOST[39m [37m/wd/hub/session/3cc98918-2465-49ef-9536-e7785748091f/timeouts[39m
[35m[HTTP][39m [90m{"implicit":30000}[39m
[35m[HTTP][39m [37m<-- POST /wd/hub/session/3cc98918-2465-49ef-9536-e7785748091f/timeouts [39m[32m200[39m [90m5 ms - 14[39m
[35m[HTTP][39m [90m[39m
[35m[HTTP][39m [37m-->[39m [37mPOST[39m [37m/wd/hub/session/3cc98918-2465-49ef-9536-e7785748091f/touch/perform[39m
[35m[HTTP][39m [90m{"actions":[{"action":"tap","options":{"x":1,"y":1,"element":"989455ca-c4fa-4e0d-9c19-7d799c5dd307"}},{"action":"release","options":{}}]}[39m
[35m[UiAutomator2][39m calling get location: 989455ca-c4fa-4e0d-9c19-7d799c5dd307
[35m[HTTP][39m [37m<-- POST /wd/hub/session/3cc98918-2465-49ef-9536-e7785748091f/touch/perform [39m[32m200[39m [90m925 ms - 14[39m
[35m[HTTP][39m [90m[39m
[35m[HTTP][39m [37m-->[39m [37mPOST[39m [37m/wd/hub/session/3cc98918-2465-49ef-9536-e7785748091f/timeouts[39m
[35m[HTTP][39m [90m{"implicit":50}[39m
[35m[HTTP][39m [37m<-- POST /wd/hub/session/3cc98918-2465-49ef-9536-e7785748091f/timeouts [39m[32m200[39m [90m7 ms - 14[39m
[35m[HTTP][39m [90m[39m
[35m[HTTP][39m [37m-->[39m [37mGET[39m [37m/wd/hub/session/3cc98918-2465-49ef-9536-e7785748091f/window/rect[39m
[35m[HTTP][39m [90m{}[39m
[35m[HTTP][39m [37m<-- GET /wd/hub/session/3cc98918-2465-49ef-9536-e7785748091f/window/rect [39m[32m200[39m [90m15 ms - 48[39m
[35m[HTTP][39m [90m[39m
[35m[HTTP][39m [37m-->[39m [37mPOST[39m [37m/wd/hub/session/3cc98918-2465-49ef-9536-e7785748091f/elements[39m
[35m[HTTP][39m [90m{"using":"-android uiautomator","value":"new UiSelector().className(\"android.view.View\").resourceId(\"b2-b19-Title\")"}[39m
[35m[HTTP][39m [37m<-- POST /wd/hub/session/3cc98918-2465-49ef-9536-e7785748091f/elements [39m[32m200[39m [90m141 ms - 139[39m
[35m[HTTP][39m [90m[39m
[35m[HTTP][39m [37m-->[39m [37mGET[39m [37m/wd/hub/session/3cc98918-2465-49ef-9536-e7785748091f/element/e549ef4d-6b30-41dd-b3c8-8d8fd08a8289/location[39m
[35m[HTTP][39m [90m{}[39m
[35m[W3C (3cc98918)][39m Driver proxy active, passing request on via HTTP proxy
[35m[WD Proxy][39m Replacing sessionId 2f7997d5-4606-4ecb-ac9e-246d2ea85c3b with 3cc98918-2465-49ef-9536-e7785748091f
[35m[HTTP][39m [37m<-- GET /wd/hub/session/3cc98918-2465-49ef-9536-e7785748091f/element/e549ef4d-6b30-41dd-b3c8-8d8fd08a8289/location [39m[32m200[39m [90m56 ms - 77[39m
[35m[HTTP][39m [90m[39m
[35m[HTTP][39m [37m-->[39m [37mPOST[39m [37m/wd/hub/session/3cc98918-2465-49ef-9536-e7785748091f/timeouts[39m
[35m[HTTP][39m [90m{"implicit":30000}[39m
[35m[HTTP][39m [37m<-- POST /wd/hub/session/3cc98918-2465-49ef-9536-e7785748091f/timeouts [39m[32m200[39m [90m4 ms - 14[39m
[35m[HTTP][39m [90m[39m
[35m[HTTP][39m [37m-->[39m [37mPOST[39m [37m/wd/hub/session/3cc98918-2465-49ef-9536-e7785748091f/touch/perform[39m
[35m[HTTP][39m [90m{"actions":[{"action":"tap","options":{"x":1,"y":1,"element":"e549ef4d-6b30-41dd-b3c8-8d8fd08a8289"}},{"action":"release","options":{}}]}[39m
[35m[UiAutomator2][39m calling get location: e549ef4d-6b30-41dd-b3c8-8d8fd08a8289
[35m[HTTP][39m [37m<-- POST /wd/hub/session/3cc98918-2465-49ef-9536-e7785748091f/touch/perform [39m[32m200[39m [90m785 ms - 14[39m
[35m[HTTP][39m [90m[39m
[35m[HTTP][39m [37m-->[39m [37mPOST[39m [37m/wd/hub/session/3cc98918-2465-49ef-9536-e7785748091f/timeouts[39m
[35m[HTTP][39m [90m{"implicit":50}[39m
[35m[HTTP][39m [37m<-- POST /wd/hub/session/3cc98918-2465-49ef-9536-e7785748091f/timeouts [39m[32m200[39m [90m4 ms - 14[39m
[35m[HTTP][39m [90m[39m
[35m[HTTP][39m [37m-->[39m [37mGET[39m [37m/wd/hub/session/3cc98918-2465-49ef-9536-e7785748091f/window/rect[39m
[35m[HTTP][39m [90m{}[39m
[35m[HTTP][39m [37m<-- GET /wd/hub/session/3cc98918-2465-49ef-9536-e7785748091f/window/rect [39m[32m200[39m [90m31 ms - 48[39m
[35m[HTTP][39m [90m[39m
[35m[HTTP][39m [37m-->[39m [37mPOST[39m [37m/wd/hub/session/3cc98918-2465-49ef-9536-e7785748091f/elements[39m
[35m[HTTP][39m [90m{"using":"-android uiautomator","value":"new UiSelector().className(\"android.view.View\").resourceId(\"b2-b1-Title\")"}[39m
[35m[HTTP][39m [37m<-- POST /wd/hub/session/3cc98918-2465-49ef-9536-e7785748091f/elements [39m[32m200[39m [90m88 ms - 139[39m
[35m[HTTP][39m [90m[39m
[35m[HTTP][39m [37m-->[39m [37mGET[39m [37m/wd/hub/session/3cc98918-2465-49ef-9536-e7785748091f/element/81712629-f392-4752-a106-db1bd6c9c83a/location[39m
[35m[HTTP][39m [90m{}[39m
[35m[W3C (3cc98918)][39m Driver proxy active, passing request on via HTTP proxy
[35m[WD Proxy][39m Replacing sessionId 2f7997d5-4606-4ecb-ac9e-246d2ea85c3b with 3cc98918-2465-49ef-9536-e7785748091f
[35m[HTTP][39m [37m<-- GET /wd/hub/session/3cc98918-2465-49ef-9536-e7785748091f/element/81712629-f392-4752-a106-db1bd6c9c83a/location [39m[32m200[39m [90m50 ms - 77[39m
[35m[HTTP][39m [90m[39m
[35m[HTTP][39m [37m-->[39m [37mPOST[39m [37m/wd/hub/session/3cc98918-2465-49ef-9536-e7785748091f/timeouts[39m
[35m[HTTP][39m [90m{"implicit":30000}[39m
[35m[HTTP][39m [37m<-- POST /wd/hub/session/3cc98918-2465-49ef-9536-e7785748091f/timeouts [39m[32m200[39m [90m4 ms - 14[39m
[35m[HTTP][39m [90m[39m
[35m[HTTP][39m [37m-->[39m [37mPOST[39m [37m/wd/hub/session/3cc98918-2465-49ef-9536-e7785748091f/touch/perform[39m
[35m[HTTP][39m [90m{"actions":[{"action":"tap","options":{"x":1,"y":1,"element":"81712629-f392-4752-a106-db1bd6c9c83a"}},{"action":"release","options":{}}]}[39m
[35m[UiAutomator2][39m calling get location: 81712629-f392-4752-a106-db1bd6c9c83a
[35m[HTTP][39m [37m<-- POST /wd/hub/session/3cc98918-2465-49ef-9536-e7785748091f/touch/perform [39m[32m200[39m [90m837 ms - 14[39m
[35m[HTTP][39m [90m[39m
[35m[HTTP][39m [37m-->[39m [37mPOST[39m [37m/wd/hub/session/3cc98918-2465-49ef-9536-e7785748091f/timeouts[39m
[35m[HTTP][39m [90m{"implicit":50}[39m
[35m[HTTP][39m [37m<-- POST /wd/hub/session/3cc98918-2465-49ef-9536-e7785748091f/timeouts [39m[32m200[39m [90m3 ms - 14[39m
[35m[HTTP][39m [90m[39m
[35m[HTTP][39m [37m-->[39m [37mGET[39m [37m/wd/hub/session/3cc98918-2465-49ef-9536-e7785748091f/window/rect[39m
[35m[HTTP][39m [90m{}[39m
[35m[HTTP][39m [37m<-- GET /wd/hub/session/3cc98918-2465-49ef-9536-e7785748091f/window/rect [39m[32m200[39m [90m37 ms - 48[39m
[35m[HTTP][39m [90m[39m
[35m[HTTP][39m [37m-->[39m [37mPOST[39m [37m/wd/hub/session/3cc98918-2465-49ef-9536-e7785748091f/elements[39m
[35m[HTTP][39m [90m{"using":"-android uiautomator","value":"new UiSelector().className(\"android.widget.EditText\").text(\"Kami ingin tahu bug yang mengganggu Anda. Menceritakan kronologi kejadian dapat membantu kami dalam memperbaiki pengalaman Anda di accbid.\").resourceId(\"b2-TextArea_IsiSaran\")"}[39m
[35m[HTTP][39m [37m<-- POST /wd/hub/session/3cc98918-2465-49ef-9536-e7785748091f/elements [39m[32m200[39m [90m98 ms - 139[39m
[35m[HTTP][39m [90m[39m
[35m[HTTP][39m [37m-->[39m [37mGET[39m [37m/wd/hub/session/3cc98918-2465-49ef-9536-e7785748091f/element/2af2e070-1651-45f7-be7a-fef1628fac88/location[39m
[35m[HTTP][39m [90m{}[39m
[35m[W3C (3cc98918)][39m Driver proxy active, passing request on via HTTP proxy
[35m[WD Proxy][39m Replacing sessionId 2f7997d5-4606-4ecb-ac9e-246d2ea85c3b with 3cc98918-2465-49ef-9536-e7785748091f
[35m[HTTP][39m [37m<-- GET /wd/hub/session/3cc98918-2465-49ef-9536-e7785748091f/element/2af2e070-1651-45f7-be7a-fef1628fac88/location [39m[32m200[39m [90m41 ms - 77[39m
[35m[HTTP][39m [90m[39m
[35m[HTTP][39m [37m-->[39m [37mPOST[39m [37m/wd/hub/session/3cc98918-2465-49ef-9536-e7785748091f/timeouts[39m
[35m[HTTP][39m [90m{"implicit":30000}[39m
[35m[HTTP][39m [37m<-- POST /wd/hub/session/3cc98918-2465-49ef-9536-e7785748091f/timeouts [39m[32m200[39m [90m4 ms - 14[39m
[35m[HTTP][39m [90m[39m
[35m[HTTP][39m [37m-->[39m [37mPOST[39m [37m/wd/hub/session/3cc98918-2465-49ef-9536-e7785748091f/element/2af2e070-1651-45f7-be7a-fef1628fac88/clear[39m
[35m[HTTP][39m [90m{"id":"2af2e070-1651-45f7-be7a-fef1628fac88"}[39m
[35m[HTTP][39m [37m<-- POST /wd/hub/session/3cc98918-2465-49ef-9536-e7785748091f/element/2af2e070-1651-45f7-be7a-fef1628fac88/clear [39m[32m200[39m [90m69 ms - 14[39m
[35m[HTTP][39m [90m[39m
[35m[HTTP][39m [37m-->[39m [37mPOST[39m [37m/wd/hub/session/3cc98918-2465-49ef-9536-e7785748091f/element/2af2e070-1651-45f7-be7a-fef1628fac88/value[39m
[35m[HTTP][39m [90m{"id":"2af2e070-1651-45f7-be7a-fef1628fac88","text":"1234567890","value":["1","2","3","4","5","6","7","8","9","0"]}[39m
[35m[HTTP][39m [37m<-- POST /wd/hub/session/3cc98918-2465-49ef-9536-e7785748091f/element/2af2e070-1651-45f7-be7a-fef1628fac88/value [39m[32m200[39m [90m1443 ms - 14[39m
[35m[HTTP][39m [90m[39m
[35m[HTTP][39m [37m-->[39m [37mPOST[39m [37m/wd/hub/session/3cc98918-2465-49ef-9536-e7785748091f/timeouts[39m
[35m[HTTP][39m [90m{"implicit":50}[39m
[35m[HTTP][39m [37m<-- POST /wd/hub/session/3cc98918-2465-49ef-9536-e7785748091f/timeouts [39m[32m200[39m [90m6 ms - 14[39m
[35m[HTTP][39m [90m[39m
[35m[HTTP][39m [37m-->[39m [37mGET[39m [37m/wd/hub/session/3cc98918-2465-49ef-9536-e7785748091f/window/rect[39m
[35m[HTTP][39m [90m{}[39m
[35m[HTTP][39m [37m<-- GET /wd/hub/session/3cc98918-2465-49ef-9536-e7785748091f/window/rect [39m[32m200[39m [90m35 ms - 48[39m
[35m[HTTP][39m [90m[39m
[35m[HTTP][39m [37m-->[39m [37mPOST[39m [37m/wd/hub/session/3cc98918-2465-49ef-9536-e7785748091f/elements[39m
[35m[HTTP][39m [90m{"using":"-android uiautomator","value":"new UiSelector().className(\"android.widget.Button\")"}[39m
[35m[HTTP][39m [37m<-- POST /wd/hub/session/3cc98918-2465-49ef-9536-e7785748091f/elements [39m[32m200[39m [90m358 ms - 139[39m
[35m[HTTP][39m [90m[39m
[35m[HTTP][39m [37m-->[39m [37mGET[39m [37m/wd/hub/session/3cc98918-2465-49ef-9536-e7785748091f/element/49699fb0-150d-4d2b-a67d-41ac7332bc2b/location[39m
[35m[HTTP][39m [90m{}[39m
[35m[W3C (3cc98918)][39m Driver proxy active, passing request on via HTTP proxy
[35m[WD Proxy][39m Replacing sessionId 2f7997d5-4606-4ecb-ac9e-246d2ea85c3b with 3cc98918-2465-49ef-9536-e7785748091f
[35m[HTTP][39m [37m<-- GET /wd/hub/session/3cc98918-2465-49ef-9536-e7785748091f/element/49699fb0-150d-4d2b-a67d-41ac7332bc2b/location [39m[32m200[39m [90m51 ms - 77[39m
[35m[HTTP][39m [90m[39m
[35m[HTTP][39m [37m-->[39m [37mPOST[39m [37m/wd/hub/session/3cc98918-2465-49ef-9536-e7785748091f/timeouts[39m
[35m[HTTP][39m [90m{"implicit":30000}[39m
[35m[HTTP][39m [37m<-- POST /wd/hub/session/3cc98918-2465-49ef-9536-e7785748091f/timeouts [39m[32m200[39m [90m4 ms - 14[39m
[35m[HTTP][39m [90m[39m
[35m[HTTP][39m [37m-->[39m [37mPOST[39m [37m/wd/hub/session/3cc98918-2465-49ef-9536-e7785748091f/touch/perform[39m
[35m[HTTP][39m [90m{"actions":[{"action":"tap","options":{"x":1,"y":1,"element":"49699fb0-150d-4d2b-a67d-41ac7332bc2b"}},{"action":"release","options":{}}]}[39m
[35m[UiAutomator2][39m calling get location: 49699fb0-150d-4d2b-a67d-41ac7332bc2b
[35m[HTTP][39m [37m<-- POST /wd/hub/session/3cc98918-2465-49ef-9536-e7785748091f/touch/perform [39m[32m200[39m [90m2133 ms - 14[39m
[35m[HTTP][39m [90m[39m
[35m[HTTP][39m [37m-->[39m [37mDELETE[39m [37m/wd/hub/session/3cc98918-2465-49ef-9536-e7785748091f[39m
[35m[HTTP][39m [90m{}[39m
[35m[Appium][39m Removing session 3cc98918-2465-49ef-9536-e7785748091f from our master session list
[35m[ADB][39m com.outsystemsenterprise.acctst1.BidMart was successfully uninstalled
[35m[HTTP][39m [37m<-- DELETE /wd/hub/session/3cc98918-2465-49ef-9536-e7785748091f [39m[32m200[39m [90m7719 ms - 14[39m
[35m[HTTP][39m [90m[39m
