[35m[Appium][39m Welcome to Appium v1.12.1
[35m[Appium][39m Non-default server args:
[35m[Appium][39m   port: 64293
[35m[Appium][39m   loglevel: info
[35m[Appium][39m   chromeDriverPort: 64299
[35m[Appium][39m   tmpDir: C:\Users\Marvin\AppData\Local\Temp\\Katalon\Appium\Temp1573009855428
[35m[Appium][39m Appium REST http interface listener started on 0.0.0.0:64293
[35m[HTTP][39m [37m-->[39m [37mGET[39m [37m/wd/hub/status[39m
[35m[HTTP][39m [90m{}[39m
[35m[HTTP][39m [37m<-- GET /wd/hub/status [39m[32m200[39m [90m11 ms - 68[39m
[35m[HTTP][39m [90m[39m
[35m[HTTP][39m [37m-->[39m [37mPOST[39m [37m/wd/hub/session[39m
[35m[HTTP][39m [90m{"desiredCapabilities":{"app":"C:\\Users\\Marvin\\git\\ACCBid-Mobile\\accbid.apk","noReset":true,"deviceId":"","deviceName":"samsung SM-A505F (Android 9)","fullReset":false,"platform":"ANDROID","newCommandTimeout":1800,"platformVersion":"9","automationName":"uiautomator2","autoGrantPermissions":true,"unicodeKeyboard":true,"platformName":"Android","udid":"RR8M30NJEFN","resetKeyboard":true,"systemPort":64292},"capabilities":{"firstMatch":[{"appium:app":"C:\\Users\\Marvin\\git\\ACCBid-Mobile\\accbid.apk","appium:autoGrantPermissions":true,"appium:automationName":"uiautomator2","deviceId":"","appium:deviceName":"samsung SM-A505F (Android 9)","appium:fullReset":false,"appium:newCommandTimeout":1800,"appium:noReset":true,"platform":"ANDROID","platformName":"android","appium:platformVersion":"9","appium:resetKeyboard":true,"appium:systemPort":64292,"appium:udid":"RR8M30NJEFN","appium:unicodeKeyboard":true}]}}[39m
[35m[BaseDriver][39m The capabilities ["deviceId","platform"] are not standard capabilities and should have an extension prefix
[35m[Appium][39m Appium v1.12.1 creating new AndroidUiautomator2Driver (v1.33.0) session
[35m[Appium][39m Capabilities:
[35m[Appium][39m   deviceId: 
[35m[Appium][39m   platform: ANDROID
[35m[Appium][39m   platformName: android
[35m[Appium][39m   app: C:\Users\Marvin\git\ACCBid-Mobile\accbid.apk
[35m[Appium][39m   autoGrantPermissions: true
[35m[Appium][39m   automationName: uiautomator2
[35m[Appium][39m   deviceName: samsung SM-A505F (Android 9)
[35m[Appium][39m   fullReset: false
[35m[Appium][39m   newCommandTimeout: 1800
[35m[Appium][39m   noReset: true
[35m[Appium][39m   platformVersion: 9
[35m[Appium][39m   resetKeyboard: true
[35m[Appium][39m   systemPort: 64292
[35m[Appium][39m   udid: RR8M30NJEFN
[35m[Appium][39m   unicodeKeyboard: true
[35m[BaseDriver][39m The following capabilities were provided, but are not recognized by appium: deviceId, platform.
[35m[BaseDriver][39m Session created with session id: 57590305-eab2-4913-81a2-bfd87f7791b0
[35m[BaseDriver][39m Using local app 'C:\Users\Marvin\git\ACCBid-Mobile\accbid.apk'
[35m[ADB][39m Checking whether adb is present
[35m[ADB][39m Found 1 'build-tools' folders under 'C:\Users\Marvin\.katalon\tools\android_sdk' (newest first):
[35m[ADB][39m     C:/Users/Marvin/.katalon/tools/android_sdk/build-tools/29.0.0
[35m[ADB][39m Using adb.exe from C:\Users\Marvin\.katalon\tools\android_sdk\platform-tools\adb.exe
[35m[AndroidDriver][39m Retrieving device list
[35m[AndroidDriver][39m Using device: RR8M30NJEFN
[35m[UiAutomator2][39m Relaxing hidden api policy
[35m[ADB][39m Using the alternative activity name detection method because of: Could not find apkanalyzer.bat in C:\Users\Marvin\.katalon\tools\android_sdk\platform-tools\apkanalyzer.bat,C:\Users\Marvin\.katalon\tools\android_sdk\emulator\apkanalyzer.bat,C:\Users\Marvin\.katalon\tools\android_sdk\tools\apkanalyzer.bat,C:\Users\Marvin\.katalon\tools\android_sdk\tools\bin\apkanalyzer.bat,C:\Users\Marvin\.katalon\tools\android_sdk\build-tools\29.0.0\apkanalyzer.bat. Do you have the Android SDK installed at 'C:\Users\Marvin\.katalon\tools\android_sdk'?
[35m[ADB][39m Checking whether aapt is present
[35m[ADB][39m Using aapt.exe from C:\Users\Marvin\.katalon\tools\android_sdk\build-tools\29.0.0\aapt.exe
[35m[ADB][39m Extracting package and launch activity from manifest
[35m[ADB][39m Package name: 'com.outsystemsenterprise.acctst1.BidMart'
[35m[ADB][39m Main activity name: 'com.outsystemsenterprise.acctst1.BidMart.MainActivity'
[35m[ADB][39m Using apksigner.bat from C:\Users\Marvin\.katalon\tools\android_sdk\build-tools\29.0.0\apksigner.bat
[35m[UiAutomator2][39m Server packages are not going to be (re)installed
[35m[UiAutomator2][39m Starting UIAutomator2 server 3.4.0
[35m[UiAutomator2][39m Using UIAutomator2 server from 'C:\Users\Marvin\AppData\Roaming\npm\node_modules\appium\node_modules\appium-uiautomator2-server\apks\appium-uiautomator2-server-v3.4.0.apk' and test from 'C:\Users\Marvin\AppData\Roaming\npm\node_modules\appium\node_modules\appium-uiautomator2-server\apks\appium-uiautomator2-server-debug-androidTest.apk'
[35m[UiAutomator2][39m Waiting up to 30000ms for UiAutomator2 to be online...
[35m[WD Proxy][39m Got an unexpected response: {"code":"ECONNRESET"}
[35m[WD Proxy][39m Got an unexpected response: {"code":"ECONNRESET"}
[35m[AndroidDriver][39m Screen already unlocked, doing nothing
[35m[UiAutomator2][39m UiAutomator2 did not start the activity we were waiting for, 'com.outsystemsenterprise.acctst1.BidMart/com.outsystemsenterprise.acctst1.BidMart.MainActivity'. Starting it ourselves
[35m[Appium][39m New AndroidUiautomator2Driver session created successfully, session 57590305-eab2-4913-81a2-bfd87f7791b0 added to master session list
[35m[HTTP][39m [37m<-- POST /wd/hub/session [39m[32m200[39m [90m29776 ms - 1337[39m
[35m[HTTP][39m [90m[39m
[35m[HTTP][39m [37m-->[39m [37mGET[39m [37m/wd/hub/session/57590305-eab2-4913-81a2-bfd87f7791b0[39m
[35m[HTTP][39m [90m{}[39m
[35m[HTTP][39m [37m<-- GET /wd/hub/session/57590305-eab2-4913-81a2-bfd87f7791b0 [39m[32m200[39m [90m296 ms - 1269[39m
[35m[HTTP][39m [90m[39m
[35m[HTTP][39m [37m-->[39m [37mGET[39m [37m/wd/hub/session/57590305-eab2-4913-81a2-bfd87f7791b0[39m
[35m[HTTP][39m [90m{}[39m
[35m[HTTP][39m [37m<-- GET /wd/hub/session/57590305-eab2-4913-81a2-bfd87f7791b0 [39m[32m200[39m [90m114 ms - 1269[39m
[35m[HTTP][39m [90m[39m
[35m[HTTP][39m [37m-->[39m [37mGET[39m [37m/wd/hub/status[39m
[35m[HTTP][39m [90m{}[39m
[35m[HTTP][39m [37m<-- GET /wd/hub/status [39m[32m200[39m [90m2 ms - 68[39m
[35m[HTTP][39m [90m[39m
[35m[HTTP][39m [37m-->[39m [37mPOST[39m [37m/wd/hub/session/57590305-eab2-4913-81a2-bfd87f7791b0/timeouts[39m
[35m[HTTP][39m [90m{"implicit":60000}[39m
[35m[HTTP][39m [37m<-- POST /wd/hub/session/57590305-eab2-4913-81a2-bfd87f7791b0/timeouts [39m[32m200[39m [90m13 ms - 14[39m
[35m[HTTP][39m [90m[39m
[35m[HTTP][39m [37m-->[39m [37mGET[39m [37m/wd/hub/session/57590305-eab2-4913-81a2-bfd87f7791b0/context[39m
[35m[HTTP][39m [90m{}[39m
[35m[HTTP][39m [37m<-- GET /wd/hub/session/57590305-eab2-4913-81a2-bfd87f7791b0/context [39m[32m200[39m [90m11 ms - 22[39m
[35m[HTTP][39m [90m[39m
[35m[HTTP][39m [37m-->[39m [37mGET[39m [37m/wd/hub/session/57590305-eab2-4913-81a2-bfd87f7791b0/contexts[39m
[35m[HTTP][39m [90m{}[39m
[35m[HTTP][39m [37m<-- GET /wd/hub/session/57590305-eab2-4913-81a2-bfd87f7791b0/contexts [39m[32m200[39m [90m673 ms - 92[39m
[35m[HTTP][39m [90m[39m
[35m[HTTP][39m [37m-->[39m [37mPOST[39m [37m/wd/hub/session/57590305-eab2-4913-81a2-bfd87f7791b0/context[39m
[35m[HTTP][39m [90m{"name":"NATIVE_APP"}[39m
[35m[HTTP][39m [37m<-- POST /wd/hub/session/57590305-eab2-4913-81a2-bfd87f7791b0/context [39m[32m200[39m [90m6 ms - 14[39m
[35m[HTTP][39m [90m[39m
[35m[HTTP][39m [37m-->[39m [37mGET[39m [37m/wd/hub/session/57590305-eab2-4913-81a2-bfd87f7791b0/window/rect[39m
[35m[HTTP][39m [90m{}[39m
[35m[HTTP][39m [37m<-- GET /wd/hub/session/57590305-eab2-4913-81a2-bfd87f7791b0/window/rect [39m[32m200[39m [90m90 ms - 50[39m
[35m[HTTP][39m [90m[39m
[35m[HTTP][39m [37m-->[39m [37mPOST[39m [37m/wd/hub/session/57590305-eab2-4913-81a2-bfd87f7791b0/context[39m
[35m[HTTP][39m [90m{"name":"NATIVE_APP"}[39m
[35m[HTTP][39m [37m<-- POST /wd/hub/session/57590305-eab2-4913-81a2-bfd87f7791b0/context [39m[32m200[39m [90m3 ms - 14[39m
[35m[HTTP][39m [90m[39m
[35m[HTTP][39m [37m-->[39m [37mGET[39m [37m/wd/hub/session/57590305-eab2-4913-81a2-bfd87f7791b0/context[39m
[35m[HTTP][39m [90m{}[39m
[35m[HTTP][39m [37m<-- GET /wd/hub/session/57590305-eab2-4913-81a2-bfd87f7791b0/context [39m[32m200[39m [90m5 ms - 22[39m
[35m[HTTP][39m [90m[39m
[35m[HTTP][39m [37m-->[39m [37mGET[39m [37m/wd/hub/session/57590305-eab2-4913-81a2-bfd87f7791b0/contexts[39m
[35m[HTTP][39m [90m{}[39m
[35m[HTTP][39m [37m<-- GET /wd/hub/session/57590305-eab2-4913-81a2-bfd87f7791b0/contexts [39m[32m200[39m [90m628 ms - 92[39m
[35m[HTTP][39m [90m[39m
[35m[HTTP][39m [37m-->[39m [37mPOST[39m [37m/wd/hub/session/57590305-eab2-4913-81a2-bfd87f7791b0/context[39m
[35m[HTTP][39m [90m{"name":"NATIVE_APP"}[39m
[35m[HTTP][39m [37m<-- POST /wd/hub/session/57590305-eab2-4913-81a2-bfd87f7791b0/context [39m[32m200[39m [90m3 ms - 14[39m
[35m[HTTP][39m [90m[39m
[35m[HTTP][39m [37m-->[39m [37mGET[39m [37m/wd/hub/session/57590305-eab2-4913-81a2-bfd87f7791b0/window/rect[39m
[35m[HTTP][39m [90m{}[39m
[35m[HTTP][39m [37m<-- GET /wd/hub/session/57590305-eab2-4913-81a2-bfd87f7791b0/window/rect [39m[32m200[39m [90m75 ms - 50[39m
[35m[HTTP][39m [90m[39m
[35m[HTTP][39m [37m-->[39m [37mPOST[39m [37m/wd/hub/session/57590305-eab2-4913-81a2-bfd87f7791b0/context[39m
[35m[HTTP][39m [90m{"name":"NATIVE_APP"}[39m
[35m[HTTP][39m [37m<-- POST /wd/hub/session/57590305-eab2-4913-81a2-bfd87f7791b0/context [39m[32m200[39m [90m6 ms - 14[39m
[35m[HTTP][39m [90m[39m
[35m[HTTP][39m [37m-->[39m [37mPOST[39m [37m/wd/hub/session/57590305-eab2-4913-81a2-bfd87f7791b0/timeouts[39m
[35m[HTTP][39m [90m{"implicit":50}[39m
[35m[HTTP][39m [37m<-- POST /wd/hub/session/57590305-eab2-4913-81a2-bfd87f7791b0/timeouts [39m[32m200[39m [90m3 ms - 14[39m
[35m[HTTP][39m [90m[39m
[35m[HTTP][39m [37m-->[39m [37mGET[39m [37m/wd/hub/session/57590305-eab2-4913-81a2-bfd87f7791b0/window/rect[39m
[35m[HTTP][39m [90m{}[39m
[35m[HTTP][39m [37m<-- GET /wd/hub/session/57590305-eab2-4913-81a2-bfd87f7791b0/window/rect [39m[32m200[39m [90m64 ms - 50[39m
[35m[HTTP][39m [90m[39m
[35m[HTTP][39m [37m-->[39m [37mPOST[39m [37m/wd/hub/session/57590305-eab2-4913-81a2-bfd87f7791b0/elements[39m
[35m[HTTP][39m [90m{"using":"-android uiautomator","value":"new UiSelector().className(\"android.view.View\").resourceId(\"GoToDeposit\")"}[39m
[35m[HTTP][39m [37m<-- POST /wd/hub/session/57590305-eab2-4913-81a2-bfd87f7791b0/elements [39m[32m200[39m [90m1847 ms - 139[39m
[35m[HTTP][39m [90m[39m
[35m[HTTP][39m [37m-->[39m [37mGET[39m [37m/wd/hub/session/57590305-eab2-4913-81a2-bfd87f7791b0/element/a2ee4c89-9f4f-4084-8475-341679138839/location[39m
[35m[HTTP][39m [90m{}[39m
[35m[W3C (57590305)][39m Driver proxy active, passing request on via HTTP proxy
[35m[WD Proxy][39m Replacing sessionId ae0041b5-f47d-45b5-9837-d84524f837e1 with 57590305-eab2-4913-81a2-bfd87f7791b0
[35m[HTTP][39m [37m<-- GET /wd/hub/session/57590305-eab2-4913-81a2-bfd87f7791b0/element/a2ee4c89-9f4f-4084-8475-341679138839/location [39m[32m200[39m [90m208 ms - 89[39m
[35m[HTTP][39m [90m[39m
[35m[HTTP][39m [37m-->[39m [37mPOST[39m [37m/wd/hub/session/57590305-eab2-4913-81a2-bfd87f7791b0/timeouts[39m
[35m[HTTP][39m [90m{"implicit":60000}[39m
[35m[HTTP][39m [37m<-- POST /wd/hub/session/57590305-eab2-4913-81a2-bfd87f7791b0/timeouts [39m[32m200[39m [90m4 ms - 14[39m
[35m[HTTP][39m [90m[39m
[35m[HTTP][39m [37m-->[39m [37mPOST[39m [37m/wd/hub/session/57590305-eab2-4913-81a2-bfd87f7791b0/touch/perform[39m
[35m[HTTP][39m [90m{"actions":[{"action":"tap","options":{"x":1,"y":1,"element":"a2ee4c89-9f4f-4084-8475-341679138839"}},{"action":"release","options":{}}]}[39m
[35m[UiAutomator2][39m calling get location: a2ee4c89-9f4f-4084-8475-341679138839
[35m[HTTP][39m [37m<-- POST /wd/hub/session/57590305-eab2-4913-81a2-bfd87f7791b0/touch/perform [39m[32m200[39m [90m2460 ms - 14[39m
[35m[HTTP][39m [90m[39m
[35m[HTTP][39m [37m-->[39m [37mPOST[39m [37m/wd/hub/session/57590305-eab2-4913-81a2-bfd87f7791b0/timeouts[39m
[35m[HTTP][39m [90m{"implicit":50}[39m
[35m[HTTP][39m [37m<-- POST /wd/hub/session/57590305-eab2-4913-81a2-bfd87f7791b0/timeouts [39m[32m200[39m [90m4 ms - 14[39m
[35m[HTTP][39m [90m[39m
[35m[HTTP][39m [37m-->[39m [37mGET[39m [37m/wd/hub/session/57590305-eab2-4913-81a2-bfd87f7791b0/window/rect[39m
[35m[HTTP][39m [90m{}[39m
[35m[HTTP][39m [37m<-- GET /wd/hub/session/57590305-eab2-4913-81a2-bfd87f7791b0/window/rect [39m[32m200[39m [90m161 ms - 50[39m
[35m[HTTP][39m [90m[39m
[35m[HTTP][39m [37m-->[39m [37mPOST[39m [37m/wd/hub/session/57590305-eab2-4913-81a2-bfd87f7791b0/elements[39m
[35m[HTTP][39m [90m{"using":"-android uiautomator","value":"new UiSelector().className(\"android.widget.Button\").text(\"Top Up\").resourceId(\"b2-l1-0-btnTopUp\")"}[39m
[35m[HTTP][39m [37m<-- POST /wd/hub/session/57590305-eab2-4913-81a2-bfd87f7791b0/elements [39m[32m200[39m [90m837 ms - 139[39m
[35m[HTTP][39m [90m[39m
[35m[HTTP][39m [37m-->[39m [37mGET[39m [37m/wd/hub/session/57590305-eab2-4913-81a2-bfd87f7791b0/element/0b8f4b0c-aacc-4558-a287-9ab69d886b2c/location[39m
[35m[HTTP][39m [90m{}[39m
[35m[W3C (57590305)][39m Driver proxy active, passing request on via HTTP proxy
[35m[WD Proxy][39m Replacing sessionId ae0041b5-f47d-45b5-9837-d84524f837e1 with 57590305-eab2-4913-81a2-bfd87f7791b0
[35m[HTTP][39m [37m<-- GET /wd/hub/session/57590305-eab2-4913-81a2-bfd87f7791b0/element/0b8f4b0c-aacc-4558-a287-9ab69d886b2c/location [39m[32m200[39m [90m173 ms - 89[39m
[35m[HTTP][39m [90m[39m
[35m[HTTP][39m [37m-->[39m [37mPOST[39m [37m/wd/hub/session/57590305-eab2-4913-81a2-bfd87f7791b0/timeouts[39m
[35m[HTTP][39m [90m{"implicit":60000}[39m
[35m[HTTP][39m [37m<-- POST /wd/hub/session/57590305-eab2-4913-81a2-bfd87f7791b0/timeouts [39m[32m200[39m [90m3 ms - 14[39m
[35m[HTTP][39m [90m[39m
[35m[HTTP][39m [37m-->[39m [37mPOST[39m [37m/wd/hub/session/57590305-eab2-4913-81a2-bfd87f7791b0/touch/perform[39m
[35m[HTTP][39m [90m{"actions":[{"action":"tap","options":{"x":1,"y":1,"element":"0b8f4b0c-aacc-4558-a287-9ab69d886b2c"}},{"action":"release","options":{}}]}[39m
[35m[UiAutomator2][39m calling get location: 0b8f4b0c-aacc-4558-a287-9ab69d886b2c
[35m[HTTP][39m [37m<-- POST /wd/hub/session/57590305-eab2-4913-81a2-bfd87f7791b0/touch/perform [39m[32m200[39m [90m2244 ms - 14[39m
[35m[HTTP][39m [90m[39m
[35m[HTTP][39m [37m-->[39m [37mPOST[39m [37m/wd/hub/session/57590305-eab2-4913-81a2-bfd87f7791b0/timeouts[39m
[35m[HTTP][39m [90m{"implicit":50}[39m
[35m[HTTP][39m [37m<-- POST /wd/hub/session/57590305-eab2-4913-81a2-bfd87f7791b0/timeouts [39m[32m200[39m [90m4 ms - 14[39m
[35m[HTTP][39m [90m[39m
[35m[HTTP][39m [37m-->[39m [37mGET[39m [37m/wd/hub/session/57590305-eab2-4913-81a2-bfd87f7791b0/window/rect[39m
[35m[HTTP][39m [90m{}[39m
[35m[HTTP][39m [37m<-- GET /wd/hub/session/57590305-eab2-4913-81a2-bfd87f7791b0/window/rect [39m[32m200[39m [90m93 ms - 50[39m
[35m[HTTP][39m [90m[39m
[35m[HTTP][39m [37m-->[39m [37mPOST[39m [37m/wd/hub/session/57590305-eab2-4913-81a2-bfd87f7791b0/elements[39m
[35m[HTTP][39m [90m{"using":"-android uiautomator","value":"new UiSelector().className(\"android.widget.EditText\").resourceId(\"b3-Nominal_Input\")"}[39m
[35m[HTTP][39m [37m<-- POST /wd/hub/session/57590305-eab2-4913-81a2-bfd87f7791b0/elements [39m[32m200[39m [90m390 ms - 139[39m
[35m[HTTP][39m [90m[39m
[35m[HTTP][39m [37m-->[39m [37mGET[39m [37m/wd/hub/session/57590305-eab2-4913-81a2-bfd87f7791b0/element/e0f9e3f8-2f93-4ba3-b778-d0790332b9f0/location[39m
[35m[HTTP][39m [90m{}[39m
[35m[W3C (57590305)][39m Driver proxy active, passing request on via HTTP proxy
[35m[WD Proxy][39m Replacing sessionId ae0041b5-f47d-45b5-9837-d84524f837e1 with 57590305-eab2-4913-81a2-bfd87f7791b0
[35m[HTTP][39m [37m<-- GET /wd/hub/session/57590305-eab2-4913-81a2-bfd87f7791b0/element/e0f9e3f8-2f93-4ba3-b778-d0790332b9f0/location [39m[32m200[39m [90m233 ms - 88[39m
[35m[HTTP][39m [90m[39m
[35m[HTTP][39m [37m-->[39m [37mPOST[39m [37m/wd/hub/session/57590305-eab2-4913-81a2-bfd87f7791b0/timeouts[39m
[35m[HTTP][39m [90m{"implicit":60000}[39m
[35m[HTTP][39m [37m<-- POST /wd/hub/session/57590305-eab2-4913-81a2-bfd87f7791b0/timeouts [39m[32m200[39m [90m3 ms - 14[39m
[35m[HTTP][39m [90m[39m
[35m[HTTP][39m [37m-->[39m [37mPOST[39m [37m/wd/hub/session/57590305-eab2-4913-81a2-bfd87f7791b0/element/e0f9e3f8-2f93-4ba3-b778-d0790332b9f0/clear[39m
[35m[HTTP][39m [90m{"id":"e0f9e3f8-2f93-4ba3-b778-d0790332b9f0"}[39m
[35m[HTTP][39m [37m<-- POST /wd/hub/session/57590305-eab2-4913-81a2-bfd87f7791b0/element/e0f9e3f8-2f93-4ba3-b778-d0790332b9f0/clear [39m[32m200[39m [90m245 ms - 27[39m
[35m[HTTP][39m [90m[39m
[35m[HTTP][39m [37m-->[39m [37mPOST[39m [37m/wd/hub/session/57590305-eab2-4913-81a2-bfd87f7791b0/element/e0f9e3f8-2f93-4ba3-b778-d0790332b9f0/value[39m
[35m[HTTP][39m [90m{"id":"e0f9e3f8-2f93-4ba3-b778-d0790332b9f0","text":"500000","value":["5","0","0","0","0","0"]}[39m
[35m[HTTP][39m [37m<-- POST /wd/hub/session/57590305-eab2-4913-81a2-bfd87f7791b0/element/e0f9e3f8-2f93-4ba3-b778-d0790332b9f0/value [39m[32m200[39m [90m760 ms - 12[39m
[35m[HTTP][39m [90m[39m
[35m[HTTP][39m [37m-->[39m [37mPOST[39m [37m/wd/hub/session/57590305-eab2-4913-81a2-bfd87f7791b0/timeouts[39m
[35m[HTTP][39m [90m{"implicit":50}[39m
[35m[HTTP][39m [37m<-- POST /wd/hub/session/57590305-eab2-4913-81a2-bfd87f7791b0/timeouts [39m[32m200[39m [90m4 ms - 14[39m
[35m[HTTP][39m [90m[39m
[35m[HTTP][39m [37m-->[39m [37mGET[39m [37m/wd/hub/session/57590305-eab2-4913-81a2-bfd87f7791b0/window/rect[39m
[35m[HTTP][39m [90m{}[39m
[35m[HTTP][39m [37m<-- GET /wd/hub/session/57590305-eab2-4913-81a2-bfd87f7791b0/window/rect [39m[32m200[39m [90m95 ms - 50[39m
[35m[HTTP][39m [90m[39m
[35m[HTTP][39m [37m-->[39m [37mPOST[39m [37m/wd/hub/session/57590305-eab2-4913-81a2-bfd87f7791b0/elements[39m
[35m[HTTP][39m [90m{"using":"-android uiautomator","value":"new UiSelector().className(\"android.view.View\").text(\"▲\")"}[39m
[35m[HTTP][39m [37m<-- POST /wd/hub/session/57590305-eab2-4913-81a2-bfd87f7791b0/elements [39m[32m200[39m [90m584 ms - 139[39m
[35m[HTTP][39m [90m[39m
[35m[HTTP][39m [37m-->[39m [37mGET[39m [37m/wd/hub/session/57590305-eab2-4913-81a2-bfd87f7791b0/element/72f7b0db-5855-4d29-b90e-6e4134203667/location[39m
[35m[HTTP][39m [90m{}[39m
[35m[W3C (57590305)][39m Driver proxy active, passing request on via HTTP proxy
[35m[WD Proxy][39m Replacing sessionId ae0041b5-f47d-45b5-9837-d84524f837e1 with 57590305-eab2-4913-81a2-bfd87f7791b0
[35m[HTTP][39m [37m<-- GET /wd/hub/session/57590305-eab2-4913-81a2-bfd87f7791b0/element/72f7b0db-5855-4d29-b90e-6e4134203667/location [39m[32m200[39m [90m222 ms - 90[39m
[35m[HTTP][39m [90m[39m
[35m[HTTP][39m [37m-->[39m [37mPOST[39m [37m/wd/hub/session/57590305-eab2-4913-81a2-bfd87f7791b0/timeouts[39m
[35m[HTTP][39m [90m{"implicit":60000}[39m
[35m[HTTP][39m [37m<-- POST /wd/hub/session/57590305-eab2-4913-81a2-bfd87f7791b0/timeouts [39m[32m200[39m [90m3 ms - 14[39m
[35m[HTTP][39m [90m[39m
[35m[HTTP][39m [37m-->[39m [37mPOST[39m [37m/wd/hub/session/57590305-eab2-4913-81a2-bfd87f7791b0/touch/perform[39m
[35m[HTTP][39m [90m{"actions":[{"action":"tap","options":{"x":1,"y":1,"element":"72f7b0db-5855-4d29-b90e-6e4134203667"}},{"action":"release","options":{}}]}[39m
[35m[UiAutomator2][39m calling get location: 72f7b0db-5855-4d29-b90e-6e4134203667
[35m[HTTP][39m [37m<-- POST /wd/hub/session/57590305-eab2-4913-81a2-bfd87f7791b0/touch/perform [39m[32m200[39m [90m1156 ms - 14[39m
[35m[HTTP][39m [90m[39m
[35m[HTTP][39m [37m-->[39m [37mPOST[39m [37m/wd/hub/session/57590305-eab2-4913-81a2-bfd87f7791b0/timeouts[39m
[35m[HTTP][39m [90m{"implicit":50}[39m
[35m[HTTP][39m [37m<-- POST /wd/hub/session/57590305-eab2-4913-81a2-bfd87f7791b0/timeouts [39m[32m200[39m [90m3 ms - 14[39m
[35m[HTTP][39m [90m[39m
[35m[HTTP][39m [37m-->[39m [37mGET[39m [37m/wd/hub/session/57590305-eab2-4913-81a2-bfd87f7791b0/window/rect[39m
[35m[HTTP][39m [90m{}[39m
[35m[HTTP][39m [37m<-- GET /wd/hub/session/57590305-eab2-4913-81a2-bfd87f7791b0/window/rect [39m[32m200[39m [90m108 ms - 50[39m
[35m[HTTP][39m [90m[39m
[35m[HTTP][39m [37m-->[39m [37mPOST[39m [37m/wd/hub/session/57590305-eab2-4913-81a2-bfd87f7791b0/elements[39m
[35m[HTTP][39m [90m{"using":"-android uiautomator","value":"new UiSelector().className(\"android.view.View\").textContains(\"BANK CENTRAL ASIA\")"}[39m
[35m[HTTP][39m [37m<-- POST /wd/hub/session/57590305-eab2-4913-81a2-bfd87f7791b0/elements [39m[32m200[39m [90m396 ms - 139[39m
[35m[HTTP][39m [90m[39m
[35m[HTTP][39m [37m-->[39m [37mGET[39m [37m/wd/hub/session/57590305-eab2-4913-81a2-bfd87f7791b0/element/58d16978-52f3-4714-be61-b5216fb0e4fd/location[39m
[35m[HTTP][39m [90m{}[39m
[35m[W3C (57590305)][39m Driver proxy active, passing request on via HTTP proxy
[35m[WD Proxy][39m Replacing sessionId ae0041b5-f47d-45b5-9837-d84524f837e1 with 57590305-eab2-4913-81a2-bfd87f7791b0
[35m[HTTP][39m [37m<-- GET /wd/hub/session/57590305-eab2-4913-81a2-bfd87f7791b0/element/58d16978-52f3-4714-be61-b5216fb0e4fd/location [39m[32m200[39m [90m239 ms - 89[39m
[35m[HTTP][39m [90m[39m
[35m[HTTP][39m [37m-->[39m [37mPOST[39m [37m/wd/hub/session/57590305-eab2-4913-81a2-bfd87f7791b0/timeouts[39m
[35m[HTTP][39m [90m{"implicit":60000}[39m
[35m[HTTP][39m [37m<-- POST /wd/hub/session/57590305-eab2-4913-81a2-bfd87f7791b0/timeouts [39m[32m200[39m [90m2 ms - 14[39m
[35m[HTTP][39m [90m[39m
[35m[HTTP][39m [37m-->[39m [37mPOST[39m [37m/wd/hub/session/57590305-eab2-4913-81a2-bfd87f7791b0/touch/perform[39m
[35m[HTTP][39m [90m{"actions":[{"action":"tap","options":{"x":1,"y":1,"element":"58d16978-52f3-4714-be61-b5216fb0e4fd"}},{"action":"release","options":{}}]}[39m
[35m[UiAutomator2][39m calling get location: 58d16978-52f3-4714-be61-b5216fb0e4fd
[35m[HTTP][39m [37m<-- POST /wd/hub/session/57590305-eab2-4913-81a2-bfd87f7791b0/touch/perform [39m[32m200[39m [90m1153 ms - 14[39m
[35m[HTTP][39m [90m[39m
[35m[HTTP][39m [37m-->[39m [37mGET[39m [37m/wd/hub/status[39m
[35m[HTTP][39m [90m{}[39m
[35m[HTTP][39m [37m<-- GET /wd/hub/status [39m[32m200[39m [90m2 ms - 68[39m
[35m[HTTP][39m [90m[39m
[35m[HTTP][39m [37m-->[39m [37mPOST[39m [37m/wd/hub/session[39m
[35m[HTTP][39m [90m{"desiredCapabilities":{"app":"C:\\Users\\Marvin\\git\\ACCBid-Mobile\\accbid.apk","noReset":true,"deviceId":"","deviceName":"samsung SM-A505F (Android 9)","fullReset":false,"platform":"ANDROID","newCommandTimeout":1800,"platformVersion":"9","automationName":"uiautomator2","autoGrantPermissions":true,"unicodeKeyboard":true,"platformName":"Android","udid":"RR8M30NJEFN","resetKeyboard":true,"systemPort":64497},"capabilities":{"firstMatch":[{"appium:app":"C:\\Users\\Marvin\\git\\ACCBid-Mobile\\accbid.apk","appium:autoGrantPermissions":true,"appium:automationName":"uiautomator2","deviceId":"","appium:deviceName":"samsung SM-A505F (Android 9)","appium:fullReset":false,"appium:newCommandTimeout":1800,"appium:noReset":true,"platform":"ANDROID","platformName":"android","appium:platformVersion":"9","appium:resetKeyboard":true,"appium:systemPort":64497,"appium:udid":"RR8M30NJEFN","appium:unicodeKeyboard":true}]}}[39m
[35m[BaseDriver][39m The capabilities ["deviceId","platform"] are not standard capabilities and should have an extension prefix
[35m[Appium][39m Appium v1.12.1 creating new AndroidUiautomator2Driver (v1.33.0) session
[35m[Appium][39m Capabilities:
[35m[Appium][39m   deviceId: 
[35m[Appium][39m   platform: ANDROID
[35m[Appium][39m   platformName: android
[35m[Appium][39m   app: C:\Users\Marvin\git\ACCBid-Mobile\accbid.apk
[35m[Appium][39m   autoGrantPermissions: true
[35m[Appium][39m   automationName: uiautomator2
[35m[Appium][39m   deviceName: samsung SM-A505F (Android 9)
[35m[Appium][39m   fullReset: false
[35m[Appium][39m   newCommandTimeout: 1800
[35m[Appium][39m   noReset: true
[35m[Appium][39m   platformVersion: 9
[35m[Appium][39m   resetKeyboard: true
[35m[Appium][39m   systemPort: 64497
[35m[Appium][39m   udid: RR8M30NJEFN
[35m[Appium][39m   unicodeKeyboard: true
[35m[BaseDriver][39m The following capabilities were provided, but are not recognized by appium: deviceId, platform.
[35m[BaseDriver][39m Session created with session id: 9bc131bb-9e22-4eba-b44d-e9997eb891c0
[35m[BaseDriver][39m Using local app 'C:\Users\Marvin\git\ACCBid-Mobile\accbid.apk'
[35m[AndroidDriver][39m Retrieving device list
[35m[AndroidDriver][39m Using device: RR8M30NJEFN
[35m[UiAutomator2][39m Relaxing hidden api policy
[35m[ADB][39m Using the alternative activity name detection method because of: Could not find apkanalyzer.bat in C:\Users\Marvin\.katalon\tools\android_sdk\platform-tools\apkanalyzer.bat,C:\Users\Marvin\.katalon\tools\android_sdk\emulator\apkanalyzer.bat,C:\Users\Marvin\.katalon\tools\android_sdk\tools\apkanalyzer.bat,C:\Users\Marvin\.katalon\tools\android_sdk\tools\bin\apkanalyzer.bat,C:\Users\Marvin\.katalon\tools\android_sdk\build-tools\29.0.0\apkanalyzer.bat. Do you have the Android SDK installed at 'C:\Users\Marvin\.katalon\tools\android_sdk'?
[35m[ADB][39m Extracting package and launch activity from manifest
[35m[ADB][39m Package name: 'com.outsystemsenterprise.acctst1.BidMart'
[35m[ADB][39m Main activity name: 'com.outsystemsenterprise.acctst1.BidMart.MainActivity'
[35m[HTTP][39m [37m<-- POST /wd/hub/session [39m[32m-[39m [90m- ms - -[39m
[35m[HTTP][39m [90m[39m
[35m[UiAutomator2][39m Server packages are not going to be (re)installed
[35m[UiAutomator2][39m Starting UIAutomator2 server 3.4.0
[35m[UiAutomator2][39m Using UIAutomator2 server from 'C:\Users\Marvin\AppData\Roaming\npm\node_modules\appium\node_modules\appium-uiautomator2-server\apks\appium-uiautomator2-server-v3.4.0.apk' and test from 'C:\Users\Marvin\AppData\Roaming\npm\node_modules\appium\node_modules\appium-uiautomator2-server\apks\appium-uiautomator2-server-debug-androidTest.apk'
[35m[UiAutomator2][39m Waiting up to 30000ms for UiAutomator2 to be online...
[35m[WD Proxy][39m Got an unexpected response: {"code":"ECONNRESET"}
[35m[WD Proxy][39m Got an unexpected response: {"code":"ECONNRESET"}
[35m[AndroidDriver][39m Screen already unlocked, doing nothing
[35m[UiAutomator2][39m UiAutomator2 did not start the activity we were waiting for, 'com.outsystemsenterprise.acctst1.BidMart/com.outsystemsenterprise.acctst1.BidMart.MainActivity'. Starting it ourselves
[35m[Appium][39m New AndroidUiautomator2Driver session created successfully, session 9bc131bb-9e22-4eba-b44d-e9997eb891c0 added to master session list
[35m[BaseDriver][39m Shutting down because we waited 1800 seconds for a command
[35m[Appium][39m Closing session, cause was 'New Command Timeout of 1800 seconds expired. Try customizing the timeout using the 'newCommandTimeout' desired capability'
[35m[Appium][39m Removing session 57590305-eab2-4913-81a2-bfd87f7791b0 from our master session list
[35m[UiAutomator2][39m Restoring hidden api policy to the device default configuration
[35m[BaseDriver][39m Shutting down because we waited 1800 seconds for a command
[35m[Appium][39m Closing session, cause was 'New Command Timeout of 1800 seconds expired. Try customizing the timeout using the 'newCommandTimeout' desired capability'
[35m[Appium][39m Removing session 9bc131bb-9e22-4eba-b44d-e9997eb891c0 from our master session list
[35m[WD Proxy][39m Got an unexpected response: {"code":"ECONNRESET"}
[35m[UiAutomator2][39m Did not get confirmation UiAutomator2 deleteSession worked; Error was: UnknownError: An unknown server-side error occurred while processing the command. Original error: Could not proxy command to remote server. Original error: Error: socket hang up
[35m[UiAutomator2][39m Restoring hidden api policy to the device default configuration
