[35m[Appium][39m Welcome to Appium v1.12.1
[35m[Appium][39m Non-default server args:
[35m[Appium][39m   port: 51318
[35m[Appium][39m   loglevel: info
[35m[Appium][39m   chromeDriverPort: 51319
[35m[Appium][39m   tmpDir: C:\Users\Marvin\AppData\Local\Temp\\Katalon\Appium\Temp1572489226340
[35m[Appium][39m Appium REST http interface listener started on 0.0.0.0:51318
[35m[HTTP][39m [37m-->[39m [37mGET[39m [37m/wd/hub/status[39m
[35m[HTTP][39m [90m{}[39m
[35m[HTTP][39m [37m<-- GET /wd/hub/status [39m[32m200[39m [90m10 ms - 68[39m
[35m[HTTP][39m [90m[39m
[35m[HTTP][39m [37m-->[39m [37mPOST[39m [37m/wd/hub/session[39m
[35m[HTTP][39m [90m{"desiredCapabilities":{"app":"C:\\Users\\Marvin\\git\\ACCBid-Mobile\\accbid.apk","noReset":true,"deviceId":"","deviceName":"samsung SM-A505F (Android 9)","fullReset":false,"platform":"ANDROID","newCommandTimeout":1800,"platformVersion":"9","automationName":"uiautomator2","autoGrantPermissions":true,"unicodeKeyboard":true,"platformName":"Android","udid":"RR8M30NJEFN","resetKeyboard":true,"systemPort":51317},"capabilities":{"firstMatch":[{"appium:app":"C:\\Users\\Marvin\\git\\ACCBid-Mobile\\accbid.apk","appium:autoGrantPermissions":true,"appium:automationName":"uiautomator2","deviceId":"","appium:deviceName":"samsung SM-A505F (Android 9)","appium:fullReset":false,"appium:newCommandTimeout":1800,"appium:noReset":true,"platform":"ANDROID","platformName":"android","appium:platformVersion":"9","appium:resetKeyboard":true,"appium:systemPort":51317,"appium:udid":"RR8M30NJEFN","appium:unicodeKeyboard":true}]}}[39m
[35m[BaseDriver][39m The capabilities ["deviceId","platform"] are not standard capabilities and should have an extension prefix
[35m[Appium][39m Appium v1.12.1 creating new AndroidUiautomator2Driver (v1.33.0) session
[35m[Appium][39m Capabilities:
[35m[Appium][39m   deviceId: 
[35m[Appium][39m   platform: ANDROID
[35m[Appium][39m   platformName: android
[35m[Appium][39m   app: C:\Users\Marvin\git\ACCBid-Mobile\accbid.apk
[35m[Appium][39m   autoGrantPermissions: true
[35m[Appium][39m   automationName: uiautomator2
[35m[Appium][39m   deviceName: samsung SM-A505F (Android 9)
[35m[Appium][39m   fullReset: false
[35m[Appium][39m   newCommandTimeout: 1800
[35m[Appium][39m   noReset: true
[35m[Appium][39m   platformVersion: 9
[35m[Appium][39m   resetKeyboard: true
[35m[Appium][39m   systemPort: 51317
[35m[Appium][39m   udid: RR8M30NJEFN
[35m[Appium][39m   unicodeKeyboard: true
[35m[BaseDriver][39m The following capabilities were provided, but are not recognized by appium: deviceId, platform.
[35m[BaseDriver][39m Session created with session id: aec008ff-f1a2-4b1d-9a1c-d20faee7d6ff
[35m[BaseDriver][39m Using local app 'C:\Users\Marvin\git\ACCBid-Mobile\accbid.apk'
[35m[ADB][39m Checking whether adb is present
[35m[ADB][39m Found 1 'build-tools' folders under 'C:\Users\Marvin\.katalon\tools\android_sdk' (newest first):
[35m[ADB][39m     C:/Users/Marvin/.katalon/tools/android_sdk/build-tools/29.0.0
[35m[ADB][39m Using adb.exe from C:\Users\Marvin\.katalon\tools\android_sdk\platform-tools\adb.exe
[35m[AndroidDriver][39m Retrieving device list
[35m[AndroidDriver][39m Using device: RR8M30NJEFN
[35m[UiAutomator2][39m Relaxing hidden api policy
[35m[ADB][39m Using the alternative activity name detection method because of: Could not find apkanalyzer.bat in C:\Users\Marvin\.katalon\tools\android_sdk\platform-tools\apkanalyzer.bat,C:\Users\Marvin\.katalon\tools\android_sdk\emulator\apkanalyzer.bat,C:\Users\Marvin\.katalon\tools\android_sdk\tools\apkanalyzer.bat,C:\Users\Marvin\.katalon\tools\android_sdk\tools\bin\apkanalyzer.bat,C:\Users\Marvin\.katalon\tools\android_sdk\build-tools\29.0.0\apkanalyzer.bat. Do you have the Android SDK installed at 'C:\Users\Marvin\.katalon\tools\android_sdk'?
[35m[ADB][39m Checking whether aapt is present
[35m[ADB][39m Using aapt.exe from C:\Users\Marvin\.katalon\tools\android_sdk\build-tools\29.0.0\aapt.exe
[35m[ADB][39m Extracting package and launch activity from manifest
[35m[ADB][39m Package name: 'com.outsystemsenterprise.acctst1.BidMart'
[35m[ADB][39m Main activity name: 'com.outsystemsenterprise.acctst1.BidMart.MainActivity'
[35m[ADB][39m Using apksigner.bat from C:\Users\Marvin\.katalon\tools\android_sdk\build-tools\29.0.0\apksigner.bat
[35m[UiAutomator2][39m Server packages are not going to be (re)installed
[35m[UiAutomator2][39m Starting UIAutomator2 server 3.4.0
[35m[UiAutomator2][39m Using UIAutomator2 server from 'C:\Users\Marvin\AppData\Roaming\npm\node_modules\appium\node_modules\appium-uiautomator2-server\apks\appium-uiautomator2-server-v3.4.0.apk' and test from 'C:\Users\Marvin\AppData\Roaming\npm\node_modules\appium\node_modules\appium-uiautomator2-server\apks\appium-uiautomator2-server-debug-androidTest.apk'
[35m[UiAutomator2][39m Waiting up to 30000ms for UiAutomator2 to be online...
[35m[WD Proxy][39m Got an unexpected response: {"code":"ECONNRESET"}
[35m[WD Proxy][39m Got an unexpected response: {"code":"ECONNRESET"}
[35m[AndroidDriver][39m Screen already unlocked, doing nothing
[35m[UiAutomator2][39m UiAutomator2 did not start the activity we were waiting for, 'com.outsystemsenterprise.acctst1.BidMart/com.outsystemsenterprise.acctst1.BidMart.MainActivity'. Starting it ourselves
[35m[Appium][39m New AndroidUiautomator2Driver session created successfully, session aec008ff-f1a2-4b1d-9a1c-d20faee7d6ff added to master session list
[35m[HTTP][39m [37m<-- POST /wd/hub/session [39m[32m200[39m [90m22325 ms - 1337[39m
[35m[HTTP][39m [90m[39m
[35m[HTTP][39m [37m-->[39m [37mGET[39m [37m/wd/hub/session/aec008ff-f1a2-4b1d-9a1c-d20faee7d6ff[39m
[35m[HTTP][39m [90m{}[39m
[35m[HTTP][39m [37m<-- GET /wd/hub/session/aec008ff-f1a2-4b1d-9a1c-d20faee7d6ff [39m[32m200[39m [90m53 ms - 1269[39m
[35m[HTTP][39m [90m[39m
[35m[HTTP][39m [37m-->[39m [37mGET[39m [37m/wd/hub/session/aec008ff-f1a2-4b1d-9a1c-d20faee7d6ff[39m
[35m[HTTP][39m [90m{}[39m
[35m[HTTP][39m [37m<-- GET /wd/hub/session/aec008ff-f1a2-4b1d-9a1c-d20faee7d6ff [39m[32m200[39m [90m34 ms - 1269[39m
[35m[HTTP][39m [90m[39m
[35m[HTTP][39m [37m-->[39m [37mGET[39m [37m/wd/hub/status[39m
[35m[HTTP][39m [90m{}[39m
[35m[HTTP][39m [37m<-- GET /wd/hub/status [39m[32m200[39m [90m2 ms - 68[39m
[35m[HTTP][39m [90m[39m
[35m[HTTP][39m [37m-->[39m [37mPOST[39m [37m/wd/hub/session/aec008ff-f1a2-4b1d-9a1c-d20faee7d6ff/timeouts[39m
[35m[HTTP][39m [90m{"implicit":60000}[39m
[35m[HTTP][39m [37m<-- POST /wd/hub/session/aec008ff-f1a2-4b1d-9a1c-d20faee7d6ff/timeouts [39m[32m200[39m [90m7 ms - 14[39m
[35m[HTTP][39m [90m[39m
[35m[HTTP][39m [37m-->[39m [37mPOST[39m [37m/wd/hub/session/aec008ff-f1a2-4b1d-9a1c-d20faee7d6ff/timeouts[39m
[35m[HTTP][39m [90m{"implicit":50}[39m
[35m[HTTP][39m [37m<-- POST /wd/hub/session/aec008ff-f1a2-4b1d-9a1c-d20faee7d6ff/timeouts [39m[32m200[39m [90m6 ms - 14[39m
[35m[HTTP][39m [90m[39m
[35m[HTTP][39m [37m-->[39m [37mGET[39m [37m/wd/hub/session/aec008ff-f1a2-4b1d-9a1c-d20faee7d6ff/window/rect[39m
[35m[HTTP][39m [90m{}[39m
[35m[HTTP][39m [37m<-- GET /wd/hub/session/aec008ff-f1a2-4b1d-9a1c-d20faee7d6ff/window/rect [39m[32m200[39m [90m108 ms - 50[39m
[35m[HTTP][39m [90m[39m
[35m[HTTP][39m [37m-->[39m [37mPOST[39m [37m/wd/hub/session/aec008ff-f1a2-4b1d-9a1c-d20faee7d6ff/elements[39m
[35m[HTTP][39m [90m{"using":"-android uiautomator","value":"new UiSelector().className(\"android.widget.Image\").text(\"theme_new_ui_bid.kalkulatornew\")"}[39m
[35m[HTTP][39m [37m<-- POST /wd/hub/session/aec008ff-f1a2-4b1d-9a1c-d20faee7d6ff/elements [39m[32m200[39m [90m158 ms - 12[39m
[35m[HTTP][39m [90m[39m
[35m[HTTP][39m [37m-->[39m [37mPOST[39m [37m/wd/hub/session/aec008ff-f1a2-4b1d-9a1c-d20faee7d6ff/elements[39m
[35m[HTTP][39m [90m{"using":"-android uiautomator","value":"new UiSelector().className(\"android.widget.Image\").text(\"theme_new_ui_bid.kalkulatornew\")"}[39m
[35m[HTTP][39m [37m<-- POST /wd/hub/session/aec008ff-f1a2-4b1d-9a1c-d20faee7d6ff/elements [39m[32m200[39m [90m78 ms - 12[39m
[35m[HTTP][39m [90m[39m
[35m[HTTP][39m [37m-->[39m [37mPOST[39m [37m/wd/hub/session/aec008ff-f1a2-4b1d-9a1c-d20faee7d6ff/elements[39m
[35m[HTTP][39m [90m{"using":"-android uiautomator","value":"new UiSelector().className(\"android.widget.Image\").text(\"theme_new_ui_bid.kalkulatornew\")"}[39m
[35m[HTTP][39m [37m<-- POST /wd/hub/session/aec008ff-f1a2-4b1d-9a1c-d20faee7d6ff/elements [39m[32m200[39m [90m212 ms - 12[39m
[35m[HTTP][39m [90m[39m
[35m[HTTP][39m [37m-->[39m [37mPOST[39m [37m/wd/hub/session/aec008ff-f1a2-4b1d-9a1c-d20faee7d6ff/elements[39m
[35m[HTTP][39m [90m{"using":"-android uiautomator","value":"new UiSelector().className(\"android.widget.Image\").text(\"theme_new_ui_bid.kalkulatornew\")"}[39m
[35m[HTTP][39m [37m<-- POST /wd/hub/session/aec008ff-f1a2-4b1d-9a1c-d20faee7d6ff/elements [39m[32m200[39m [90m135 ms - 12[39m
[35m[HTTP][39m [90m[39m
[35m[HTTP][39m [37m-->[39m [37mPOST[39m [37m/wd/hub/session/aec008ff-f1a2-4b1d-9a1c-d20faee7d6ff/elements[39m
[35m[HTTP][39m [90m{"using":"-android uiautomator","value":"new UiSelector().className(\"android.widget.Image\").text(\"theme_new_ui_bid.kalkulatornew\")"}[39m
[35m[HTTP][39m [37m<-- POST /wd/hub/session/aec008ff-f1a2-4b1d-9a1c-d20faee7d6ff/elements [39m[32m200[39m [90m80 ms - 12[39m
[35m[HTTP][39m [90m[39m
[35m[HTTP][39m [37m-->[39m [37mPOST[39m [37m/wd/hub/session/aec008ff-f1a2-4b1d-9a1c-d20faee7d6ff/elements[39m
[35m[HTTP][39m [90m{"using":"-android uiautomator","value":"new UiSelector().className(\"android.widget.Image\").text(\"theme_new_ui_bid.kalkulatornew\")"}[39m
[35m[HTTP][39m [37m<-- POST /wd/hub/session/aec008ff-f1a2-4b1d-9a1c-d20faee7d6ff/elements [39m[32m200[39m [90m126 ms - 12[39m
[35m[HTTP][39m [90m[39m
[35m[HTTP][39m [37m-->[39m [37mPOST[39m [37m/wd/hub/session/aec008ff-f1a2-4b1d-9a1c-d20faee7d6ff/elements[39m
[35m[HTTP][39m [90m{"using":"-android uiautomator","value":"new UiSelector().className(\"android.widget.Image\").text(\"theme_new_ui_bid.kalkulatornew\")"}[39m
[35m[HTTP][39m [37m<-- POST /wd/hub/session/aec008ff-f1a2-4b1d-9a1c-d20faee7d6ff/elements [39m[32m200[39m [90m2277 ms - 139[39m
[35m[HTTP][39m [90m[39m
[35m[HTTP][39m [37m-->[39m [37mGET[39m [37m/wd/hub/session/aec008ff-f1a2-4b1d-9a1c-d20faee7d6ff/element/d6322720-f0bc-4fec-be13-2f46c4307dbd/location[39m
[35m[HTTP][39m [90m{}[39m
[35m[W3C (aec008ff)][39m Driver proxy active, passing request on via HTTP proxy
[35m[WD Proxy][39m Replacing sessionId 41a81ed5-7345-4976-a0a8-3f7033011757 with aec008ff-f1a2-4b1d-9a1c-d20faee7d6ff
[35m[HTTP][39m [37m<-- GET /wd/hub/session/aec008ff-f1a2-4b1d-9a1c-d20faee7d6ff/element/d6322720-f0bc-4fec-be13-2f46c4307dbd/location [39m[32m200[39m [90m136 ms - 89[39m
[35m[HTTP][39m [90m[39m
[35m[HTTP][39m [37m-->[39m [37mPOST[39m [37m/wd/hub/session/aec008ff-f1a2-4b1d-9a1c-d20faee7d6ff/timeouts[39m
[35m[HTTP][39m [90m{"implicit":60000}[39m
[35m[HTTP][39m [37m<-- POST /wd/hub/session/aec008ff-f1a2-4b1d-9a1c-d20faee7d6ff/timeouts [39m[32m200[39m [90m3 ms - 14[39m
[35m[HTTP][39m [90m[39m
[35m[HTTP][39m [37m-->[39m [37mPOST[39m [37m/wd/hub/session/aec008ff-f1a2-4b1d-9a1c-d20faee7d6ff/touch/perform[39m
[35m[HTTP][39m [90m{"actions":[{"action":"tap","options":{"x":1,"y":1,"element":"d6322720-f0bc-4fec-be13-2f46c4307dbd"}},{"action":"release","options":{}}]}[39m
[35m[UiAutomator2][39m calling get location: d6322720-f0bc-4fec-be13-2f46c4307dbd
[35m[HTTP][39m [37m<-- POST /wd/hub/session/aec008ff-f1a2-4b1d-9a1c-d20faee7d6ff/touch/perform [39m[32m200[39m [90m2008 ms - 14[39m
[35m[HTTP][39m [90m[39m
[35m[HTTP][39m [37m-->[39m [37mPOST[39m [37m/wd/hub/session/aec008ff-f1a2-4b1d-9a1c-d20faee7d6ff/timeouts[39m
[35m[HTTP][39m [90m{"implicit":50}[39m
[35m[HTTP][39m [37m<-- POST /wd/hub/session/aec008ff-f1a2-4b1d-9a1c-d20faee7d6ff/timeouts [39m[32m200[39m [90m4 ms - 14[39m
[35m[HTTP][39m [90m[39m
[35m[HTTP][39m [37m-->[39m [37mGET[39m [37m/wd/hub/session/aec008ff-f1a2-4b1d-9a1c-d20faee7d6ff/window/rect[39m
[35m[HTTP][39m [90m{}[39m
[35m[HTTP][39m [37m<-- GET /wd/hub/session/aec008ff-f1a2-4b1d-9a1c-d20faee7d6ff/window/rect [39m[32m200[39m [90m47 ms - 50[39m
[35m[HTTP][39m [90m[39m
[35m[HTTP][39m [37m-->[39m [37mPOST[39m [37m/wd/hub/session/aec008ff-f1a2-4b1d-9a1c-d20faee7d6ff/elements[39m
[35m[HTTP][39m [90m{"using":"-android uiautomator","value":"new UiSelector().className(\"android.widget.EditText\").resourceId(\"b2-Input_OTR\")"}[39m
[35m[HTTP][39m [37m<-- POST /wd/hub/session/aec008ff-f1a2-4b1d-9a1c-d20faee7d6ff/elements [39m[32m200[39m [90m1473 ms - 139[39m
[35m[HTTP][39m [90m[39m
[35m[HTTP][39m [37m-->[39m [37mGET[39m [37m/wd/hub/session/aec008ff-f1a2-4b1d-9a1c-d20faee7d6ff/element/22ff62f1-36c1-48a1-beb9-3bdcad1e359b/location[39m
[35m[HTTP][39m [90m{}[39m
[35m[W3C (aec008ff)][39m Driver proxy active, passing request on via HTTP proxy
[35m[WD Proxy][39m Replacing sessionId 41a81ed5-7345-4976-a0a8-3f7033011757 with aec008ff-f1a2-4b1d-9a1c-d20faee7d6ff
[35m[HTTP][39m [37m<-- GET /wd/hub/session/aec008ff-f1a2-4b1d-9a1c-d20faee7d6ff/element/22ff62f1-36c1-48a1-beb9-3bdcad1e359b/location [39m[32m200[39m [90m240 ms - 88[39m
[35m[HTTP][39m [90m[39m
[35m[HTTP][39m [37m-->[39m [37mPOST[39m [37m/wd/hub/session/aec008ff-f1a2-4b1d-9a1c-d20faee7d6ff/timeouts[39m
[35m[HTTP][39m [90m{"implicit":60000}[39m
[35m[HTTP][39m [37m<-- POST /wd/hub/session/aec008ff-f1a2-4b1d-9a1c-d20faee7d6ff/timeouts [39m[32m200[39m [90m3 ms - 14[39m
[35m[HTTP][39m [90m[39m
[35m[HTTP][39m [37m-->[39m [37mPOST[39m [37m/wd/hub/session/aec008ff-f1a2-4b1d-9a1c-d20faee7d6ff/element/22ff62f1-36c1-48a1-beb9-3bdcad1e359b/clear[39m
[35m[HTTP][39m [90m{"id":"22ff62f1-36c1-48a1-beb9-3bdcad1e359b"}[39m
[35m[HTTP][39m [37m<-- POST /wd/hub/session/aec008ff-f1a2-4b1d-9a1c-d20faee7d6ff/element/22ff62f1-36c1-48a1-beb9-3bdcad1e359b/clear [39m[32m200[39m [90m204 ms - 27[39m
[35m[HTTP][39m [90m[39m
[35m[HTTP][39m [37m-->[39m [37mPOST[39m [37m/wd/hub/session/aec008ff-f1a2-4b1d-9a1c-d20faee7d6ff/element/22ff62f1-36c1-48a1-beb9-3bdcad1e359b/value[39m
[35m[HTTP][39m [90m{"id":"22ff62f1-36c1-48a1-beb9-3bdcad1e359b","text":"1200000","value":["1","2","0","0","0","0","0"]}[39m
[35m[HTTP][39m [37m<-- POST /wd/hub/session/aec008ff-f1a2-4b1d-9a1c-d20faee7d6ff/element/22ff62f1-36c1-48a1-beb9-3bdcad1e359b/value [39m[32m200[39m [90m1047 ms - 12[39m
[35m[HTTP][39m [90m[39m
[35m[HTTP][39m [37m-->[39m [37mPOST[39m [37m/wd/hub/session/aec008ff-f1a2-4b1d-9a1c-d20faee7d6ff/touch/perform[39m
[35m[HTTP][39m [90m{"actions":[{"action":"tap","options":{"x":490,"y":584}},{"action":"wait","options":{"ms":50}}]}[39m
[35m[HTTP][39m [37m<-- POST /wd/hub/session/aec008ff-f1a2-4b1d-9a1c-d20faee7d6ff/touch/perform [39m[32m200[39m [90m305 ms - 14[39m
[35m[HTTP][39m [90m[39m
[35m[HTTP][39m [37m-->[39m [37mPOST[39m [37m/wd/hub/session/aec008ff-f1a2-4b1d-9a1c-d20faee7d6ff/timeouts[39m
[35m[HTTP][39m [90m{"implicit":50}[39m
[35m[HTTP][39m [37m<-- POST /wd/hub/session/aec008ff-f1a2-4b1d-9a1c-d20faee7d6ff/timeouts [39m[32m200[39m [90m3 ms - 14[39m
[35m[HTTP][39m [90m[39m
[35m[HTTP][39m [37m-->[39m [37mGET[39m [37m/wd/hub/session/aec008ff-f1a2-4b1d-9a1c-d20faee7d6ff/window/rect[39m
[35m[HTTP][39m [90m{}[39m
[35m[HTTP][39m [37m<-- GET /wd/hub/session/aec008ff-f1a2-4b1d-9a1c-d20faee7d6ff/window/rect [39m[32m200[39m [90m44 ms - 50[39m
[35m[HTTP][39m [90m[39m
[35m[HTTP][39m [37m-->[39m [37mPOST[39m [37m/wd/hub/session/aec008ff-f1a2-4b1d-9a1c-d20faee7d6ff/elements[39m
[35m[HTTP][39m [90m{"using":"-android uiautomator","value":"new UiSelector().className(\"android.widget.EditText\").resourceId(\"b2-Input_DP_Percent\")"}[39m
[35m[HTTP][39m [37m<-- POST /wd/hub/session/aec008ff-f1a2-4b1d-9a1c-d20faee7d6ff/elements [39m[32m200[39m [90m1026 ms - 139[39m
[35m[HTTP][39m [90m[39m
[35m[HTTP][39m [37m-->[39m [37mGET[39m [37m/wd/hub/session/aec008ff-f1a2-4b1d-9a1c-d20faee7d6ff/element/dfc34cf6-2fe3-41ea-9e95-340cb84d1702/location[39m
[35m[HTTP][39m [90m{}[39m
[35m[W3C (aec008ff)][39m Driver proxy active, passing request on via HTTP proxy
[35m[WD Proxy][39m Replacing sessionId 41a81ed5-7345-4976-a0a8-3f7033011757 with aec008ff-f1a2-4b1d-9a1c-d20faee7d6ff
[35m[HTTP][39m [37m<-- GET /wd/hub/session/aec008ff-f1a2-4b1d-9a1c-d20faee7d6ff/element/dfc34cf6-2fe3-41ea-9e95-340cb84d1702/location [39m[32m200[39m [90m224 ms - 88[39m
[35m[HTTP][39m [90m[39m
[35m[HTTP][39m [37m-->[39m [37mPOST[39m [37m/wd/hub/session/aec008ff-f1a2-4b1d-9a1c-d20faee7d6ff/timeouts[39m
[35m[HTTP][39m [90m{"implicit":60000}[39m
[35m[HTTP][39m [37m<-- POST /wd/hub/session/aec008ff-f1a2-4b1d-9a1c-d20faee7d6ff/timeouts [39m[32m200[39m [90m3 ms - 14[39m
[35m[HTTP][39m [90m[39m
[35m[HTTP][39m [37m-->[39m [37mPOST[39m [37m/wd/hub/session/aec008ff-f1a2-4b1d-9a1c-d20faee7d6ff/element/dfc34cf6-2fe3-41ea-9e95-340cb84d1702/clear[39m
[35m[HTTP][39m [90m{"id":"dfc34cf6-2fe3-41ea-9e95-340cb84d1702"}[39m
[35m[HTTP][39m [37m<-- POST /wd/hub/session/aec008ff-f1a2-4b1d-9a1c-d20faee7d6ff/element/dfc34cf6-2fe3-41ea-9e95-340cb84d1702/clear [39m[32m200[39m [90m210 ms - 27[39m
[35m[HTTP][39m [90m[39m
[35m[HTTP][39m [37m-->[39m [37mPOST[39m [37m/wd/hub/session/aec008ff-f1a2-4b1d-9a1c-d20faee7d6ff/element/dfc34cf6-2fe3-41ea-9e95-340cb84d1702/value[39m
[35m[HTTP][39m [90m{"id":"dfc34cf6-2fe3-41ea-9e95-340cb84d1702","text":"25","value":["2","5"]}[39m
[35m[HTTP][39m [37m<-- POST /wd/hub/session/aec008ff-f1a2-4b1d-9a1c-d20faee7d6ff/element/dfc34cf6-2fe3-41ea-9e95-340cb84d1702/value [39m[32m200[39m [90m1084 ms - 12[39m
[35m[HTTP][39m [90m[39m
[35m[HTTP][39m [37m-->[39m [37mPOST[39m [37m/wd/hub/session/aec008ff-f1a2-4b1d-9a1c-d20faee7d6ff/timeouts[39m
[35m[HTTP][39m [90m{"implicit":50}[39m
[35m[HTTP][39m [37m<-- POST /wd/hub/session/aec008ff-f1a2-4b1d-9a1c-d20faee7d6ff/timeouts [39m[32m200[39m [90m5 ms - 14[39m
[35m[HTTP][39m [90m[39m
[35m[HTTP][39m [37m-->[39m [37mGET[39m [37m/wd/hub/session/aec008ff-f1a2-4b1d-9a1c-d20faee7d6ff/window/rect[39m
[35m[HTTP][39m [90m{}[39m
[35m[HTTP][39m [37m<-- GET /wd/hub/session/aec008ff-f1a2-4b1d-9a1c-d20faee7d6ff/window/rect [39m[32m200[39m [90m51 ms - 50[39m
[35m[HTTP][39m [90m[39m
[35m[HTTP][39m [37m-->[39m [37mPOST[39m [37m/wd/hub/session/aec008ff-f1a2-4b1d-9a1c-d20faee7d6ff/elements[39m
[35m[HTTP][39m [90m{"using":"-android uiautomator","value":"new UiSelector().className(\"android.view.View\").text(\"▲\")"}[39m
[35m[HTTP][39m [37m<-- POST /wd/hub/session/aec008ff-f1a2-4b1d-9a1c-d20faee7d6ff/elements [39m[32m200[39m [90m1188 ms - 267[39m
[35m[HTTP][39m [90m[39m
[35m[HTTP][39m [37m-->[39m [37mGET[39m [37m/wd/hub/session/aec008ff-f1a2-4b1d-9a1c-d20faee7d6ff/element/be53a51e-b58c-49da-bdc5-919eb1b493ac/location[39m
[35m[HTTP][39m [90m{}[39m
[35m[W3C (aec008ff)][39m Driver proxy active, passing request on via HTTP proxy
[35m[WD Proxy][39m Replacing sessionId 41a81ed5-7345-4976-a0a8-3f7033011757 with aec008ff-f1a2-4b1d-9a1c-d20faee7d6ff
[35m[HTTP][39m [37m<-- GET /wd/hub/session/aec008ff-f1a2-4b1d-9a1c-d20faee7d6ff/element/be53a51e-b58c-49da-bdc5-919eb1b493ac/location [39m[32m200[39m [90m175 ms - 89[39m
[35m[HTTP][39m [90m[39m
[35m[HTTP][39m [37m-->[39m [37mPOST[39m [37m/wd/hub/session/aec008ff-f1a2-4b1d-9a1c-d20faee7d6ff/timeouts[39m
[35m[HTTP][39m [90m{"implicit":60000}[39m
[35m[HTTP][39m [37m<-- POST /wd/hub/session/aec008ff-f1a2-4b1d-9a1c-d20faee7d6ff/timeouts [39m[32m200[39m [90m2 ms - 14[39m
[35m[HTTP][39m [90m[39m
[35m[HTTP][39m [37m-->[39m [37mPOST[39m [37m/wd/hub/session/aec008ff-f1a2-4b1d-9a1c-d20faee7d6ff/touch/perform[39m
[35m[HTTP][39m [90m{"actions":[{"action":"tap","options":{"x":1,"y":1,"element":"be53a51e-b58c-49da-bdc5-919eb1b493ac"}},{"action":"release","options":{}}]}[39m
[35m[UiAutomator2][39m calling get location: be53a51e-b58c-49da-bdc5-919eb1b493ac
[35m[HTTP][39m [37m<-- POST /wd/hub/session/aec008ff-f1a2-4b1d-9a1c-d20faee7d6ff/touch/perform [39m[32m200[39m [90m1021 ms - 14[39m
[35m[HTTP][39m [90m[39m
[35m[HTTP][39m [37m-->[39m [37mPOST[39m [37m/wd/hub/session/aec008ff-f1a2-4b1d-9a1c-d20faee7d6ff/timeouts[39m
[35m[HTTP][39m [90m{"implicit":50}[39m
[35m[HTTP][39m [37m<-- POST /wd/hub/session/aec008ff-f1a2-4b1d-9a1c-d20faee7d6ff/timeouts [39m[32m200[39m [90m4 ms - 14[39m
[35m[HTTP][39m [90m[39m
[35m[HTTP][39m [37m-->[39m [37mGET[39m [37m/wd/hub/session/aec008ff-f1a2-4b1d-9a1c-d20faee7d6ff/window/rect[39m
[35m[HTTP][39m [90m{}[39m
[35m[HTTP][39m [37m<-- GET /wd/hub/session/aec008ff-f1a2-4b1d-9a1c-d20faee7d6ff/window/rect [39m[32m200[39m [90m60 ms - 50[39m
[35m[HTTP][39m [90m[39m
[35m[HTTP][39m [37m-->[39m [37mPOST[39m [37m/wd/hub/session/aec008ff-f1a2-4b1d-9a1c-d20faee7d6ff/elements[39m
[35m[HTTP][39m [90m{"using":"-android uiautomator","value":"new UiSelector().text(\"DKI\")"}[39m
[35m[HTTP][39m [37m<-- POST /wd/hub/session/aec008ff-f1a2-4b1d-9a1c-d20faee7d6ff/elements [39m[32m200[39m [90m552 ms - 139[39m
[35m[HTTP][39m [90m[39m
[35m[HTTP][39m [37m-->[39m [37mGET[39m [37m/wd/hub/session/aec008ff-f1a2-4b1d-9a1c-d20faee7d6ff/element/df8793de-1f77-4756-96e3-a7c8434e69e0/location[39m
[35m[HTTP][39m [90m{}[39m
[35m[W3C (aec008ff)][39m Driver proxy active, passing request on via HTTP proxy
[35m[WD Proxy][39m Replacing sessionId 41a81ed5-7345-4976-a0a8-3f7033011757 with aec008ff-f1a2-4b1d-9a1c-d20faee7d6ff
[35m[HTTP][39m [37m<-- GET /wd/hub/session/aec008ff-f1a2-4b1d-9a1c-d20faee7d6ff/element/df8793de-1f77-4756-96e3-a7c8434e69e0/location [39m[32m200[39m [90m198 ms - 89[39m
[35m[HTTP][39m [90m[39m
[35m[HTTP][39m [37m-->[39m [37mPOST[39m [37m/wd/hub/session/aec008ff-f1a2-4b1d-9a1c-d20faee7d6ff/timeouts[39m
[35m[HTTP][39m [90m{"implicit":60000}[39m
[35m[HTTP][39m [37m<-- POST /wd/hub/session/aec008ff-f1a2-4b1d-9a1c-d20faee7d6ff/timeouts [39m[32m200[39m [90m3 ms - 14[39m
[35m[HTTP][39m [90m[39m
[35m[HTTP][39m [37m-->[39m [37mPOST[39m [37m/wd/hub/session/aec008ff-f1a2-4b1d-9a1c-d20faee7d6ff/touch/perform[39m
[35m[HTTP][39m [90m{"actions":[{"action":"tap","options":{"x":1,"y":1,"element":"df8793de-1f77-4756-96e3-a7c8434e69e0"}},{"action":"release","options":{}}]}[39m
[35m[UiAutomator2][39m calling get location: df8793de-1f77-4756-96e3-a7c8434e69e0
[35m[HTTP][39m [37m<-- POST /wd/hub/session/aec008ff-f1a2-4b1d-9a1c-d20faee7d6ff/touch/perform [39m[32m200[39m [90m1178 ms - 14[39m
[35m[HTTP][39m [90m[39m
[35m[HTTP][39m [37m-->[39m [37mGET[39m [37m/wd/hub/session/aec008ff-f1a2-4b1d-9a1c-d20faee7d6ff/context[39m
[35m[HTTP][39m [90m{}[39m
[35m[HTTP][39m [37m<-- GET /wd/hub/session/aec008ff-f1a2-4b1d-9a1c-d20faee7d6ff/context [39m[32m200[39m [90m3 ms - 22[39m
[35m[HTTP][39m [90m[39m
[35m[HTTP][39m [37m-->[39m [37mGET[39m [37m/wd/hub/session/aec008ff-f1a2-4b1d-9a1c-d20faee7d6ff/contexts[39m
[35m[HTTP][39m [90m{}[39m
[35m[HTTP][39m [37m<-- GET /wd/hub/session/aec008ff-f1a2-4b1d-9a1c-d20faee7d6ff/contexts [39m[32m200[39m [90m507 ms - 92[39m
[35m[HTTP][39m [90m[39m
[35m[HTTP][39m [37m-->[39m [37mPOST[39m [37m/wd/hub/session/aec008ff-f1a2-4b1d-9a1c-d20faee7d6ff/context[39m
[35m[HTTP][39m [90m{"name":"NATIVE_APP"}[39m
[35m[HTTP][39m [37m<-- POST /wd/hub/session/aec008ff-f1a2-4b1d-9a1c-d20faee7d6ff/context [39m[32m200[39m [90m4 ms - 14[39m
[35m[HTTP][39m [90m[39m
[35m[HTTP][39m [37m-->[39m [37mGET[39m [37m/wd/hub/session/aec008ff-f1a2-4b1d-9a1c-d20faee7d6ff/window/rect[39m
[35m[HTTP][39m [90m{}[39m
[35m[HTTP][39m [37m<-- GET /wd/hub/session/aec008ff-f1a2-4b1d-9a1c-d20faee7d6ff/window/rect [39m[32m200[39m [90m77 ms - 50[39m
[35m[HTTP][39m [90m[39m
[35m[HTTP][39m [37m-->[39m [37mPOST[39m [37m/wd/hub/session/aec008ff-f1a2-4b1d-9a1c-d20faee7d6ff/context[39m
[35m[HTTP][39m [90m{"name":"NATIVE_APP"}[39m
[35m[HTTP][39m [37m<-- POST /wd/hub/session/aec008ff-f1a2-4b1d-9a1c-d20faee7d6ff/context [39m[32m200[39m [90m4 ms - 14[39m
[35m[HTTP][39m [90m[39m
[35m[HTTP][39m [37m-->[39m [37mGET[39m [37m/wd/hub/session/aec008ff-f1a2-4b1d-9a1c-d20faee7d6ff/context[39m
[35m[HTTP][39m [90m{}[39m
[35m[HTTP][39m [37m<-- GET /wd/hub/session/aec008ff-f1a2-4b1d-9a1c-d20faee7d6ff/context [39m[32m200[39m [90m3 ms - 22[39m
[35m[HTTP][39m [90m[39m
[35m[HTTP][39m [37m-->[39m [37mGET[39m [37m/wd/hub/session/aec008ff-f1a2-4b1d-9a1c-d20faee7d6ff/contexts[39m
[35m[HTTP][39m [90m{}[39m
[35m[HTTP][39m [37m<-- GET /wd/hub/session/aec008ff-f1a2-4b1d-9a1c-d20faee7d6ff/contexts [39m[32m200[39m [90m454 ms - 92[39m
[35m[HTTP][39m [90m[39m
[35m[HTTP][39m [37m-->[39m [37mPOST[39m [37m/wd/hub/session/aec008ff-f1a2-4b1d-9a1c-d20faee7d6ff/context[39m
[35m[HTTP][39m [90m{"name":"NATIVE_APP"}[39m
[35m[HTTP][39m [37m<-- POST /wd/hub/session/aec008ff-f1a2-4b1d-9a1c-d20faee7d6ff/context [39m[32m200[39m [90m3 ms - 14[39m
[35m[HTTP][39m [90m[39m
[35m[HTTP][39m [37m-->[39m [37mGET[39m [37m/wd/hub/session/aec008ff-f1a2-4b1d-9a1c-d20faee7d6ff/window/rect[39m
[35m[HTTP][39m [90m{}[39m
[35m[HTTP][39m [37m<-- GET /wd/hub/session/aec008ff-f1a2-4b1d-9a1c-d20faee7d6ff/window/rect [39m[32m200[39m [90m70 ms - 50[39m
[35m[HTTP][39m [90m[39m
[35m[HTTP][39m [37m-->[39m [37mPOST[39m [37m/wd/hub/session/aec008ff-f1a2-4b1d-9a1c-d20faee7d6ff/context[39m
[35m[HTTP][39m [90m{"name":"NATIVE_APP"}[39m
[35m[HTTP][39m [37m<-- POST /wd/hub/session/aec008ff-f1a2-4b1d-9a1c-d20faee7d6ff/context [39m[32m200[39m [90m3 ms - 14[39m
[35m[HTTP][39m [90m[39m
[35m[HTTP][39m [37m-->[39m [37mGET[39m [37m/wd/hub/session/aec008ff-f1a2-4b1d-9a1c-d20faee7d6ff/context[39m
[35m[HTTP][39m [90m{}[39m
[35m[HTTP][39m [37m<-- GET /wd/hub/session/aec008ff-f1a2-4b1d-9a1c-d20faee7d6ff/context [39m[32m200[39m [90m3 ms - 22[39m
[35m[HTTP][39m [90m[39m
[35m[HTTP][39m [37m-->[39m [37mGET[39m [37m/wd/hub/session/aec008ff-f1a2-4b1d-9a1c-d20faee7d6ff/contexts[39m
[35m[HTTP][39m [90m{}[39m
[35m[HTTP][39m [37m<-- GET /wd/hub/session/aec008ff-f1a2-4b1d-9a1c-d20faee7d6ff/contexts [39m[32m200[39m [90m473 ms - 92[39m
[35m[HTTP][39m [90m[39m
[35m[HTTP][39m [37m-->[39m [37mPOST[39m [37m/wd/hub/session/aec008ff-f1a2-4b1d-9a1c-d20faee7d6ff/context[39m
[35m[HTTP][39m [90m{"name":"NATIVE_APP"}[39m
[35m[HTTP][39m [37m<-- POST /wd/hub/session/aec008ff-f1a2-4b1d-9a1c-d20faee7d6ff/context [39m[32m200[39m [90m3 ms - 14[39m
[35m[HTTP][39m [90m[39m
[35m[HTTP][39m [37m-->[39m [37mPOST[39m [37m/wd/hub/session/aec008ff-f1a2-4b1d-9a1c-d20faee7d6ff/touch/perform[39m
[35m[HTTP][39m [90m{"actions":[{"action":"press","options":{"x":540,"y":639}},{"action":"wait","options":{"ms":500}},{"action":"moveTo","options":{"x":540,"y":1491}},{"action":"release","options":{}}]}[39m
[35m[HTTP][39m [37m<-- POST /wd/hub/session/aec008ff-f1a2-4b1d-9a1c-d20faee7d6ff/touch/perform [39m[32m200[39m [90m1148 ms - 14[39m
[35m[HTTP][39m [90m[39m
[35m[HTTP][39m [37m-->[39m [37mPOST[39m [37m/wd/hub/session/aec008ff-f1a2-4b1d-9a1c-d20faee7d6ff/context[39m
[35m[HTTP][39m [90m{"name":"NATIVE_APP"}[39m
[35m[HTTP][39m [37m<-- POST /wd/hub/session/aec008ff-f1a2-4b1d-9a1c-d20faee7d6ff/context [39m[32m200[39m [90m3 ms - 14[39m
[35m[HTTP][39m [90m[39m
[35m[HTTP][39m [37m-->[39m [37mPOST[39m [37m/wd/hub/session/aec008ff-f1a2-4b1d-9a1c-d20faee7d6ff/timeouts[39m
[35m[HTTP][39m [90m{"implicit":50}[39m
[35m[HTTP][39m [37m<-- POST /wd/hub/session/aec008ff-f1a2-4b1d-9a1c-d20faee7d6ff/timeouts [39m[32m200[39m [90m3 ms - 14[39m
[35m[HTTP][39m [90m[39m
[35m[HTTP][39m [37m-->[39m [37mGET[39m [37m/wd/hub/session/aec008ff-f1a2-4b1d-9a1c-d20faee7d6ff/window/rect[39m
[35m[HTTP][39m [90m{}[39m
[35m[HTTP][39m [37m<-- GET /wd/hub/session/aec008ff-f1a2-4b1d-9a1c-d20faee7d6ff/window/rect [39m[32m200[39m [90m47 ms - 50[39m
[35m[HTTP][39m [90m[39m
[35m[HTTP][39m [37m-->[39m [37mPOST[39m [37m/wd/hub/session/aec008ff-f1a2-4b1d-9a1c-d20faee7d6ff/elements[39m
[35m[HTTP][39m [90m{"using":"-android uiautomator","value":"new UiSelector().className(\"android.view.View\").resourceId(\"b2-DropdownCabang\")"}[39m
[35m[HTTP][39m [37m<-- POST /wd/hub/session/aec008ff-f1a2-4b1d-9a1c-d20faee7d6ff/elements [39m[32m200[39m [90m343 ms - 139[39m
[35m[HTTP][39m [90m[39m
[35m[HTTP][39m [37m-->[39m [37mGET[39m [37m/wd/hub/session/aec008ff-f1a2-4b1d-9a1c-d20faee7d6ff/element/48a43704-5347-4be1-a759-9cbb0a757548/location[39m
[35m[HTTP][39m [90m{}[39m
[35m[W3C (aec008ff)][39m Driver proxy active, passing request on via HTTP proxy
[35m[WD Proxy][39m Replacing sessionId 41a81ed5-7345-4976-a0a8-3f7033011757 with aec008ff-f1a2-4b1d-9a1c-d20faee7d6ff
[35m[HTTP][39m [37m<-- GET /wd/hub/session/aec008ff-f1a2-4b1d-9a1c-d20faee7d6ff/element/48a43704-5347-4be1-a759-9cbb0a757548/location [39m[32m200[39m [90m153 ms - 89[39m
[35m[HTTP][39m [90m[39m
[35m[HTTP][39m [37m-->[39m [37mPOST[39m [37m/wd/hub/session/aec008ff-f1a2-4b1d-9a1c-d20faee7d6ff/timeouts[39m
[35m[HTTP][39m [90m{"implicit":60000}[39m
[35m[HTTP][39m [37m<-- POST /wd/hub/session/aec008ff-f1a2-4b1d-9a1c-d20faee7d6ff/timeouts [39m[32m200[39m [90m3 ms - 14[39m
[35m[HTTP][39m [90m[39m
[35m[HTTP][39m [37m-->[39m [37mPOST[39m [37m/wd/hub/session/aec008ff-f1a2-4b1d-9a1c-d20faee7d6ff/touch/perform[39m
[35m[HTTP][39m [90m{"actions":[{"action":"tap","options":{"x":1,"y":1,"element":"48a43704-5347-4be1-a759-9cbb0a757548"}},{"action":"release","options":{}}]}[39m
[35m[UiAutomator2][39m calling get location: 48a43704-5347-4be1-a759-9cbb0a757548
[35m[HTTP][39m [37m<-- POST /wd/hub/session/aec008ff-f1a2-4b1d-9a1c-d20faee7d6ff/touch/perform [39m[32m200[39m [90m1118 ms - 14[39m
[35m[HTTP][39m [90m[39m
[35m[HTTP][39m [37m-->[39m [37mPOST[39m [37m/wd/hub/session/aec008ff-f1a2-4b1d-9a1c-d20faee7d6ff/timeouts[39m
[35m[HTTP][39m [90m{"implicit":50}[39m
[35m[HTTP][39m [37m<-- POST /wd/hub/session/aec008ff-f1a2-4b1d-9a1c-d20faee7d6ff/timeouts [39m[32m200[39m [90m4 ms - 14[39m
[35m[HTTP][39m [90m[39m
[35m[HTTP][39m [37m-->[39m [37mGET[39m [37m/wd/hub/session/aec008ff-f1a2-4b1d-9a1c-d20faee7d6ff/window/rect[39m
[35m[HTTP][39m [90m{}[39m
[35m[HTTP][39m [37m<-- GET /wd/hub/session/aec008ff-f1a2-4b1d-9a1c-d20faee7d6ff/window/rect [39m[32m200[39m [90m72 ms - 50[39m
[35m[HTTP][39m [90m[39m
[35m[HTTP][39m [37m-->[39m [37mPOST[39m [37m/wd/hub/session/aec008ff-f1a2-4b1d-9a1c-d20faee7d6ff/elements[39m
[35m[HTTP][39m [90m{"using":"-android uiautomator","value":"new UiSelector().text(\"BEKASI\")"}[39m
[35m[HTTP][39m [37m<-- POST /wd/hub/session/aec008ff-f1a2-4b1d-9a1c-d20faee7d6ff/elements [39m[32m200[39m [90m513 ms - 139[39m
[35m[HTTP][39m [90m[39m
[35m[HTTP][39m [37m-->[39m [37mGET[39m [37m/wd/hub/session/aec008ff-f1a2-4b1d-9a1c-d20faee7d6ff/element/ead6b135-14e4-4fdf-82f0-205ef81d7d37/location[39m
[35m[HTTP][39m [90m{}[39m
[35m[W3C (aec008ff)][39m Driver proxy active, passing request on via HTTP proxy
[35m[WD Proxy][39m Replacing sessionId 41a81ed5-7345-4976-a0a8-3f7033011757 with aec008ff-f1a2-4b1d-9a1c-d20faee7d6ff
[35m[HTTP][39m [37m<-- GET /wd/hub/session/aec008ff-f1a2-4b1d-9a1c-d20faee7d6ff/element/ead6b135-14e4-4fdf-82f0-205ef81d7d37/location [39m[32m200[39m [90m172 ms - 88[39m
[35m[HTTP][39m [90m[39m
[35m[HTTP][39m [37m-->[39m [37mPOST[39m [37m/wd/hub/session/aec008ff-f1a2-4b1d-9a1c-d20faee7d6ff/timeouts[39m
[35m[HTTP][39m [90m{"implicit":60000}[39m
[35m[HTTP][39m [37m<-- POST /wd/hub/session/aec008ff-f1a2-4b1d-9a1c-d20faee7d6ff/timeouts [39m[32m200[39m [90m4 ms - 14[39m
[35m[HTTP][39m [90m[39m
[35m[HTTP][39m [37m-->[39m [37mPOST[39m [37m/wd/hub/session/aec008ff-f1a2-4b1d-9a1c-d20faee7d6ff/touch/perform[39m
[35m[HTTP][39m [90m{"actions":[{"action":"tap","options":{"x":1,"y":1,"element":"ead6b135-14e4-4fdf-82f0-205ef81d7d37"}},{"action":"release","options":{}}]}[39m
[35m[UiAutomator2][39m calling get location: ead6b135-14e4-4fdf-82f0-205ef81d7d37
[35m[HTTP][39m [37m<-- POST /wd/hub/session/aec008ff-f1a2-4b1d-9a1c-d20faee7d6ff/touch/perform [39m[32m200[39m [90m1096 ms - 14[39m
[35m[HTTP][39m [90m[39m
[35m[HTTP][39m [37m-->[39m [37mGET[39m [37m/wd/hub/session/aec008ff-f1a2-4b1d-9a1c-d20faee7d6ff/window/rect[39m
[35m[HTTP][39m [90m{}[39m
[35m[HTTP][39m [37m<-- GET /wd/hub/session/aec008ff-f1a2-4b1d-9a1c-d20faee7d6ff/window/rect [39m[32m200[39m [90m79 ms - 50[39m
[35m[HTTP][39m [90m[39m
[35m[HTTP][39m [37m-->[39m [37mPOST[39m [37m/wd/hub/session/aec008ff-f1a2-4b1d-9a1c-d20faee7d6ff/elements[39m
[35m[HTTP][39m [90m{"using":"-android uiautomator","value":"new UiSelector().className(\"android.widget.CheckBox\").resourceId(\"b2-CheckboxTunai\")"}[39m
[35m[HTTP][39m [37m<-- POST /wd/hub/session/aec008ff-f1a2-4b1d-9a1c-d20faee7d6ff/elements [39m[32m200[39m [90m476 ms - 139[39m
[35m[HTTP][39m [90m[39m
[35m[HTTP][39m [37m-->[39m [37mGET[39m [37m/wd/hub/session/aec008ff-f1a2-4b1d-9a1c-d20faee7d6ff/element/1576bda1-4155-427e-a77c-7a41fafbe148/location[39m
[35m[HTTP][39m [90m{}[39m
[35m[W3C (aec008ff)][39m Driver proxy active, passing request on via HTTP proxy
[35m[WD Proxy][39m Replacing sessionId 41a81ed5-7345-4976-a0a8-3f7033011757 with aec008ff-f1a2-4b1d-9a1c-d20faee7d6ff
[35m[HTTP][39m [37m<-- GET /wd/hub/session/aec008ff-f1a2-4b1d-9a1c-d20faee7d6ff/element/1576bda1-4155-427e-a77c-7a41fafbe148/location [39m[32m200[39m [90m59 ms - 90[39m
[35m[HTTP][39m [90m[39m
[35m[HTTP][39m [37m-->[39m [37mGET[39m [37m/wd/hub/session/aec008ff-f1a2-4b1d-9a1c-d20faee7d6ff/element/1576bda1-4155-427e-a77c-7a41fafbe148/attribute/checked[39m
[35m[HTTP][39m [90m{}[39m
[35m[HTTP][39m [37m<-- GET /wd/hub/session/aec008ff-f1a2-4b1d-9a1c-d20faee7d6ff/element/1576bda1-4155-427e-a77c-7a41fafbe148/attribute/checked [39m[32m200[39m [90m66 ms - 17[39m
[35m[HTTP][39m [90m[39m
[35m[HTTP][39m [37m-->[39m [37mPOST[39m [37m/wd/hub/session/aec008ff-f1a2-4b1d-9a1c-d20faee7d6ff/touch/perform[39m
[35m[HTTP][39m [90m{"actions":[{"action":"tap","options":{"x":1,"y":1,"element":"1576bda1-4155-427e-a77c-7a41fafbe148"}}]}[39m
[35m[UiAutomator2][39m calling get location: 1576bda1-4155-427e-a77c-7a41fafbe148
[35m[HTTP][39m [37m<-- POST /wd/hub/session/aec008ff-f1a2-4b1d-9a1c-d20faee7d6ff/touch/perform [39m[32m200[39m [90m988 ms - 14[39m
[35m[HTTP][39m [90m[39m
[35m[HTTP][39m [37m-->[39m [37mGET[39m [37m/wd/hub/session/aec008ff-f1a2-4b1d-9a1c-d20faee7d6ff/window/rect[39m
[35m[HTTP][39m [90m{}[39m
[35m[HTTP][39m [37m<-- GET /wd/hub/session/aec008ff-f1a2-4b1d-9a1c-d20faee7d6ff/window/rect [39m[32m200[39m [90m80 ms - 50[39m
[35m[HTTP][39m [90m[39m
[35m[HTTP][39m [37m-->[39m [37mPOST[39m [37m/wd/hub/session/aec008ff-f1a2-4b1d-9a1c-d20faee7d6ff/elements[39m
[35m[HTTP][39m [90m{"using":"-android uiautomator","value":"new UiSelector().className(\"android.widget.CheckBox\").resourceId(\"b2-CheckboxACC\")"}[39m
[35m[HTTP][39m [37m<-- POST /wd/hub/session/aec008ff-f1a2-4b1d-9a1c-d20faee7d6ff/elements [39m[32m200[39m [90m374 ms - 139[39m
[35m[HTTP][39m [90m[39m
[35m[HTTP][39m [37m-->[39m [37mGET[39m [37m/wd/hub/session/aec008ff-f1a2-4b1d-9a1c-d20faee7d6ff/element/f0df8456-8eb0-4230-9675-768fbb24c087/location[39m
[35m[HTTP][39m [90m{}[39m
[35m[W3C (aec008ff)][39m Driver proxy active, passing request on via HTTP proxy
[35m[WD Proxy][39m Replacing sessionId 41a81ed5-7345-4976-a0a8-3f7033011757 with aec008ff-f1a2-4b1d-9a1c-d20faee7d6ff
[35m[HTTP][39m [37m<-- GET /wd/hub/session/aec008ff-f1a2-4b1d-9a1c-d20faee7d6ff/element/f0df8456-8eb0-4230-9675-768fbb24c087/location [39m[32m200[39m [90m141 ms - 90[39m
[35m[HTTP][39m [90m[39m
[35m[HTTP][39m [37m-->[39m [37mGET[39m [37m/wd/hub/session/aec008ff-f1a2-4b1d-9a1c-d20faee7d6ff/element/f0df8456-8eb0-4230-9675-768fbb24c087/attribute/checked[39m
[35m[HTTP][39m [90m{}[39m
[35m[HTTP][39m [37m<-- GET /wd/hub/session/aec008ff-f1a2-4b1d-9a1c-d20faee7d6ff/element/f0df8456-8eb0-4230-9675-768fbb24c087/attribute/checked [39m[32m200[39m [90m136 ms - 16[39m
[35m[HTTP][39m [90m[39m
[35m[HTTP][39m [37m-->[39m [37mPOST[39m [37m/wd/hub/session/aec008ff-f1a2-4b1d-9a1c-d20faee7d6ff/touch/perform[39m
[35m[HTTP][39m [90m{"actions":[{"action":"tap","options":{"x":1,"y":1,"element":"f0df8456-8eb0-4230-9675-768fbb24c087"}}]}[39m
[35m[UiAutomator2][39m calling get location: f0df8456-8eb0-4230-9675-768fbb24c087
[35m[HTTP][39m [37m<-- POST /wd/hub/session/aec008ff-f1a2-4b1d-9a1c-d20faee7d6ff/touch/perform [39m[32m200[39m [90m1038 ms - 14[39m
[35m[HTTP][39m [90m[39m
[35m[HTTP][39m [37m-->[39m [37mDELETE[39m [37m/wd/hub/session/aec008ff-f1a2-4b1d-9a1c-d20faee7d6ff[39m
[35m[HTTP][39m [90m{}[39m
[35m[Appium][39m Removing session aec008ff-f1a2-4b1d-9a1c-d20faee7d6ff from our master session list
[35m[UiAutomator2][39m Restoring hidden api policy to the device default configuration
[35m[HTTP][39m [37m<-- DELETE /wd/hub/session/aec008ff-f1a2-4b1d-9a1c-d20faee7d6ff [39m[32m200[39m [90m1518 ms - 14[39m
[35m[HTTP][39m [90m[39m
