[35m[Appium][39m Welcome to Appium v1.8.1
[35m[Appium][39m Non-default server args:
[35m[Appium][39m   port: 49923
[35m[Appium][39m   loglevel: info
[35m[Appium][39m   chromeDriverPort: 49924
[35m[Appium][39m   tmpDir: C:\Users\Intan\AppData\Local\Temp\\Katalon\Appium\Temp1570953964010
[35m[Appium][39m Appium REST http interface listener started on 0.0.0.0:49923
[35m[HTTP][39m [37m-->[39m [37mGET[39m [37m/wd/hub/status[39m
[35m[HTTP][39m [90m{}[39m
[35m[HTTP][39m [37m<-- GET /wd/hub/status [39m[32m200[39m [90m15 ms - 83[39m
[35m[HTTP][39m [90m[39m
[35m[HTTP][39m [37m-->[39m [37mPOST[39m [37m/wd/hub/session[39m
[35m[HTTP][39m [90m{"desiredCapabilities":{"app":"C:\\Users\\Intan\\Downloads\\accbid.apk","noReset":true,"deviceId":"","deviceName":"emulator-5554 (Android SDK built for x86 - Android 9)","fullReset":false,"platform":"ANDROID","newCommandTimeout":1800,"platformVersion":"9","automationName":"uiautomator2","autoGrantPermissions":true,"unicodeKeyboard":true,"platformName":"Android","udid":"emulator-5554","resetKeyboard":true,"systemPort":49922},"capabilities":{"firstMatch":[{"appium:app":"C:\\Users\\Intan\\Downloads\\accbid.apk","appium:autoGrantPermissions":true,"appium:automationName":"uiautomator2","deviceId":"","appium:deviceName":"emulator-5554 (Android SDK built for x86 - Android 9)","appium:fullReset":false,"appium:newCommandTimeout":1800,"appium:noReset":true,"platform":"ANDROID","platformName":"android","appium:platformVersion":"9","appium:resetKeyboard":true,"appium:systemPort":49922,"appium:udid":"emulator-5554","appium:unicodeKeyboard":true}]}}[39m
[35m[BaseDriver][39m The capabilities ["deviceId","platform"] are not standard capabilities and should have an extension prefix
[35m[Appium][39m Creating new AndroidUiautomator2Driver (v1.12.0) session
[35m[Appium][39m Capabilities:
[35m[Appium][39m   deviceId: 
[35m[Appium][39m   platform: ANDROID
[35m[Appium][39m   platformName: android
[35m[Appium][39m   app: C:\Users\Intan\Downloads\accbid.apk
[35m[Appium][39m   autoGrantPermissions: true
[35m[Appium][39m   automationName: uiautomator2
[35m[Appium][39m   deviceName: emulator-5554 (Android SDK built for x86 - Android 9)
[35m[Appium][39m   fullReset: false
[35m[Appium][39m   newCommandTimeout: 1800
[35m[Appium][39m   noReset: true
[35m[Appium][39m   platformVersion: 9
[35m[Appium][39m   resetKeyboard: true
[35m[Appium][39m   systemPort: 49922
[35m[Appium][39m   udid: emulator-5554
[35m[Appium][39m   unicodeKeyboard: true
[35m[BaseDriver][39m The following capabilities were provided, but are not recognized by appium: deviceId, platform.
[35m[BaseDriver][39m Session created with session id: 025c9d00-2dac-4443-8325-128afab8c7f7
[35m[BaseDriver][39m Using local app 'C:\Users\Intan\Downloads\accbid.apk'
[35m[AndroidDriver][39m Java version is: 1.8.0_181
[35m[ADB][39m Checking whether adb is present
[35m[ADB][39m Found 1 'build-tools' folders under 'C:\Users\Intan\.katalon\tools\android_sdk' (newest first):
[35m[ADB][39m     C:/Users/Intan/.katalon/tools/android_sdk/build-tools/29.0.2
[35m[ADB][39m Using adb.exe from C:\Users\Intan\.katalon\tools\android_sdk\platform-tools\adb.exe
[35m[AndroidDriver][39m Retrieving device list
[35m[AndroidDriver][39m Using device: emulator-5554
[35m[ADB][39m Using the alternative activity name detection method because of: Could not find apkanalyzer.bat in C:\Users\Intan\.katalon\tools\android_sdk\platform-tools\apkanalyzer.bat,C:\Users\Intan\.katalon\tools\android_sdk\emulator\apkanalyzer.bat,C:\Users\Intan\.katalon\tools\android_sdk\tools\apkanalyzer.bat,C:\Users\Intan\.katalon\tools\android_sdk\tools\bin\apkanalyzer.bat,C:\Users\Intan\.katalon\tools\android_sdk\build-tools\29.0.2\apkanalyzer.bat. Do you have the Android SDK installed at 'C:\Users\Intan\.katalon\tools\android_sdk'?
[35m[ADB][39m Checking whether aapt is present
[35m[ADB][39m Using aapt.exe from C:\Users\Intan\.katalon\tools\android_sdk\build-tools\29.0.2\aapt.exe
[35m[ADB][39m Extracting package and launch activity from manifest
[35m[ADB][39m Package name: 'com.outsystemsenterprise.acctst1.BidMart'
[35m[ADB][39m Main activity name: 'com.outsystemsenterprise.acctst1.BidMart.MainActivity'
[35m[ADB][39m Getting device platform version
[35m[ADB][39m Using apksigner.bat from C:\Users\Intan\.katalon\tools\android_sdk\build-tools\29.0.2\apksigner.bat
[35m[ADB][39m Checking whether zipalign is present
[35m[ADB][39m Using zipalign.exe from C:\Users\Intan\.katalon\tools\android_sdk\build-tools\29.0.2\zipalign.exe
[35m[ADB][39m io.appium.uiautomator2.server was successfully uninstalled
[35m[ADB][39m io.appium.uiautomator2.server.test was successfully uninstalled
[35m[AndroidDriver][39m setDeviceLanguageCountry requires language or country.
[35m[AndroidDriver][39m Got language: 'null' and country: 'null'
[35m[ADB][39m Successfully extracted 23 strings from 'C:\Users\Intan\Downloads\accbid.apk' resources for '(default)' configuration
[35m[UiAutomator2][39m Starting uiautomator2 server 1.12.0
[35m[UiAutomator2][39m Using UIAutomator2 server from 'C:\Users\Intan\AppData\Roaming\npm\node_modules\appium\node_modules\appium-uiautomator2-server\apks\appium-uiautomator2-server-v1.12.0.apk' and test from 'C:\Users\Intan\AppData\Roaming\npm\node_modules\appium\node_modules\appium-uiautomator2-server\apks\appium-uiautomator2-server-debug-androidTest.apk'
[35m[UiAutomator2][39m Running command: 'adb -s emulator-5554 shell am instrument -w io.appium.uiautomator2.server.test/android.support.test.runner.AndroidJUnitRunner'
[35m[UiAutomator2][39m Waiting up to 20000ms for UiAutomator2 to be online...
[35m[AndroidDriver][39m Screen already unlocked, doing nothing
[35m[UiAutomator2][39m UiAutomator2 did not start the activity we were waiting for, 'com.outsystemsenterprise.acctst1.BidMart/com.outsystemsenterprise.acctst1.BidMart.MainActivity'. Starting it ourselves
[35m[Appium][39m New AndroidUiautomator2Driver session created successfully, session 025c9d00-2dac-4443-8325-128afab8c7f7 added to master session list
[35m[HTTP][39m [37m<-- POST /wd/hub/session [39m[32m200[39m [90m42104 ms - 1365[39m
[35m[HTTP][39m [90m[39m
[35m[HTTP][39m [37m-->[39m [37mGET[39m [37m/wd/hub/session/025c9d00-2dac-4443-8325-128afab8c7f7[39m
[35m[HTTP][39m [90m{}[39m
[35m[HTTP][39m [37m<-- GET /wd/hub/session/025c9d00-2dac-4443-8325-128afab8c7f7 [39m[32m200[39m [90m59 ms - 1297[39m
[35m[HTTP][39m [90m[39m
[35m[HTTP][39m [37m-->[39m [37mGET[39m [37m/wd/hub/session/025c9d00-2dac-4443-8325-128afab8c7f7[39m
[35m[HTTP][39m [90m{}[39m
[35m[HTTP][39m [37m<-- GET /wd/hub/session/025c9d00-2dac-4443-8325-128afab8c7f7 [39m[32m200[39m [90m54 ms - 1297[39m
[35m[HTTP][39m [90m[39m
[35m[HTTP][39m [37m-->[39m [37mGET[39m [37m/wd/hub/status[39m
[35m[HTTP][39m [90m{}[39m
[35m[HTTP][39m [37m<-- GET /wd/hub/status [39m[32m200[39m [90m5 ms - 55[39m
[35m[HTTP][39m [90m[39m
[35m[HTTP][39m [37m-->[39m [37mPOST[39m [37m/wd/hub/session/025c9d00-2dac-4443-8325-128afab8c7f7/timeouts[39m
[35m[HTTP][39m [90m{"implicit":60000}[39m
[35m[HTTP][39m [37m<-- POST /wd/hub/session/025c9d00-2dac-4443-8325-128afab8c7f7/timeouts [39m[32m200[39m [90m9 ms - 14[39m
[35m[HTTP][39m [90m[39m
[35m[HTTP][39m [37m-->[39m [37mPOST[39m [37m/wd/hub/session/025c9d00-2dac-4443-8325-128afab8c7f7/timeouts[39m
[35m[HTTP][39m [90m{"implicit":50}[39m
[35m[HTTP][39m [37m<-- POST /wd/hub/session/025c9d00-2dac-4443-8325-128afab8c7f7/timeouts [39m[32m200[39m [90m6 ms - 14[39m
[35m[HTTP][39m [90m[39m
[35m[HTTP][39m [37m-->[39m [37mGET[39m [37m/wd/hub/session/025c9d00-2dac-4443-8325-128afab8c7f7/window/rect[39m
[35m[HTTP][39m [90m{}[39m
[35m[HTTP][39m [37m<-- GET /wd/hub/session/025c9d00-2dac-4443-8325-128afab8c7f7/window/rect [39m[32m200[39m [90m72 ms - 50[39m
[35m[HTTP][39m [90m[39m
[35m[HTTP][39m [37m-->[39m [37mPOST[39m [37m/wd/hub/session/025c9d00-2dac-4443-8325-128afab8c7f7/elements[39m
[35m[HTTP][39m [90m{"using":"-android uiautomator","value":"new UiSelector().className(\"android.view.View\").text(\"Masuk atau Daftar\")"}[39m
[35m[HTTP][39m [37m<-- POST /wd/hub/session/025c9d00-2dac-4443-8325-128afab8c7f7/elements [39m[32m200[39m [90m2749 ms - 12[39m
[35m[HTTP][39m [90m[39m
[35m[HTTP][39m [37m-->[39m [37mPOST[39m [37m/wd/hub/session/025c9d00-2dac-4443-8325-128afab8c7f7/elements[39m
[35m[HTTP][39m [90m{"using":"-android uiautomator","value":"new UiSelector().className(\"android.view.View\").text(\"Masuk atau Daftar\")"}[39m
[35m[HTTP][39m [37m<-- POST /wd/hub/session/025c9d00-2dac-4443-8325-128afab8c7f7/elements [39m[32m200[39m [90m835 ms - 12[39m
[35m[HTTP][39m [90m[39m
[35m[HTTP][39m [37m-->[39m [37mPOST[39m [37m/wd/hub/session/025c9d00-2dac-4443-8325-128afab8c7f7/elements[39m
[35m[HTTP][39m [90m{"using":"-android uiautomator","value":"new UiSelector().className(\"android.view.View\").text(\"Masuk atau Daftar\")"}[39m
[35m[HTTP][39m [37m<-- POST /wd/hub/session/025c9d00-2dac-4443-8325-128afab8c7f7/elements [39m[32m200[39m [90m441 ms - 12[39m
[35m[HTTP][39m [90m[39m
[35m[HTTP][39m [37m-->[39m [37mPOST[39m [37m/wd/hub/session/025c9d00-2dac-4443-8325-128afab8c7f7/elements[39m
[35m[HTTP][39m [90m{"using":"-android uiautomator","value":"new UiSelector().className(\"android.view.View\").text(\"Masuk atau Daftar\")"}[39m
[35m[HTTP][39m [37m<-- POST /wd/hub/session/025c9d00-2dac-4443-8325-128afab8c7f7/elements [39m[32m200[39m [90m77 ms - 12[39m
[35m[HTTP][39m [90m[39m
[35m[HTTP][39m [37m-->[39m [37mPOST[39m [37m/wd/hub/session/025c9d00-2dac-4443-8325-128afab8c7f7/elements[39m
[35m[HTTP][39m [90m{"using":"-android uiautomator","value":"new UiSelector().className(\"android.view.View\").text(\"Masuk atau Daftar\")"}[39m
[35m[HTTP][39m [37m<-- POST /wd/hub/session/025c9d00-2dac-4443-8325-128afab8c7f7/elements [39m[32m200[39m [90m106 ms - 12[39m
[35m[HTTP][39m [90m[39m
[35m[HTTP][39m [37m-->[39m [37mPOST[39m [37m/wd/hub/session/025c9d00-2dac-4443-8325-128afab8c7f7/elements[39m
[35m[HTTP][39m [90m{"using":"-android uiautomator","value":"new UiSelector().className(\"android.view.View\").text(\"Masuk atau Daftar\")"}[39m
[35m[HTTP][39m [37m<-- POST /wd/hub/session/025c9d00-2dac-4443-8325-128afab8c7f7/elements [39m[32m200[39m [90m88 ms - 12[39m
[35m[HTTP][39m [90m[39m
[35m[HTTP][39m [37m-->[39m [37mPOST[39m [37m/wd/hub/session/025c9d00-2dac-4443-8325-128afab8c7f7/elements[39m
[35m[HTTP][39m [90m{"using":"-android uiautomator","value":"new UiSelector().className(\"android.view.View\").text(\"Masuk atau Daftar\")"}[39m
[35m[HTTP][39m [37m<-- POST /wd/hub/session/025c9d00-2dac-4443-8325-128afab8c7f7/elements [39m[32m200[39m [90m70 ms - 12[39m
[35m[HTTP][39m [90m[39m
[35m[HTTP][39m [37m-->[39m [37mPOST[39m [37m/wd/hub/session/025c9d00-2dac-4443-8325-128afab8c7f7/elements[39m
[35m[HTTP][39m [90m{"using":"-android uiautomator","value":"new UiSelector().className(\"android.view.View\").text(\"Masuk atau Daftar\")"}[39m
[35m[HTTP][39m [37m<-- POST /wd/hub/session/025c9d00-2dac-4443-8325-128afab8c7f7/elements [39m[32m200[39m [90m69 ms - 12[39m
[35m[HTTP][39m [90m[39m
[35m[HTTP][39m [37m-->[39m [37mPOST[39m [37m/wd/hub/session/025c9d00-2dac-4443-8325-128afab8c7f7/elements[39m
[35m[HTTP][39m [90m{"using":"-android uiautomator","value":"new UiSelector().className(\"android.view.View\").text(\"Masuk atau Daftar\")"}[39m
[35m[HTTP][39m [37m<-- POST /wd/hub/session/025c9d00-2dac-4443-8325-128afab8c7f7/elements [39m[32m200[39m [90m124 ms - 12[39m
[35m[HTTP][39m [90m[39m
[35m[HTTP][39m [37m-->[39m [37mPOST[39m [37m/wd/hub/session/025c9d00-2dac-4443-8325-128afab8c7f7/elements[39m
[35m[HTTP][39m [90m{"using":"-android uiautomator","value":"new UiSelector().className(\"android.view.View\").text(\"Masuk atau Daftar\")"}[39m
[35m[HTTP][39m [37m<-- POST /wd/hub/session/025c9d00-2dac-4443-8325-128afab8c7f7/elements [39m[32m200[39m [90m67 ms - 12[39m
[35m[HTTP][39m [90m[39m
[35m[HTTP][39m [37m-->[39m [37mPOST[39m [37m/wd/hub/session/025c9d00-2dac-4443-8325-128afab8c7f7/elements[39m
[35m[HTTP][39m [90m{"using":"-android uiautomator","value":"new UiSelector().className(\"android.view.View\").text(\"Masuk atau Daftar\")"}[39m
[35m[HTTP][39m [37m<-- POST /wd/hub/session/025c9d00-2dac-4443-8325-128afab8c7f7/elements [39m[32m200[39m [90m57 ms - 12[39m
[35m[HTTP][39m [90m[39m
[35m[HTTP][39m [37m-->[39m [37mPOST[39m [37m/wd/hub/session/025c9d00-2dac-4443-8325-128afab8c7f7/elements[39m
[35m[HTTP][39m [90m{"using":"-android uiautomator","value":"new UiSelector().className(\"android.view.View\").text(\"Masuk atau Daftar\")"}[39m
[35m[HTTP][39m [37m<-- POST /wd/hub/session/025c9d00-2dac-4443-8325-128afab8c7f7/elements [39m[32m200[39m [90m90 ms - 12[39m
[35m[HTTP][39m [90m[39m
[35m[HTTP][39m [37m-->[39m [37mPOST[39m [37m/wd/hub/session/025c9d00-2dac-4443-8325-128afab8c7f7/elements[39m
[35m[HTTP][39m [90m{"using":"-android uiautomator","value":"new UiSelector().className(\"android.view.View\").text(\"Masuk atau Daftar\")"}[39m
[35m[HTTP][39m [37m<-- POST /wd/hub/session/025c9d00-2dac-4443-8325-128afab8c7f7/elements [39m[32m200[39m [90m77 ms - 12[39m
[35m[HTTP][39m [90m[39m
[35m[HTTP][39m [37m-->[39m [37mPOST[39m [37m/wd/hub/session/025c9d00-2dac-4443-8325-128afab8c7f7/elements[39m
[35m[HTTP][39m [90m{"using":"-android uiautomator","value":"new UiSelector().className(\"android.view.View\").text(\"Masuk atau Daftar\")"}[39m
[35m[HTTP][39m [37m<-- POST /wd/hub/session/025c9d00-2dac-4443-8325-128afab8c7f7/elements [39m[32m200[39m [90m93 ms - 12[39m
[35m[HTTP][39m [90m[39m
[35m[HTTP][39m [37m-->[39m [37mPOST[39m [37m/wd/hub/session/025c9d00-2dac-4443-8325-128afab8c7f7/elements[39m
[35m[HTTP][39m [90m{"using":"-android uiautomator","value":"new UiSelector().className(\"android.view.View\").text(\"Masuk atau Daftar\")"}[39m
[35m[HTTP][39m [37m<-- POST /wd/hub/session/025c9d00-2dac-4443-8325-128afab8c7f7/elements [39m[32m200[39m [90m197 ms - 12[39m
[35m[HTTP][39m [90m[39m
[35m[HTTP][39m [37m-->[39m [37mPOST[39m [37m/wd/hub/session/025c9d00-2dac-4443-8325-128afab8c7f7/elements[39m
[35m[HTTP][39m [90m{"using":"-android uiautomator","value":"new UiSelector().className(\"android.view.View\").text(\"Masuk atau Daftar\")"}[39m
[35m[HTTP][39m [37m<-- POST /wd/hub/session/025c9d00-2dac-4443-8325-128afab8c7f7/elements [39m[32m200[39m [90m109 ms - 12[39m
[35m[HTTP][39m [90m[39m
[35m[HTTP][39m [37m-->[39m [37mPOST[39m [37m/wd/hub/session/025c9d00-2dac-4443-8325-128afab8c7f7/elements[39m
[35m[HTTP][39m [90m{"using":"-android uiautomator","value":"new UiSelector().className(\"android.view.View\").text(\"Masuk atau Daftar\")"}[39m
[35m[HTTP][39m [37m<-- POST /wd/hub/session/025c9d00-2dac-4443-8325-128afab8c7f7/elements [39m[32m200[39m [90m153 ms - 12[39m
[35m[HTTP][39m [90m[39m
[35m[HTTP][39m [37m-->[39m [37mPOST[39m [37m/wd/hub/session/025c9d00-2dac-4443-8325-128afab8c7f7/elements[39m
[35m[HTTP][39m [90m{"using":"-android uiautomator","value":"new UiSelector().className(\"android.view.View\").text(\"Masuk atau Daftar\")"}[39m
[35m[HTTP][39m [37m<-- POST /wd/hub/session/025c9d00-2dac-4443-8325-128afab8c7f7/elements [39m[32m200[39m [90m149 ms - 12[39m
[35m[HTTP][39m [90m[39m
[35m[HTTP][39m [37m-->[39m [37mPOST[39m [37m/wd/hub/session/025c9d00-2dac-4443-8325-128afab8c7f7/elements[39m
[35m[HTTP][39m [90m{"using":"-android uiautomator","value":"new UiSelector().className(\"android.view.View\").text(\"Masuk atau Daftar\")"}[39m
[35m[HTTP][39m [37m<-- POST /wd/hub/session/025c9d00-2dac-4443-8325-128afab8c7f7/elements [39m[32m200[39m [90m71 ms - 12[39m
[35m[HTTP][39m [90m[39m
[35m[HTTP][39m [37m-->[39m [37mPOST[39m [37m/wd/hub/session/025c9d00-2dac-4443-8325-128afab8c7f7/elements[39m
[35m[HTTP][39m [90m{"using":"-android uiautomator","value":"new UiSelector().className(\"android.view.View\").text(\"Masuk atau Daftar\")"}[39m
[35m[HTTP][39m [37m<-- POST /wd/hub/session/025c9d00-2dac-4443-8325-128afab8c7f7/elements [39m[32m200[39m [90m70 ms - 12[39m
[35m[HTTP][39m [90m[39m
[35m[HTTP][39m [37m-->[39m [37mPOST[39m [37m/wd/hub/session/025c9d00-2dac-4443-8325-128afab8c7f7/elements[39m
[35m[HTTP][39m [90m{"using":"-android uiautomator","value":"new UiSelector().className(\"android.view.View\").text(\"Masuk atau Daftar\")"}[39m
[35m[HTTP][39m [37m<-- POST /wd/hub/session/025c9d00-2dac-4443-8325-128afab8c7f7/elements [39m[32m200[39m [90m60 ms - 12[39m
[35m[HTTP][39m [90m[39m
[35m[HTTP][39m [37m-->[39m [37mPOST[39m [37m/wd/hub/session/025c9d00-2dac-4443-8325-128afab8c7f7/elements[39m
[35m[HTTP][39m [90m{"using":"-android uiautomator","value":"new UiSelector().className(\"android.view.View\").text(\"Masuk atau Daftar\")"}[39m
[35m[HTTP][39m [37m<-- POST /wd/hub/session/025c9d00-2dac-4443-8325-128afab8c7f7/elements [39m[32m200[39m [90m66 ms - 12[39m
[35m[HTTP][39m [90m[39m
[35m[HTTP][39m [37m-->[39m [37mPOST[39m [37m/wd/hub/session/025c9d00-2dac-4443-8325-128afab8c7f7/elements[39m
[35m[HTTP][39m [90m{"using":"-android uiautomator","value":"new UiSelector().className(\"android.view.View\").text(\"Masuk atau Daftar\")"}[39m
[35m[HTTP][39m [37m<-- POST /wd/hub/session/025c9d00-2dac-4443-8325-128afab8c7f7/elements [39m[32m200[39m [90m87 ms - 12[39m
[35m[HTTP][39m [90m[39m
[35m[HTTP][39m [37m-->[39m [37mPOST[39m [37m/wd/hub/session/025c9d00-2dac-4443-8325-128afab8c7f7/elements[39m
[35m[HTTP][39m [90m{"using":"-android uiautomator","value":"new UiSelector().className(\"android.view.View\").text(\"Masuk atau Daftar\")"}[39m
[35m[HTTP][39m [37m<-- POST /wd/hub/session/025c9d00-2dac-4443-8325-128afab8c7f7/elements [39m[32m200[39m [90m62 ms - 12[39m
[35m[HTTP][39m [90m[39m
[35m[HTTP][39m [37m-->[39m [37mPOST[39m [37m/wd/hub/session/025c9d00-2dac-4443-8325-128afab8c7f7/elements[39m
[35m[HTTP][39m [90m{"using":"-android uiautomator","value":"new UiSelector().className(\"android.view.View\").text(\"Masuk atau Daftar\")"}[39m
[35m[HTTP][39m [37m<-- POST /wd/hub/session/025c9d00-2dac-4443-8325-128afab8c7f7/elements [39m[32m200[39m [90m60 ms - 12[39m
[35m[HTTP][39m [90m[39m
[35m[HTTP][39m [37m-->[39m [37mPOST[39m [37m/wd/hub/session/025c9d00-2dac-4443-8325-128afab8c7f7/elements[39m
[35m[HTTP][39m [90m{"using":"-android uiautomator","value":"new UiSelector().className(\"android.view.View\").text(\"Masuk atau Daftar\")"}[39m
[35m[HTTP][39m [37m<-- POST /wd/hub/session/025c9d00-2dac-4443-8325-128afab8c7f7/elements [39m[32m200[39m [90m74 ms - 12[39m
[35m[HTTP][39m [90m[39m
[35m[HTTP][39m [37m-->[39m [37mPOST[39m [37m/wd/hub/session/025c9d00-2dac-4443-8325-128afab8c7f7/elements[39m
[35m[HTTP][39m [90m{"using":"-android uiautomator","value":"new UiSelector().className(\"android.view.View\").text(\"Masuk atau Daftar\")"}[39m
[35m[HTTP][39m [37m<-- POST /wd/hub/session/025c9d00-2dac-4443-8325-128afab8c7f7/elements [39m[32m200[39m [90m67 ms - 12[39m
[35m[HTTP][39m [90m[39m
[35m[HTTP][39m [37m-->[39m [37mPOST[39m [37m/wd/hub/session/025c9d00-2dac-4443-8325-128afab8c7f7/elements[39m
[35m[HTTP][39m [90m{"using":"-android uiautomator","value":"new UiSelector().className(\"android.view.View\").text(\"Masuk atau Daftar\")"}[39m
[35m[HTTP][39m [37m<-- POST /wd/hub/session/025c9d00-2dac-4443-8325-128afab8c7f7/elements [39m[32m200[39m [90m60 ms - 12[39m
[35m[HTTP][39m [90m[39m
[35m[HTTP][39m [37m-->[39m [37mPOST[39m [37m/wd/hub/session/025c9d00-2dac-4443-8325-128afab8c7f7/elements[39m
[35m[HTTP][39m [90m{"using":"-android uiautomator","value":"new UiSelector().className(\"android.view.View\").text(\"Masuk atau Daftar\")"}[39m
[35m[HTTP][39m [37m<-- POST /wd/hub/session/025c9d00-2dac-4443-8325-128afab8c7f7/elements [39m[32m200[39m [90m65 ms - 12[39m
[35m[HTTP][39m [90m[39m
[35m[HTTP][39m [37m-->[39m [37mPOST[39m [37m/wd/hub/session/025c9d00-2dac-4443-8325-128afab8c7f7/elements[39m
[35m[HTTP][39m [90m{"using":"-android uiautomator","value":"new UiSelector().className(\"android.view.View\").text(\"Masuk atau Daftar\")"}[39m
[35m[HTTP][39m [37m<-- POST /wd/hub/session/025c9d00-2dac-4443-8325-128afab8c7f7/elements [39m[32m200[39m [90m66 ms - 12[39m
[35m[HTTP][39m [90m[39m
[35m[HTTP][39m [37m-->[39m [37mPOST[39m [37m/wd/hub/session/025c9d00-2dac-4443-8325-128afab8c7f7/elements[39m
[35m[HTTP][39m [90m{"using":"-android uiautomator","value":"new UiSelector().className(\"android.view.View\").text(\"Masuk atau Daftar\")"}[39m
[35m[HTTP][39m [37m<-- POST /wd/hub/session/025c9d00-2dac-4443-8325-128afab8c7f7/elements [39m[32m200[39m [90m88 ms - 12[39m
[35m[HTTP][39m [90m[39m
[35m[HTTP][39m [37m-->[39m [37mPOST[39m [37m/wd/hub/session/025c9d00-2dac-4443-8325-128afab8c7f7/elements[39m
[35m[HTTP][39m [90m{"using":"-android uiautomator","value":"new UiSelector().className(\"android.view.View\").text(\"Masuk atau Daftar\")"}[39m
[35m[HTTP][39m [37m<-- POST /wd/hub/session/025c9d00-2dac-4443-8325-128afab8c7f7/elements [39m[32m200[39m [90m91 ms - 12[39m
[35m[HTTP][39m [90m[39m
[35m[HTTP][39m [37m-->[39m [37mPOST[39m [37m/wd/hub/session/025c9d00-2dac-4443-8325-128afab8c7f7/elements[39m
[35m[HTTP][39m [90m{"using":"-android uiautomator","value":"new UiSelector().className(\"android.view.View\").text(\"Masuk atau Daftar\")"}[39m
[35m[HTTP][39m [37m<-- POST /wd/hub/session/025c9d00-2dac-4443-8325-128afab8c7f7/elements [39m[32m200[39m [90m82 ms - 12[39m
[35m[HTTP][39m [90m[39m
[35m[HTTP][39m [37m-->[39m [37mPOST[39m [37m/wd/hub/session/025c9d00-2dac-4443-8325-128afab8c7f7/elements[39m
[35m[HTTP][39m [90m{"using":"-android uiautomator","value":"new UiSelector().className(\"android.view.View\").text(\"Masuk atau Daftar\")"}[39m
[35m[HTTP][39m [37m<-- POST /wd/hub/session/025c9d00-2dac-4443-8325-128afab8c7f7/elements [39m[32m200[39m [90m59 ms - 12[39m
[35m[HTTP][39m [90m[39m
[35m[HTTP][39m [37m-->[39m [37mPOST[39m [37m/wd/hub/session/025c9d00-2dac-4443-8325-128afab8c7f7/elements[39m
[35m[HTTP][39m [90m{"using":"-android uiautomator","value":"new UiSelector().className(\"android.view.View\").text(\"Masuk atau Daftar\")"}[39m
[35m[HTTP][39m [37m<-- POST /wd/hub/session/025c9d00-2dac-4443-8325-128afab8c7f7/elements [39m[32m200[39m [90m61 ms - 12[39m
[35m[HTTP][39m [90m[39m
[35m[HTTP][39m [37m-->[39m [37mPOST[39m [37m/wd/hub/session/025c9d00-2dac-4443-8325-128afab8c7f7/elements[39m
[35m[HTTP][39m [90m{"using":"-android uiautomator","value":"new UiSelector().className(\"android.view.View\").text(\"Masuk atau Daftar\")"}[39m
[35m[HTTP][39m [37m<-- POST /wd/hub/session/025c9d00-2dac-4443-8325-128afab8c7f7/elements [39m[32m200[39m [90m77 ms - 12[39m
[35m[HTTP][39m [90m[39m
[35m[HTTP][39m [37m-->[39m [37mPOST[39m [37m/wd/hub/session/025c9d00-2dac-4443-8325-128afab8c7f7/elements[39m
[35m[HTTP][39m [90m{"using":"-android uiautomator","value":"new UiSelector().className(\"android.view.View\").text(\"Masuk atau Daftar\")"}[39m
[35m[HTTP][39m [37m<-- POST /wd/hub/session/025c9d00-2dac-4443-8325-128afab8c7f7/elements [39m[32m200[39m [90m67 ms - 12[39m
[35m[HTTP][39m [90m[39m
[35m[HTTP][39m [37m-->[39m [37mPOST[39m [37m/wd/hub/session/025c9d00-2dac-4443-8325-128afab8c7f7/elements[39m
[35m[HTTP][39m [90m{"using":"-android uiautomator","value":"new UiSelector().className(\"android.view.View\").text(\"Masuk atau Daftar\")"}[39m
[35m[HTTP][39m [37m<-- POST /wd/hub/session/025c9d00-2dac-4443-8325-128afab8c7f7/elements [39m[32m200[39m [90m74 ms - 12[39m
[35m[HTTP][39m [90m[39m
[35m[HTTP][39m [37m-->[39m [37mPOST[39m [37m/wd/hub/session/025c9d00-2dac-4443-8325-128afab8c7f7/elements[39m
[35m[HTTP][39m [90m{"using":"-android uiautomator","value":"new UiSelector().className(\"android.view.View\").text(\"Masuk atau Daftar\")"}[39m
[35m[HTTP][39m [37m<-- POST /wd/hub/session/025c9d00-2dac-4443-8325-128afab8c7f7/elements [39m[32m200[39m [90m54 ms - 12[39m
[35m[HTTP][39m [90m[39m
[35m[HTTP][39m [37m-->[39m [37mPOST[39m [37m/wd/hub/session/025c9d00-2dac-4443-8325-128afab8c7f7/elements[39m
[35m[HTTP][39m [90m{"using":"-android uiautomator","value":"new UiSelector().className(\"android.view.View\").text(\"Masuk atau Daftar\")"}[39m
[35m[HTTP][39m [37m<-- POST /wd/hub/session/025c9d00-2dac-4443-8325-128afab8c7f7/elements [39m[32m200[39m [90m69 ms - 12[39m
[35m[HTTP][39m [90m[39m
[35m[HTTP][39m [37m-->[39m [37mPOST[39m [37m/wd/hub/session/025c9d00-2dac-4443-8325-128afab8c7f7/elements[39m
[35m[HTTP][39m [90m{"using":"-android uiautomator","value":"new UiSelector().className(\"android.view.View\").text(\"Masuk atau Daftar\")"}[39m
[35m[HTTP][39m [37m<-- POST /wd/hub/session/025c9d00-2dac-4443-8325-128afab8c7f7/elements [39m[32m200[39m [90m56 ms - 12[39m
[35m[HTTP][39m [90m[39m
[35m[HTTP][39m [37m-->[39m [37mPOST[39m [37m/wd/hub/session/025c9d00-2dac-4443-8325-128afab8c7f7/elements[39m
[35m[HTTP][39m [90m{"using":"-android uiautomator","value":"new UiSelector().className(\"android.view.View\").text(\"Masuk atau Daftar\")"}[39m
[35m[HTTP][39m [37m<-- POST /wd/hub/session/025c9d00-2dac-4443-8325-128afab8c7f7/elements [39m[32m200[39m [90m100 ms - 12[39m
[35m[HTTP][39m [90m[39m
[35m[HTTP][39m [37m-->[39m [37mPOST[39m [37m/wd/hub/session/025c9d00-2dac-4443-8325-128afab8c7f7/elements[39m
[35m[HTTP][39m [90m{"using":"-android uiautomator","value":"new UiSelector().className(\"android.view.View\").text(\"Masuk atau Daftar\")"}[39m
[35m[HTTP][39m [37m<-- POST /wd/hub/session/025c9d00-2dac-4443-8325-128afab8c7f7/elements [39m[32m200[39m [90m96 ms - 12[39m
[35m[HTTP][39m [90m[39m
[35m[HTTP][39m [37m-->[39m [37mPOST[39m [37m/wd/hub/session/025c9d00-2dac-4443-8325-128afab8c7f7/elements[39m
[35m[HTTP][39m [90m{"using":"-android uiautomator","value":"new UiSelector().className(\"android.view.View\").text(\"Masuk atau Daftar\")"}[39m
[35m[HTTP][39m [37m<-- POST /wd/hub/session/025c9d00-2dac-4443-8325-128afab8c7f7/elements [39m[32m200[39m [90m73 ms - 12[39m
[35m[HTTP][39m [90m[39m
[35m[HTTP][39m [37m-->[39m [37mPOST[39m [37m/wd/hub/session/025c9d00-2dac-4443-8325-128afab8c7f7/elements[39m
[35m[HTTP][39m [90m{"using":"-android uiautomator","value":"new UiSelector().className(\"android.view.View\").text(\"Masuk atau Daftar\")"}[39m
[35m[HTTP][39m [37m<-- POST /wd/hub/session/025c9d00-2dac-4443-8325-128afab8c7f7/elements [39m[32m200[39m [90m207 ms - 12[39m
[35m[HTTP][39m [90m[39m
[35m[HTTP][39m [37m-->[39m [37mPOST[39m [37m/wd/hub/session/025c9d00-2dac-4443-8325-128afab8c7f7/elements[39m
[35m[HTTP][39m [90m{"using":"-android uiautomator","value":"new UiSelector().className(\"android.view.View\").text(\"Masuk atau Daftar\")"}[39m
[35m[HTTP][39m [37m<-- POST /wd/hub/session/025c9d00-2dac-4443-8325-128afab8c7f7/elements [39m[32m200[39m [90m71 ms - 12[39m
[35m[HTTP][39m [90m[39m
[35m[HTTP][39m [37m-->[39m [37mPOST[39m [37m/wd/hub/session/025c9d00-2dac-4443-8325-128afab8c7f7/elements[39m
[35m[HTTP][39m [90m{"using":"-android uiautomator","value":"new UiSelector().className(\"android.view.View\").text(\"Masuk atau Daftar\")"}[39m
[35m[HTTP][39m [37m<-- POST /wd/hub/session/025c9d00-2dac-4443-8325-128afab8c7f7/elements [39m[32m200[39m [90m73 ms - 12[39m
[35m[HTTP][39m [90m[39m
[35m[HTTP][39m [37m-->[39m [37mPOST[39m [37m/wd/hub/session/025c9d00-2dac-4443-8325-128afab8c7f7/elements[39m
[35m[HTTP][39m [90m{"using":"-android uiautomator","value":"new UiSelector().className(\"android.view.View\").text(\"Masuk atau Daftar\")"}[39m
[35m[HTTP][39m [37m<-- POST /wd/hub/session/025c9d00-2dac-4443-8325-128afab8c7f7/elements [39m[32m200[39m [90m71 ms - 12[39m
[35m[HTTP][39m [90m[39m
[35m[HTTP][39m [37m-->[39m [37mPOST[39m [37m/wd/hub/session/025c9d00-2dac-4443-8325-128afab8c7f7/elements[39m
[35m[HTTP][39m [90m{"using":"-android uiautomator","value":"new UiSelector().className(\"android.view.View\").text(\"Masuk atau Daftar\")"}[39m
[35m[HTTP][39m [37m<-- POST /wd/hub/session/025c9d00-2dac-4443-8325-128afab8c7f7/elements [39m[32m200[39m [90m87 ms - 12[39m
[35m[HTTP][39m [90m[39m
[35m[HTTP][39m [37m-->[39m [37mPOST[39m [37m/wd/hub/session/025c9d00-2dac-4443-8325-128afab8c7f7/elements[39m
[35m[HTTP][39m [90m{"using":"-android uiautomator","value":"new UiSelector().className(\"android.view.View\").text(\"Masuk atau Daftar\")"}[39m
[35m[HTTP][39m [37m<-- POST /wd/hub/session/025c9d00-2dac-4443-8325-128afab8c7f7/elements [39m[32m200[39m [90m67 ms - 12[39m
[35m[HTTP][39m [90m[39m
[35m[HTTP][39m [37m-->[39m [37mPOST[39m [37m/wd/hub/session/025c9d00-2dac-4443-8325-128afab8c7f7/elements[39m
[35m[HTTP][39m [90m{"using":"-android uiautomator","value":"new UiSelector().className(\"android.view.View\").text(\"Masuk atau Daftar\")"}[39m
[35m[HTTP][39m [37m<-- POST /wd/hub/session/025c9d00-2dac-4443-8325-128afab8c7f7/elements [39m[32m200[39m [90m62 ms - 12[39m
[35m[HTTP][39m [90m[39m
[35m[HTTP][39m [37m-->[39m [37mPOST[39m [37m/wd/hub/session/025c9d00-2dac-4443-8325-128afab8c7f7/elements[39m
[35m[HTTP][39m [90m{"using":"-android uiautomator","value":"new UiSelector().className(\"android.view.View\").text(\"Masuk atau Daftar\")"}[39m
[35m[HTTP][39m [37m<-- POST /wd/hub/session/025c9d00-2dac-4443-8325-128afab8c7f7/elements [39m[32m200[39m [90m279 ms - 12[39m
[35m[HTTP][39m [90m[39m
[35m[HTTP][39m [37m-->[39m [37mPOST[39m [37m/wd/hub/session/025c9d00-2dac-4443-8325-128afab8c7f7/elements[39m
[35m[HTTP][39m [90m{"using":"-android uiautomator","value":"new UiSelector().className(\"android.view.View\").text(\"Masuk atau Daftar\")"}[39m
[35m[HTTP][39m [37m<-- POST /wd/hub/session/025c9d00-2dac-4443-8325-128afab8c7f7/elements [39m[32m200[39m [90m134 ms - 12[39m
[35m[HTTP][39m [90m[39m
[35m[HTTP][39m [37m-->[39m [37mPOST[39m [37m/wd/hub/session/025c9d00-2dac-4443-8325-128afab8c7f7/elements[39m
[35m[HTTP][39m [90m{"using":"-android uiautomator","value":"new UiSelector().className(\"android.view.View\").text(\"Masuk atau Daftar\")"}[39m
[35m[HTTP][39m [37m<-- POST /wd/hub/session/025c9d00-2dac-4443-8325-128afab8c7f7/elements [39m[32m200[39m [90m68 ms - 12[39m
[35m[HTTP][39m [90m[39m
[35m[HTTP][39m [37m-->[39m [37mPOST[39m [37m/wd/hub/session/025c9d00-2dac-4443-8325-128afab8c7f7/elements[39m
[35m[HTTP][39m [90m{"using":"-android uiautomator","value":"new UiSelector().className(\"android.view.View\").text(\"Masuk atau Daftar\")"}[39m
[35m[HTTP][39m [37m<-- POST /wd/hub/session/025c9d00-2dac-4443-8325-128afab8c7f7/elements [39m[32m200[39m [90m602 ms - 12[39m
[35m[HTTP][39m [90m[39m
[35m[HTTP][39m [37m-->[39m [37mPOST[39m [37m/wd/hub/session/025c9d00-2dac-4443-8325-128afab8c7f7/elements[39m
[35m[HTTP][39m [90m{"using":"-android uiautomator","value":"new UiSelector().className(\"android.view.View\").text(\"Masuk atau Daftar\")"}[39m
[35m[HTTP][39m [37m<-- POST /wd/hub/session/025c9d00-2dac-4443-8325-128afab8c7f7/elements [39m[32m200[39m [90m91 ms - 12[39m
[35m[HTTP][39m [90m[39m
[35m[HTTP][39m [37m-->[39m [37mPOST[39m [37m/wd/hub/session/025c9d00-2dac-4443-8325-128afab8c7f7/elements[39m
[35m[HTTP][39m [90m{"using":"-android uiautomator","value":"new UiSelector().className(\"android.view.View\").text(\"Masuk atau Daftar\")"}[39m
[35m[HTTP][39m [37m<-- POST /wd/hub/session/025c9d00-2dac-4443-8325-128afab8c7f7/elements [39m[32m200[39m [90m354 ms - 12[39m
[35m[HTTP][39m [90m[39m
[35m[HTTP][39m [37m-->[39m [37mPOST[39m [37m/wd/hub/session/025c9d00-2dac-4443-8325-128afab8c7f7/elements[39m
[35m[HTTP][39m [90m{"using":"-android uiautomator","value":"new UiSelector().className(\"android.view.View\").text(\"Masuk atau Daftar\")"}[39m
[35m[HTTP][39m [37m<-- POST /wd/hub/session/025c9d00-2dac-4443-8325-128afab8c7f7/elements [39m[32m200[39m [90m86 ms - 12[39m
[35m[HTTP][39m [90m[39m
[35m[HTTP][39m [37m-->[39m [37mPOST[39m [37m/wd/hub/session/025c9d00-2dac-4443-8325-128afab8c7f7/elements[39m
[35m[HTTP][39m [90m{"using":"-android uiautomator","value":"new UiSelector().className(\"android.view.View\").text(\"Masuk atau Daftar\")"}[39m
[35m[HTTP][39m [37m<-- POST /wd/hub/session/025c9d00-2dac-4443-8325-128afab8c7f7/elements [39m[32m200[39m [90m834 ms - 12[39m
[35m[HTTP][39m [90m[39m
[35m[HTTP][39m [37m-->[39m [37mPOST[39m [37m/wd/hub/session/025c9d00-2dac-4443-8325-128afab8c7f7/elements[39m
[35m[HTTP][39m [90m{"using":"-android uiautomator","value":"new UiSelector().className(\"android.view.View\").text(\"Masuk atau Daftar\")"}[39m
[35m[HTTP][39m [37m<-- POST /wd/hub/session/025c9d00-2dac-4443-8325-128afab8c7f7/elements [39m[32m200[39m [90m210 ms - 12[39m
[35m[HTTP][39m [90m[39m
[35m[HTTP][39m [37m-->[39m [37mPOST[39m [37m/wd/hub/session/025c9d00-2dac-4443-8325-128afab8c7f7/elements[39m
[35m[HTTP][39m [90m{"using":"-android uiautomator","value":"new UiSelector().className(\"android.view.View\").text(\"Masuk atau Daftar\")"}[39m
[35m[HTTP][39m [37m<-- POST /wd/hub/session/025c9d00-2dac-4443-8325-128afab8c7f7/elements [39m[32m200[39m [90m98 ms - 12[39m
[35m[HTTP][39m [90m[39m
[35m[HTTP][39m [37m-->[39m [37mPOST[39m [37m/wd/hub/session/025c9d00-2dac-4443-8325-128afab8c7f7/elements[39m
[35m[HTTP][39m [90m{"using":"-android uiautomator","value":"new UiSelector().className(\"android.view.View\").text(\"Masuk atau Daftar\")"}[39m
[35m[HTTP][39m [37m<-- POST /wd/hub/session/025c9d00-2dac-4443-8325-128afab8c7f7/elements [39m[32m200[39m [90m70 ms - 12[39m
[35m[HTTP][39m [90m[39m
[35m[HTTP][39m [37m-->[39m [37mPOST[39m [37m/wd/hub/session/025c9d00-2dac-4443-8325-128afab8c7f7/elements[39m
[35m[HTTP][39m [90m{"using":"-android uiautomator","value":"new UiSelector().className(\"android.view.View\").text(\"Masuk atau Daftar\")"}[39m
[35m[HTTP][39m [37m<-- POST /wd/hub/session/025c9d00-2dac-4443-8325-128afab8c7f7/elements [39m[32m200[39m [90m61 ms - 12[39m
[35m[HTTP][39m [90m[39m
[35m[HTTP][39m [37m-->[39m [37mPOST[39m [37m/wd/hub/session/025c9d00-2dac-4443-8325-128afab8c7f7/elements[39m
[35m[HTTP][39m [90m{"using":"-android uiautomator","value":"new UiSelector().className(\"android.view.View\").text(\"Masuk atau Daftar\")"}[39m
[35m[HTTP][39m [37m<-- POST /wd/hub/session/025c9d00-2dac-4443-8325-128afab8c7f7/elements [39m[32m200[39m [90m76 ms - 12[39m
[35m[HTTP][39m [90m[39m
[35m[HTTP][39m [37m-->[39m [37mPOST[39m [37m/wd/hub/session/025c9d00-2dac-4443-8325-128afab8c7f7/elements[39m
[35m[HTTP][39m [90m{"using":"-android uiautomator","value":"new UiSelector().className(\"android.view.View\").text(\"Masuk atau Daftar\")"}[39m
[35m[HTTP][39m [37m<-- POST /wd/hub/session/025c9d00-2dac-4443-8325-128afab8c7f7/elements [39m[32m200[39m [90m93 ms - 12[39m
[35m[HTTP][39m [90m[39m
[35m[HTTP][39m [37m-->[39m [37mPOST[39m [37m/wd/hub/session/025c9d00-2dac-4443-8325-128afab8c7f7/elements[39m
[35m[HTTP][39m [90m{"using":"-android uiautomator","value":"new UiSelector().className(\"android.view.View\").text(\"Masuk atau Daftar\")"}[39m
[35m[HTTP][39m [37m<-- POST /wd/hub/session/025c9d00-2dac-4443-8325-128afab8c7f7/elements [39m[32m200[39m [90m68 ms - 12[39m
[35m[HTTP][39m [90m[39m
[35m[HTTP][39m [37m-->[39m [37mPOST[39m [37m/wd/hub/session/025c9d00-2dac-4443-8325-128afab8c7f7/elements[39m
[35m[HTTP][39m [90m{"using":"-android uiautomator","value":"new UiSelector().className(\"android.view.View\").text(\"Masuk atau Daftar\")"}[39m
[35m[HTTP][39m [37m<-- POST /wd/hub/session/025c9d00-2dac-4443-8325-128afab8c7f7/elements [39m[32m200[39m [90m83 ms - 12[39m
[35m[HTTP][39m [90m[39m
[35m[HTTP][39m [37m-->[39m [37mPOST[39m [37m/wd/hub/session/025c9d00-2dac-4443-8325-128afab8c7f7/elements[39m
[35m[HTTP][39m [90m{"using":"-android uiautomator","value":"new UiSelector().className(\"android.view.View\").text(\"Masuk atau Daftar\")"}[39m
[35m[HTTP][39m [37m<-- POST /wd/hub/session/025c9d00-2dac-4443-8325-128afab8c7f7/elements [39m[32m200[39m [90m72 ms - 12[39m
[35m[HTTP][39m [90m[39m
[35m[HTTP][39m [37m-->[39m [37mPOST[39m [37m/wd/hub/session/025c9d00-2dac-4443-8325-128afab8c7f7/elements[39m
[35m[HTTP][39m [90m{"using":"-android uiautomator","value":"new UiSelector().className(\"android.view.View\").text(\"Masuk atau Daftar\")"}[39m
[35m[HTTP][39m [37m<-- POST /wd/hub/session/025c9d00-2dac-4443-8325-128afab8c7f7/elements [39m[32m200[39m [90m106 ms - 12[39m
[35m[HTTP][39m [90m[39m
[35m[HTTP][39m [37m-->[39m [37mPOST[39m [37m/wd/hub/session/025c9d00-2dac-4443-8325-128afab8c7f7/elements[39m
[35m[HTTP][39m [90m{"using":"-android uiautomator","value":"new UiSelector().className(\"android.view.View\").text(\"Masuk atau Daftar\")"}[39m
[35m[HTTP][39m [37m<-- POST /wd/hub/session/025c9d00-2dac-4443-8325-128afab8c7f7/elements [39m[32m200[39m [90m69 ms - 12[39m
[35m[HTTP][39m [90m[39m
[35m[HTTP][39m [37m-->[39m [37mPOST[39m [37m/wd/hub/session/025c9d00-2dac-4443-8325-128afab8c7f7/elements[39m
[35m[HTTP][39m [90m{"using":"-android uiautomator","value":"new UiSelector().className(\"android.view.View\").text(\"Masuk atau Daftar\")"}[39m
[35m[HTTP][39m [37m<-- POST /wd/hub/session/025c9d00-2dac-4443-8325-128afab8c7f7/elements [39m[32m200[39m [90m71 ms - 12[39m
[35m[HTTP][39m [90m[39m
[35m[HTTP][39m [37m-->[39m [37mPOST[39m [37m/wd/hub/session/025c9d00-2dac-4443-8325-128afab8c7f7/elements[39m
[35m[HTTP][39m [90m{"using":"-android uiautomator","value":"new UiSelector().className(\"android.view.View\").text(\"Masuk atau Daftar\")"}[39m
[35m[HTTP][39m [37m<-- POST /wd/hub/session/025c9d00-2dac-4443-8325-128afab8c7f7/elements [39m[32m200[39m [90m57 ms - 12[39m
[35m[HTTP][39m [90m[39m
[35m[HTTP][39m [37m-->[39m [37mPOST[39m [37m/wd/hub/session/025c9d00-2dac-4443-8325-128afab8c7f7/elements[39m
[35m[HTTP][39m [90m{"using":"-android uiautomator","value":"new UiSelector().className(\"android.view.View\").text(\"Masuk atau Daftar\")"}[39m
[35m[HTTP][39m [37m<-- POST /wd/hub/session/025c9d00-2dac-4443-8325-128afab8c7f7/elements [39m[32m200[39m [90m60 ms - 12[39m
[35m[HTTP][39m [90m[39m
[35m[HTTP][39m [37m-->[39m [37mPOST[39m [37m/wd/hub/session/025c9d00-2dac-4443-8325-128afab8c7f7/elements[39m
[35m[HTTP][39m [90m{"using":"-android uiautomator","value":"new UiSelector().className(\"android.view.View\").text(\"Masuk atau Daftar\")"}[39m
[35m[HTTP][39m [37m<-- POST /wd/hub/session/025c9d00-2dac-4443-8325-128afab8c7f7/elements [39m[32m200[39m [90m64 ms - 12[39m
[35m[HTTP][39m [90m[39m
[35m[HTTP][39m [37m-->[39m [37mPOST[39m [37m/wd/hub/session/025c9d00-2dac-4443-8325-128afab8c7f7/elements[39m
[35m[HTTP][39m [90m{"using":"-android uiautomator","value":"new UiSelector().className(\"android.view.View\").text(\"Masuk atau Daftar\")"}[39m
[35m[HTTP][39m [37m<-- POST /wd/hub/session/025c9d00-2dac-4443-8325-128afab8c7f7/elements [39m[32m200[39m [90m100 ms - 12[39m
[35m[HTTP][39m [90m[39m
[35m[HTTP][39m [37m-->[39m [37mPOST[39m [37m/wd/hub/session/025c9d00-2dac-4443-8325-128afab8c7f7/elements[39m
[35m[HTTP][39m [90m{"using":"-android uiautomator","value":"new UiSelector().className(\"android.view.View\").text(\"Masuk atau Daftar\")"}[39m
[35m[HTTP][39m [37m<-- POST /wd/hub/session/025c9d00-2dac-4443-8325-128afab8c7f7/elements [39m[32m200[39m [90m66 ms - 12[39m
[35m[HTTP][39m [90m[39m
[35m[HTTP][39m [37m-->[39m [37mPOST[39m [37m/wd/hub/session/025c9d00-2dac-4443-8325-128afab8c7f7/elements[39m
[35m[HTTP][39m [90m{"using":"-android uiautomator","value":"new UiSelector().className(\"android.view.View\").text(\"Masuk atau Daftar\")"}[39m
[35m[HTTP][39m [37m<-- POST /wd/hub/session/025c9d00-2dac-4443-8325-128afab8c7f7/elements [39m[32m200[39m [90m90 ms - 12[39m
[35m[HTTP][39m [90m[39m
[35m[HTTP][39m [37m-->[39m [37mPOST[39m [37m/wd/hub/session/025c9d00-2dac-4443-8325-128afab8c7f7/elements[39m
[35m[HTTP][39m [90m{"using":"-android uiautomator","value":"new UiSelector().className(\"android.view.View\").text(\"Masuk atau Daftar\")"}[39m
[35m[HTTP][39m [37m<-- POST /wd/hub/session/025c9d00-2dac-4443-8325-128afab8c7f7/elements [39m[32m200[39m [90m57 ms - 12[39m
[35m[HTTP][39m [90m[39m
[35m[HTTP][39m [37m-->[39m [37mPOST[39m [37m/wd/hub/session/025c9d00-2dac-4443-8325-128afab8c7f7/elements[39m
[35m[HTTP][39m [90m{"using":"-android uiautomator","value":"new UiSelector().className(\"android.view.View\").text(\"Masuk atau Daftar\")"}[39m
[35m[HTTP][39m [37m<-- POST /wd/hub/session/025c9d00-2dac-4443-8325-128afab8c7f7/elements [39m[32m200[39m [90m146 ms - 12[39m
[35m[HTTP][39m [90m[39m
[35m[HTTP][39m [37m-->[39m [37mPOST[39m [37m/wd/hub/session/025c9d00-2dac-4443-8325-128afab8c7f7/elements[39m
[35m[HTTP][39m [90m{"using":"-android uiautomator","value":"new UiSelector().className(\"android.view.View\").text(\"Masuk atau Daftar\")"}[39m
[35m[HTTP][39m [37m<-- POST /wd/hub/session/025c9d00-2dac-4443-8325-128afab8c7f7/elements [39m[32m200[39m [90m73 ms - 12[39m
[35m[HTTP][39m [90m[39m
[35m[HTTP][39m [37m-->[39m [37mPOST[39m [37m/wd/hub/session/025c9d00-2dac-4443-8325-128afab8c7f7/elements[39m
[35m[HTTP][39m [90m{"using":"-android uiautomator","value":"new UiSelector().className(\"android.view.View\").text(\"Masuk atau Daftar\")"}[39m
[35m[HTTP][39m [37m<-- POST /wd/hub/session/025c9d00-2dac-4443-8325-128afab8c7f7/elements [39m[32m200[39m [90m55 ms - 12[39m
[35m[HTTP][39m [90m[39m
[35m[HTTP][39m [37m-->[39m [37mPOST[39m [37m/wd/hub/session/025c9d00-2dac-4443-8325-128afab8c7f7/elements[39m
[35m[HTTP][39m [90m{"using":"-android uiautomator","value":"new UiSelector().className(\"android.view.View\").text(\"Masuk atau Daftar\")"}[39m
[35m[HTTP][39m [37m<-- POST /wd/hub/session/025c9d00-2dac-4443-8325-128afab8c7f7/elements [39m[32m200[39m [90m601 ms - 12[39m
[35m[HTTP][39m [90m[39m
[35m[HTTP][39m [37m-->[39m [37mPOST[39m [37m/wd/hub/session/025c9d00-2dac-4443-8325-128afab8c7f7/elements[39m
[35m[HTTP][39m [90m{"using":"-android uiautomator","value":"new UiSelector().className(\"android.view.View\").text(\"Masuk atau Daftar\")"}[39m
[35m[HTTP][39m [37m<-- POST /wd/hub/session/025c9d00-2dac-4443-8325-128afab8c7f7/elements [39m[32m200[39m [90m66 ms - 12[39m
[35m[HTTP][39m [90m[39m
[35m[HTTP][39m [37m-->[39m [37mPOST[39m [37m/wd/hub/session/025c9d00-2dac-4443-8325-128afab8c7f7/elements[39m
[35m[HTTP][39m [90m{"using":"-android uiautomator","value":"new UiSelector().className(\"android.view.View\").text(\"Masuk atau Daftar\")"}[39m
[35m[HTTP][39m [37m<-- POST /wd/hub/session/025c9d00-2dac-4443-8325-128afab8c7f7/elements [39m[32m200[39m [90m573 ms - 12[39m
[35m[HTTP][39m [90m[39m
[35m[HTTP][39m [37m-->[39m [37mPOST[39m [37m/wd/hub/session/025c9d00-2dac-4443-8325-128afab8c7f7/elements[39m
[35m[HTTP][39m [90m{"using":"-android uiautomator","value":"new UiSelector().className(\"android.view.View\").text(\"Masuk atau Daftar\")"}[39m
[35m[HTTP][39m [37m<-- POST /wd/hub/session/025c9d00-2dac-4443-8325-128afab8c7f7/elements [39m[32m200[39m [90m594 ms - 12[39m
[35m[HTTP][39m [90m[39m
[35m[HTTP][39m [37m-->[39m [37mPOST[39m [37m/wd/hub/session/025c9d00-2dac-4443-8325-128afab8c7f7/elements[39m
[35m[HTTP][39m [90m{"using":"-android uiautomator","value":"new UiSelector().className(\"android.view.View\").text(\"Masuk atau Daftar\")"}[39m
[35m[HTTP][39m [37m<-- POST /wd/hub/session/025c9d00-2dac-4443-8325-128afab8c7f7/elements [39m[32m200[39m [90m1065 ms - 12[39m
[35m[HTTP][39m [90m[39m
[35m[HTTP][39m [37m-->[39m [37mPOST[39m [37m/wd/hub/session/025c9d00-2dac-4443-8325-128afab8c7f7/elements[39m
[35m[HTTP][39m [90m{"using":"-android uiautomator","value":"new UiSelector().className(\"android.view.View\").text(\"Masuk atau Daftar\")"}[39m
[35m[HTTP][39m [37m<-- POST /wd/hub/session/025c9d00-2dac-4443-8325-128afab8c7f7/elements [39m[32m200[39m [90m7228 ms - 12[39m
[35m[HTTP][39m [90m[39m
[35m[HTTP][39m [37m-->[39m [37mPOST[39m [37m/wd/hub/session/025c9d00-2dac-4443-8325-128afab8c7f7/elements[39m
[35m[HTTP][39m [90m{"using":"-android uiautomator","value":"new UiSelector().className(\"android.view.View\").text(\"Masuk atau Daftar\")"}[39m
[35m[HTTP][39m [37m<-- POST /wd/hub/session/025c9d00-2dac-4443-8325-128afab8c7f7/elements [39m[32m200[39m [90m249 ms - 12[39m
[35m[HTTP][39m [90m[39m
[35m[HTTP][39m [37m-->[39m [37mPOST[39m [37m/wd/hub/session/025c9d00-2dac-4443-8325-128afab8c7f7/elements[39m
[35m[HTTP][39m [90m{"using":"-android uiautomator","value":"new UiSelector().className(\"android.view.View\").text(\"Masuk atau Daftar\")"}[39m
[35m[HTTP][39m [37m<-- POST /wd/hub/session/025c9d00-2dac-4443-8325-128afab8c7f7/elements [39m[32m200[39m [90m210 ms - 12[39m
[35m[HTTP][39m [90m[39m
[35m[HTTP][39m [37m-->[39m [37mPOST[39m [37m/wd/hub/session/025c9d00-2dac-4443-8325-128afab8c7f7/elements[39m
[35m[HTTP][39m [90m{"using":"-android uiautomator","value":"new UiSelector().className(\"android.view.View\").text(\"Masuk atau Daftar\")"}[39m
[35m[HTTP][39m [37m<-- POST /wd/hub/session/025c9d00-2dac-4443-8325-128afab8c7f7/elements [39m[32m200[39m [90m219 ms - 12[39m
[35m[HTTP][39m [90m[39m
[35m[HTTP][39m [37m-->[39m [37mPOST[39m [37m/wd/hub/session/025c9d00-2dac-4443-8325-128afab8c7f7/elements[39m
[35m[HTTP][39m [90m{"using":"-android uiautomator","value":"new UiSelector().className(\"android.view.View\").text(\"Masuk atau Daftar\")"}[39m
[35m[HTTP][39m [37m<-- POST /wd/hub/session/025c9d00-2dac-4443-8325-128afab8c7f7/elements [39m[32m200[39m [90m229 ms - 12[39m
[35m[HTTP][39m [90m[39m
[35m[HTTP][39m [37m-->[39m [37mPOST[39m [37m/wd/hub/session/025c9d00-2dac-4443-8325-128afab8c7f7/elements[39m
[35m[HTTP][39m [90m{"using":"-android uiautomator","value":"new UiSelector().className(\"android.view.View\").text(\"Masuk atau Daftar\")"}[39m
[35m[HTTP][39m [37m<-- POST /wd/hub/session/025c9d00-2dac-4443-8325-128afab8c7f7/elements [39m[32m200[39m [90m275 ms - 12[39m
[35m[HTTP][39m [90m[39m
[35m[HTTP][39m [37m-->[39m [37mPOST[39m [37m/wd/hub/session/025c9d00-2dac-4443-8325-128afab8c7f7/elements[39m
[35m[HTTP][39m [90m{"using":"-android uiautomator","value":"new UiSelector().className(\"android.view.View\").text(\"Masuk atau Daftar\")"}[39m
[35m[HTTP][39m [37m<-- POST /wd/hub/session/025c9d00-2dac-4443-8325-128afab8c7f7/elements [39m[32m200[39m [90m251 ms - 12[39m
[35m[HTTP][39m [90m[39m
[35m[HTTP][39m [37m-->[39m [37mPOST[39m [37m/wd/hub/session/025c9d00-2dac-4443-8325-128afab8c7f7/elements[39m
[35m[HTTP][39m [90m{"using":"-android uiautomator","value":"new UiSelector().className(\"android.view.View\").text(\"Masuk atau Daftar\")"}[39m
[35m[HTTP][39m [37m<-- POST /wd/hub/session/025c9d00-2dac-4443-8325-128afab8c7f7/elements [39m[32m200[39m [90m234 ms - 12[39m
[35m[HTTP][39m [90m[39m
[35m[HTTP][39m [37m-->[39m [37mPOST[39m [37m/wd/hub/session/025c9d00-2dac-4443-8325-128afab8c7f7/elements[39m
[35m[HTTP][39m [90m{"using":"-android uiautomator","value":"new UiSelector().className(\"android.view.View\").text(\"Masuk atau Daftar\")"}[39m
[35m[HTTP][39m [37m<-- POST /wd/hub/session/025c9d00-2dac-4443-8325-128afab8c7f7/elements [39m[32m200[39m [90m291 ms - 12[39m
[35m[HTTP][39m [90m[39m
[35m[HTTP][39m [37m-->[39m [37mPOST[39m [37m/wd/hub/session/025c9d00-2dac-4443-8325-128afab8c7f7/elements[39m
[35m[HTTP][39m [90m{"using":"-android uiautomator","value":"new UiSelector().className(\"android.view.View\").text(\"Masuk atau Daftar\")"}[39m
[35m[HTTP][39m [37m<-- POST /wd/hub/session/025c9d00-2dac-4443-8325-128afab8c7f7/elements [39m[32m200[39m [90m264 ms - 12[39m
[35m[HTTP][39m [90m[39m
[35m[HTTP][39m [37m-->[39m [37mPOST[39m [37m/wd/hub/session/025c9d00-2dac-4443-8325-128afab8c7f7/elements[39m
[35m[HTTP][39m [90m{"using":"-android uiautomator","value":"new UiSelector().className(\"android.view.View\").text(\"Masuk atau Daftar\")"}[39m
[35m[HTTP][39m [37m<-- POST /wd/hub/session/025c9d00-2dac-4443-8325-128afab8c7f7/elements [39m[32m200[39m [90m242 ms - 12[39m
[35m[HTTP][39m [90m[39m
[35m[HTTP][39m [37m-->[39m [37mPOST[39m [37m/wd/hub/session/025c9d00-2dac-4443-8325-128afab8c7f7/elements[39m
[35m[HTTP][39m [90m{"using":"-android uiautomator","value":"new UiSelector().className(\"android.view.View\").text(\"Masuk atau Daftar\")"}[39m
[35m[HTTP][39m [37m<-- POST /wd/hub/session/025c9d00-2dac-4443-8325-128afab8c7f7/elements [39m[32m200[39m [90m238 ms - 12[39m
[35m[HTTP][39m [90m[39m
[35m[HTTP][39m [37m-->[39m [37mPOST[39m [37m/wd/hub/session/025c9d00-2dac-4443-8325-128afab8c7f7/elements[39m
[35m[HTTP][39m [90m{"using":"-android uiautomator","value":"new UiSelector().className(\"android.view.View\").text(\"Masuk atau Daftar\")"}[39m
[35m[HTTP][39m [37m<-- POST /wd/hub/session/025c9d00-2dac-4443-8325-128afab8c7f7/elements [39m[32m200[39m [90m223 ms - 12[39m
[35m[HTTP][39m [90m[39m
[35m[HTTP][39m [37m-->[39m [37mPOST[39m [37m/wd/hub/session/025c9d00-2dac-4443-8325-128afab8c7f7/elements[39m
[35m[HTTP][39m [90m{"using":"-android uiautomator","value":"new UiSelector().className(\"android.view.View\").text(\"Masuk atau Daftar\")"}[39m
[35m[HTTP][39m [37m<-- POST /wd/hub/session/025c9d00-2dac-4443-8325-128afab8c7f7/elements [39m[32m200[39m [90m281 ms - 12[39m
[35m[HTTP][39m [90m[39m
[35m[HTTP][39m [37m-->[39m [37mPOST[39m [37m/wd/hub/session/025c9d00-2dac-4443-8325-128afab8c7f7/elements[39m
[35m[HTTP][39m [90m{"using":"-android uiautomator","value":"new UiSelector().className(\"android.view.View\").text(\"Masuk atau Daftar\")"}[39m
[35m[HTTP][39m [37m<-- POST /wd/hub/session/025c9d00-2dac-4443-8325-128afab8c7f7/elements [39m[32m200[39m [90m296 ms - 12[39m
[35m[HTTP][39m [90m[39m
[35m[HTTP][39m [37m-->[39m [37mPOST[39m [37m/wd/hub/session/025c9d00-2dac-4443-8325-128afab8c7f7/elements[39m
[35m[HTTP][39m [90m{"using":"-android uiautomator","value":"new UiSelector().className(\"android.view.View\").text(\"Masuk atau Daftar\")"}[39m
[35m[HTTP][39m [37m<-- POST /wd/hub/session/025c9d00-2dac-4443-8325-128afab8c7f7/elements [39m[32m200[39m [90m223 ms - 12[39m
[35m[HTTP][39m [90m[39m
[35m[HTTP][39m [37m-->[39m [37mPOST[39m [37m/wd/hub/session/025c9d00-2dac-4443-8325-128afab8c7f7/elements[39m
[35m[HTTP][39m [90m{"using":"-android uiautomator","value":"new UiSelector().className(\"android.view.View\").text(\"Masuk atau Daftar\")"}[39m
[35m[HTTP][39m [37m<-- POST /wd/hub/session/025c9d00-2dac-4443-8325-128afab8c7f7/elements [39m[32m200[39m [90m200 ms - 12[39m
[35m[HTTP][39m [90m[39m
[35m[HTTP][39m [37m-->[39m [37mPOST[39m [37m/wd/hub/session/025c9d00-2dac-4443-8325-128afab8c7f7/elements[39m
[35m[HTTP][39m [90m{"using":"-android uiautomator","value":"new UiSelector().className(\"android.view.View\").text(\"Masuk atau Daftar\")"}[39m
[35m[HTTP][39m [37m<-- POST /wd/hub/session/025c9d00-2dac-4443-8325-128afab8c7f7/elements [39m[32m200[39m [90m203 ms - 12[39m
[35m[HTTP][39m [90m[39m
[35m[HTTP][39m [37m-->[39m [37mPOST[39m [37m/wd/hub/session/025c9d00-2dac-4443-8325-128afab8c7f7/elements[39m
[35m[HTTP][39m [90m{"using":"-android uiautomator","value":"new UiSelector().className(\"android.view.View\").text(\"Masuk atau Daftar\")"}[39m
[35m[HTTP][39m [37m<-- POST /wd/hub/session/025c9d00-2dac-4443-8325-128afab8c7f7/elements [39m[32m200[39m [90m186 ms - 12[39m
[35m[HTTP][39m [90m[39m
[35m[HTTP][39m [37m-->[39m [37mPOST[39m [37m/wd/hub/session/025c9d00-2dac-4443-8325-128afab8c7f7/elements[39m
[35m[HTTP][39m [90m{"using":"-android uiautomator","value":"new UiSelector().className(\"android.view.View\").text(\"Masuk atau Daftar\")"}[39m
[35m[HTTP][39m [37m<-- POST /wd/hub/session/025c9d00-2dac-4443-8325-128afab8c7f7/elements [39m[32m200[39m [90m249 ms - 12[39m
[35m[HTTP][39m [90m[39m
[35m[HTTP][39m [37m-->[39m [37mPOST[39m [37m/wd/hub/session/025c9d00-2dac-4443-8325-128afab8c7f7/elements[39m
[35m[HTTP][39m [90m{"using":"-android uiautomator","value":"new UiSelector().className(\"android.view.View\").text(\"Masuk atau Daftar\")"}[39m
[35m[HTTP][39m [37m<-- POST /wd/hub/session/025c9d00-2dac-4443-8325-128afab8c7f7/elements [39m[32m200[39m [90m237 ms - 12[39m
[35m[HTTP][39m [90m[39m
[35m[HTTP][39m [37m-->[39m [37mPOST[39m [37m/wd/hub/session/025c9d00-2dac-4443-8325-128afab8c7f7/elements[39m
[35m[HTTP][39m [90m{"using":"-android uiautomator","value":"new UiSelector().className(\"android.view.View\").text(\"Masuk atau Daftar\")"}[39m
[35m[HTTP][39m [37m<-- POST /wd/hub/session/025c9d00-2dac-4443-8325-128afab8c7f7/elements [39m[32m200[39m [90m285 ms - 12[39m
[35m[HTTP][39m [90m[39m
[35m[HTTP][39m [37m-->[39m [37mPOST[39m [37m/wd/hub/session/025c9d00-2dac-4443-8325-128afab8c7f7/elements[39m
[35m[HTTP][39m [90m{"using":"-android uiautomator","value":"new UiSelector().className(\"android.view.View\").text(\"Masuk atau Daftar\")"}[39m
[35m[HTTP][39m [37m<-- POST /wd/hub/session/025c9d00-2dac-4443-8325-128afab8c7f7/elements [39m[32m200[39m [90m313 ms - 12[39m
[35m[HTTP][39m [90m[39m
[35m[HTTP][39m [37m-->[39m [37mPOST[39m [37m/wd/hub/session/025c9d00-2dac-4443-8325-128afab8c7f7/elements[39m
[35m[HTTP][39m [90m{"using":"-android uiautomator","value":"new UiSelector().className(\"android.view.View\").text(\"Masuk atau Daftar\")"}[39m
[35m[HTTP][39m [37m<-- POST /wd/hub/session/025c9d00-2dac-4443-8325-128afab8c7f7/elements [39m[32m200[39m [90m231 ms - 12[39m
[35m[HTTP][39m [90m[39m
[35m[HTTP][39m [37m-->[39m [37mPOST[39m [37m/wd/hub/session/025c9d00-2dac-4443-8325-128afab8c7f7/elements[39m
[35m[HTTP][39m [90m{"using":"-android uiautomator","value":"new UiSelector().className(\"android.view.View\").text(\"Masuk atau Daftar\")"}[39m
[35m[HTTP][39m [37m<-- POST /wd/hub/session/025c9d00-2dac-4443-8325-128afab8c7f7/elements [39m[32m200[39m [90m191 ms - 12[39m
[35m[HTTP][39m [90m[39m
[35m[HTTP][39m [37m-->[39m [37mPOST[39m [37m/wd/hub/session/025c9d00-2dac-4443-8325-128afab8c7f7/elements[39m
[35m[HTTP][39m [90m{"using":"-android uiautomator","value":"new UiSelector().className(\"android.view.View\").text(\"Masuk atau Daftar\")"}[39m
[35m[HTTP][39m [37m<-- POST /wd/hub/session/025c9d00-2dac-4443-8325-128afab8c7f7/elements [39m[32m200[39m [90m306 ms - 12[39m
[35m[HTTP][39m [90m[39m
[35m[HTTP][39m [37m-->[39m [37mPOST[39m [37m/wd/hub/session/025c9d00-2dac-4443-8325-128afab8c7f7/elements[39m
[35m[HTTP][39m [90m{"using":"-android uiautomator","value":"new UiSelector().className(\"android.view.View\").text(\"Masuk atau Daftar\")"}[39m
[35m[HTTP][39m [37m<-- POST /wd/hub/session/025c9d00-2dac-4443-8325-128afab8c7f7/elements [39m[32m200[39m [90m566 ms - 12[39m
[35m[HTTP][39m [90m[39m
[35m[HTTP][39m [37m-->[39m [37mPOST[39m [37m/wd/hub/session/025c9d00-2dac-4443-8325-128afab8c7f7/elements[39m
[35m[HTTP][39m [90m{"using":"-android uiautomator","value":"new UiSelector().className(\"android.view.View\").text(\"Masuk atau Daftar\")"}[39m
[35m[HTTP][39m [37m<-- POST /wd/hub/session/025c9d00-2dac-4443-8325-128afab8c7f7/elements [39m[32m200[39m [90m690 ms - 12[39m
[35m[HTTP][39m [90m[39m
[35m[HTTP][39m [37m-->[39m [37mPOST[39m [37m/wd/hub/session/025c9d00-2dac-4443-8325-128afab8c7f7/elements[39m
[35m[HTTP][39m [90m{"using":"-android uiautomator","value":"new UiSelector().className(\"android.view.View\").text(\"Masuk atau Daftar\")"}[39m
[35m[HTTP][39m [37m<-- POST /wd/hub/session/025c9d00-2dac-4443-8325-128afab8c7f7/elements [39m[32m200[39m [90m125 ms - 12[39m
[35m[HTTP][39m [90m[39m
[35m[HTTP][39m [37m-->[39m [37mPOST[39m [37m/wd/hub/session/025c9d00-2dac-4443-8325-128afab8c7f7/elements[39m
[35m[HTTP][39m [90m{"using":"-android uiautomator","value":"new UiSelector().className(\"android.view.View\").text(\"Masuk atau Daftar\")"}[39m
[35m[HTTP][39m [37m<-- POST /wd/hub/session/025c9d00-2dac-4443-8325-128afab8c7f7/elements [39m[32m200[39m [90m561 ms - 12[39m
[35m[HTTP][39m [90m[39m
[35m[HTTP][39m [37m-->[39m [37mPOST[39m [37m/wd/hub/session/025c9d00-2dac-4443-8325-128afab8c7f7/elements[39m
[35m[HTTP][39m [90m{"using":"-android uiautomator","value":"new UiSelector().className(\"android.view.View\").text(\"Masuk atau Daftar\")"}[39m
[35m[HTTP][39m [37m<-- POST /wd/hub/session/025c9d00-2dac-4443-8325-128afab8c7f7/elements [39m[32m200[39m [90m66 ms - 12[39m
[35m[HTTP][39m [90m[39m
[35m[HTTP][39m [37m-->[39m [37mPOST[39m [37m/wd/hub/session/025c9d00-2dac-4443-8325-128afab8c7f7/elements[39m
[35m[HTTP][39m [90m{"using":"-android uiautomator","value":"new UiSelector().className(\"android.view.View\").text(\"Masuk atau Daftar\")"}[39m
[35m[HTTP][39m [37m<-- POST /wd/hub/session/025c9d00-2dac-4443-8325-128afab8c7f7/elements [39m[32m200[39m [90m1886 ms - 12[39m
[35m[HTTP][39m [90m[39m
[35m[HTTP][39m [37m-->[39m [37mPOST[39m [37m/wd/hub/session/025c9d00-2dac-4443-8325-128afab8c7f7/elements[39m
[35m[HTTP][39m [90m{"using":"-android uiautomator","value":"new UiSelector().className(\"android.view.View\").text(\"Masuk atau Daftar\")"}[39m
[35m[HTTP][39m [37m<-- POST /wd/hub/session/025c9d00-2dac-4443-8325-128afab8c7f7/elements [39m[32m-[39m [90m- ms - -[39m
[35m[HTTP][39m [90m[39m
[35m[BaseDriver][39m Shutting down because we waited 1800 seconds for a command
[35m[Appium][39m Closing session, cause was 'New Command Timeout of 1800 seconds expired. Try customizing the timeout using the 'newCommandTimeout' desired capability'
[35m[Appium][39m Removing session 025c9d00-2dac-4443-8325-128afab8c7f7 from our master session list
[35m[UiAutomator2][39m Did not get confirmation UiAutomator2 deleteSession worked; Error was: ProxyRequestError: Could not proxy command to remote server. Original error: Error: connect ECONNREFUSED 127.0.0.1:49922
[35m[UiAutomator2][39m Unable to reset IME: Error executing adbExec. Original error: 'Command 'C\:\\Users\\Intan\\.katalon\\tools\\android_sdk\\platform-tools\\adb.exe -P 5037 -s emulator-5554 shell ime set io.appium.android.ime/.UnicodeIME' exited with code 1'; Stderr: 'error: device 'emulator-5554' not found'; Code: '1'
[35m[UiAutomator2][39m Unable to force stop app: Error executing adbExec. Original error: 'Command 'C\:\\Users\\Intan\\.katalon\\tools\\android_sdk\\platform-tools\\adb.exe -P 5037 -s emulator-5554 shell am force-stop com.outsystemsenterprise.acctst1.BidMart' exited with code 1'; Stderr: 'error: device 'emulator-5554' not found'; Code: '1'
[35m[UiAutomator2][39m Unable to remove port forward 'Error executing adbExec. Original error: 'Command 'C\:\\Users\\Intan\\.katalon\\tools\\android_sdk\\platform-tools\\adb.exe -P 5037 -s emulator-5554 forward --remove tcp\:49922' exited with code 1'; Stderr: 'adb.exe: error: device 'emulator-5554' not found'; Code: '1''
