[35m[Appium][39m Welcome to Appium v1.8.1
[35m[Appium][39m Non-default server args:
[35m[Appium][39m   port: 59207
[35m[Appium][39m   loglevel: info
[35m[Appium][39m   chromeDriverPort: 59208
[35m[Appium][39m   tmpDir: C:\Users\Intan\AppData\Local\Temp\\Katalon\Appium\Temp1572253851638
[35m[Appium][39m Appium REST http interface listener started on 0.0.0.0:59207
[35m[HTTP][39m [37m-->[39m [37mGET[39m [37m/wd/hub/status[39m
[35m[HTTP][39m [90m{}[39m
[35m[HTTP][39m [37m<-- GET /wd/hub/status [39m[32m200[39m [90m11 ms - 83[39m
[35m[HTTP][39m [90m[39m
[35m[HTTP][39m [37m-->[39m [37mPOST[39m [37m/wd/hub/session[39m
[35m[HTTP][39m [90m{"desiredCapabilities":{"app":"C:\\Users\\Intan\\git\\ACCBid-Mobile\\accbid.apk","noReset":true,"deviceId":"","deviceName":"emulator-5554 (Android SDK built for x86 - Android 9)","fullReset":false,"platform":"ANDROID","newCommandTimeout":1800,"platformVersion":"9","automationName":"uiautomator2","autoGrantPermissions":true,"unicodeKeyboard":true,"platformName":"Android","udid":"emulator-5554","resetKeyboard":true,"systemPort":59206},"capabilities":{"firstMatch":[{"appium:app":"C:\\Users\\Intan\\git\\ACCBid-Mobile\\accbid.apk","appium:autoGrantPermissions":true,"appium:automationName":"uiautomator2","deviceId":"","appium:deviceName":"emulator-5554 (Android SDK built for x86 - Android 9)","appium:fullReset":false,"appium:newCommandTimeout":1800,"appium:noReset":true,"platform":"ANDROID","platformName":"android","appium:platformVersion":"9","appium:resetKeyboard":true,"appium:systemPort":59206,"appium:udid":"emulator-5554","appium:unicodeKeyboard":true}]}}[39m
[35m[BaseDriver][39m The capabilities ["deviceId","platform"] are not standard capabilities and should have an extension prefix
[35m[Appium][39m Creating new AndroidUiautomator2Driver (v1.12.0) session
[35m[Appium][39m Capabilities:
[35m[Appium][39m   deviceId: 
[35m[Appium][39m   platform: ANDROID
[35m[Appium][39m   platformName: android
[35m[Appium][39m   app: C:\Users\Intan\git\ACCBid-Mobile\accbid.apk
[35m[Appium][39m   autoGrantPermissions: true
[35m[Appium][39m   automationName: uiautomator2
[35m[Appium][39m   deviceName: emulator-5554 (Android SDK built for x86 - Android 9)
[35m[Appium][39m   fullReset: false
[35m[Appium][39m   newCommandTimeout: 1800
[35m[Appium][39m   noReset: true
[35m[Appium][39m   platformVersion: 9
[35m[Appium][39m   resetKeyboard: true
[35m[Appium][39m   systemPort: 59206
[35m[Appium][39m   udid: emulator-5554
[35m[Appium][39m   unicodeKeyboard: true
[35m[BaseDriver][39m The following capabilities were provided, but are not recognized by appium: deviceId, platform.
[35m[BaseDriver][39m Session created with session id: bbc9ab4a-6ce5-471d-8e9e-3ef72f018ab2
[35m[BaseDriver][39m Using local app 'C:\Users\Intan\git\ACCBid-Mobile\accbid.apk'
[35m[AndroidDriver][39m Java version is: 1.8.0_181
[35m[ADB][39m Checking whether adb is present
[35m[ADB][39m Found 1 'build-tools' folders under 'C:\Users\Intan\.katalon\tools\android_sdk' (newest first):
[35m[ADB][39m     C:/Users/Intan/.katalon/tools/android_sdk/build-tools/29.0.2
[35m[ADB][39m Using adb.exe from C:\Users\Intan\.katalon\tools\android_sdk\platform-tools\adb.exe
[35m[AndroidDriver][39m Retrieving device list
[35m[AndroidDriver][39m Using device: emulator-5554
[35m[ADB][39m Using the alternative activity name detection method because of: Could not find apkanalyzer.bat in C:\Users\Intan\.katalon\tools\android_sdk\platform-tools\apkanalyzer.bat,C:\Users\Intan\.katalon\tools\android_sdk\emulator\apkanalyzer.bat,C:\Users\Intan\.katalon\tools\android_sdk\tools\apkanalyzer.bat,C:\Users\Intan\.katalon\tools\android_sdk\tools\bin\apkanalyzer.bat,C:\Users\Intan\.katalon\tools\android_sdk\build-tools\29.0.2\apkanalyzer.bat. Do you have the Android SDK installed at 'C:\Users\Intan\.katalon\tools\android_sdk'?
[35m[ADB][39m Checking whether aapt is present
[35m[ADB][39m Using aapt.exe from C:\Users\Intan\.katalon\tools\android_sdk\build-tools\29.0.2\aapt.exe
[35m[ADB][39m Extracting package and launch activity from manifest
[35m[ADB][39m Package name: 'com.outsystemsenterprise.acctst1.BidMart'
[35m[ADB][39m Main activity name: 'com.outsystemsenterprise.acctst1.BidMart.MainActivity'
[35m[ADB][39m Getting device platform version
[35m[ADB][39m Using apksigner.bat from C:\Users\Intan\.katalon\tools\android_sdk\build-tools\29.0.2\apksigner.bat
[35m[ADB][39m Checking whether zipalign is present
[35m[ADB][39m Using zipalign.exe from C:\Users\Intan\.katalon\tools\android_sdk\build-tools\29.0.2\zipalign.exe
[35m[ADB][39m io.appium.uiautomator2.server was successfully uninstalled
[35m[ADB][39m io.appium.uiautomator2.server.test was successfully uninstalled
[35m[AndroidDriver][39m setDeviceLanguageCountry requires language or country.
[35m[AndroidDriver][39m Got language: 'null' and country: 'null'
[35m[ADB][39m Successfully extracted 23 strings from 'C:\Users\Intan\git\ACCBid-Mobile\accbid.apk' resources for '(default)' configuration
[35m[UiAutomator2][39m Starting uiautomator2 server 1.12.0
[35m[UiAutomator2][39m Using UIAutomator2 server from 'C:\Users\Intan\AppData\Roaming\npm\node_modules\appium\node_modules\appium-uiautomator2-server\apks\appium-uiautomator2-server-v1.12.0.apk' and test from 'C:\Users\Intan\AppData\Roaming\npm\node_modules\appium\node_modules\appium-uiautomator2-server\apks\appium-uiautomator2-server-debug-androidTest.apk'
[35m[UiAutomator2][39m Running command: 'adb -s emulator-5554 shell am instrument -w io.appium.uiautomator2.server.test/android.support.test.runner.AndroidJUnitRunner'
[35m[UiAutomator2][39m Waiting up to 20000ms for UiAutomator2 to be online...
[35m[AndroidDriver][39m Screen already unlocked, doing nothing
[35m[UiAutomator2][39m UiAutomator2 did not start the activity we were waiting for, 'com.outsystemsenterprise.acctst1.BidMart/com.outsystemsenterprise.acctst1.BidMart.MainActivity'. Starting it ourselves
[35m[Appium][39m New AndroidUiautomator2Driver session created successfully, session bbc9ab4a-6ce5-471d-8e9e-3ef72f018ab2 added to master session list
[35m[HTTP][39m [37m<-- POST /wd/hub/session [39m[32m200[39m [90m27119 ms - 1383[39m
[35m[HTTP][39m [90m[39m
[35m[HTTP][39m [37m-->[39m [37mGET[39m [37m/wd/hub/session/bbc9ab4a-6ce5-471d-8e9e-3ef72f018ab2[39m
[35m[HTTP][39m [90m{}[39m
[35m[HTTP][39m [37m<-- GET /wd/hub/session/bbc9ab4a-6ce5-471d-8e9e-3ef72f018ab2 [39m[32m200[39m [90m58 ms - 1315[39m
[35m[HTTP][39m [90m[39m
[35m[HTTP][39m [37m-->[39m [37mGET[39m [37m/wd/hub/session/bbc9ab4a-6ce5-471d-8e9e-3ef72f018ab2[39m
[35m[HTTP][39m [90m{}[39m
[35m[HTTP][39m [37m<-- GET /wd/hub/session/bbc9ab4a-6ce5-471d-8e9e-3ef72f018ab2 [39m[32m200[39m [90m24 ms - 1315[39m
[35m[HTTP][39m [90m[39m
[35m[HTTP][39m [37m-->[39m [37mGET[39m [37m/wd/hub/status[39m
[35m[HTTP][39m [90m{}[39m
[35m[HTTP][39m [37m<-- GET /wd/hub/status [39m[32m200[39m [90m5 ms - 55[39m
[35m[HTTP][39m [90m[39m
[35m[HTTP][39m [37m-->[39m [37mPOST[39m [37m/wd/hub/session/bbc9ab4a-6ce5-471d-8e9e-3ef72f018ab2/timeouts[39m
[35m[HTTP][39m [90m{"implicit":60000}[39m
[35m[HTTP][39m [37m<-- POST /wd/hub/session/bbc9ab4a-6ce5-471d-8e9e-3ef72f018ab2/timeouts [39m[32m200[39m [90m9 ms - 14[39m
[35m[HTTP][39m [90m[39m
[35m[HTTP][39m [37m-->[39m [37mPOST[39m [37m/wd/hub/session/bbc9ab4a-6ce5-471d-8e9e-3ef72f018ab2/timeouts[39m
[35m[HTTP][39m [90m{"implicit":50}[39m
[35m[HTTP][39m [37m<-- POST /wd/hub/session/bbc9ab4a-6ce5-471d-8e9e-3ef72f018ab2/timeouts [39m[32m200[39m [90m4 ms - 14[39m
[35m[HTTP][39m [90m[39m
[35m[HTTP][39m [37m-->[39m [37mGET[39m [37m/wd/hub/session/bbc9ab4a-6ce5-471d-8e9e-3ef72f018ab2/window/rect[39m
[35m[HTTP][39m [90m{}[39m
[35m[HTTP][39m [37m<-- GET /wd/hub/session/bbc9ab4a-6ce5-471d-8e9e-3ef72f018ab2/window/rect [39m[32m200[39m [90m53 ms - 50[39m
[35m[HTTP][39m [90m[39m
[35m[HTTP][39m [37m-->[39m [37mPOST[39m [37m/wd/hub/session/bbc9ab4a-6ce5-471d-8e9e-3ef72f018ab2/elements[39m
[35m[HTTP][39m [90m{"using":"-android uiautomator","value":"new UiSelector().className(\"android.view.View\").text(\"Akun\")"}[39m
[35m[HTTP][39m [37m<-- POST /wd/hub/session/bbc9ab4a-6ce5-471d-8e9e-3ef72f018ab2/elements [39m[32m200[39m [90m250 ms - 12[39m
[35m[HTTP][39m [90m[39m
[35m[HTTP][39m [37m-->[39m [37mPOST[39m [37m/wd/hub/session/bbc9ab4a-6ce5-471d-8e9e-3ef72f018ab2/elements[39m
[35m[HTTP][39m [90m{"using":"-android uiautomator","value":"new UiSelector().className(\"android.view.View\").text(\"Akun\")"}[39m
[35m[HTTP][39m [37m<-- POST /wd/hub/session/bbc9ab4a-6ce5-471d-8e9e-3ef72f018ab2/elements [39m[32m200[39m [90m90 ms - 12[39m
[35m[HTTP][39m [90m[39m
[35m[HTTP][39m [37m-->[39m [37mPOST[39m [37m/wd/hub/session/bbc9ab4a-6ce5-471d-8e9e-3ef72f018ab2/elements[39m
[35m[HTTP][39m [90m{"using":"-android uiautomator","value":"new UiSelector().className(\"android.view.View\").text(\"Akun\")"}[39m
[35m[HTTP][39m [37m<-- POST /wd/hub/session/bbc9ab4a-6ce5-471d-8e9e-3ef72f018ab2/elements [39m[32m200[39m [90m368 ms - 12[39m
[35m[HTTP][39m [90m[39m
[35m[HTTP][39m [37m-->[39m [37mPOST[39m [37m/wd/hub/session/bbc9ab4a-6ce5-471d-8e9e-3ef72f018ab2/elements[39m
[35m[HTTP][39m [90m{"using":"-android uiautomator","value":"new UiSelector().className(\"android.view.View\").text(\"Akun\")"}[39m
[35m[HTTP][39m [37m<-- POST /wd/hub/session/bbc9ab4a-6ce5-471d-8e9e-3ef72f018ab2/elements [39m[32m200[39m [90m5625 ms - 90[39m
[35m[HTTP][39m [90m[39m
[35m[HTTP][39m [37m-->[39m [37mGET[39m [37m/wd/hub/session/bbc9ab4a-6ce5-471d-8e9e-3ef72f018ab2/element/d7f9f375-b3f3-4437-a13a-4b87b3d49d8d/location[39m
[35m[HTTP][39m [90m{}[39m
[35m[W3C][39m Driver proxy active, passing request on via HTTP proxy
[35m[JSONWP Proxy][39m Replacing sessionId cab15ef1-dc7e-4289-9f6a-2910c9ee0fe1 with bbc9ab4a-6ce5-471d-8e9e-3ef72f018ab2
[35m[HTTP][39m [37m<-- GET /wd/hub/session/bbc9ab4a-6ce5-471d-8e9e-3ef72f018ab2/element/d7f9f375-b3f3-4437-a13a-4b87b3d49d8d/location [39m[32m200[39m [90m1442 ms - 90[39m
[35m[HTTP][39m [90m[39m
[35m[HTTP][39m [37m-->[39m [37mPOST[39m [37m/wd/hub/session/bbc9ab4a-6ce5-471d-8e9e-3ef72f018ab2/timeouts[39m
[35m[HTTP][39m [90m{"implicit":60000}[39m
[35m[HTTP][39m [37m<-- POST /wd/hub/session/bbc9ab4a-6ce5-471d-8e9e-3ef72f018ab2/timeouts [39m[32m200[39m [90m4 ms - 14[39m
[35m[HTTP][39m [90m[39m
[35m[HTTP][39m [37m-->[39m [37mPOST[39m [37m/wd/hub/session/bbc9ab4a-6ce5-471d-8e9e-3ef72f018ab2/touch/perform[39m
[35m[HTTP][39m [90m{"actions":[{"action":"tap","options":{"x":1,"y":1,"element":"d7f9f375-b3f3-4437-a13a-4b87b3d49d8d"}},{"action":"release","options":{}}]}[39m
[35m[UiAutomator2][39m calling get location: d7f9f375-b3f3-4437-a13a-4b87b3d49d8d
[35m[HTTP][39m [37m<-- POST /wd/hub/session/bbc9ab4a-6ce5-471d-8e9e-3ef72f018ab2/touch/perform [39m[32m200[39m [90m947 ms - 14[39m
[35m[HTTP][39m [90m[39m
[35m[HTTP][39m [37m-->[39m [37mPOST[39m [37m/wd/hub/session/bbc9ab4a-6ce5-471d-8e9e-3ef72f018ab2/timeouts[39m
[35m[HTTP][39m [90m{"implicit":50}[39m
[35m[HTTP][39m [37m<-- POST /wd/hub/session/bbc9ab4a-6ce5-471d-8e9e-3ef72f018ab2/timeouts [39m[32m200[39m [90m3 ms - 14[39m
[35m[HTTP][39m [90m[39m
[35m[HTTP][39m [37m-->[39m [37mGET[39m [37m/wd/hub/session/bbc9ab4a-6ce5-471d-8e9e-3ef72f018ab2/window/rect[39m
[35m[HTTP][39m [90m{}[39m
[35m[HTTP][39m [37m<-- GET /wd/hub/session/bbc9ab4a-6ce5-471d-8e9e-3ef72f018ab2/window/rect [39m[32m200[39m [90m23 ms - 50[39m
[35m[HTTP][39m [90m[39m
[35m[HTTP][39m [37m-->[39m [37mPOST[39m [37m/wd/hub/session/bbc9ab4a-6ce5-471d-8e9e-3ef72f018ab2/elements[39m
[35m[HTTP][39m [90m{"using":"-android uiautomator","value":"new UiSelector().className(\"android.view.View\").text(\"Akun Bank\").resourceId(\"b2-b3-Title\")"}[39m
[35m[HTTP][39m [37m<-- POST /wd/hub/session/bbc9ab4a-6ce5-471d-8e9e-3ef72f018ab2/elements [39m[32m200[39m [90m169 ms - 90[39m
[35m[HTTP][39m [90m[39m
[35m[HTTP][39m [37m-->[39m [37mGET[39m [37m/wd/hub/session/bbc9ab4a-6ce5-471d-8e9e-3ef72f018ab2/element/dc18f7b2-755e-4f22-8bc3-490a7d7e55d9/location[39m
[35m[HTTP][39m [90m{}[39m
[35m[W3C][39m Driver proxy active, passing request on via HTTP proxy
[35m[JSONWP Proxy][39m Replacing sessionId cab15ef1-dc7e-4289-9f6a-2910c9ee0fe1 with bbc9ab4a-6ce5-471d-8e9e-3ef72f018ab2
[35m[HTTP][39m [37m<-- GET /wd/hub/session/bbc9ab4a-6ce5-471d-8e9e-3ef72f018ab2/element/dc18f7b2-755e-4f22-8bc3-490a7d7e55d9/location [39m[32m200[39m [90m44 ms - 88[39m
[35m[HTTP][39m [90m[39m
[35m[HTTP][39m [37m-->[39m [37mPOST[39m [37m/wd/hub/session/bbc9ab4a-6ce5-471d-8e9e-3ef72f018ab2/timeouts[39m
[35m[HTTP][39m [90m{"implicit":60000}[39m
[35m[HTTP][39m [37m<-- POST /wd/hub/session/bbc9ab4a-6ce5-471d-8e9e-3ef72f018ab2/timeouts [39m[32m200[39m [90m2 ms - 14[39m
[35m[HTTP][39m [90m[39m
[35m[HTTP][39m [37m-->[39m [37mPOST[39m [37m/wd/hub/session/bbc9ab4a-6ce5-471d-8e9e-3ef72f018ab2/touch/perform[39m
[35m[HTTP][39m [90m{"actions":[{"action":"tap","options":{"x":1,"y":1,"element":"dc18f7b2-755e-4f22-8bc3-490a7d7e55d9"}},{"action":"release","options":{}}]}[39m
[35m[UiAutomator2][39m calling get location: dc18f7b2-755e-4f22-8bc3-490a7d7e55d9
[35m[HTTP][39m [37m<-- POST /wd/hub/session/bbc9ab4a-6ce5-471d-8e9e-3ef72f018ab2/touch/perform [39m[32m200[39m [90m2545 ms - 14[39m
[35m[HTTP][39m [90m[39m
[35m[HTTP][39m [37m-->[39m [37mPOST[39m [37m/wd/hub/session/bbc9ab4a-6ce5-471d-8e9e-3ef72f018ab2/timeouts[39m
[35m[HTTP][39m [90m{"implicit":50}[39m
[35m[HTTP][39m [37m<-- POST /wd/hub/session/bbc9ab4a-6ce5-471d-8e9e-3ef72f018ab2/timeouts [39m[32m200[39m [90m2 ms - 14[39m
[35m[HTTP][39m [90m[39m
[35m[HTTP][39m [37m-->[39m [37mGET[39m [37m/wd/hub/session/bbc9ab4a-6ce5-471d-8e9e-3ef72f018ab2/window/rect[39m
[35m[HTTP][39m [90m{}[39m
[35m[HTTP][39m [37m<-- GET /wd/hub/session/bbc9ab4a-6ce5-471d-8e9e-3ef72f018ab2/window/rect [39m[32m200[39m [90m25 ms - 50[39m
[35m[HTTP][39m [90m[39m
[35m[HTTP][39m [37m-->[39m [37mPOST[39m [37m/wd/hub/session/bbc9ab4a-6ce5-471d-8e9e-3ef72f018ab2/elements[39m
[35m[HTTP][39m [90m{"using":"-android uiautomator","value":"new UiSelector().className(\"android.widget.Button\").text(\"Tambah Akun Bank\")"}[39m
[35m[HTTP][39m [37m<-- POST /wd/hub/session/bbc9ab4a-6ce5-471d-8e9e-3ef72f018ab2/elements [39m[32m200[39m [90m612 ms - 90[39m
[35m[HTTP][39m [90m[39m
[35m[HTTP][39m [37m-->[39m [37mGET[39m [37m/wd/hub/session/bbc9ab4a-6ce5-471d-8e9e-3ef72f018ab2/element/7f5ce691-2d8f-474b-b501-db125cd96a97/location[39m
[35m[HTTP][39m [90m{}[39m
[35m[W3C][39m Driver proxy active, passing request on via HTTP proxy
[35m[JSONWP Proxy][39m Replacing sessionId cab15ef1-dc7e-4289-9f6a-2910c9ee0fe1 with bbc9ab4a-6ce5-471d-8e9e-3ef72f018ab2
[35m[HTTP][39m [37m<-- GET /wd/hub/session/bbc9ab4a-6ce5-471d-8e9e-3ef72f018ab2/element/7f5ce691-2d8f-474b-b501-db125cd96a97/location [39m[32m200[39m [90m45 ms - 90[39m
[35m[HTTP][39m [90m[39m
[35m[HTTP][39m [37m-->[39m [37mPOST[39m [37m/wd/hub/session/bbc9ab4a-6ce5-471d-8e9e-3ef72f018ab2/timeouts[39m
[35m[HTTP][39m [90m{"implicit":60000}[39m
[35m[HTTP][39m [37m<-- POST /wd/hub/session/bbc9ab4a-6ce5-471d-8e9e-3ef72f018ab2/timeouts [39m[32m200[39m [90m2 ms - 14[39m
[35m[HTTP][39m [90m[39m
[35m[HTTP][39m [37m-->[39m [37mPOST[39m [37m/wd/hub/session/bbc9ab4a-6ce5-471d-8e9e-3ef72f018ab2/touch/perform[39m
[35m[HTTP][39m [90m{"actions":[{"action":"tap","options":{"x":1,"y":1,"element":"7f5ce691-2d8f-474b-b501-db125cd96a97"}},{"action":"release","options":{}}]}[39m
[35m[UiAutomator2][39m calling get location: 7f5ce691-2d8f-474b-b501-db125cd96a97
[35m[HTTP][39m [37m<-- POST /wd/hub/session/bbc9ab4a-6ce5-471d-8e9e-3ef72f018ab2/touch/perform [39m[32m200[39m [90m934 ms - 14[39m
[35m[HTTP][39m [90m[39m
[35m[HTTP][39m [37m-->[39m [37mPOST[39m [37m/wd/hub/session/bbc9ab4a-6ce5-471d-8e9e-3ef72f018ab2/timeouts[39m
[35m[HTTP][39m [90m{"implicit":50}[39m
[35m[HTTP][39m [37m<-- POST /wd/hub/session/bbc9ab4a-6ce5-471d-8e9e-3ef72f018ab2/timeouts [39m[32m200[39m [90m4 ms - 14[39m
[35m[HTTP][39m [90m[39m
[35m[HTTP][39m [37m-->[39m [37mGET[39m [37m/wd/hub/session/bbc9ab4a-6ce5-471d-8e9e-3ef72f018ab2/window/rect[39m
[35m[HTTP][39m [90m{}[39m
[35m[HTTP][39m [37m<-- GET /wd/hub/session/bbc9ab4a-6ce5-471d-8e9e-3ef72f018ab2/window/rect [39m[32m200[39m [90m26 ms - 50[39m
[35m[HTTP][39m [90m[39m
[35m[HTTP][39m [37m-->[39m [37mPOST[39m [37m/wd/hub/session/bbc9ab4a-6ce5-471d-8e9e-3ef72f018ab2/elements[39m
[35m[HTTP][39m [90m{"using":"-android uiautomator","value":"new UiSelector().className(\"android.widget.EditText\").resourceId(\"b2-Input_NamaBank\")"}[39m
[35m[HTTP][39m [37m<-- POST /wd/hub/session/bbc9ab4a-6ce5-471d-8e9e-3ef72f018ab2/elements [39m[32m200[39m [90m100 ms - 90[39m
[35m[HTTP][39m [90m[39m
[35m[HTTP][39m [37m-->[39m [37mGET[39m [37m/wd/hub/session/bbc9ab4a-6ce5-471d-8e9e-3ef72f018ab2/element/e9a2779d-6577-4c87-9ee9-7107d32ed6bb/location[39m
[35m[HTTP][39m [90m{}[39m
[35m[W3C][39m Driver proxy active, passing request on via HTTP proxy
[35m[JSONWP Proxy][39m Replacing sessionId cab15ef1-dc7e-4289-9f6a-2910c9ee0fe1 with bbc9ab4a-6ce5-471d-8e9e-3ef72f018ab2
[35m[HTTP][39m [37m<-- GET /wd/hub/session/bbc9ab4a-6ce5-471d-8e9e-3ef72f018ab2/element/e9a2779d-6577-4c87-9ee9-7107d32ed6bb/location [39m[32m200[39m [90m55 ms - 88[39m
[35m[HTTP][39m [90m[39m
[35m[HTTP][39m [37m-->[39m [37mPOST[39m [37m/wd/hub/session/bbc9ab4a-6ce5-471d-8e9e-3ef72f018ab2/timeouts[39m
[35m[HTTP][39m [90m{"implicit":60000}[39m
[35m[HTTP][39m [37m<-- POST /wd/hub/session/bbc9ab4a-6ce5-471d-8e9e-3ef72f018ab2/timeouts [39m[32m200[39m [90m3 ms - 14[39m
[35m[HTTP][39m [90m[39m
[35m[HTTP][39m [37m-->[39m [37mPOST[39m [37m/wd/hub/session/bbc9ab4a-6ce5-471d-8e9e-3ef72f018ab2/touch/perform[39m
[35m[HTTP][39m [90m{"actions":[{"action":"tap","options":{"x":1,"y":1,"element":"e9a2779d-6577-4c87-9ee9-7107d32ed6bb"}},{"action":"release","options":{}}]}[39m
[35m[UiAutomator2][39m calling get location: e9a2779d-6577-4c87-9ee9-7107d32ed6bb
[35m[HTTP][39m [37m<-- POST /wd/hub/session/bbc9ab4a-6ce5-471d-8e9e-3ef72f018ab2/touch/perform [39m[32m200[39m [90m1241 ms - 14[39m
[35m[HTTP][39m [90m[39m
[35m[HTTP][39m [37m-->[39m [37mPOST[39m [37m/wd/hub/session/bbc9ab4a-6ce5-471d-8e9e-3ef72f018ab2/timeouts[39m
[35m[HTTP][39m [90m{"implicit":50}[39m
[35m[HTTP][39m [37m<-- POST /wd/hub/session/bbc9ab4a-6ce5-471d-8e9e-3ef72f018ab2/timeouts [39m[32m200[39m [90m3 ms - 14[39m
[35m[HTTP][39m [90m[39m
[35m[HTTP][39m [37m-->[39m [37mGET[39m [37m/wd/hub/session/bbc9ab4a-6ce5-471d-8e9e-3ef72f018ab2/window/rect[39m
[35m[HTTP][39m [90m{}[39m
[35m[HTTP][39m [37m<-- GET /wd/hub/session/bbc9ab4a-6ce5-471d-8e9e-3ef72f018ab2/window/rect [39m[32m200[39m [90m23 ms - 50[39m
[35m[HTTP][39m [90m[39m
[35m[HTTP][39m [37m-->[39m [37mPOST[39m [37m/wd/hub/session/bbc9ab4a-6ce5-471d-8e9e-3ef72f018ab2/elements[39m
[35m[HTTP][39m [90m{"using":"-android uiautomator","value":"new UiSelector().className(\"android.widget.EditText\").resourceId(\"b2-Input_NamaBank\")"}[39m
[35m[HTTP][39m [37m<-- POST /wd/hub/session/bbc9ab4a-6ce5-471d-8e9e-3ef72f018ab2/elements [39m[32m200[39m [90m1137 ms - 90[39m
[35m[HTTP][39m [90m[39m
[35m[HTTP][39m [37m-->[39m [37mGET[39m [37m/wd/hub/session/bbc9ab4a-6ce5-471d-8e9e-3ef72f018ab2/element/e704da48-6dd7-4cf4-b731-b98f39ed7ba4/location[39m
[35m[HTTP][39m [90m{}[39m
[35m[W3C][39m Driver proxy active, passing request on via HTTP proxy
[35m[JSONWP Proxy][39m Replacing sessionId cab15ef1-dc7e-4289-9f6a-2910c9ee0fe1 with bbc9ab4a-6ce5-471d-8e9e-3ef72f018ab2
[35m[HTTP][39m [37m<-- GET /wd/hub/session/bbc9ab4a-6ce5-471d-8e9e-3ef72f018ab2/element/e704da48-6dd7-4cf4-b731-b98f39ed7ba4/location [39m[32m200[39m [90m42 ms - 88[39m
[35m[HTTP][39m [90m[39m
[35m[HTTP][39m [37m-->[39m [37mPOST[39m [37m/wd/hub/session/bbc9ab4a-6ce5-471d-8e9e-3ef72f018ab2/timeouts[39m
[35m[HTTP][39m [90m{"implicit":60000}[39m
[35m[HTTP][39m [37m<-- POST /wd/hub/session/bbc9ab4a-6ce5-471d-8e9e-3ef72f018ab2/timeouts [39m[32m200[39m [90m3 ms - 14[39m
[35m[HTTP][39m [90m[39m
[35m[HTTP][39m [37m-->[39m [37mPOST[39m [37m/wd/hub/session/bbc9ab4a-6ce5-471d-8e9e-3ef72f018ab2/element/e704da48-6dd7-4cf4-b731-b98f39ed7ba4/clear[39m
[35m[HTTP][39m [90m{"id":"e704da48-6dd7-4cf4-b731-b98f39ed7ba4"}[39m
[35m[HTTP][39m [37m<-- POST /wd/hub/session/bbc9ab4a-6ce5-471d-8e9e-3ef72f018ab2/element/e704da48-6dd7-4cf4-b731-b98f39ed7ba4/clear [39m[32m200[39m [90m83 ms - 27[39m
[35m[HTTP][39m [90m[39m
[35m[HTTP][39m [37m-->[39m [37mPOST[39m [37m/wd/hub/session/bbc9ab4a-6ce5-471d-8e9e-3ef72f018ab2/element/e704da48-6dd7-4cf4-b731-b98f39ed7ba4/value[39m
[35m[HTTP][39m [90m{"id":"e704da48-6dd7-4cf4-b731-b98f39ed7ba4","text":"ARTHA FOREXINDO","value":["A","R","T","H","A"," ","F","O","R","E","X","I","N","D","O"]}[39m
[35m[HTTP][39m [37m<-- POST /wd/hub/session/bbc9ab4a-6ce5-471d-8e9e-3ef72f018ab2/element/e704da48-6dd7-4cf4-b731-b98f39ed7ba4/value [39m[32m200[39m [90m266 ms - 12[39m
[35m[HTTP][39m [90m[39m
[35m[HTTP][39m [37m-->[39m [37mPOST[39m [37m/wd/hub/session/bbc9ab4a-6ce5-471d-8e9e-3ef72f018ab2/timeouts[39m
[35m[HTTP][39m [90m{"implicit":50}[39m
[35m[HTTP][39m [37m<-- POST /wd/hub/session/bbc9ab4a-6ce5-471d-8e9e-3ef72f018ab2/timeouts [39m[32m200[39m [90m2 ms - 14[39m
[35m[HTTP][39m [90m[39m
[35m[HTTP][39m [37m-->[39m [37mGET[39m [37m/wd/hub/session/bbc9ab4a-6ce5-471d-8e9e-3ef72f018ab2/window/rect[39m
[35m[HTTP][39m [90m{}[39m
[35m[HTTP][39m [37m<-- GET /wd/hub/session/bbc9ab4a-6ce5-471d-8e9e-3ef72f018ab2/window/rect [39m[32m200[39m [90m30 ms - 50[39m
[35m[HTTP][39m [90m[39m
[35m[HTTP][39m [37m-->[39m [37mPOST[39m [37m/wd/hub/session/bbc9ab4a-6ce5-471d-8e9e-3ef72f018ab2/elements[39m
[35m[HTTP][39m [90m{"using":"-android uiautomator","value":"new UiSelector().className(\"android.widget.TextView\").textContains(\"ARTHA FOREXINDO\")"}[39m
[35m[HTTP][39m [37m<-- POST /wd/hub/session/bbc9ab4a-6ce5-471d-8e9e-3ef72f018ab2/elements [39m[32m200[39m [90m286 ms - 12[39m
[35m[HTTP][39m [90m[39m
[35m[HTTP][39m [37m-->[39m [37mPOST[39m [37m/wd/hub/session/bbc9ab4a-6ce5-471d-8e9e-3ef72f018ab2/elements[39m
[35m[HTTP][39m [90m{"using":"-android uiautomator","value":"new UiSelector().className(\"android.widget.TextView\").textContains(\"ARTHA FOREXINDO\")"}[39m
[35m[HTTP][39m [37m<-- POST /wd/hub/session/bbc9ab4a-6ce5-471d-8e9e-3ef72f018ab2/elements [39m[32m200[39m [90m245 ms - 12[39m
[35m[HTTP][39m [90m[39m
[35m[HTTP][39m [37m-->[39m [37mPOST[39m [37m/wd/hub/session/bbc9ab4a-6ce5-471d-8e9e-3ef72f018ab2/elements[39m
[35m[HTTP][39m [90m{"using":"-android uiautomator","value":"new UiSelector().className(\"android.widget.TextView\").textContains(\"ARTHA FOREXINDO\")"}[39m
[35m[HTTP][39m [37m<-- POST /wd/hub/session/bbc9ab4a-6ce5-471d-8e9e-3ef72f018ab2/elements [39m[32m200[39m [90m518 ms - 12[39m
[35m[HTTP][39m [90m[39m
[35m[HTTP][39m [37m-->[39m [37mPOST[39m [37m/wd/hub/session/bbc9ab4a-6ce5-471d-8e9e-3ef72f018ab2/elements[39m
[35m[HTTP][39m [90m{"using":"-android uiautomator","value":"new UiSelector().className(\"android.widget.TextView\").textContains(\"ARTHA FOREXINDO\")"}[39m
[35m[HTTP][39m [37m<-- POST /wd/hub/session/bbc9ab4a-6ce5-471d-8e9e-3ef72f018ab2/elements [39m[32m200[39m [90m63 ms - 12[39m
[35m[HTTP][39m [90m[39m
[35m[HTTP][39m [37m-->[39m [37mPOST[39m [37m/wd/hub/session/bbc9ab4a-6ce5-471d-8e9e-3ef72f018ab2/elements[39m
[35m[HTTP][39m [90m{"using":"-android uiautomator","value":"new UiSelector().className(\"android.widget.TextView\").textContains(\"ARTHA FOREXINDO\")"}[39m
[35m[HTTP][39m [37m<-- POST /wd/hub/session/bbc9ab4a-6ce5-471d-8e9e-3ef72f018ab2/elements [39m[32m200[39m [90m587 ms - 12[39m
[35m[HTTP][39m [90m[39m
[35m[HTTP][39m [37m-->[39m [37mPOST[39m [37m/wd/hub/session/bbc9ab4a-6ce5-471d-8e9e-3ef72f018ab2/elements[39m
[35m[HTTP][39m [90m{"using":"-android uiautomator","value":"new UiSelector().className(\"android.widget.TextView\").textContains(\"ARTHA FOREXINDO\")"}[39m
[35m[HTTP][39m [37m<-- POST /wd/hub/session/bbc9ab4a-6ce5-471d-8e9e-3ef72f018ab2/elements [39m[32m200[39m [90m642 ms - 12[39m
[35m[HTTP][39m [90m[39m
[35m[HTTP][39m [37m-->[39m [37mPOST[39m [37m/wd/hub/session/bbc9ab4a-6ce5-471d-8e9e-3ef72f018ab2/elements[39m
[35m[HTTP][39m [90m{"using":"-android uiautomator","value":"new UiSelector().className(\"android.widget.TextView\").textContains(\"ARTHA FOREXINDO\")"}[39m
[35m[HTTP][39m [37m<-- POST /wd/hub/session/bbc9ab4a-6ce5-471d-8e9e-3ef72f018ab2/elements [39m[32m200[39m [90m662 ms - 12[39m
[35m[HTTP][39m [90m[39m
[35m[HTTP][39m [37m-->[39m [37mPOST[39m [37m/wd/hub/session/bbc9ab4a-6ce5-471d-8e9e-3ef72f018ab2/elements[39m
[35m[HTTP][39m [90m{"using":"-android uiautomator","value":"new UiSelector().className(\"android.widget.TextView\").textContains(\"ARTHA FOREXINDO\")"}[39m
[35m[HTTP][39m [37m<-- POST /wd/hub/session/bbc9ab4a-6ce5-471d-8e9e-3ef72f018ab2/elements [39m[32m200[39m [90m54 ms - 12[39m
[35m[HTTP][39m [90m[39m
[35m[HTTP][39m [37m-->[39m [37mPOST[39m [37m/wd/hub/session/bbc9ab4a-6ce5-471d-8e9e-3ef72f018ab2/elements[39m
[35m[HTTP][39m [90m{"using":"-android uiautomator","value":"new UiSelector().className(\"android.widget.TextView\").textContains(\"ARTHA FOREXINDO\")"}[39m
[35m[HTTP][39m [37m<-- POST /wd/hub/session/bbc9ab4a-6ce5-471d-8e9e-3ef72f018ab2/elements [39m[32m200[39m [90m636 ms - 12[39m
[35m[HTTP][39m [90m[39m
[35m[HTTP][39m [37m-->[39m [37mPOST[39m [37m/wd/hub/session/bbc9ab4a-6ce5-471d-8e9e-3ef72f018ab2/elements[39m
[35m[HTTP][39m [90m{"using":"-android uiautomator","value":"new UiSelector().className(\"android.widget.TextView\").textContains(\"ARTHA FOREXINDO\")"}[39m
[35m[HTTP][39m [37m<-- POST /wd/hub/session/bbc9ab4a-6ce5-471d-8e9e-3ef72f018ab2/elements [39m[32m200[39m [90m621 ms - 12[39m
[35m[HTTP][39m [90m[39m
[35m[HTTP][39m [37m-->[39m [37mPOST[39m [37m/wd/hub/session/bbc9ab4a-6ce5-471d-8e9e-3ef72f018ab2/elements[39m
[35m[HTTP][39m [90m{"using":"-android uiautomator","value":"new UiSelector().className(\"android.widget.TextView\").textContains(\"ARTHA FOREXINDO\")"}[39m
[35m[HTTP][39m [37m<-- POST /wd/hub/session/bbc9ab4a-6ce5-471d-8e9e-3ef72f018ab2/elements [39m[32m200[39m [90m65 ms - 12[39m
[35m[HTTP][39m [90m[39m
[35m[HTTP][39m [37m-->[39m [37mPOST[39m [37m/wd/hub/session/bbc9ab4a-6ce5-471d-8e9e-3ef72f018ab2/elements[39m
[35m[HTTP][39m [90m{"using":"-android uiautomator","value":"new UiSelector().className(\"android.widget.TextView\").textContains(\"ARTHA FOREXINDO\")"}[39m
[35m[HTTP][39m [37m<-- POST /wd/hub/session/bbc9ab4a-6ce5-471d-8e9e-3ef72f018ab2/elements [39m[32m200[39m [90m603 ms - 12[39m
[35m[HTTP][39m [90m[39m
[35m[HTTP][39m [37m-->[39m [37mPOST[39m [37m/wd/hub/session/bbc9ab4a-6ce5-471d-8e9e-3ef72f018ab2/elements[39m
[35m[HTTP][39m [90m{"using":"-android uiautomator","value":"new UiSelector().className(\"android.widget.TextView\").textContains(\"ARTHA FOREXINDO\")"}[39m
[35m[HTTP][39m [37m<-- POST /wd/hub/session/bbc9ab4a-6ce5-471d-8e9e-3ef72f018ab2/elements [39m[32m200[39m [90m65 ms - 12[39m
[35m[HTTP][39m [90m[39m
[35m[HTTP][39m [37m-->[39m [37mPOST[39m [37m/wd/hub/session/bbc9ab4a-6ce5-471d-8e9e-3ef72f018ab2/elements[39m
[35m[HTTP][39m [90m{"using":"-android uiautomator","value":"new UiSelector().className(\"android.widget.TextView\").textContains(\"ARTHA FOREXINDO\")"}[39m
[35m[HTTP][39m [37m<-- POST /wd/hub/session/bbc9ab4a-6ce5-471d-8e9e-3ef72f018ab2/elements [39m[32m200[39m [90m647 ms - 12[39m
[35m[HTTP][39m [90m[39m
[35m[HTTP][39m [37m-->[39m [37mPOST[39m [37m/wd/hub/session/bbc9ab4a-6ce5-471d-8e9e-3ef72f018ab2/elements[39m
[35m[HTTP][39m [90m{"using":"-android uiautomator","value":"new UiSelector().className(\"android.widget.TextView\").textContains(\"ARTHA FOREXINDO\")"}[39m
[35m[HTTP][39m [37m<-- POST /wd/hub/session/bbc9ab4a-6ce5-471d-8e9e-3ef72f018ab2/elements [39m[32m200[39m [90m628 ms - 12[39m
[35m[HTTP][39m [90m[39m
[35m[HTTP][39m [37m-->[39m [37mPOST[39m [37m/wd/hub/session/bbc9ab4a-6ce5-471d-8e9e-3ef72f018ab2/elements[39m
[35m[HTTP][39m [90m{"using":"-android uiautomator","value":"new UiSelector().className(\"android.widget.TextView\").textContains(\"ARTHA FOREXINDO\")"}[39m
[35m[HTTP][39m [37m<-- POST /wd/hub/session/bbc9ab4a-6ce5-471d-8e9e-3ef72f018ab2/elements [39m[32m200[39m [90m70 ms - 12[39m
[35m[HTTP][39m [90m[39m
[35m[HTTP][39m [37m-->[39m [37mPOST[39m [37m/wd/hub/session/bbc9ab4a-6ce5-471d-8e9e-3ef72f018ab2/elements[39m
[35m[HTTP][39m [90m{"using":"-android uiautomator","value":"new UiSelector().className(\"android.widget.TextView\").textContains(\"ARTHA FOREXINDO\")"}[39m
[35m[HTTP][39m [37m<-- POST /wd/hub/session/bbc9ab4a-6ce5-471d-8e9e-3ef72f018ab2/elements [39m[32m200[39m [90m581 ms - 12[39m
[35m[HTTP][39m [90m[39m
[35m[HTTP][39m [37m-->[39m [37mPOST[39m [37m/wd/hub/session/bbc9ab4a-6ce5-471d-8e9e-3ef72f018ab2/elements[39m
[35m[HTTP][39m [90m{"using":"-android uiautomator","value":"new UiSelector().className(\"android.widget.TextView\").textContains(\"ARTHA FOREXINDO\")"}[39m
[35m[HTTP][39m [37m<-- POST /wd/hub/session/bbc9ab4a-6ce5-471d-8e9e-3ef72f018ab2/elements [39m[32m200[39m [90m588 ms - 12[39m
[35m[HTTP][39m [90m[39m
[35m[HTTP][39m [37m-->[39m [37mPOST[39m [37m/wd/hub/session/bbc9ab4a-6ce5-471d-8e9e-3ef72f018ab2/elements[39m
[35m[HTTP][39m [90m{"using":"-android uiautomator","value":"new UiSelector().className(\"android.widget.TextView\").textContains(\"ARTHA FOREXINDO\")"}[39m
[35m[HTTP][39m [37m<-- POST /wd/hub/session/bbc9ab4a-6ce5-471d-8e9e-3ef72f018ab2/elements [39m[32m200[39m [90m620 ms - 12[39m
[35m[HTTP][39m [90m[39m
[35m[HTTP][39m [37m-->[39m [37mPOST[39m [37m/wd/hub/session/bbc9ab4a-6ce5-471d-8e9e-3ef72f018ab2/elements[39m
[35m[HTTP][39m [90m{"using":"-android uiautomator","value":"new UiSelector().className(\"android.widget.TextView\").textContains(\"ARTHA FOREXINDO\")"}[39m
[35m[HTTP][39m [37m<-- POST /wd/hub/session/bbc9ab4a-6ce5-471d-8e9e-3ef72f018ab2/elements [39m[32m200[39m [90m631 ms - 12[39m
[35m[HTTP][39m [90m[39m
[35m[HTTP][39m [37m-->[39m [37mPOST[39m [37m/wd/hub/session/bbc9ab4a-6ce5-471d-8e9e-3ef72f018ab2/elements[39m
[35m[HTTP][39m [90m{"using":"-android uiautomator","value":"new UiSelector().className(\"android.widget.TextView\").textContains(\"ARTHA FOREXINDO\")"}[39m
[35m[HTTP][39m [37m<-- POST /wd/hub/session/bbc9ab4a-6ce5-471d-8e9e-3ef72f018ab2/elements [39m[32m200[39m [90m573 ms - 12[39m
[35m[HTTP][39m [90m[39m
[35m[HTTP][39m [37m-->[39m [37mPOST[39m [37m/wd/hub/session/bbc9ab4a-6ce5-471d-8e9e-3ef72f018ab2/elements[39m
[35m[HTTP][39m [90m{"using":"-android uiautomator","value":"new UiSelector().className(\"android.widget.TextView\").textContains(\"ARTHA FOREXINDO\")"}[39m
[35m[HTTP][39m [37m<-- POST /wd/hub/session/bbc9ab4a-6ce5-471d-8e9e-3ef72f018ab2/elements [39m[32m200[39m [90m607 ms - 12[39m
[35m[HTTP][39m [90m[39m
[35m[HTTP][39m [37m-->[39m [37mPOST[39m [37m/wd/hub/session/bbc9ab4a-6ce5-471d-8e9e-3ef72f018ab2/elements[39m
[35m[HTTP][39m [90m{"using":"-android uiautomator","value":"new UiSelector().className(\"android.widget.TextView\").textContains(\"ARTHA FOREXINDO\")"}[39m
[35m[HTTP][39m [37m<-- POST /wd/hub/session/bbc9ab4a-6ce5-471d-8e9e-3ef72f018ab2/elements [39m[32m200[39m [90m618 ms - 12[39m
[35m[HTTP][39m [90m[39m
[35m[HTTP][39m [37m-->[39m [37mPOST[39m [37m/wd/hub/session/bbc9ab4a-6ce5-471d-8e9e-3ef72f018ab2/elements[39m
[35m[HTTP][39m [90m{"using":"-android uiautomator","value":"new UiSelector().className(\"android.widget.TextView\").textContains(\"ARTHA FOREXINDO\")"}[39m
[35m[HTTP][39m [37m<-- POST /wd/hub/session/bbc9ab4a-6ce5-471d-8e9e-3ef72f018ab2/elements [39m[32m200[39m [90m649 ms - 12[39m
[35m[HTTP][39m [90m[39m
[35m[HTTP][39m [37m-->[39m [37mPOST[39m [37m/wd/hub/session/bbc9ab4a-6ce5-471d-8e9e-3ef72f018ab2/elements[39m
[35m[HTTP][39m [90m{"using":"-android uiautomator","value":"new UiSelector().className(\"android.widget.TextView\").textContains(\"ARTHA FOREXINDO\")"}[39m
[35m[HTTP][39m [37m<-- POST /wd/hub/session/bbc9ab4a-6ce5-471d-8e9e-3ef72f018ab2/elements [39m[32m200[39m [90m56 ms - 12[39m
[35m[HTTP][39m [90m[39m
[35m[HTTP][39m [37m-->[39m [37mPOST[39m [37m/wd/hub/session/bbc9ab4a-6ce5-471d-8e9e-3ef72f018ab2/elements[39m
[35m[HTTP][39m [90m{"using":"-android uiautomator","value":"new UiSelector().className(\"android.widget.TextView\").textContains(\"ARTHA FOREXINDO\")"}[39m
[35m[HTTP][39m [37m<-- POST /wd/hub/session/bbc9ab4a-6ce5-471d-8e9e-3ef72f018ab2/elements [39m[32m200[39m [90m616 ms - 12[39m
[35m[HTTP][39m [90m[39m
[35m[HTTP][39m [37m-->[39m [37mPOST[39m [37m/wd/hub/session/bbc9ab4a-6ce5-471d-8e9e-3ef72f018ab2/elements[39m
[35m[HTTP][39m [90m{"using":"-android uiautomator","value":"new UiSelector().className(\"android.widget.TextView\").textContains(\"ARTHA FOREXINDO\")"}[39m
[35m[HTTP][39m [37m<-- POST /wd/hub/session/bbc9ab4a-6ce5-471d-8e9e-3ef72f018ab2/elements [39m[32m200[39m [90m619 ms - 12[39m
[35m[HTTP][39m [90m[39m
[35m[HTTP][39m [37m-->[39m [37mPOST[39m [37m/wd/hub/session/bbc9ab4a-6ce5-471d-8e9e-3ef72f018ab2/elements[39m
[35m[HTTP][39m [90m{"using":"-android uiautomator","value":"new UiSelector().className(\"android.widget.TextView\").textContains(\"ARTHA FOREXINDO\")"}[39m
[35m[HTTP][39m [37m<-- POST /wd/hub/session/bbc9ab4a-6ce5-471d-8e9e-3ef72f018ab2/elements [39m[32m200[39m [90m601 ms - 12[39m
[35m[HTTP][39m [90m[39m
[35m[HTTP][39m [37m-->[39m [37mPOST[39m [37m/wd/hub/session/bbc9ab4a-6ce5-471d-8e9e-3ef72f018ab2/elements[39m
[35m[HTTP][39m [90m{"using":"-android uiautomator","value":"new UiSelector().className(\"android.widget.TextView\").textContains(\"ARTHA FOREXINDO\")"}[39m
[35m[HTTP][39m [37m<-- POST /wd/hub/session/bbc9ab4a-6ce5-471d-8e9e-3ef72f018ab2/elements [39m[32m200[39m [90m58 ms - 12[39m
[35m[HTTP][39m [90m[39m
[35m[HTTP][39m [37m-->[39m [37mPOST[39m [37m/wd/hub/session/bbc9ab4a-6ce5-471d-8e9e-3ef72f018ab2/elements[39m
[35m[HTTP][39m [90m{"using":"-android uiautomator","value":"new UiSelector().className(\"android.widget.TextView\").textContains(\"ARTHA FOREXINDO\")"}[39m
[35m[HTTP][39m [37m<-- POST /wd/hub/session/bbc9ab4a-6ce5-471d-8e9e-3ef72f018ab2/elements [39m[32m200[39m [90m604 ms - 12[39m
[35m[HTTP][39m [90m[39m
[35m[HTTP][39m [37m-->[39m [37mPOST[39m [37m/wd/hub/session/bbc9ab4a-6ce5-471d-8e9e-3ef72f018ab2/elements[39m
[35m[HTTP][39m [90m{"using":"-android uiautomator","value":"new UiSelector().className(\"android.widget.TextView\").textContains(\"ARTHA FOREXINDO\")"}[39m
[35m[HTTP][39m [37m<-- POST /wd/hub/session/bbc9ab4a-6ce5-471d-8e9e-3ef72f018ab2/elements [39m[32m200[39m [90m612 ms - 12[39m
[35m[HTTP][39m [90m[39m
[35m[HTTP][39m [37m-->[39m [37mPOST[39m [37m/wd/hub/session/bbc9ab4a-6ce5-471d-8e9e-3ef72f018ab2/elements[39m
[35m[HTTP][39m [90m{"using":"-android uiautomator","value":"new UiSelector().className(\"android.widget.TextView\").textContains(\"ARTHA FOREXINDO\")"}[39m
[35m[HTTP][39m [37m<-- POST /wd/hub/session/bbc9ab4a-6ce5-471d-8e9e-3ef72f018ab2/elements [39m[32m200[39m [90m631 ms - 12[39m
[35m[HTTP][39m [90m[39m
[35m[HTTP][39m [37m-->[39m [37mPOST[39m [37m/wd/hub/session/bbc9ab4a-6ce5-471d-8e9e-3ef72f018ab2/elements[39m
[35m[HTTP][39m [90m{"using":"-android uiautomator","value":"new UiSelector().className(\"android.widget.TextView\").textContains(\"ARTHA FOREXINDO\")"}[39m
[35m[HTTP][39m [37m<-- POST /wd/hub/session/bbc9ab4a-6ce5-471d-8e9e-3ef72f018ab2/elements [39m[32m200[39m [90m80 ms - 12[39m
[35m[HTTP][39m [90m[39m
[35m[HTTP][39m [37m-->[39m [37mPOST[39m [37m/wd/hub/session/bbc9ab4a-6ce5-471d-8e9e-3ef72f018ab2/elements[39m
[35m[HTTP][39m [90m{"using":"-android uiautomator","value":"new UiSelector().className(\"android.widget.TextView\").textContains(\"ARTHA FOREXINDO\")"}[39m
[35m[HTTP][39m [37m<-- POST /wd/hub/session/bbc9ab4a-6ce5-471d-8e9e-3ef72f018ab2/elements [39m[32m200[39m [90m56 ms - 12[39m
[35m[HTTP][39m [90m[39m
[35m[HTTP][39m [37m-->[39m [37mPOST[39m [37m/wd/hub/session/bbc9ab4a-6ce5-471d-8e9e-3ef72f018ab2/elements[39m
[35m[HTTP][39m [90m{"using":"-android uiautomator","value":"new UiSelector().className(\"android.widget.TextView\").textContains(\"ARTHA FOREXINDO\")"}[39m
[35m[HTTP][39m [37m<-- POST /wd/hub/session/bbc9ab4a-6ce5-471d-8e9e-3ef72f018ab2/elements [39m[32m200[39m [90m582 ms - 12[39m
[35m[HTTP][39m [90m[39m
[35m[HTTP][39m [37m-->[39m [37mPOST[39m [37m/wd/hub/session/bbc9ab4a-6ce5-471d-8e9e-3ef72f018ab2/elements[39m
[35m[HTTP][39m [90m{"using":"-android uiautomator","value":"new UiSelector().className(\"android.widget.TextView\").textContains(\"ARTHA FOREXINDO\")"}[39m
[35m[HTTP][39m [37m<-- POST /wd/hub/session/bbc9ab4a-6ce5-471d-8e9e-3ef72f018ab2/elements [39m[32m200[39m [90m620 ms - 12[39m
[35m[HTTP][39m [90m[39m
[35m[HTTP][39m [37m-->[39m [37mPOST[39m [37m/wd/hub/session/bbc9ab4a-6ce5-471d-8e9e-3ef72f018ab2/elements[39m
[35m[HTTP][39m [90m{"using":"-android uiautomator","value":"new UiSelector().className(\"android.widget.TextView\").textContains(\"ARTHA FOREXINDO\")"}[39m
[35m[HTTP][39m [37m<-- POST /wd/hub/session/bbc9ab4a-6ce5-471d-8e9e-3ef72f018ab2/elements [39m[32m200[39m [90m630 ms - 12[39m
[35m[HTTP][39m [90m[39m
[35m[HTTP][39m [37m-->[39m [37mPOST[39m [37m/wd/hub/session/bbc9ab4a-6ce5-471d-8e9e-3ef72f018ab2/elements[39m
[35m[HTTP][39m [90m{"using":"-android uiautomator","value":"new UiSelector().className(\"android.widget.TextView\").textContains(\"ARTHA FOREXINDO\")"}[39m
[35m[HTTP][39m [37m<-- POST /wd/hub/session/bbc9ab4a-6ce5-471d-8e9e-3ef72f018ab2/elements [39m[32m200[39m [90m55 ms - 12[39m
[35m[HTTP][39m [90m[39m
[35m[HTTP][39m [37m-->[39m [37mPOST[39m [37m/wd/hub/session/bbc9ab4a-6ce5-471d-8e9e-3ef72f018ab2/elements[39m
[35m[HTTP][39m [90m{"using":"-android uiautomator","value":"new UiSelector().className(\"android.widget.TextView\").textContains(\"ARTHA FOREXINDO\")"}[39m
[35m[HTTP][39m [37m<-- POST /wd/hub/session/bbc9ab4a-6ce5-471d-8e9e-3ef72f018ab2/elements [39m[32m200[39m [90m593 ms - 12[39m
[35m[HTTP][39m [90m[39m
[35m[HTTP][39m [37m-->[39m [37mPOST[39m [37m/wd/hub/session/bbc9ab4a-6ce5-471d-8e9e-3ef72f018ab2/elements[39m
[35m[HTTP][39m [90m{"using":"-android uiautomator","value":"new UiSelector().className(\"android.widget.TextView\").textContains(\"ARTHA FOREXINDO\")"}[39m
[35m[HTTP][39m [37m<-- POST /wd/hub/session/bbc9ab4a-6ce5-471d-8e9e-3ef72f018ab2/elements [39m[32m200[39m [90m605 ms - 12[39m
[35m[HTTP][39m [90m[39m
[35m[HTTP][39m [37m-->[39m [37mPOST[39m [37m/wd/hub/session/bbc9ab4a-6ce5-471d-8e9e-3ef72f018ab2/elements[39m
[35m[HTTP][39m [90m{"using":"-android uiautomator","value":"new UiSelector().className(\"android.widget.TextView\").textContains(\"ARTHA FOREXINDO\")"}[39m
[35m[HTTP][39m [37m<-- POST /wd/hub/session/bbc9ab4a-6ce5-471d-8e9e-3ef72f018ab2/elements [39m[32m200[39m [90m643 ms - 12[39m
[35m[HTTP][39m [90m[39m
[35m[HTTP][39m [37m-->[39m [37mPOST[39m [37m/wd/hub/session/bbc9ab4a-6ce5-471d-8e9e-3ef72f018ab2/elements[39m
[35m[HTTP][39m [90m{"using":"-android uiautomator","value":"new UiSelector().className(\"android.widget.TextView\").textContains(\"ARTHA FOREXINDO\")"}[39m
[35m[HTTP][39m [37m<-- POST /wd/hub/session/bbc9ab4a-6ce5-471d-8e9e-3ef72f018ab2/elements [39m[32m200[39m [90m58 ms - 12[39m
[35m[HTTP][39m [90m[39m
[35m[HTTP][39m [37m-->[39m [37mPOST[39m [37m/wd/hub/session/bbc9ab4a-6ce5-471d-8e9e-3ef72f018ab2/elements[39m
[35m[HTTP][39m [90m{"using":"-android uiautomator","value":"new UiSelector().className(\"android.widget.TextView\").textContains(\"ARTHA FOREXINDO\")"}[39m
[35m[HTTP][39m [37m<-- POST /wd/hub/session/bbc9ab4a-6ce5-471d-8e9e-3ef72f018ab2/elements [39m[32m200[39m [90m58 ms - 12[39m
[35m[HTTP][39m [90m[39m
[35m[HTTP][39m [37m-->[39m [37mPOST[39m [37m/wd/hub/session/bbc9ab4a-6ce5-471d-8e9e-3ef72f018ab2/elements[39m
[35m[HTTP][39m [90m{"using":"-android uiautomator","value":"new UiSelector().className(\"android.widget.TextView\").textContains(\"ARTHA FOREXINDO\")"}[39m
[35m[HTTP][39m [37m<-- POST /wd/hub/session/bbc9ab4a-6ce5-471d-8e9e-3ef72f018ab2/elements [39m[32m200[39m [90m59 ms - 12[39m
[35m[HTTP][39m [90m[39m
[35m[HTTP][39m [37m-->[39m [37mPOST[39m [37m/wd/hub/session/bbc9ab4a-6ce5-471d-8e9e-3ef72f018ab2/elements[39m
[35m[HTTP][39m [90m{"using":"-android uiautomator","value":"new UiSelector().className(\"android.widget.TextView\").textContains(\"ARTHA FOREXINDO\")"}[39m
[35m[HTTP][39m [37m<-- POST /wd/hub/session/bbc9ab4a-6ce5-471d-8e9e-3ef72f018ab2/elements [39m[32m200[39m [90m624 ms - 12[39m
[35m[HTTP][39m [90m[39m
[35m[HTTP][39m [37m-->[39m [37mPOST[39m [37m/wd/hub/session/bbc9ab4a-6ce5-471d-8e9e-3ef72f018ab2/elements[39m
[35m[HTTP][39m [90m{"using":"-android uiautomator","value":"new UiSelector().className(\"android.widget.TextView\").textContains(\"ARTHA FOREXINDO\")"}[39m
[35m[HTTP][39m [37m<-- POST /wd/hub/session/bbc9ab4a-6ce5-471d-8e9e-3ef72f018ab2/elements [39m[32m200[39m [90m625 ms - 12[39m
[35m[HTTP][39m [90m[39m
[35m[HTTP][39m [37m-->[39m [37mPOST[39m [37m/wd/hub/session/bbc9ab4a-6ce5-471d-8e9e-3ef72f018ab2/elements[39m
[35m[HTTP][39m [90m{"using":"-android uiautomator","value":"new UiSelector().className(\"android.widget.TextView\").textContains(\"ARTHA FOREXINDO\")"}[39m
[35m[HTTP][39m [37m<-- POST /wd/hub/session/bbc9ab4a-6ce5-471d-8e9e-3ef72f018ab2/elements [39m[32m200[39m [90m626 ms - 12[39m
[35m[HTTP][39m [90m[39m
[35m[HTTP][39m [37m-->[39m [37mPOST[39m [37m/wd/hub/session/bbc9ab4a-6ce5-471d-8e9e-3ef72f018ab2/elements[39m
[35m[HTTP][39m [90m{"using":"-android uiautomator","value":"new UiSelector().className(\"android.widget.TextView\").textContains(\"ARTHA FOREXINDO\")"}[39m
[35m[HTTP][39m [37m<-- POST /wd/hub/session/bbc9ab4a-6ce5-471d-8e9e-3ef72f018ab2/elements [39m[32m200[39m [90m589 ms - 12[39m
[35m[HTTP][39m [90m[39m
[35m[HTTP][39m [37m-->[39m [37mPOST[39m [37m/wd/hub/session/bbc9ab4a-6ce5-471d-8e9e-3ef72f018ab2/elements[39m
[35m[HTTP][39m [90m{"using":"-android uiautomator","value":"new UiSelector().className(\"android.widget.TextView\").textContains(\"ARTHA FOREXINDO\")"}[39m
[35m[HTTP][39m [37m<-- POST /wd/hub/session/bbc9ab4a-6ce5-471d-8e9e-3ef72f018ab2/elements [39m[32m200[39m [90m596 ms - 12[39m
[35m[HTTP][39m [90m[39m
[35m[HTTP][39m [37m-->[39m [37mPOST[39m [37m/wd/hub/session/bbc9ab4a-6ce5-471d-8e9e-3ef72f018ab2/elements[39m
[35m[HTTP][39m [90m{"using":"-android uiautomator","value":"new UiSelector().className(\"android.widget.TextView\").textContains(\"ARTHA FOREXINDO\")"}[39m
[35m[HTTP][39m [37m<-- POST /wd/hub/session/bbc9ab4a-6ce5-471d-8e9e-3ef72f018ab2/elements [39m[32m200[39m [90m635 ms - 12[39m
[35m[HTTP][39m [90m[39m
[35m[HTTP][39m [37m-->[39m [37mPOST[39m [37m/wd/hub/session/bbc9ab4a-6ce5-471d-8e9e-3ef72f018ab2/elements[39m
[35m[HTTP][39m [90m{"using":"-android uiautomator","value":"new UiSelector().className(\"android.widget.TextView\").textContains(\"ARTHA FOREXINDO\")"}[39m
[35m[HTTP][39m [37m<-- POST /wd/hub/session/bbc9ab4a-6ce5-471d-8e9e-3ef72f018ab2/elements [39m[32m200[39m [90m627 ms - 12[39m
[35m[HTTP][39m [90m[39m
[35m[HTTP][39m [37m-->[39m [37mPOST[39m [37m/wd/hub/session/bbc9ab4a-6ce5-471d-8e9e-3ef72f018ab2/elements[39m
[35m[HTTP][39m [90m{"using":"-android uiautomator","value":"new UiSelector().className(\"android.widget.TextView\").textContains(\"ARTHA FOREXINDO\")"}[39m
[35m[HTTP][39m [37m<-- POST /wd/hub/session/bbc9ab4a-6ce5-471d-8e9e-3ef72f018ab2/elements [39m[32m200[39m [90m53 ms - 12[39m
[35m[HTTP][39m [90m[39m
[35m[HTTP][39m [37m-->[39m [37mPOST[39m [37m/wd/hub/session/bbc9ab4a-6ce5-471d-8e9e-3ef72f018ab2/elements[39m
[35m[HTTP][39m [90m{"using":"-android uiautomator","value":"new UiSelector().className(\"android.widget.TextView\").textContains(\"ARTHA FOREXINDO\")"}[39m
[35m[HTTP][39m [37m<-- POST /wd/hub/session/bbc9ab4a-6ce5-471d-8e9e-3ef72f018ab2/elements [39m[32m200[39m [90m578 ms - 12[39m
[35m[HTTP][39m [90m[39m
[35m[HTTP][39m [37m-->[39m [37mPOST[39m [37m/wd/hub/session/bbc9ab4a-6ce5-471d-8e9e-3ef72f018ab2/elements[39m
[35m[HTTP][39m [90m{"using":"-android uiautomator","value":"new UiSelector().className(\"android.widget.TextView\").textContains(\"ARTHA FOREXINDO\")"}[39m
[35m[HTTP][39m [37m<-- POST /wd/hub/session/bbc9ab4a-6ce5-471d-8e9e-3ef72f018ab2/elements [39m[32m200[39m [90m637 ms - 12[39m
[35m[HTTP][39m [90m[39m
[35m[HTTP][39m [37m-->[39m [37mPOST[39m [37m/wd/hub/session/bbc9ab4a-6ce5-471d-8e9e-3ef72f018ab2/elements[39m
[35m[HTTP][39m [90m{"using":"-android uiautomator","value":"new UiSelector().className(\"android.widget.TextView\").textContains(\"ARTHA FOREXINDO\")"}[39m
[35m[HTTP][39m [37m<-- POST /wd/hub/session/bbc9ab4a-6ce5-471d-8e9e-3ef72f018ab2/elements [39m[32m200[39m [90m632 ms - 12[39m
[35m[HTTP][39m [90m[39m
[35m[HTTP][39m [37m-->[39m [37mPOST[39m [37m/wd/hub/session/bbc9ab4a-6ce5-471d-8e9e-3ef72f018ab2/elements[39m
[35m[HTTP][39m [90m{"using":"-android uiautomator","value":"new UiSelector().className(\"android.widget.TextView\").textContains(\"ARTHA FOREXINDO\")"}[39m
[35m[HTTP][39m [37m<-- POST /wd/hub/session/bbc9ab4a-6ce5-471d-8e9e-3ef72f018ab2/elements [39m[32m200[39m [90m66 ms - 12[39m
[35m[HTTP][39m [90m[39m
[35m[HTTP][39m [37m-->[39m [37mPOST[39m [37m/wd/hub/session/bbc9ab4a-6ce5-471d-8e9e-3ef72f018ab2/elements[39m
[35m[HTTP][39m [90m{"using":"-android uiautomator","value":"new UiSelector().className(\"android.widget.TextView\").textContains(\"ARTHA FOREXINDO\")"}[39m
[35m[HTTP][39m [37m<-- POST /wd/hub/session/bbc9ab4a-6ce5-471d-8e9e-3ef72f018ab2/elements [39m[32m200[39m [90m61 ms - 12[39m
[35m[HTTP][39m [90m[39m
[35m[HTTP][39m [37m-->[39m [37mPOST[39m [37m/wd/hub/session/bbc9ab4a-6ce5-471d-8e9e-3ef72f018ab2/elements[39m
[35m[HTTP][39m [90m{"using":"-android uiautomator","value":"new UiSelector().className(\"android.widget.TextView\").textContains(\"ARTHA FOREXINDO\")"}[39m
[35m[HTTP][39m [37m<-- POST /wd/hub/session/bbc9ab4a-6ce5-471d-8e9e-3ef72f018ab2/elements [39m[32m200[39m [90m627 ms - 12[39m
[35m[HTTP][39m [90m[39m
[35m[HTTP][39m [37m-->[39m [37mPOST[39m [37m/wd/hub/session/bbc9ab4a-6ce5-471d-8e9e-3ef72f018ab2/elements[39m
[35m[HTTP][39m [90m{"using":"-android uiautomator","value":"new UiSelector().className(\"android.widget.TextView\").textContains(\"ARTHA FOREXINDO\")"}[39m
[35m[HTTP][39m [37m<-- POST /wd/hub/session/bbc9ab4a-6ce5-471d-8e9e-3ef72f018ab2/elements [39m[32m200[39m [90m619 ms - 12[39m
[35m[HTTP][39m [90m[39m
[35m[HTTP][39m [37m-->[39m [37mPOST[39m [37m/wd/hub/session/bbc9ab4a-6ce5-471d-8e9e-3ef72f018ab2/elements[39m
[35m[HTTP][39m [90m{"using":"-android uiautomator","value":"new UiSelector().className(\"android.widget.TextView\").textContains(\"ARTHA FOREXINDO\")"}[39m
[35m[HTTP][39m [37m<-- POST /wd/hub/session/bbc9ab4a-6ce5-471d-8e9e-3ef72f018ab2/elements [39m[32m200[39m [90m618 ms - 12[39m
[35m[HTTP][39m [90m[39m
[35m[HTTP][39m [37m-->[39m [37mPOST[39m [37m/wd/hub/session/bbc9ab4a-6ce5-471d-8e9e-3ef72f018ab2/elements[39m
[35m[HTTP][39m [90m{"using":"-android uiautomator","value":"new UiSelector().className(\"android.widget.TextView\").textContains(\"ARTHA FOREXINDO\")"}[39m
[35m[HTTP][39m [37m<-- POST /wd/hub/session/bbc9ab4a-6ce5-471d-8e9e-3ef72f018ab2/elements [39m[32m200[39m [90m604 ms - 12[39m
[35m[HTTP][39m [90m[39m
[35m[HTTP][39m [37m-->[39m [37mPOST[39m [37m/wd/hub/session/bbc9ab4a-6ce5-471d-8e9e-3ef72f018ab2/elements[39m
[35m[HTTP][39m [90m{"using":"-android uiautomator","value":"new UiSelector().className(\"android.widget.TextView\").textContains(\"ARTHA FOREXINDO\")"}[39m
[35m[HTTP][39m [37m<-- POST /wd/hub/session/bbc9ab4a-6ce5-471d-8e9e-3ef72f018ab2/elements [39m[32m200[39m [90m621 ms - 12[39m
[35m[HTTP][39m [90m[39m
[35m[HTTP][39m [37m-->[39m [37mPOST[39m [37m/wd/hub/session/bbc9ab4a-6ce5-471d-8e9e-3ef72f018ab2/elements[39m
[35m[HTTP][39m [90m{"using":"-android uiautomator","value":"new UiSelector().className(\"android.widget.TextView\").textContains(\"ARTHA FOREXINDO\")"}[39m
[35m[HTTP][39m [37m<-- POST /wd/hub/session/bbc9ab4a-6ce5-471d-8e9e-3ef72f018ab2/elements [39m[32m200[39m [90m66 ms - 12[39m
[35m[HTTP][39m [90m[39m
[35m[HTTP][39m [37m-->[39m [37mPOST[39m [37m/wd/hub/session/bbc9ab4a-6ce5-471d-8e9e-3ef72f018ab2/elements[39m
[35m[HTTP][39m [90m{"using":"-android uiautomator","value":"new UiSelector().className(\"android.widget.TextView\").textContains(\"ARTHA FOREXINDO\")"}[39m
[35m[HTTP][39m [37m<-- POST /wd/hub/session/bbc9ab4a-6ce5-471d-8e9e-3ef72f018ab2/elements [39m[32m200[39m [90m623 ms - 12[39m
[35m[HTTP][39m [90m[39m
[35m[HTTP][39m [37m-->[39m [37mPOST[39m [37m/wd/hub/session/bbc9ab4a-6ce5-471d-8e9e-3ef72f018ab2/elements[39m
[35m[HTTP][39m [90m{"using":"-android uiautomator","value":"new UiSelector().className(\"android.widget.TextView\").textContains(\"ARTHA FOREXINDO\")"}[39m
[35m[HTTP][39m [37m<-- POST /wd/hub/session/bbc9ab4a-6ce5-471d-8e9e-3ef72f018ab2/elements [39m[32m200[39m [90m62 ms - 12[39m
[35m[HTTP][39m [90m[39m
[35m[HTTP][39m [37m-->[39m [37mPOST[39m [37m/wd/hub/session/bbc9ab4a-6ce5-471d-8e9e-3ef72f018ab2/elements[39m
[35m[HTTP][39m [90m{"using":"-android uiautomator","value":"new UiSelector().className(\"android.widget.TextView\").textContains(\"ARTHA FOREXINDO\")"}[39m
[35m[HTTP][39m [37m<-- POST /wd/hub/session/bbc9ab4a-6ce5-471d-8e9e-3ef72f018ab2/elements [39m[32m200[39m [90m583 ms - 12[39m
[35m[HTTP][39m [90m[39m
[35m[HTTP][39m [37m-->[39m [37mPOST[39m [37m/wd/hub/session/bbc9ab4a-6ce5-471d-8e9e-3ef72f018ab2/elements[39m
[35m[HTTP][39m [90m{"using":"-android uiautomator","value":"new UiSelector().className(\"android.widget.TextView\").textContains(\"ARTHA FOREXINDO\")"}[39m
[35m[HTTP][39m [37m<-- POST /wd/hub/session/bbc9ab4a-6ce5-471d-8e9e-3ef72f018ab2/elements [39m[32m200[39m [90m584 ms - 12[39m
[35m[HTTP][39m [90m[39m
[35m[HTTP][39m [37m-->[39m [37mPOST[39m [37m/wd/hub/session/bbc9ab4a-6ce5-471d-8e9e-3ef72f018ab2/elements[39m
[35m[HTTP][39m [90m{"using":"-android uiautomator","value":"new UiSelector().className(\"android.widget.TextView\").textContains(\"ARTHA FOREXINDO\")"}[39m
[35m[HTTP][39m [37m<-- POST /wd/hub/session/bbc9ab4a-6ce5-471d-8e9e-3ef72f018ab2/elements [39m[32m200[39m [90m625 ms - 12[39m
[35m[HTTP][39m [90m[39m
[35m[HTTP][39m [37m-->[39m [37mPOST[39m [37m/wd/hub/session/bbc9ab4a-6ce5-471d-8e9e-3ef72f018ab2/elements[39m
[35m[HTTP][39m [90m{"using":"-android uiautomator","value":"new UiSelector().className(\"android.widget.TextView\").textContains(\"ARTHA FOREXINDO\")"}[39m
[35m[HTTP][39m [37m<-- POST /wd/hub/session/bbc9ab4a-6ce5-471d-8e9e-3ef72f018ab2/elements [39m[32m200[39m [90m69 ms - 12[39m
[35m[HTTP][39m [90m[39m
[35m[HTTP][39m [37m-->[39m [37mPOST[39m [37m/wd/hub/session/bbc9ab4a-6ce5-471d-8e9e-3ef72f018ab2/elements[39m
[35m[HTTP][39m [90m{"using":"-android uiautomator","value":"new UiSelector().className(\"android.widget.TextView\").textContains(\"ARTHA FOREXINDO\")"}[39m
[35m[HTTP][39m [37m<-- POST /wd/hub/session/bbc9ab4a-6ce5-471d-8e9e-3ef72f018ab2/elements [39m[32m200[39m [90m588 ms - 12[39m
[35m[HTTP][39m [90m[39m
[35m[HTTP][39m [37m-->[39m [37mPOST[39m [37m/wd/hub/session/bbc9ab4a-6ce5-471d-8e9e-3ef72f018ab2/elements[39m
[35m[HTTP][39m [90m{"using":"-android uiautomator","value":"new UiSelector().className(\"android.widget.TextView\").textContains(\"ARTHA FOREXINDO\")"}[39m
[35m[HTTP][39m [37m<-- POST /wd/hub/session/bbc9ab4a-6ce5-471d-8e9e-3ef72f018ab2/elements [39m[32m200[39m [90m592 ms - 12[39m
[35m[HTTP][39m [90m[39m
[35m[HTTP][39m [37m-->[39m [37mPOST[39m [37m/wd/hub/session/bbc9ab4a-6ce5-471d-8e9e-3ef72f018ab2/elements[39m
[35m[HTTP][39m [90m{"using":"-android uiautomator","value":"new UiSelector().className(\"android.widget.TextView\").textContains(\"ARTHA FOREXINDO\")"}[39m
[35m[HTTP][39m [37m<-- POST /wd/hub/session/bbc9ab4a-6ce5-471d-8e9e-3ef72f018ab2/elements [39m[32m200[39m [90m623 ms - 12[39m
[35m[HTTP][39m [90m[39m
[35m[HTTP][39m [37m-->[39m [37mPOST[39m [37m/wd/hub/session/bbc9ab4a-6ce5-471d-8e9e-3ef72f018ab2/elements[39m
[35m[HTTP][39m [90m{"using":"-android uiautomator","value":"new UiSelector().className(\"android.widget.TextView\").textContains(\"ARTHA FOREXINDO\")"}[39m
[35m[HTTP][39m [37m<-- POST /wd/hub/session/bbc9ab4a-6ce5-471d-8e9e-3ef72f018ab2/elements [39m[32m200[39m [90m600 ms - 12[39m
[35m[HTTP][39m [90m[39m
[35m[HTTP][39m [37m-->[39m [37mPOST[39m [37m/wd/hub/session/bbc9ab4a-6ce5-471d-8e9e-3ef72f018ab2/elements[39m
[35m[HTTP][39m [90m{"using":"-android uiautomator","value":"new UiSelector().className(\"android.widget.TextView\").textContains(\"ARTHA FOREXINDO\")"}[39m
[35m[HTTP][39m [37m<-- POST /wd/hub/session/bbc9ab4a-6ce5-471d-8e9e-3ef72f018ab2/elements [39m[32m200[39m [90m80 ms - 12[39m
[35m[HTTP][39m [90m[39m
[35m[HTTP][39m [37m-->[39m [37mPOST[39m [37m/wd/hub/session/bbc9ab4a-6ce5-471d-8e9e-3ef72f018ab2/elements[39m
[35m[HTTP][39m [90m{"using":"-android uiautomator","value":"new UiSelector().className(\"android.widget.TextView\").textContains(\"ARTHA FOREXINDO\")"}[39m
[35m[HTTP][39m [37m<-- POST /wd/hub/session/bbc9ab4a-6ce5-471d-8e9e-3ef72f018ab2/elements [39m[32m200[39m [90m614 ms - 12[39m
[35m[HTTP][39m [90m[39m
[35m[HTTP][39m [37m-->[39m [37mPOST[39m [37m/wd/hub/session/bbc9ab4a-6ce5-471d-8e9e-3ef72f018ab2/elements[39m
[35m[HTTP][39m [90m{"using":"-android uiautomator","value":"new UiSelector().className(\"android.widget.TextView\").textContains(\"ARTHA FOREXINDO\")"}[39m
[35m[HTTP][39m [37m<-- POST /wd/hub/session/bbc9ab4a-6ce5-471d-8e9e-3ef72f018ab2/elements [39m[32m200[39m [90m611 ms - 12[39m
[35m[HTTP][39m [90m[39m
[35m[HTTP][39m [37m-->[39m [37mPOST[39m [37m/wd/hub/session/bbc9ab4a-6ce5-471d-8e9e-3ef72f018ab2/elements[39m
[35m[HTTP][39m [90m{"using":"-android uiautomator","value":"new UiSelector().className(\"android.widget.TextView\").textContains(\"ARTHA FOREXINDO\")"}[39m
[35m[HTTP][39m [37m<-- POST /wd/hub/session/bbc9ab4a-6ce5-471d-8e9e-3ef72f018ab2/elements [39m[32m200[39m [90m622 ms - 12[39m
[35m[HTTP][39m [90m[39m
[35m[HTTP][39m [37m-->[39m [37mPOST[39m [37m/wd/hub/session/bbc9ab4a-6ce5-471d-8e9e-3ef72f018ab2/elements[39m
[35m[HTTP][39m [90m{"using":"-android uiautomator","value":"new UiSelector().className(\"android.widget.TextView\").textContains(\"ARTHA FOREXINDO\")"}[39m
[35m[HTTP][39m [37m<-- POST /wd/hub/session/bbc9ab4a-6ce5-471d-8e9e-3ef72f018ab2/elements [39m[32m200[39m [90m603 ms - 12[39m
[35m[HTTP][39m [90m[39m
[35m[HTTP][39m [37m-->[39m [37mPOST[39m [37m/wd/hub/session/bbc9ab4a-6ce5-471d-8e9e-3ef72f018ab2/elements[39m
[35m[HTTP][39m [90m{"using":"-android uiautomator","value":"new UiSelector().className(\"android.widget.TextView\").textContains(\"ARTHA FOREXINDO\")"}[39m
[35m[HTTP][39m [37m<-- POST /wd/hub/session/bbc9ab4a-6ce5-471d-8e9e-3ef72f018ab2/elements [39m[32m200[39m [90m586 ms - 12[39m
[35m[HTTP][39m [90m[39m
[35m[HTTP][39m [37m-->[39m [37mPOST[39m [37m/wd/hub/session/bbc9ab4a-6ce5-471d-8e9e-3ef72f018ab2/elements[39m
[35m[HTTP][39m [90m{"using":"-android uiautomator","value":"new UiSelector().className(\"android.widget.TextView\").textContains(\"ARTHA FOREXINDO\")"}[39m
[35m[HTTP][39m [37m<-- POST /wd/hub/session/bbc9ab4a-6ce5-471d-8e9e-3ef72f018ab2/elements [39m[32m200[39m [90m56 ms - 12[39m
[35m[HTTP][39m [90m[39m
[35m[HTTP][39m [37m-->[39m [37mPOST[39m [37m/wd/hub/session/bbc9ab4a-6ce5-471d-8e9e-3ef72f018ab2/elements[39m
[35m[HTTP][39m [90m{"using":"-android uiautomator","value":"new UiSelector().className(\"android.widget.TextView\").textContains(\"ARTHA FOREXINDO\")"}[39m
[35m[HTTP][39m [37m<-- POST /wd/hub/session/bbc9ab4a-6ce5-471d-8e9e-3ef72f018ab2/elements [39m[32m200[39m [90m623 ms - 12[39m
[35m[HTTP][39m [90m[39m
[35m[HTTP][39m [37m-->[39m [37mPOST[39m [37m/wd/hub/session/bbc9ab4a-6ce5-471d-8e9e-3ef72f018ab2/elements[39m
[35m[HTTP][39m [90m{"using":"-android uiautomator","value":"new UiSelector().className(\"android.widget.TextView\").textContains(\"ARTHA FOREXINDO\")"}[39m
[35m[HTTP][39m [37m<-- POST /wd/hub/session/bbc9ab4a-6ce5-471d-8e9e-3ef72f018ab2/elements [39m[32m200[39m [90m621 ms - 12[39m
[35m[HTTP][39m [90m[39m
[35m[HTTP][39m [37m-->[39m [37mPOST[39m [37m/wd/hub/session/bbc9ab4a-6ce5-471d-8e9e-3ef72f018ab2/elements[39m
[35m[HTTP][39m [90m{"using":"-android uiautomator","value":"new UiSelector().className(\"android.widget.TextView\").textContains(\"ARTHA FOREXINDO\")"}[39m
[35m[HTTP][39m [37m<-- POST /wd/hub/session/bbc9ab4a-6ce5-471d-8e9e-3ef72f018ab2/elements [39m[32m200[39m [90m71 ms - 12[39m
[35m[HTTP][39m [90m[39m
[35m[HTTP][39m [37m-->[39m [37mPOST[39m [37m/wd/hub/session/bbc9ab4a-6ce5-471d-8e9e-3ef72f018ab2/elements[39m
[35m[HTTP][39m [90m{"using":"-android uiautomator","value":"new UiSelector().className(\"android.widget.TextView\").textContains(\"ARTHA FOREXINDO\")"}[39m
[35m[HTTP][39m [37m<-- POST /wd/hub/session/bbc9ab4a-6ce5-471d-8e9e-3ef72f018ab2/elements [39m[32m200[39m [90m56 ms - 12[39m
[35m[HTTP][39m [90m[39m
[35m[HTTP][39m [37m-->[39m [37mPOST[39m [37m/wd/hub/session/bbc9ab4a-6ce5-471d-8e9e-3ef72f018ab2/elements[39m
[35m[HTTP][39m [90m{"using":"-android uiautomator","value":"new UiSelector().className(\"android.widget.TextView\").textContains(\"ARTHA FOREXINDO\")"}[39m
[35m[HTTP][39m [37m<-- POST /wd/hub/session/bbc9ab4a-6ce5-471d-8e9e-3ef72f018ab2/elements [39m[32m200[39m [90m58 ms - 12[39m
[35m[HTTP][39m [90m[39m
[35m[HTTP][39m [37m-->[39m [37mPOST[39m [37m/wd/hub/session/bbc9ab4a-6ce5-471d-8e9e-3ef72f018ab2/elements[39m
[35m[HTTP][39m [90m{"using":"-android uiautomator","value":"new UiSelector().className(\"android.widget.TextView\").textContains(\"ARTHA FOREXINDO\")"}[39m
[35m[HTTP][39m [37m<-- POST /wd/hub/session/bbc9ab4a-6ce5-471d-8e9e-3ef72f018ab2/elements [39m[32m200[39m [90m625 ms - 12[39m
[35m[HTTP][39m [90m[39m
[35m[HTTP][39m [37m-->[39m [37mPOST[39m [37m/wd/hub/session/bbc9ab4a-6ce5-471d-8e9e-3ef72f018ab2/elements[39m
[35m[HTTP][39m [90m{"using":"-android uiautomator","value":"new UiSelector().className(\"android.widget.TextView\").textContains(\"ARTHA FOREXINDO\")"}[39m
[35m[HTTP][39m [37m<-- POST /wd/hub/session/bbc9ab4a-6ce5-471d-8e9e-3ef72f018ab2/elements [39m[32m200[39m [90m605 ms - 12[39m
[35m[HTTP][39m [90m[39m
[35m[HTTP][39m [37m-->[39m [37mPOST[39m [37m/wd/hub/session/bbc9ab4a-6ce5-471d-8e9e-3ef72f018ab2/elements[39m
[35m[HTTP][39m [90m{"using":"-android uiautomator","value":"new UiSelector().className(\"android.widget.TextView\").textContains(\"ARTHA FOREXINDO\")"}[39m
[35m[HTTP][39m [37m<-- POST /wd/hub/session/bbc9ab4a-6ce5-471d-8e9e-3ef72f018ab2/elements [39m[32m200[39m [90m69 ms - 12[39m
[35m[HTTP][39m [90m[39m
[35m[HTTP][39m [37m-->[39m [37mPOST[39m [37m/wd/hub/session/bbc9ab4a-6ce5-471d-8e9e-3ef72f018ab2/elements[39m
[35m[HTTP][39m [90m{"using":"-android uiautomator","value":"new UiSelector().className(\"android.widget.TextView\").textContains(\"ARTHA FOREXINDO\")"}[39m
[35m[HTTP][39m [37m<-- POST /wd/hub/session/bbc9ab4a-6ce5-471d-8e9e-3ef72f018ab2/elements [39m[32m200[39m [90m583 ms - 12[39m
[35m[HTTP][39m [90m[39m
[35m[HTTP][39m [37m-->[39m [37mPOST[39m [37m/wd/hub/session/bbc9ab4a-6ce5-471d-8e9e-3ef72f018ab2/elements[39m
[35m[HTTP][39m [90m{"using":"-android uiautomator","value":"new UiSelector().className(\"android.widget.TextView\").textContains(\"ARTHA FOREXINDO\")"}[39m
[35m[HTTP][39m [37m<-- POST /wd/hub/session/bbc9ab4a-6ce5-471d-8e9e-3ef72f018ab2/elements [39m[32m200[39m [90m587 ms - 12[39m
[35m[HTTP][39m [90m[39m
[35m[HTTP][39m [37m-->[39m [37mPOST[39m [37m/wd/hub/session/bbc9ab4a-6ce5-471d-8e9e-3ef72f018ab2/elements[39m
[35m[HTTP][39m [90m{"using":"-android uiautomator","value":"new UiSelector().className(\"android.widget.TextView\").textContains(\"ARTHA FOREXINDO\")"}[39m
[35m[HTTP][39m [37m<-- POST /wd/hub/session/bbc9ab4a-6ce5-471d-8e9e-3ef72f018ab2/elements [39m[32m200[39m [90m612 ms - 12[39m
[35m[HTTP][39m [90m[39m
[35m[HTTP][39m [37m-->[39m [37mPOST[39m [37m/wd/hub/session/bbc9ab4a-6ce5-471d-8e9e-3ef72f018ab2/elements[39m
[35m[HTTP][39m [90m{"using":"-android uiautomator","value":"new UiSelector().className(\"android.widget.TextView\").textContains(\"ARTHA FOREXINDO\")"}[39m
[35m[HTTP][39m [37m<-- POST /wd/hub/session/bbc9ab4a-6ce5-471d-8e9e-3ef72f018ab2/elements [39m[32m200[39m [90m604 ms - 12[39m
[35m[HTTP][39m [90m[39m
[35m[HTTP][39m [37m-->[39m [37mPOST[39m [37m/wd/hub/session/bbc9ab4a-6ce5-471d-8e9e-3ef72f018ab2/elements[39m
[35m[HTTP][39m [90m{"using":"-android uiautomator","value":"new UiSelector().className(\"android.widget.TextView\").textContains(\"ARTHA FOREXINDO\")"}[39m
[35m[HTTP][39m [37m<-- POST /wd/hub/session/bbc9ab4a-6ce5-471d-8e9e-3ef72f018ab2/elements [39m[32m200[39m [90m57 ms - 12[39m
[35m[HTTP][39m [90m[39m
[35m[HTTP][39m [37m-->[39m [37mPOST[39m [37m/wd/hub/session/bbc9ab4a-6ce5-471d-8e9e-3ef72f018ab2/elements[39m
[35m[HTTP][39m [90m{"using":"-android uiautomator","value":"new UiSelector().className(\"android.widget.TextView\").textContains(\"ARTHA FOREXINDO\")"}[39m
[35m[HTTP][39m [37m<-- POST /wd/hub/session/bbc9ab4a-6ce5-471d-8e9e-3ef72f018ab2/elements [39m[32m200[39m [90m588 ms - 12[39m
[35m[HTTP][39m [90m[39m
[35m[HTTP][39m [37m-->[39m [37mPOST[39m [37m/wd/hub/session/bbc9ab4a-6ce5-471d-8e9e-3ef72f018ab2/elements[39m
[35m[HTTP][39m [90m{"using":"-android uiautomator","value":"new UiSelector().className(\"android.widget.TextView\").textContains(\"ARTHA FOREXINDO\")"}[39m
[35m[HTTP][39m [37m<-- POST /wd/hub/session/bbc9ab4a-6ce5-471d-8e9e-3ef72f018ab2/elements [39m[32m200[39m [90m619 ms - 12[39m
[35m[HTTP][39m [90m[39m
[35m[HTTP][39m [37m-->[39m [37mPOST[39m [37m/wd/hub/session/bbc9ab4a-6ce5-471d-8e9e-3ef72f018ab2/elements[39m
[35m[HTTP][39m [90m{"using":"-android uiautomator","value":"new UiSelector().className(\"android.widget.TextView\").textContains(\"ARTHA FOREXINDO\")"}[39m
[35m[HTTP][39m [37m<-- POST /wd/hub/session/bbc9ab4a-6ce5-471d-8e9e-3ef72f018ab2/elements [39m[32m200[39m [90m617 ms - 12[39m
[35m[HTTP][39m [90m[39m
[35m[HTTP][39m [37m-->[39m [37mPOST[39m [37m/wd/hub/session/bbc9ab4a-6ce5-471d-8e9e-3ef72f018ab2/elements[39m
[35m[HTTP][39m [90m{"using":"-android uiautomator","value":"new UiSelector().className(\"android.widget.TextView\").textContains(\"ARTHA FOREXINDO\")"}[39m
[35m[HTTP][39m [37m<-- POST /wd/hub/session/bbc9ab4a-6ce5-471d-8e9e-3ef72f018ab2/elements [39m[32m200[39m [90m604 ms - 12[39m
[35m[HTTP][39m [90m[39m
[35m[HTTP][39m [37m-->[39m [37mPOST[39m [37m/wd/hub/session/bbc9ab4a-6ce5-471d-8e9e-3ef72f018ab2/elements[39m
[35m[HTTP][39m [90m{"using":"-android uiautomator","value":"new UiSelector().className(\"android.widget.TextView\").textContains(\"ARTHA FOREXINDO\")"}[39m
[35m[HTTP][39m [37m<-- POST /wd/hub/session/bbc9ab4a-6ce5-471d-8e9e-3ef72f018ab2/elements [39m[32m200[39m [90m584 ms - 12[39m
[35m[HTTP][39m [90m[39m
[35m[HTTP][39m [37m-->[39m [37mPOST[39m [37m/wd/hub/session/bbc9ab4a-6ce5-471d-8e9e-3ef72f018ab2/elements[39m
[35m[HTTP][39m [90m{"using":"-android uiautomator","value":"new UiSelector().className(\"android.widget.TextView\").textContains(\"ARTHA FOREXINDO\")"}[39m
[35m[HTTP][39m [37m<-- POST /wd/hub/session/bbc9ab4a-6ce5-471d-8e9e-3ef72f018ab2/elements [39m[32m200[39m [90m582 ms - 12[39m
[35m[HTTP][39m [90m[39m
[35m[HTTP][39m [37m-->[39m [37mPOST[39m [37m/wd/hub/session/bbc9ab4a-6ce5-471d-8e9e-3ef72f018ab2/elements[39m
[35m[HTTP][39m [90m{"using":"-android uiautomator","value":"new UiSelector().className(\"android.widget.TextView\").textContains(\"ARTHA FOREXINDO\")"}[39m
[35m[HTTP][39m [37m<-- POST /wd/hub/session/bbc9ab4a-6ce5-471d-8e9e-3ef72f018ab2/elements [39m[32m200[39m [90m625 ms - 12[39m
[35m[HTTP][39m [90m[39m
[35m[HTTP][39m [37m-->[39m [37mPOST[39m [37m/wd/hub/session/bbc9ab4a-6ce5-471d-8e9e-3ef72f018ab2/elements[39m
[35m[HTTP][39m [90m{"using":"-android uiautomator","value":"new UiSelector().className(\"android.widget.TextView\").textContains(\"ARTHA FOREXINDO\")"}[39m
[35m[HTTP][39m [37m<-- POST /wd/hub/session/bbc9ab4a-6ce5-471d-8e9e-3ef72f018ab2/elements [39m[32m200[39m [90m634 ms - 12[39m
[35m[HTTP][39m [90m[39m
[35m[HTTP][39m [37m-->[39m [37mPOST[39m [37m/wd/hub/session/bbc9ab4a-6ce5-471d-8e9e-3ef72f018ab2/elements[39m
[35m[HTTP][39m [90m{"using":"-android uiautomator","value":"new UiSelector().className(\"android.widget.TextView\").textContains(\"ARTHA FOREXINDO\")"}[39m
[35m[HTTP][39m [37m<-- POST /wd/hub/session/bbc9ab4a-6ce5-471d-8e9e-3ef72f018ab2/elements [39m[32m200[39m [90m61 ms - 12[39m
[35m[HTTP][39m [90m[39m
[35m[HTTP][39m [37m-->[39m [37mPOST[39m [37m/wd/hub/session/bbc9ab4a-6ce5-471d-8e9e-3ef72f018ab2/elements[39m
[35m[HTTP][39m [90m{"using":"-android uiautomator","value":"new UiSelector().className(\"android.widget.TextView\").textContains(\"ARTHA FOREXINDO\")"}[39m
[35m[HTTP][39m [37m<-- POST /wd/hub/session/bbc9ab4a-6ce5-471d-8e9e-3ef72f018ab2/elements [39m[32m-[39m [90m- ms - -[39m
[35m[HTTP][39m [90m[39m
