[35m[Appium][39m Welcome to Appium v1.12.1
[35m[Appium][39m Non-default server args:
[35m[Appium][39m   port: 52414
[35m[Appium][39m   loglevel: info
[35m[Appium][39m   chromeDriverPort: 52415
[35m[Appium][39m   tmpDir: C:\Users\Marvin\AppData\Local\Temp\\Katalon\Appium\Temp1573115662733
[35m[Appium][39m Appium REST http interface listener started on 0.0.0.0:52414
[35m[HTTP][39m [37m-->[39m [37mGET[39m [37m/wd/hub/status[39m
[35m[HTTP][39m [90m{}[39m
[35m[HTTP][39m [37m<-- GET /wd/hub/status [39m[32m200[39m [90m9 ms - 68[39m
[35m[HTTP][39m [90m[39m
[35m[HTTP][39m [37m-->[39m [37mPOST[39m [37m/wd/hub/session[39m
[35m[HTTP][39m [90m{"desiredCapabilities":{"app":"C:\\Users\\Marvin\\git\\ACCBid-Mobile\\accbid.apk","noReset":true,"deviceId":"","deviceName":"samsung SM-A505F (Android 9)","fullReset":false,"platform":"ANDROID","newCommandTimeout":1800,"platformVersion":"9","automationName":"uiautomator2","autoGrantPermissions":true,"unicodeKeyboard":true,"platformName":"Android","udid":"RR8M30NJEFN","resetKeyboard":true,"systemPort":52413},"capabilities":{"firstMatch":[{"appium:app":"C:\\Users\\Marvin\\git\\ACCBid-Mobile\\accbid.apk","appium:autoGrantPermissions":true,"appium:automationName":"uiautomator2","deviceId":"","appium:deviceName":"samsung SM-A505F (Android 9)","appium:fullReset":false,"appium:newCommandTimeout":1800,"appium:noReset":true,"platform":"ANDROID","platformName":"android","appium:platformVersion":"9","appium:resetKeyboard":true,"appium:systemPort":52413,"appium:udid":"RR8M30NJEFN","appium:unicodeKeyboard":true}]}}[39m
[35m[BaseDriver][39m The capabilities ["deviceId","platform"] are not standard capabilities and should have an extension prefix
[35m[Appium][39m Appium v1.12.1 creating new AndroidUiautomator2Driver (v1.33.0) session
[35m[Appium][39m Capabilities:
[35m[Appium][39m   deviceId: 
[35m[Appium][39m   platform: ANDROID
[35m[Appium][39m   platformName: android
[35m[Appium][39m   app: C:\Users\Marvin\git\ACCBid-Mobile\accbid.apk
[35m[Appium][39m   autoGrantPermissions: true
[35m[Appium][39m   automationName: uiautomator2
[35m[Appium][39m   deviceName: samsung SM-A505F (Android 9)
[35m[Appium][39m   fullReset: false
[35m[Appium][39m   newCommandTimeout: 1800
[35m[Appium][39m   noReset: true
[35m[Appium][39m   platformVersion: 9
[35m[Appium][39m   resetKeyboard: true
[35m[Appium][39m   systemPort: 52413
[35m[Appium][39m   udid: RR8M30NJEFN
[35m[Appium][39m   unicodeKeyboard: true
[35m[BaseDriver][39m The following capabilities were provided, but are not recognized by appium: deviceId, platform.
[35m[BaseDriver][39m Session created with session id: b6835582-5233-43c5-956b-30d1964e1aa1
[35m[BaseDriver][39m Using local app 'C:\Users\Marvin\git\ACCBid-Mobile\accbid.apk'
[35m[ADB][39m Checking whether adb is present
[35m[ADB][39m Found 1 'build-tools' folders under 'C:\Users\Marvin\.katalon\tools\android_sdk' (newest first):
[35m[ADB][39m     C:/Users/Marvin/.katalon/tools/android_sdk/build-tools/29.0.0
[35m[ADB][39m Using adb.exe from C:\Users\Marvin\.katalon\tools\android_sdk\platform-tools\adb.exe
[35m[AndroidDriver][39m Retrieving device list
[35m[AndroidDriver][39m Using device: RR8M30NJEFN
[35m[UiAutomator2][39m Relaxing hidden api policy
[35m[ADB][39m Using the alternative activity name detection method because of: Could not find apkanalyzer.bat in C:\Users\Marvin\.katalon\tools\android_sdk\platform-tools\apkanalyzer.bat,C:\Users\Marvin\.katalon\tools\android_sdk\emulator\apkanalyzer.bat,C:\Users\Marvin\.katalon\tools\android_sdk\tools\apkanalyzer.bat,C:\Users\Marvin\.katalon\tools\android_sdk\tools\bin\apkanalyzer.bat,C:\Users\Marvin\.katalon\tools\android_sdk\build-tools\29.0.0\apkanalyzer.bat. Do you have the Android SDK installed at 'C:\Users\Marvin\.katalon\tools\android_sdk'?
[35m[ADB][39m Checking whether aapt is present
[35m[ADB][39m Using aapt.exe from C:\Users\Marvin\.katalon\tools\android_sdk\build-tools\29.0.0\aapt.exe
[35m[ADB][39m Extracting package and launch activity from manifest
[35m[ADB][39m Package name: 'com.outsystemsenterprise.acctst1.BidMart'
[35m[ADB][39m Main activity name: 'com.outsystemsenterprise.acctst1.BidMart.MainActivity'
[35m[ADB][39m Using apksigner.bat from C:\Users\Marvin\.katalon\tools\android_sdk\build-tools\29.0.0\apksigner.bat
[35m[UiAutomator2][39m Server packages are not going to be (re)installed
[35m[UiAutomator2][39m Starting UIAutomator2 server 3.4.0
[35m[UiAutomator2][39m Using UIAutomator2 server from 'C:\Users\Marvin\AppData\Roaming\npm\node_modules\appium\node_modules\appium-uiautomator2-server\apks\appium-uiautomator2-server-v3.4.0.apk' and test from 'C:\Users\Marvin\AppData\Roaming\npm\node_modules\appium\node_modules\appium-uiautomator2-server\apks\appium-uiautomator2-server-debug-androidTest.apk'
[35m[UiAutomator2][39m Waiting up to 30000ms for UiAutomator2 to be online...
[35m[WD Proxy][39m Got an unexpected response: {"code":"ECONNRESET"}
[35m[WD Proxy][39m Got an unexpected response: {"code":"ECONNRESET"}
[35m[AndroidDriver][39m Screen already unlocked, doing nothing
[35m[UiAutomator2][39m UiAutomator2 did not start the activity we were waiting for, 'com.outsystemsenterprise.acctst1.BidMart/com.outsystemsenterprise.acctst1.BidMart.MainActivity'. Starting it ourselves
[35m[Appium][39m New AndroidUiautomator2Driver session created successfully, session b6835582-5233-43c5-956b-30d1964e1aa1 added to master session list
[35m[HTTP][39m [37m<-- POST /wd/hub/session [39m[32m200[39m [90m23450 ms - 1337[39m
[35m[HTTP][39m [90m[39m
[35m[HTTP][39m [37m-->[39m [37mGET[39m [37m/wd/hub/session/b6835582-5233-43c5-956b-30d1964e1aa1[39m
[35m[HTTP][39m [90m{}[39m
[35m[HTTP][39m [37m<-- GET /wd/hub/session/b6835582-5233-43c5-956b-30d1964e1aa1 [39m[32m200[39m [90m40 ms - 1269[39m
[35m[HTTP][39m [90m[39m
[35m[HTTP][39m [37m-->[39m [37mGET[39m [37m/wd/hub/session/b6835582-5233-43c5-956b-30d1964e1aa1[39m
[35m[HTTP][39m [90m{}[39m
[35m[HTTP][39m [37m<-- GET /wd/hub/session/b6835582-5233-43c5-956b-30d1964e1aa1 [39m[32m200[39m [90m61 ms - 1269[39m
[35m[HTTP][39m [90m[39m
[35m[HTTP][39m [37m-->[39m [37mGET[39m [37m/wd/hub/status[39m
[35m[HTTP][39m [90m{}[39m
[35m[HTTP][39m [37m<-- GET /wd/hub/status [39m[32m200[39m [90m2 ms - 68[39m
[35m[HTTP][39m [90m[39m
[35m[HTTP][39m [37m-->[39m [37mPOST[39m [37m/wd/hub/session/b6835582-5233-43c5-956b-30d1964e1aa1/timeouts[39m
[35m[HTTP][39m [90m{"implicit":60000}[39m
[35m[HTTP][39m [37m<-- POST /wd/hub/session/b6835582-5233-43c5-956b-30d1964e1aa1/timeouts [39m[32m200[39m [90m7 ms - 14[39m
[35m[HTTP][39m [90m[39m
[35m[HTTP][39m [37m-->[39m [37mPOST[39m [37m/wd/hub/session/b6835582-5233-43c5-956b-30d1964e1aa1/timeouts[39m
[35m[HTTP][39m [90m{"implicit":50}[39m
[35m[HTTP][39m [37m<-- POST /wd/hub/session/b6835582-5233-43c5-956b-30d1964e1aa1/timeouts [39m[32m200[39m [90m6 ms - 14[39m
[35m[HTTP][39m [90m[39m
[35m[HTTP][39m [37m-->[39m [37mGET[39m [37m/wd/hub/session/b6835582-5233-43c5-956b-30d1964e1aa1/window/rect[39m
[35m[HTTP][39m [90m{}[39m
[35m[HTTP][39m [37m<-- GET /wd/hub/session/b6835582-5233-43c5-956b-30d1964e1aa1/window/rect [39m[32m200[39m [90m70 ms - 50[39m
[35m[HTTP][39m [90m[39m
[35m[HTTP][39m [37m-->[39m [37mPOST[39m [37m/wd/hub/session/b6835582-5233-43c5-956b-30d1964e1aa1/elements[39m
[35m[HTTP][39m [90m{"using":"-android uiautomator","value":"new UiSelector().className(\"android.view.View\").resourceId(\"GoToDeposit\")"}[39m
[35m[HTTP][39m [37m<-- POST /wd/hub/session/b6835582-5233-43c5-956b-30d1964e1aa1/elements [39m[32m200[39m [90m2782 ms - 12[39m
[35m[HTTP][39m [90m[39m
[35m[HTTP][39m [37m-->[39m [37mPOST[39m [37m/wd/hub/session/b6835582-5233-43c5-956b-30d1964e1aa1/elements[39m
[35m[HTTP][39m [90m{"using":"-android uiautomator","value":"new UiSelector().className(\"android.view.View\").resourceId(\"GoToDeposit\")"}[39m
[35m[HTTP][39m [37m<-- POST /wd/hub/session/b6835582-5233-43c5-956b-30d1964e1aa1/elements [39m[32m200[39m [90m665 ms - 12[39m
[35m[HTTP][39m [90m[39m
[35m[HTTP][39m [37m-->[39m [37mPOST[39m [37m/wd/hub/session/b6835582-5233-43c5-956b-30d1964e1aa1/elements[39m
[35m[HTTP][39m [90m{"using":"-android uiautomator","value":"new UiSelector().className(\"android.view.View\").resourceId(\"GoToDeposit\")"}[39m
[35m[HTTP][39m [37m<-- POST /wd/hub/session/b6835582-5233-43c5-956b-30d1964e1aa1/elements [39m[32m200[39m [90m319 ms - 12[39m
[35m[HTTP][39m [90m[39m
[35m[HTTP][39m [37m-->[39m [37mPOST[39m [37m/wd/hub/session/b6835582-5233-43c5-956b-30d1964e1aa1/elements[39m
[35m[HTTP][39m [90m{"using":"-android uiautomator","value":"new UiSelector().className(\"android.view.View\").resourceId(\"GoToDeposit\")"}[39m
[35m[HTTP][39m [37m<-- POST /wd/hub/session/b6835582-5233-43c5-956b-30d1964e1aa1/elements [39m[32m200[39m [90m407 ms - 12[39m
[35m[HTTP][39m [90m[39m
[35m[HTTP][39m [37m-->[39m [37mPOST[39m [37m/wd/hub/session/b6835582-5233-43c5-956b-30d1964e1aa1/elements[39m
[35m[HTTP][39m [90m{"using":"-android uiautomator","value":"new UiSelector().className(\"android.view.View\").resourceId(\"GoToDeposit\")"}[39m
[35m[HTTP][39m [37m<-- POST /wd/hub/session/b6835582-5233-43c5-956b-30d1964e1aa1/elements [39m[32m200[39m [90m1830 ms - 12[39m
[35m[HTTP][39m [90m[39m
[35m[HTTP][39m [37m-->[39m [37mPOST[39m [37m/wd/hub/session/b6835582-5233-43c5-956b-30d1964e1aa1/elements[39m
[35m[HTTP][39m [90m{"using":"-android uiautomator","value":"new UiSelector().className(\"android.view.View\").resourceId(\"GoToDeposit\")"}[39m
[35m[HTTP][39m [37m<-- POST /wd/hub/session/b6835582-5233-43c5-956b-30d1964e1aa1/elements [39m[32m200[39m [90m456 ms - 12[39m
[35m[HTTP][39m [90m[39m
[35m[HTTP][39m [37m-->[39m [37mPOST[39m [37m/wd/hub/session/b6835582-5233-43c5-956b-30d1964e1aa1/elements[39m
[35m[HTTP][39m [90m{"using":"-android uiautomator","value":"new UiSelector().className(\"android.view.View\").resourceId(\"GoToDeposit\")"}[39m
[35m[HTTP][39m [37m<-- POST /wd/hub/session/b6835582-5233-43c5-956b-30d1964e1aa1/elements [39m[32m200[39m [90m268 ms - 12[39m
[35m[HTTP][39m [90m[39m
[35m[HTTP][39m [37m-->[39m [37mPOST[39m [37m/wd/hub/session/b6835582-5233-43c5-956b-30d1964e1aa1/elements[39m
[35m[HTTP][39m [90m{"using":"-android uiautomator","value":"new UiSelector().className(\"android.view.View\").resourceId(\"GoToDeposit\")"}[39m
[35m[HTTP][39m [37m<-- POST /wd/hub/session/b6835582-5233-43c5-956b-30d1964e1aa1/elements [39m[32m200[39m [90m307 ms - 12[39m
[35m[HTTP][39m [90m[39m
[35m[HTTP][39m [37m-->[39m [37mPOST[39m [37m/wd/hub/session/b6835582-5233-43c5-956b-30d1964e1aa1/elements[39m
[35m[HTTP][39m [90m{"using":"-android uiautomator","value":"new UiSelector().className(\"android.view.View\").resourceId(\"GoToDeposit\")"}[39m
[35m[HTTP][39m [37m<-- POST /wd/hub/session/b6835582-5233-43c5-956b-30d1964e1aa1/elements [39m[32m200[39m [90m326 ms - 12[39m
[35m[HTTP][39m [90m[39m
[35m[HTTP][39m [37m-->[39m [37mPOST[39m [37m/wd/hub/session/b6835582-5233-43c5-956b-30d1964e1aa1/elements[39m
[35m[HTTP][39m [90m{"using":"-android uiautomator","value":"new UiSelector().className(\"android.view.View\").resourceId(\"GoToDeposit\")"}[39m
[35m[HTTP][39m [37m<-- POST /wd/hub/session/b6835582-5233-43c5-956b-30d1964e1aa1/elements [39m[32m200[39m [90m295 ms - 12[39m
[35m[HTTP][39m [90m[39m
[35m[HTTP][39m [37m-->[39m [37mPOST[39m [37m/wd/hub/session/b6835582-5233-43c5-956b-30d1964e1aa1/elements[39m
[35m[HTTP][39m [90m{"using":"-android uiautomator","value":"new UiSelector().className(\"android.view.View\").resourceId(\"GoToDeposit\")"}[39m
[35m[HTTP][39m [37m<-- POST /wd/hub/session/b6835582-5233-43c5-956b-30d1964e1aa1/elements [39m[32m200[39m [90m360 ms - 12[39m
[35m[HTTP][39m [90m[39m
[35m[HTTP][39m [37m-->[39m [37mPOST[39m [37m/wd/hub/session/b6835582-5233-43c5-956b-30d1964e1aa1/elements[39m
[35m[HTTP][39m [90m{"using":"-android uiautomator","value":"new UiSelector().className(\"android.view.View\").resourceId(\"GoToDeposit\")"}[39m
[35m[HTTP][39m [37m<-- POST /wd/hub/session/b6835582-5233-43c5-956b-30d1964e1aa1/elements [39m[32m200[39m [90m577 ms - 12[39m
[35m[HTTP][39m [90m[39m
[35m[HTTP][39m [37m-->[39m [37mPOST[39m [37m/wd/hub/session/b6835582-5233-43c5-956b-30d1964e1aa1/elements[39m
[35m[HTTP][39m [90m{"using":"-android uiautomator","value":"new UiSelector().className(\"android.view.View\").resourceId(\"GoToDeposit\")"}[39m
[35m[HTTP][39m [37m<-- POST /wd/hub/session/b6835582-5233-43c5-956b-30d1964e1aa1/elements [39m[32m200[39m [90m566 ms - 12[39m
[35m[HTTP][39m [90m[39m
[35m[HTTP][39m [37m-->[39m [37mPOST[39m [37m/wd/hub/session/b6835582-5233-43c5-956b-30d1964e1aa1/elements[39m
[35m[HTTP][39m [90m{"using":"-android uiautomator","value":"new UiSelector().className(\"android.view.View\").resourceId(\"GoToDeposit\")"}[39m
[35m[HTTP][39m [37m<-- POST /wd/hub/session/b6835582-5233-43c5-956b-30d1964e1aa1/elements [39m[32m200[39m [90m524 ms - 12[39m
[35m[HTTP][39m [90m[39m
[35m[HTTP][39m [37m-->[39m [37mPOST[39m [37m/wd/hub/session/b6835582-5233-43c5-956b-30d1964e1aa1/elements[39m
[35m[HTTP][39m [90m{"using":"-android uiautomator","value":"new UiSelector().className(\"android.view.View\").resourceId(\"GoToDeposit\")"}[39m
[35m[HTTP][39m [37m<-- POST /wd/hub/session/b6835582-5233-43c5-956b-30d1964e1aa1/elements [39m[32m200[39m [90m483 ms - 12[39m
[35m[HTTP][39m [90m[39m
[35m[HTTP][39m [37m-->[39m [37mPOST[39m [37m/wd/hub/session/b6835582-5233-43c5-956b-30d1964e1aa1/elements[39m
[35m[HTTP][39m [90m{"using":"-android uiautomator","value":"new UiSelector().className(\"android.view.View\").resourceId(\"GoToDeposit\")"}[39m
[35m[HTTP][39m [37m<-- POST /wd/hub/session/b6835582-5233-43c5-956b-30d1964e1aa1/elements [39m[32m200[39m [90m321 ms - 12[39m
[35m[HTTP][39m [90m[39m
[35m[HTTP][39m [37m-->[39m [37mPOST[39m [37m/wd/hub/session/b6835582-5233-43c5-956b-30d1964e1aa1/elements[39m
[35m[HTTP][39m [90m{"using":"-android uiautomator","value":"new UiSelector().className(\"android.view.View\").resourceId(\"GoToDeposit\")"}[39m
[35m[HTTP][39m [37m<-- POST /wd/hub/session/b6835582-5233-43c5-956b-30d1964e1aa1/elements [39m[32m200[39m [90m385 ms - 12[39m
[35m[HTTP][39m [90m[39m
[35m[HTTP][39m [37m-->[39m [37mPOST[39m [37m/wd/hub/session/b6835582-5233-43c5-956b-30d1964e1aa1/elements[39m
[35m[HTTP][39m [90m{"using":"-android uiautomator","value":"new UiSelector().className(\"android.view.View\").resourceId(\"GoToDeposit\")"}[39m
[35m[HTTP][39m [37m<-- POST /wd/hub/session/b6835582-5233-43c5-956b-30d1964e1aa1/elements [39m[32m200[39m [90m321 ms - 12[39m
[35m[HTTP][39m [90m[39m
[35m[HTTP][39m [37m-->[39m [37mPOST[39m [37m/wd/hub/session/b6835582-5233-43c5-956b-30d1964e1aa1/elements[39m
[35m[HTTP][39m [90m{"using":"-android uiautomator","value":"new UiSelector().className(\"android.view.View\").resourceId(\"GoToDeposit\")"}[39m
[35m[HTTP][39m [37m<-- POST /wd/hub/session/b6835582-5233-43c5-956b-30d1964e1aa1/elements [39m[32m200[39m [90m470 ms - 12[39m
[35m[HTTP][39m [90m[39m
[35m[HTTP][39m [37m-->[39m [37mPOST[39m [37m/wd/hub/session/b6835582-5233-43c5-956b-30d1964e1aa1/elements[39m
[35m[HTTP][39m [90m{"using":"-android uiautomator","value":"new UiSelector().className(\"android.view.View\").resourceId(\"GoToDeposit\")"}[39m
[35m[HTTP][39m [37m<-- POST /wd/hub/session/b6835582-5233-43c5-956b-30d1964e1aa1/elements [39m[32m200[39m [90m445 ms - 12[39m
[35m[HTTP][39m [90m[39m
[35m[HTTP][39m [37m-->[39m [37mPOST[39m [37m/wd/hub/session/b6835582-5233-43c5-956b-30d1964e1aa1/elements[39m
[35m[HTTP][39m [90m{"using":"-android uiautomator","value":"new UiSelector().className(\"android.view.View\").resourceId(\"GoToDeposit\")"}[39m
[35m[HTTP][39m [37m<-- POST /wd/hub/session/b6835582-5233-43c5-956b-30d1964e1aa1/elements [39m[32m200[39m [90m292 ms - 12[39m
[35m[HTTP][39m [90m[39m
[35m[HTTP][39m [37m-->[39m [37mPOST[39m [37m/wd/hub/session/b6835582-5233-43c5-956b-30d1964e1aa1/elements[39m
[35m[HTTP][39m [90m{"using":"-android uiautomator","value":"new UiSelector().className(\"android.view.View\").resourceId(\"GoToDeposit\")"}[39m
[35m[HTTP][39m [37m<-- POST /wd/hub/session/b6835582-5233-43c5-956b-30d1964e1aa1/elements [39m[32m200[39m [90m222 ms - 12[39m
[35m[HTTP][39m [90m[39m
[35m[HTTP][39m [37m-->[39m [37mPOST[39m [37m/wd/hub/session/b6835582-5233-43c5-956b-30d1964e1aa1/elements[39m
[35m[HTTP][39m [90m{"using":"-android uiautomator","value":"new UiSelector().className(\"android.view.View\").resourceId(\"GoToDeposit\")"}[39m
[35m[HTTP][39m [37m<-- POST /wd/hub/session/b6835582-5233-43c5-956b-30d1964e1aa1/elements [39m[32m200[39m [90m283 ms - 12[39m
[35m[HTTP][39m [90m[39m
[35m[HTTP][39m [37m-->[39m [37mPOST[39m [37m/wd/hub/session/b6835582-5233-43c5-956b-30d1964e1aa1/elements[39m
[35m[HTTP][39m [90m{"using":"-android uiautomator","value":"new UiSelector().className(\"android.view.View\").resourceId(\"GoToDeposit\")"}[39m
[35m[HTTP][39m [37m<-- POST /wd/hub/session/b6835582-5233-43c5-956b-30d1964e1aa1/elements [39m[32m200[39m [90m354 ms - 12[39m
[35m[HTTP][39m [90m[39m
[35m[HTTP][39m [37m-->[39m [37mPOST[39m [37m/wd/hub/session/b6835582-5233-43c5-956b-30d1964e1aa1/elements[39m
[35m[HTTP][39m [90m{"using":"-android uiautomator","value":"new UiSelector().className(\"android.view.View\").resourceId(\"GoToDeposit\")"}[39m
[35m[HTTP][39m [37m<-- POST /wd/hub/session/b6835582-5233-43c5-956b-30d1964e1aa1/elements [39m[32m200[39m [90m509 ms - 12[39m
[35m[HTTP][39m [90m[39m
[35m[HTTP][39m [37m-->[39m [37mPOST[39m [37m/wd/hub/session/b6835582-5233-43c5-956b-30d1964e1aa1/elements[39m
[35m[HTTP][39m [90m{"using":"-android uiautomator","value":"new UiSelector().className(\"android.view.View\").resourceId(\"GoToDeposit\")"}[39m
[35m[HTTP][39m [37m<-- POST /wd/hub/session/b6835582-5233-43c5-956b-30d1964e1aa1/elements [39m[32m200[39m [90m489 ms - 12[39m
[35m[HTTP][39m [90m[39m
[35m[HTTP][39m [37m-->[39m [37mPOST[39m [37m/wd/hub/session/b6835582-5233-43c5-956b-30d1964e1aa1/elements[39m
[35m[HTTP][39m [90m{"using":"-android uiautomator","value":"new UiSelector().className(\"android.view.View\").resourceId(\"GoToDeposit\")"}[39m
[35m[HTTP][39m [37m<-- POST /wd/hub/session/b6835582-5233-43c5-956b-30d1964e1aa1/elements [39m[32m200[39m [90m459 ms - 12[39m
[35m[HTTP][39m [90m[39m
[35m[HTTP][39m [37m-->[39m [37mPOST[39m [37m/wd/hub/session/b6835582-5233-43c5-956b-30d1964e1aa1/elements[39m
[35m[HTTP][39m [90m{"using":"-android uiautomator","value":"new UiSelector().className(\"android.view.View\").resourceId(\"GoToDeposit\")"}[39m
[35m[HTTP][39m [37m<-- POST /wd/hub/session/b6835582-5233-43c5-956b-30d1964e1aa1/elements [39m[32m200[39m [90m521 ms - 12[39m
[35m[HTTP][39m [90m[39m
[35m[HTTP][39m [37m-->[39m [37mPOST[39m [37m/wd/hub/session/b6835582-5233-43c5-956b-30d1964e1aa1/elements[39m
[35m[HTTP][39m [90m{"using":"-android uiautomator","value":"new UiSelector().className(\"android.view.View\").resourceId(\"GoToDeposit\")"}[39m
[35m[HTTP][39m [37m<-- POST /wd/hub/session/b6835582-5233-43c5-956b-30d1964e1aa1/elements [39m[32m200[39m [90m484 ms - 12[39m
[35m[HTTP][39m [90m[39m
[35m[HTTP][39m [37m-->[39m [37mPOST[39m [37m/wd/hub/session/b6835582-5233-43c5-956b-30d1964e1aa1/elements[39m
[35m[HTTP][39m [90m{"using":"-android uiautomator","value":"new UiSelector().className(\"android.view.View\").resourceId(\"GoToDeposit\")"}[39m
[35m[HTTP][39m [37m<-- POST /wd/hub/session/b6835582-5233-43c5-956b-30d1964e1aa1/elements [39m[32m200[39m [90m302 ms - 12[39m
[35m[HTTP][39m [90m[39m
[35m[HTTP][39m [37m-->[39m [37mPOST[39m [37m/wd/hub/session/b6835582-5233-43c5-956b-30d1964e1aa1/elements[39m
[35m[HTTP][39m [90m{"using":"-android uiautomator","value":"new UiSelector().className(\"android.view.View\").resourceId(\"GoToDeposit\")"}[39m
[35m[HTTP][39m [37m<-- POST /wd/hub/session/b6835582-5233-43c5-956b-30d1964e1aa1/elements [39m[32m200[39m [90m461 ms - 12[39m
[35m[HTTP][39m [90m[39m
[35m[HTTP][39m [37m-->[39m [37mPOST[39m [37m/wd/hub/session/b6835582-5233-43c5-956b-30d1964e1aa1/elements[39m
[35m[HTTP][39m [90m{"using":"-android uiautomator","value":"new UiSelector().className(\"android.view.View\").resourceId(\"GoToDeposit\")"}[39m
[35m[HTTP][39m [37m<-- POST /wd/hub/session/b6835582-5233-43c5-956b-30d1964e1aa1/elements [39m[32m200[39m [90m412 ms - 12[39m
[35m[HTTP][39m [90m[39m
[35m[HTTP][39m [37m-->[39m [37mPOST[39m [37m/wd/hub/session/b6835582-5233-43c5-956b-30d1964e1aa1/elements[39m
[35m[HTTP][39m [90m{"using":"-android uiautomator","value":"new UiSelector().className(\"android.view.View\").resourceId(\"GoToDeposit\")"}[39m
[35m[HTTP][39m [37m<-- POST /wd/hub/session/b6835582-5233-43c5-956b-30d1964e1aa1/elements [39m[32m200[39m [90m496 ms - 12[39m
[35m[HTTP][39m [90m[39m
[35m[HTTP][39m [37m-->[39m [37mPOST[39m [37m/wd/hub/session/b6835582-5233-43c5-956b-30d1964e1aa1/elements[39m
[35m[HTTP][39m [90m{"using":"-android uiautomator","value":"new UiSelector().className(\"android.view.View\").resourceId(\"GoToDeposit\")"}[39m
[35m[HTTP][39m [37m<-- POST /wd/hub/session/b6835582-5233-43c5-956b-30d1964e1aa1/elements [39m[32m200[39m [90m521 ms - 12[39m
[35m[HTTP][39m [90m[39m
[35m[HTTP][39m [37m-->[39m [37mPOST[39m [37m/wd/hub/session/b6835582-5233-43c5-956b-30d1964e1aa1/elements[39m
[35m[HTTP][39m [90m{"using":"-android uiautomator","value":"new UiSelector().className(\"android.view.View\").resourceId(\"GoToDeposit\")"}[39m
[35m[HTTP][39m [37m<-- POST /wd/hub/session/b6835582-5233-43c5-956b-30d1964e1aa1/elements [39m[32m200[39m [90m304 ms - 12[39m
[35m[HTTP][39m [90m[39m
[35m[HTTP][39m [37m-->[39m [37mPOST[39m [37m/wd/hub/session/b6835582-5233-43c5-956b-30d1964e1aa1/elements[39m
[35m[HTTP][39m [90m{"using":"-android uiautomator","value":"new UiSelector().className(\"android.view.View\").resourceId(\"GoToDeposit\")"}[39m
[35m[HTTP][39m [37m<-- POST /wd/hub/session/b6835582-5233-43c5-956b-30d1964e1aa1/elements [39m[32m200[39m [90m227 ms - 12[39m
[35m[HTTP][39m [90m[39m
[35m[HTTP][39m [37m-->[39m [37mPOST[39m [37m/wd/hub/session/b6835582-5233-43c5-956b-30d1964e1aa1/elements[39m
[35m[HTTP][39m [90m{"using":"-android uiautomator","value":"new UiSelector().className(\"android.view.View\").resourceId(\"GoToDeposit\")"}[39m
[35m[HTTP][39m [37m<-- POST /wd/hub/session/b6835582-5233-43c5-956b-30d1964e1aa1/elements [39m[32m200[39m [90m290 ms - 12[39m
[35m[HTTP][39m [90m[39m
[35m[HTTP][39m [37m-->[39m [37mPOST[39m [37m/wd/hub/session/b6835582-5233-43c5-956b-30d1964e1aa1/elements[39m
[35m[HTTP][39m [90m{"using":"-android uiautomator","value":"new UiSelector().className(\"android.view.View\").resourceId(\"GoToDeposit\")"}[39m
[35m[HTTP][39m [37m<-- POST /wd/hub/session/b6835582-5233-43c5-956b-30d1964e1aa1/elements [39m[32m200[39m [90m369 ms - 12[39m
[35m[HTTP][39m [90m[39m
[35m[HTTP][39m [37m-->[39m [37mPOST[39m [37m/wd/hub/session/b6835582-5233-43c5-956b-30d1964e1aa1/elements[39m
[35m[HTTP][39m [90m{"using":"-android uiautomator","value":"new UiSelector().className(\"android.view.View\").resourceId(\"GoToDeposit\")"}[39m
[35m[HTTP][39m [37m<-- POST /wd/hub/session/b6835582-5233-43c5-956b-30d1964e1aa1/elements [39m[32m200[39m [90m491 ms - 12[39m
[35m[HTTP][39m [90m[39m
[35m[HTTP][39m [37m-->[39m [37mPOST[39m [37m/wd/hub/session/b6835582-5233-43c5-956b-30d1964e1aa1/elements[39m
[35m[HTTP][39m [90m{"using":"-android uiautomator","value":"new UiSelector().className(\"android.view.View\").resourceId(\"GoToDeposit\")"}[39m
[35m[HTTP][39m [37m<-- POST /wd/hub/session/b6835582-5233-43c5-956b-30d1964e1aa1/elements [39m[32m200[39m [90m515 ms - 12[39m
[35m[HTTP][39m [90m[39m
[35m[HTTP][39m [37m-->[39m [37mPOST[39m [37m/wd/hub/session/b6835582-5233-43c5-956b-30d1964e1aa1/elements[39m
[35m[HTTP][39m [90m{"using":"-android uiautomator","value":"new UiSelector().className(\"android.view.View\").resourceId(\"GoToDeposit\")"}[39m
[35m[HTTP][39m [37m<-- POST /wd/hub/session/b6835582-5233-43c5-956b-30d1964e1aa1/elements [39m[32m200[39m [90m483 ms - 12[39m
[35m[HTTP][39m [90m[39m
[35m[HTTP][39m [37m-->[39m [37mPOST[39m [37m/wd/hub/session/b6835582-5233-43c5-956b-30d1964e1aa1/elements[39m
[35m[HTTP][39m [90m{"using":"-android uiautomator","value":"new UiSelector().className(\"android.view.View\").resourceId(\"GoToDeposit\")"}[39m
[35m[HTTP][39m [37m<-- POST /wd/hub/session/b6835582-5233-43c5-956b-30d1964e1aa1/elements [39m[32m200[39m [90m279 ms - 12[39m
[35m[HTTP][39m [90m[39m
[35m[HTTP][39m [37m-->[39m [37mPOST[39m [37m/wd/hub/session/b6835582-5233-43c5-956b-30d1964e1aa1/elements[39m
[35m[HTTP][39m [90m{"using":"-android uiautomator","value":"new UiSelector().className(\"android.view.View\").resourceId(\"GoToDeposit\")"}[39m
[35m[HTTP][39m [37m<-- POST /wd/hub/session/b6835582-5233-43c5-956b-30d1964e1aa1/elements [39m[32m200[39m [90m401 ms - 12[39m
[35m[HTTP][39m [90m[39m
[35m[HTTP][39m [37m-->[39m [37mPOST[39m [37m/wd/hub/session/b6835582-5233-43c5-956b-30d1964e1aa1/elements[39m
[35m[HTTP][39m [90m{"using":"-android uiautomator","value":"new UiSelector().className(\"android.view.View\").resourceId(\"GoToDeposit\")"}[39m
[35m[HTTP][39m [37m<-- POST /wd/hub/session/b6835582-5233-43c5-956b-30d1964e1aa1/elements [39m[32m200[39m [90m394 ms - 12[39m
[35m[HTTP][39m [90m[39m
[35m[HTTP][39m [37m-->[39m [37mPOST[39m [37m/wd/hub/session/b6835582-5233-43c5-956b-30d1964e1aa1/elements[39m
[35m[HTTP][39m [90m{"using":"-android uiautomator","value":"new UiSelector().className(\"android.view.View\").resourceId(\"GoToDeposit\")"}[39m
[35m[HTTP][39m [37m<-- POST /wd/hub/session/b6835582-5233-43c5-956b-30d1964e1aa1/elements [39m[32m200[39m [90m365 ms - 12[39m
[35m[HTTP][39m [90m[39m
[35m[HTTP][39m [37m-->[39m [37mPOST[39m [37m/wd/hub/session/b6835582-5233-43c5-956b-30d1964e1aa1/elements[39m
[35m[HTTP][39m [90m{"using":"-android uiautomator","value":"new UiSelector().className(\"android.view.View\").resourceId(\"GoToDeposit\")"}[39m
[35m[HTTP][39m [37m<-- POST /wd/hub/session/b6835582-5233-43c5-956b-30d1964e1aa1/elements [39m[32m200[39m [90m438 ms - 12[39m
[35m[HTTP][39m [90m[39m
[35m[HTTP][39m [37m-->[39m [37mPOST[39m [37m/wd/hub/session/b6835582-5233-43c5-956b-30d1964e1aa1/elements[39m
[35m[HTTP][39m [90m{"using":"-android uiautomator","value":"new UiSelector().className(\"android.view.View\").resourceId(\"GoToDeposit\")"}[39m
[35m[HTTP][39m [37m<-- POST /wd/hub/session/b6835582-5233-43c5-956b-30d1964e1aa1/elements [39m[32m200[39m [90m491 ms - 12[39m
[35m[HTTP][39m [90m[39m
[35m[HTTP][39m [37m-->[39m [37mPOST[39m [37m/wd/hub/session/b6835582-5233-43c5-956b-30d1964e1aa1/elements[39m
[35m[HTTP][39m [90m{"using":"-android uiautomator","value":"new UiSelector().className(\"android.view.View\").resourceId(\"GoToDeposit\")"}[39m
[35m[HTTP][39m [37m<-- POST /wd/hub/session/b6835582-5233-43c5-956b-30d1964e1aa1/elements [39m[32m200[39m [90m503 ms - 12[39m
[35m[HTTP][39m [90m[39m
[35m[HTTP][39m [37m-->[39m [37mPOST[39m [37m/wd/hub/session/b6835582-5233-43c5-956b-30d1964e1aa1/elements[39m
[35m[HTTP][39m [90m{"using":"-android uiautomator","value":"new UiSelector().className(\"android.view.View\").resourceId(\"GoToDeposit\")"}[39m
[35m[HTTP][39m [37m<-- POST /wd/hub/session/b6835582-5233-43c5-956b-30d1964e1aa1/elements [39m[32m200[39m [90m441 ms - 12[39m
[35m[HTTP][39m [90m[39m
[35m[HTTP][39m [37m-->[39m [37mPOST[39m [37m/wd/hub/session/b6835582-5233-43c5-956b-30d1964e1aa1/elements[39m
[35m[HTTP][39m [90m{"using":"-android uiautomator","value":"new UiSelector().className(\"android.view.View\").resourceId(\"GoToDeposit\")"}[39m
[35m[HTTP][39m [37m<-- POST /wd/hub/session/b6835582-5233-43c5-956b-30d1964e1aa1/elements [39m[32m200[39m [90m223 ms - 12[39m
[35m[HTTP][39m [90m[39m
[35m[HTTP][39m [37m-->[39m [37mPOST[39m [37m/wd/hub/session/b6835582-5233-43c5-956b-30d1964e1aa1/elements[39m
[35m[HTTP][39m [90m{"using":"-android uiautomator","value":"new UiSelector().className(\"android.view.View\").resourceId(\"GoToDeposit\")"}[39m
[35m[HTTP][39m [37m<-- POST /wd/hub/session/b6835582-5233-43c5-956b-30d1964e1aa1/elements [39m[32m200[39m [90m276 ms - 12[39m
[35m[HTTP][39m [90m[39m
[35m[HTTP][39m [37m-->[39m [37mPOST[39m [37m/wd/hub/session/b6835582-5233-43c5-956b-30d1964e1aa1/elements[39m
[35m[HTTP][39m [90m{"using":"-android uiautomator","value":"new UiSelector().className(\"android.view.View\").resourceId(\"GoToDeposit\")"}[39m
[35m[HTTP][39m [37m<-- POST /wd/hub/session/b6835582-5233-43c5-956b-30d1964e1aa1/elements [39m[32m200[39m [90m304 ms - 12[39m
[35m[HTTP][39m [90m[39m
[35m[HTTP][39m [37m-->[39m [37mPOST[39m [37m/wd/hub/session/b6835582-5233-43c5-956b-30d1964e1aa1/elements[39m
[35m[HTTP][39m [90m{"using":"-android uiautomator","value":"new UiSelector().className(\"android.view.View\").resourceId(\"GoToDeposit\")"}[39m
[35m[HTTP][39m [37m<-- POST /wd/hub/session/b6835582-5233-43c5-956b-30d1964e1aa1/elements [39m[32m200[39m [90m454 ms - 12[39m
[35m[HTTP][39m [90m[39m
[35m[HTTP][39m [37m-->[39m [37mPOST[39m [37m/wd/hub/session/b6835582-5233-43c5-956b-30d1964e1aa1/elements[39m
[35m[HTTP][39m [90m{"using":"-android uiautomator","value":"new UiSelector().className(\"android.view.View\").resourceId(\"GoToDeposit\")"}[39m
[35m[HTTP][39m [37m<-- POST /wd/hub/session/b6835582-5233-43c5-956b-30d1964e1aa1/elements [39m[32m200[39m [90m439 ms - 12[39m
[35m[HTTP][39m [90m[39m
[35m[HTTP][39m [37m-->[39m [37mPOST[39m [37m/wd/hub/session/b6835582-5233-43c5-956b-30d1964e1aa1/elements[39m
[35m[HTTP][39m [90m{"using":"-android uiautomator","value":"new UiSelector().className(\"android.view.View\").resourceId(\"GoToDeposit\")"}[39m
[35m[HTTP][39m [37m<-- POST /wd/hub/session/b6835582-5233-43c5-956b-30d1964e1aa1/elements [39m[32m200[39m [90m308 ms - 12[39m
[35m[HTTP][39m [90m[39m
[35m[HTTP][39m [37m-->[39m [37mPOST[39m [37m/wd/hub/session/b6835582-5233-43c5-956b-30d1964e1aa1/elements[39m
[35m[HTTP][39m [90m{"using":"-android uiautomator","value":"new UiSelector().className(\"android.view.View\").resourceId(\"GoToDeposit\")"}[39m
[35m[HTTP][39m [37m<-- POST /wd/hub/session/b6835582-5233-43c5-956b-30d1964e1aa1/elements [39m[32m200[39m [90m421 ms - 12[39m
[35m[HTTP][39m [90m[39m
[35m[HTTP][39m [37m-->[39m [37mPOST[39m [37m/wd/hub/session/b6835582-5233-43c5-956b-30d1964e1aa1/elements[39m
[35m[HTTP][39m [90m{"using":"-android uiautomator","value":"new UiSelector().className(\"android.view.View\").resourceId(\"GoToDeposit\")"}[39m
[35m[HTTP][39m [37m<-- POST /wd/hub/session/b6835582-5233-43c5-956b-30d1964e1aa1/elements [39m[32m200[39m [90m484 ms - 12[39m
[35m[HTTP][39m [90m[39m
[35m[HTTP][39m [37m-->[39m [37mPOST[39m [37m/wd/hub/session/b6835582-5233-43c5-956b-30d1964e1aa1/elements[39m
[35m[HTTP][39m [90m{"using":"-android uiautomator","value":"new UiSelector().className(\"android.view.View\").resourceId(\"GoToDeposit\")"}[39m
[35m[HTTP][39m [37m<-- POST /wd/hub/session/b6835582-5233-43c5-956b-30d1964e1aa1/elements [39m[32m200[39m [90m517 ms - 12[39m
[35m[HTTP][39m [90m[39m
[35m[HTTP][39m [37m-->[39m [37mPOST[39m [37m/wd/hub/session/b6835582-5233-43c5-956b-30d1964e1aa1/elements[39m
[35m[HTTP][39m [90m{"using":"-android uiautomator","value":"new UiSelector().className(\"android.view.View\").resourceId(\"GoToDeposit\")"}[39m
[35m[HTTP][39m [37m<-- POST /wd/hub/session/b6835582-5233-43c5-956b-30d1964e1aa1/elements [39m[32m200[39m [90m517 ms - 12[39m
[35m[HTTP][39m [90m[39m
[35m[HTTP][39m [37m-->[39m [37mPOST[39m [37m/wd/hub/session/b6835582-5233-43c5-956b-30d1964e1aa1/elements[39m
[35m[HTTP][39m [90m{"using":"-android uiautomator","value":"new UiSelector().className(\"android.view.View\").resourceId(\"GoToDeposit\")"}[39m
[35m[HTTP][39m [37m<-- POST /wd/hub/session/b6835582-5233-43c5-956b-30d1964e1aa1/elements [39m[32m200[39m [90m351 ms - 12[39m
[35m[HTTP][39m [90m[39m
[35m[HTTP][39m [37m-->[39m [37mPOST[39m [37m/wd/hub/session/b6835582-5233-43c5-956b-30d1964e1aa1/elements[39m
[35m[HTTP][39m [90m{"using":"-android uiautomator","value":"new UiSelector().className(\"android.view.View\").resourceId(\"GoToDeposit\")"}[39m
[35m[HTTP][39m [37m<-- POST /wd/hub/session/b6835582-5233-43c5-956b-30d1964e1aa1/elements [39m[32m200[39m [90m509 ms - 12[39m
[35m[HTTP][39m [90m[39m
[35m[HTTP][39m [37m-->[39m [37mPOST[39m [37m/wd/hub/session/b6835582-5233-43c5-956b-30d1964e1aa1/elements[39m
[35m[HTTP][39m [90m{"using":"-android uiautomator","value":"new UiSelector().className(\"android.view.View\").resourceId(\"GoToDeposit\")"}[39m
[35m[HTTP][39m [37m<-- POST /wd/hub/session/b6835582-5233-43c5-956b-30d1964e1aa1/elements [39m[32m200[39m [90m507 ms - 12[39m
[35m[HTTP][39m [90m[39m
[35m[HTTP][39m [37m-->[39m [37mPOST[39m [37m/wd/hub/session/b6835582-5233-43c5-956b-30d1964e1aa1/elements[39m
[35m[HTTP][39m [90m{"using":"-android uiautomator","value":"new UiSelector().className(\"android.view.View\").resourceId(\"GoToDeposit\")"}[39m
[35m[HTTP][39m [37m<-- POST /wd/hub/session/b6835582-5233-43c5-956b-30d1964e1aa1/elements [39m[32m200[39m [90m453 ms - 12[39m
[35m[HTTP][39m [90m[39m
[35m[HTTP][39m [37m-->[39m [37mPOST[39m [37m/wd/hub/session/b6835582-5233-43c5-956b-30d1964e1aa1/elements[39m
[35m[HTTP][39m [90m{"using":"-android uiautomator","value":"new UiSelector().className(\"android.view.View\").resourceId(\"GoToDeposit\")"}[39m
[35m[HTTP][39m [37m<-- POST /wd/hub/session/b6835582-5233-43c5-956b-30d1964e1aa1/elements [39m[32m200[39m [90m210 ms - 12[39m
[35m[HTTP][39m [90m[39m
[35m[HTTP][39m [37m-->[39m [37mPOST[39m [37m/wd/hub/session/b6835582-5233-43c5-956b-30d1964e1aa1/elements[39m
[35m[HTTP][39m [90m{"using":"-android uiautomator","value":"new UiSelector().className(\"android.view.View\").resourceId(\"GoToDeposit\")"}[39m
[35m[HTTP][39m [37m<-- POST /wd/hub/session/b6835582-5233-43c5-956b-30d1964e1aa1/elements [39m[32m200[39m [90m230 ms - 12[39m
[35m[HTTP][39m [90m[39m
[35m[HTTP][39m [37m-->[39m [37mPOST[39m [37m/wd/hub/session/b6835582-5233-43c5-956b-30d1964e1aa1/elements[39m
[35m[HTTP][39m [90m{"using":"-android uiautomator","value":"new UiSelector().className(\"android.view.View\").resourceId(\"GoToDeposit\")"}[39m
[35m[HTTP][39m [37m<-- POST /wd/hub/session/b6835582-5233-43c5-956b-30d1964e1aa1/elements [39m[32m200[39m [90m263 ms - 12[39m
[35m[HTTP][39m [90m[39m
[35m[HTTP][39m [37m-->[39m [37mPOST[39m [37m/wd/hub/session/b6835582-5233-43c5-956b-30d1964e1aa1/elements[39m
[35m[HTTP][39m [90m{"using":"-android uiautomator","value":"new UiSelector().className(\"android.view.View\").resourceId(\"GoToDeposit\")"}[39m
[35m[HTTP][39m [37m<-- POST /wd/hub/session/b6835582-5233-43c5-956b-30d1964e1aa1/elements [39m[32m200[39m [90m264 ms - 12[39m
[35m[HTTP][39m [90m[39m
[35m[HTTP][39m [37m-->[39m [37mPOST[39m [37m/wd/hub/session/b6835582-5233-43c5-956b-30d1964e1aa1/elements[39m
[35m[HTTP][39m [90m{"using":"-android uiautomator","value":"new UiSelector().className(\"android.view.View\").resourceId(\"GoToDeposit\")"}[39m
[35m[HTTP][39m [37m<-- POST /wd/hub/session/b6835582-5233-43c5-956b-30d1964e1aa1/elements [39m[32m200[39m [90m339 ms - 12[39m
[35m[HTTP][39m [90m[39m
[35m[HTTP][39m [37m-->[39m [37mPOST[39m [37m/wd/hub/session/b6835582-5233-43c5-956b-30d1964e1aa1/elements[39m
[35m[HTTP][39m [90m{"using":"-android uiautomator","value":"new UiSelector().className(\"android.view.View\").resourceId(\"GoToDeposit\")"}[39m
[35m[HTTP][39m [37m<-- POST /wd/hub/session/b6835582-5233-43c5-956b-30d1964e1aa1/elements [39m[32m200[39m [90m493 ms - 12[39m
[35m[HTTP][39m [90m[39m
[35m[HTTP][39m [37m-->[39m [37mPOST[39m [37m/wd/hub/session/b6835582-5233-43c5-956b-30d1964e1aa1/elements[39m
[35m[HTTP][39m [90m{"using":"-android uiautomator","value":"new UiSelector().className(\"android.view.View\").resourceId(\"GoToDeposit\")"}[39m
[35m[HTTP][39m [37m<-- POST /wd/hub/session/b6835582-5233-43c5-956b-30d1964e1aa1/elements [39m[32m200[39m [90m497 ms - 12[39m
[35m[HTTP][39m [90m[39m
[35m[HTTP][39m [37m-->[39m [37mPOST[39m [37m/wd/hub/session/b6835582-5233-43c5-956b-30d1964e1aa1/elements[39m
[35m[HTTP][39m [90m{"using":"-android uiautomator","value":"new UiSelector().className(\"android.view.View\").resourceId(\"GoToDeposit\")"}[39m
[35m[HTTP][39m [37m<-- POST /wd/hub/session/b6835582-5233-43c5-956b-30d1964e1aa1/elements [39m[32m200[39m [90m513 ms - 12[39m
[35m[HTTP][39m [90m[39m
[35m[HTTP][39m [37m-->[39m [37mPOST[39m [37m/wd/hub/session/b6835582-5233-43c5-956b-30d1964e1aa1/elements[39m
[35m[HTTP][39m [90m{"using":"-android uiautomator","value":"new UiSelector().className(\"android.view.View\").resourceId(\"GoToDeposit\")"}[39m
[35m[HTTP][39m [37m<-- POST /wd/hub/session/b6835582-5233-43c5-956b-30d1964e1aa1/elements [39m[32m200[39m [90m521 ms - 12[39m
[35m[HTTP][39m [90m[39m
[35m[HTTP][39m [37m-->[39m [37mPOST[39m [37m/wd/hub/session/b6835582-5233-43c5-956b-30d1964e1aa1/elements[39m
[35m[HTTP][39m [90m{"using":"-android uiautomator","value":"new UiSelector().className(\"android.view.View\").resourceId(\"GoToDeposit\")"}[39m
[35m[HTTP][39m [37m<-- POST /wd/hub/session/b6835582-5233-43c5-956b-30d1964e1aa1/elements [39m[32m200[39m [90m524 ms - 12[39m
[35m[HTTP][39m [90m[39m
[35m[HTTP][39m [37m-->[39m [37mPOST[39m [37m/wd/hub/session/b6835582-5233-43c5-956b-30d1964e1aa1/elements[39m
[35m[HTTP][39m [90m{"using":"-android uiautomator","value":"new UiSelector().className(\"android.view.View\").resourceId(\"GoToDeposit\")"}[39m
[35m[HTTP][39m [37m<-- POST /wd/hub/session/b6835582-5233-43c5-956b-30d1964e1aa1/elements [39m[32m200[39m [90m400 ms - 12[39m
[35m[HTTP][39m [90m[39m
[35m[HTTP][39m [37m-->[39m [37mPOST[39m [37m/wd/hub/session/b6835582-5233-43c5-956b-30d1964e1aa1/elements[39m
[35m[HTTP][39m [90m{"using":"-android uiautomator","value":"new UiSelector().className(\"android.view.View\").resourceId(\"GoToDeposit\")"}[39m
[35m[HTTP][39m [37m<-- POST /wd/hub/session/b6835582-5233-43c5-956b-30d1964e1aa1/elements [39m[32m200[39m [90m477 ms - 12[39m
[35m[HTTP][39m [90m[39m
[35m[HTTP][39m [37m-->[39m [37mPOST[39m [37m/wd/hub/session/b6835582-5233-43c5-956b-30d1964e1aa1/elements[39m
[35m[HTTP][39m [90m{"using":"-android uiautomator","value":"new UiSelector().className(\"android.view.View\").resourceId(\"GoToDeposit\")"}[39m
[35m[HTTP][39m [37m<-- POST /wd/hub/session/b6835582-5233-43c5-956b-30d1964e1aa1/elements [39m[32m200[39m [90m353 ms - 12[39m
[35m[HTTP][39m [90m[39m
[35m[HTTP][39m [37m-->[39m [37mPOST[39m [37m/wd/hub/session/b6835582-5233-43c5-956b-30d1964e1aa1/elements[39m
[35m[HTTP][39m [90m{"using":"-android uiautomator","value":"new UiSelector().className(\"android.view.View\").resourceId(\"GoToDeposit\")"}[39m
[35m[HTTP][39m [37m<-- POST /wd/hub/session/b6835582-5233-43c5-956b-30d1964e1aa1/elements [39m[32m200[39m [90m242 ms - 12[39m
[35m[HTTP][39m [90m[39m
[35m[HTTP][39m [37m-->[39m [37mPOST[39m [37m/wd/hub/session/b6835582-5233-43c5-956b-30d1964e1aa1/elements[39m
[35m[HTTP][39m [90m{"using":"-android uiautomator","value":"new UiSelector().className(\"android.view.View\").resourceId(\"GoToDeposit\")"}[39m
[35m[HTTP][39m [37m<-- POST /wd/hub/session/b6835582-5233-43c5-956b-30d1964e1aa1/elements [39m[32m200[39m [90m316 ms - 12[39m
[35m[HTTP][39m [90m[39m
[35m[HTTP][39m [37m-->[39m [37mPOST[39m [37m/wd/hub/session/b6835582-5233-43c5-956b-30d1964e1aa1/elements[39m
[35m[HTTP][39m [90m{"using":"-android uiautomator","value":"new UiSelector().className(\"android.view.View\").resourceId(\"GoToDeposit\")"}[39m
[35m[HTTP][39m [37m<-- POST /wd/hub/session/b6835582-5233-43c5-956b-30d1964e1aa1/elements [39m[32m200[39m [90m204 ms - 12[39m
[35m[HTTP][39m [90m[39m
[35m[HTTP][39m [37m-->[39m [37mPOST[39m [37m/wd/hub/session/b6835582-5233-43c5-956b-30d1964e1aa1/elements[39m
[35m[HTTP][39m [90m{"using":"-android uiautomator","value":"new UiSelector().className(\"android.view.View\").resourceId(\"GoToDeposit\")"}[39m
[35m[HTTP][39m [37m<-- POST /wd/hub/session/b6835582-5233-43c5-956b-30d1964e1aa1/elements [39m[32m200[39m [90m196 ms - 12[39m
[35m[HTTP][39m [90m[39m
[35m[HTTP][39m [37m-->[39m [37mPOST[39m [37m/wd/hub/session/b6835582-5233-43c5-956b-30d1964e1aa1/elements[39m
[35m[HTTP][39m [90m{"using":"-android uiautomator","value":"new UiSelector().className(\"android.view.View\").resourceId(\"GoToDeposit\")"}[39m
[35m[HTTP][39m [37m<-- POST /wd/hub/session/b6835582-5233-43c5-956b-30d1964e1aa1/elements [39m[32m200[39m [90m242 ms - 12[39m
[35m[HTTP][39m [90m[39m
[35m[HTTP][39m [37m-->[39m [37mPOST[39m [37m/wd/hub/session/b6835582-5233-43c5-956b-30d1964e1aa1/elements[39m
[35m[HTTP][39m [90m{"using":"-android uiautomator","value":"new UiSelector().className(\"android.view.View\").resourceId(\"GoToDeposit\")"}[39m
[35m[HTTP][39m [37m<-- POST /wd/hub/session/b6835582-5233-43c5-956b-30d1964e1aa1/elements [39m[32m200[39m [90m289 ms - 12[39m
[35m[HTTP][39m [90m[39m
[35m[HTTP][39m [37m-->[39m [37mPOST[39m [37m/wd/hub/session/b6835582-5233-43c5-956b-30d1964e1aa1/elements[39m
[35m[HTTP][39m [90m{"using":"-android uiautomator","value":"new UiSelector().className(\"android.view.View\").resourceId(\"GoToDeposit\")"}[39m
[35m[HTTP][39m [37m<-- POST /wd/hub/session/b6835582-5233-43c5-956b-30d1964e1aa1/elements [39m[32m200[39m [90m422 ms - 12[39m
[35m[HTTP][39m [90m[39m
[35m[HTTP][39m [37m-->[39m [37mPOST[39m [37m/wd/hub/session/b6835582-5233-43c5-956b-30d1964e1aa1/elements[39m
[35m[HTTP][39m [90m{"using":"-android uiautomator","value":"new UiSelector().className(\"android.view.View\").resourceId(\"GoToDeposit\")"}[39m
[35m[HTTP][39m [37m<-- POST /wd/hub/session/b6835582-5233-43c5-956b-30d1964e1aa1/elements [39m[32m200[39m [90m487 ms - 12[39m
[35m[HTTP][39m [90m[39m
[35m[HTTP][39m [37m-->[39m [37mPOST[39m [37m/wd/hub/session/b6835582-5233-43c5-956b-30d1964e1aa1/elements[39m
[35m[HTTP][39m [90m{"using":"-android uiautomator","value":"new UiSelector().className(\"android.view.View\").resourceId(\"GoToDeposit\")"}[39m
[35m[HTTP][39m [37m<-- POST /wd/hub/session/b6835582-5233-43c5-956b-30d1964e1aa1/elements [39m[32m200[39m [90m391 ms - 12[39m
[35m[HTTP][39m [90m[39m
[35m[HTTP][39m [37m-->[39m [37mPOST[39m [37m/wd/hub/session/b6835582-5233-43c5-956b-30d1964e1aa1/elements[39m
[35m[HTTP][39m [90m{"using":"-android uiautomator","value":"new UiSelector().className(\"android.view.View\").resourceId(\"GoToDeposit\")"}[39m
[35m[HTTP][39m [37m<-- POST /wd/hub/session/b6835582-5233-43c5-956b-30d1964e1aa1/elements [39m[32m200[39m [90m372 ms - 12[39m
[35m[HTTP][39m [90m[39m
[35m[HTTP][39m [37m-->[39m [37mPOST[39m [37m/wd/hub/session/b6835582-5233-43c5-956b-30d1964e1aa1/elements[39m
[35m[HTTP][39m [90m{"using":"-android uiautomator","value":"new UiSelector().className(\"android.view.View\").resourceId(\"GoToDeposit\")"}[39m
[35m[HTTP][39m [37m<-- POST /wd/hub/session/b6835582-5233-43c5-956b-30d1964e1aa1/elements [39m[32m200[39m [90m414 ms - 12[39m
[35m[HTTP][39m [90m[39m
[35m[HTTP][39m [37m-->[39m [37mPOST[39m [37m/wd/hub/session/b6835582-5233-43c5-956b-30d1964e1aa1/elements[39m
[35m[HTTP][39m [90m{"using":"-android uiautomator","value":"new UiSelector().className(\"android.view.View\").resourceId(\"GoToDeposit\")"}[39m
[35m[HTTP][39m [37m<-- POST /wd/hub/session/b6835582-5233-43c5-956b-30d1964e1aa1/elements [39m[32m200[39m [90m441 ms - 12[39m
[35m[HTTP][39m [90m[39m
[35m[HTTP][39m [37m-->[39m [37mPOST[39m [37m/wd/hub/session/b6835582-5233-43c5-956b-30d1964e1aa1/elements[39m
[35m[HTTP][39m [90m{"using":"-android uiautomator","value":"new UiSelector().className(\"android.view.View\").resourceId(\"GoToDeposit\")"}[39m
[35m[HTTP][39m [37m<-- POST /wd/hub/session/b6835582-5233-43c5-956b-30d1964e1aa1/elements [39m[32m200[39m [90m473 ms - 12[39m
[35m[HTTP][39m [90m[39m
[35m[HTTP][39m [37m-->[39m [37mPOST[39m [37m/wd/hub/session/b6835582-5233-43c5-956b-30d1964e1aa1/elements[39m
[35m[HTTP][39m [90m{"using":"-android uiautomator","value":"new UiSelector().className(\"android.view.View\").resourceId(\"GoToDeposit\")"}[39m
[35m[HTTP][39m [37m<-- POST /wd/hub/session/b6835582-5233-43c5-956b-30d1964e1aa1/elements [39m[32m200[39m [90m481 ms - 12[39m
[35m[HTTP][39m [90m[39m
[35m[HTTP][39m [37m-->[39m [37mPOST[39m [37m/wd/hub/session/b6835582-5233-43c5-956b-30d1964e1aa1/elements[39m
[35m[HTTP][39m [90m{"using":"-android uiautomator","value":"new UiSelector().className(\"android.view.View\").resourceId(\"GoToDeposit\")"}[39m
[35m[HTTP][39m [37m<-- POST /wd/hub/session/b6835582-5233-43c5-956b-30d1964e1aa1/elements [39m[32m200[39m [90m498 ms - 12[39m
[35m[HTTP][39m [90m[39m
[35m[HTTP][39m [37m-->[39m [37mPOST[39m [37m/wd/hub/session/b6835582-5233-43c5-956b-30d1964e1aa1/elements[39m
[35m[HTTP][39m [90m{"using":"-android uiautomator","value":"new UiSelector().className(\"android.view.View\").resourceId(\"GoToDeposit\")"}[39m
[35m[HTTP][39m [37m<-- POST /wd/hub/session/b6835582-5233-43c5-956b-30d1964e1aa1/elements [39m[32m200[39m [90m299 ms - 12[39m
[35m[HTTP][39m [90m[39m
[35m[HTTP][39m [37m-->[39m [37mPOST[39m [37m/wd/hub/session/b6835582-5233-43c5-956b-30d1964e1aa1/elements[39m
[35m[HTTP][39m [90m{"using":"-android uiautomator","value":"new UiSelector().className(\"android.view.View\").resourceId(\"GoToDeposit\")"}[39m
[35m[HTTP][39m [37m<-- POST /wd/hub/session/b6835582-5233-43c5-956b-30d1964e1aa1/elements [39m[32m200[39m [90m337 ms - 12[39m
[35m[HTTP][39m [90m[39m
[35m[HTTP][39m [37m-->[39m [37mPOST[39m [37m/wd/hub/session/b6835582-5233-43c5-956b-30d1964e1aa1/elements[39m
[35m[HTTP][39m [90m{"using":"-android uiautomator","value":"new UiSelector().className(\"android.view.View\").resourceId(\"GoToDeposit\")"}[39m
[35m[HTTP][39m [37m<-- POST /wd/hub/session/b6835582-5233-43c5-956b-30d1964e1aa1/elements [39m[32m200[39m [90m405 ms - 12[39m
[35m[HTTP][39m [90m[39m
[35m[HTTP][39m [37m-->[39m [37mPOST[39m [37m/wd/hub/session/b6835582-5233-43c5-956b-30d1964e1aa1/elements[39m
[35m[HTTP][39m [90m{"using":"-android uiautomator","value":"new UiSelector().className(\"android.view.View\").resourceId(\"GoToDeposit\")"}[39m
[35m[HTTP][39m [37m<-- POST /wd/hub/session/b6835582-5233-43c5-956b-30d1964e1aa1/elements [39m[32m200[39m [90m202 ms - 12[39m
[35m[HTTP][39m [90m[39m
[35m[HTTP][39m [37m-->[39m [37mPOST[39m [37m/wd/hub/session/b6835582-5233-43c5-956b-30d1964e1aa1/elements[39m
[35m[HTTP][39m [90m{"using":"-android uiautomator","value":"new UiSelector().className(\"android.view.View\").resourceId(\"GoToDeposit\")"}[39m
[35m[HTTP][39m [37m<-- POST /wd/hub/session/b6835582-5233-43c5-956b-30d1964e1aa1/elements [39m[32m200[39m [90m250 ms - 12[39m
[35m[HTTP][39m [90m[39m
[35m[HTTP][39m [37m-->[39m [37mPOST[39m [37m/wd/hub/session/b6835582-5233-43c5-956b-30d1964e1aa1/elements[39m
[35m[HTTP][39m [90m{"using":"-android uiautomator","value":"new UiSelector().className(\"android.view.View\").resourceId(\"GoToDeposit\")"}[39m
[35m[HTTP][39m [37m<-- POST /wd/hub/session/b6835582-5233-43c5-956b-30d1964e1aa1/elements [39m[32m200[39m [90m290 ms - 12[39m
[35m[HTTP][39m [90m[39m
[35m[HTTP][39m [37m-->[39m [37mPOST[39m [37m/wd/hub/session/b6835582-5233-43c5-956b-30d1964e1aa1/elements[39m
[35m[HTTP][39m [90m{"using":"-android uiautomator","value":"new UiSelector().className(\"android.view.View\").resourceId(\"GoToDeposit\")"}[39m
[35m[HTTP][39m [37m<-- POST /wd/hub/session/b6835582-5233-43c5-956b-30d1964e1aa1/elements [39m[32m200[39m [90m336 ms - 12[39m
[35m[HTTP][39m [90m[39m
[35m[HTTP][39m [37m-->[39m [37mPOST[39m [37m/wd/hub/session/b6835582-5233-43c5-956b-30d1964e1aa1/elements[39m
[35m[HTTP][39m [90m{"using":"-android uiautomator","value":"new UiSelector().className(\"android.view.View\").resourceId(\"GoToDeposit\")"}[39m
[35m[HTTP][39m [37m<-- POST /wd/hub/session/b6835582-5233-43c5-956b-30d1964e1aa1/elements [39m[32m200[39m [90m471 ms - 12[39m
[35m[HTTP][39m [90m[39m
[35m[HTTP][39m [37m-->[39m [37mPOST[39m [37m/wd/hub/session/b6835582-5233-43c5-956b-30d1964e1aa1/elements[39m
[35m[HTTP][39m [90m{"using":"-android uiautomator","value":"new UiSelector().className(\"android.view.View\").resourceId(\"GoToDeposit\")"}[39m
[35m[HTTP][39m [37m<-- POST /wd/hub/session/b6835582-5233-43c5-956b-30d1964e1aa1/elements [39m[32m200[39m [90m507 ms - 12[39m
[35m[HTTP][39m [90m[39m
[35m[HTTP][39m [37m-->[39m [37mPOST[39m [37m/wd/hub/session/b6835582-5233-43c5-956b-30d1964e1aa1/elements[39m
[35m[HTTP][39m [90m{"using":"-android uiautomator","value":"new UiSelector().className(\"android.view.View\").resourceId(\"GoToDeposit\")"}[39m
[35m[HTTP][39m [37m<-- POST /wd/hub/session/b6835582-5233-43c5-956b-30d1964e1aa1/elements [39m[32m200[39m [90m453 ms - 12[39m
[35m[HTTP][39m [90m[39m
[35m[HTTP][39m [37m-->[39m [37mPOST[39m [37m/wd/hub/session/b6835582-5233-43c5-956b-30d1964e1aa1/elements[39m
[35m[HTTP][39m [90m{"using":"-android uiautomator","value":"new UiSelector().className(\"android.view.View\").resourceId(\"GoToDeposit\")"}[39m
[35m[HTTP][39m [37m<-- POST /wd/hub/session/b6835582-5233-43c5-956b-30d1964e1aa1/elements [39m[32m200[39m [90m441 ms - 12[39m
[35m[HTTP][39m [90m[39m
[35m[HTTP][39m [37m-->[39m [37mPOST[39m [37m/wd/hub/session/b6835582-5233-43c5-956b-30d1964e1aa1/elements[39m
[35m[HTTP][39m [90m{"using":"-android uiautomator","value":"new UiSelector().className(\"android.view.View\").resourceId(\"GoToDeposit\")"}[39m
[35m[HTTP][39m [37m<-- POST /wd/hub/session/b6835582-5233-43c5-956b-30d1964e1aa1/elements [39m[32m200[39m [90m507 ms - 12[39m
[35m[HTTP][39m [90m[39m
[35m[HTTP][39m [37m-->[39m [37mPOST[39m [37m/wd/hub/session/b6835582-5233-43c5-956b-30d1964e1aa1/elements[39m
[35m[HTTP][39m [90m{"using":"-android uiautomator","value":"new UiSelector().className(\"android.view.View\").resourceId(\"GoToDeposit\")"}[39m
[35m[HTTP][39m [37m<-- POST /wd/hub/session/b6835582-5233-43c5-956b-30d1964e1aa1/elements [39m[32m200[39m [90m442 ms - 12[39m
[35m[HTTP][39m [90m[39m
[35m[HTTP][39m [37m-->[39m [37mPOST[39m [37m/wd/hub/session/b6835582-5233-43c5-956b-30d1964e1aa1/elements[39m
[35m[HTTP][39m [90m{"using":"-android uiautomator","value":"new UiSelector().className(\"android.view.View\").resourceId(\"GoToDeposit\")"}[39m
[35m[HTTP][39m [37m<-- POST /wd/hub/session/b6835582-5233-43c5-956b-30d1964e1aa1/elements [39m[32m200[39m [90m295 ms - 12[39m
[35m[HTTP][39m [90m[39m
[35m[HTTP][39m [37m-->[39m [37mPOST[39m [37m/wd/hub/session/b6835582-5233-43c5-956b-30d1964e1aa1/elements[39m
[35m[HTTP][39m [90m{"using":"-android uiautomator","value":"new UiSelector().className(\"android.view.View\").resourceId(\"GoToDeposit\")"}[39m
[35m[HTTP][39m [37m<-- POST /wd/hub/session/b6835582-5233-43c5-956b-30d1964e1aa1/elements [39m[32m200[39m [90m347 ms - 12[39m
[35m[HTTP][39m [90m[39m
[35m[HTTP][39m [37m-->[39m [37mPOST[39m [37m/wd/hub/session/b6835582-5233-43c5-956b-30d1964e1aa1/elements[39m
[35m[HTTP][39m [90m{"using":"-android uiautomator","value":"new UiSelector().className(\"android.view.View\").resourceId(\"GoToDeposit\")"}[39m
[35m[HTTP][39m [37m<-- POST /wd/hub/session/b6835582-5233-43c5-956b-30d1964e1aa1/elements [39m[32m200[39m [90m459 ms - 12[39m
[35m[HTTP][39m [90m[39m
[35m[HTTP][39m [37m-->[39m [37mPOST[39m [37m/wd/hub/session/b6835582-5233-43c5-956b-30d1964e1aa1/elements[39m
[35m[HTTP][39m [90m{"using":"-android uiautomator","value":"new UiSelector().className(\"android.view.View\").resourceId(\"GoToDeposit\")"}[39m
[35m[HTTP][39m [37m<-- POST /wd/hub/session/b6835582-5233-43c5-956b-30d1964e1aa1/elements [39m[32m200[39m [90m503 ms - 12[39m
[35m[HTTP][39m [90m[39m
[35m[HTTP][39m [37m-->[39m [37mPOST[39m [37m/wd/hub/session/b6835582-5233-43c5-956b-30d1964e1aa1/elements[39m
[35m[HTTP][39m [90m{"using":"-android uiautomator","value":"new UiSelector().className(\"android.view.View\").resourceId(\"GoToDeposit\")"}[39m
[35m[HTTP][39m [37m<-- POST /wd/hub/session/b6835582-5233-43c5-956b-30d1964e1aa1/elements [39m[32m200[39m [90m341 ms - 12[39m
[35m[HTTP][39m [90m[39m
[35m[HTTP][39m [37m-->[39m [37mPOST[39m [37m/wd/hub/session/b6835582-5233-43c5-956b-30d1964e1aa1/elements[39m
[35m[HTTP][39m [90m{"using":"-android uiautomator","value":"new UiSelector().className(\"android.view.View\").resourceId(\"GoToDeposit\")"}[39m
[35m[HTTP][39m [37m<-- POST /wd/hub/session/b6835582-5233-43c5-956b-30d1964e1aa1/elements [39m[32m200[39m [90m200 ms - 12[39m
[35m[HTTP][39m [90m[39m
[35m[HTTP][39m [37m-->[39m [37mPOST[39m [37m/wd/hub/session/b6835582-5233-43c5-956b-30d1964e1aa1/elements[39m
[35m[HTTP][39m [90m{"using":"-android uiautomator","value":"new UiSelector().className(\"android.view.View\").resourceId(\"GoToDeposit\")"}[39m
[35m[HTTP][39m [37m<-- POST /wd/hub/session/b6835582-5233-43c5-956b-30d1964e1aa1/elements [39m[32m200[39m [90m284 ms - 12[39m
[35m[HTTP][39m [90m[39m
[35m[HTTP][39m [37m-->[39m [37mPOST[39m [37m/wd/hub/session/b6835582-5233-43c5-956b-30d1964e1aa1/elements[39m
[35m[HTTP][39m [90m{"using":"-android uiautomator","value":"new UiSelector().className(\"android.view.View\").resourceId(\"GoToDeposit\")"}[39m
[35m[HTTP][39m [37m<-- POST /wd/hub/session/b6835582-5233-43c5-956b-30d1964e1aa1/elements [39m[32m200[39m [90m371 ms - 12[39m
[35m[HTTP][39m [90m[39m
[35m[HTTP][39m [37m-->[39m [37mPOST[39m [37m/wd/hub/session/b6835582-5233-43c5-956b-30d1964e1aa1/elements[39m
[35m[HTTP][39m [90m{"using":"-android uiautomator","value":"new UiSelector().className(\"android.view.View\").resourceId(\"GoToDeposit\")"}[39m
[35m[HTTP][39m [37m<-- POST /wd/hub/session/b6835582-5233-43c5-956b-30d1964e1aa1/elements [39m[32m200[39m [90m431 ms - 12[39m
[35m[HTTP][39m [90m[39m
[35m[HTTP][39m [37m-->[39m [37mPOST[39m [37m/wd/hub/session/b6835582-5233-43c5-956b-30d1964e1aa1/elements[39m
[35m[HTTP][39m [90m{"using":"-android uiautomator","value":"new UiSelector().className(\"android.view.View\").resourceId(\"GoToDeposit\")"}[39m
[35m[HTTP][39m [37m<-- POST /wd/hub/session/b6835582-5233-43c5-956b-30d1964e1aa1/elements [39m[32m200[39m [90m466 ms - 12[39m
[35m[HTTP][39m [90m[39m
[35m[HTTP][39m [37m-->[39m [37mPOST[39m [37m/wd/hub/session/b6835582-5233-43c5-956b-30d1964e1aa1/elements[39m
[35m[HTTP][39m [90m{"using":"-android uiautomator","value":"new UiSelector().className(\"android.view.View\").resourceId(\"GoToDeposit\")"}[39m
[35m[HTTP][39m [37m<-- POST /wd/hub/session/b6835582-5233-43c5-956b-30d1964e1aa1/elements [39m[32m200[39m [90m382 ms - 12[39m
[35m[HTTP][39m [90m[39m
[35m[HTTP][39m [37m-->[39m [37mPOST[39m [37m/wd/hub/session/b6835582-5233-43c5-956b-30d1964e1aa1/elements[39m
[35m[HTTP][39m [90m{"using":"-android uiautomator","value":"new UiSelector().className(\"android.view.View\").resourceId(\"GoToDeposit\")"}[39m
[35m[HTTP][39m [37m<-- POST /wd/hub/session/b6835582-5233-43c5-956b-30d1964e1aa1/elements [39m[32m200[39m [90m447 ms - 12[39m
[35m[HTTP][39m [90m[39m
[35m[HTTP][39m [37m-->[39m [37mPOST[39m [37m/wd/hub/session/b6835582-5233-43c5-956b-30d1964e1aa1/elements[39m
[35m[HTTP][39m [90m{"using":"-android uiautomator","value":"new UiSelector().className(\"android.view.View\").resourceId(\"GoToDeposit\")"}[39m
[35m[HTTP][39m [37m<-- POST /wd/hub/session/b6835582-5233-43c5-956b-30d1964e1aa1/elements [39m[32m200[39m [90m487 ms - 12[39m
[35m[HTTP][39m [90m[39m
[35m[HTTP][39m [37m-->[39m [37mPOST[39m [37m/wd/hub/session/b6835582-5233-43c5-956b-30d1964e1aa1/elements[39m
[35m[HTTP][39m [90m{"using":"-android uiautomator","value":"new UiSelector().className(\"android.view.View\").resourceId(\"GoToDeposit\")"}[39m
[35m[HTTP][39m [37m<-- POST /wd/hub/session/b6835582-5233-43c5-956b-30d1964e1aa1/elements [39m[32m200[39m [90m294 ms - 12[39m
[35m[HTTP][39m [90m[39m
[35m[HTTP][39m [37m-->[39m [37mPOST[39m [37m/wd/hub/session/b6835582-5233-43c5-956b-30d1964e1aa1/elements[39m
[35m[HTTP][39m [90m{"using":"-android uiautomator","value":"new UiSelector().className(\"android.view.View\").resourceId(\"GoToDeposit\")"}[39m
[35m[HTTP][39m [37m<-- POST /wd/hub/session/b6835582-5233-43c5-956b-30d1964e1aa1/elements [39m[32m200[39m [90m302 ms - 12[39m
[35m[HTTP][39m [90m[39m
[35m[HTTP][39m [37m-->[39m [37mPOST[39m [37m/wd/hub/session/b6835582-5233-43c5-956b-30d1964e1aa1/elements[39m
[35m[HTTP][39m [90m{"using":"-android uiautomator","value":"new UiSelector().className(\"android.view.View\").resourceId(\"GoToDeposit\")"}[39m
[35m[HTTP][39m [37m<-- POST /wd/hub/session/b6835582-5233-43c5-956b-30d1964e1aa1/elements [39m[32m200[39m [90m420 ms - 12[39m
[35m[HTTP][39m [90m[39m
[35m[HTTP][39m [37m-->[39m [37mPOST[39m [37m/wd/hub/session/b6835582-5233-43c5-956b-30d1964e1aa1/elements[39m
[35m[HTTP][39m [90m{"using":"-android uiautomator","value":"new UiSelector().className(\"android.view.View\").resourceId(\"GoToDeposit\")"}[39m
[35m[HTTP][39m [37m<-- POST /wd/hub/session/b6835582-5233-43c5-956b-30d1964e1aa1/elements [39m[32m200[39m [90m481 ms - 12[39m
[35m[HTTP][39m [90m[39m
[35m[HTTP][39m [37m-->[39m [37mPOST[39m [37m/wd/hub/session/b6835582-5233-43c5-956b-30d1964e1aa1/elements[39m
[35m[HTTP][39m [90m{"using":"-android uiautomator","value":"new UiSelector().className(\"android.view.View\").resourceId(\"GoToDeposit\")"}[39m
[35m[HTTP][39m [37m<-- POST /wd/hub/session/b6835582-5233-43c5-956b-30d1964e1aa1/elements [39m[32m200[39m [90m464 ms - 12[39m
[35m[HTTP][39m [90m[39m
[35m[HTTP][39m [37m-->[39m [37mPOST[39m [37m/wd/hub/session/b6835582-5233-43c5-956b-30d1964e1aa1/elements[39m
[35m[HTTP][39m [90m{"using":"-android uiautomator","value":"new UiSelector().className(\"android.view.View\").resourceId(\"GoToDeposit\")"}[39m
[35m[HTTP][39m [37m<-- POST /wd/hub/session/b6835582-5233-43c5-956b-30d1964e1aa1/elements [39m[32m200[39m [90m513 ms - 12[39m
[35m[HTTP][39m [90m[39m
[35m[HTTP][39m [37m-->[39m [37mPOST[39m [37m/wd/hub/session/b6835582-5233-43c5-956b-30d1964e1aa1/elements[39m
[35m[HTTP][39m [90m{"using":"-android uiautomator","value":"new UiSelector().className(\"android.view.View\").resourceId(\"GoToDeposit\")"}[39m
[35m[HTTP][39m [37m<-- POST /wd/hub/session/b6835582-5233-43c5-956b-30d1964e1aa1/elements [39m[32m200[39m [90m323 ms - 12[39m
[35m[HTTP][39m [90m[39m
[35m[HTTP][39m [37m-->[39m [37mPOST[39m [37m/wd/hub/session/b6835582-5233-43c5-956b-30d1964e1aa1/elements[39m
[35m[HTTP][39m [90m{"using":"-android uiautomator","value":"new UiSelector().className(\"android.view.View\").resourceId(\"GoToDeposit\")"}[39m
[35m[HTTP][39m [37m<-- POST /wd/hub/session/b6835582-5233-43c5-956b-30d1964e1aa1/elements [39m[32m200[39m [90m226 ms - 12[39m
[35m[HTTP][39m [90m[39m
[35m[HTTP][39m [37m-->[39m [37mPOST[39m [37m/wd/hub/session/b6835582-5233-43c5-956b-30d1964e1aa1/elements[39m
[35m[HTTP][39m [90m{"using":"-android uiautomator","value":"new UiSelector().className(\"android.view.View\").resourceId(\"GoToDeposit\")"}[39m
[35m[HTTP][39m [37m<-- POST /wd/hub/session/b6835582-5233-43c5-956b-30d1964e1aa1/elements [39m[32m200[39m [90m270 ms - 12[39m
[35m[HTTP][39m [90m[39m
[35m[HTTP][39m [37m-->[39m [37mPOST[39m [37m/wd/hub/session/b6835582-5233-43c5-956b-30d1964e1aa1/elements[39m
[35m[HTTP][39m [90m{"using":"-android uiautomator","value":"new UiSelector().className(\"android.view.View\").resourceId(\"GoToDeposit\")"}[39m
[35m[HTTP][39m [37m<-- POST /wd/hub/session/b6835582-5233-43c5-956b-30d1964e1aa1/elements [39m[32m200[39m [90m363 ms - 12[39m
[35m[HTTP][39m [90m[39m
[35m[HTTP][39m [37m-->[39m [37mPOST[39m [37m/wd/hub/session/b6835582-5233-43c5-956b-30d1964e1aa1/elements[39m
[35m[HTTP][39m [90m{"using":"-android uiautomator","value":"new UiSelector().className(\"android.view.View\").resourceId(\"GoToDeposit\")"}[39m
[35m[HTTP][39m [37m<-- POST /wd/hub/session/b6835582-5233-43c5-956b-30d1964e1aa1/elements [39m[32m200[39m [90m428 ms - 12[39m
[35m[HTTP][39m [90m[39m
[35m[HTTP][39m [37m-->[39m [37mPOST[39m [37m/wd/hub/session/b6835582-5233-43c5-956b-30d1964e1aa1/elements[39m
[35m[HTTP][39m [90m{"using":"-android uiautomator","value":"new UiSelector().className(\"android.view.View\").resourceId(\"GoToDeposit\")"}[39m
[35m[HTTP][39m [37m<-- POST /wd/hub/session/b6835582-5233-43c5-956b-30d1964e1aa1/elements [39m[32m200[39m [90m414 ms - 12[39m
[35m[HTTP][39m [90m[39m
[35m[HTTP][39m [37m-->[39m [37mPOST[39m [37m/wd/hub/session/b6835582-5233-43c5-956b-30d1964e1aa1/elements[39m
[35m[HTTP][39m [90m{"using":"-android uiautomator","value":"new UiSelector().className(\"android.view.View\").resourceId(\"GoToDeposit\")"}[39m
[35m[HTTP][39m [37m<-- POST /wd/hub/session/b6835582-5233-43c5-956b-30d1964e1aa1/elements [39m[32m200[39m [90m438 ms - 12[39m
[35m[HTTP][39m [90m[39m
[35m[HTTP][39m [37m-->[39m [37mPOST[39m [37m/wd/hub/session/b6835582-5233-43c5-956b-30d1964e1aa1/elements[39m
[35m[HTTP][39m [90m{"using":"-android uiautomator","value":"new UiSelector().className(\"android.view.View\").resourceId(\"GoToDeposit\")"}[39m
[35m[HTTP][39m [37m<-- POST /wd/hub/session/b6835582-5233-43c5-956b-30d1964e1aa1/elements [39m[32m200[39m [90m249 ms - 12[39m
[35m[HTTP][39m [90m[39m
[35m[HTTP][39m [37m-->[39m [37mPOST[39m [37m/wd/hub/session/b6835582-5233-43c5-956b-30d1964e1aa1/elements[39m
[35m[HTTP][39m [90m{"using":"-android uiautomator","value":"new UiSelector().className(\"android.view.View\").resourceId(\"GoToDeposit\")"}[39m
[35m[HTTP][39m [37m<-- POST /wd/hub/session/b6835582-5233-43c5-956b-30d1964e1aa1/elements [39m[32m200[39m [90m314 ms - 12[39m
[35m[HTTP][39m [90m[39m
[35m[HTTP][39m [37m-->[39m [37mPOST[39m [37m/wd/hub/session/b6835582-5233-43c5-956b-30d1964e1aa1/elements[39m
[35m[HTTP][39m [90m{"using":"-android uiautomator","value":"new UiSelector().className(\"android.view.View\").resourceId(\"GoToDeposit\")"}[39m
[35m[HTTP][39m [37m<-- POST /wd/hub/session/b6835582-5233-43c5-956b-30d1964e1aa1/elements [39m[32m200[39m [90m366 ms - 12[39m
[35m[HTTP][39m [90m[39m
[35m[HTTP][39m [37m-->[39m [37mPOST[39m [37m/wd/hub/session/b6835582-5233-43c5-956b-30d1964e1aa1/elements[39m
[35m[HTTP][39m [90m{"using":"-android uiautomator","value":"new UiSelector().className(\"android.view.View\").resourceId(\"GoToDeposit\")"}[39m
[35m[HTTP][39m [37m<-- POST /wd/hub/session/b6835582-5233-43c5-956b-30d1964e1aa1/elements [39m[32m200[39m [90m421 ms - 12[39m
[35m[HTTP][39m [90m[39m
[35m[HTTP][39m [37m-->[39m [37mPOST[39m [37m/wd/hub/session/b6835582-5233-43c5-956b-30d1964e1aa1/elements[39m
[35m[HTTP][39m [90m{"using":"-android uiautomator","value":"new UiSelector().className(\"android.view.View\").resourceId(\"GoToDeposit\")"}[39m
[35m[HTTP][39m [37m<-- POST /wd/hub/session/b6835582-5233-43c5-956b-30d1964e1aa1/elements [39m[32m200[39m [90m506 ms - 12[39m
[35m[HTTP][39m [90m[39m
[35m[HTTP][39m [37m-->[39m [37mPOST[39m [37m/wd/hub/session/b6835582-5233-43c5-956b-30d1964e1aa1/elements[39m
[35m[HTTP][39m [90m{"using":"-android uiautomator","value":"new UiSelector().className(\"android.view.View\").resourceId(\"GoToDeposit\")"}[39m
[35m[HTTP][39m [37m<-- POST /wd/hub/session/b6835582-5233-43c5-956b-30d1964e1aa1/elements [39m[32m200[39m [90m437 ms - 12[39m
[35m[HTTP][39m [90m[39m
[35m[HTTP][39m [37m-->[39m [37mPOST[39m [37m/wd/hub/session/b6835582-5233-43c5-956b-30d1964e1aa1/elements[39m
[35m[HTTP][39m [90m{"using":"-android uiautomator","value":"new UiSelector().className(\"android.view.View\").resourceId(\"GoToDeposit\")"}[39m
[35m[HTTP][39m [37m<-- POST /wd/hub/session/b6835582-5233-43c5-956b-30d1964e1aa1/elements [39m[32m200[39m [90m480 ms - 12[39m
[35m[HTTP][39m [90m[39m
[35m[HTTP][39m [37m-->[39m [37mPOST[39m [37m/wd/hub/session/b6835582-5233-43c5-956b-30d1964e1aa1/elements[39m
[35m[HTTP][39m [90m{"using":"-android uiautomator","value":"new UiSelector().className(\"android.view.View\").resourceId(\"GoToDeposit\")"}[39m
[35m[HTTP][39m [37m<-- POST /wd/hub/session/b6835582-5233-43c5-956b-30d1964e1aa1/elements [39m[32m200[39m [90m510 ms - 12[39m
[35m[HTTP][39m [90m[39m
[35m[HTTP][39m [37m-->[39m [37mPOST[39m [37m/wd/hub/session/b6835582-5233-43c5-956b-30d1964e1aa1/timeouts[39m
[35m[HTTP][39m [90m{"implicit":60000}[39m
[35m[HTTP][39m [37m<-- POST /wd/hub/session/b6835582-5233-43c5-956b-30d1964e1aa1/timeouts [39m[32m200[39m [90m2 ms - 14[39m
[35m[HTTP][39m [90m[39m
[35m[HTTP][39m [37m-->[39m [37mGET[39m [37m/wd/hub/session/b6835582-5233-43c5-956b-30d1964e1aa1/context[39m
[35m[HTTP][39m [90m{}[39m
[35m[HTTP][39m [37m<-- GET /wd/hub/session/b6835582-5233-43c5-956b-30d1964e1aa1/context [39m[32m200[39m [90m2 ms - 22[39m
[35m[HTTP][39m [90m[39m
[35m[HTTP][39m [37m-->[39m [37mGET[39m [37m/wd/hub/session/b6835582-5233-43c5-956b-30d1964e1aa1/contexts[39m
[35m[HTTP][39m [90m{}[39m
[35m[HTTP][39m [37m<-- GET /wd/hub/session/b6835582-5233-43c5-956b-30d1964e1aa1/contexts [39m[32m200[39m [90m483 ms - 75[39m
[35m[HTTP][39m [90m[39m
[35m[HTTP][39m [37m-->[39m [37mPOST[39m [37m/wd/hub/session/b6835582-5233-43c5-956b-30d1964e1aa1/context[39m
[35m[HTTP][39m [90m{"name":"NATIVE_APP"}[39m
[35m[HTTP][39m [37m<-- POST /wd/hub/session/b6835582-5233-43c5-956b-30d1964e1aa1/context [39m[32m200[39m [90m5 ms - 14[39m
[35m[HTTP][39m [90m[39m
[35m[HTTP][39m [37m-->[39m [37mGET[39m [37m/wd/hub/session/b6835582-5233-43c5-956b-30d1964e1aa1/screenshot[39m
[35m[HTTP][39m [90m{}[39m
[35m[HTTP][39m [37m<-- GET /wd/hub/session/b6835582-5233-43c5-956b-30d1964e1aa1/screenshot [39m[32m200[39m [90m1716 ms - 1776492[39m
[35m[HTTP][39m [90m[39m
[35m[HTTP][39m [37m-->[39m [37mPOST[39m [37m/wd/hub/session/b6835582-5233-43c5-956b-30d1964e1aa1/context[39m
[35m[HTTP][39m [90m{"name":"NATIVE_APP"}[39m
[35m[HTTP][39m [37m<-- POST /wd/hub/session/b6835582-5233-43c5-956b-30d1964e1aa1/context [39m[32m200[39m [90m4 ms - 14[39m
[35m[HTTP][39m [90m[39m
[35m[HTTP][39m [37m-->[39m [37mGET[39m [37m/wd/hub/session/b6835582-5233-43c5-956b-30d1964e1aa1/context[39m
[35m[HTTP][39m [90m{}[39m
[35m[HTTP][39m [37m<-- GET /wd/hub/session/b6835582-5233-43c5-956b-30d1964e1aa1/context [39m[32m200[39m [90m4 ms - 22[39m
[35m[HTTP][39m [90m[39m
[35m[HTTP][39m [37m-->[39m [37mGET[39m [37m/wd/hub/session/b6835582-5233-43c5-956b-30d1964e1aa1/contexts[39m
[35m[HTTP][39m [90m{}[39m
[35m[HTTP][39m [37m<-- GET /wd/hub/session/b6835582-5233-43c5-956b-30d1964e1aa1/contexts [39m[32m200[39m [90m526 ms - 75[39m
[35m[HTTP][39m [90m[39m
[35m[HTTP][39m [37m-->[39m [37mPOST[39m [37m/wd/hub/session/b6835582-5233-43c5-956b-30d1964e1aa1/context[39m
[35m[HTTP][39m [90m{"name":"NATIVE_APP"}[39m
[35m[HTTP][39m [37m<-- POST /wd/hub/session/b6835582-5233-43c5-956b-30d1964e1aa1/context [39m[32m200[39m [90m3 ms - 14[39m
[35m[HTTP][39m [90m[39m
[35m[HTTP][39m [37m-->[39m [37mGET[39m [37m/wd/hub/session/b6835582-5233-43c5-956b-30d1964e1aa1/screenshot[39m
[35m[HTTP][39m [90m{}[39m
[35m[HTTP][39m [37m<-- GET /wd/hub/session/b6835582-5233-43c5-956b-30d1964e1aa1/screenshot [39m[32m200[39m [90m1715 ms - 1551556[39m
[35m[HTTP][39m [90m[39m
[35m[HTTP][39m [37m-->[39m [37mPOST[39m [37m/wd/hub/session/b6835582-5233-43c5-956b-30d1964e1aa1/context[39m
[35m[HTTP][39m [90m{"name":"NATIVE_APP"}[39m
[35m[HTTP][39m [37m<-- POST /wd/hub/session/b6835582-5233-43c5-956b-30d1964e1aa1/context [39m[32m200[39m [90m3 ms - 14[39m
[35m[HTTP][39m [90m[39m
[35m[HTTP][39m [37m-->[39m [37mGET[39m [37m/wd/hub/status[39m
[35m[HTTP][39m [90m{}[39m
[35m[HTTP][39m [37m<-- GET /wd/hub/status [39m[32m200[39m [90m2 ms - 68[39m
[35m[HTTP][39m [90m[39m
[35m[HTTP][39m [37m-->[39m [37mPOST[39m [37m/wd/hub/session[39m
[35m[HTTP][39m [90m{"desiredCapabilities":{"app":"C:\\Users\\Marvin\\git\\ACCBid-Mobile\\accbid.apk","noReset":true,"deviceId":"","deviceName":"samsung SM-A505F (Android 9)","fullReset":false,"platform":"ANDROID","newCommandTimeout":1800,"platformVersion":"9","automationName":"uiautomator2","autoGrantPermissions":true,"unicodeKeyboard":true,"platformName":"Android","udid":"RR8M30NJEFN","resetKeyboard":true,"systemPort":52727},"capabilities":{"firstMatch":[{"appium:app":"C:\\Users\\Marvin\\git\\ACCBid-Mobile\\accbid.apk","appium:autoGrantPermissions":true,"appium:automationName":"uiautomator2","deviceId":"","appium:deviceName":"samsung SM-A505F (Android 9)","appium:fullReset":false,"appium:newCommandTimeout":1800,"appium:noReset":true,"platform":"ANDROID","platformName":"android","appium:platformVersion":"9","appium:resetKeyboard":true,"appium:systemPort":52727,"appium:udid":"RR8M30NJEFN","appium:unicodeKeyboard":true}]}}[39m
[35m[BaseDriver][39m The capabilities ["deviceId","platform"] are not standard capabilities and should have an extension prefix
[35m[Appium][39m Appium v1.12.1 creating new AndroidUiautomator2Driver (v1.33.0) session
[35m[Appium][39m Capabilities:
[35m[Appium][39m   deviceId: 
[35m[Appium][39m   platform: ANDROID
[35m[Appium][39m   platformName: android
[35m[Appium][39m   app: C:\Users\Marvin\git\ACCBid-Mobile\accbid.apk
[35m[Appium][39m   autoGrantPermissions: true
[35m[Appium][39m   automationName: uiautomator2
[35m[Appium][39m   deviceName: samsung SM-A505F (Android 9)
[35m[Appium][39m   fullReset: false
[35m[Appium][39m   newCommandTimeout: 1800
[35m[Appium][39m   noReset: true
[35m[Appium][39m   platformVersion: 9
[35m[Appium][39m   resetKeyboard: true
[35m[Appium][39m   systemPort: 52727
[35m[Appium][39m   udid: RR8M30NJEFN
[35m[Appium][39m   unicodeKeyboard: true
[35m[BaseDriver][39m The following capabilities were provided, but are not recognized by appium: deviceId, platform.
[35m[BaseDriver][39m Session created with session id: 757efbc5-7bc6-4be6-87eb-cfdfe2c99d9f
[35m[BaseDriver][39m Using local app 'C:\Users\Marvin\git\ACCBid-Mobile\accbid.apk'
[35m[AndroidDriver][39m Retrieving device list
[35m[AndroidDriver][39m Using device: RR8M30NJEFN
[35m[UiAutomator2][39m Relaxing hidden api policy
[35m[ADB][39m Using the alternative activity name detection method because of: Could not find apkanalyzer.bat in C:\Users\Marvin\.katalon\tools\android_sdk\platform-tools\apkanalyzer.bat,C:\Users\Marvin\.katalon\tools\android_sdk\emulator\apkanalyzer.bat,C:\Users\Marvin\.katalon\tools\android_sdk\tools\apkanalyzer.bat,C:\Users\Marvin\.katalon\tools\android_sdk\tools\bin\apkanalyzer.bat,C:\Users\Marvin\.katalon\tools\android_sdk\build-tools\29.0.0\apkanalyzer.bat. Do you have the Android SDK installed at 'C:\Users\Marvin\.katalon\tools\android_sdk'?
[35m[ADB][39m Extracting package and launch activity from manifest
[35m[ADB][39m Package name: 'com.outsystemsenterprise.acctst1.BidMart'
[35m[ADB][39m Main activity name: 'com.outsystemsenterprise.acctst1.BidMart.MainActivity'
[35m[HTTP][39m [37m<-- POST /wd/hub/session [39m[32m-[39m [90m- ms - -[39m
[35m[HTTP][39m [90m[39m
[35m[UiAutomator2][39m Server packages are not going to be (re)installed
[35m[UiAutomator2][39m Starting UIAutomator2 server 3.4.0
[35m[UiAutomator2][39m Using UIAutomator2 server from 'C:\Users\Marvin\AppData\Roaming\npm\node_modules\appium\node_modules\appium-uiautomator2-server\apks\appium-uiautomator2-server-v3.4.0.apk' and test from 'C:\Users\Marvin\AppData\Roaming\npm\node_modules\appium\node_modules\appium-uiautomator2-server\apks\appium-uiautomator2-server-debug-androidTest.apk'
[35m[UiAutomator2][39m Waiting up to 30000ms for UiAutomator2 to be online...
[35m[WD Proxy][39m Got an unexpected response: {"code":"ECONNRESET"}
[35m[WD Proxy][39m Got an unexpected response: {"code":"ECONNRESET"}
[35m[WD Proxy][39m Got an unexpected response: {"code":"ECONNRESET"}
[35m[AndroidDriver][39m Screen already unlocked, doing nothing
[35m[UiAutomator2][39m UiAutomator2 did not start the activity we were waiting for, 'com.outsystemsenterprise.acctst1.BidMart/com.outsystemsenterprise.acctst1.BidMart.MainActivity'. Starting it ourselves
[35m[Appium][39m New AndroidUiautomator2Driver session created successfully, session 757efbc5-7bc6-4be6-87eb-cfdfe2c99d9f added to master session list
