[35m[Appium][39m Welcome to Appium v1.12.1
[35m[Appium][39m Non-default server args:
[35m[Appium][39m   port: 60316
[35m[Appium][39m   loglevel: info
[35m[Appium][39m   chromeDriverPort: 60317
[35m[Appium][39m   tmpDir: C:\Users\Marvin\AppData\Local\Temp\\Katalon\Appium\Temp1573462552669
[35m[Appium][39m Appium REST http interface listener started on 0.0.0.0:60316
[35m[HTTP][39m [37m-->[39m [37mGET[39m [37m/wd/hub/status[39m
[35m[HTTP][39m [90m{}[39m
[35m[HTTP][39m [37m<-- GET /wd/hub/status [39m[32m200[39m [90m9 ms - 68[39m
[35m[HTTP][39m [90m[39m
[35m[HTTP][39m [37m-->[39m [37mPOST[39m [37m/wd/hub/session[39m
[35m[HTTP][39m [90m{"desiredCapabilities":{"app":"C:\\Users\\Marvin\\git\\ACCBid-Mobile\\accbid.apk","noReset":true,"deviceId":"","deviceName":"samsung SM-A505F (Android 9)","fullReset":false,"platform":"ANDROID","newCommandTimeout":1800,"platformVersion":"9","automationName":"uiautomator2","autoGrantPermissions":true,"unicodeKeyboard":true,"platformName":"Android","udid":"RR8M30NJEFN","resetKeyboard":true,"systemPort":60315},"capabilities":{"firstMatch":[{"appium:app":"C:\\Users\\Marvin\\git\\ACCBid-Mobile\\accbid.apk","appium:autoGrantPermissions":true,"appium:automationName":"uiautomator2","deviceId":"","appium:deviceName":"samsung SM-A505F (Android 9)","appium:fullReset":false,"appium:newCommandTimeout":1800,"appium:noReset":true,"platform":"ANDROID","platformName":"android","appium:platformVersion":"9","appium:resetKeyboard":true,"appium:systemPort":60315,"appium:udid":"RR8M30NJEFN","appium:unicodeKeyboard":true}]}}[39m
[35m[BaseDriver][39m The capabilities ["deviceId","platform"] are not standard capabilities and should have an extension prefix
[35m[Appium][39m Appium v1.12.1 creating new AndroidUiautomator2Driver (v1.33.0) session
[35m[Appium][39m Capabilities:
[35m[Appium][39m   deviceId: 
[35m[Appium][39m   platform: ANDROID
[35m[Appium][39m   platformName: android
[35m[Appium][39m   app: C:\Users\Marvin\git\ACCBid-Mobile\accbid.apk
[35m[Appium][39m   autoGrantPermissions: true
[35m[Appium][39m   automationName: uiautomator2
[35m[Appium][39m   deviceName: samsung SM-A505F (Android 9)
[35m[Appium][39m   fullReset: false
[35m[Appium][39m   newCommandTimeout: 1800
[35m[Appium][39m   noReset: true
[35m[Appium][39m   platformVersion: 9
[35m[Appium][39m   resetKeyboard: true
[35m[Appium][39m   systemPort: 60315
[35m[Appium][39m   udid: RR8M30NJEFN
[35m[Appium][39m   unicodeKeyboard: true
[35m[BaseDriver][39m The following capabilities were provided, but are not recognized by appium: deviceId, platform.
[35m[BaseDriver][39m Session created with session id: e5ee5c47-5534-4723-85d8-6e68a761fae9
[35m[BaseDriver][39m Using local app 'C:\Users\Marvin\git\ACCBid-Mobile\accbid.apk'
[35m[ADB][39m Checking whether adb is present
[35m[ADB][39m Found 1 'build-tools' folders under 'C:\Users\Marvin\.katalon\tools\android_sdk' (newest first):
[35m[ADB][39m     C:/Users/Marvin/.katalon/tools/android_sdk/build-tools/29.0.0
[35m[ADB][39m Using adb.exe from C:\Users\Marvin\.katalon\tools\android_sdk\platform-tools\adb.exe
[35m[AndroidDriver][39m Retrieving device list
[35m[AndroidDriver][39m Using device: RR8M30NJEFN
[35m[UiAutomator2][39m Relaxing hidden api policy
[35m[ADB][39m Using the alternative activity name detection method because of: Could not find apkanalyzer.bat in C:\Users\Marvin\.katalon\tools\android_sdk\platform-tools\apkanalyzer.bat,C:\Users\Marvin\.katalon\tools\android_sdk\emulator\apkanalyzer.bat,C:\Users\Marvin\.katalon\tools\android_sdk\tools\apkanalyzer.bat,C:\Users\Marvin\.katalon\tools\android_sdk\tools\bin\apkanalyzer.bat,C:\Users\Marvin\.katalon\tools\android_sdk\build-tools\29.0.0\apkanalyzer.bat. Do you have the Android SDK installed at 'C:\Users\Marvin\.katalon\tools\android_sdk'?
[35m[ADB][39m Checking whether aapt is present
[35m[ADB][39m Using aapt.exe from C:\Users\Marvin\.katalon\tools\android_sdk\build-tools\29.0.0\aapt.exe
[35m[ADB][39m Extracting package and launch activity from manifest
[35m[ADB][39m Package name: 'com.outsystemsenterprise.acctst1.BidMart'
[35m[ADB][39m Main activity name: 'com.outsystemsenterprise.acctst1.BidMart.MainActivity'
[35m[ADB][39m Using apksigner.bat from C:\Users\Marvin\.katalon\tools\android_sdk\build-tools\29.0.0\apksigner.bat
[35m[UiAutomator2][39m Server packages are not going to be (re)installed
[35m[UiAutomator2][39m Starting UIAutomator2 server 3.4.0
[35m[UiAutomator2][39m Using UIAutomator2 server from 'C:\Users\Marvin\AppData\Roaming\npm\node_modules\appium\node_modules\appium-uiautomator2-server\apks\appium-uiautomator2-server-v3.4.0.apk' and test from 'C:\Users\Marvin\AppData\Roaming\npm\node_modules\appium\node_modules\appium-uiautomator2-server\apks\appium-uiautomator2-server-debug-androidTest.apk'
[35m[UiAutomator2][39m Waiting up to 30000ms for UiAutomator2 to be online...
[35m[WD Proxy][39m Got an unexpected response: {"code":"ECONNRESET"}
[35m[WD Proxy][39m Got an unexpected response: {"code":"ECONNRESET"}
[35m[AndroidDriver][39m Screen already unlocked, doing nothing
[35m[UiAutomator2][39m UiAutomator2 did not start the activity we were waiting for, 'com.outsystemsenterprise.acctst1.BidMart/com.outsystemsenterprise.acctst1.BidMart.MainActivity'. Starting it ourselves
[35m[Appium][39m New AndroidUiautomator2Driver session created successfully, session e5ee5c47-5534-4723-85d8-6e68a761fae9 added to master session list
[35m[HTTP][39m [37m<-- POST /wd/hub/session [39m[32m200[39m [90m26045 ms - 1337[39m
[35m[HTTP][39m [90m[39m
[35m[HTTP][39m [37m-->[39m [37mGET[39m [37m/wd/hub/session/e5ee5c47-5534-4723-85d8-6e68a761fae9[39m
[35m[HTTP][39m [90m{}[39m
[35m[HTTP][39m [37m<-- GET /wd/hub/session/e5ee5c47-5534-4723-85d8-6e68a761fae9 [39m[32m200[39m [90m63 ms - 1269[39m
[35m[HTTP][39m [90m[39m
[35m[HTTP][39m [37m-->[39m [37mGET[39m [37m/wd/hub/session/e5ee5c47-5534-4723-85d8-6e68a761fae9[39m
[35m[HTTP][39m [90m{}[39m
[35m[HTTP][39m [37m<-- GET /wd/hub/session/e5ee5c47-5534-4723-85d8-6e68a761fae9 [39m[32m200[39m [90m48 ms - 1269[39m
[35m[HTTP][39m [90m[39m
[35m[HTTP][39m [37m-->[39m [37mGET[39m [37m/wd/hub/status[39m
[35m[HTTP][39m [90m{}[39m
[35m[HTTP][39m [37m<-- GET /wd/hub/status [39m[32m200[39m [90m1 ms - 68[39m
[35m[HTTP][39m [90m[39m
[35m[HTTP][39m [37m-->[39m [37mPOST[39m [37m/wd/hub/session/e5ee5c47-5534-4723-85d8-6e68a761fae9/timeouts[39m
[35m[HTTP][39m [90m{"implicit":60000}[39m
[35m[HTTP][39m [37m<-- POST /wd/hub/session/e5ee5c47-5534-4723-85d8-6e68a761fae9/timeouts [39m[32m200[39m [90m9 ms - 14[39m
[35m[HTTP][39m [90m[39m
[35m[HTTP][39m [37m-->[39m [37mPOST[39m [37m/wd/hub/session/e5ee5c47-5534-4723-85d8-6e68a761fae9/timeouts[39m
[35m[HTTP][39m [90m{"implicit":50}[39m
[35m[HTTP][39m [37m<-- POST /wd/hub/session/e5ee5c47-5534-4723-85d8-6e68a761fae9/timeouts [39m[32m200[39m [90m12 ms - 14[39m
[35m[HTTP][39m [90m[39m
[35m[HTTP][39m [37m-->[39m [37mGET[39m [37m/wd/hub/session/e5ee5c47-5534-4723-85d8-6e68a761fae9/window/rect[39m
[35m[HTTP][39m [90m{}[39m
[35m[HTTP][39m [37m<-- GET /wd/hub/session/e5ee5c47-5534-4723-85d8-6e68a761fae9/window/rect [39m[32m200[39m [90m113 ms - 50[39m
[35m[HTTP][39m [90m[39m
[35m[HTTP][39m [37m-->[39m [37mPOST[39m [37m/wd/hub/session/e5ee5c47-5534-4723-85d8-6e68a761fae9/elements[39m
[35m[HTTP][39m [90m{"using":"-android uiautomator","value":"new UiSelector().className(\"android.view.View\").resourceId(\"GoToDeposit\")"}[39m
[35m[HTTP][39m [37m<-- POST /wd/hub/session/e5ee5c47-5534-4723-85d8-6e68a761fae9/elements [39m[32m200[39m [90m124 ms - 12[39m
[35m[HTTP][39m [90m[39m
[35m[HTTP][39m [37m-->[39m [37mPOST[39m [37m/wd/hub/session/e5ee5c47-5534-4723-85d8-6e68a761fae9/elements[39m
[35m[HTTP][39m [90m{"using":"-android uiautomator","value":"new UiSelector().className(\"android.view.View\").resourceId(\"GoToDeposit\")"}[39m
[35m[HTTP][39m [37m<-- POST /wd/hub/session/e5ee5c47-5534-4723-85d8-6e68a761fae9/elements [39m[32m200[39m [90m123 ms - 12[39m
[35m[HTTP][39m [90m[39m
[35m[HTTP][39m [37m-->[39m [37mPOST[39m [37m/wd/hub/session/e5ee5c47-5534-4723-85d8-6e68a761fae9/elements[39m
[35m[HTTP][39m [90m{"using":"-android uiautomator","value":"new UiSelector().className(\"android.view.View\").resourceId(\"GoToDeposit\")"}[39m
[35m[HTTP][39m [37m<-- POST /wd/hub/session/e5ee5c47-5534-4723-85d8-6e68a761fae9/elements [39m[32m200[39m [90m105 ms - 12[39m
[35m[HTTP][39m [90m[39m
[35m[HTTP][39m [37m-->[39m [37mPOST[39m [37m/wd/hub/session/e5ee5c47-5534-4723-85d8-6e68a761fae9/elements[39m
[35m[HTTP][39m [90m{"using":"-android uiautomator","value":"new UiSelector().className(\"android.view.View\").resourceId(\"GoToDeposit\")"}[39m
[35m[HTTP][39m [37m<-- POST /wd/hub/session/e5ee5c47-5534-4723-85d8-6e68a761fae9/elements [39m[32m200[39m [90m181 ms - 12[39m
[35m[HTTP][39m [90m[39m
[35m[HTTP][39m [37m-->[39m [37mPOST[39m [37m/wd/hub/session/e5ee5c47-5534-4723-85d8-6e68a761fae9/elements[39m
[35m[HTTP][39m [90m{"using":"-android uiautomator","value":"new UiSelector().className(\"android.view.View\").resourceId(\"GoToDeposit\")"}[39m
[35m[HTTP][39m [37m<-- POST /wd/hub/session/e5ee5c47-5534-4723-85d8-6e68a761fae9/elements [39m[32m200[39m [90m464 ms - 12[39m
[35m[HTTP][39m [90m[39m
[35m[HTTP][39m [37m-->[39m [37mPOST[39m [37m/wd/hub/session/e5ee5c47-5534-4723-85d8-6e68a761fae9/elements[39m
[35m[HTTP][39m [90m{"using":"-android uiautomator","value":"new UiSelector().className(\"android.view.View\").resourceId(\"GoToDeposit\")"}[39m
[35m[HTTP][39m [37m<-- POST /wd/hub/session/e5ee5c47-5534-4723-85d8-6e68a761fae9/elements [39m[32m200[39m [90m3148 ms - 139[39m
[35m[HTTP][39m [90m[39m
[35m[HTTP][39m [37m-->[39m [37mGET[39m [37m/wd/hub/session/e5ee5c47-5534-4723-85d8-6e68a761fae9/element/4e6f4c54-4979-45be-b91e-b851cd48db1d/location[39m
[35m[HTTP][39m [90m{}[39m
[35m[W3C (e5ee5c47)][39m Driver proxy active, passing request on via HTTP proxy
[35m[WD Proxy][39m Replacing sessionId 7c483f8a-9bf2-45da-818b-ea28ebcd33ef with e5ee5c47-5534-4723-85d8-6e68a761fae9
[35m[HTTP][39m [37m<-- GET /wd/hub/session/e5ee5c47-5534-4723-85d8-6e68a761fae9/element/4e6f4c54-4979-45be-b91e-b851cd48db1d/location [39m[32m200[39m [90m296 ms - 89[39m
[35m[HTTP][39m [90m[39m
[35m[HTTP][39m [37m-->[39m [37mPOST[39m [37m/wd/hub/session/e5ee5c47-5534-4723-85d8-6e68a761fae9/timeouts[39m
[35m[HTTP][39m [90m{"implicit":60000}[39m
[35m[HTTP][39m [37m<-- POST /wd/hub/session/e5ee5c47-5534-4723-85d8-6e68a761fae9/timeouts [39m[32m200[39m [90m4 ms - 14[39m
[35m[HTTP][39m [90m[39m
[35m[HTTP][39m [37m-->[39m [37mPOST[39m [37m/wd/hub/session/e5ee5c47-5534-4723-85d8-6e68a761fae9/touch/perform[39m
[35m[HTTP][39m [90m{"actions":[{"action":"tap","options":{"x":1,"y":1,"element":"4e6f4c54-4979-45be-b91e-b851cd48db1d"}},{"action":"release","options":{}}]}[39m
[35m[UiAutomator2][39m calling get location: 4e6f4c54-4979-45be-b91e-b851cd48db1d
[35m[HTTP][39m [37m<-- POST /wd/hub/session/e5ee5c47-5534-4723-85d8-6e68a761fae9/touch/perform [39m[32m200[39m [90m1564 ms - 14[39m
[35m[HTTP][39m [90m[39m
[35m[HTTP][39m [37m-->[39m [37mPOST[39m [37m/wd/hub/session/e5ee5c47-5534-4723-85d8-6e68a761fae9/timeouts[39m
[35m[HTTP][39m [90m{"implicit":50}[39m
[35m[HTTP][39m [37m<-- POST /wd/hub/session/e5ee5c47-5534-4723-85d8-6e68a761fae9/timeouts [39m[32m200[39m [90m3 ms - 14[39m
[35m[HTTP][39m [90m[39m
[35m[HTTP][39m [37m-->[39m [37mGET[39m [37m/wd/hub/session/e5ee5c47-5534-4723-85d8-6e68a761fae9/window/rect[39m
[35m[HTTP][39m [90m{}[39m
[35m[HTTP][39m [37m<-- GET /wd/hub/session/e5ee5c47-5534-4723-85d8-6e68a761fae9/window/rect [39m[32m200[39m [90m69 ms - 50[39m
[35m[HTTP][39m [90m[39m
[35m[HTTP][39m [37m-->[39m [37mPOST[39m [37m/wd/hub/session/e5ee5c47-5534-4723-85d8-6e68a761fae9/elements[39m
[35m[HTTP][39m [90m{"using":"-android uiautomator","value":"new UiSelector().className(\"android.widget.Button\").text(\"Penarikan\").resourceId(\"b2-l1-0-btnPenarikan\")"}[39m
[35m[HTTP][39m [37m<-- POST /wd/hub/session/e5ee5c47-5534-4723-85d8-6e68a761fae9/elements [39m[32m200[39m [90m1751 ms - 139[39m
[35m[HTTP][39m [90m[39m
[35m[HTTP][39m [37m-->[39m [37mGET[39m [37m/wd/hub/session/e5ee5c47-5534-4723-85d8-6e68a761fae9/element/b4a0ed79-b3aa-43c0-8128-20158278527b/location[39m
[35m[HTTP][39m [90m{}[39m
[35m[W3C (e5ee5c47)][39m Driver proxy active, passing request on via HTTP proxy
[35m[WD Proxy][39m Replacing sessionId 7c483f8a-9bf2-45da-818b-ea28ebcd33ef with e5ee5c47-5534-4723-85d8-6e68a761fae9
[35m[HTTP][39m [37m<-- GET /wd/hub/session/e5ee5c47-5534-4723-85d8-6e68a761fae9/element/b4a0ed79-b3aa-43c0-8128-20158278527b/location [39m[32m200[39m [90m241 ms - 89[39m
[35m[HTTP][39m [90m[39m
[35m[HTTP][39m [37m-->[39m [37mPOST[39m [37m/wd/hub/session/e5ee5c47-5534-4723-85d8-6e68a761fae9/timeouts[39m
[35m[HTTP][39m [90m{"implicit":60000}[39m
[35m[HTTP][39m [37m<-- POST /wd/hub/session/e5ee5c47-5534-4723-85d8-6e68a761fae9/timeouts [39m[32m200[39m [90m5 ms - 14[39m
[35m[HTTP][39m [90m[39m
[35m[HTTP][39m [37m-->[39m [37mPOST[39m [37m/wd/hub/session/e5ee5c47-5534-4723-85d8-6e68a761fae9/touch/perform[39m
[35m[HTTP][39m [90m{"actions":[{"action":"tap","options":{"x":1,"y":1,"element":"b4a0ed79-b3aa-43c0-8128-20158278527b"}},{"action":"release","options":{}}]}[39m
[35m[UiAutomator2][39m calling get location: b4a0ed79-b3aa-43c0-8128-20158278527b
[35m[HTTP][39m [37m<-- POST /wd/hub/session/e5ee5c47-5534-4723-85d8-6e68a761fae9/touch/perform [39m[32m200[39m [90m3031 ms - 14[39m
[35m[HTTP][39m [90m[39m
[35m[HTTP][39m [37m-->[39m [37mPOST[39m [37m/wd/hub/session/e5ee5c47-5534-4723-85d8-6e68a761fae9/timeouts[39m
[35m[HTTP][39m [90m{"implicit":50}[39m
[35m[HTTP][39m [37m<-- POST /wd/hub/session/e5ee5c47-5534-4723-85d8-6e68a761fae9/timeouts [39m[32m200[39m [90m4 ms - 14[39m
[35m[HTTP][39m [90m[39m
[35m[HTTP][39m [37m-->[39m [37mGET[39m [37m/wd/hub/session/e5ee5c47-5534-4723-85d8-6e68a761fae9/window/rect[39m
[35m[HTTP][39m [90m{}[39m
[35m[HTTP][39m [37m<-- GET /wd/hub/session/e5ee5c47-5534-4723-85d8-6e68a761fae9/window/rect [39m[32m200[39m [90m97 ms - 50[39m
[35m[HTTP][39m [90m[39m
[35m[HTTP][39m [37m-->[39m [37mPOST[39m [37m/wd/hub/session/e5ee5c47-5534-4723-85d8-6e68a761fae9/elements[39m
[35m[HTTP][39m [90m{"using":"-android uiautomator","value":"new UiSelector().className(\"android.widget.EditText\").resourceId(\"b2-Input_Nominal\")"}[39m
[35m[HTTP][39m [37m<-- POST /wd/hub/session/e5ee5c47-5534-4723-85d8-6e68a761fae9/elements [39m[32m200[39m [90m471 ms - 139[39m
[35m[HTTP][39m [90m[39m
[35m[HTTP][39m [37m-->[39m [37mGET[39m [37m/wd/hub/session/e5ee5c47-5534-4723-85d8-6e68a761fae9/element/ef30c0c4-40e1-4ed1-a6f3-04cfdfb07482/location[39m
[35m[HTTP][39m [90m{}[39m
[35m[W3C (e5ee5c47)][39m Driver proxy active, passing request on via HTTP proxy
[35m[WD Proxy][39m Replacing sessionId 7c483f8a-9bf2-45da-818b-ea28ebcd33ef with e5ee5c47-5534-4723-85d8-6e68a761fae9
[35m[HTTP][39m [37m<-- GET /wd/hub/session/e5ee5c47-5534-4723-85d8-6e68a761fae9/element/ef30c0c4-40e1-4ed1-a6f3-04cfdfb07482/location [39m[32m200[39m [90m180 ms - 88[39m
[35m[HTTP][39m [90m[39m
[35m[HTTP][39m [37m-->[39m [37mPOST[39m [37m/wd/hub/session/e5ee5c47-5534-4723-85d8-6e68a761fae9/timeouts[39m
[35m[HTTP][39m [90m{"implicit":60000}[39m
[35m[HTTP][39m [37m<-- POST /wd/hub/session/e5ee5c47-5534-4723-85d8-6e68a761fae9/timeouts [39m[32m200[39m [90m3 ms - 14[39m
[35m[HTTP][39m [90m[39m
[35m[HTTP][39m [37m-->[39m [37mPOST[39m [37m/wd/hub/session/e5ee5c47-5534-4723-85d8-6e68a761fae9/element/ef30c0c4-40e1-4ed1-a6f3-04cfdfb07482/clear[39m
[35m[HTTP][39m [90m{"id":"ef30c0c4-40e1-4ed1-a6f3-04cfdfb07482"}[39m
[35m[HTTP][39m [37m<-- POST /wd/hub/session/e5ee5c47-5534-4723-85d8-6e68a761fae9/element/ef30c0c4-40e1-4ed1-a6f3-04cfdfb07482/clear [39m[32m200[39m [90m153 ms - 27[39m
[35m[HTTP][39m [90m[39m
[35m[HTTP][39m [37m-->[39m [37mPOST[39m [37m/wd/hub/session/e5ee5c47-5534-4723-85d8-6e68a761fae9/element/ef30c0c4-40e1-4ed1-a6f3-04cfdfb07482/value[39m
[35m[HTTP][39m [90m{"id":"ef30c0c4-40e1-4ed1-a6f3-04cfdfb07482","text":"500000","value":["5","0","0","0","0","0"]}[39m
[35m[HTTP][39m [37m<-- POST /wd/hub/session/e5ee5c47-5534-4723-85d8-6e68a761fae9/element/ef30c0c4-40e1-4ed1-a6f3-04cfdfb07482/value [39m[32m200[39m [90m1383 ms - 12[39m
[35m[HTTP][39m [90m[39m
[35m[HTTP][39m [37m-->[39m [37mPOST[39m [37m/wd/hub/session/e5ee5c47-5534-4723-85d8-6e68a761fae9/timeouts[39m
[35m[HTTP][39m [90m{"implicit":50}[39m
[35m[HTTP][39m [37m<-- POST /wd/hub/session/e5ee5c47-5534-4723-85d8-6e68a761fae9/timeouts [39m[32m200[39m [90m3 ms - 14[39m
[35m[HTTP][39m [90m[39m
[35m[HTTP][39m [37m-->[39m [37mGET[39m [37m/wd/hub/session/e5ee5c47-5534-4723-85d8-6e68a761fae9/window/rect[39m
[35m[HTTP][39m [90m{}[39m
[35m[HTTP][39m [37m<-- GET /wd/hub/session/e5ee5c47-5534-4723-85d8-6e68a761fae9/window/rect [39m[32m200[39m [90m56 ms - 50[39m
[35m[HTTP][39m [90m[39m
[35m[HTTP][39m [37m-->[39m [37mPOST[39m [37m/wd/hub/session/e5ee5c47-5534-4723-85d8-6e68a761fae9/elements[39m
[35m[HTTP][39m [90m{"using":"-android uiautomator","value":"new UiSelector().className(\"android.view.View\").text(\"Penarikan hanya dapat dilakukan dalam kelipatan Rp500.000\")"}[39m
[35m[HTTP][39m [37m<-- POST /wd/hub/session/e5ee5c47-5534-4723-85d8-6e68a761fae9/elements [39m[32m200[39m [90m661 ms - 12[39m
[35m[HTTP][39m [90m[39m
[35m[HTTP][39m [37m-->[39m [37mPOST[39m [37m/wd/hub/session/e5ee5c47-5534-4723-85d8-6e68a761fae9/elements[39m
[35m[HTTP][39m [90m{"using":"-android uiautomator","value":"new UiSelector().className(\"android.view.View\").text(\"Penarikan hanya dapat dilakukan dalam kelipatan Rp500.000\")"}[39m
[35m[HTTP][39m [37m<-- POST /wd/hub/session/e5ee5c47-5534-4723-85d8-6e68a761fae9/elements [39m[32m200[39m [90m167 ms - 12[39m
[35m[HTTP][39m [90m[39m
[35m[HTTP][39m [37m-->[39m [37mPOST[39m [37m/wd/hub/session/e5ee5c47-5534-4723-85d8-6e68a761fae9/elements[39m
[35m[HTTP][39m [90m{"using":"-android uiautomator","value":"new UiSelector().className(\"android.view.View\").text(\"Penarikan hanya dapat dilakukan dalam kelipatan Rp500.000\")"}[39m
[35m[HTTP][39m [37m<-- POST /wd/hub/session/e5ee5c47-5534-4723-85d8-6e68a761fae9/elements [39m[32m200[39m [90m176 ms - 12[39m
[35m[HTTP][39m [90m[39m
[35m[HTTP][39m [37m-->[39m [37mPOST[39m [37m/wd/hub/session/e5ee5c47-5534-4723-85d8-6e68a761fae9/elements[39m
[35m[HTTP][39m [90m{"using":"-android uiautomator","value":"new UiSelector().className(\"android.view.View\").text(\"Penarikan hanya dapat dilakukan dalam kelipatan Rp500.000\")"}[39m
[35m[HTTP][39m [37m<-- POST /wd/hub/session/e5ee5c47-5534-4723-85d8-6e68a761fae9/elements [39m[32m200[39m [90m193 ms - 12[39m
[35m[HTTP][39m [90m[39m
[35m[HTTP][39m [37m-->[39m [37mPOST[39m [37m/wd/hub/session/e5ee5c47-5534-4723-85d8-6e68a761fae9/elements[39m
[35m[HTTP][39m [90m{"using":"-android uiautomator","value":"new UiSelector().className(\"android.view.View\").text(\"Penarikan hanya dapat dilakukan dalam kelipatan Rp500.000\")"}[39m
[35m[HTTP][39m [37m<-- POST /wd/hub/session/e5ee5c47-5534-4723-85d8-6e68a761fae9/elements [39m[32m200[39m [90m171 ms - 12[39m
[35m[HTTP][39m [90m[39m
[35m[HTTP][39m [37m-->[39m [37mPOST[39m [37m/wd/hub/session/e5ee5c47-5534-4723-85d8-6e68a761fae9/elements[39m
[35m[HTTP][39m [90m{"using":"-android uiautomator","value":"new UiSelector().className(\"android.view.View\").text(\"Penarikan hanya dapat dilakukan dalam kelipatan Rp500.000\")"}[39m
[35m[HTTP][39m [37m<-- POST /wd/hub/session/e5ee5c47-5534-4723-85d8-6e68a761fae9/elements [39m[32m200[39m [90m213 ms - 12[39m
[35m[HTTP][39m [90m[39m
[35m[HTTP][39m [37m-->[39m [37mPOST[39m [37m/wd/hub/session/e5ee5c47-5534-4723-85d8-6e68a761fae9/elements[39m
[35m[HTTP][39m [90m{"using":"-android uiautomator","value":"new UiSelector().className(\"android.view.View\").text(\"Penarikan hanya dapat dilakukan dalam kelipatan Rp500.000\")"}[39m
[35m[HTTP][39m [37m<-- POST /wd/hub/session/e5ee5c47-5534-4723-85d8-6e68a761fae9/elements [39m[32m200[39m [90m217 ms - 12[39m
[35m[HTTP][39m [90m[39m
[35m[HTTP][39m [37m-->[39m [37mPOST[39m [37m/wd/hub/session/e5ee5c47-5534-4723-85d8-6e68a761fae9/elements[39m
[35m[HTTP][39m [90m{"using":"-android uiautomator","value":"new UiSelector().className(\"android.view.View\").text(\"Penarikan hanya dapat dilakukan dalam kelipatan Rp500.000\")"}[39m
[35m[HTTP][39m [37m<-- POST /wd/hub/session/e5ee5c47-5534-4723-85d8-6e68a761fae9/elements [39m[32m200[39m [90m283 ms - 12[39m
[35m[HTTP][39m [90m[39m
[35m[HTTP][39m [37m-->[39m [37mPOST[39m [37m/wd/hub/session/e5ee5c47-5534-4723-85d8-6e68a761fae9/elements[39m
[35m[HTTP][39m [90m{"using":"-android uiautomator","value":"new UiSelector().className(\"android.view.View\").text(\"Penarikan hanya dapat dilakukan dalam kelipatan Rp500.000\")"}[39m
[35m[HTTP][39m [37m<-- POST /wd/hub/session/e5ee5c47-5534-4723-85d8-6e68a761fae9/elements [39m[32m200[39m [90m265 ms - 12[39m
[35m[HTTP][39m [90m[39m
[35m[HTTP][39m [37m-->[39m [37mPOST[39m [37m/wd/hub/session/e5ee5c47-5534-4723-85d8-6e68a761fae9/elements[39m
[35m[HTTP][39m [90m{"using":"-android uiautomator","value":"new UiSelector().className(\"android.view.View\").text(\"Penarikan hanya dapat dilakukan dalam kelipatan Rp500.000\")"}[39m
[35m[HTTP][39m [37m<-- POST /wd/hub/session/e5ee5c47-5534-4723-85d8-6e68a761fae9/elements [39m[32m200[39m [90m281 ms - 12[39m
[35m[HTTP][39m [90m[39m
[35m[HTTP][39m [37m-->[39m [37mPOST[39m [37m/wd/hub/session/e5ee5c47-5534-4723-85d8-6e68a761fae9/elements[39m
[35m[HTTP][39m [90m{"using":"-android uiautomator","value":"new UiSelector().className(\"android.view.View\").text(\"Penarikan hanya dapat dilakukan dalam kelipatan Rp500.000\")"}[39m
[35m[HTTP][39m [37m<-- POST /wd/hub/session/e5ee5c47-5534-4723-85d8-6e68a761fae9/elements [39m[32m200[39m [90m285 ms - 12[39m
[35m[HTTP][39m [90m[39m
[35m[HTTP][39m [37m-->[39m [37mPOST[39m [37m/wd/hub/session/e5ee5c47-5534-4723-85d8-6e68a761fae9/timeouts[39m
[35m[HTTP][39m [90m{"implicit":60000}[39m
[35m[HTTP][39m [37m<-- POST /wd/hub/session/e5ee5c47-5534-4723-85d8-6e68a761fae9/timeouts [39m[32m200[39m [90m2 ms - 14[39m
[35m[HTTP][39m [90m[39m
[35m[HTTP][39m [37m-->[39m [37mGET[39m [37m/wd/hub/session/e5ee5c47-5534-4723-85d8-6e68a761fae9/context[39m
[35m[HTTP][39m [90m{}[39m
[35m[HTTP][39m [37m<-- GET /wd/hub/session/e5ee5c47-5534-4723-85d8-6e68a761fae9/context [39m[32m200[39m [90m3 ms - 22[39m
[35m[HTTP][39m [90m[39m
[35m[HTTP][39m [37m-->[39m [37mGET[39m [37m/wd/hub/session/e5ee5c47-5534-4723-85d8-6e68a761fae9/contexts[39m
[35m[HTTP][39m [90m{}[39m
[35m[HTTP][39m [37m<-- GET /wd/hub/session/e5ee5c47-5534-4723-85d8-6e68a761fae9/contexts [39m[32m200[39m [90m532 ms - 92[39m
[35m[HTTP][39m [90m[39m
[35m[HTTP][39m [37m-->[39m [37mPOST[39m [37m/wd/hub/session/e5ee5c47-5534-4723-85d8-6e68a761fae9/context[39m
[35m[HTTP][39m [90m{"name":"NATIVE_APP"}[39m
[35m[HTTP][39m [37m<-- POST /wd/hub/session/e5ee5c47-5534-4723-85d8-6e68a761fae9/context [39m[32m200[39m [90m3 ms - 14[39m
[35m[HTTP][39m [90m[39m
[35m[HTTP][39m [37m-->[39m [37mGET[39m [37m/wd/hub/session/e5ee5c47-5534-4723-85d8-6e68a761fae9/screenshot[39m
[35m[HTTP][39m [90m{}[39m
[35m[HTTP][39m [37m<-- GET /wd/hub/session/e5ee5c47-5534-4723-85d8-6e68a761fae9/screenshot [39m[32m200[39m [90m872 ms - 192990[39m
[35m[HTTP][39m [90m[39m
[35m[HTTP][39m [37m-->[39m [37mPOST[39m [37m/wd/hub/session/e5ee5c47-5534-4723-85d8-6e68a761fae9/context[39m
[35m[HTTP][39m [90m{"name":"NATIVE_APP"}[39m
[35m[HTTP][39m [37m<-- POST /wd/hub/session/e5ee5c47-5534-4723-85d8-6e68a761fae9/context [39m[32m200[39m [90m3 ms - 14[39m
[35m[HTTP][39m [90m[39m
[35m[HTTP][39m [37m-->[39m [37mPOST[39m [37m/wd/hub/session/e5ee5c47-5534-4723-85d8-6e68a761fae9/timeouts[39m
[35m[HTTP][39m [90m{"implicit":50}[39m
[35m[HTTP][39m [37m<-- POST /wd/hub/session/e5ee5c47-5534-4723-85d8-6e68a761fae9/timeouts [39m[32m200[39m [90m5 ms - 14[39m
[35m[HTTP][39m [90m[39m
[35m[HTTP][39m [37m-->[39m [37mGET[39m [37m/wd/hub/session/e5ee5c47-5534-4723-85d8-6e68a761fae9/window/rect[39m
[35m[HTTP][39m [90m{}[39m
[35m[HTTP][39m [37m<-- GET /wd/hub/session/e5ee5c47-5534-4723-85d8-6e68a761fae9/window/rect [39m[32m200[39m [90m90 ms - 50[39m
[35m[HTTP][39m [90m[39m
[35m[HTTP][39m [37m-->[39m [37mPOST[39m [37m/wd/hub/session/e5ee5c47-5534-4723-85d8-6e68a761fae9/elements[39m
[35m[HTTP][39m [90m{"using":"-android uiautomator","value":"new UiSelector().className(\"android.view.View\").text(\"▲\")"}[39m
[35m[HTTP][39m [37m<-- POST /wd/hub/session/e5ee5c47-5534-4723-85d8-6e68a761fae9/elements [39m[32m200[39m [90m339 ms - 139[39m
[35m[HTTP][39m [90m[39m
[35m[HTTP][39m [37m-->[39m [37mGET[39m [37m/wd/hub/session/e5ee5c47-5534-4723-85d8-6e68a761fae9/element/40cadd43-0c53-453d-b971-cb20bec2f0b5/location[39m
[35m[HTTP][39m [90m{}[39m
[35m[W3C (e5ee5c47)][39m Driver proxy active, passing request on via HTTP proxy
[35m[WD Proxy][39m Replacing sessionId 7c483f8a-9bf2-45da-818b-ea28ebcd33ef with e5ee5c47-5534-4723-85d8-6e68a761fae9
[35m[HTTP][39m [37m<-- GET /wd/hub/session/e5ee5c47-5534-4723-85d8-6e68a761fae9/element/40cadd43-0c53-453d-b971-cb20bec2f0b5/location [39m[32m200[39m [90m193 ms - 90[39m
[35m[HTTP][39m [90m[39m
[35m[HTTP][39m [37m-->[39m [37mPOST[39m [37m/wd/hub/session/e5ee5c47-5534-4723-85d8-6e68a761fae9/timeouts[39m
[35m[HTTP][39m [90m{"implicit":60000}[39m
[35m[HTTP][39m [37m<-- POST /wd/hub/session/e5ee5c47-5534-4723-85d8-6e68a761fae9/timeouts [39m[32m200[39m [90m3 ms - 14[39m
[35m[HTTP][39m [90m[39m
[35m[HTTP][39m [37m-->[39m [37mPOST[39m [37m/wd/hub/session/e5ee5c47-5534-4723-85d8-6e68a761fae9/touch/perform[39m
[35m[HTTP][39m [90m{"actions":[{"action":"tap","options":{"x":1,"y":1,"element":"40cadd43-0c53-453d-b971-cb20bec2f0b5"}},{"action":"release","options":{}}]}[39m
[35m[UiAutomator2][39m calling get location: 40cadd43-0c53-453d-b971-cb20bec2f0b5
[35m[HTTP][39m [37m<-- POST /wd/hub/session/e5ee5c47-5534-4723-85d8-6e68a761fae9/touch/perform [39m[32m200[39m [90m1069 ms - 14[39m
[35m[HTTP][39m [90m[39m
[35m[HTTP][39m [37m-->[39m [37mPOST[39m [37m/wd/hub/session/e5ee5c47-5534-4723-85d8-6e68a761fae9/timeouts[39m
[35m[HTTP][39m [90m{"implicit":50}[39m
[35m[HTTP][39m [37m<-- POST /wd/hub/session/e5ee5c47-5534-4723-85d8-6e68a761fae9/timeouts [39m[32m200[39m [90m3 ms - 14[39m
[35m[HTTP][39m [90m[39m
[35m[HTTP][39m [37m-->[39m [37mGET[39m [37m/wd/hub/session/e5ee5c47-5534-4723-85d8-6e68a761fae9/window/rect[39m
[35m[HTTP][39m [90m{}[39m
[35m[HTTP][39m [37m<-- GET /wd/hub/session/e5ee5c47-5534-4723-85d8-6e68a761fae9/window/rect [39m[32m200[39m [90m70 ms - 50[39m
[35m[HTTP][39m [90m[39m
[35m[HTTP][39m [37m-->[39m [37mPOST[39m [37m/wd/hub/session/e5ee5c47-5534-4723-85d8-6e68a761fae9/elements[39m
[35m[HTTP][39m [90m{"using":"-android uiautomator","value":"new UiSelector().className(\"android.view.View\").textContains(\"BANK MANDIRI\")"}[39m
[35m[HTTP][39m [37m<-- POST /wd/hub/session/e5ee5c47-5534-4723-85d8-6e68a761fae9/elements [39m[32m200[39m [90m439 ms - 139[39m
[35m[HTTP][39m [90m[39m
[35m[HTTP][39m [37m-->[39m [37mGET[39m [37m/wd/hub/session/e5ee5c47-5534-4723-85d8-6e68a761fae9/element/f17f98fa-0ed2-44b4-98aa-a23bdcbf1204/location[39m
[35m[HTTP][39m [90m{}[39m
[35m[W3C (e5ee5c47)][39m Driver proxy active, passing request on via HTTP proxy
[35m[WD Proxy][39m Replacing sessionId 7c483f8a-9bf2-45da-818b-ea28ebcd33ef with e5ee5c47-5534-4723-85d8-6e68a761fae9
[35m[HTTP][39m [37m<-- GET /wd/hub/session/e5ee5c47-5534-4723-85d8-6e68a761fae9/element/f17f98fa-0ed2-44b4-98aa-a23bdcbf1204/location [39m[32m200[39m [90m224 ms - 89[39m
[35m[HTTP][39m [90m[39m
[35m[HTTP][39m [37m-->[39m [37mPOST[39m [37m/wd/hub/session/e5ee5c47-5534-4723-85d8-6e68a761fae9/timeouts[39m
[35m[HTTP][39m [90m{"implicit":60000}[39m
[35m[HTTP][39m [37m<-- POST /wd/hub/session/e5ee5c47-5534-4723-85d8-6e68a761fae9/timeouts [39m[32m200[39m [90m7 ms - 14[39m
[35m[HTTP][39m [90m[39m
[35m[HTTP][39m [37m-->[39m [37mPOST[39m [37m/wd/hub/session/e5ee5c47-5534-4723-85d8-6e68a761fae9/touch/perform[39m
[35m[HTTP][39m [90m{"actions":[{"action":"tap","options":{"x":1,"y":1,"element":"f17f98fa-0ed2-44b4-98aa-a23bdcbf1204"}},{"action":"release","options":{}}]}[39m
[35m[UiAutomator2][39m calling get location: f17f98fa-0ed2-44b4-98aa-a23bdcbf1204
[35m[HTTP][39m [37m<-- POST /wd/hub/session/e5ee5c47-5534-4723-85d8-6e68a761fae9/touch/perform [39m[32m200[39m [90m1234 ms - 14[39m
[35m[HTTP][39m [90m[39m
[35m[HTTP][39m [37m-->[39m [37mPOST[39m [37m/wd/hub/session/e5ee5c47-5534-4723-85d8-6e68a761fae9/timeouts[39m
[35m[HTTP][39m [90m{"implicit":50}[39m
[35m[HTTP][39m [37m<-- POST /wd/hub/session/e5ee5c47-5534-4723-85d8-6e68a761fae9/timeouts [39m[32m200[39m [90m4 ms - 14[39m
[35m[HTTP][39m [90m[39m
[35m[HTTP][39m [37m-->[39m [37mGET[39m [37m/wd/hub/session/e5ee5c47-5534-4723-85d8-6e68a761fae9/window/rect[39m
[35m[HTTP][39m [90m{}[39m
[35m[HTTP][39m [37m<-- GET /wd/hub/session/e5ee5c47-5534-4723-85d8-6e68a761fae9/window/rect [39m[32m200[39m [90m105 ms - 50[39m
[35m[HTTP][39m [90m[39m
[35m[HTTP][39m [37m-->[39m [37mPOST[39m [37m/wd/hub/session/e5ee5c47-5534-4723-85d8-6e68a761fae9/elements[39m
[35m[HTTP][39m [90m{"using":"-android uiautomator","value":"new UiSelector().className(\"android.widget.Button\").text(\"Lanjut\")"}[39m
[35m[HTTP][39m [37m<-- POST /wd/hub/session/e5ee5c47-5534-4723-85d8-6e68a761fae9/elements [39m[32m200[39m [90m545 ms - 139[39m
[35m[HTTP][39m [90m[39m
[35m[HTTP][39m [37m-->[39m [37mGET[39m [37m/wd/hub/session/e5ee5c47-5534-4723-85d8-6e68a761fae9/element/abd579d2-6a47-4bc9-90c9-414d688e4f10/location[39m
[35m[HTTP][39m [90m{}[39m
[35m[W3C (e5ee5c47)][39m Driver proxy active, passing request on via HTTP proxy
[35m[WD Proxy][39m Replacing sessionId 7c483f8a-9bf2-45da-818b-ea28ebcd33ef with e5ee5c47-5534-4723-85d8-6e68a761fae9
[35m[HTTP][39m [37m<-- GET /wd/hub/session/e5ee5c47-5534-4723-85d8-6e68a761fae9/element/abd579d2-6a47-4bc9-90c9-414d688e4f10/location [39m[32m200[39m [90m231 ms - 89[39m
[35m[HTTP][39m [90m[39m
[35m[HTTP][39m [37m-->[39m [37mPOST[39m [37m/wd/hub/session/e5ee5c47-5534-4723-85d8-6e68a761fae9/timeouts[39m
[35m[HTTP][39m [90m{"implicit":60000}[39m
[35m[HTTP][39m [37m<-- POST /wd/hub/session/e5ee5c47-5534-4723-85d8-6e68a761fae9/timeouts [39m[32m200[39m [90m3 ms - 14[39m
[35m[HTTP][39m [90m[39m
[35m[HTTP][39m [37m-->[39m [37mPOST[39m [37m/wd/hub/session/e5ee5c47-5534-4723-85d8-6e68a761fae9/touch/perform[39m
[35m[HTTP][39m [90m{"actions":[{"action":"tap","options":{"x":1,"y":1,"element":"abd579d2-6a47-4bc9-90c9-414d688e4f10"}},{"action":"release","options":{}}]}[39m
[35m[UiAutomator2][39m calling get location: abd579d2-6a47-4bc9-90c9-414d688e4f10
[35m[HTTP][39m [37m<-- POST /wd/hub/session/e5ee5c47-5534-4723-85d8-6e68a761fae9/touch/perform [39m[32m200[39m [90m2907 ms - 14[39m
[35m[HTTP][39m [90m[39m
[35m[HTTP][39m [37m-->[39m [37mPOST[39m [37m/wd/hub/session/e5ee5c47-5534-4723-85d8-6e68a761fae9/timeouts[39m
[35m[HTTP][39m [90m{"implicit":50}[39m
[35m[HTTP][39m [37m<-- POST /wd/hub/session/e5ee5c47-5534-4723-85d8-6e68a761fae9/timeouts [39m[32m200[39m [90m3 ms - 14[39m
[35m[HTTP][39m [90m[39m
[35m[HTTP][39m [37m-->[39m [37mGET[39m [37m/wd/hub/session/e5ee5c47-5534-4723-85d8-6e68a761fae9/window/rect[39m
[35m[HTTP][39m [90m{}[39m
[35m[HTTP][39m [37m<-- GET /wd/hub/session/e5ee5c47-5534-4723-85d8-6e68a761fae9/window/rect [39m[32m200[39m [90m73 ms - 50[39m
[35m[HTTP][39m [90m[39m
[35m[HTTP][39m [37m-->[39m [37mPOST[39m [37m/wd/hub/session/e5ee5c47-5534-4723-85d8-6e68a761fae9/elements[39m
[35m[HTTP][39m [90m{"using":"-android uiautomator","value":"new UiSelector().className(\"android.view.View\").text(\"Penarikan Anda Melebihi Total Saldo\")"}[39m
[35m[HTTP][39m [37m<-- POST /wd/hub/session/e5ee5c47-5534-4723-85d8-6e68a761fae9/elements [39m[32m200[39m [90m226 ms - 12[39m
[35m[HTTP][39m [90m[39m
[35m[HTTP][39m [37m-->[39m [37mPOST[39m [37m/wd/hub/session/e5ee5c47-5534-4723-85d8-6e68a761fae9/elements[39m
[35m[HTTP][39m [90m{"using":"-android uiautomator","value":"new UiSelector().className(\"android.view.View\").text(\"Penarikan Anda Melebihi Total Saldo\")"}[39m
[35m[HTTP][39m [37m<-- POST /wd/hub/session/e5ee5c47-5534-4723-85d8-6e68a761fae9/elements [39m[32m200[39m [90m202 ms - 12[39m
[35m[HTTP][39m [90m[39m
[35m[HTTP][39m [37m-->[39m [37mPOST[39m [37m/wd/hub/session/e5ee5c47-5534-4723-85d8-6e68a761fae9/elements[39m
[35m[HTTP][39m [90m{"using":"-android uiautomator","value":"new UiSelector().className(\"android.view.View\").text(\"Penarikan Anda Melebihi Total Saldo\")"}[39m
[35m[HTTP][39m [37m<-- POST /wd/hub/session/e5ee5c47-5534-4723-85d8-6e68a761fae9/elements [39m[32m200[39m [90m205 ms - 12[39m
[35m[HTTP][39m [90m[39m
[35m[HTTP][39m [37m-->[39m [37mPOST[39m [37m/wd/hub/session/e5ee5c47-5534-4723-85d8-6e68a761fae9/elements[39m
[35m[HTTP][39m [90m{"using":"-android uiautomator","value":"new UiSelector().className(\"android.view.View\").text(\"Penarikan Anda Melebihi Total Saldo\")"}[39m
[35m[HTTP][39m [37m<-- POST /wd/hub/session/e5ee5c47-5534-4723-85d8-6e68a761fae9/elements [39m[32m200[39m [90m213 ms - 12[39m
[35m[HTTP][39m [90m[39m
[35m[HTTP][39m [37m-->[39m [37mPOST[39m [37m/wd/hub/session/e5ee5c47-5534-4723-85d8-6e68a761fae9/elements[39m
[35m[HTTP][39m [90m{"using":"-android uiautomator","value":"new UiSelector().className(\"android.view.View\").text(\"Penarikan Anda Melebihi Total Saldo\")"}[39m
[35m[HTTP][39m [37m<-- POST /wd/hub/session/e5ee5c47-5534-4723-85d8-6e68a761fae9/elements [39m[32m200[39m [90m749 ms - 12[39m
[35m[HTTP][39m [90m[39m
[35m[HTTP][39m [37m-->[39m [37mPOST[39m [37m/wd/hub/session/e5ee5c47-5534-4723-85d8-6e68a761fae9/elements[39m
[35m[HTTP][39m [90m{"using":"-android uiautomator","value":"new UiSelector().className(\"android.view.View\").text(\"Penarikan Anda Melebihi Total Saldo\")"}[39m
[35m[HTTP][39m [37m<-- POST /wd/hub/session/e5ee5c47-5534-4723-85d8-6e68a761fae9/elements [39m[32m200[39m [90m226 ms - 12[39m
[35m[HTTP][39m [90m[39m
[35m[HTTP][39m [37m-->[39m [37mPOST[39m [37m/wd/hub/session/e5ee5c47-5534-4723-85d8-6e68a761fae9/elements[39m
[35m[HTTP][39m [90m{"using":"-android uiautomator","value":"new UiSelector().className(\"android.view.View\").text(\"Penarikan Anda Melebihi Total Saldo\")"}[39m
[35m[HTTP][39m [37m<-- POST /wd/hub/session/e5ee5c47-5534-4723-85d8-6e68a761fae9/elements [39m[32m200[39m [90m221 ms - 12[39m
[35m[HTTP][39m [90m[39m
[35m[HTTP][39m [37m-->[39m [37mPOST[39m [37m/wd/hub/session/e5ee5c47-5534-4723-85d8-6e68a761fae9/elements[39m
[35m[HTTP][39m [90m{"using":"-android uiautomator","value":"new UiSelector().className(\"android.view.View\").text(\"Penarikan Anda Melebihi Total Saldo\")"}[39m
[35m[HTTP][39m [37m<-- POST /wd/hub/session/e5ee5c47-5534-4723-85d8-6e68a761fae9/elements [39m[32m200[39m [90m677 ms - 12[39m
[35m[HTTP][39m [90m[39m
[35m[HTTP][39m [37m-->[39m [37mPOST[39m [37m/wd/hub/session/e5ee5c47-5534-4723-85d8-6e68a761fae9/elements[39m
[35m[HTTP][39m [90m{"using":"-android uiautomator","value":"new UiSelector().className(\"android.view.View\").text(\"Penarikan Anda Melebihi Total Saldo\")"}[39m
[35m[HTTP][39m [37m<-- POST /wd/hub/session/e5ee5c47-5534-4723-85d8-6e68a761fae9/elements [39m[32m200[39m [90m1076 ms - 12[39m
[35m[HTTP][39m [90m[39m
[35m[HTTP][39m [37m-->[39m [37mPOST[39m [37m/wd/hub/session/e5ee5c47-5534-4723-85d8-6e68a761fae9/timeouts[39m
[35m[HTTP][39m [90m{"implicit":60000}[39m
[35m[HTTP][39m [37m<-- POST /wd/hub/session/e5ee5c47-5534-4723-85d8-6e68a761fae9/timeouts [39m[32m200[39m [90m4 ms - 14[39m
[35m[HTTP][39m [90m[39m
[35m[HTTP][39m [37m-->[39m [37mGET[39m [37m/wd/hub/session/e5ee5c47-5534-4723-85d8-6e68a761fae9/context[39m
[35m[HTTP][39m [90m{}[39m
[35m[HTTP][39m [37m<-- GET /wd/hub/session/e5ee5c47-5534-4723-85d8-6e68a761fae9/context [39m[32m200[39m [90m2 ms - 22[39m
[35m[HTTP][39m [90m[39m
[35m[HTTP][39m [37m-->[39m [37mGET[39m [37m/wd/hub/session/e5ee5c47-5534-4723-85d8-6e68a761fae9/contexts[39m
[35m[HTTP][39m [90m{}[39m
[35m[HTTP][39m [37m<-- GET /wd/hub/session/e5ee5c47-5534-4723-85d8-6e68a761fae9/contexts [39m[32m200[39m [90m518 ms - 92[39m
[35m[HTTP][39m [90m[39m
[35m[HTTP][39m [37m-->[39m [37mPOST[39m [37m/wd/hub/session/e5ee5c47-5534-4723-85d8-6e68a761fae9/context[39m
[35m[HTTP][39m [90m{"name":"NATIVE_APP"}[39m
[35m[HTTP][39m [37m<-- POST /wd/hub/session/e5ee5c47-5534-4723-85d8-6e68a761fae9/context [39m[32m200[39m [90m2 ms - 14[39m
[35m[HTTP][39m [90m[39m
[35m[HTTP][39m [37m-->[39m [37mGET[39m [37m/wd/hub/session/e5ee5c47-5534-4723-85d8-6e68a761fae9/screenshot[39m
[35m[HTTP][39m [90m{}[39m
[35m[HTTP][39m [37m<-- GET /wd/hub/session/e5ee5c47-5534-4723-85d8-6e68a761fae9/screenshot [39m[32m200[39m [90m713 ms - 139074[39m
[35m[HTTP][39m [90m[39m
[35m[HTTP][39m [37m-->[39m [37mPOST[39m [37m/wd/hub/session/e5ee5c47-5534-4723-85d8-6e68a761fae9/context[39m
[35m[HTTP][39m [90m{"name":"NATIVE_APP"}[39m
[35m[HTTP][39m [37m<-- POST /wd/hub/session/e5ee5c47-5534-4723-85d8-6e68a761fae9/context [39m[32m200[39m [90m5 ms - 14[39m
[35m[HTTP][39m [90m[39m
[35m[HTTP][39m [37m-->[39m [37mGET[39m [37m/wd/hub/session/e5ee5c47-5534-4723-85d8-6e68a761fae9/context[39m
[35m[HTTP][39m [90m{}[39m
[35m[HTTP][39m [37m<-- GET /wd/hub/session/e5ee5c47-5534-4723-85d8-6e68a761fae9/context [39m[32m200[39m [90m3 ms - 22[39m
[35m[HTTP][39m [90m[39m
[35m[HTTP][39m [37m-->[39m [37mGET[39m [37m/wd/hub/session/e5ee5c47-5534-4723-85d8-6e68a761fae9/contexts[39m
[35m[HTTP][39m [90m{}[39m
[35m[HTTP][39m [37m<-- GET /wd/hub/session/e5ee5c47-5534-4723-85d8-6e68a761fae9/contexts [39m[32m200[39m [90m605 ms - 92[39m
[35m[HTTP][39m [90m[39m
[35m[HTTP][39m [37m-->[39m [37mPOST[39m [37m/wd/hub/session/e5ee5c47-5534-4723-85d8-6e68a761fae9/context[39m
[35m[HTTP][39m [90m{"name":"NATIVE_APP"}[39m
[35m[HTTP][39m [37m<-- POST /wd/hub/session/e5ee5c47-5534-4723-85d8-6e68a761fae9/context [39m[32m200[39m [90m2 ms - 14[39m
[35m[HTTP][39m [90m[39m
[35m[HTTP][39m [37m-->[39m [37mGET[39m [37m/wd/hub/session/e5ee5c47-5534-4723-85d8-6e68a761fae9/screenshot[39m
[35m[HTTP][39m [90m{}[39m
[35m[HTTP][39m [37m<-- GET /wd/hub/session/e5ee5c47-5534-4723-85d8-6e68a761fae9/screenshot [39m[32m200[39m [90m729 ms - 139506[39m
[35m[HTTP][39m [90m[39m
[35m[HTTP][39m [37m-->[39m [37mPOST[39m [37m/wd/hub/session/e5ee5c47-5534-4723-85d8-6e68a761fae9/context[39m
[35m[HTTP][39m [90m{"name":"NATIVE_APP"}[39m
[35m[HTTP][39m [37m<-- POST /wd/hub/session/e5ee5c47-5534-4723-85d8-6e68a761fae9/context [39m[32m200[39m [90m3 ms - 14[39m
[35m[HTTP][39m [90m[39m
[35m[HTTP][39m [37m-->[39m [37mGET[39m [37m/wd/hub/status[39m
[35m[HTTP][39m [90m{}[39m
[35m[HTTP][39m [37m<-- GET /wd/hub/status [39m[32m200[39m [90m2 ms - 68[39m
[35m[HTTP][39m [90m[39m
[35m[HTTP][39m [37m-->[39m [37mPOST[39m [37m/wd/hub/session[39m
[35m[HTTP][39m [90m{"desiredCapabilities":{"app":"C:\\Users\\Marvin\\git\\ACCBid-Mobile\\accbid.apk","noReset":true,"deviceId":"","deviceName":"samsung SM-A505F (Android 9)","fullReset":false,"platform":"ANDROID","newCommandTimeout":1800,"platformVersion":"9","automationName":"uiautomator2","autoGrantPermissions":true,"unicodeKeyboard":true,"platformName":"Android","udid":"RR8M30NJEFN","resetKeyboard":true,"systemPort":60547},"capabilities":{"firstMatch":[{"appium:app":"C:\\Users\\Marvin\\git\\ACCBid-Mobile\\accbid.apk","appium:autoGrantPermissions":true,"appium:automationName":"uiautomator2","deviceId":"","appium:deviceName":"samsung SM-A505F (Android 9)","appium:fullReset":false,"appium:newCommandTimeout":1800,"appium:noReset":true,"platform":"ANDROID","platformName":"android","appium:platformVersion":"9","appium:resetKeyboard":true,"appium:systemPort":60547,"appium:udid":"RR8M30NJEFN","appium:unicodeKeyboard":true}]}}[39m
[35m[BaseDriver][39m The capabilities ["deviceId","platform"] are not standard capabilities and should have an extension prefix
[35m[Appium][39m Appium v1.12.1 creating new AndroidUiautomator2Driver (v1.33.0) session
[35m[Appium][39m Capabilities:
[35m[Appium][39m   deviceId: 
[35m[Appium][39m   platform: ANDROID
[35m[Appium][39m   platformName: android
[35m[Appium][39m   app: C:\Users\Marvin\git\ACCBid-Mobile\accbid.apk
[35m[Appium][39m   autoGrantPermissions: true
[35m[Appium][39m   automationName: uiautomator2
[35m[Appium][39m   deviceName: samsung SM-A505F (Android 9)
[35m[Appium][39m   fullReset: false
[35m[Appium][39m   newCommandTimeout: 1800
[35m[Appium][39m   noReset: true
[35m[Appium][39m   platformVersion: 9
[35m[Appium][39m   resetKeyboard: true
[35m[Appium][39m   systemPort: 60547
[35m[Appium][39m   udid: RR8M30NJEFN
[35m[Appium][39m   unicodeKeyboard: true
[35m[BaseDriver][39m The following capabilities were provided, but are not recognized by appium: deviceId, platform.
[35m[BaseDriver][39m Session created with session id: 3044033b-8de8-4adb-98c0-52dd3def19b1
[35m[BaseDriver][39m Using local app 'C:\Users\Marvin\git\ACCBid-Mobile\accbid.apk'
[35m[AndroidDriver][39m Retrieving device list
[35m[AndroidDriver][39m Using device: RR8M30NJEFN
[35m[UiAutomator2][39m Relaxing hidden api policy
[35m[ADB][39m Using the alternative activity name detection method because of: Could not find apkanalyzer.bat in C:\Users\Marvin\.katalon\tools\android_sdk\platform-tools\apkanalyzer.bat,C:\Users\Marvin\.katalon\tools\android_sdk\emulator\apkanalyzer.bat,C:\Users\Marvin\.katalon\tools\android_sdk\tools\apkanalyzer.bat,C:\Users\Marvin\.katalon\tools\android_sdk\tools\bin\apkanalyzer.bat,C:\Users\Marvin\.katalon\tools\android_sdk\build-tools\29.0.0\apkanalyzer.bat. Do you have the Android SDK installed at 'C:\Users\Marvin\.katalon\tools\android_sdk'?
[35m[ADB][39m Extracting package and launch activity from manifest
[35m[ADB][39m Package name: 'com.outsystemsenterprise.acctst1.BidMart'
[35m[ADB][39m Main activity name: 'com.outsystemsenterprise.acctst1.BidMart.MainActivity'
[35m[HTTP][39m [37m<-- POST /wd/hub/session [39m[32m-[39m [90m- ms - -[39m
[35m[HTTP][39m [90m[39m
[35m[UiAutomator2][39m Server packages are not going to be (re)installed
[35m[UiAutomator2][39m Starting UIAutomator2 server 3.4.0
[35m[UiAutomator2][39m Using UIAutomator2 server from 'C:\Users\Marvin\AppData\Roaming\npm\node_modules\appium\node_modules\appium-uiautomator2-server\apks\appium-uiautomator2-server-v3.4.0.apk' and test from 'C:\Users\Marvin\AppData\Roaming\npm\node_modules\appium\node_modules\appium-uiautomator2-server\apks\appium-uiautomator2-server-debug-androidTest.apk'
[35m[UiAutomator2][39m Waiting up to 30000ms for UiAutomator2 to be online...
[35m[WD Proxy][39m Got an unexpected response: {"code":"ECONNRESET"}
[35m[WD Proxy][39m Got an unexpected response: {"code":"ECONNRESET"}
[35m[AndroidDriver][39m Screen already unlocked, doing nothing
[35m[UiAutomator2][39m UiAutomator2 did not start the activity we were waiting for, 'com.outsystemsenterprise.acctst1.BidMart/com.outsystemsenterprise.acctst1.BidMart.MainActivity'. Starting it ourselves
[35m[Appium][39m New AndroidUiautomator2Driver session created successfully, session 3044033b-8de8-4adb-98c0-52dd3def19b1 added to master session list
[35m[BaseDriver][39m Shutting down because we waited 1800 seconds for a command
[35m[Appium][39m Closing session, cause was 'New Command Timeout of 1800 seconds expired. Try customizing the timeout using the 'newCommandTimeout' desired capability'
[35m[Appium][39m Removing session e5ee5c47-5534-4723-85d8-6e68a761fae9 from our master session list
[35m[WD Proxy][39m Got an unexpected response: {"code":"ECONNRESET"}
[35m[UiAutomator2][39m Did not get confirmation UiAutomator2 deleteSession worked; Error was: UnknownError: An unknown server-side error occurred while processing the command. Original error: Could not proxy command to remote server. Original error: Error: socket hang up
[35m[UiAutomator2][39m Restoring hidden api policy to the device default configuration
[35m[BaseDriver][39m Shutting down because we waited 1800 seconds for a command
[35m[Appium][39m Closing session, cause was 'New Command Timeout of 1800 seconds expired. Try customizing the timeout using the 'newCommandTimeout' desired capability'
[35m[Appium][39m Removing session 3044033b-8de8-4adb-98c0-52dd3def19b1 from our master session list
[35m[WD Proxy][39m Got an unexpected response: {"code":"ECONNRESET"}
[35m[UiAutomator2][39m Did not get confirmation UiAutomator2 deleteSession worked; Error was: UnknownError: An unknown server-side error occurred while processing the command. Original error: Could not proxy command to remote server. Original error: Error: socket hang up
[35m[UiAutomator2][39m Restoring hidden api policy to the device default configuration
