[35m[Appium][39m Welcome to Appium v1.12.1
[35m[Appium][39m Non-default server args:
[35m[Appium][39m   port: 61731
[35m[Appium][39m   loglevel: info
[35m[Appium][39m   chromeDriverPort: 61732
[35m[Appium][39m   tmpDir: C:\Users\Marvin\AppData\Local\Temp\\Katalon\Appium\Temp1573463204298
[35m[Appium][39m Appium REST http interface listener started on 0.0.0.0:61731
[35m[HTTP][39m [37m-->[39m [37mGET[39m [37m/wd/hub/status[39m
[35m[HTTP][39m [90m{}[39m
[35m[HTTP][39m [37m<-- GET /wd/hub/status [39m[32m200[39m [90m9 ms - 68[39m
[35m[HTTP][39m [90m[39m
[35m[HTTP][39m [37m-->[39m [37mPOST[39m [37m/wd/hub/session[39m
[35m[HTTP][39m [90m{"desiredCapabilities":{"app":"C:\\Users\\Marvin\\git\\ACCBid-Mobile\\accbid.apk","noReset":true,"deviceId":"","deviceName":"samsung SM-A505F (Android 9)","fullReset":false,"platform":"ANDROID","newCommandTimeout":1800,"platformVersion":"9","automationName":"uiautomator2","autoGrantPermissions":true,"unicodeKeyboard":true,"platformName":"Android","udid":"RR8M30NJEFN","resetKeyboard":true,"systemPort":61730},"capabilities":{"firstMatch":[{"appium:app":"C:\\Users\\Marvin\\git\\ACCBid-Mobile\\accbid.apk","appium:autoGrantPermissions":true,"appium:automationName":"uiautomator2","deviceId":"","appium:deviceName":"samsung SM-A505F (Android 9)","appium:fullReset":false,"appium:newCommandTimeout":1800,"appium:noReset":true,"platform":"ANDROID","platformName":"android","appium:platformVersion":"9","appium:resetKeyboard":true,"appium:systemPort":61730,"appium:udid":"RR8M30NJEFN","appium:unicodeKeyboard":true}]}}[39m
[35m[BaseDriver][39m The capabilities ["deviceId","platform"] are not standard capabilities and should have an extension prefix
[35m[Appium][39m Appium v1.12.1 creating new AndroidUiautomator2Driver (v1.33.0) session
[35m[Appium][39m Capabilities:
[35m[Appium][39m   deviceId: 
[35m[Appium][39m   platform: ANDROID
[35m[Appium][39m   platformName: android
[35m[Appium][39m   app: C:\Users\Marvin\git\ACCBid-Mobile\accbid.apk
[35m[Appium][39m   autoGrantPermissions: true
[35m[Appium][39m   automationName: uiautomator2
[35m[Appium][39m   deviceName: samsung SM-A505F (Android 9)
[35m[Appium][39m   fullReset: false
[35m[Appium][39m   newCommandTimeout: 1800
[35m[Appium][39m   noReset: true
[35m[Appium][39m   platformVersion: 9
[35m[Appium][39m   resetKeyboard: true
[35m[Appium][39m   systemPort: 61730
[35m[Appium][39m   udid: RR8M30NJEFN
[35m[Appium][39m   unicodeKeyboard: true
[35m[BaseDriver][39m The following capabilities were provided, but are not recognized by appium: deviceId, platform.
[35m[BaseDriver][39m Session created with session id: 8b85891f-01a8-405a-9ac1-95db8c8edc56
[35m[BaseDriver][39m Using local app 'C:\Users\Marvin\git\ACCBid-Mobile\accbid.apk'
[35m[ADB][39m Checking whether adb is present
[35m[ADB][39m Found 1 'build-tools' folders under 'C:\Users\Marvin\.katalon\tools\android_sdk' (newest first):
[35m[ADB][39m     C:/Users/Marvin/.katalon/tools/android_sdk/build-tools/29.0.0
[35m[ADB][39m Using adb.exe from C:\Users\Marvin\.katalon\tools\android_sdk\platform-tools\adb.exe
[35m[AndroidDriver][39m Retrieving device list
[35m[AndroidDriver][39m Using device: RR8M30NJEFN
[35m[UiAutomator2][39m Relaxing hidden api policy
[35m[ADB][39m Using the alternative activity name detection method because of: Could not find apkanalyzer.bat in C:\Users\Marvin\.katalon\tools\android_sdk\platform-tools\apkanalyzer.bat,C:\Users\Marvin\.katalon\tools\android_sdk\emulator\apkanalyzer.bat,C:\Users\Marvin\.katalon\tools\android_sdk\tools\apkanalyzer.bat,C:\Users\Marvin\.katalon\tools\android_sdk\tools\bin\apkanalyzer.bat,C:\Users\Marvin\.katalon\tools\android_sdk\build-tools\29.0.0\apkanalyzer.bat. Do you have the Android SDK installed at 'C:\Users\Marvin\.katalon\tools\android_sdk'?
[35m[ADB][39m Checking whether aapt is present
[35m[ADB][39m Using aapt.exe from C:\Users\Marvin\.katalon\tools\android_sdk\build-tools\29.0.0\aapt.exe
[35m[ADB][39m Extracting package and launch activity from manifest
[35m[ADB][39m Package name: 'com.outsystemsenterprise.acctst1.BidMart'
[35m[ADB][39m Main activity name: 'com.outsystemsenterprise.acctst1.BidMart.MainActivity'
[35m[ADB][39m Using apksigner.bat from C:\Users\Marvin\.katalon\tools\android_sdk\build-tools\29.0.0\apksigner.bat
[35m[UiAutomator2][39m Server packages are not going to be (re)installed
[35m[UiAutomator2][39m Starting UIAutomator2 server 3.4.0
[35m[UiAutomator2][39m Using UIAutomator2 server from 'C:\Users\Marvin\AppData\Roaming\npm\node_modules\appium\node_modules\appium-uiautomator2-server\apks\appium-uiautomator2-server-v3.4.0.apk' and test from 'C:\Users\Marvin\AppData\Roaming\npm\node_modules\appium\node_modules\appium-uiautomator2-server\apks\appium-uiautomator2-server-debug-androidTest.apk'
[35m[UiAutomator2][39m Waiting up to 30000ms for UiAutomator2 to be online...
[35m[WD Proxy][39m Got an unexpected response: {"code":"ECONNRESET"}
[35m[WD Proxy][39m Got an unexpected response: {"code":"ECONNRESET"}
[35m[AndroidDriver][39m Screen already unlocked, doing nothing
[35m[UiAutomator2][39m UiAutomator2 did not start the activity we were waiting for, 'com.outsystemsenterprise.acctst1.BidMart/com.outsystemsenterprise.acctst1.BidMart.MainActivity'. Starting it ourselves
[35m[Appium][39m New AndroidUiautomator2Driver session created successfully, session 8b85891f-01a8-405a-9ac1-95db8c8edc56 added to master session list
[35m[HTTP][39m [37m<-- POST /wd/hub/session [39m[32m200[39m [90m23868 ms - 1337[39m
[35m[HTTP][39m [90m[39m
[35m[HTTP][39m [37m-->[39m [37mGET[39m [37m/wd/hub/session/8b85891f-01a8-405a-9ac1-95db8c8edc56[39m
[35m[HTTP][39m [90m{}[39m
[35m[HTTP][39m [37m<-- GET /wd/hub/session/8b85891f-01a8-405a-9ac1-95db8c8edc56 [39m[32m200[39m [90m51 ms - 1269[39m
[35m[HTTP][39m [90m[39m
[35m[HTTP][39m [37m-->[39m [37mGET[39m [37m/wd/hub/session/8b85891f-01a8-405a-9ac1-95db8c8edc56[39m
[35m[HTTP][39m [90m{}[39m
[35m[HTTP][39m [37m<-- GET /wd/hub/session/8b85891f-01a8-405a-9ac1-95db8c8edc56 [39m[32m200[39m [90m48 ms - 1269[39m
[35m[HTTP][39m [90m[39m
[35m[HTTP][39m [37m-->[39m [37mGET[39m [37m/wd/hub/status[39m
[35m[HTTP][39m [90m{}[39m
[35m[HTTP][39m [37m<-- GET /wd/hub/status [39m[32m200[39m [90m1 ms - 68[39m
[35m[HTTP][39m [90m[39m
[35m[HTTP][39m [37m-->[39m [37mPOST[39m [37m/wd/hub/session/8b85891f-01a8-405a-9ac1-95db8c8edc56/timeouts[39m
[35m[HTTP][39m [90m{"implicit":60000}[39m
[35m[HTTP][39m [37m<-- POST /wd/hub/session/8b85891f-01a8-405a-9ac1-95db8c8edc56/timeouts [39m[32m200[39m [90m8 ms - 14[39m
[35m[HTTP][39m [90m[39m
[35m[HTTP][39m [37m-->[39m [37mPOST[39m [37m/wd/hub/session/8b85891f-01a8-405a-9ac1-95db8c8edc56/timeouts[39m
[35m[HTTP][39m [90m{"implicit":50}[39m
[35m[HTTP][39m [37m<-- POST /wd/hub/session/8b85891f-01a8-405a-9ac1-95db8c8edc56/timeouts [39m[32m200[39m [90m4 ms - 14[39m
[35m[HTTP][39m [90m[39m
[35m[HTTP][39m [37m-->[39m [37mGET[39m [37m/wd/hub/session/8b85891f-01a8-405a-9ac1-95db8c8edc56/window/rect[39m
[35m[HTTP][39m [90m{}[39m
[35m[HTTP][39m [37m<-- GET /wd/hub/session/8b85891f-01a8-405a-9ac1-95db8c8edc56/window/rect [39m[32m200[39m [90m106 ms - 50[39m
[35m[HTTP][39m [90m[39m
[35m[HTTP][39m [37m-->[39m [37mPOST[39m [37m/wd/hub/session/8b85891f-01a8-405a-9ac1-95db8c8edc56/elements[39m
[35m[HTTP][39m [90m{"using":"-android uiautomator","value":"new UiSelector().className(\"android.view.View\").resourceId(\"GoToDeposit\")"}[39m
[35m[HTTP][39m [37m<-- POST /wd/hub/session/8b85891f-01a8-405a-9ac1-95db8c8edc56/elements [39m[32m200[39m [90m112 ms - 12[39m
[35m[HTTP][39m [90m[39m
[35m[HTTP][39m [37m-->[39m [37mPOST[39m [37m/wd/hub/session/8b85891f-01a8-405a-9ac1-95db8c8edc56/elements[39m
[35m[HTTP][39m [90m{"using":"-android uiautomator","value":"new UiSelector().className(\"android.view.View\").resourceId(\"GoToDeposit\")"}[39m
[35m[HTTP][39m [37m<-- POST /wd/hub/session/8b85891f-01a8-405a-9ac1-95db8c8edc56/elements [39m[32m200[39m [90m90 ms - 12[39m
[35m[HTTP][39m [90m[39m
[35m[HTTP][39m [37m-->[39m [37mPOST[39m [37m/wd/hub/session/8b85891f-01a8-405a-9ac1-95db8c8edc56/elements[39m
[35m[HTTP][39m [90m{"using":"-android uiautomator","value":"new UiSelector().className(\"android.view.View\").resourceId(\"GoToDeposit\")"}[39m
[35m[HTTP][39m [37m<-- POST /wd/hub/session/8b85891f-01a8-405a-9ac1-95db8c8edc56/elements [39m[32m200[39m [90m84 ms - 12[39m
[35m[HTTP][39m [90m[39m
[35m[HTTP][39m [37m-->[39m [37mPOST[39m [37m/wd/hub/session/8b85891f-01a8-405a-9ac1-95db8c8edc56/elements[39m
[35m[HTTP][39m [90m{"using":"-android uiautomator","value":"new UiSelector().className(\"android.view.View\").resourceId(\"GoToDeposit\")"}[39m
[35m[HTTP][39m [37m<-- POST /wd/hub/session/8b85891f-01a8-405a-9ac1-95db8c8edc56/elements [39m[32m200[39m [90m114 ms - 12[39m
[35m[HTTP][39m [90m[39m
[35m[HTTP][39m [37m-->[39m [37mPOST[39m [37m/wd/hub/session/8b85891f-01a8-405a-9ac1-95db8c8edc56/elements[39m
[35m[HTTP][39m [90m{"using":"-android uiautomator","value":"new UiSelector().className(\"android.view.View\").resourceId(\"GoToDeposit\")"}[39m
[35m[HTTP][39m [37m<-- POST /wd/hub/session/8b85891f-01a8-405a-9ac1-95db8c8edc56/elements [39m[32m200[39m [90m100 ms - 12[39m
[35m[HTTP][39m [90m[39m
[35m[HTTP][39m [37m-->[39m [37mPOST[39m [37m/wd/hub/session/8b85891f-01a8-405a-9ac1-95db8c8edc56/elements[39m
[35m[HTTP][39m [90m{"using":"-android uiautomator","value":"new UiSelector().className(\"android.view.View\").resourceId(\"GoToDeposit\")"}[39m
[35m[HTTP][39m [37m<-- POST /wd/hub/session/8b85891f-01a8-405a-9ac1-95db8c8edc56/elements [39m[32m200[39m [90m104 ms - 12[39m
[35m[HTTP][39m [90m[39m
[35m[HTTP][39m [37m-->[39m [37mPOST[39m [37m/wd/hub/session/8b85891f-01a8-405a-9ac1-95db8c8edc56/elements[39m
[35m[HTTP][39m [90m{"using":"-android uiautomator","value":"new UiSelector().className(\"android.view.View\").resourceId(\"GoToDeposit\")"}[39m
[35m[HTTP][39m [37m<-- POST /wd/hub/session/8b85891f-01a8-405a-9ac1-95db8c8edc56/elements [39m[32m200[39m [90m426 ms - 12[39m
[35m[HTTP][39m [90m[39m
[35m[HTTP][39m [37m-->[39m [37mPOST[39m [37m/wd/hub/session/8b85891f-01a8-405a-9ac1-95db8c8edc56/elements[39m
[35m[HTTP][39m [90m{"using":"-android uiautomator","value":"new UiSelector().className(\"android.view.View\").resourceId(\"GoToDeposit\")"}[39m
[35m[HTTP][39m [37m<-- POST /wd/hub/session/8b85891f-01a8-405a-9ac1-95db8c8edc56/elements [39m[32m200[39m [90m3111 ms - 139[39m
[35m[HTTP][39m [90m[39m
[35m[HTTP][39m [37m-->[39m [37mGET[39m [37m/wd/hub/session/8b85891f-01a8-405a-9ac1-95db8c8edc56/element/912d0218-48aa-42fb-80a7-c74d7ef6b0f2/location[39m
[35m[HTTP][39m [90m{}[39m
[35m[W3C (8b85891f)][39m Driver proxy active, passing request on via HTTP proxy
[35m[WD Proxy][39m Replacing sessionId 6de5c9b3-984b-42e9-8e4f-9eb10034c9be with 8b85891f-01a8-405a-9ac1-95db8c8edc56
[35m[HTTP][39m [37m<-- GET /wd/hub/session/8b85891f-01a8-405a-9ac1-95db8c8edc56/element/912d0218-48aa-42fb-80a7-c74d7ef6b0f2/location [39m[32m200[39m [90m241 ms - 89[39m
[35m[HTTP][39m [90m[39m
[35m[HTTP][39m [37m-->[39m [37mPOST[39m [37m/wd/hub/session/8b85891f-01a8-405a-9ac1-95db8c8edc56/timeouts[39m
[35m[HTTP][39m [90m{"implicit":60000}[39m
[35m[HTTP][39m [37m<-- POST /wd/hub/session/8b85891f-01a8-405a-9ac1-95db8c8edc56/timeouts [39m[32m200[39m [90m3 ms - 14[39m
[35m[HTTP][39m [90m[39m
[35m[HTTP][39m [37m-->[39m [37mPOST[39m [37m/wd/hub/session/8b85891f-01a8-405a-9ac1-95db8c8edc56/touch/perform[39m
[35m[HTTP][39m [90m{"actions":[{"action":"tap","options":{"x":1,"y":1,"element":"912d0218-48aa-42fb-80a7-c74d7ef6b0f2"}},{"action":"release","options":{}}]}[39m
[35m[UiAutomator2][39m calling get location: 912d0218-48aa-42fb-80a7-c74d7ef6b0f2
[35m[HTTP][39m [37m<-- POST /wd/hub/session/8b85891f-01a8-405a-9ac1-95db8c8edc56/touch/perform [39m[32m200[39m [90m2542 ms - 14[39m
[35m[HTTP][39m [90m[39m
[35m[HTTP][39m [37m-->[39m [37mPOST[39m [37m/wd/hub/session/8b85891f-01a8-405a-9ac1-95db8c8edc56/timeouts[39m
[35m[HTTP][39m [90m{"implicit":50}[39m
[35m[HTTP][39m [37m<-- POST /wd/hub/session/8b85891f-01a8-405a-9ac1-95db8c8edc56/timeouts [39m[32m200[39m [90m4 ms - 14[39m
[35m[HTTP][39m [90m[39m
[35m[HTTP][39m [37m-->[39m [37mGET[39m [37m/wd/hub/session/8b85891f-01a8-405a-9ac1-95db8c8edc56/window/rect[39m
[35m[HTTP][39m [90m{}[39m
[35m[HTTP][39m [37m<-- GET /wd/hub/session/8b85891f-01a8-405a-9ac1-95db8c8edc56/window/rect [39m[32m200[39m [90m108 ms - 50[39m
[35m[HTTP][39m [90m[39m
[35m[HTTP][39m [37m-->[39m [37mPOST[39m [37m/wd/hub/session/8b85891f-01a8-405a-9ac1-95db8c8edc56/elements[39m
[35m[HTTP][39m [90m{"using":"-android uiautomator","value":"new UiSelector().className(\"android.widget.Button\").text(\"Penarikan\").resourceId(\"b2-l1-0-btnPenarikan\")"}[39m
[35m[HTTP][39m [37m<-- POST /wd/hub/session/8b85891f-01a8-405a-9ac1-95db8c8edc56/elements [39m[32m200[39m [90m765 ms - 139[39m
[35m[HTTP][39m [90m[39m
[35m[HTTP][39m [37m-->[39m [37mGET[39m [37m/wd/hub/session/8b85891f-01a8-405a-9ac1-95db8c8edc56/element/c3c9af39-257e-404b-a910-a645148609f9/location[39m
[35m[HTTP][39m [90m{}[39m
[35m[W3C (8b85891f)][39m Driver proxy active, passing request on via HTTP proxy
[35m[WD Proxy][39m Replacing sessionId 6de5c9b3-984b-42e9-8e4f-9eb10034c9be with 8b85891f-01a8-405a-9ac1-95db8c8edc56
[35m[HTTP][39m [37m<-- GET /wd/hub/session/8b85891f-01a8-405a-9ac1-95db8c8edc56/element/c3c9af39-257e-404b-a910-a645148609f9/location [39m[32m200[39m [90m163 ms - 89[39m
[35m[HTTP][39m [90m[39m
[35m[HTTP][39m [37m-->[39m [37mPOST[39m [37m/wd/hub/session/8b85891f-01a8-405a-9ac1-95db8c8edc56/timeouts[39m
[35m[HTTP][39m [90m{"implicit":60000}[39m
[35m[HTTP][39m [37m<-- POST /wd/hub/session/8b85891f-01a8-405a-9ac1-95db8c8edc56/timeouts [39m[32m200[39m [90m3 ms - 14[39m
[35m[HTTP][39m [90m[39m
[35m[HTTP][39m [37m-->[39m [37mPOST[39m [37m/wd/hub/session/8b85891f-01a8-405a-9ac1-95db8c8edc56/touch/perform[39m
[35m[HTTP][39m [90m{"actions":[{"action":"tap","options":{"x":1,"y":1,"element":"c3c9af39-257e-404b-a910-a645148609f9"}},{"action":"release","options":{}}]}[39m
[35m[UiAutomator2][39m calling get location: c3c9af39-257e-404b-a910-a645148609f9
[35m[HTTP][39m [37m<-- POST /wd/hub/session/8b85891f-01a8-405a-9ac1-95db8c8edc56/touch/perform [39m[32m200[39m [90m2251 ms - 14[39m
[35m[HTTP][39m [90m[39m
[35m[HTTP][39m [37m-->[39m [37mPOST[39m [37m/wd/hub/session/8b85891f-01a8-405a-9ac1-95db8c8edc56/timeouts[39m
[35m[HTTP][39m [90m{"implicit":50}[39m
[35m[HTTP][39m [37m<-- POST /wd/hub/session/8b85891f-01a8-405a-9ac1-95db8c8edc56/timeouts [39m[32m200[39m [90m3 ms - 14[39m
[35m[HTTP][39m [90m[39m
[35m[HTTP][39m [37m-->[39m [37mGET[39m [37m/wd/hub/session/8b85891f-01a8-405a-9ac1-95db8c8edc56/window/rect[39m
[35m[HTTP][39m [90m{}[39m
[35m[HTTP][39m [37m<-- GET /wd/hub/session/8b85891f-01a8-405a-9ac1-95db8c8edc56/window/rect [39m[32m200[39m [90m71 ms - 50[39m
[35m[HTTP][39m [90m[39m
[35m[HTTP][39m [37m-->[39m [37mPOST[39m [37m/wd/hub/session/8b85891f-01a8-405a-9ac1-95db8c8edc56/elements[39m
[35m[HTTP][39m [90m{"using":"-android uiautomator","value":"new UiSelector().className(\"android.widget.EditText\").resourceId(\"b2-Input_Nominal\")"}[39m
[35m[HTTP][39m [37m<-- POST /wd/hub/session/8b85891f-01a8-405a-9ac1-95db8c8edc56/elements [39m[32m200[39m [90m489 ms - 139[39m
[35m[HTTP][39m [90m[39m
[35m[HTTP][39m [37m-->[39m [37mGET[39m [37m/wd/hub/session/8b85891f-01a8-405a-9ac1-95db8c8edc56/element/4f2d8357-c8cc-422b-8623-27fdd4d93149/location[39m
[35m[HTTP][39m [90m{}[39m
[35m[W3C (8b85891f)][39m Driver proxy active, passing request on via HTTP proxy
[35m[WD Proxy][39m Replacing sessionId 6de5c9b3-984b-42e9-8e4f-9eb10034c9be with 8b85891f-01a8-405a-9ac1-95db8c8edc56
[35m[HTTP][39m [37m<-- GET /wd/hub/session/8b85891f-01a8-405a-9ac1-95db8c8edc56/element/4f2d8357-c8cc-422b-8623-27fdd4d93149/location [39m[32m200[39m [90m169 ms - 88[39m
[35m[HTTP][39m [90m[39m
[35m[HTTP][39m [37m-->[39m [37mPOST[39m [37m/wd/hub/session/8b85891f-01a8-405a-9ac1-95db8c8edc56/timeouts[39m
[35m[HTTP][39m [90m{"implicit":60000}[39m
[35m[HTTP][39m [37m<-- POST /wd/hub/session/8b85891f-01a8-405a-9ac1-95db8c8edc56/timeouts [39m[32m200[39m [90m3 ms - 14[39m
[35m[HTTP][39m [90m[39m
[35m[HTTP][39m [37m-->[39m [37mPOST[39m [37m/wd/hub/session/8b85891f-01a8-405a-9ac1-95db8c8edc56/element/4f2d8357-c8cc-422b-8623-27fdd4d93149/clear[39m
[35m[HTTP][39m [90m{"id":"4f2d8357-c8cc-422b-8623-27fdd4d93149"}[39m
[35m[HTTP][39m [37m<-- POST /wd/hub/session/8b85891f-01a8-405a-9ac1-95db8c8edc56/element/4f2d8357-c8cc-422b-8623-27fdd4d93149/clear [39m[32m200[39m [90m189 ms - 27[39m
[35m[HTTP][39m [90m[39m
[35m[HTTP][39m [37m-->[39m [37mPOST[39m [37m/wd/hub/session/8b85891f-01a8-405a-9ac1-95db8c8edc56/element/4f2d8357-c8cc-422b-8623-27fdd4d93149/value[39m
[35m[HTTP][39m [90m{"id":"4f2d8357-c8cc-422b-8623-27fdd4d93149","text":"","value":[]}[39m
[35m[HTTP][39m [37m<-- POST /wd/hub/session/8b85891f-01a8-405a-9ac1-95db8c8edc56/element/4f2d8357-c8cc-422b-8623-27fdd4d93149/value [39m[32m200[39m [90m870 ms - 12[39m
[35m[HTTP][39m [90m[39m
[35m[HTTP][39m [37m-->[39m [37mPOST[39m [37m/wd/hub/session/8b85891f-01a8-405a-9ac1-95db8c8edc56/timeouts[39m
[35m[HTTP][39m [90m{"implicit":50}[39m
[35m[HTTP][39m [37m<-- POST /wd/hub/session/8b85891f-01a8-405a-9ac1-95db8c8edc56/timeouts [39m[32m200[39m [90m3 ms - 14[39m
[35m[HTTP][39m [90m[39m
[35m[HTTP][39m [37m-->[39m [37mGET[39m [37m/wd/hub/session/8b85891f-01a8-405a-9ac1-95db8c8edc56/window/rect[39m
[35m[HTTP][39m [90m{}[39m
[35m[HTTP][39m [37m<-- GET /wd/hub/session/8b85891f-01a8-405a-9ac1-95db8c8edc56/window/rect [39m[32m200[39m [90m71 ms - 50[39m
[35m[HTTP][39m [90m[39m
[35m[HTTP][39m [37m-->[39m [37mPOST[39m [37m/wd/hub/session/8b85891f-01a8-405a-9ac1-95db8c8edc56/elements[39m
[35m[HTTP][39m [90m{"using":"-android uiautomator","value":"new UiSelector().className(\"android.view.View\").text(\"Penarikan hanya dapat dilakukan dalam kelipatan Rp500.000\")"}[39m
[35m[HTTP][39m [37m<-- POST /wd/hub/session/8b85891f-01a8-405a-9ac1-95db8c8edc56/elements [39m[32m200[39m [90m1503 ms - 139[39m
[35m[HTTP][39m [90m[39m
[35m[HTTP][39m [37m-->[39m [37mGET[39m [37m/wd/hub/session/8b85891f-01a8-405a-9ac1-95db8c8edc56/element/05a6e210-bc0f-46e9-8332-b4ec818337fe/location[39m
[35m[HTTP][39m [90m{}[39m
[35m[W3C (8b85891f)][39m Driver proxy active, passing request on via HTTP proxy
[35m[WD Proxy][39m Replacing sessionId 6de5c9b3-984b-42e9-8e4f-9eb10034c9be with 8b85891f-01a8-405a-9ac1-95db8c8edc56
[35m[HTTP][39m [37m<-- GET /wd/hub/session/8b85891f-01a8-405a-9ac1-95db8c8edc56/element/05a6e210-bc0f-46e9-8332-b4ec818337fe/location [39m[32m200[39m [90m84 ms - 88[39m
[35m[HTTP][39m [90m[39m
[35m[HTTP][39m [37m-->[39m [37mPOST[39m [37m/wd/hub/session/8b85891f-01a8-405a-9ac1-95db8c8edc56/timeouts[39m
[35m[HTTP][39m [90m{"implicit":60000}[39m
[35m[HTTP][39m [37m<-- POST /wd/hub/session/8b85891f-01a8-405a-9ac1-95db8c8edc56/timeouts [39m[32m200[39m [90m4 ms - 14[39m
[35m[HTTP][39m [90m[39m
[35m[HTTP][39m [37m-->[39m [37mGET[39m [37m/wd/hub/session/8b85891f-01a8-405a-9ac1-95db8c8edc56/element/05a6e210-bc0f-46e9-8332-b4ec818337fe/displayed[39m
[35m[HTTP][39m [90m{}[39m
[35m[HTTP][39m [37m<-- GET /wd/hub/session/8b85891f-01a8-405a-9ac1-95db8c8edc56/element/05a6e210-bc0f-46e9-8332-b4ec818337fe/displayed [39m[32m200[39m [90m146 ms - 14[39m
[35m[HTTP][39m [90m[39m
[35m[HTTP][39m [37m-->[39m [37mPOST[39m [37m/wd/hub/session/8b85891f-01a8-405a-9ac1-95db8c8edc56/timeouts[39m
[35m[HTTP][39m [90m{"implicit":50}[39m
[35m[HTTP][39m [37m<-- POST /wd/hub/session/8b85891f-01a8-405a-9ac1-95db8c8edc56/timeouts [39m[32m200[39m [90m3 ms - 14[39m
[35m[HTTP][39m [90m[39m
[35m[HTTP][39m [37m-->[39m [37mGET[39m [37m/wd/hub/session/8b85891f-01a8-405a-9ac1-95db8c8edc56/window/rect[39m
[35m[HTTP][39m [90m{}[39m
[35m[HTTP][39m [37m<-- GET /wd/hub/session/8b85891f-01a8-405a-9ac1-95db8c8edc56/window/rect [39m[32m200[39m [90m71 ms - 50[39m
[35m[HTTP][39m [90m[39m
[35m[HTTP][39m [37m-->[39m [37mPOST[39m [37m/wd/hub/session/8b85891f-01a8-405a-9ac1-95db8c8edc56/elements[39m
[35m[HTTP][39m [90m{"using":"-android uiautomator","value":"new UiSelector().className(\"android.widget.Button\").text(\"Lanjut\")"}[39m
[35m[HTTP][39m [37m<-- POST /wd/hub/session/8b85891f-01a8-405a-9ac1-95db8c8edc56/elements [39m[32m200[39m [90m159 ms - 139[39m
[35m[HTTP][39m [90m[39m
[35m[HTTP][39m [37m-->[39m [37mGET[39m [37m/wd/hub/session/8b85891f-01a8-405a-9ac1-95db8c8edc56/element/c6506ced-29e7-4c1d-ba77-1b745b9c3823/location[39m
[35m[HTTP][39m [90m{}[39m
[35m[W3C (8b85891f)][39m Driver proxy active, passing request on via HTTP proxy
[35m[WD Proxy][39m Replacing sessionId 6de5c9b3-984b-42e9-8e4f-9eb10034c9be with 8b85891f-01a8-405a-9ac1-95db8c8edc56
[35m[HTTP][39m [37m<-- GET /wd/hub/session/8b85891f-01a8-405a-9ac1-95db8c8edc56/element/c6506ced-29e7-4c1d-ba77-1b745b9c3823/location [39m[32m200[39m [90m128 ms - 89[39m
[35m[HTTP][39m [90m[39m
[35m[HTTP][39m [37m-->[39m [37mPOST[39m [37m/wd/hub/session/8b85891f-01a8-405a-9ac1-95db8c8edc56/timeouts[39m
[35m[HTTP][39m [90m{"implicit":60000}[39m
[35m[HTTP][39m [37m<-- POST /wd/hub/session/8b85891f-01a8-405a-9ac1-95db8c8edc56/timeouts [39m[32m200[39m [90m3 ms - 14[39m
[35m[HTTP][39m [90m[39m
[35m[HTTP][39m [37m-->[39m [37mGET[39m [37m/wd/hub/session/8b85891f-01a8-405a-9ac1-95db8c8edc56/element/c6506ced-29e7-4c1d-ba77-1b745b9c3823/displayed[39m
[35m[HTTP][39m [90m{}[39m
[35m[HTTP][39m [37m<-- GET /wd/hub/session/8b85891f-01a8-405a-9ac1-95db8c8edc56/element/c6506ced-29e7-4c1d-ba77-1b745b9c3823/displayed [39m[32m200[39m [90m113 ms - 14[39m
[35m[HTTP][39m [90m[39m
[35m[HTTP][39m [37m-->[39m [37mDELETE[39m [37m/wd/hub/session/8b85891f-01a8-405a-9ac1-95db8c8edc56[39m
[35m[HTTP][39m [90m{}[39m
[35m[Appium][39m Removing session 8b85891f-01a8-405a-9ac1-95db8c8edc56 from our master session list
[35m[UiAutomator2][39m Restoring hidden api policy to the device default configuration
[35m[HTTP][39m [37m<-- DELETE /wd/hub/session/8b85891f-01a8-405a-9ac1-95db8c8edc56 [39m[32m200[39m [90m1795 ms - 14[39m
[35m[HTTP][39m [90m[39m
