<?xml version="1.0" encoding="UTF-8" standalone="no"?>
<!DOCTYPE log SYSTEM "logger.dtd">
<log>
<record>
  <date>2019-11-11T16:40:33</date>
  <millis>1573465233973</millis>
  <sequence>0</sequence>
  <level>START</level>
  <class>com.kms.katalon.core.logging.XmlKeywordLogger</class>
  <method>startSuite</method>
  <thread>1</thread>
  <message>Start Test Suite : Test Suites/WishList/WishList</message>
  <nestedLevel>0</nestedLevel>
  <property name="name">WishList</property>
  <property name="description"></property>
  <property name="id">Test Suites/WishList/WishList</property>
</record>
<record>
  <date>2019-11-11T16:40:34</date>
  <millis>1573465234023</millis>
  <sequence>1</sequence>
  <level>RUN_DATA</level>
  <class>com.kms.katalon.core.logging.XmlKeywordLogger</class>
  <method>logMessage</method>
  <thread>1</thread>
  <message>hostName = Marvin - DESKTOP-98KC72N</message>
  <nestedLevel>0</nestedLevel>
  <property name="hostName">Marvin - DESKTOP-98KC72N</property>
</record>
<record>
  <date>2019-11-11T16:40:34</date>
  <millis>1573465234060</millis>
  <sequence>2</sequence>
  <level>RUN_DATA</level>
  <class>com.kms.katalon.core.logging.XmlKeywordLogger</class>
  <method>logMessage</method>
  <thread>1</thread>
  <message>os = Windows 10 64bit</message>
  <nestedLevel>0</nestedLevel>
  <property name="os">Windows 10 64bit</property>
</record>
<record>
  <date>2019-11-11T16:40:34</date>
  <millis>1573465234079</millis>
  <sequence>3</sequence>
  <level>RUN_DATA</level>
  <class>com.kms.katalon.core.logging.XmlKeywordLogger</class>
  <method>logMessage</method>
  <thread>1</thread>
  <message>hostAddress = 192.168.56.1</message>
  <nestedLevel>0</nestedLevel>
  <property name="hostAddress">192.168.56.1</property>
</record>
<record>
  <date>2019-11-11T16:40:34</date>
  <millis>1573465234101</millis>
  <sequence>4</sequence>
  <level>RUN_DATA</level>
  <class>com.kms.katalon.core.logging.XmlKeywordLogger</class>
  <method>logMessage</method>
  <thread>1</thread>
  <message>katalonVersion = 6.3.3.11</message>
  <nestedLevel>0</nestedLevel>
  <property name="katalonVersion">6.3.3.11</property>
</record>
<record>
  <date>2019-11-11T16:40:34</date>
  <millis>1573465234236</millis>
  <sequence>5</sequence>
  <level>START</level>
  <class>com.kms.katalon.core.logging.XmlKeywordLogger</class>
  <method>startKeyword</method>
  <thread>1</thread>
  <message>Start listener action : getListBindingTC</message>
  <nestedLevel>0</nestedLevel>
</record>
<record>
  <date>2019-11-11T16:40:34</date>
  <millis>1573465234343</millis>
  <sequence>8</sequence>
  <level>END</level>
  <class>com.kms.katalon.core.logging.XmlKeywordLogger</class>
  <method>endKeyword</method>
  <thread>1</thread>
  <message>End listener action : getListBindingTC</message>
  <nestedLevel>0</nestedLevel>
</record>
<record>
  <date>2019-11-11T16:40:35</date>
  <millis>1573465235488</millis>
  <sequence>9</sequence>
  <level>START</level>
  <class>com.kms.katalon.core.logging.XmlKeywordLogger</class>
  <method>startTest</method>
  <thread>1</thread>
  <message>Start Test Case : Test Cases/Wishlist/Wishlist</message>
  <nestedLevel>1</nestedLevel>
  <property name="name">Test Cases/Wishlist/Wishlist</property>
  <property name="description"></property>
  <property name="id">Test Cases/Wishlist/Wishlist</property>
  <property name="source">C:\\Users\\Marvin\\Documents\\GitHub\\ACCBid-Mobile\\Test Cases\\Wishlist\\Wishlist.tc</property>
  <property name="tag"></property>
  <property name="isOptional">false</property>
</record>
<record>
  <date>2019-11-11T16:40:35</date>
  <millis>1573465235839</millis>
  <sequence>11</sequence>
  <level>INFO</level>
  <class>com.kms.katalon.core.logging.XmlKeywordLogger</class>
  <method>logMessage</method>
  <thread>1</thread>
  <message>BIDDING = IBIDBatam07 - 07 Aug 2020</message>
  <nestedLevel>1</nestedLevel>
</record>
<record>
  <date>2019-11-11T16:40:35</date>
  <millis>1573465235869</millis>
  <sequence>12</sequence>
  <level>INFO</level>
  <class>com.kms.katalon.core.logging.XmlKeywordLogger</class>
  <method>logMessage</method>
  <thread>1</thread>
  <message>Urutkan = Harga Terendah</message>
  <nestedLevel>1</nestedLevel>
</record>
<record>
  <date>2019-11-11T16:40:35</date>
  <millis>1573465235885</millis>
  <sequence>13</sequence>
  <level>INFO</level>
  <class>com.kms.katalon.core.logging.XmlKeywordLogger</class>
  <method>logMessage</method>
  <thread>1</thread>
  <message>LelangTerbuka = true</message>
  <nestedLevel>1</nestedLevel>
</record>
<record>
  <date>2019-11-11T16:40:35</date>
  <millis>1573465235901</millis>
  <sequence>14</sequence>
  <level>INFO</level>
  <class>com.kms.katalon.core.logging.XmlKeywordLogger</class>
  <method>logMessage</method>
  <thread>1</thread>
  <message>LelangTertutup = false</message>
  <nestedLevel>1</nestedLevel>
</record>
<record>
  <date>2019-11-11T16:40:35</date>
  <millis>1573465235913</millis>
  <sequence>15</sequence>
  <level>INFO</level>
  <class>com.kms.katalon.core.logging.XmlKeywordLogger</class>
  <method>logMessage</method>
  <thread>1</thread>
  <message>SedangBerlangsung = false</message>
  <nestedLevel>1</nestedLevel>
</record>
<record>
  <date>2019-11-11T16:40:35</date>
  <millis>1573465235930</millis>
  <sequence>16</sequence>
  <level>INFO</level>
  <class>com.kms.katalon.core.logging.XmlKeywordLogger</class>
  <method>logMessage</method>
  <thread>1</thread>
  <message>AkanDatang = true</message>
  <nestedLevel>1</nestedLevel>
</record>
<record>
  <date>2019-11-11T16:40:35</date>
  <millis>1573465235931</millis>
  <sequence>17</sequence>
  <level>INFO</level>
  <class>com.kms.katalon.core.logging.XmlKeywordLogger</class>
  <method>logMessage</method>
  <thread>1</thread>
  <message>Result = Pass</message>
  <nestedLevel>1</nestedLevel>
</record>
<record>
  <date>2019-11-11T16:40:36</date>
  <millis>1573465236008</millis>
  <sequence>18</sequence>
  <level>INFO</level>
  <class>com.kms.katalon.core.logging.XmlKeywordLogger</class>
  <method>logMessage</method>
  <thread>1</thread>
  <message>(Default) variable_0 = </message>
  <nestedLevel>1</nestedLevel>
</record>
<record>
  <date>2019-11-11T16:40:36</date>
  <millis>1573465236028</millis>
  <sequence>19</sequence>
  <level>START</level>
  <class>com.kms.katalon.core.logging.XmlKeywordLogger</class>
  <method>startKeyword</method>
  <thread>1</thread>
  <message>Start listener action : executeRows</message>
  <nestedLevel>1</nestedLevel>
</record>
<record>
  <date>2019-11-11T16:40:37</date>
  <millis>1573465237991</millis>
  <sequence>26</sequence>
  <level>END</level>
  <class>com.kms.katalon.core.logging.XmlKeywordLogger</class>
  <method>endKeyword</method>
  <thread>1</thread>
  <message>End listener action : executeRows</message>
  <nestedLevel>1</nestedLevel>
</record>
<record>
  <date>2019-11-11T16:40:39</date>
  <millis>1573465239375</millis>
  <sequence>27</sequence>
  <level>START</level>
  <class>com.kms.katalon.core.logging.XmlKeywordLogger</class>
  <method>startKeyword</method>
  <thread>1</thread>
  <message>Start action : startApplication(\&amp;quot;C:/Users/Marvin/Documents/GitHub/ACCBid-Mobile/accbid.apk\&amp;quot;, false)</message>
  <nestedLevel>1</nestedLevel>
  <property name="startLine">16</property>
  <property name="stepIndex">1</property>
</record>
<record>
  <date>2019-11-11T16:40:39</date>
  <millis>1573465239960</millis>
  <sequence>29</sequence>
  <level>INFO</level>
  <class>com.kms.katalon.core.logging.XmlKeywordLogger</class>
  <method>logMessage</method>
  <thread>1</thread>
  <message>User set preference: [&amp;apos;unicodeKeyboard&amp;apos;, &amp;apos;true&amp;apos;]</message>
  <nestedLevel>1</nestedLevel>
</record>
<record>
  <date>2019-11-11T16:40:39</date>
  <millis>1573465239961</millis>
  <sequence>30</sequence>
  <level>INFO</level>
  <class>com.kms.katalon.core.logging.XmlKeywordLogger</class>
  <method>logMessage</method>
  <thread>1</thread>
  <message>User set preference: [&amp;apos;resetKeyboard&amp;apos;, &amp;apos;true&amp;apos;]</message>
  <nestedLevel>1</nestedLevel>
</record>
<record>
  <date>2019-11-11T16:40:39</date>
  <millis>1573465239961</millis>
  <sequence>31</sequence>
  <level>INFO</level>
  <class>com.kms.katalon.core.logging.XmlKeywordLogger</class>
  <method>logMessage</method>
  <thread>1</thread>
  <message>User set preference: [&amp;apos;deviceId&amp;apos;, &amp;apos;&amp;apos;]</message>
  <nestedLevel>1</nestedLevel>
</record>
