<?xml version="1.0" encoding="UTF-8" standalone="no"?>
<!DOCTYPE log SYSTEM "logger.dtd">
<log>
<record>
  <date>2019-10-18T12:14:38</date>
  <millis>1571375678037</millis>
  <sequence>0</sequence>
  <level>START</level>
  <class>com.kms.katalon.core.logging.XmlKeywordLogger</class>
  <method>startSuite</method>
  <thread>1</thread>
  <message>Start Test Suite : Test Suites/masuk/unggah_dokumen</message>
  <nestedLevel>0</nestedLevel>
  <property name="name">unggah_dokumen</property>
  <property name="description"></property>
  <property name="id">Test Suites/masuk/unggah_dokumen</property>
</record>
<record>
  <date>2019-10-18T12:14:38</date>
  <millis>1571375678063</millis>
  <sequence>1</sequence>
  <level>RUN_DATA</level>
  <class>com.kms.katalon.core.logging.XmlKeywordLogger</class>
  <method>logMessage</method>
  <thread>1</thread>
  <message>hostName = Intan - DESKTOP-LI63HGC</message>
  <nestedLevel>0</nestedLevel>
  <property name="hostName">Intan - DESKTOP-LI63HGC</property>
</record>
<record>
  <date>2019-10-18T12:14:38</date>
  <millis>1571375678065</millis>
  <sequence>2</sequence>
  <level>RUN_DATA</level>
  <class>com.kms.katalon.core.logging.XmlKeywordLogger</class>
  <method>logMessage</method>
  <thread>1</thread>
  <message>os = Windows 10 64bit</message>
  <nestedLevel>0</nestedLevel>
  <property name="os">Windows 10 64bit</property>
</record>
<record>
  <date>2019-10-18T12:14:38</date>
  <millis>1571375678071</millis>
  <sequence>3</sequence>
  <level>RUN_DATA</level>
  <class>com.kms.katalon.core.logging.XmlKeywordLogger</class>
  <method>logMessage</method>
  <thread>1</thread>
  <message>hostAddress = 192.168.160.2</message>
  <nestedLevel>0</nestedLevel>
  <property name="hostAddress">192.168.160.2</property>
</record>
<record>
  <date>2019-10-18T12:14:38</date>
  <millis>1571375678080</millis>
  <sequence>4</sequence>
  <level>RUN_DATA</level>
  <class>com.kms.katalon.core.logging.XmlKeywordLogger</class>
  <method>logMessage</method>
  <thread>1</thread>
  <message>katalonVersion = 6.3.3.11</message>
  <nestedLevel>0</nestedLevel>
  <property name="katalonVersion">6.3.3.11</property>
</record>
<record>
  <date>2019-10-18T12:14:38</date>
  <millis>1571375678989</millis>
  <sequence>5</sequence>
  <level>START</level>
  <class>com.kms.katalon.core.logging.XmlKeywordLogger</class>
  <method>startTest</method>
  <thread>1</thread>
  <message>Start Test Case : Test Cases/Dashboard/profil/unggah_dokumen</message>
  <nestedLevel>1</nestedLevel>
  <property name="name">Test Cases/Dashboard/profil/unggah_dokumen</property>
  <property name="description"></property>
  <property name="id">Test Cases/Dashboard/profil/unggah_dokumen</property>
  <property name="source">C:\\Users\\Intan\\git\\ACCBid-Mobile-tantanver\\Test Cases\\Dashboard\\profil\\unggah_dokumen.tc</property>
  <property name="tag"></property>
  <property name="isOptional">false</property>
</record>
<record>
  <date>2019-10-18T12:14:39</date>
  <millis>1571375679122</millis>
  <sequence>7</sequence>
  <level>INFO</level>
  <class>com.kms.katalon.core.logging.XmlKeywordLogger</class>
  <method>logMessage</method>
  <thread>1</thread>
  <message>keterangan = empty</message>
  <nestedLevel>1</nestedLevel>
</record>
<record>
  <date>2019-10-18T12:14:39</date>
  <millis>1571375679123</millis>
  <sequence>8</sequence>
  <level>INFO</level>
  <class>com.kms.katalon.core.logging.XmlKeywordLogger</class>
  <method>logMessage</method>
  <thread>1</thread>
  <message>nama_foto = gambarb</message>
  <nestedLevel>1</nestedLevel>
</record>
<record>
  <date>2019-10-18T12:14:39</date>
  <millis>1571375679124</millis>
  <sequence>9</sequence>
  <level>INFO</level>
  <class>com.kms.katalon.core.logging.XmlKeywordLogger</class>
  <method>logMessage</method>
  <thread>1</thread>
  <message>expected = passed</message>
  <nestedLevel>1</nestedLevel>
</record>
<record>
  <date>2019-10-18T12:14:39</date>
  <millis>1571375679124</millis>
  <sequence>10</sequence>
  <level>INFO</level>
  <class>com.kms.katalon.core.logging.XmlKeywordLogger</class>
  <method>logMessage</method>
  <thread>1</thread>
  <message>hapus_foto = tidak</message>
  <nestedLevel>1</nestedLevel>
</record>
<record>
  <date>2019-10-18T12:14:40</date>
  <millis>1571375680429</millis>
  <sequence>11</sequence>
  <level>START</level>
  <class>com.kms.katalon.core.logging.XmlKeywordLogger</class>
  <method>startKeyword</method>
  <thread>1</thread>
  <message>Start action : startApplication(\&amp;quot;C:\\Users\\Intan\\git\\ACCBid-Mobile\\accbid.apk\&amp;quot;, false)</message>
  <nestedLevel>1</nestedLevel>
  <property name="startLine">16</property>
  <property name="stepIndex">1</property>
</record>
<record>
  <date>2019-10-18T12:14:41</date>
  <millis>1571375681254</millis>
  <sequence>13</sequence>
  <level>INFO</level>
  <class>com.kms.katalon.core.logging.XmlKeywordLogger</class>
  <method>logMessage</method>
  <thread>1</thread>
  <message>User set preference: [&amp;apos;unicodeKeyboard&amp;apos;, &amp;apos;true&amp;apos;]</message>
  <nestedLevel>1</nestedLevel>
</record>
<record>
  <date>2019-10-18T12:14:41</date>
  <millis>1571375681254</millis>
  <sequence>14</sequence>
  <level>INFO</level>
  <class>com.kms.katalon.core.logging.XmlKeywordLogger</class>
  <method>logMessage</method>
  <thread>1</thread>
  <message>User set preference: [&amp;apos;resetKeyboard&amp;apos;, &amp;apos;true&amp;apos;]</message>
  <nestedLevel>1</nestedLevel>
</record>
<record>
  <date>2019-10-18T12:14:41</date>
  <millis>1571375681255</millis>
  <sequence>15</sequence>
  <level>INFO</level>
  <class>com.kms.katalon.core.logging.XmlKeywordLogger</class>
  <method>logMessage</method>
  <thread>1</thread>
  <message>User set preference: [&amp;apos;deviceId&amp;apos;, &amp;apos;&amp;apos;]</message>
  <nestedLevel>1</nestedLevel>
</record>
