[35m[Appium][39m Welcome to Appium v1.8.1
[35m[Appium][39m Non-default server args:
[35m[Appium][39m   port: 56936
[35m[Appium][39m   loglevel: info
[35m[Appium][39m   chromeDriverPort: 56937
[35m[Appium][39m   tmpDir: C:\Users\Intan\AppData\Local\Temp\\Katalon\Appium\Temp1571380112707
[35m[Appium][39m Appium REST http interface listener started on 0.0.0.0:56936
[35m[HTTP][39m [37m-->[39m [37mGET[39m [37m/wd/hub/status[39m
[35m[HTTP][39m [90m{}[39m
[35m[HTTP][39m [37m<-- GET /wd/hub/status [39m[32m200[39m [90m19 ms - 83[39m
[35m[HTTP][39m [90m[39m
[35m[HTTP][39m [37m-->[39m [37mPOST[39m [37m/wd/hub/session[39m
[35m[HTTP][39m [90m{"desiredCapabilities":{"app":"C:\\Users\\Intan\\git\\ACCBid-Mobile\\accbid.apk","noReset":true,"deviceId":"","deviceName":"emulator-5554 (Android SDK built for x86 - Android 9)","fullReset":false,"platform":"ANDROID","newCommandTimeout":1800,"platformVersion":"9","automationName":"uiautomator2","autoGrantPermissions":true,"unicodeKeyboard":true,"platformName":"Android","udid":"emulator-5554","resetKeyboard":true,"systemPort":56935},"capabilities":{"firstMatch":[{"appium:app":"C:\\Users\\Intan\\git\\ACCBid-Mobile\\accbid.apk","appium:autoGrantPermissions":true,"appium:automationName":"uiautomator2","deviceId":"","appium:deviceName":"emulator-5554 (Android SDK built for x86 - Android 9)","appium:fullReset":false,"appium:newCommandTimeout":1800,"appium:noReset":true,"platform":"ANDROID","platformName":"android","appium:platformVersion":"9","appium:resetKeyboard":true,"appium:systemPort":56935,"appium:udid":"emulator-5554","appium:unicodeKeyboard":true}]}}[39m
[35m[BaseDriver][39m The capabilities ["deviceId","platform"] are not standard capabilities and should have an extension prefix
[35m[Appium][39m Creating new AndroidUiautomator2Driver (v1.12.0) session
[35m[Appium][39m Capabilities:
[35m[Appium][39m   deviceId: 
[35m[Appium][39m   platform: ANDROID
[35m[Appium][39m   platformName: android
[35m[Appium][39m   app: C:\Users\Intan\git\ACCBid-Mobile\accbid.apk
[35m[Appium][39m   autoGrantPermissions: true
[35m[Appium][39m   automationName: uiautomator2
[35m[Appium][39m   deviceName: emulator-5554 (Android SDK built for x86 - Android 9)
[35m[Appium][39m   fullReset: false
[35m[Appium][39m   newCommandTimeout: 1800
[35m[Appium][39m   noReset: true
[35m[Appium][39m   platformVersion: 9
[35m[Appium][39m   resetKeyboard: true
[35m[Appium][39m   systemPort: 56935
[35m[Appium][39m   udid: emulator-5554
[35m[Appium][39m   unicodeKeyboard: true
[35m[BaseDriver][39m The following capabilities were provided, but are not recognized by appium: deviceId, platform.
[35m[BaseDriver][39m Session created with session id: a894397a-4139-42f2-8be0-a64f7e85d562
[35m[BaseDriver][39m Using local app 'C:\Users\Intan\git\ACCBid-Mobile\accbid.apk'
[35m[AndroidDriver][39m Java version is: 1.8.0_181
[35m[ADB][39m Checking whether adb is present
[35m[ADB][39m Found 1 'build-tools' folders under 'C:\Users\Intan\.katalon\tools\android_sdk' (newest first):
[35m[ADB][39m     C:/Users/Intan/.katalon/tools/android_sdk/build-tools/29.0.2
[35m[ADB][39m Using adb.exe from C:\Users\Intan\.katalon\tools\android_sdk\platform-tools\adb.exe
[35m[AndroidDriver][39m Retrieving device list
[35m[AndroidDriver][39m Using device: emulator-5554
[35m[ADB][39m Using the alternative activity name detection method because of: Could not find apkanalyzer.bat in C:\Users\Intan\.katalon\tools\android_sdk\platform-tools\apkanalyzer.bat,C:\Users\Intan\.katalon\tools\android_sdk\emulator\apkanalyzer.bat,C:\Users\Intan\.katalon\tools\android_sdk\tools\apkanalyzer.bat,C:\Users\Intan\.katalon\tools\android_sdk\tools\bin\apkanalyzer.bat,C:\Users\Intan\.katalon\tools\android_sdk\build-tools\29.0.2\apkanalyzer.bat. Do you have the Android SDK installed at 'C:\Users\Intan\.katalon\tools\android_sdk'?
[35m[ADB][39m Checking whether aapt is present
[35m[ADB][39m Using aapt.exe from C:\Users\Intan\.katalon\tools\android_sdk\build-tools\29.0.2\aapt.exe
[35m[ADB][39m Extracting package and launch activity from manifest
[35m[ADB][39m Package name: 'com.outsystemsenterprise.acctst1.BidMart'
[35m[ADB][39m Main activity name: 'com.outsystemsenterprise.acctst1.BidMart.MainActivity'
[35m[ADB][39m Getting device platform version
[35m[ADB][39m Using apksigner.bat from C:\Users\Intan\.katalon\tools\android_sdk\build-tools\29.0.2\apksigner.bat
[35m[ADB][39m Checking whether zipalign is present
[35m[ADB][39m Using zipalign.exe from C:\Users\Intan\.katalon\tools\android_sdk\build-tools\29.0.2\zipalign.exe
[35m[ADB][39m io.appium.uiautomator2.server was successfully uninstalled
[35m[ADB][39m io.appium.uiautomator2.server.test was successfully uninstalled
[35m[AndroidDriver][39m setDeviceLanguageCountry requires language or country.
[35m[AndroidDriver][39m Got language: 'null' and country: 'null'
[35m[ADB][39m Successfully extracted 23 strings from 'C:\Users\Intan\git\ACCBid-Mobile\accbid.apk' resources for '(default)' configuration
[35m[UiAutomator2][39m Starting uiautomator2 server 1.12.0
[35m[UiAutomator2][39m Using UIAutomator2 server from 'C:\Users\Intan\AppData\Roaming\npm\node_modules\appium\node_modules\appium-uiautomator2-server\apks\appium-uiautomator2-server-v1.12.0.apk' and test from 'C:\Users\Intan\AppData\Roaming\npm\node_modules\appium\node_modules\appium-uiautomator2-server\apks\appium-uiautomator2-server-debug-androidTest.apk'
[35m[UiAutomator2][39m Running command: 'adb -s emulator-5554 shell am instrument -w io.appium.uiautomator2.server.test/android.support.test.runner.AndroidJUnitRunner'
[35m[UiAutomator2][39m Waiting up to 20000ms for UiAutomator2 to be online...
[35m[AndroidDriver][39m Screen already unlocked, doing nothing
[35m[UiAutomator2][39m UiAutomator2 did not start the activity we were waiting for, 'com.outsystemsenterprise.acctst1.BidMart/com.outsystemsenterprise.acctst1.BidMart.MainActivity'. Starting it ourselves
[35m[Appium][39m New AndroidUiautomator2Driver session created successfully, session a894397a-4139-42f2-8be0-a64f7e85d562 added to master session list
[35m[HTTP][39m [37m<-- POST /wd/hub/session [39m[32m200[39m [90m32080 ms - 1383[39m
[35m[HTTP][39m [90m[39m
[35m[HTTP][39m [37m-->[39m [37mGET[39m [37m/wd/hub/session/a894397a-4139-42f2-8be0-a64f7e85d562[39m
[35m[HTTP][39m [90m{}[39m
[35m[HTTP][39m [37m<-- GET /wd/hub/session/a894397a-4139-42f2-8be0-a64f7e85d562 [39m[32m200[39m [90m32 ms - 1315[39m
[35m[HTTP][39m [90m[39m
[35m[HTTP][39m [37m-->[39m [37mGET[39m [37m/wd/hub/session/a894397a-4139-42f2-8be0-a64f7e85d562[39m
[35m[HTTP][39m [90m{}[39m
[35m[HTTP][39m [37m<-- GET /wd/hub/session/a894397a-4139-42f2-8be0-a64f7e85d562 [39m[32m200[39m [90m25 ms - 1315[39m
[35m[HTTP][39m [90m[39m
[35m[HTTP][39m [37m-->[39m [37mGET[39m [37m/wd/hub/status[39m
[35m[HTTP][39m [90m{}[39m
[35m[HTTP][39m [37m<-- GET /wd/hub/status [39m[32m200[39m [90m4 ms - 55[39m
[35m[HTTP][39m [90m[39m
[35m[HTTP][39m [37m-->[39m [37mPOST[39m [37m/wd/hub/session/a894397a-4139-42f2-8be0-a64f7e85d562/timeouts[39m
[35m[HTTP][39m [90m{"implicit":60000}[39m
[35m[HTTP][39m [37m<-- POST /wd/hub/session/a894397a-4139-42f2-8be0-a64f7e85d562/timeouts [39m[32m200[39m [90m8 ms - 14[39m
[35m[HTTP][39m [90m[39m
[35m[HTTP][39m [37m-->[39m [37mPOST[39m [37m/wd/hub/session/a894397a-4139-42f2-8be0-a64f7e85d562/timeouts[39m
[35m[HTTP][39m [90m{"implicit":50}[39m
[35m[HTTP][39m [37m<-- POST /wd/hub/session/a894397a-4139-42f2-8be0-a64f7e85d562/timeouts [39m[32m200[39m [90m4 ms - 14[39m
[35m[HTTP][39m [90m[39m
[35m[HTTP][39m [37m-->[39m [37mGET[39m [37m/wd/hub/session/a894397a-4139-42f2-8be0-a64f7e85d562/window/rect[39m
[35m[HTTP][39m [90m{}[39m
[35m[HTTP][39m [37m<-- GET /wd/hub/session/a894397a-4139-42f2-8be0-a64f7e85d562/window/rect [39m[32m200[39m [90m43 ms - 50[39m
[35m[HTTP][39m [90m[39m
[35m[HTTP][39m [37m-->[39m [37mPOST[39m [37m/wd/hub/session/a894397a-4139-42f2-8be0-a64f7e85d562/elements[39m
[35m[HTTP][39m [90m{"using":"-android uiautomator","value":"new UiSelector().className(\"android.view.View\").text(\"Akun\")"}[39m
[35m[HTTP][39m [37m<-- POST /wd/hub/session/a894397a-4139-42f2-8be0-a64f7e85d562/elements [39m[32m200[39m [90m276 ms - 12[39m
[35m[HTTP][39m [90m[39m
[35m[HTTP][39m [37m-->[39m [37mPOST[39m [37m/wd/hub/session/a894397a-4139-42f2-8be0-a64f7e85d562/elements[39m
[35m[HTTP][39m [90m{"using":"-android uiautomator","value":"new UiSelector().className(\"android.view.View\").text(\"Akun\")"}[39m
[35m[HTTP][39m [37m<-- POST /wd/hub/session/a894397a-4139-42f2-8be0-a64f7e85d562/elements [39m[32m200[39m [90m3632 ms - 90[39m
[35m[HTTP][39m [90m[39m
[35m[HTTP][39m [37m-->[39m [37mGET[39m [37m/wd/hub/session/a894397a-4139-42f2-8be0-a64f7e85d562/element/89a179fb-262f-4dd5-9a10-5867385bcccc/location[39m
[35m[HTTP][39m [90m{}[39m
[35m[W3C][39m Driver proxy active, passing request on via HTTP proxy
[35m[JSONWP Proxy][39m Replacing sessionId cd258c47-73a4-4792-b89e-7f744feb486e with a894397a-4139-42f2-8be0-a64f7e85d562
[35m[HTTP][39m [37m<-- GET /wd/hub/session/a894397a-4139-42f2-8be0-a64f7e85d562/element/89a179fb-262f-4dd5-9a10-5867385bcccc/location [39m[32m200[39m [90m281 ms - 90[39m
[35m[HTTP][39m [90m[39m
[35m[HTTP][39m [37m-->[39m [37mPOST[39m [37m/wd/hub/session/a894397a-4139-42f2-8be0-a64f7e85d562/timeouts[39m
[35m[HTTP][39m [90m{"implicit":60000}[39m
[35m[HTTP][39m [37m<-- POST /wd/hub/session/a894397a-4139-42f2-8be0-a64f7e85d562/timeouts [39m[32m200[39m [90m5 ms - 14[39m
[35m[HTTP][39m [90m[39m
[35m[HTTP][39m [37m-->[39m [37mPOST[39m [37m/wd/hub/session/a894397a-4139-42f2-8be0-a64f7e85d562/touch/perform[39m
[35m[HTTP][39m [90m{"actions":[{"action":"tap","options":{"x":1,"y":1,"element":"89a179fb-262f-4dd5-9a10-5867385bcccc"}},{"action":"release","options":{}}]}[39m
[35m[UiAutomator2][39m calling get location: 89a179fb-262f-4dd5-9a10-5867385bcccc
[35m[HTTP][39m [37m<-- POST /wd/hub/session/a894397a-4139-42f2-8be0-a64f7e85d562/touch/perform [39m[32m200[39m [90m1507 ms - 14[39m
[35m[HTTP][39m [90m[39m
[35m[HTTP][39m [37m-->[39m [37mPOST[39m [37m/wd/hub/session/a894397a-4139-42f2-8be0-a64f7e85d562/timeouts[39m
[35m[HTTP][39m [90m{"implicit":50}[39m
[35m[HTTP][39m [37m<-- POST /wd/hub/session/a894397a-4139-42f2-8be0-a64f7e85d562/timeouts [39m[32m200[39m [90m3 ms - 14[39m
[35m[HTTP][39m [90m[39m
[35m[HTTP][39m [37m-->[39m [37mGET[39m [37m/wd/hub/session/a894397a-4139-42f2-8be0-a64f7e85d562/window/rect[39m
[35m[HTTP][39m [90m{}[39m
[35m[HTTP][39m [37m<-- GET /wd/hub/session/a894397a-4139-42f2-8be0-a64f7e85d562/window/rect [39m[32m200[39m [90m33 ms - 50[39m
[35m[HTTP][39m [90m[39m
[35m[HTTP][39m [37m-->[39m [37mPOST[39m [37m/wd/hub/session/a894397a-4139-42f2-8be0-a64f7e85d562/elements[39m
[35m[HTTP][39m [90m{"using":"-android uiautomator","value":"new UiSelector().className(\"android.view.View\").text(\"Unggah Dokumen\").resourceId(\"b2-b1-Title\")"}[39m
[35m[HTTP][39m [37m<-- POST /wd/hub/session/a894397a-4139-42f2-8be0-a64f7e85d562/elements [39m[32m200[39m [90m369 ms - 90[39m
[35m[HTTP][39m [90m[39m
[35m[HTTP][39m [37m-->[39m [37mGET[39m [37m/wd/hub/session/a894397a-4139-42f2-8be0-a64f7e85d562/element/e9430de7-e1fe-4a44-954d-b2b4ccae9341/location[39m
[35m[HTTP][39m [90m{}[39m
[35m[W3C][39m Driver proxy active, passing request on via HTTP proxy
[35m[JSONWP Proxy][39m Replacing sessionId cd258c47-73a4-4792-b89e-7f744feb486e with a894397a-4139-42f2-8be0-a64f7e85d562
[35m[HTTP][39m [37m<-- GET /wd/hub/session/a894397a-4139-42f2-8be0-a64f7e85d562/element/e9430de7-e1fe-4a44-954d-b2b4ccae9341/location [39m[32m200[39m [90m116 ms - 88[39m
[35m[HTTP][39m [90m[39m
[35m[HTTP][39m [37m-->[39m [37mPOST[39m [37m/wd/hub/session/a894397a-4139-42f2-8be0-a64f7e85d562/timeouts[39m
[35m[HTTP][39m [90m{"implicit":60000}[39m
[35m[HTTP][39m [37m<-- POST /wd/hub/session/a894397a-4139-42f2-8be0-a64f7e85d562/timeouts [39m[32m200[39m [90m4 ms - 14[39m
[35m[HTTP][39m [90m[39m
[35m[HTTP][39m [37m-->[39m [37mPOST[39m [37m/wd/hub/session/a894397a-4139-42f2-8be0-a64f7e85d562/touch/perform[39m
[35m[HTTP][39m [90m{"actions":[{"action":"tap","options":{"x":1,"y":1,"element":"e9430de7-e1fe-4a44-954d-b2b4ccae9341"}},{"action":"release","options":{}}]}[39m
[35m[UiAutomator2][39m calling get location: e9430de7-e1fe-4a44-954d-b2b4ccae9341
[35m[HTTP][39m [37m<-- POST /wd/hub/session/a894397a-4139-42f2-8be0-a64f7e85d562/touch/perform [39m[32m200[39m [90m877 ms - 14[39m
[35m[HTTP][39m [90m[39m
[35m[HTTP][39m [37m-->[39m [37mPOST[39m [37m/wd/hub/session/a894397a-4139-42f2-8be0-a64f7e85d562/timeouts[39m
[35m[HTTP][39m [90m{"implicit":50}[39m
[35m[HTTP][39m [37m<-- POST /wd/hub/session/a894397a-4139-42f2-8be0-a64f7e85d562/timeouts [39m[32m200[39m [90m2 ms - 14[39m
[35m[HTTP][39m [90m[39m
[35m[HTTP][39m [37m-->[39m [37mGET[39m [37m/wd/hub/session/a894397a-4139-42f2-8be0-a64f7e85d562/window/rect[39m
[35m[HTTP][39m [90m{}[39m
[35m[HTTP][39m [37m<-- GET /wd/hub/session/a894397a-4139-42f2-8be0-a64f7e85d562/window/rect [39m[32m200[39m [90m22 ms - 50[39m
[35m[HTTP][39m [90m[39m
[35m[HTTP][39m [37m-->[39m [37mPOST[39m [37m/wd/hub/session/a894397a-4139-42f2-8be0-a64f7e85d562/elements[39m
[35m[HTTP][39m [90m{"using":"-android uiautomator","value":"new UiSelector().className(\"android.widget.Image\").text(\"theme_new_ui_bid.icon_plus\")"}[39m
[35m[HTTP][39m [37m<-- POST /wd/hub/session/a894397a-4139-42f2-8be0-a64f7e85d562/elements [39m[32m200[39m [90m197 ms - 169[39m
[35m[HTTP][39m [90m[39m
[35m[HTTP][39m [37m-->[39m [37mGET[39m [37m/wd/hub/session/a894397a-4139-42f2-8be0-a64f7e85d562/element/ddf443ba-bd13-48a1-af8a-03e6d251ff49/location[39m
[35m[HTTP][39m [90m{}[39m
[35m[W3C][39m Driver proxy active, passing request on via HTTP proxy
[35m[JSONWP Proxy][39m Replacing sessionId cd258c47-73a4-4792-b89e-7f744feb486e with a894397a-4139-42f2-8be0-a64f7e85d562
[35m[HTTP][39m [37m<-- GET /wd/hub/session/a894397a-4139-42f2-8be0-a64f7e85d562/element/ddf443ba-bd13-48a1-af8a-03e6d251ff49/location [39m[32m200[39m [90m47 ms - 89[39m
[35m[HTTP][39m [90m[39m
[35m[HTTP][39m [37m-->[39m [37mPOST[39m [37m/wd/hub/session/a894397a-4139-42f2-8be0-a64f7e85d562/timeouts[39m
[35m[HTTP][39m [90m{"implicit":60000}[39m
[35m[HTTP][39m [37m<-- POST /wd/hub/session/a894397a-4139-42f2-8be0-a64f7e85d562/timeouts [39m[32m200[39m [90m2 ms - 14[39m
[35m[HTTP][39m [90m[39m
[35m[HTTP][39m [37m-->[39m [37mPOST[39m [37m/wd/hub/session/a894397a-4139-42f2-8be0-a64f7e85d562/touch/perform[39m
[35m[HTTP][39m [90m{"actions":[{"action":"tap","options":{"x":1,"y":1,"element":"ddf443ba-bd13-48a1-af8a-03e6d251ff49"}},{"action":"release","options":{}}]}[39m
[35m[UiAutomator2][39m calling get location: ddf443ba-bd13-48a1-af8a-03e6d251ff49
[35m[HTTP][39m [37m<-- POST /wd/hub/session/a894397a-4139-42f2-8be0-a64f7e85d562/touch/perform [39m[32m200[39m [90m812 ms - 14[39m
[35m[HTTP][39m [90m[39m
[35m[HTTP][39m [37m-->[39m [37mPOST[39m [37m/wd/hub/session/a894397a-4139-42f2-8be0-a64f7e85d562/timeouts[39m
[35m[HTTP][39m [90m{"implicit":50}[39m
[35m[HTTP][39m [37m<-- POST /wd/hub/session/a894397a-4139-42f2-8be0-a64f7e85d562/timeouts [39m[32m200[39m [90m2 ms - 14[39m
[35m[HTTP][39m [90m[39m
[35m[HTTP][39m [37m-->[39m [37mGET[39m [37m/wd/hub/session/a894397a-4139-42f2-8be0-a64f7e85d562/window/rect[39m
[35m[HTTP][39m [90m{}[39m
[35m[HTTP][39m [37m<-- GET /wd/hub/session/a894397a-4139-42f2-8be0-a64f7e85d562/window/rect [39m[32m200[39m [90m25 ms - 50[39m
[35m[HTTP][39m [90m[39m
[35m[HTTP][39m [37m-->[39m [37mPOST[39m [37m/wd/hub/session/a894397a-4139-42f2-8be0-a64f7e85d562/elements[39m
[35m[HTTP][39m [90m{"using":"-android uiautomator","value":"new UiSelector().className(\"android.view.View\").text(\"Gallery\")"}[39m
[35m[HTTP][39m [37m<-- POST /wd/hub/session/a894397a-4139-42f2-8be0-a64f7e85d562/elements [39m[32m200[39m [90m626 ms - 90[39m
[35m[HTTP][39m [90m[39m
[35m[HTTP][39m [37m-->[39m [37mGET[39m [37m/wd/hub/session/a894397a-4139-42f2-8be0-a64f7e85d562/element/4cad6d4e-b681-4488-8029-4c4137ff45ea/location[39m
[35m[HTTP][39m [90m{}[39m
[35m[W3C][39m Driver proxy active, passing request on via HTTP proxy
[35m[JSONWP Proxy][39m Replacing sessionId cd258c47-73a4-4792-b89e-7f744feb486e with a894397a-4139-42f2-8be0-a64f7e85d562
[35m[HTTP][39m [37m<-- GET /wd/hub/session/a894397a-4139-42f2-8be0-a64f7e85d562/element/4cad6d4e-b681-4488-8029-4c4137ff45ea/location [39m[32m200[39m [90m58 ms - 90[39m
[35m[HTTP][39m [90m[39m
[35m[HTTP][39m [37m-->[39m [37mPOST[39m [37m/wd/hub/session/a894397a-4139-42f2-8be0-a64f7e85d562/timeouts[39m
[35m[HTTP][39m [90m{"implicit":60000}[39m
[35m[HTTP][39m [37m<-- POST /wd/hub/session/a894397a-4139-42f2-8be0-a64f7e85d562/timeouts [39m[32m200[39m [90m3 ms - 14[39m
[35m[HTTP][39m [90m[39m
[35m[HTTP][39m [37m-->[39m [37mPOST[39m [37m/wd/hub/session/a894397a-4139-42f2-8be0-a64f7e85d562/touch/perform[39m
[35m[HTTP][39m [90m{"actions":[{"action":"tap","options":{"x":1,"y":1,"element":"4cad6d4e-b681-4488-8029-4c4137ff45ea"}},{"action":"release","options":{}}]}[39m
[35m[UiAutomator2][39m calling get location: 4cad6d4e-b681-4488-8029-4c4137ff45ea
[35m[HTTP][39m [37m<-- POST /wd/hub/session/a894397a-4139-42f2-8be0-a64f7e85d562/touch/perform [39m[32m200[39m [90m1267 ms - 14[39m
[35m[HTTP][39m [90m[39m
[35m[HTTP][39m [37m-->[39m [37mPOST[39m [37m/wd/hub/session/a894397a-4139-42f2-8be0-a64f7e85d562/timeouts[39m
[35m[HTTP][39m [90m{"implicit":50}[39m
[35m[HTTP][39m [37m<-- POST /wd/hub/session/a894397a-4139-42f2-8be0-a64f7e85d562/timeouts [39m[32m200[39m [90m3 ms - 14[39m
[35m[HTTP][39m [90m[39m
[35m[HTTP][39m [37m-->[39m [37mGET[39m [37m/wd/hub/session/a894397a-4139-42f2-8be0-a64f7e85d562/window/rect[39m
[35m[HTTP][39m [90m{}[39m
[35m[HTTP][39m [37m<-- GET /wd/hub/session/a894397a-4139-42f2-8be0-a64f7e85d562/window/rect [39m[32m200[39m [90m110 ms - 50[39m
[35m[HTTP][39m [90m[39m
[35m[HTTP][39m [37m-->[39m [37mPOST[39m [37m/wd/hub/session/a894397a-4139-42f2-8be0-a64f7e85d562/elements[39m
[35m[HTTP][39m [90m{"using":"-android uiautomator","value":"new UiSelector().className(\"android.widget.TextView\").text(\"Downloads\").resourceId(\"android:id/title\")"}[39m
[35m[HTTP][39m [37m<-- POST /wd/hub/session/a894397a-4139-42f2-8be0-a64f7e85d562/elements [39m[32m200[39m [90m690 ms - 12[39m
[35m[HTTP][39m [90m[39m
[35m[HTTP][39m [37m-->[39m [37mPOST[39m [37m/wd/hub/session/a894397a-4139-42f2-8be0-a64f7e85d562/elements[39m
[35m[HTTP][39m [90m{"using":"-android uiautomator","value":"new UiSelector().className(\"android.widget.TextView\").text(\"Downloads\").resourceId(\"android:id/title\")"}[39m
[35m[HTTP][39m [37m<-- POST /wd/hub/session/a894397a-4139-42f2-8be0-a64f7e85d562/elements [39m[32m200[39m [90m1063 ms - 12[39m
[35m[HTTP][39m [90m[39m
[35m[HTTP][39m [37m-->[39m [37mPOST[39m [37m/wd/hub/session/a894397a-4139-42f2-8be0-a64f7e85d562/elements[39m
[35m[HTTP][39m [90m{"using":"-android uiautomator","value":"new UiSelector().className(\"android.widget.TextView\").text(\"Downloads\").resourceId(\"android:id/title\")"}[39m
[35m[HTTP][39m [37m<-- POST /wd/hub/session/a894397a-4139-42f2-8be0-a64f7e85d562/elements [39m[32m200[39m [90m617 ms - 12[39m
[35m[HTTP][39m [90m[39m
[35m[HTTP][39m [37m-->[39m [37mPOST[39m [37m/wd/hub/session/a894397a-4139-42f2-8be0-a64f7e85d562/elements[39m
[35m[HTTP][39m [90m{"using":"-android uiautomator","value":"new UiSelector().className(\"android.widget.TextView\").text(\"Downloads\").resourceId(\"android:id/title\")"}[39m
[35m[HTTP][39m [37m<-- POST /wd/hub/session/a894397a-4139-42f2-8be0-a64f7e85d562/elements [39m[32m200[39m [90m557 ms - 12[39m
[35m[HTTP][39m [90m[39m
[35m[HTTP][39m [37m-->[39m [37mPOST[39m [37m/wd/hub/session/a894397a-4139-42f2-8be0-a64f7e85d562/elements[39m
[35m[HTTP][39m [90m{"using":"-android uiautomator","value":"new UiSelector().className(\"android.widget.TextView\").text(\"Downloads\").resourceId(\"android:id/title\")"}[39m
[35m[HTTP][39m [37m<-- POST /wd/hub/session/a894397a-4139-42f2-8be0-a64f7e85d562/elements [39m[32m200[39m [90m608 ms - 12[39m
[35m[HTTP][39m [90m[39m
[35m[HTTP][39m [37m-->[39m [37mPOST[39m [37m/wd/hub/session/a894397a-4139-42f2-8be0-a64f7e85d562/elements[39m
[35m[HTTP][39m [90m{"using":"-android uiautomator","value":"new UiSelector().className(\"android.widget.TextView\").text(\"Downloads\").resourceId(\"android:id/title\")"}[39m
[35m[HTTP][39m [37m<-- POST /wd/hub/session/a894397a-4139-42f2-8be0-a64f7e85d562/elements [39m[32m200[39m [90m562 ms - 12[39m
[35m[HTTP][39m [90m[39m
[35m[HTTP][39m [37m-->[39m [37mPOST[39m [37m/wd/hub/session/a894397a-4139-42f2-8be0-a64f7e85d562/elements[39m
[35m[HTTP][39m [90m{"using":"-android uiautomator","value":"new UiSelector().className(\"android.widget.TextView\").text(\"Downloads\").resourceId(\"android:id/title\")"}[39m
[35m[HTTP][39m [37m<-- POST /wd/hub/session/a894397a-4139-42f2-8be0-a64f7e85d562/elements [39m[32m200[39m [90m609 ms - 12[39m
[35m[HTTP][39m [90m[39m
[35m[HTTP][39m [37m-->[39m [37mPOST[39m [37m/wd/hub/session/a894397a-4139-42f2-8be0-a64f7e85d562/elements[39m
[35m[HTTP][39m [90m{"using":"-android uiautomator","value":"new UiSelector().className(\"android.widget.TextView\").text(\"Downloads\").resourceId(\"android:id/title\")"}[39m
[35m[HTTP][39m [37m<-- POST /wd/hub/session/a894397a-4139-42f2-8be0-a64f7e85d562/elements [39m[32m200[39m [90m598 ms - 12[39m
[35m[HTTP][39m [90m[39m
[35m[HTTP][39m [37m-->[39m [37mPOST[39m [37m/wd/hub/session/a894397a-4139-42f2-8be0-a64f7e85d562/elements[39m
[35m[HTTP][39m [90m{"using":"-android uiautomator","value":"new UiSelector().className(\"android.widget.TextView\").text(\"Downloads\").resourceId(\"android:id/title\")"}[39m
[35m[HTTP][39m [37m<-- POST /wd/hub/session/a894397a-4139-42f2-8be0-a64f7e85d562/elements [39m[32m200[39m [90m591 ms - 12[39m
[35m[HTTP][39m [90m[39m
[35m[HTTP][39m [37m-->[39m [37mPOST[39m [37m/wd/hub/session/a894397a-4139-42f2-8be0-a64f7e85d562/elements[39m
[35m[HTTP][39m [90m{"using":"-android uiautomator","value":"new UiSelector().className(\"android.widget.TextView\").text(\"Downloads\").resourceId(\"android:id/title\")"}[39m
[35m[HTTP][39m [37m<-- POST /wd/hub/session/a894397a-4139-42f2-8be0-a64f7e85d562/elements [39m[32m200[39m [90m604 ms - 12[39m
[35m[HTTP][39m [90m[39m
[35m[HTTP][39m [37m-->[39m [37mPOST[39m [37m/wd/hub/session/a894397a-4139-42f2-8be0-a64f7e85d562/elements[39m
[35m[HTTP][39m [90m{"using":"-android uiautomator","value":"new UiSelector().className(\"android.widget.TextView\").text(\"Downloads\").resourceId(\"android:id/title\")"}[39m
[35m[HTTP][39m [37m<-- POST /wd/hub/session/a894397a-4139-42f2-8be0-a64f7e85d562/elements [39m[32m200[39m [90m592 ms - 12[39m
[35m[HTTP][39m [90m[39m
[35m[HTTP][39m [37m-->[39m [37mPOST[39m [37m/wd/hub/session/a894397a-4139-42f2-8be0-a64f7e85d562/elements[39m
[35m[HTTP][39m [90m{"using":"-android uiautomator","value":"new UiSelector().className(\"android.widget.TextView\").text(\"Downloads\").resourceId(\"android:id/title\")"}[39m
[35m[HTTP][39m [37m<-- POST /wd/hub/session/a894397a-4139-42f2-8be0-a64f7e85d562/elements [39m[32m200[39m [90m594 ms - 12[39m
[35m[HTTP][39m [90m[39m
[35m[HTTP][39m [37m-->[39m [37mPOST[39m [37m/wd/hub/session/a894397a-4139-42f2-8be0-a64f7e85d562/elements[39m
[35m[HTTP][39m [90m{"using":"-android uiautomator","value":"new UiSelector().className(\"android.widget.TextView\").text(\"Downloads\").resourceId(\"android:id/title\")"}[39m
[35m[HTTP][39m [37m<-- POST /wd/hub/session/a894397a-4139-42f2-8be0-a64f7e85d562/elements [39m[32m200[39m [90m568 ms - 12[39m
[35m[HTTP][39m [90m[39m
[35m[HTTP][39m [37m-->[39m [37mPOST[39m [37m/wd/hub/session/a894397a-4139-42f2-8be0-a64f7e85d562/elements[39m
[35m[HTTP][39m [90m{"using":"-android uiautomator","value":"new UiSelector().className(\"android.widget.TextView\").text(\"Downloads\").resourceId(\"android:id/title\")"}[39m
[35m[HTTP][39m [37m<-- POST /wd/hub/session/a894397a-4139-42f2-8be0-a64f7e85d562/elements [39m[32m200[39m [90m582 ms - 12[39m
[35m[HTTP][39m [90m[39m
[35m[HTTP][39m [37m-->[39m [37mPOST[39m [37m/wd/hub/session/a894397a-4139-42f2-8be0-a64f7e85d562/elements[39m
[35m[HTTP][39m [90m{"using":"-android uiautomator","value":"new UiSelector().className(\"android.widget.TextView\").text(\"Downloads\").resourceId(\"android:id/title\")"}[39m
[35m[HTTP][39m [37m<-- POST /wd/hub/session/a894397a-4139-42f2-8be0-a64f7e85d562/elements [39m[32m200[39m [90m573 ms - 12[39m
[35m[HTTP][39m [90m[39m
[35m[HTTP][39m [37m-->[39m [37mPOST[39m [37m/wd/hub/session/a894397a-4139-42f2-8be0-a64f7e85d562/elements[39m
[35m[HTTP][39m [90m{"using":"-android uiautomator","value":"new UiSelector().className(\"android.widget.TextView\").text(\"Downloads\").resourceId(\"android:id/title\")"}[39m
[35m[HTTP][39m [37m<-- POST /wd/hub/session/a894397a-4139-42f2-8be0-a64f7e85d562/elements [39m[32m200[39m [90m591 ms - 12[39m
[35m[HTTP][39m [90m[39m
[35m[HTTP][39m [37m-->[39m [37mPOST[39m [37m/wd/hub/session/a894397a-4139-42f2-8be0-a64f7e85d562/elements[39m
[35m[HTTP][39m [90m{"using":"-android uiautomator","value":"new UiSelector().className(\"android.widget.TextView\").text(\"Downloads\").resourceId(\"android:id/title\")"}[39m
[35m[HTTP][39m [37m<-- POST /wd/hub/session/a894397a-4139-42f2-8be0-a64f7e85d562/elements [39m[32m200[39m [90m587 ms - 12[39m
[35m[HTTP][39m [90m[39m
[35m[HTTP][39m [37m-->[39m [37mPOST[39m [37m/wd/hub/session/a894397a-4139-42f2-8be0-a64f7e85d562/elements[39m
[35m[HTTP][39m [90m{"using":"-android uiautomator","value":"new UiSelector().className(\"android.widget.TextView\").text(\"Downloads\").resourceId(\"android:id/title\")"}[39m
[35m[HTTP][39m [37m<-- POST /wd/hub/session/a894397a-4139-42f2-8be0-a64f7e85d562/elements [39m[32m200[39m [90m585 ms - 12[39m
[35m[HTTP][39m [90m[39m
[35m[HTTP][39m [37m-->[39m [37mPOST[39m [37m/wd/hub/session/a894397a-4139-42f2-8be0-a64f7e85d562/elements[39m
[35m[HTTP][39m [90m{"using":"-android uiautomator","value":"new UiSelector().className(\"android.widget.TextView\").text(\"Downloads\").resourceId(\"android:id/title\")"}[39m
[35m[HTTP][39m [37m<-- POST /wd/hub/session/a894397a-4139-42f2-8be0-a64f7e85d562/elements [39m[32m200[39m [90m609 ms - 12[39m
[35m[HTTP][39m [90m[39m
[35m[HTTP][39m [37m-->[39m [37mPOST[39m [37m/wd/hub/session/a894397a-4139-42f2-8be0-a64f7e85d562/elements[39m
[35m[HTTP][39m [90m{"using":"-android uiautomator","value":"new UiSelector().className(\"android.widget.TextView\").text(\"Downloads\").resourceId(\"android:id/title\")"}[39m
[35m[HTTP][39m [37m<-- POST /wd/hub/session/a894397a-4139-42f2-8be0-a64f7e85d562/elements [39m[32m200[39m [90m55 ms - 12[39m
[35m[HTTP][39m [90m[39m
[35m[HTTP][39m [37m-->[39m [37mPOST[39m [37m/wd/hub/session/a894397a-4139-42f2-8be0-a64f7e85d562/elements[39m
[35m[HTTP][39m [90m{"using":"-android uiautomator","value":"new UiSelector().className(\"android.widget.TextView\").text(\"Downloads\").resourceId(\"android:id/title\")"}[39m
[35m[HTTP][39m [37m<-- POST /wd/hub/session/a894397a-4139-42f2-8be0-a64f7e85d562/elements [39m[32m200[39m [90m56 ms - 12[39m
[35m[HTTP][39m [90m[39m
[35m[HTTP][39m [37m-->[39m [37mPOST[39m [37m/wd/hub/session/a894397a-4139-42f2-8be0-a64f7e85d562/elements[39m
[35m[HTTP][39m [90m{"using":"-android uiautomator","value":"new UiSelector().className(\"android.widget.TextView\").text(\"Downloads\").resourceId(\"android:id/title\")"}[39m
[35m[HTTP][39m [37m<-- POST /wd/hub/session/a894397a-4139-42f2-8be0-a64f7e85d562/elements [39m[32m200[39m [90m645 ms - 12[39m
[35m[HTTP][39m [90m[39m
[35m[HTTP][39m [37m-->[39m [37mPOST[39m [37m/wd/hub/session/a894397a-4139-42f2-8be0-a64f7e85d562/elements[39m
[35m[HTTP][39m [90m{"using":"-android uiautomator","value":"new UiSelector().className(\"android.widget.TextView\").text(\"Downloads\").resourceId(\"android:id/title\")"}[39m
[35m[HTTP][39m [37m<-- POST /wd/hub/session/a894397a-4139-42f2-8be0-a64f7e85d562/elements [39m[32m200[39m [90m586 ms - 12[39m
[35m[HTTP][39m [90m[39m
[35m[HTTP][39m [37m-->[39m [37mPOST[39m [37m/wd/hub/session/a894397a-4139-42f2-8be0-a64f7e85d562/elements[39m
[35m[HTTP][39m [90m{"using":"-android uiautomator","value":"new UiSelector().className(\"android.widget.TextView\").text(\"Downloads\").resourceId(\"android:id/title\")"}[39m
[35m[HTTP][39m [37m<-- POST /wd/hub/session/a894397a-4139-42f2-8be0-a64f7e85d562/elements [39m[32m200[39m [90m606 ms - 12[39m
[35m[HTTP][39m [90m[39m
[35m[HTTP][39m [37m-->[39m [37mPOST[39m [37m/wd/hub/session/a894397a-4139-42f2-8be0-a64f7e85d562/elements[39m
[35m[HTTP][39m [90m{"using":"-android uiautomator","value":"new UiSelector().className(\"android.widget.TextView\").text(\"Downloads\").resourceId(\"android:id/title\")"}[39m
[35m[HTTP][39m [37m<-- POST /wd/hub/session/a894397a-4139-42f2-8be0-a64f7e85d562/elements [39m[32m200[39m [90m595 ms - 12[39m
[35m[HTTP][39m [90m[39m
[35m[HTTP][39m [37m-->[39m [37mPOST[39m [37m/wd/hub/session/a894397a-4139-42f2-8be0-a64f7e85d562/elements[39m
[35m[HTTP][39m [90m{"using":"-android uiautomator","value":"new UiSelector().className(\"android.widget.TextView\").text(\"Downloads\").resourceId(\"android:id/title\")"}[39m
[35m[HTTP][39m [37m<-- POST /wd/hub/session/a894397a-4139-42f2-8be0-a64f7e85d562/elements [39m[32m200[39m [90m589 ms - 12[39m
[35m[HTTP][39m [90m[39m
[35m[HTTP][39m [37m-->[39m [37mPOST[39m [37m/wd/hub/session/a894397a-4139-42f2-8be0-a64f7e85d562/elements[39m
[35m[HTTP][39m [90m{"using":"-android uiautomator","value":"new UiSelector().className(\"android.widget.TextView\").text(\"Downloads\").resourceId(\"android:id/title\")"}[39m
[35m[HTTP][39m [37m<-- POST /wd/hub/session/a894397a-4139-42f2-8be0-a64f7e85d562/elements [39m[32m200[39m [90m590 ms - 12[39m
[35m[HTTP][39m [90m[39m
[35m[HTTP][39m [37m-->[39m [37mPOST[39m [37m/wd/hub/session/a894397a-4139-42f2-8be0-a64f7e85d562/elements[39m
[35m[HTTP][39m [90m{"using":"-android uiautomator","value":"new UiSelector().className(\"android.widget.TextView\").text(\"Downloads\").resourceId(\"android:id/title\")"}[39m
[35m[HTTP][39m [37m<-- POST /wd/hub/session/a894397a-4139-42f2-8be0-a64f7e85d562/elements [39m[32m200[39m [90m595 ms - 12[39m
[35m[HTTP][39m [90m[39m
[35m[HTTP][39m [37m-->[39m [37mPOST[39m [37m/wd/hub/session/a894397a-4139-42f2-8be0-a64f7e85d562/elements[39m
[35m[HTTP][39m [90m{"using":"-android uiautomator","value":"new UiSelector().className(\"android.widget.TextView\").text(\"Downloads\").resourceId(\"android:id/title\")"}[39m
[35m[HTTP][39m [37m<-- POST /wd/hub/session/a894397a-4139-42f2-8be0-a64f7e85d562/elements [39m[32m200[39m [90m1005 ms - 12[39m
[35m[HTTP][39m [90m[39m
[35m[HTTP][39m [37m-->[39m [37mPOST[39m [37m/wd/hub/session/a894397a-4139-42f2-8be0-a64f7e85d562/elements[39m
[35m[HTTP][39m [90m{"using":"-android uiautomator","value":"new UiSelector().className(\"android.widget.TextView\").text(\"Downloads\").resourceId(\"android:id/title\")"}[39m
[35m[HTTP][39m [37m<-- POST /wd/hub/session/a894397a-4139-42f2-8be0-a64f7e85d562/elements [39m[32m200[39m [90m604 ms - 12[39m
[35m[HTTP][39m [90m[39m
[35m[HTTP][39m [37m-->[39m [37mPOST[39m [37m/wd/hub/session/a894397a-4139-42f2-8be0-a64f7e85d562/elements[39m
[35m[HTTP][39m [90m{"using":"-android uiautomator","value":"new UiSelector().className(\"android.widget.TextView\").text(\"Downloads\").resourceId(\"android:id/title\")"}[39m
[35m[HTTP][39m [37m<-- POST /wd/hub/session/a894397a-4139-42f2-8be0-a64f7e85d562/elements [39m[32m200[39m [90m585 ms - 12[39m
[35m[HTTP][39m [90m[39m
[35m[HTTP][39m [37m-->[39m [37mPOST[39m [37m/wd/hub/session/a894397a-4139-42f2-8be0-a64f7e85d562/elements[39m
[35m[HTTP][39m [90m{"using":"-android uiautomator","value":"new UiSelector().className(\"android.widget.TextView\").text(\"Downloads\").resourceId(\"android:id/title\")"}[39m
[35m[HTTP][39m [37m<-- POST /wd/hub/session/a894397a-4139-42f2-8be0-a64f7e85d562/elements [39m[32m200[39m [90m599 ms - 12[39m
[35m[HTTP][39m [90m[39m
[35m[HTTP][39m [37m-->[39m [37mPOST[39m [37m/wd/hub/session/a894397a-4139-42f2-8be0-a64f7e85d562/elements[39m
[35m[HTTP][39m [90m{"using":"-android uiautomator","value":"new UiSelector().className(\"android.widget.TextView\").text(\"Downloads\").resourceId(\"android:id/title\")"}[39m
[35m[HTTP][39m [37m<-- POST /wd/hub/session/a894397a-4139-42f2-8be0-a64f7e85d562/elements [39m[32m200[39m [90m608 ms - 12[39m
[35m[HTTP][39m [90m[39m
[35m[HTTP][39m [37m-->[39m [37mPOST[39m [37m/wd/hub/session/a894397a-4139-42f2-8be0-a64f7e85d562/elements[39m
[35m[HTTP][39m [90m{"using":"-android uiautomator","value":"new UiSelector().className(\"android.widget.TextView\").text(\"Downloads\").resourceId(\"android:id/title\")"}[39m
[35m[HTTP][39m [37m<-- POST /wd/hub/session/a894397a-4139-42f2-8be0-a64f7e85d562/elements [39m[32m200[39m [90m595 ms - 12[39m
[35m[HTTP][39m [90m[39m
[35m[HTTP][39m [37m-->[39m [37mPOST[39m [37m/wd/hub/session/a894397a-4139-42f2-8be0-a64f7e85d562/elements[39m
[35m[HTTP][39m [90m{"using":"-android uiautomator","value":"new UiSelector().className(\"android.widget.TextView\").text(\"Downloads\").resourceId(\"android:id/title\")"}[39m
[35m[HTTP][39m [37m<-- POST /wd/hub/session/a894397a-4139-42f2-8be0-a64f7e85d562/elements [39m[32m200[39m [90m595 ms - 12[39m
[35m[HTTP][39m [90m[39m
[35m[HTTP][39m [37m-->[39m [37mPOST[39m [37m/wd/hub/session/a894397a-4139-42f2-8be0-a64f7e85d562/elements[39m
[35m[HTTP][39m [90m{"using":"-android uiautomator","value":"new UiSelector().className(\"android.widget.TextView\").text(\"Downloads\").resourceId(\"android:id/title\")"}[39m
[35m[HTTP][39m [37m<-- POST /wd/hub/session/a894397a-4139-42f2-8be0-a64f7e85d562/elements [39m[32m200[39m [90m564 ms - 12[39m
[35m[HTTP][39m [90m[39m
[35m[HTTP][39m [37m-->[39m [37mPOST[39m [37m/wd/hub/session/a894397a-4139-42f2-8be0-a64f7e85d562/elements[39m
[35m[HTTP][39m [90m{"using":"-android uiautomator","value":"new UiSelector().className(\"android.widget.TextView\").text(\"Downloads\").resourceId(\"android:id/title\")"}[39m
[35m[HTTP][39m [37m<-- POST /wd/hub/session/a894397a-4139-42f2-8be0-a64f7e85d562/elements [39m[32m200[39m [90m55 ms - 12[39m
[35m[HTTP][39m [90m[39m
[35m[HTTP][39m [37m-->[39m [37mPOST[39m [37m/wd/hub/session/a894397a-4139-42f2-8be0-a64f7e85d562/elements[39m
[35m[HTTP][39m [90m{"using":"-android uiautomator","value":"new UiSelector().className(\"android.widget.TextView\").text(\"Downloads\").resourceId(\"android:id/title\")"}[39m
[35m[HTTP][39m [37m<-- POST /wd/hub/session/a894397a-4139-42f2-8be0-a64f7e85d562/elements [39m[32m200[39m [90m611 ms - 12[39m
[35m[HTTP][39m [90m[39m
[35m[HTTP][39m [37m-->[39m [37mPOST[39m [37m/wd/hub/session/a894397a-4139-42f2-8be0-a64f7e85d562/elements[39m
[35m[HTTP][39m [90m{"using":"-android uiautomator","value":"new UiSelector().className(\"android.widget.TextView\").text(\"Downloads\").resourceId(\"android:id/title\")"}[39m
[35m[HTTP][39m [37m<-- POST /wd/hub/session/a894397a-4139-42f2-8be0-a64f7e85d562/elements [39m[32m200[39m [90m553 ms - 12[39m
[35m[HTTP][39m [90m[39m
[35m[HTTP][39m [37m-->[39m [37mPOST[39m [37m/wd/hub/session/a894397a-4139-42f2-8be0-a64f7e85d562/elements[39m
[35m[HTTP][39m [90m{"using":"-android uiautomator","value":"new UiSelector().className(\"android.widget.TextView\").text(\"Downloads\").resourceId(\"android:id/title\")"}[39m
[35m[HTTP][39m [37m<-- POST /wd/hub/session/a894397a-4139-42f2-8be0-a64f7e85d562/elements [39m[32m200[39m [90m602 ms - 12[39m
[35m[HTTP][39m [90m[39m
[35m[HTTP][39m [37m-->[39m [37mPOST[39m [37m/wd/hub/session/a894397a-4139-42f2-8be0-a64f7e85d562/elements[39m
[35m[HTTP][39m [90m{"using":"-android uiautomator","value":"new UiSelector().className(\"android.widget.TextView\").text(\"Downloads\").resourceId(\"android:id/title\")"}[39m
[35m[HTTP][39m [37m<-- POST /wd/hub/session/a894397a-4139-42f2-8be0-a64f7e85d562/elements [39m[32m200[39m [90m599 ms - 12[39m
[35m[HTTP][39m [90m[39m
[35m[HTTP][39m [37m-->[39m [37mPOST[39m [37m/wd/hub/session/a894397a-4139-42f2-8be0-a64f7e85d562/elements[39m
[35m[HTTP][39m [90m{"using":"-android uiautomator","value":"new UiSelector().className(\"android.widget.TextView\").text(\"Downloads\").resourceId(\"android:id/title\")"}[39m
[35m[HTTP][39m [37m<-- POST /wd/hub/session/a894397a-4139-42f2-8be0-a64f7e85d562/elements [39m[32m200[39m [90m587 ms - 12[39m
[35m[HTTP][39m [90m[39m
[35m[HTTP][39m [37m-->[39m [37mPOST[39m [37m/wd/hub/session/a894397a-4139-42f2-8be0-a64f7e85d562/elements[39m
[35m[HTTP][39m [90m{"using":"-android uiautomator","value":"new UiSelector().className(\"android.widget.TextView\").text(\"Downloads\").resourceId(\"android:id/title\")"}[39m
[35m[HTTP][39m [37m<-- POST /wd/hub/session/a894397a-4139-42f2-8be0-a64f7e85d562/elements [39m[32m200[39m [90m581 ms - 12[39m
[35m[HTTP][39m [90m[39m
[35m[HTTP][39m [37m-->[39m [37mPOST[39m [37m/wd/hub/session/a894397a-4139-42f2-8be0-a64f7e85d562/elements[39m
[35m[HTTP][39m [90m{"using":"-android uiautomator","value":"new UiSelector().className(\"android.widget.TextView\").text(\"Downloads\").resourceId(\"android:id/title\")"}[39m
[35m[HTTP][39m [37m<-- POST /wd/hub/session/a894397a-4139-42f2-8be0-a64f7e85d562/elements [39m[32m200[39m [90m560 ms - 12[39m
[35m[HTTP][39m [90m[39m
[35m[HTTP][39m [37m-->[39m [37mPOST[39m [37m/wd/hub/session/a894397a-4139-42f2-8be0-a64f7e85d562/elements[39m
[35m[HTTP][39m [90m{"using":"-android uiautomator","value":"new UiSelector().className(\"android.widget.TextView\").text(\"Downloads\").resourceId(\"android:id/title\")"}[39m
[35m[HTTP][39m [37m<-- POST /wd/hub/session/a894397a-4139-42f2-8be0-a64f7e85d562/elements [39m[32m200[39m [90m589 ms - 12[39m
[35m[HTTP][39m [90m[39m
[35m[HTTP][39m [37m-->[39m [37mPOST[39m [37m/wd/hub/session/a894397a-4139-42f2-8be0-a64f7e85d562/elements[39m
[35m[HTTP][39m [90m{"using":"-android uiautomator","value":"new UiSelector().className(\"android.widget.TextView\").text(\"Downloads\").resourceId(\"android:id/title\")"}[39m
[35m[HTTP][39m [37m<-- POST /wd/hub/session/a894397a-4139-42f2-8be0-a64f7e85d562/elements [39m[32m200[39m [90m597 ms - 12[39m
[35m[HTTP][39m [90m[39m
[35m[HTTP][39m [37m-->[39m [37mPOST[39m [37m/wd/hub/session/a894397a-4139-42f2-8be0-a64f7e85d562/elements[39m
[35m[HTTP][39m [90m{"using":"-android uiautomator","value":"new UiSelector().className(\"android.widget.TextView\").text(\"Downloads\").resourceId(\"android:id/title\")"}[39m
[35m[HTTP][39m [37m<-- POST /wd/hub/session/a894397a-4139-42f2-8be0-a64f7e85d562/elements [39m[32m200[39m [90m587 ms - 12[39m
[35m[HTTP][39m [90m[39m
[35m[HTTP][39m [37m-->[39m [37mPOST[39m [37m/wd/hub/session/a894397a-4139-42f2-8be0-a64f7e85d562/elements[39m
[35m[HTTP][39m [90m{"using":"-android uiautomator","value":"new UiSelector().className(\"android.widget.TextView\").text(\"Downloads\").resourceId(\"android:id/title\")"}[39m
[35m[HTTP][39m [37m<-- POST /wd/hub/session/a894397a-4139-42f2-8be0-a64f7e85d562/elements [39m[32m200[39m [90m586 ms - 12[39m
[35m[HTTP][39m [90m[39m
[35m[HTTP][39m [37m-->[39m [37mPOST[39m [37m/wd/hub/session/a894397a-4139-42f2-8be0-a64f7e85d562/elements[39m
[35m[HTTP][39m [90m{"using":"-android uiautomator","value":"new UiSelector().className(\"android.widget.TextView\").text(\"Downloads\").resourceId(\"android:id/title\")"}[39m
[35m[HTTP][39m [37m<-- POST /wd/hub/session/a894397a-4139-42f2-8be0-a64f7e85d562/elements [39m[32m200[39m [90m570 ms - 12[39m
[35m[HTTP][39m [90m[39m
[35m[HTTP][39m [37m-->[39m [37mPOST[39m [37m/wd/hub/session/a894397a-4139-42f2-8be0-a64f7e85d562/elements[39m
[35m[HTTP][39m [90m{"using":"-android uiautomator","value":"new UiSelector().className(\"android.widget.TextView\").text(\"Downloads\").resourceId(\"android:id/title\")"}[39m
[35m[HTTP][39m [37m<-- POST /wd/hub/session/a894397a-4139-42f2-8be0-a64f7e85d562/elements [39m[32m200[39m [90m585 ms - 12[39m
[35m[HTTP][39m [90m[39m
[35m[HTTP][39m [37m-->[39m [37mPOST[39m [37m/wd/hub/session/a894397a-4139-42f2-8be0-a64f7e85d562/elements[39m
[35m[HTTP][39m [90m{"using":"-android uiautomator","value":"new UiSelector().className(\"android.widget.TextView\").text(\"Downloads\").resourceId(\"android:id/title\")"}[39m
[35m[HTTP][39m [37m<-- POST /wd/hub/session/a894397a-4139-42f2-8be0-a64f7e85d562/elements [39m[32m200[39m [90m603 ms - 12[39m
[35m[HTTP][39m [90m[39m
[35m[HTTP][39m [37m-->[39m [37mPOST[39m [37m/wd/hub/session/a894397a-4139-42f2-8be0-a64f7e85d562/elements[39m
[35m[HTTP][39m [90m{"using":"-android uiautomator","value":"new UiSelector().className(\"android.widget.TextView\").text(\"Downloads\").resourceId(\"android:id/title\")"}[39m
[35m[HTTP][39m [37m<-- POST /wd/hub/session/a894397a-4139-42f2-8be0-a64f7e85d562/elements [39m[32m200[39m [90m602 ms - 12[39m
[35m[HTTP][39m [90m[39m
[35m[HTTP][39m [37m-->[39m [37mPOST[39m [37m/wd/hub/session/a894397a-4139-42f2-8be0-a64f7e85d562/elements[39m
[35m[HTTP][39m [90m{"using":"-android uiautomator","value":"new UiSelector().className(\"android.widget.TextView\").text(\"Downloads\").resourceId(\"android:id/title\")"}[39m
[35m[HTTP][39m [37m<-- POST /wd/hub/session/a894397a-4139-42f2-8be0-a64f7e85d562/elements [39m[32m200[39m [90m581 ms - 12[39m
[35m[HTTP][39m [90m[39m
[35m[HTTP][39m [37m-->[39m [37mPOST[39m [37m/wd/hub/session/a894397a-4139-42f2-8be0-a64f7e85d562/elements[39m
[35m[HTTP][39m [90m{"using":"-android uiautomator","value":"new UiSelector().className(\"android.widget.TextView\").text(\"Downloads\").resourceId(\"android:id/title\")"}[39m
[35m[HTTP][39m [37m<-- POST /wd/hub/session/a894397a-4139-42f2-8be0-a64f7e85d562/elements [39m[32m200[39m [90m570 ms - 12[39m
[35m[HTTP][39m [90m[39m
[35m[HTTP][39m [37m-->[39m [37mPOST[39m [37m/wd/hub/session/a894397a-4139-42f2-8be0-a64f7e85d562/elements[39m
[35m[HTTP][39m [90m{"using":"-android uiautomator","value":"new UiSelector().className(\"android.widget.TextView\").text(\"Downloads\").resourceId(\"android:id/title\")"}[39m
[35m[HTTP][39m [37m<-- POST /wd/hub/session/a894397a-4139-42f2-8be0-a64f7e85d562/elements [39m[32m200[39m [90m613 ms - 12[39m
[35m[HTTP][39m [90m[39m
[35m[HTTP][39m [37m-->[39m [37mPOST[39m [37m/wd/hub/session/a894397a-4139-42f2-8be0-a64f7e85d562/elements[39m
[35m[HTTP][39m [90m{"using":"-android uiautomator","value":"new UiSelector().className(\"android.widget.TextView\").text(\"Downloads\").resourceId(\"android:id/title\")"}[39m
[35m[HTTP][39m [37m<-- POST /wd/hub/session/a894397a-4139-42f2-8be0-a64f7e85d562/elements [39m[32m200[39m [90m590 ms - 12[39m
[35m[HTTP][39m [90m[39m
[35m[HTTP][39m [37m-->[39m [37mPOST[39m [37m/wd/hub/session/a894397a-4139-42f2-8be0-a64f7e85d562/elements[39m
[35m[HTTP][39m [90m{"using":"-android uiautomator","value":"new UiSelector().className(\"android.widget.TextView\").text(\"Downloads\").resourceId(\"android:id/title\")"}[39m
[35m[HTTP][39m [37m<-- POST /wd/hub/session/a894397a-4139-42f2-8be0-a64f7e85d562/elements [39m[32m200[39m [90m585 ms - 12[39m
[35m[HTTP][39m [90m[39m
[35m[HTTP][39m [37m-->[39m [37mPOST[39m [37m/wd/hub/session/a894397a-4139-42f2-8be0-a64f7e85d562/elements[39m
[35m[HTTP][39m [90m{"using":"-android uiautomator","value":"new UiSelector().className(\"android.widget.TextView\").text(\"Downloads\").resourceId(\"android:id/title\")"}[39m
[35m[HTTP][39m [37m<-- POST /wd/hub/session/a894397a-4139-42f2-8be0-a64f7e85d562/elements [39m[32m200[39m [90m582 ms - 12[39m
[35m[HTTP][39m [90m[39m
[35m[HTTP][39m [37m-->[39m [37mPOST[39m [37m/wd/hub/session/a894397a-4139-42f2-8be0-a64f7e85d562/elements[39m
[35m[HTTP][39m [90m{"using":"-android uiautomator","value":"new UiSelector().className(\"android.widget.TextView\").text(\"Downloads\").resourceId(\"android:id/title\")"}[39m
[35m[HTTP][39m [37m<-- POST /wd/hub/session/a894397a-4139-42f2-8be0-a64f7e85d562/elements [39m[32m200[39m [90m561 ms - 12[39m
[35m[HTTP][39m [90m[39m
[35m[HTTP][39m [37m-->[39m [37mPOST[39m [37m/wd/hub/session/a894397a-4139-42f2-8be0-a64f7e85d562/elements[39m
[35m[HTTP][39m [90m{"using":"-android uiautomator","value":"new UiSelector().className(\"android.widget.TextView\").text(\"Downloads\").resourceId(\"android:id/title\")"}[39m
[35m[HTTP][39m [37m<-- POST /wd/hub/session/a894397a-4139-42f2-8be0-a64f7e85d562/elements [39m[32m200[39m [90m585 ms - 12[39m
[35m[HTTP][39m [90m[39m
[35m[HTTP][39m [37m-->[39m [37mPOST[39m [37m/wd/hub/session/a894397a-4139-42f2-8be0-a64f7e85d562/elements[39m
[35m[HTTP][39m [90m{"using":"-android uiautomator","value":"new UiSelector().className(\"android.widget.TextView\").text(\"Downloads\").resourceId(\"android:id/title\")"}[39m
[35m[HTTP][39m [37m<-- POST /wd/hub/session/a894397a-4139-42f2-8be0-a64f7e85d562/elements [39m[32m200[39m [90m584 ms - 12[39m
[35m[HTTP][39m [90m[39m
[35m[HTTP][39m [37m-->[39m [37mPOST[39m [37m/wd/hub/session/a894397a-4139-42f2-8be0-a64f7e85d562/elements[39m
[35m[HTTP][39m [90m{"using":"-android uiautomator","value":"new UiSelector().className(\"android.widget.TextView\").text(\"Downloads\").resourceId(\"android:id/title\")"}[39m
[35m[HTTP][39m [37m<-- POST /wd/hub/session/a894397a-4139-42f2-8be0-a64f7e85d562/elements [39m[32m200[39m [90m591 ms - 12[39m
[35m[HTTP][39m [90m[39m
[35m[HTTP][39m [37m-->[39m [37mPOST[39m [37m/wd/hub/session/a894397a-4139-42f2-8be0-a64f7e85d562/elements[39m
[35m[HTTP][39m [90m{"using":"-android uiautomator","value":"new UiSelector().className(\"android.widget.TextView\").text(\"Downloads\").resourceId(\"android:id/title\")"}[39m
[35m[HTTP][39m [37m<-- POST /wd/hub/session/a894397a-4139-42f2-8be0-a64f7e85d562/elements [39m[32m200[39m [90m596 ms - 12[39m
[35m[HTTP][39m [90m[39m
[35m[HTTP][39m [37m-->[39m [37mPOST[39m [37m/wd/hub/session/a894397a-4139-42f2-8be0-a64f7e85d562/elements[39m
[35m[HTTP][39m [90m{"using":"-android uiautomator","value":"new UiSelector().className(\"android.widget.TextView\").text(\"Downloads\").resourceId(\"android:id/title\")"}[39m
[35m[HTTP][39m [37m<-- POST /wd/hub/session/a894397a-4139-42f2-8be0-a64f7e85d562/elements [39m[32m200[39m [90m659 ms - 12[39m
[35m[HTTP][39m [90m[39m
[35m[HTTP][39m [37m-->[39m [37mPOST[39m [37m/wd/hub/session/a894397a-4139-42f2-8be0-a64f7e85d562/elements[39m
[35m[HTTP][39m [90m{"using":"-android uiautomator","value":"new UiSelector().className(\"android.widget.TextView\").text(\"Downloads\").resourceId(\"android:id/title\")"}[39m
[35m[HTTP][39m [37m<-- POST /wd/hub/session/a894397a-4139-42f2-8be0-a64f7e85d562/elements [39m[32m200[39m [90m602 ms - 12[39m
[35m[HTTP][39m [90m[39m
[35m[HTTP][39m [37m-->[39m [37mPOST[39m [37m/wd/hub/session/a894397a-4139-42f2-8be0-a64f7e85d562/elements[39m
[35m[HTTP][39m [90m{"using":"-android uiautomator","value":"new UiSelector().className(\"android.widget.TextView\").text(\"Downloads\").resourceId(\"android:id/title\")"}[39m
[35m[HTTP][39m [37m<-- POST /wd/hub/session/a894397a-4139-42f2-8be0-a64f7e85d562/elements [39m[32m200[39m [90m559 ms - 12[39m
[35m[HTTP][39m [90m[39m
[35m[HTTP][39m [37m-->[39m [37mPOST[39m [37m/wd/hub/session/a894397a-4139-42f2-8be0-a64f7e85d562/elements[39m
[35m[HTTP][39m [90m{"using":"-android uiautomator","value":"new UiSelector().className(\"android.widget.TextView\").text(\"Downloads\").resourceId(\"android:id/title\")"}[39m
[35m[HTTP][39m [37m<-- POST /wd/hub/session/a894397a-4139-42f2-8be0-a64f7e85d562/elements [39m[32m200[39m [90m604 ms - 12[39m
[35m[HTTP][39m [90m[39m
[35m[HTTP][39m [37m-->[39m [37mPOST[39m [37m/wd/hub/session/a894397a-4139-42f2-8be0-a64f7e85d562/elements[39m
[35m[HTTP][39m [90m{"using":"-android uiautomator","value":"new UiSelector().className(\"android.widget.TextView\").text(\"Downloads\").resourceId(\"android:id/title\")"}[39m
[35m[HTTP][39m [37m<-- POST /wd/hub/session/a894397a-4139-42f2-8be0-a64f7e85d562/elements [39m[32m200[39m [90m570 ms - 12[39m
[35m[HTTP][39m [90m[39m
[35m[HTTP][39m [37m-->[39m [37mPOST[39m [37m/wd/hub/session/a894397a-4139-42f2-8be0-a64f7e85d562/elements[39m
[35m[HTTP][39m [90m{"using":"-android uiautomator","value":"new UiSelector().className(\"android.widget.TextView\").text(\"Downloads\").resourceId(\"android:id/title\")"}[39m
[35m[HTTP][39m [37m<-- POST /wd/hub/session/a894397a-4139-42f2-8be0-a64f7e85d562/elements [39m[32m200[39m [90m554 ms - 12[39m
[35m[HTTP][39m [90m[39m
[35m[HTTP][39m [37m-->[39m [37mPOST[39m [37m/wd/hub/session/a894397a-4139-42f2-8be0-a64f7e85d562/elements[39m
[35m[HTTP][39m [90m{"using":"-android uiautomator","value":"new UiSelector().className(\"android.widget.TextView\").text(\"Downloads\").resourceId(\"android:id/title\")"}[39m
[35m[HTTP][39m [37m<-- POST /wd/hub/session/a894397a-4139-42f2-8be0-a64f7e85d562/elements [39m[32m200[39m [90m600 ms - 12[39m
[35m[HTTP][39m [90m[39m
[35m[HTTP][39m [37m-->[39m [37mPOST[39m [37m/wd/hub/session/a894397a-4139-42f2-8be0-a64f7e85d562/elements[39m
[35m[HTTP][39m [90m{"using":"-android uiautomator","value":"new UiSelector().className(\"android.widget.TextView\").text(\"Downloads\").resourceId(\"android:id/title\")"}[39m
[35m[HTTP][39m [37m<-- POST /wd/hub/session/a894397a-4139-42f2-8be0-a64f7e85d562/elements [39m[32m200[39m [90m579 ms - 12[39m
[35m[HTTP][39m [90m[39m
[35m[HTTP][39m [37m-->[39m [37mPOST[39m [37m/wd/hub/session/a894397a-4139-42f2-8be0-a64f7e85d562/elements[39m
[35m[HTTP][39m [90m{"using":"-android uiautomator","value":"new UiSelector().className(\"android.widget.TextView\").text(\"Downloads\").resourceId(\"android:id/title\")"}[39m
[35m[HTTP][39m [37m<-- POST /wd/hub/session/a894397a-4139-42f2-8be0-a64f7e85d562/elements [39m[32m200[39m [90m585 ms - 12[39m
[35m[HTTP][39m [90m[39m
[35m[HTTP][39m [37m-->[39m [37mPOST[39m [37m/wd/hub/session/a894397a-4139-42f2-8be0-a64f7e85d562/elements[39m
[35m[HTTP][39m [90m{"using":"-android uiautomator","value":"new UiSelector().className(\"android.widget.TextView\").text(\"Downloads\").resourceId(\"android:id/title\")"}[39m
[35m[HTTP][39m [37m<-- POST /wd/hub/session/a894397a-4139-42f2-8be0-a64f7e85d562/elements [39m[32m200[39m [90m558 ms - 12[39m
[35m[HTTP][39m [90m[39m
[35m[HTTP][39m [37m-->[39m [37mPOST[39m [37m/wd/hub/session/a894397a-4139-42f2-8be0-a64f7e85d562/elements[39m
[35m[HTTP][39m [90m{"using":"-android uiautomator","value":"new UiSelector().className(\"android.widget.TextView\").text(\"Downloads\").resourceId(\"android:id/title\")"}[39m
[35m[HTTP][39m [37m<-- POST /wd/hub/session/a894397a-4139-42f2-8be0-a64f7e85d562/elements [39m[32m200[39m [90m578 ms - 12[39m
[35m[HTTP][39m [90m[39m
[35m[HTTP][39m [37m-->[39m [37mPOST[39m [37m/wd/hub/session/a894397a-4139-42f2-8be0-a64f7e85d562/elements[39m
[35m[HTTP][39m [90m{"using":"-android uiautomator","value":"new UiSelector().className(\"android.widget.TextView\").text(\"Downloads\").resourceId(\"android:id/title\")"}[39m
[35m[HTTP][39m [37m<-- POST /wd/hub/session/a894397a-4139-42f2-8be0-a64f7e85d562/elements [39m[32m200[39m [90m582 ms - 12[39m
[35m[HTTP][39m [90m[39m
[35m[HTTP][39m [37m-->[39m [37mPOST[39m [37m/wd/hub/session/a894397a-4139-42f2-8be0-a64f7e85d562/elements[39m
[35m[HTTP][39m [90m{"using":"-android uiautomator","value":"new UiSelector().className(\"android.widget.TextView\").text(\"Downloads\").resourceId(\"android:id/title\")"}[39m
[35m[HTTP][39m [37m<-- POST /wd/hub/session/a894397a-4139-42f2-8be0-a64f7e85d562/elements [39m[32m200[39m [90m593 ms - 12[39m
[35m[HTTP][39m [90m[39m
[35m[HTTP][39m [37m-->[39m [37mPOST[39m [37m/wd/hub/session/a894397a-4139-42f2-8be0-a64f7e85d562/elements[39m
[35m[HTTP][39m [90m{"using":"-android uiautomator","value":"new UiSelector().className(\"android.widget.TextView\").text(\"Downloads\").resourceId(\"android:id/title\")"}[39m
[35m[HTTP][39m [37m<-- POST /wd/hub/session/a894397a-4139-42f2-8be0-a64f7e85d562/elements [39m[32m200[39m [90m601 ms - 12[39m
[35m[HTTP][39m [90m[39m
[35m[HTTP][39m [37m-->[39m [37mPOST[39m [37m/wd/hub/session/a894397a-4139-42f2-8be0-a64f7e85d562/elements[39m
[35m[HTTP][39m [90m{"using":"-android uiautomator","value":"new UiSelector().className(\"android.widget.TextView\").text(\"Downloads\").resourceId(\"android:id/title\")"}[39m
[35m[HTTP][39m [37m<-- POST /wd/hub/session/a894397a-4139-42f2-8be0-a64f7e85d562/elements [39m[32m200[39m [90m568 ms - 12[39m
[35m[HTTP][39m [90m[39m
[35m[HTTP][39m [37m-->[39m [37mPOST[39m [37m/wd/hub/session/a894397a-4139-42f2-8be0-a64f7e85d562/elements[39m
[35m[HTTP][39m [90m{"using":"-android uiautomator","value":"new UiSelector().className(\"android.widget.TextView\").text(\"Downloads\").resourceId(\"android:id/title\")"}[39m
[35m[HTTP][39m [37m<-- POST /wd/hub/session/a894397a-4139-42f2-8be0-a64f7e85d562/elements [39m[32m200[39m [90m563 ms - 12[39m
[35m[HTTP][39m [90m[39m
[35m[HTTP][39m [37m-->[39m [37mPOST[39m [37m/wd/hub/session/a894397a-4139-42f2-8be0-a64f7e85d562/elements[39m
[35m[HTTP][39m [90m{"using":"-android uiautomator","value":"new UiSelector().className(\"android.widget.TextView\").text(\"Downloads\").resourceId(\"android:id/title\")"}[39m
[35m[HTTP][39m [37m<-- POST /wd/hub/session/a894397a-4139-42f2-8be0-a64f7e85d562/elements [39m[32m200[39m [90m585 ms - 12[39m
[35m[HTTP][39m [90m[39m
[35m[HTTP][39m [37m-->[39m [37mPOST[39m [37m/wd/hub/session/a894397a-4139-42f2-8be0-a64f7e85d562/elements[39m
[35m[HTTP][39m [90m{"using":"-android uiautomator","value":"new UiSelector().className(\"android.widget.TextView\").text(\"Downloads\").resourceId(\"android:id/title\")"}[39m
[35m[HTTP][39m [37m<-- POST /wd/hub/session/a894397a-4139-42f2-8be0-a64f7e85d562/elements [39m[32m200[39m [90m583 ms - 12[39m
[35m[HTTP][39m [90m[39m
[35m[HTTP][39m [37m-->[39m [37mPOST[39m [37m/wd/hub/session/a894397a-4139-42f2-8be0-a64f7e85d562/elements[39m
[35m[HTTP][39m [90m{"using":"-android uiautomator","value":"new UiSelector().className(\"android.widget.TextView\").text(\"Downloads\").resourceId(\"android:id/title\")"}[39m
[35m[HTTP][39m [37m<-- POST /wd/hub/session/a894397a-4139-42f2-8be0-a64f7e85d562/elements [39m[32m200[39m [90m571 ms - 12[39m
[35m[HTTP][39m [90m[39m
[35m[HTTP][39m [37m-->[39m [37mPOST[39m [37m/wd/hub/session/a894397a-4139-42f2-8be0-a64f7e85d562/elements[39m
[35m[HTTP][39m [90m{"using":"-android uiautomator","value":"new UiSelector().className(\"android.widget.TextView\").text(\"Downloads\").resourceId(\"android:id/title\")"}[39m
[35m[HTTP][39m [37m<-- POST /wd/hub/session/a894397a-4139-42f2-8be0-a64f7e85d562/elements [39m[32m200[39m [90m602 ms - 12[39m
[35m[HTTP][39m [90m[39m
[35m[HTTP][39m [37m-->[39m [37mPOST[39m [37m/wd/hub/session/a894397a-4139-42f2-8be0-a64f7e85d562/elements[39m
[35m[HTTP][39m [90m{"using":"-android uiautomator","value":"new UiSelector().className(\"android.widget.TextView\").text(\"Downloads\").resourceId(\"android:id/title\")"}[39m
[35m[HTTP][39m [37m<-- POST /wd/hub/session/a894397a-4139-42f2-8be0-a64f7e85d562/elements [39m[32m200[39m [90m592 ms - 12[39m
[35m[HTTP][39m [90m[39m
[35m[HTTP][39m [37m-->[39m [37mPOST[39m [37m/wd/hub/session/a894397a-4139-42f2-8be0-a64f7e85d562/elements[39m
[35m[HTTP][39m [90m{"using":"-android uiautomator","value":"new UiSelector().className(\"android.widget.TextView\").text(\"Downloads\").resourceId(\"android:id/title\")"}[39m
[35m[HTTP][39m [37m<-- POST /wd/hub/session/a894397a-4139-42f2-8be0-a64f7e85d562/elements [39m[32m200[39m [90m589 ms - 12[39m
[35m[HTTP][39m [90m[39m
[35m[HTTP][39m [37m-->[39m [37mPOST[39m [37m/wd/hub/session/a894397a-4139-42f2-8be0-a64f7e85d562/elements[39m
[35m[HTTP][39m [90m{"using":"-android uiautomator","value":"new UiSelector().className(\"android.widget.TextView\").text(\"Downloads\").resourceId(\"android:id/title\")"}[39m
[35m[HTTP][39m [37m<-- POST /wd/hub/session/a894397a-4139-42f2-8be0-a64f7e85d562/elements [39m[32m200[39m [90m588 ms - 12[39m
[35m[HTTP][39m [90m[39m
[35m[HTTP][39m [37m-->[39m [37mPOST[39m [37m/wd/hub/session/a894397a-4139-42f2-8be0-a64f7e85d562/elements[39m
[35m[HTTP][39m [90m{"using":"-android uiautomator","value":"new UiSelector().className(\"android.widget.TextView\").text(\"Downloads\").resourceId(\"android:id/title\")"}[39m
[35m[HTTP][39m [37m<-- POST /wd/hub/session/a894397a-4139-42f2-8be0-a64f7e85d562/elements [39m[32m200[39m [90m582 ms - 12[39m
[35m[HTTP][39m [90m[39m
[35m[HTTP][39m [37m-->[39m [37mPOST[39m [37m/wd/hub/session/a894397a-4139-42f2-8be0-a64f7e85d562/elements[39m
[35m[HTTP][39m [90m{"using":"-android uiautomator","value":"new UiSelector().className(\"android.widget.TextView\").text(\"Downloads\").resourceId(\"android:id/title\")"}[39m
[35m[HTTP][39m [37m<-- POST /wd/hub/session/a894397a-4139-42f2-8be0-a64f7e85d562/elements [39m[32m200[39m [90m569 ms - 12[39m
[35m[HTTP][39m [90m[39m
[35m[HTTP][39m [37m-->[39m [37mPOST[39m [37m/wd/hub/session/a894397a-4139-42f2-8be0-a64f7e85d562/elements[39m
[35m[HTTP][39m [90m{"using":"-android uiautomator","value":"new UiSelector().className(\"android.widget.TextView\").text(\"Downloads\").resourceId(\"android:id/title\")"}[39m
[35m[HTTP][39m [37m<-- POST /wd/hub/session/a894397a-4139-42f2-8be0-a64f7e85d562/elements [39m[32m200[39m [90m564 ms - 12[39m
[35m[HTTP][39m [90m[39m
[35m[HTTP][39m [37m-->[39m [37mPOST[39m [37m/wd/hub/session/a894397a-4139-42f2-8be0-a64f7e85d562/elements[39m
[35m[HTTP][39m [90m{"using":"-android uiautomator","value":"new UiSelector().className(\"android.widget.TextView\").text(\"Downloads\").resourceId(\"android:id/title\")"}[39m
[35m[HTTP][39m [37m<-- POST /wd/hub/session/a894397a-4139-42f2-8be0-a64f7e85d562/elements [39m[32m200[39m [90m572 ms - 12[39m
[35m[HTTP][39m [90m[39m
[35m[HTTP][39m [37m-->[39m [37mPOST[39m [37m/wd/hub/session/a894397a-4139-42f2-8be0-a64f7e85d562/elements[39m
[35m[HTTP][39m [90m{"using":"-android uiautomator","value":"new UiSelector().className(\"android.widget.TextView\").text(\"Downloads\").resourceId(\"android:id/title\")"}[39m
[35m[HTTP][39m [37m<-- POST /wd/hub/session/a894397a-4139-42f2-8be0-a64f7e85d562/elements [39m[32m200[39m [90m595 ms - 12[39m
[35m[HTTP][39m [90m[39m
[35m[HTTP][39m [37m-->[39m [37mPOST[39m [37m/wd/hub/session/a894397a-4139-42f2-8be0-a64f7e85d562/elements[39m
[35m[HTTP][39m [90m{"using":"-android uiautomator","value":"new UiSelector().className(\"android.widget.TextView\").text(\"Downloads\").resourceId(\"android:id/title\")"}[39m
[35m[HTTP][39m [37m<-- POST /wd/hub/session/a894397a-4139-42f2-8be0-a64f7e85d562/elements [39m[32m200[39m [90m62 ms - 12[39m
[35m[HTTP][39m [90m[39m
[35m[HTTP][39m [37m-->[39m [37mPOST[39m [37m/wd/hub/session/a894397a-4139-42f2-8be0-a64f7e85d562/elements[39m
[35m[HTTP][39m [90m{"using":"-android uiautomator","value":"new UiSelector().className(\"android.widget.TextView\").text(\"Downloads\").resourceId(\"android:id/title\")"}[39m
[35m[HTTP][39m [37m<-- POST /wd/hub/session/a894397a-4139-42f2-8be0-a64f7e85d562/elements [39m[32m200[39m [90m578 ms - 12[39m
[35m[HTTP][39m [90m[39m
[35m[HTTP][39m [37m-->[39m [37mPOST[39m [37m/wd/hub/session/a894397a-4139-42f2-8be0-a64f7e85d562/elements[39m
[35m[HTTP][39m [90m{"using":"-android uiautomator","value":"new UiSelector().className(\"android.widget.TextView\").text(\"Downloads\").resourceId(\"android:id/title\")"}[39m
[35m[HTTP][39m [37m<-- POST /wd/hub/session/a894397a-4139-42f2-8be0-a64f7e85d562/elements [39m[32m200[39m [90m605 ms - 12[39m
[35m[HTTP][39m [90m[39m
[35m[HTTP][39m [37m-->[39m [37mPOST[39m [37m/wd/hub/session/a894397a-4139-42f2-8be0-a64f7e85d562/elements[39m
[35m[HTTP][39m [90m{"using":"-android uiautomator","value":"new UiSelector().className(\"android.widget.TextView\").text(\"Downloads\").resourceId(\"android:id/title\")"}[39m
[35m[HTTP][39m [37m<-- POST /wd/hub/session/a894397a-4139-42f2-8be0-a64f7e85d562/elements [39m[32m200[39m [90m554 ms - 12[39m
[35m[HTTP][39m [90m[39m
[35m[HTTP][39m [37m-->[39m [37mPOST[39m [37m/wd/hub/session/a894397a-4139-42f2-8be0-a64f7e85d562/elements[39m
[35m[HTTP][39m [90m{"using":"-android uiautomator","value":"new UiSelector().className(\"android.widget.TextView\").text(\"Downloads\").resourceId(\"android:id/title\")"}[39m
[35m[HTTP][39m [37m<-- POST /wd/hub/session/a894397a-4139-42f2-8be0-a64f7e85d562/elements [39m[32m200[39m [90m576 ms - 12[39m
[35m[HTTP][39m [90m[39m
[35m[HTTP][39m [37m-->[39m [37mPOST[39m [37m/wd/hub/session/a894397a-4139-42f2-8be0-a64f7e85d562/elements[39m
[35m[HTTP][39m [90m{"using":"-android uiautomator","value":"new UiSelector().className(\"android.widget.TextView\").text(\"Downloads\").resourceId(\"android:id/title\")"}[39m
[35m[HTTP][39m [37m<-- POST /wd/hub/session/a894397a-4139-42f2-8be0-a64f7e85d562/elements [39m[32m200[39m [90m561 ms - 12[39m
[35m[HTTP][39m [90m[39m
[35m[HTTP][39m [37m-->[39m [37mPOST[39m [37m/wd/hub/session/a894397a-4139-42f2-8be0-a64f7e85d562/elements[39m
[35m[HTTP][39m [90m{"using":"-android uiautomator","value":"new UiSelector().className(\"android.widget.TextView\").text(\"Downloads\").resourceId(\"android:id/title\")"}[39m
[35m[HTTP][39m [37m<-- POST /wd/hub/session/a894397a-4139-42f2-8be0-a64f7e85d562/elements [39m[32m200[39m [90m593 ms - 12[39m
[35m[HTTP][39m [90m[39m
[35m[HTTP][39m [37m-->[39m [37mPOST[39m [37m/wd/hub/session/a894397a-4139-42f2-8be0-a64f7e85d562/elements[39m
[35m[HTTP][39m [90m{"using":"-android uiautomator","value":"new UiSelector().className(\"android.widget.TextView\").text(\"Downloads\").resourceId(\"android:id/title\")"}[39m
[35m[HTTP][39m [37m<-- POST /wd/hub/session/a894397a-4139-42f2-8be0-a64f7e85d562/elements [39m[32m200[39m [90m585 ms - 12[39m
[35m[HTTP][39m [90m[39m
[35m[HTTP][39m [37m-->[39m [37mPOST[39m [37m/wd/hub/session/a894397a-4139-42f2-8be0-a64f7e85d562/elements[39m
[35m[HTTP][39m [90m{"using":"-android uiautomator","value":"new UiSelector().className(\"android.widget.TextView\").text(\"Downloads\").resourceId(\"android:id/title\")"}[39m
[35m[HTTP][39m [37m<-- POST /wd/hub/session/a894397a-4139-42f2-8be0-a64f7e85d562/elements [39m[32m200[39m [90m589 ms - 12[39m
[35m[HTTP][39m [90m[39m
[35m[HTTP][39m [37m-->[39m [37mPOST[39m [37m/wd/hub/session/a894397a-4139-42f2-8be0-a64f7e85d562/elements[39m
[35m[HTTP][39m [90m{"using":"-android uiautomator","value":"new UiSelector().className(\"android.widget.TextView\").text(\"Downloads\").resourceId(\"android:id/title\")"}[39m
[35m[HTTP][39m [37m<-- POST /wd/hub/session/a894397a-4139-42f2-8be0-a64f7e85d562/elements [39m[32m200[39m [90m587 ms - 12[39m
[35m[HTTP][39m [90m[39m
[35m[HTTP][39m [37m-->[39m [37mPOST[39m [37m/wd/hub/session/a894397a-4139-42f2-8be0-a64f7e85d562/elements[39m
[35m[HTTP][39m [90m{"using":"-android uiautomator","value":"new UiSelector().className(\"android.widget.TextView\").text(\"Downloads\").resourceId(\"android:id/title\")"}[39m
[35m[HTTP][39m [37m<-- POST /wd/hub/session/a894397a-4139-42f2-8be0-a64f7e85d562/elements [39m[32m200[39m [90m553 ms - 12[39m
[35m[HTTP][39m [90m[39m
[35m[HTTP][39m [37m-->[39m [37mPOST[39m [37m/wd/hub/session/a894397a-4139-42f2-8be0-a64f7e85d562/timeouts[39m
[35m[HTTP][39m [90m{"implicit":60000}[39m
[35m[HTTP][39m [37m<-- POST /wd/hub/session/a894397a-4139-42f2-8be0-a64f7e85d562/timeouts [39m[32m200[39m [90m2 ms - 14[39m
[35m[HTTP][39m [90m[39m
[35m[HTTP][39m [37m-->[39m [37mGET[39m [37m/wd/hub/session/a894397a-4139-42f2-8be0-a64f7e85d562/context[39m
[35m[HTTP][39m [90m{}[39m
[35m[HTTP][39m [37m<-- GET /wd/hub/session/a894397a-4139-42f2-8be0-a64f7e85d562/context [39m[32m200[39m [90m4 ms - 22[39m
[35m[HTTP][39m [90m[39m
[35m[HTTP][39m [37m-->[39m [37mGET[39m [37m/wd/hub/session/a894397a-4139-42f2-8be0-a64f7e85d562/contexts[39m
[35m[HTTP][39m [90m{}[39m
[35m[HTTP][39m [37m<-- GET /wd/hub/session/a894397a-4139-42f2-8be0-a64f7e85d562/contexts [39m[32m200[39m [90m568 ms - 75[39m
[35m[HTTP][39m [90m[39m
[35m[HTTP][39m [37m-->[39m [37mPOST[39m [37m/wd/hub/session/a894397a-4139-42f2-8be0-a64f7e85d562/context[39m
[35m[HTTP][39m [90m{"name":"NATIVE_APP"}[39m
[35m[HTTP][39m [37m<-- POST /wd/hub/session/a894397a-4139-42f2-8be0-a64f7e85d562/context [39m[32m200[39m [90m613 ms - 14[39m
[35m[HTTP][39m [90m[39m
[35m[HTTP][39m [37m-->[39m [37mGET[39m [37m/wd/hub/session/a894397a-4139-42f2-8be0-a64f7e85d562/screenshot[39m
[35m[HTTP][39m [90m{}[39m
[35m[HTTP][39m [37m<-- GET /wd/hub/session/a894397a-4139-42f2-8be0-a64f7e85d562/screenshot [39m[32m200[39m [90m981 ms - 71896[39m
[35m[HTTP][39m [90m[39m
[35m[HTTP][39m [37m-->[39m [37mPOST[39m [37m/wd/hub/session/a894397a-4139-42f2-8be0-a64f7e85d562/context[39m
[35m[HTTP][39m [90m{"name":"NATIVE_APP"}[39m
[35m[HTTP][39m [37m<-- POST /wd/hub/session/a894397a-4139-42f2-8be0-a64f7e85d562/context [39m[32m200[39m [90m545 ms - 14[39m
[35m[HTTP][39m [90m[39m
[35m[HTTP][39m [37m-->[39m [37mGET[39m [37m/wd/hub/session/a894397a-4139-42f2-8be0-a64f7e85d562/context[39m
[35m[HTTP][39m [90m{}[39m
[35m[HTTP][39m [37m<-- GET /wd/hub/session/a894397a-4139-42f2-8be0-a64f7e85d562/context [39m[32m200[39m [90m3 ms - 22[39m
[35m[HTTP][39m [90m[39m
[35m[HTTP][39m [37m-->[39m [37mGET[39m [37m/wd/hub/session/a894397a-4139-42f2-8be0-a64f7e85d562/contexts[39m
[35m[HTTP][39m [90m{}[39m
[35m[HTTP][39m [37m<-- GET /wd/hub/session/a894397a-4139-42f2-8be0-a64f7e85d562/contexts [39m[32m200[39m [90m666 ms - 75[39m
[35m[HTTP][39m [90m[39m
[35m[HTTP][39m [37m-->[39m [37mPOST[39m [37m/wd/hub/session/a894397a-4139-42f2-8be0-a64f7e85d562/context[39m
[35m[HTTP][39m [90m{"name":"NATIVE_APP"}[39m
[35m[HTTP][39m [37m<-- POST /wd/hub/session/a894397a-4139-42f2-8be0-a64f7e85d562/context [39m[32m200[39m [90m615 ms - 14[39m
[35m[HTTP][39m [90m[39m
[35m[HTTP][39m [37m-->[39m [37mGET[39m [37m/wd/hub/session/a894397a-4139-42f2-8be0-a64f7e85d562/screenshot[39m
[35m[HTTP][39m [90m{}[39m
[35m[HTTP][39m [37m<-- GET /wd/hub/session/a894397a-4139-42f2-8be0-a64f7e85d562/screenshot [39m[32m200[39m [90m409 ms - 71896[39m
[35m[HTTP][39m [90m[39m
[35m[HTTP][39m [37m-->[39m [37mPOST[39m [37m/wd/hub/session/a894397a-4139-42f2-8be0-a64f7e85d562/context[39m
[35m[HTTP][39m [90m{"name":"NATIVE_APP"}[39m
[35m[HTTP][39m [37m<-- POST /wd/hub/session/a894397a-4139-42f2-8be0-a64f7e85d562/context [39m[32m200[39m [90m619 ms - 14[39m
[35m[HTTP][39m [90m[39m
[35m[HTTP][39m [37m-->[39m [37mDELETE[39m [37m/wd/hub/session/a894397a-4139-42f2-8be0-a64f7e85d562[39m
[35m[HTTP][39m [90m{}[39m
[35m[Appium][39m Removing session a894397a-4139-42f2-8be0-a64f7e85d562 from our master session list
[35m[HTTP][39m [37m<-- DELETE /wd/hub/session/a894397a-4139-42f2-8be0-a64f7e85d562 [39m[32m200[39m [90m1427 ms - 14[39m
[35m[HTTP][39m [90m[39m
