<?xml version="1.0" encoding="UTF-8" standalone="no"?>
<!DOCTYPE log SYSTEM "logger.dtd">
<log>
<record>
  <date>2019-08-18T12:53:09</date>
  <millis>1566107589846</millis>
  <sequence>0</sequence>
  <level>START</level>
  <class>com.kms.katalon.core.logging.XmlKeywordLogger</class>
  <method>startSuite</method>
  <thread>1</thread>
  <message>Start Test Suite : Test Suites/masuk/daftar</message>
  <nestedLevel>0</nestedLevel>
  <property name="name">daftar</property>
  <property name="description"></property>
  <property name="id">Test Suites/masuk/daftar</property>
</record>
<record>
  <date>2019-08-18T12:53:09</date>
  <millis>1566107589907</millis>
  <sequence>1</sequence>
  <level>RUN_DATA</level>
  <class>com.kms.katalon.core.logging.XmlKeywordLogger</class>
  <method>logMessage</method>
  <thread>1</thread>
  <message>hostName = Intan - DESKTOP-LI63HGC</message>
  <nestedLevel>0</nestedLevel>
  <property name="hostName">Intan - DESKTOP-LI63HGC</property>
</record>
<record>
  <date>2019-08-18T12:53:09</date>
  <millis>1566107589914</millis>
  <sequence>2</sequence>
  <level>RUN_DATA</level>
  <class>com.kms.katalon.core.logging.XmlKeywordLogger</class>
  <method>logMessage</method>
  <thread>1</thread>
  <message>os = Windows 10 64bit</message>
  <nestedLevel>0</nestedLevel>
  <property name="os">Windows 10 64bit</property>
</record>
<record>
  <date>2019-08-18T12:53:09</date>
  <millis>1566107589915</millis>
  <sequence>3</sequence>
  <level>RUN_DATA</level>
  <class>com.kms.katalon.core.logging.XmlKeywordLogger</class>
  <method>logMessage</method>
  <thread>1</thread>
  <message>hostAddress = 10.200.45.99</message>
  <nestedLevel>0</nestedLevel>
  <property name="hostAddress">10.200.45.99</property>
</record>
<record>
  <date>2019-08-18T12:53:09</date>
  <millis>1566107589920</millis>
  <sequence>4</sequence>
  <level>RUN_DATA</level>
  <class>com.kms.katalon.core.logging.XmlKeywordLogger</class>
  <method>logMessage</method>
  <thread>1</thread>
  <message>katalonVersion = 6.1.5.3</message>
  <nestedLevel>0</nestedLevel>
  <property name="katalonVersion">6.1.5.3</property>
</record>
<record>
  <date>2019-08-18T12:53:10</date>
  <millis>1566107590972</millis>
  <sequence>5</sequence>
  <level>START</level>
  <class>com.kms.katalon.core.logging.XmlKeywordLogger</class>
  <method>startTest</method>
  <thread>1</thread>
  <message>Start Test Case : Test Cases/Dashboard/masuk/daftar/flow data binding/daftar</message>
  <nestedLevel>1</nestedLevel>
  <property name="name">Test Cases/Dashboard/masuk/daftar/flow data binding/daftar</property>
  <property name="description"></property>
  <property name="id">Test Cases/Dashboard/masuk/daftar/flow data binding/daftar</property>
  <property name="source">C:\\Users\\Intan\\Katalon Studio\\ACCBid\\Test Cases\\Dashboard\\masuk\\daftar\\flow data binding\\daftar.tc</property>
  <property name="tag"></property>
  <property name="isOptional">false</property>
</record>
<record>
  <date>2019-08-18T12:53:11</date>
  <millis>1566107591055</millis>
  <sequence>7</sequence>
  <level>INFO</level>
  <class>com.kms.katalon.core.logging.XmlKeywordLogger</class>
  <method>logMessage</method>
  <thread>1</thread>
  <message>namalengkap = intan pramitha</message>
  <nestedLevel>1</nestedLevel>
</record>
<record>
  <date>2019-08-18T12:53:11</date>
  <millis>1566107591056</millis>
  <sequence>8</sequence>
  <level>INFO</level>
  <class>com.kms.katalon.core.logging.XmlKeywordLogger</class>
  <method>logMessage</method>
  <thread>1</thread>
  <message>email = intanlyn14@gmail.com</message>
  <nestedLevel>1</nestedLevel>
</record>
<record>
  <date>2019-08-18T12:53:11</date>
  <millis>1566107591057</millis>
  <sequence>9</sequence>
  <level>INFO</level>
  <class>com.kms.katalon.core.logging.XmlKeywordLogger</class>
  <method>logMessage</method>
  <thread>1</thread>
  <message>nomor = 87030815038</message>
  <nestedLevel>1</nestedLevel>
</record>
<record>
  <date>2019-08-18T12:53:11</date>
  <millis>1566107591060</millis>
  <sequence>10</sequence>
  <level>INFO</level>
  <class>com.kms.katalon.core.logging.XmlKeywordLogger</class>
  <method>logMessage</method>
  <thread>1</thread>
  <message>password = Intanlyn_98</message>
  <nestedLevel>1</nestedLevel>
</record>
<record>
  <date>2019-08-18T12:53:11</date>
  <millis>1566107591062</millis>
  <sequence>11</sequence>
  <level>INFO</level>
  <class>com.kms.katalon.core.logging.XmlKeywordLogger</class>
  <method>logMessage</method>
  <thread>1</thread>
  <message>password2 = intanlyn_98</message>
  <nestedLevel>1</nestedLevel>
</record>
<record>
  <date>2019-08-18T12:53:11</date>
  <millis>1566107591063</millis>
  <sequence>12</sequence>
  <level>INFO</level>
  <class>com.kms.katalon.core.logging.XmlKeywordLogger</class>
  <method>logMessage</method>
  <thread>1</thread>
  <message>expected = passed</message>
  <nestedLevel>1</nestedLevel>
</record>
<record>
  <date>2019-08-18T12:53:11</date>
  <millis>1566107591065</millis>
  <sequence>13</sequence>
  <level>INFO</level>
  <class>com.kms.katalon.core.logging.XmlKeywordLogger</class>
  <method>logMessage</method>
  <thread>1</thread>
  <message>keterangan = </message>
  <nestedLevel>1</nestedLevel>
</record>
<record>
  <date>2019-08-18T12:53:11</date>
  <millis>1566107591654</millis>
  <sequence>14</sequence>
  <level>START</level>
  <class>com.kms.katalon.core.logging.XmlKeywordLogger</class>
  <method>startKeyword</method>
  <thread>1</thread>
  <message>Start action : startApplication(\&amp;quot;C:\\Users\\Intan\\Downloads\\accbid.apk\&amp;quot;, true)</message>
  <nestedLevel>1</nestedLevel>
  <property name="startLine">17</property>
  <property name="stepIndex">1</property>
</record>
<record>
  <date>2019-08-18T12:53:21</date>
  <millis>1566107601672</millis>
  <sequence>16</sequence>
  <level>INFO</level>
  <class>com.kms.katalon.core.logging.XmlKeywordLogger</class>
  <method>logMessage</method>
  <thread>1</thread>
  <message>Appium server started on port 51,421</message>
  <nestedLevel>1</nestedLevel>
</record>
<record>
  <date>2019-08-18T12:53:57</date>
  <millis>1566107637287</millis>
  <sequence>18</sequence>
  <level>RUN_DATA</level>
  <class>com.kms.katalon.core.logging.XmlKeywordLogger</class>
  <method>logMessage</method>
  <thread>1</thread>
  <message>appiumVersion = 1.8.1</message>
  <nestedLevel>1</nestedLevel>
  <property name="appiumVersion">1.8.1</property>
</record>
<record>
  <date>2019-08-18T12:53:57</date>
  <millis>1566107637360</millis>
  <sequence>19</sequence>
  <level>RUN_DATA</level>
  <class>com.kms.katalon.core.logging.XmlKeywordLogger</class>
  <method>logMessage</method>
  <thread>1</thread>
  <message>deviceId = 14ace643</message>
  <nestedLevel>1</nestedLevel>
  <property name="deviceId">14ace643</property>
</record>
<record>
  <date>2019-08-18T12:53:57</date>
  <millis>1566107637361</millis>
  <sequence>20</sequence>
  <level>RUN_DATA</level>
  <class>com.kms.katalon.core.logging.XmlKeywordLogger</class>
  <method>logMessage</method>
  <thread>1</thread>
  <message>deviceName = OPPO CPH1917 (Android 9)</message>
  <nestedLevel>1</nestedLevel>
  <property name="deviceName">OPPO CPH1917 (Android 9)</property>
</record>
<record>
  <date>2019-08-18T12:53:57</date>
  <millis>1566107637363</millis>
  <sequence>21</sequence>
  <level>RUN_DATA</level>
  <class>com.kms.katalon.core.logging.XmlKeywordLogger</class>
  <method>logMessage</method>
  <thread>1</thread>
  <message>deviceModel = CPH1917</message>
  <nestedLevel>1</nestedLevel>
  <property name="deviceModel">CPH1917</property>
</record>
<record>
  <date>2019-08-18T12:53:57</date>
  <millis>1566107637364</millis>
  <sequence>22</sequence>
  <level>RUN_DATA</level>
  <class>com.kms.katalon.core.logging.XmlKeywordLogger</class>
  <method>logMessage</method>
  <thread>1</thread>
  <message>deviceManufacturer = OPPO</message>
  <nestedLevel>1</nestedLevel>
  <property name="deviceManufacturer">OPPO</property>
</record>
<record>
  <date>2019-08-18T12:53:57</date>
  <millis>1566107637365</millis>
  <sequence>23</sequence>
  <level>RUN_DATA</level>
  <class>com.kms.katalon.core.logging.XmlKeywordLogger</class>
  <method>logMessage</method>
  <thread>1</thread>
  <message>deviceOS = Android</message>
  <nestedLevel>1</nestedLevel>
  <property name="deviceOS">Android</property>
</record>
<record>
  <date>2019-08-18T12:53:57</date>
  <millis>1566107637367</millis>
  <sequence>24</sequence>
  <level>RUN_DATA</level>
  <class>com.kms.katalon.core.logging.XmlKeywordLogger</class>
  <method>logMessage</method>
  <thread>1</thread>
  <message>deviceOSVersion = 9</message>
  <nestedLevel>1</nestedLevel>
  <property name="deviceOSVersion">9</property>
</record>
<record>
  <date>2019-08-18T12:53:57</date>
  <millis>1566107637397</millis>
  <sequence>25</sequence>
  <level>PASSED</level>
  <class>com.kms.katalon.core.logging.XmlKeywordLogger</class>
  <method>logMessage</method>
  <thread>1</thread>
  <message>Started app at: &amp;apos;C:\\Users\\Intan\\Downloads\\accbid.apk&amp;apos;</message>
  <nestedLevel>1</nestedLevel>
</record>
<record>
  <date>2019-08-18T12:53:57</date>
  <millis>1566107637399</millis>
  <sequence>26</sequence>
  <level>END</level>
  <class>com.kms.katalon.core.logging.XmlKeywordLogger</class>
  <method>endKeyword</method>
  <thread>1</thread>
  <message>End action : startApplication(\&amp;quot;C:\\Users\\Intan\\Downloads\\accbid.apk\&amp;quot;, true)</message>
  <nestedLevel>1</nestedLevel>
</record>
<record>
  <date>2019-08-18T12:53:57</date>
  <millis>1566107637399</millis>
  <sequence>27</sequence>
  <level>START</level>
  <class>com.kms.katalon.core.logging.XmlKeywordLogger</class>
  <method>startKeyword</method>
  <thread>1</thread>
  <message>Start action : waitForElementPresent(findTestObject(\&amp;quot;android.view.View30 - Masuk atau Daftar (1)\&amp;quot;), 0)</message>
  <nestedLevel>1</nestedLevel>
  <property name="startLine">19</property>
  <property name="stepIndex">2</property>
</record>
<record>
  <date>2019-08-18T12:53:57</date>
  <millis>1566107637546</millis>
  <sequence>31</sequence>
  <level>WARNING</level>
  <class>com.kms.katalon.core.logging.XmlKeywordLogger</class>
  <method>logMessage</method>
  <thread>1</thread>
  <message>Timeout &amp;apos;0&amp;apos; is invalid. Using default page load timeout: &amp;apos;30&amp;apos;</message>
  <nestedLevel>1</nestedLevel>
</record>
