[35m[Appium][39m Welcome to Appium v1.12.1
[35m[Appium][39m Non-default server args:
[35m[Appium][39m   port: 65018
[35m[Appium][39m   loglevel: info
[35m[Appium][39m   chromeDriverPort: 65022
[35m[Appium][39m   tmpDir: C:\Users\Marvin\AppData\Local\Temp\\Katalon\Appium\Temp1573027101178
[35m[Appium][39m Appium REST http interface listener started on 0.0.0.0:65018
[35m[HTTP][39m [37m-->[39m [37mGET[39m [37m/wd/hub/status[39m
[35m[HTTP][39m [90m{}[39m
[35m[HTTP][39m [37m<-- GET /wd/hub/status [39m[32m200[39m [90m16 ms - 68[39m
[35m[HTTP][39m [90m[39m
[35m[HTTP][39m [37m-->[39m [37mPOST[39m [37m/wd/hub/session[39m
[35m[HTTP][39m [90m{"desiredCapabilities":{"app":"C:\\Users\\Marvin\\git\\ACCBid-Mobile\\accbid.apk","noReset":true,"deviceId":"","deviceName":"samsung SM-A505F (Android 9)","fullReset":false,"platform":"ANDROID","newCommandTimeout":1800,"platformVersion":"9","automationName":"uiautomator2","autoGrantPermissions":true,"unicodeKeyboard":true,"platformName":"Android","udid":"RR8M30NJEFN","resetKeyboard":true,"systemPort":65017},"capabilities":{"firstMatch":[{"appium:app":"C:\\Users\\Marvin\\git\\ACCBid-Mobile\\accbid.apk","appium:autoGrantPermissions":true,"appium:automationName":"uiautomator2","deviceId":"","appium:deviceName":"samsung SM-A505F (Android 9)","appium:fullReset":false,"appium:newCommandTimeout":1800,"appium:noReset":true,"platform":"ANDROID","platformName":"android","appium:platformVersion":"9","appium:resetKeyboard":true,"appium:systemPort":65017,"appium:udid":"RR8M30NJEFN","appium:unicodeKeyboard":true}]}}[39m
[35m[BaseDriver][39m The capabilities ["deviceId","platform"] are not standard capabilities and should have an extension prefix
[35m[Appium][39m Appium v1.12.1 creating new AndroidUiautomator2Driver (v1.33.0) session
[35m[Appium][39m Capabilities:
[35m[Appium][39m   deviceId: 
[35m[Appium][39m   platform: ANDROID
[35m[Appium][39m   platformName: android
[35m[Appium][39m   app: C:\Users\Marvin\git\ACCBid-Mobile\accbid.apk
[35m[Appium][39m   autoGrantPermissions: true
[35m[Appium][39m   automationName: uiautomator2
[35m[Appium][39m   deviceName: samsung SM-A505F (Android 9)
[35m[Appium][39m   fullReset: false
[35m[Appium][39m   newCommandTimeout: 1800
[35m[Appium][39m   noReset: true
[35m[Appium][39m   platformVersion: 9
[35m[Appium][39m   resetKeyboard: true
[35m[Appium][39m   systemPort: 65017
[35m[Appium][39m   udid: RR8M30NJEFN
[35m[Appium][39m   unicodeKeyboard: true
[35m[BaseDriver][39m The following capabilities were provided, but are not recognized by appium: deviceId, platform.
[35m[BaseDriver][39m Session created with session id: 59566c43-637c-4b15-91ae-5b154910c319
[35m[BaseDriver][39m Using local app 'C:\Users\Marvin\git\ACCBid-Mobile\accbid.apk'
[35m[ADB][39m Checking whether adb is present
[35m[ADB][39m Found 1 'build-tools' folders under 'C:\Users\Marvin\.katalon\tools\android_sdk' (newest first):
[35m[ADB][39m     C:/Users/Marvin/.katalon/tools/android_sdk/build-tools/29.0.0
[35m[ADB][39m Using adb.exe from C:\Users\Marvin\.katalon\tools\android_sdk\platform-tools\adb.exe
[35m[AndroidDriver][39m Retrieving device list
[35m[AndroidDriver][39m Using device: RR8M30NJEFN
[35m[UiAutomator2][39m Relaxing hidden api policy
[35m[ADB][39m Using the alternative activity name detection method because of: Could not find apkanalyzer.bat in C:\Users\Marvin\.katalon\tools\android_sdk\platform-tools\apkanalyzer.bat,C:\Users\Marvin\.katalon\tools\android_sdk\emulator\apkanalyzer.bat,C:\Users\Marvin\.katalon\tools\android_sdk\tools\apkanalyzer.bat,C:\Users\Marvin\.katalon\tools\android_sdk\tools\bin\apkanalyzer.bat,C:\Users\Marvin\.katalon\tools\android_sdk\build-tools\29.0.0\apkanalyzer.bat. Do you have the Android SDK installed at 'C:\Users\Marvin\.katalon\tools\android_sdk'?
[35m[ADB][39m Checking whether aapt is present
[35m[ADB][39m Using aapt.exe from C:\Users\Marvin\.katalon\tools\android_sdk\build-tools\29.0.0\aapt.exe
[35m[ADB][39m Extracting package and launch activity from manifest
[35m[ADB][39m Package name: 'com.outsystemsenterprise.acctst1.BidMart'
[35m[ADB][39m Main activity name: 'com.outsystemsenterprise.acctst1.BidMart.MainActivity'
[35m[ADB][39m Using apksigner.bat from C:\Users\Marvin\.katalon\tools\android_sdk\build-tools\29.0.0\apksigner.bat
[35m[UiAutomator2][39m Server packages are not going to be (re)installed
[35m[UiAutomator2][39m Starting UIAutomator2 server 3.4.0
[35m[UiAutomator2][39m Using UIAutomator2 server from 'C:\Users\Marvin\AppData\Roaming\npm\node_modules\appium\node_modules\appium-uiautomator2-server\apks\appium-uiautomator2-server-v3.4.0.apk' and test from 'C:\Users\Marvin\AppData\Roaming\npm\node_modules\appium\node_modules\appium-uiautomator2-server\apks\appium-uiautomator2-server-debug-androidTest.apk'
[35m[UiAutomator2][39m Waiting up to 30000ms for UiAutomator2 to be online...
[35m[WD Proxy][39m Got an unexpected response: {"code":"ECONNRESET"}
[35m[WD Proxy][39m Got an unexpected response: {"code":"ECONNRESET"}
[35m[AndroidDriver][39m Screen already unlocked, doing nothing
[35m[UiAutomator2][39m UiAutomator2 did not start the activity we were waiting for, 'com.outsystemsenterprise.acctst1.BidMart/com.outsystemsenterprise.acctst1.BidMart.MainActivity'. Starting it ourselves
[35m[Appium][39m New AndroidUiautomator2Driver session created successfully, session 59566c43-637c-4b15-91ae-5b154910c319 added to master session list
[35m[HTTP][39m [37m<-- POST /wd/hub/session [39m[32m200[39m [90m38386 ms - 1337[39m
[35m[HTTP][39m [90m[39m
[35m[HTTP][39m [37m-->[39m [37mGET[39m [37m/wd/hub/session/59566c43-637c-4b15-91ae-5b154910c319[39m
[35m[HTTP][39m [90m{}[39m
[35m[HTTP][39m [37m<-- GET /wd/hub/session/59566c43-637c-4b15-91ae-5b154910c319 [39m[32m200[39m [90m79 ms - 1269[39m
[35m[HTTP][39m [90m[39m
[35m[HTTP][39m [37m-->[39m [37mGET[39m [37m/wd/hub/session/59566c43-637c-4b15-91ae-5b154910c319[39m
[35m[HTTP][39m [90m{}[39m
[35m[HTTP][39m [37m<-- GET /wd/hub/session/59566c43-637c-4b15-91ae-5b154910c319 [39m[32m200[39m [90m50 ms - 1269[39m
[35m[HTTP][39m [90m[39m
[35m[HTTP][39m [37m-->[39m [37mGET[39m [37m/wd/hub/status[39m
[35m[HTTP][39m [90m{}[39m
[35m[HTTP][39m [37m<-- GET /wd/hub/status [39m[32m200[39m [90m2 ms - 68[39m
[35m[HTTP][39m [90m[39m
[35m[HTTP][39m [37m-->[39m [37mPOST[39m [37m/wd/hub/session/59566c43-637c-4b15-91ae-5b154910c319/timeouts[39m
[35m[HTTP][39m [90m{"implicit":60000}[39m
[35m[HTTP][39m [37m<-- POST /wd/hub/session/59566c43-637c-4b15-91ae-5b154910c319/timeouts [39m[32m200[39m [90m10 ms - 14[39m
[35m[HTTP][39m [90m[39m
[35m[HTTP][39m [37m-->[39m [37mPOST[39m [37m/wd/hub/session/59566c43-637c-4b15-91ae-5b154910c319/timeouts[39m
[35m[HTTP][39m [90m{"implicit":50}[39m
[35m[HTTP][39m [37m<-- POST /wd/hub/session/59566c43-637c-4b15-91ae-5b154910c319/timeouts [39m[32m200[39m [90m4 ms - 14[39m
[35m[HTTP][39m [90m[39m
[35m[HTTP][39m [37m-->[39m [37mGET[39m [37m/wd/hub/session/59566c43-637c-4b15-91ae-5b154910c319/window/rect[39m
[35m[HTTP][39m [90m{}[39m
[35m[HTTP][39m [37m<-- GET /wd/hub/session/59566c43-637c-4b15-91ae-5b154910c319/window/rect [39m[32m200[39m [90m94 ms - 50[39m
[35m[HTTP][39m [90m[39m
[35m[HTTP][39m [37m-->[39m [37mPOST[39m [37m/wd/hub/session/59566c43-637c-4b15-91ae-5b154910c319/elements[39m
[35m[HTTP][39m [90m{"using":"-android uiautomator","value":"new UiSelector().className(\"android.view.View\").resourceId(\"GoToDeposit\")"}[39m
[35m[HTTP][39m [37m<-- POST /wd/hub/session/59566c43-637c-4b15-91ae-5b154910c319/elements [39m[32m200[39m [90m122 ms - 12[39m
[35m[HTTP][39m [90m[39m
[35m[HTTP][39m [37m-->[39m [37mPOST[39m [37m/wd/hub/session/59566c43-637c-4b15-91ae-5b154910c319/elements[39m
[35m[HTTP][39m [90m{"using":"-android uiautomator","value":"new UiSelector().className(\"android.view.View\").resourceId(\"GoToDeposit\")"}[39m
[35m[HTTP][39m [37m<-- POST /wd/hub/session/59566c43-637c-4b15-91ae-5b154910c319/elements [39m[32m200[39m [90m124 ms - 12[39m
[35m[HTTP][39m [90m[39m
[35m[HTTP][39m [37m-->[39m [37mPOST[39m [37m/wd/hub/session/59566c43-637c-4b15-91ae-5b154910c319/elements[39m
[35m[HTTP][39m [90m{"using":"-android uiautomator","value":"new UiSelector().className(\"android.view.View\").resourceId(\"GoToDeposit\")"}[39m
[35m[HTTP][39m [37m<-- POST /wd/hub/session/59566c43-637c-4b15-91ae-5b154910c319/elements [39m[32m200[39m [90m132 ms - 12[39m
[35m[HTTP][39m [90m[39m
[35m[HTTP][39m [37m-->[39m [37mPOST[39m [37m/wd/hub/session/59566c43-637c-4b15-91ae-5b154910c319/elements[39m
[35m[HTTP][39m [90m{"using":"-android uiautomator","value":"new UiSelector().className(\"android.view.View\").resourceId(\"GoToDeposit\")"}[39m
[35m[HTTP][39m [37m<-- POST /wd/hub/session/59566c43-637c-4b15-91ae-5b154910c319/elements [39m[32m200[39m [90m148 ms - 12[39m
[35m[HTTP][39m [90m[39m
[35m[HTTP][39m [37m-->[39m [37mPOST[39m [37m/wd/hub/session/59566c43-637c-4b15-91ae-5b154910c319/elements[39m
[35m[HTTP][39m [90m{"using":"-android uiautomator","value":"new UiSelector().className(\"android.view.View\").resourceId(\"GoToDeposit\")"}[39m
[35m[HTTP][39m [37m<-- POST /wd/hub/session/59566c43-637c-4b15-91ae-5b154910c319/elements [39m[32m200[39m [90m158 ms - 12[39m
[35m[HTTP][39m [90m[39m
[35m[HTTP][39m [37m-->[39m [37mPOST[39m [37m/wd/hub/session/59566c43-637c-4b15-91ae-5b154910c319/elements[39m
[35m[HTTP][39m [90m{"using":"-android uiautomator","value":"new UiSelector().className(\"android.view.View\").resourceId(\"GoToDeposit\")"}[39m
[35m[HTTP][39m [37m<-- POST /wd/hub/session/59566c43-637c-4b15-91ae-5b154910c319/elements [39m[32m200[39m [90m2944 ms - 139[39m
[35m[HTTP][39m [90m[39m
[35m[HTTP][39m [37m-->[39m [37mGET[39m [37m/wd/hub/session/59566c43-637c-4b15-91ae-5b154910c319/element/2a1e5434-1a19-4ad3-9c6a-77eb2dabce7d/location[39m
[35m[HTTP][39m [90m{}[39m
[35m[W3C (59566c43)][39m Driver proxy active, passing request on via HTTP proxy
[35m[WD Proxy][39m Replacing sessionId 8d736804-a612-4205-976f-d23b8bb8fc53 with 59566c43-637c-4b15-91ae-5b154910c319
[35m[HTTP][39m [37m<-- GET /wd/hub/session/59566c43-637c-4b15-91ae-5b154910c319/element/2a1e5434-1a19-4ad3-9c6a-77eb2dabce7d/location [39m[32m200[39m [90m276 ms - 89[39m
[35m[HTTP][39m [90m[39m
[35m[HTTP][39m [37m-->[39m [37mPOST[39m [37m/wd/hub/session/59566c43-637c-4b15-91ae-5b154910c319/timeouts[39m
[35m[HTTP][39m [90m{"implicit":60000}[39m
[35m[HTTP][39m [37m<-- POST /wd/hub/session/59566c43-637c-4b15-91ae-5b154910c319/timeouts [39m[32m200[39m [90m3 ms - 14[39m
[35m[HTTP][39m [90m[39m
[35m[HTTP][39m [37m-->[39m [37mPOST[39m [37m/wd/hub/session/59566c43-637c-4b15-91ae-5b154910c319/touch/perform[39m
[35m[HTTP][39m [90m{"actions":[{"action":"tap","options":{"x":1,"y":1,"element":"2a1e5434-1a19-4ad3-9c6a-77eb2dabce7d"}},{"action":"release","options":{}}]}[39m
[35m[UiAutomator2][39m calling get location: 2a1e5434-1a19-4ad3-9c6a-77eb2dabce7d
[35m[HTTP][39m [37m<-- POST /wd/hub/session/59566c43-637c-4b15-91ae-5b154910c319/touch/perform [39m[32m200[39m [90m2333 ms - 14[39m
[35m[HTTP][39m [90m[39m
[35m[HTTP][39m [37m-->[39m [37mPOST[39m [37m/wd/hub/session/59566c43-637c-4b15-91ae-5b154910c319/timeouts[39m
[35m[HTTP][39m [90m{"implicit":50}[39m
[35m[HTTP][39m [37m<-- POST /wd/hub/session/59566c43-637c-4b15-91ae-5b154910c319/timeouts [39m[32m200[39m [90m3 ms - 14[39m
[35m[HTTP][39m [90m[39m
[35m[HTTP][39m [37m-->[39m [37mGET[39m [37m/wd/hub/session/59566c43-637c-4b15-91ae-5b154910c319/window/rect[39m
[35m[HTTP][39m [90m{}[39m
[35m[HTTP][39m [37m<-- GET /wd/hub/session/59566c43-637c-4b15-91ae-5b154910c319/window/rect [39m[32m200[39m [90m76 ms - 50[39m
[35m[HTTP][39m [90m[39m
[35m[HTTP][39m [37m-->[39m [37mPOST[39m [37m/wd/hub/session/59566c43-637c-4b15-91ae-5b154910c319/elements[39m
[35m[HTTP][39m [90m{"using":"-android uiautomator","value":"new UiSelector().className(\"android.widget.Button\").text(\"Penarikan\").resourceId(\"b2-l1-0-btnPenarikan\")"}[39m
[35m[HTTP][39m [37m<-- POST /wd/hub/session/59566c43-637c-4b15-91ae-5b154910c319/elements [39m[32m200[39m [90m1485 ms - 139[39m
[35m[HTTP][39m [90m[39m
[35m[HTTP][39m [37m-->[39m [37mGET[39m [37m/wd/hub/session/59566c43-637c-4b15-91ae-5b154910c319/element/6645264c-93e5-4453-a971-bba6b7967ae1/location[39m
[35m[HTTP][39m [90m{}[39m
[35m[W3C (59566c43)][39m Driver proxy active, passing request on via HTTP proxy
[35m[WD Proxy][39m Replacing sessionId 8d736804-a612-4205-976f-d23b8bb8fc53 with 59566c43-637c-4b15-91ae-5b154910c319
[35m[HTTP][39m [37m<-- GET /wd/hub/session/59566c43-637c-4b15-91ae-5b154910c319/element/6645264c-93e5-4453-a971-bba6b7967ae1/location [39m[32m200[39m [90m138 ms - 89[39m
[35m[HTTP][39m [90m[39m
[35m[HTTP][39m [37m-->[39m [37mPOST[39m [37m/wd/hub/session/59566c43-637c-4b15-91ae-5b154910c319/timeouts[39m
[35m[HTTP][39m [90m{"implicit":60000}[39m
[35m[HTTP][39m [37m<-- POST /wd/hub/session/59566c43-637c-4b15-91ae-5b154910c319/timeouts [39m[32m200[39m [90m3 ms - 14[39m
[35m[HTTP][39m [90m[39m
[35m[HTTP][39m [37m-->[39m [37mPOST[39m [37m/wd/hub/session/59566c43-637c-4b15-91ae-5b154910c319/touch/perform[39m
[35m[HTTP][39m [90m{"actions":[{"action":"tap","options":{"x":1,"y":1,"element":"6645264c-93e5-4453-a971-bba6b7967ae1"}},{"action":"release","options":{}}]}[39m
[35m[UiAutomator2][39m calling get location: 6645264c-93e5-4453-a971-bba6b7967ae1
[35m[HTTP][39m [37m<-- POST /wd/hub/session/59566c43-637c-4b15-91ae-5b154910c319/touch/perform [39m[32m200[39m [90m2308 ms - 14[39m
[35m[HTTP][39m [90m[39m
[35m[HTTP][39m [37m-->[39m [37mPOST[39m [37m/wd/hub/session/59566c43-637c-4b15-91ae-5b154910c319/timeouts[39m
[35m[HTTP][39m [90m{"implicit":50}[39m
[35m[HTTP][39m [37m<-- POST /wd/hub/session/59566c43-637c-4b15-91ae-5b154910c319/timeouts [39m[32m200[39m [90m3 ms - 14[39m
[35m[HTTP][39m [90m[39m
[35m[HTTP][39m [37m-->[39m [37mGET[39m [37m/wd/hub/session/59566c43-637c-4b15-91ae-5b154910c319/window/rect[39m
[35m[HTTP][39m [90m{}[39m
[35m[HTTP][39m [37m<-- GET /wd/hub/session/59566c43-637c-4b15-91ae-5b154910c319/window/rect [39m[32m200[39m [90m74 ms - 50[39m
[35m[HTTP][39m [90m[39m
[35m[HTTP][39m [37m-->[39m [37mPOST[39m [37m/wd/hub/session/59566c43-637c-4b15-91ae-5b154910c319/elements[39m
[35m[HTTP][39m [90m{"using":"-android uiautomator","value":"new UiSelector().className(\"android.widget.EditText\").resourceId(\"b2-Input_Nominal\")"}[39m
[35m[HTTP][39m [37m<-- POST /wd/hub/session/59566c43-637c-4b15-91ae-5b154910c319/elements [39m[32m200[39m [90m306 ms - 139[39m
[35m[HTTP][39m [90m[39m
[35m[HTTP][39m [37m-->[39m [37mGET[39m [37m/wd/hub/session/59566c43-637c-4b15-91ae-5b154910c319/element/7258b15b-1205-4b50-9877-5597955583dc/location[39m
[35m[HTTP][39m [90m{}[39m
[35m[W3C (59566c43)][39m Driver proxy active, passing request on via HTTP proxy
[35m[WD Proxy][39m Replacing sessionId 8d736804-a612-4205-976f-d23b8bb8fc53 with 59566c43-637c-4b15-91ae-5b154910c319
[35m[HTTP][39m [37m<-- GET /wd/hub/session/59566c43-637c-4b15-91ae-5b154910c319/element/7258b15b-1205-4b50-9877-5597955583dc/location [39m[32m200[39m [90m190 ms - 88[39m
[35m[HTTP][39m [90m[39m
[35m[HTTP][39m [37m-->[39m [37mPOST[39m [37m/wd/hub/session/59566c43-637c-4b15-91ae-5b154910c319/timeouts[39m
[35m[HTTP][39m [90m{"implicit":60000}[39m
[35m[HTTP][39m [37m<-- POST /wd/hub/session/59566c43-637c-4b15-91ae-5b154910c319/timeouts [39m[32m200[39m [90m3 ms - 14[39m
[35m[HTTP][39m [90m[39m
[35m[HTTP][39m [37m-->[39m [37mPOST[39m [37m/wd/hub/session/59566c43-637c-4b15-91ae-5b154910c319/element/7258b15b-1205-4b50-9877-5597955583dc/clear[39m
[35m[HTTP][39m [90m{"id":"7258b15b-1205-4b50-9877-5597955583dc"}[39m
[35m[HTTP][39m [37m<-- POST /wd/hub/session/59566c43-637c-4b15-91ae-5b154910c319/element/7258b15b-1205-4b50-9877-5597955583dc/clear [39m[32m200[39m [90m197 ms - 27[39m
[35m[HTTP][39m [90m[39m
[35m[HTTP][39m [37m-->[39m [37mPOST[39m [37m/wd/hub/session/59566c43-637c-4b15-91ae-5b154910c319/element/7258b15b-1205-4b50-9877-5597955583dc/value[39m
[35m[HTTP][39m [90m{"id":"7258b15b-1205-4b50-9877-5597955583dc","text":"500000","value":["5","0","0","0","0","0"]}[39m
[35m[HTTP][39m [37m<-- POST /wd/hub/session/59566c43-637c-4b15-91ae-5b154910c319/element/7258b15b-1205-4b50-9877-5597955583dc/value [39m[32m200[39m [90m725 ms - 12[39m
[35m[HTTP][39m [90m[39m
[35m[HTTP][39m [37m-->[39m [37mPOST[39m [37m/wd/hub/session/59566c43-637c-4b15-91ae-5b154910c319/timeouts[39m
[35m[HTTP][39m [90m{"implicit":50}[39m
[35m[HTTP][39m [37m<-- POST /wd/hub/session/59566c43-637c-4b15-91ae-5b154910c319/timeouts [39m[32m200[39m [90m4 ms - 14[39m
[35m[HTTP][39m [90m[39m
[35m[HTTP][39m [37m-->[39m [37mGET[39m [37m/wd/hub/session/59566c43-637c-4b15-91ae-5b154910c319/window/rect[39m
[35m[HTTP][39m [90m{}[39m
[35m[HTTP][39m [37m<-- GET /wd/hub/session/59566c43-637c-4b15-91ae-5b154910c319/window/rect [39m[32m200[39m [90m78 ms - 50[39m
[35m[HTTP][39m [90m[39m
[35m[HTTP][39m [37m-->[39m [37mPOST[39m [37m/wd/hub/session/59566c43-637c-4b15-91ae-5b154910c319/elements[39m
[35m[HTTP][39m [90m{"using":"-android uiautomator","value":"new UiSelector().className(\"android.view.View\").text(\"Penarikan hanya dapat dilakukan dalam kelipatan Rp500.000\")"}[39m
[35m[HTTP][39m [37m<-- POST /wd/hub/session/59566c43-637c-4b15-91ae-5b154910c319/elements [39m[32m200[39m [90m444 ms - 12[39m
[35m[HTTP][39m [90m[39m
[35m[HTTP][39m [37m-->[39m [37mPOST[39m [37m/wd/hub/session/59566c43-637c-4b15-91ae-5b154910c319/elements[39m
[35m[HTTP][39m [90m{"using":"-android uiautomator","value":"new UiSelector().className(\"android.view.View\").text(\"Penarikan hanya dapat dilakukan dalam kelipatan Rp500.000\")"}[39m
[35m[HTTP][39m [37m<-- POST /wd/hub/session/59566c43-637c-4b15-91ae-5b154910c319/elements [39m[32m200[39m [90m290 ms - 12[39m
[35m[HTTP][39m [90m[39m
[35m[HTTP][39m [37m-->[39m [37mPOST[39m [37m/wd/hub/session/59566c43-637c-4b15-91ae-5b154910c319/elements[39m
[35m[HTTP][39m [90m{"using":"-android uiautomator","value":"new UiSelector().className(\"android.view.View\").text(\"Penarikan hanya dapat dilakukan dalam kelipatan Rp500.000\")"}[39m
[35m[HTTP][39m [37m<-- POST /wd/hub/session/59566c43-637c-4b15-91ae-5b154910c319/elements [39m[32m200[39m [90m247 ms - 12[39m
[35m[HTTP][39m [90m[39m
[35m[HTTP][39m [37m-->[39m [37mPOST[39m [37m/wd/hub/session/59566c43-637c-4b15-91ae-5b154910c319/elements[39m
[35m[HTTP][39m [90m{"using":"-android uiautomator","value":"new UiSelector().className(\"android.view.View\").text(\"Penarikan hanya dapat dilakukan dalam kelipatan Rp500.000\")"}[39m
[35m[HTTP][39m [37m<-- POST /wd/hub/session/59566c43-637c-4b15-91ae-5b154910c319/elements [39m[32m200[39m [90m111 ms - 12[39m
[35m[HTTP][39m [90m[39m
[35m[HTTP][39m [37m-->[39m [37mPOST[39m [37m/wd/hub/session/59566c43-637c-4b15-91ae-5b154910c319/elements[39m
[35m[HTTP][39m [90m{"using":"-android uiautomator","value":"new UiSelector().className(\"android.view.View\").text(\"Penarikan hanya dapat dilakukan dalam kelipatan Rp500.000\")"}[39m
[35m[HTTP][39m [37m<-- POST /wd/hub/session/59566c43-637c-4b15-91ae-5b154910c319/elements [39m[32m200[39m [90m140 ms - 12[39m
[35m[HTTP][39m [90m[39m
[35m[HTTP][39m [37m-->[39m [37mPOST[39m [37m/wd/hub/session/59566c43-637c-4b15-91ae-5b154910c319/elements[39m
[35m[HTTP][39m [90m{"using":"-android uiautomator","value":"new UiSelector().className(\"android.view.View\").text(\"Penarikan hanya dapat dilakukan dalam kelipatan Rp500.000\")"}[39m
[35m[HTTP][39m [37m<-- POST /wd/hub/session/59566c43-637c-4b15-91ae-5b154910c319/elements [39m[32m200[39m [90m135 ms - 12[39m
[35m[HTTP][39m [90m[39m
[35m[HTTP][39m [37m-->[39m [37mPOST[39m [37m/wd/hub/session/59566c43-637c-4b15-91ae-5b154910c319/elements[39m
[35m[HTTP][39m [90m{"using":"-android uiautomator","value":"new UiSelector().className(\"android.view.View\").text(\"Penarikan hanya dapat dilakukan dalam kelipatan Rp500.000\")"}[39m
[35m[HTTP][39m [37m<-- POST /wd/hub/session/59566c43-637c-4b15-91ae-5b154910c319/elements [39m[32m200[39m [90m148 ms - 12[39m
[35m[HTTP][39m [90m[39m
[35m[HTTP][39m [37m-->[39m [37mPOST[39m [37m/wd/hub/session/59566c43-637c-4b15-91ae-5b154910c319/elements[39m
[35m[HTTP][39m [90m{"using":"-android uiautomator","value":"new UiSelector().className(\"android.view.View\").text(\"Penarikan hanya dapat dilakukan dalam kelipatan Rp500.000\")"}[39m
[35m[HTTP][39m [37m<-- POST /wd/hub/session/59566c43-637c-4b15-91ae-5b154910c319/elements [39m[32m200[39m [90m180 ms - 12[39m
[35m[HTTP][39m [90m[39m
[35m[HTTP][39m [37m-->[39m [37mPOST[39m [37m/wd/hub/session/59566c43-637c-4b15-91ae-5b154910c319/elements[39m
[35m[HTTP][39m [90m{"using":"-android uiautomator","value":"new UiSelector().className(\"android.view.View\").text(\"Penarikan hanya dapat dilakukan dalam kelipatan Rp500.000\")"}[39m
[35m[HTTP][39m [37m<-- POST /wd/hub/session/59566c43-637c-4b15-91ae-5b154910c319/elements [39m[32m200[39m [90m189 ms - 12[39m
[35m[HTTP][39m [90m[39m
[35m[HTTP][39m [37m-->[39m [37mPOST[39m [37m/wd/hub/session/59566c43-637c-4b15-91ae-5b154910c319/elements[39m
[35m[HTTP][39m [90m{"using":"-android uiautomator","value":"new UiSelector().className(\"android.view.View\").text(\"Penarikan hanya dapat dilakukan dalam kelipatan Rp500.000\")"}[39m
[35m[HTTP][39m [37m<-- POST /wd/hub/session/59566c43-637c-4b15-91ae-5b154910c319/elements [39m[32m200[39m [90m221 ms - 12[39m
[35m[HTTP][39m [90m[39m
[35m[HTTP][39m [37m-->[39m [37mPOST[39m [37m/wd/hub/session/59566c43-637c-4b15-91ae-5b154910c319/elements[39m
[35m[HTTP][39m [90m{"using":"-android uiautomator","value":"new UiSelector().className(\"android.view.View\").text(\"Penarikan hanya dapat dilakukan dalam kelipatan Rp500.000\")"}[39m
[35m[HTTP][39m [37m<-- POST /wd/hub/session/59566c43-637c-4b15-91ae-5b154910c319/elements [39m[32m200[39m [90m249 ms - 12[39m
[35m[HTTP][39m [90m[39m
[35m[HTTP][39m [37m-->[39m [37mPOST[39m [37m/wd/hub/session/59566c43-637c-4b15-91ae-5b154910c319/elements[39m
[35m[HTTP][39m [90m{"using":"-android uiautomator","value":"new UiSelector().className(\"android.view.View\").text(\"Penarikan hanya dapat dilakukan dalam kelipatan Rp500.000\")"}[39m
[35m[HTTP][39m [37m<-- POST /wd/hub/session/59566c43-637c-4b15-91ae-5b154910c319/elements [39m[32m200[39m [90m254 ms - 12[39m
[35m[HTTP][39m [90m[39m
[35m[HTTP][39m [37m-->[39m [37mPOST[39m [37m/wd/hub/session/59566c43-637c-4b15-91ae-5b154910c319/elements[39m
[35m[HTTP][39m [90m{"using":"-android uiautomator","value":"new UiSelector().className(\"android.view.View\").text(\"Penarikan hanya dapat dilakukan dalam kelipatan Rp500.000\")"}[39m
[35m[HTTP][39m [37m<-- POST /wd/hub/session/59566c43-637c-4b15-91ae-5b154910c319/elements [39m[32m200[39m [90m229 ms - 12[39m
[35m[HTTP][39m [90m[39m
[35m[HTTP][39m [37m-->[39m [37mPOST[39m [37m/wd/hub/session/59566c43-637c-4b15-91ae-5b154910c319/elements[39m
[35m[HTTP][39m [90m{"using":"-android uiautomator","value":"new UiSelector().className(\"android.view.View\").text(\"Penarikan hanya dapat dilakukan dalam kelipatan Rp500.000\")"}[39m
[35m[HTTP][39m [37m<-- POST /wd/hub/session/59566c43-637c-4b15-91ae-5b154910c319/elements [39m[32m200[39m [90m230 ms - 12[39m
[35m[HTTP][39m [90m[39m
[35m[HTTP][39m [37m-->[39m [37mPOST[39m [37m/wd/hub/session/59566c43-637c-4b15-91ae-5b154910c319/elements[39m
[35m[HTTP][39m [90m{"using":"-android uiautomator","value":"new UiSelector().className(\"android.view.View\").text(\"Penarikan hanya dapat dilakukan dalam kelipatan Rp500.000\")"}[39m
[35m[HTTP][39m [37m<-- POST /wd/hub/session/59566c43-637c-4b15-91ae-5b154910c319/elements [39m[32m200[39m [90m231 ms - 12[39m
[35m[HTTP][39m [90m[39m
[35m[HTTP][39m [37m-->[39m [37mPOST[39m [37m/wd/hub/session/59566c43-637c-4b15-91ae-5b154910c319/elements[39m
[35m[HTTP][39m [90m{"using":"-android uiautomator","value":"new UiSelector().className(\"android.view.View\").text(\"Penarikan hanya dapat dilakukan dalam kelipatan Rp500.000\")"}[39m
[35m[HTTP][39m [37m<-- POST /wd/hub/session/59566c43-637c-4b15-91ae-5b154910c319/elements [39m[32m200[39m [90m234 ms - 12[39m
[35m[HTTP][39m [90m[39m
[35m[HTTP][39m [37m-->[39m [37mPOST[39m [37m/wd/hub/session/59566c43-637c-4b15-91ae-5b154910c319/elements[39m
[35m[HTTP][39m [90m{"using":"-android uiautomator","value":"new UiSelector().className(\"android.view.View\").text(\"Penarikan hanya dapat dilakukan dalam kelipatan Rp500.000\")"}[39m
[35m[HTTP][39m [37m<-- POST /wd/hub/session/59566c43-637c-4b15-91ae-5b154910c319/elements [39m[32m200[39m [90m235 ms - 12[39m
[35m[HTTP][39m [90m[39m
[35m[HTTP][39m [37m-->[39m [37mPOST[39m [37m/wd/hub/session/59566c43-637c-4b15-91ae-5b154910c319/elements[39m
[35m[HTTP][39m [90m{"using":"-android uiautomator","value":"new UiSelector().className(\"android.view.View\").text(\"Penarikan hanya dapat dilakukan dalam kelipatan Rp500.000\")"}[39m
[35m[HTTP][39m [37m<-- POST /wd/hub/session/59566c43-637c-4b15-91ae-5b154910c319/elements [39m[32m200[39m [90m182 ms - 12[39m
[35m[HTTP][39m [90m[39m
[35m[HTTP][39m [37m-->[39m [37mPOST[39m [37m/wd/hub/session/59566c43-637c-4b15-91ae-5b154910c319/elements[39m
[35m[HTTP][39m [90m{"using":"-android uiautomator","value":"new UiSelector().className(\"android.view.View\").text(\"Penarikan hanya dapat dilakukan dalam kelipatan Rp500.000\")"}[39m
[35m[HTTP][39m [37m<-- POST /wd/hub/session/59566c43-637c-4b15-91ae-5b154910c319/elements [39m[32m200[39m [90m244 ms - 12[39m
[35m[HTTP][39m [90m[39m
[35m[HTTP][39m [37m-->[39m [37mPOST[39m [37m/wd/hub/session/59566c43-637c-4b15-91ae-5b154910c319/elements[39m
[35m[HTTP][39m [90m{"using":"-android uiautomator","value":"new UiSelector().className(\"android.view.View\").text(\"Penarikan hanya dapat dilakukan dalam kelipatan Rp500.000\")"}[39m
[35m[HTTP][39m [37m<-- POST /wd/hub/session/59566c43-637c-4b15-91ae-5b154910c319/elements [39m[32m200[39m [90m247 ms - 12[39m
[35m[HTTP][39m [90m[39m
[35m[HTTP][39m [37m-->[39m [37mPOST[39m [37m/wd/hub/session/59566c43-637c-4b15-91ae-5b154910c319/elements[39m
[35m[HTTP][39m [90m{"using":"-android uiautomator","value":"new UiSelector().className(\"android.view.View\").text(\"Penarikan hanya dapat dilakukan dalam kelipatan Rp500.000\")"}[39m
[35m[HTTP][39m [37m<-- POST /wd/hub/session/59566c43-637c-4b15-91ae-5b154910c319/elements [39m[32m200[39m [90m254 ms - 12[39m
[35m[HTTP][39m [90m[39m
[35m[HTTP][39m [37m-->[39m [37mPOST[39m [37m/wd/hub/session/59566c43-637c-4b15-91ae-5b154910c319/elements[39m
[35m[HTTP][39m [90m{"using":"-android uiautomator","value":"new UiSelector().className(\"android.view.View\").text(\"Penarikan hanya dapat dilakukan dalam kelipatan Rp500.000\")"}[39m
[35m[HTTP][39m [37m<-- POST /wd/hub/session/59566c43-637c-4b15-91ae-5b154910c319/elements [39m[32m200[39m [90m268 ms - 12[39m
[35m[HTTP][39m [90m[39m
[35m[HTTP][39m [37m-->[39m [37mPOST[39m [37m/wd/hub/session/59566c43-637c-4b15-91ae-5b154910c319/elements[39m
[35m[HTTP][39m [90m{"using":"-android uiautomator","value":"new UiSelector().className(\"android.view.View\").text(\"Penarikan hanya dapat dilakukan dalam kelipatan Rp500.000\")"}[39m
[35m[HTTP][39m [37m<-- POST /wd/hub/session/59566c43-637c-4b15-91ae-5b154910c319/elements [39m[32m200[39m [90m277 ms - 12[39m
[35m[HTTP][39m [90m[39m
[35m[HTTP][39m [37m-->[39m [37mPOST[39m [37m/wd/hub/session/59566c43-637c-4b15-91ae-5b154910c319/elements[39m
[35m[HTTP][39m [90m{"using":"-android uiautomator","value":"new UiSelector().className(\"android.view.View\").text(\"Penarikan hanya dapat dilakukan dalam kelipatan Rp500.000\")"}[39m
[35m[HTTP][39m [37m<-- POST /wd/hub/session/59566c43-637c-4b15-91ae-5b154910c319/elements [39m[32m200[39m [90m268 ms - 12[39m
[35m[HTTP][39m [90m[39m
[35m[HTTP][39m [37m-->[39m [37mPOST[39m [37m/wd/hub/session/59566c43-637c-4b15-91ae-5b154910c319/elements[39m
[35m[HTTP][39m [90m{"using":"-android uiautomator","value":"new UiSelector().className(\"android.view.View\").text(\"Penarikan hanya dapat dilakukan dalam kelipatan Rp500.000\")"}[39m
[35m[HTTP][39m [37m<-- POST /wd/hub/session/59566c43-637c-4b15-91ae-5b154910c319/elements [39m[32m200[39m [90m253 ms - 12[39m
[35m[HTTP][39m [90m[39m
[35m[HTTP][39m [37m-->[39m [37mPOST[39m [37m/wd/hub/session/59566c43-637c-4b15-91ae-5b154910c319/elements[39m
[35m[HTTP][39m [90m{"using":"-android uiautomator","value":"new UiSelector().className(\"android.view.View\").text(\"Penarikan hanya dapat dilakukan dalam kelipatan Rp500.000\")"}[39m
[35m[HTTP][39m [37m<-- POST /wd/hub/session/59566c43-637c-4b15-91ae-5b154910c319/elements [39m[32m200[39m [90m273 ms - 12[39m
[35m[HTTP][39m [90m[39m
[35m[HTTP][39m [37m-->[39m [37mPOST[39m [37m/wd/hub/session/59566c43-637c-4b15-91ae-5b154910c319/elements[39m
[35m[HTTP][39m [90m{"using":"-android uiautomator","value":"new UiSelector().className(\"android.view.View\").text(\"Penarikan hanya dapat dilakukan dalam kelipatan Rp500.000\")"}[39m
[35m[WD Proxy][39m Got an unexpected response: {"code":"ECONNRESET"}
[35m[HTTP][39m [37m<-- POST /wd/hub/session/59566c43-637c-4b15-91ae-5b154910c319/elements [39m[31m500[39m [90m62 ms - 563[39m
[35m[HTTP][39m [90m[39m
[35m[HTTP][39m [37m-->[39m [37mPOST[39m [37m/wd/hub/session/59566c43-637c-4b15-91ae-5b154910c319/timeouts[39m
[35m[HTTP][39m [90m{"implicit":60000}[39m
[35m[HTTP][39m [37m<-- POST /wd/hub/session/59566c43-637c-4b15-91ae-5b154910c319/timeouts [39m[32m200[39m [90m2 ms - 14[39m
[35m[HTTP][39m [90m[39m
[35m[HTTP][39m [37m-->[39m [37mGET[39m [37m/wd/hub/session/59566c43-637c-4b15-91ae-5b154910c319/context[39m
[35m[HTTP][39m [90m{}[39m
[35m[HTTP][39m [37m<-- GET /wd/hub/session/59566c43-637c-4b15-91ae-5b154910c319/context [39m[32m200[39m [90m3 ms - 22[39m
[35m[HTTP][39m [90m[39m
[35m[HTTP][39m [37m-->[39m [37mGET[39m [37m/wd/hub/session/59566c43-637c-4b15-91ae-5b154910c319/contexts[39m
[35m[HTTP][39m [90m{}[39m
[35m[HTTP][39m [37m<-- GET /wd/hub/session/59566c43-637c-4b15-91ae-5b154910c319/contexts [39m[32m200[39m [90m749 ms - 42[39m
[35m[HTTP][39m [90m[39m
[35m[HTTP][39m [37m-->[39m [37mPOST[39m [37m/wd/hub/session/59566c43-637c-4b15-91ae-5b154910c319/context[39m
[35m[HTTP][39m [90m{"name":"NATIVE_APP"}[39m
[35m[HTTP][39m [37m<-- POST /wd/hub/session/59566c43-637c-4b15-91ae-5b154910c319/context [39m[32m200[39m [90m5 ms - 14[39m
[35m[HTTP][39m [90m[39m
[35m[HTTP][39m [37m-->[39m [37mGET[39m [37m/wd/hub/session/59566c43-637c-4b15-91ae-5b154910c319/screenshot[39m
[35m[HTTP][39m [90m{}[39m
[35m[WD Proxy][39m Got an unexpected response: {"code":"ECONNRESET"}
[35m[HTTP][39m [37m<-- GET /wd/hub/session/59566c43-637c-4b15-91ae-5b154910c319/screenshot [39m[31m500[39m [90m123 ms - 563[39m
[35m[HTTP][39m [90m[39m
[35m[HTTP][39m [37m-->[39m [37mPOST[39m [37m/wd/hub/session/59566c43-637c-4b15-91ae-5b154910c319/context[39m
[35m[HTTP][39m [90m{"name":"NATIVE_APP"}[39m
[35m[HTTP][39m [37m<-- POST /wd/hub/session/59566c43-637c-4b15-91ae-5b154910c319/context [39m[32m200[39m [90m2 ms - 14[39m
[35m[HTTP][39m [90m[39m
[35m[HTTP][39m [37m-->[39m [37mPOST[39m [37m/wd/hub/session/59566c43-637c-4b15-91ae-5b154910c319/timeouts[39m
[35m[HTTP][39m [90m{"implicit":50}[39m
[35m[HTTP][39m [37m<-- POST /wd/hub/session/59566c43-637c-4b15-91ae-5b154910c319/timeouts [39m[32m200[39m [90m7 ms - 14[39m
[35m[HTTP][39m [90m[39m
[35m[HTTP][39m [37m-->[39m [37mGET[39m [37m/wd/hub/session/59566c43-637c-4b15-91ae-5b154910c319/window/rect[39m
[35m[HTTP][39m [90m{}[39m
[35m[WD Proxy][39m Got an unexpected response: {"code":"ECONNRESET"}
[35m[HTTP][39m [37m<-- GET /wd/hub/session/59566c43-637c-4b15-91ae-5b154910c319/window/rect [39m[31m500[39m [90m106 ms - 563[39m
[35m[HTTP][39m [90m[39m
[35m[HTTP][39m [37m-->[39m [37mPOST[39m [37m/wd/hub/session/59566c43-637c-4b15-91ae-5b154910c319/timeouts[39m
[35m[HTTP][39m [90m{"implicit":60000}[39m
[35m[HTTP][39m [37m<-- POST /wd/hub/session/59566c43-637c-4b15-91ae-5b154910c319/timeouts [39m[32m200[39m [90m5 ms - 14[39m
[35m[HTTP][39m [90m[39m
[35m[HTTP][39m [37m-->[39m [37mGET[39m [37m/wd/hub/session/59566c43-637c-4b15-91ae-5b154910c319/context[39m
[35m[HTTP][39m [90m{}[39m
[35m[HTTP][39m [37m<-- GET /wd/hub/session/59566c43-637c-4b15-91ae-5b154910c319/context [39m[32m200[39m [90m4 ms - 22[39m
[35m[HTTP][39m [90m[39m
[35m[HTTP][39m [37m-->[39m [37mGET[39m [37m/wd/hub/session/59566c43-637c-4b15-91ae-5b154910c319/contexts[39m
[35m[HTTP][39m [90m{}[39m
[35m[HTTP][39m [37m<-- GET /wd/hub/session/59566c43-637c-4b15-91ae-5b154910c319/contexts [39m[32m200[39m [90m355 ms - 24[39m
[35m[HTTP][39m [90m[39m
[35m[HTTP][39m [37m-->[39m [37mPOST[39m [37m/wd/hub/session/59566c43-637c-4b15-91ae-5b154910c319/context[39m
[35m[HTTP][39m [90m{"name":"NATIVE_APP"}[39m
[35m[HTTP][39m [37m<-- POST /wd/hub/session/59566c43-637c-4b15-91ae-5b154910c319/context [39m[32m200[39m [90m4 ms - 14[39m
[35m[HTTP][39m [90m[39m
[35m[HTTP][39m [37m-->[39m [37mGET[39m [37m/wd/hub/session/59566c43-637c-4b15-91ae-5b154910c319/screenshot[39m
[35m[HTTP][39m [90m{}[39m
[35m[WD Proxy][39m Got an unexpected response: {"code":"ECONNRESET"}
[35m[HTTP][39m [37m<-- GET /wd/hub/session/59566c43-637c-4b15-91ae-5b154910c319/screenshot [39m[31m500[39m [90m48 ms - 563[39m
[35m[HTTP][39m [90m[39m
[35m[HTTP][39m [37m-->[39m [37mPOST[39m [37m/wd/hub/session/59566c43-637c-4b15-91ae-5b154910c319/context[39m
[35m[HTTP][39m [90m{"name":"NATIVE_APP"}[39m
[35m[HTTP][39m [37m<-- POST /wd/hub/session/59566c43-637c-4b15-91ae-5b154910c319/context [39m[32m200[39m [90m3 ms - 14[39m
[35m[HTTP][39m [90m[39m
[35m[HTTP][39m [37m-->[39m [37mGET[39m [37m/wd/hub/status[39m
[35m[HTTP][39m [90m{}[39m
[35m[HTTP][39m [37m<-- GET /wd/hub/status [39m[32m200[39m [90m1 ms - 68[39m
[35m[HTTP][39m [90m[39m
[35m[HTTP][39m [37m-->[39m [37mPOST[39m [37m/wd/hub/session[39m
[35m[HTTP][39m [90m{"desiredCapabilities":{"app":"C:\\Users\\Marvin\\git\\ACCBid-Mobile\\accbid.apk","noReset":true,"deviceId":"","deviceName":"samsung SM-A505F (Android 9)","fullReset":false,"platform":"ANDROID","newCommandTimeout":1800,"platformVersion":"9","automationName":"uiautomator2","autoGrantPermissions":true,"unicodeKeyboard":true,"platformName":"Android","udid":"RR8M30NJEFN","resetKeyboard":true,"systemPort":65298},"capabilities":{"firstMatch":[{"appium:app":"C:\\Users\\Marvin\\git\\ACCBid-Mobile\\accbid.apk","appium:autoGrantPermissions":true,"appium:automationName":"uiautomator2","deviceId":"","appium:deviceName":"samsung SM-A505F (Android 9)","appium:fullReset":false,"appium:newCommandTimeout":1800,"appium:noReset":true,"platform":"ANDROID","platformName":"android","appium:platformVersion":"9","appium:resetKeyboard":true,"appium:systemPort":65298,"appium:udid":"RR8M30NJEFN","appium:unicodeKeyboard":true}]}}[39m
[35m[BaseDriver][39m The capabilities ["deviceId","platform"] are not standard capabilities and should have an extension prefix
[35m[Appium][39m Appium v1.12.1 creating new AndroidUiautomator2Driver (v1.33.0) session
[35m[Appium][39m Capabilities:
[35m[Appium][39m   deviceId: 
[35m[Appium][39m   platform: ANDROID
[35m[Appium][39m   platformName: android
[35m[Appium][39m   app: C:\Users\Marvin\git\ACCBid-Mobile\accbid.apk
[35m[Appium][39m   autoGrantPermissions: true
[35m[Appium][39m   automationName: uiautomator2
[35m[Appium][39m   deviceName: samsung SM-A505F (Android 9)
[35m[Appium][39m   fullReset: false
[35m[Appium][39m   newCommandTimeout: 1800
[35m[Appium][39m   noReset: true
[35m[Appium][39m   platformVersion: 9
[35m[Appium][39m   resetKeyboard: true
[35m[Appium][39m   systemPort: 65298
[35m[Appium][39m   udid: RR8M30NJEFN
[35m[Appium][39m   unicodeKeyboard: true
[35m[BaseDriver][39m The following capabilities were provided, but are not recognized by appium: deviceId, platform.
[35m[BaseDriver][39m Session created with session id: b91ac3e2-f9ec-4461-880c-2d59fee2eae7
[35m[BaseDriver][39m Using local app 'C:\Users\Marvin\git\ACCBid-Mobile\accbid.apk'
[35m[AndroidDriver][39m Retrieving device list
[35m[AndroidDriver][39m Using device: RR8M30NJEFN
[35m[UiAutomator2][39m Relaxing hidden api policy
[35m[ADB][39m Using the alternative activity name detection method because of: Could not find apkanalyzer.bat in C:\Users\Marvin\.katalon\tools\android_sdk\platform-tools\apkanalyzer.bat,C:\Users\Marvin\.katalon\tools\android_sdk\emulator\apkanalyzer.bat,C:\Users\Marvin\.katalon\tools\android_sdk\tools\apkanalyzer.bat,C:\Users\Marvin\.katalon\tools\android_sdk\tools\bin\apkanalyzer.bat,C:\Users\Marvin\.katalon\tools\android_sdk\build-tools\29.0.0\apkanalyzer.bat. Do you have the Android SDK installed at 'C:\Users\Marvin\.katalon\tools\android_sdk'?
[35m[ADB][39m Extracting package and launch activity from manifest
[35m[HTTP][39m [37m<-- POST /wd/hub/session [39m[32m-[39m [90m- ms - -[39m
[35m[HTTP][39m [90m[39m
[35m[ADB][39m Package name: 'com.outsystemsenterprise.acctst1.BidMart'
[35m[ADB][39m Main activity name: 'com.outsystemsenterprise.acctst1.BidMart.MainActivity'
[35m[UiAutomator2][39m Server packages are not going to be (re)installed
[35m[UiAutomator2][39m Starting UIAutomator2 server 3.4.0
[35m[UiAutomator2][39m Using UIAutomator2 server from 'C:\Users\Marvin\AppData\Roaming\npm\node_modules\appium\node_modules\appium-uiautomator2-server\apks\appium-uiautomator2-server-v3.4.0.apk' and test from 'C:\Users\Marvin\AppData\Roaming\npm\node_modules\appium\node_modules\appium-uiautomator2-server\apks\appium-uiautomator2-server-debug-androidTest.apk'
[35m[UiAutomator2][39m Waiting up to 30000ms for UiAutomator2 to be online...
[35m[WD Proxy][39m Got an unexpected response: {"code":"ECONNRESET"}
[35m[WD Proxy][39m Got an unexpected response: {"code":"ECONNRESET"}
[35m[AndroidDriver][39m Screen already unlocked, doing nothing
[35m[UiAutomator2][39m UiAutomator2 did not start the activity we were waiting for, 'com.outsystemsenterprise.acctst1.BidMart/com.outsystemsenterprise.acctst1.BidMart.MainActivity'. Starting it ourselves
[35m[Appium][39m New AndroidUiautomator2Driver session created successfully, session b91ac3e2-f9ec-4461-880c-2d59fee2eae7 added to master session list
[35m[BaseDriver][39m Shutting down because we waited 1800 seconds for a command
[35m[Appium][39m Closing session, cause was 'New Command Timeout of 1800 seconds expired. Try customizing the timeout using the 'newCommandTimeout' desired capability'
[35m[Appium][39m Removing session 59566c43-637c-4b15-91ae-5b154910c319 from our master session list
[35m[UiAutomator2][39m Restoring hidden api policy to the device default configuration
[35m[BaseDriver][39m Shutting down because we waited 1800 seconds for a command
[35m[Appium][39m Closing session, cause was 'New Command Timeout of 1800 seconds expired. Try customizing the timeout using the 'newCommandTimeout' desired capability'
[35m[Appium][39m Removing session b91ac3e2-f9ec-4461-880c-2d59fee2eae7 from our master session list
[35m[UiAutomator2][39m Restoring hidden api policy to the device default configuration
