[35m[Appium][39m Welcome to Appium v1.8.1
[35m[Appium][39m Non-default server args:
[35m[Appium][39m   port: 54054
[35m[Appium][39m   loglevel: info
[35m[Appium][39m   chromeDriverPort: 54055
[35m[Appium][39m   tmpDir: C:\Users\Intan\AppData\Local\Temp\\Katalon\Appium\Temp1571292066053
[35m[Appium][39m Appium REST http interface listener started on 0.0.0.0:54054
[35m[HTTP][39m [37m-->[39m [37mGET[39m [37m/wd/hub/status[39m
[35m[HTTP][39m [90m{}[39m
[35m[HTTP][39m [37m<-- GET /wd/hub/status [39m[32m200[39m [90m14 ms - 83[39m
[35m[HTTP][39m [90m[39m
[35m[HTTP][39m [37m-->[39m [37mPOST[39m [37m/wd/hub/session[39m
[35m[HTTP][39m [90m{"desiredCapabilities":{"app":"C:\\Users\\Intan\\git\\ACCBid-Mobile\\accbid.apk","noReset":true,"deviceId":"","deviceName":"emulator-5554 (Android SDK built for x86 - Android 9)","fullReset":false,"platform":"ANDROID","newCommandTimeout":1800,"platformVersion":"9","automationName":"uiautomator2","autoGrantPermissions":true,"unicodeKeyboard":true,"platformName":"Android","udid":"emulator-5554","resetKeyboard":true,"systemPort":54053},"capabilities":{"firstMatch":[{"appium:app":"C:\\Users\\Intan\\git\\ACCBid-Mobile\\accbid.apk","appium:autoGrantPermissions":true,"appium:automationName":"uiautomator2","deviceId":"","appium:deviceName":"emulator-5554 (Android SDK built for x86 - Android 9)","appium:fullReset":false,"appium:newCommandTimeout":1800,"appium:noReset":true,"platform":"ANDROID","platformName":"android","appium:platformVersion":"9","appium:resetKeyboard":true,"appium:systemPort":54053,"appium:udid":"emulator-5554","appium:unicodeKeyboard":true}]}}[39m
[35m[BaseDriver][39m The capabilities ["deviceId","platform"] are not standard capabilities and should have an extension prefix
[35m[Appium][39m Creating new AndroidUiautomator2Driver (v1.12.0) session
[35m[Appium][39m Capabilities:
[35m[Appium][39m   deviceId: 
[35m[Appium][39m   platform: ANDROID
[35m[Appium][39m   platformName: android
[35m[Appium][39m   app: C:\Users\Intan\git\ACCBid-Mobile\accbid.apk
[35m[Appium][39m   autoGrantPermissions: true
[35m[Appium][39m   automationName: uiautomator2
[35m[Appium][39m   deviceName: emulator-5554 (Android SDK built for x86 - Android 9)
[35m[Appium][39m   fullReset: false
[35m[Appium][39m   newCommandTimeout: 1800
[35m[Appium][39m   noReset: true
[35m[Appium][39m   platformVersion: 9
[35m[Appium][39m   resetKeyboard: true
[35m[Appium][39m   systemPort: 54053
[35m[Appium][39m   udid: emulator-5554
[35m[Appium][39m   unicodeKeyboard: true
[35m[BaseDriver][39m The following capabilities were provided, but are not recognized by appium: deviceId, platform.
[35m[BaseDriver][39m Session created with session id: c9b40b7b-6707-469d-a73d-1625c852733f
[35m[BaseDriver][39m Using local app 'C:\Users\Intan\git\ACCBid-Mobile\accbid.apk'
[35m[AndroidDriver][39m Java version is: 1.8.0_181
[35m[ADB][39m Checking whether adb is present
[35m[ADB][39m Found 1 'build-tools' folders under 'C:\Users\Intan\.katalon\tools\android_sdk' (newest first):
[35m[ADB][39m     C:/Users/Intan/.katalon/tools/android_sdk/build-tools/29.0.2
[35m[ADB][39m Using adb.exe from C:\Users\Intan\.katalon\tools\android_sdk\platform-tools\adb.exe
[35m[AndroidDriver][39m Retrieving device list
[35m[AndroidDriver][39m Using device: emulator-5554
[35m[ADB][39m Using the alternative activity name detection method because of: Could not find apkanalyzer.bat in C:\Users\Intan\.katalon\tools\android_sdk\platform-tools\apkanalyzer.bat,C:\Users\Intan\.katalon\tools\android_sdk\emulator\apkanalyzer.bat,C:\Users\Intan\.katalon\tools\android_sdk\tools\apkanalyzer.bat,C:\Users\Intan\.katalon\tools\android_sdk\tools\bin\apkanalyzer.bat,C:\Users\Intan\.katalon\tools\android_sdk\build-tools\29.0.2\apkanalyzer.bat. Do you have the Android SDK installed at 'C:\Users\Intan\.katalon\tools\android_sdk'?
[35m[ADB][39m Checking whether aapt is present
[35m[ADB][39m Using aapt.exe from C:\Users\Intan\.katalon\tools\android_sdk\build-tools\29.0.2\aapt.exe
[35m[ADB][39m Extracting package and launch activity from manifest
[35m[ADB][39m Package name: 'com.outsystemsenterprise.acctst1.BidMart'
[35m[ADB][39m Main activity name: 'com.outsystemsenterprise.acctst1.BidMart.MainActivity'
[35m[ADB][39m Getting device platform version
[35m[ADB][39m Using apksigner.bat from C:\Users\Intan\.katalon\tools\android_sdk\build-tools\29.0.2\apksigner.bat
[35m[ADB][39m Checking whether zipalign is present
[35m[ADB][39m Using zipalign.exe from C:\Users\Intan\.katalon\tools\android_sdk\build-tools\29.0.2\zipalign.exe
[35m[ADB][39m io.appium.uiautomator2.server was successfully uninstalled
[35m[ADB][39m io.appium.uiautomator2.server.test was successfully uninstalled
[35m[AndroidDriver][39m setDeviceLanguageCountry requires language or country.
[35m[AndroidDriver][39m Got language: 'null' and country: 'null'
[35m[ADB][39m Successfully extracted 23 strings from 'C:\Users\Intan\git\ACCBid-Mobile\accbid.apk' resources for '(default)' configuration
[35m[UiAutomator2][39m Starting uiautomator2 server 1.12.0
[35m[UiAutomator2][39m Using UIAutomator2 server from 'C:\Users\Intan\AppData\Roaming\npm\node_modules\appium\node_modules\appium-uiautomator2-server\apks\appium-uiautomator2-server-v1.12.0.apk' and test from 'C:\Users\Intan\AppData\Roaming\npm\node_modules\appium\node_modules\appium-uiautomator2-server\apks\appium-uiautomator2-server-debug-androidTest.apk'
[35m[UiAutomator2][39m Running command: 'adb -s emulator-5554 shell am instrument -w io.appium.uiautomator2.server.test/android.support.test.runner.AndroidJUnitRunner'
[35m[UiAutomator2][39m Waiting up to 20000ms for UiAutomator2 to be online...
[35m[AndroidDriver][39m Screen already unlocked, doing nothing
[35m[UiAutomator2][39m UiAutomator2 did not start the activity we were waiting for, 'com.outsystemsenterprise.acctst1.BidMart/com.outsystemsenterprise.acctst1.BidMart.MainActivity'. Starting it ourselves
[35m[Appium][39m New AndroidUiautomator2Driver session created successfully, session c9b40b7b-6707-469d-a73d-1625c852733f added to master session list
[35m[HTTP][39m [37m<-- POST /wd/hub/session [39m[32m200[39m [90m31064 ms - 1383[39m
[35m[HTTP][39m [90m[39m
[35m[HTTP][39m [37m-->[39m [37mGET[39m [37m/wd/hub/session/c9b40b7b-6707-469d-a73d-1625c852733f[39m
[35m[HTTP][39m [90m{}[39m
[35m[HTTP][39m [37m<-- GET /wd/hub/session/c9b40b7b-6707-469d-a73d-1625c852733f [39m[32m200[39m [90m46 ms - 1315[39m
[35m[HTTP][39m [90m[39m
[35m[HTTP][39m [37m-->[39m [37mGET[39m [37m/wd/hub/session/c9b40b7b-6707-469d-a73d-1625c852733f[39m
[35m[HTTP][39m [90m{}[39m
[35m[HTTP][39m [37m<-- GET /wd/hub/session/c9b40b7b-6707-469d-a73d-1625c852733f [39m[32m200[39m [90m38 ms - 1315[39m
[35m[HTTP][39m [90m[39m
[35m[HTTP][39m [37m-->[39m [37mGET[39m [37m/wd/hub/status[39m
[35m[HTTP][39m [90m{}[39m
[35m[HTTP][39m [37m<-- GET /wd/hub/status [39m[32m200[39m [90m6 ms - 55[39m
[35m[HTTP][39m [90m[39m
[35m[HTTP][39m [37m-->[39m [37mPOST[39m [37m/wd/hub/session/c9b40b7b-6707-469d-a73d-1625c852733f/timeouts[39m
[35m[HTTP][39m [90m{"implicit":60000}[39m
[35m[HTTP][39m [37m<-- POST /wd/hub/session/c9b40b7b-6707-469d-a73d-1625c852733f/timeouts [39m[32m200[39m [90m8 ms - 14[39m
[35m[HTTP][39m [90m[39m
[35m[HTTP][39m [37m-->[39m [37mPOST[39m [37m/wd/hub/session/c9b40b7b-6707-469d-a73d-1625c852733f/timeouts[39m
[35m[HTTP][39m [90m{"implicit":50}[39m
[35m[HTTP][39m [37m<-- POST /wd/hub/session/c9b40b7b-6707-469d-a73d-1625c852733f/timeouts [39m[32m200[39m [90m3 ms - 14[39m
[35m[HTTP][39m [90m[39m
[35m[HTTP][39m [37m-->[39m [37mGET[39m [37m/wd/hub/session/c9b40b7b-6707-469d-a73d-1625c852733f/window/rect[39m
[35m[HTTP][39m [90m{}[39m
[35m[HTTP][39m [37m<-- GET /wd/hub/session/c9b40b7b-6707-469d-a73d-1625c852733f/window/rect [39m[32m200[39m [90m58 ms - 50[39m
[35m[HTTP][39m [90m[39m
[35m[HTTP][39m [37m-->[39m [37mPOST[39m [37m/wd/hub/session/c9b40b7b-6707-469d-a73d-1625c852733f/elements[39m
[35m[HTTP][39m [90m{"using":"-android uiautomator","value":"new UiSelector().className(\"android.view.View\").text(\"Akun\")"}[39m
[35m[HTTP][39m [37m<-- POST /wd/hub/session/c9b40b7b-6707-469d-a73d-1625c852733f/elements [39m[32m200[39m [90m288 ms - 12[39m
[35m[HTTP][39m [90m[39m
[35m[HTTP][39m [37m-->[39m [37mPOST[39m [37m/wd/hub/session/c9b40b7b-6707-469d-a73d-1625c852733f/elements[39m
[35m[HTTP][39m [90m{"using":"-android uiautomator","value":"new UiSelector().className(\"android.view.View\").text(\"Akun\")"}[39m
[35m[HTTP][39m [37m<-- POST /wd/hub/session/c9b40b7b-6707-469d-a73d-1625c852733f/elements [39m[32m200[39m [90m110 ms - 12[39m
[35m[HTTP][39m [90m[39m
[35m[HTTP][39m [37m-->[39m [37mPOST[39m [37m/wd/hub/session/c9b40b7b-6707-469d-a73d-1625c852733f/elements[39m
[35m[HTTP][39m [90m{"using":"-android uiautomator","value":"new UiSelector().className(\"android.view.View\").text(\"Akun\")"}[39m
[35m[HTTP][39m [37m<-- POST /wd/hub/session/c9b40b7b-6707-469d-a73d-1625c852733f/elements [39m[32m200[39m [90m68 ms - 12[39m
[35m[HTTP][39m [90m[39m
[35m[HTTP][39m [37m-->[39m [37mPOST[39m [37m/wd/hub/session/c9b40b7b-6707-469d-a73d-1625c852733f/elements[39m
[35m[HTTP][39m [90m{"using":"-android uiautomator","value":"new UiSelector().className(\"android.view.View\").text(\"Akun\")"}[39m
[35m[HTTP][39m [37m<-- POST /wd/hub/session/c9b40b7b-6707-469d-a73d-1625c852733f/elements [39m[32m200[39m [90m124 ms - 12[39m
[35m[HTTP][39m [90m[39m
[35m[HTTP][39m [37m-->[39m [37mPOST[39m [37m/wd/hub/session/c9b40b7b-6707-469d-a73d-1625c852733f/elements[39m
[35m[HTTP][39m [90m{"using":"-android uiautomator","value":"new UiSelector().className(\"android.view.View\").text(\"Akun\")"}[39m
[35m[HTTP][39m [37m<-- POST /wd/hub/session/c9b40b7b-6707-469d-a73d-1625c852733f/elements [39m[32m200[39m [90m72 ms - 12[39m
[35m[HTTP][39m [90m[39m
[35m[HTTP][39m [37m-->[39m [37mPOST[39m [37m/wd/hub/session/c9b40b7b-6707-469d-a73d-1625c852733f/elements[39m
[35m[HTTP][39m [90m{"using":"-android uiautomator","value":"new UiSelector().className(\"android.view.View\").text(\"Akun\")"}[39m
[35m[HTTP][39m [37m<-- POST /wd/hub/session/c9b40b7b-6707-469d-a73d-1625c852733f/elements [39m[32m200[39m [90m58 ms - 12[39m
[35m[HTTP][39m [90m[39m
[35m[HTTP][39m [37m-->[39m [37mPOST[39m [37m/wd/hub/session/c9b40b7b-6707-469d-a73d-1625c852733f/elements[39m
[35m[HTTP][39m [90m{"using":"-android uiautomator","value":"new UiSelector().className(\"android.view.View\").text(\"Akun\")"}[39m
[35m[HTTP][39m [37m<-- POST /wd/hub/session/c9b40b7b-6707-469d-a73d-1625c852733f/elements [39m[32m200[39m [90m68 ms - 12[39m
[35m[HTTP][39m [90m[39m
[35m[HTTP][39m [37m-->[39m [37mPOST[39m [37m/wd/hub/session/c9b40b7b-6707-469d-a73d-1625c852733f/elements[39m
[35m[HTTP][39m [90m{"using":"-android uiautomator","value":"new UiSelector().className(\"android.view.View\").text(\"Akun\")"}[39m
[35m[HTTP][39m [37m<-- POST /wd/hub/session/c9b40b7b-6707-469d-a73d-1625c852733f/elements [39m[32m200[39m [90m89 ms - 12[39m
[35m[HTTP][39m [90m[39m
[35m[HTTP][39m [37m-->[39m [37mPOST[39m [37m/wd/hub/session/c9b40b7b-6707-469d-a73d-1625c852733f/elements[39m
[35m[HTTP][39m [90m{"using":"-android uiautomator","value":"new UiSelector().className(\"android.view.View\").text(\"Akun\")"}[39m
[35m[HTTP][39m [37m<-- POST /wd/hub/session/c9b40b7b-6707-469d-a73d-1625c852733f/elements [39m[32m200[39m [90m99 ms - 12[39m
[35m[HTTP][39m [90m[39m
[35m[HTTP][39m [37m-->[39m [37mPOST[39m [37m/wd/hub/session/c9b40b7b-6707-469d-a73d-1625c852733f/elements[39m
[35m[HTTP][39m [90m{"using":"-android uiautomator","value":"new UiSelector().className(\"android.view.View\").text(\"Akun\")"}[39m
[35m[HTTP][39m [37m<-- POST /wd/hub/session/c9b40b7b-6707-469d-a73d-1625c852733f/elements [39m[32m200[39m [90m1091 ms - 12[39m
[35m[HTTP][39m [90m[39m
[35m[HTTP][39m [37m-->[39m [37mPOST[39m [37m/wd/hub/session/c9b40b7b-6707-469d-a73d-1625c852733f/elements[39m
[35m[HTTP][39m [90m{"using":"-android uiautomator","value":"new UiSelector().className(\"android.view.View\").text(\"Akun\")"}[39m
[35m[HTTP][39m [37m<-- POST /wd/hub/session/c9b40b7b-6707-469d-a73d-1625c852733f/elements [39m[32m200[39m [90m391 ms - 12[39m
[35m[HTTP][39m [90m[39m
[35m[HTTP][39m [37m-->[39m [37mPOST[39m [37m/wd/hub/session/c9b40b7b-6707-469d-a73d-1625c852733f/elements[39m
[35m[HTTP][39m [90m{"using":"-android uiautomator","value":"new UiSelector().className(\"android.view.View\").text(\"Akun\")"}[39m
[35m[HTTP][39m [37m<-- POST /wd/hub/session/c9b40b7b-6707-469d-a73d-1625c852733f/elements [39m[32m200[39m [90m153 ms - 12[39m
[35m[HTTP][39m [90m[39m
[35m[HTTP][39m [37m-->[39m [37mPOST[39m [37m/wd/hub/session/c9b40b7b-6707-469d-a73d-1625c852733f/elements[39m
[35m[HTTP][39m [90m{"using":"-android uiautomator","value":"new UiSelector().className(\"android.view.View\").text(\"Akun\")"}[39m
[35m[HTTP][39m [37m<-- POST /wd/hub/session/c9b40b7b-6707-469d-a73d-1625c852733f/elements [39m[32m200[39m [90m4228 ms - 90[39m
[35m[HTTP][39m [90m[39m
[35m[HTTP][39m [37m-->[39m [37mGET[39m [37m/wd/hub/session/c9b40b7b-6707-469d-a73d-1625c852733f/element/6b8318f3-2ff8-4280-a8fd-f0c2c669dc1c/location[39m
[35m[HTTP][39m [90m{}[39m
[35m[W3C][39m Driver proxy active, passing request on via HTTP proxy
[35m[JSONWP Proxy][39m Replacing sessionId bc15dcc3-210e-43da-aae8-0c970993f89c with c9b40b7b-6707-469d-a73d-1625c852733f
[35m[HTTP][39m [37m<-- GET /wd/hub/session/c9b40b7b-6707-469d-a73d-1625c852733f/element/6b8318f3-2ff8-4280-a8fd-f0c2c669dc1c/location [39m[32m200[39m [90m262 ms - 90[39m
[35m[HTTP][39m [90m[39m
[35m[HTTP][39m [37m-->[39m [37mPOST[39m [37m/wd/hub/session/c9b40b7b-6707-469d-a73d-1625c852733f/timeouts[39m
[35m[HTTP][39m [90m{"implicit":60000}[39m
[35m[HTTP][39m [37m<-- POST /wd/hub/session/c9b40b7b-6707-469d-a73d-1625c852733f/timeouts [39m[32m200[39m [90m3 ms - 14[39m
[35m[HTTP][39m [90m[39m
[35m[HTTP][39m [37m-->[39m [37mPOST[39m [37m/wd/hub/session/c9b40b7b-6707-469d-a73d-1625c852733f/touch/perform[39m
[35m[HTTP][39m [90m{"actions":[{"action":"tap","options":{"x":1,"y":1,"element":"6b8318f3-2ff8-4280-a8fd-f0c2c669dc1c"}},{"action":"release","options":{}}]}[39m
[35m[UiAutomator2][39m calling get location: 6b8318f3-2ff8-4280-a8fd-f0c2c669dc1c
[35m[HTTP][39m [37m<-- POST /wd/hub/session/c9b40b7b-6707-469d-a73d-1625c852733f/touch/perform [39m[32m200[39m [90m1283 ms - 14[39m
[35m[HTTP][39m [90m[39m
[35m[HTTP][39m [37m-->[39m [37mPOST[39m [37m/wd/hub/session/c9b40b7b-6707-469d-a73d-1625c852733f/timeouts[39m
[35m[HTTP][39m [90m{"implicit":50}[39m
[35m[HTTP][39m [37m<-- POST /wd/hub/session/c9b40b7b-6707-469d-a73d-1625c852733f/timeouts [39m[32m200[39m [90m3 ms - 14[39m
[35m[HTTP][39m [90m[39m
[35m[HTTP][39m [37m-->[39m [37mGET[39m [37m/wd/hub/session/c9b40b7b-6707-469d-a73d-1625c852733f/window/rect[39m
[35m[HTTP][39m [90m{}[39m
[35m[HTTP][39m [37m<-- GET /wd/hub/session/c9b40b7b-6707-469d-a73d-1625c852733f/window/rect [39m[32m200[39m [90m35 ms - 50[39m
[35m[HTTP][39m [90m[39m
[35m[HTTP][39m [37m-->[39m [37mPOST[39m [37m/wd/hub/session/c9b40b7b-6707-469d-a73d-1625c852733f/elements[39m
[35m[HTTP][39m [90m{"using":"-android uiautomator","value":"new UiSelector().className(\"android.view.View\").text(\"Unggah Dokumen\").resourceId(\"b2-b1-Title\")"}[39m
[35m[HTTP][39m [37m<-- POST /wd/hub/session/c9b40b7b-6707-469d-a73d-1625c852733f/elements [39m[32m200[39m [90m429 ms - 90[39m
[35m[HTTP][39m [90m[39m
[35m[HTTP][39m [37m-->[39m [37mGET[39m [37m/wd/hub/session/c9b40b7b-6707-469d-a73d-1625c852733f/element/2aec7f1b-abcf-4d48-922a-9e9d6c51d765/location[39m
[35m[HTTP][39m [90m{}[39m
[35m[W3C][39m Driver proxy active, passing request on via HTTP proxy
[35m[JSONWP Proxy][39m Replacing sessionId bc15dcc3-210e-43da-aae8-0c970993f89c with c9b40b7b-6707-469d-a73d-1625c852733f
[35m[HTTP][39m [37m<-- GET /wd/hub/session/c9b40b7b-6707-469d-a73d-1625c852733f/element/2aec7f1b-abcf-4d48-922a-9e9d6c51d765/location [39m[32m200[39m [90m85 ms - 88[39m
[35m[HTTP][39m [90m[39m
[35m[HTTP][39m [37m-->[39m [37mPOST[39m [37m/wd/hub/session/c9b40b7b-6707-469d-a73d-1625c852733f/timeouts[39m
[35m[HTTP][39m [90m{"implicit":60000}[39m
[35m[HTTP][39m [37m<-- POST /wd/hub/session/c9b40b7b-6707-469d-a73d-1625c852733f/timeouts [39m[32m200[39m [90m3 ms - 14[39m
[35m[HTTP][39m [90m[39m
[35m[HTTP][39m [37m-->[39m [37mPOST[39m [37m/wd/hub/session/c9b40b7b-6707-469d-a73d-1625c852733f/touch/perform[39m
[35m[HTTP][39m [90m{"actions":[{"action":"tap","options":{"x":1,"y":1,"element":"2aec7f1b-abcf-4d48-922a-9e9d6c51d765"}},{"action":"release","options":{}}]}[39m
[35m[UiAutomator2][39m calling get location: 2aec7f1b-abcf-4d48-922a-9e9d6c51d765
[35m[HTTP][39m [37m<-- POST /wd/hub/session/c9b40b7b-6707-469d-a73d-1625c852733f/touch/perform [39m[32m200[39m [90m1302 ms - 14[39m
[35m[HTTP][39m [90m[39m
[35m[HTTP][39m [37m-->[39m [37mPOST[39m [37m/wd/hub/session/c9b40b7b-6707-469d-a73d-1625c852733f/timeouts[39m
[35m[HTTP][39m [90m{"implicit":50}[39m
[35m[HTTP][39m [37m<-- POST /wd/hub/session/c9b40b7b-6707-469d-a73d-1625c852733f/timeouts [39m[32m200[39m [90m3 ms - 14[39m
[35m[HTTP][39m [90m[39m
[35m[HTTP][39m [37m-->[39m [37mGET[39m [37m/wd/hub/session/c9b40b7b-6707-469d-a73d-1625c852733f/window/rect[39m
[35m[HTTP][39m [90m{}[39m
[35m[HTTP][39m [37m<-- GET /wd/hub/session/c9b40b7b-6707-469d-a73d-1625c852733f/window/rect [39m[32m200[39m [90m56 ms - 50[39m
[35m[HTTP][39m [90m[39m
[35m[HTTP][39m [37m-->[39m [37mPOST[39m [37m/wd/hub/session/c9b40b7b-6707-469d-a73d-1625c852733f/elements[39m
[35m[HTTP][39m [90m{"using":"-android uiautomator","value":"new UiSelector().className(\"android.view.View\").text(\"Ubah\")"}[39m
[35m[HTTP][39m [37m<-- POST /wd/hub/session/c9b40b7b-6707-469d-a73d-1625c852733f/elements [39m[32m200[39m [90m2314 ms - 90[39m
[35m[HTTP][39m [90m[39m
[35m[HTTP][39m [37m-->[39m [37mGET[39m [37m/wd/hub/session/c9b40b7b-6707-469d-a73d-1625c852733f/element/fc68466d-edaa-4647-9d0d-875cd432f091/location[39m
[35m[HTTP][39m [90m{}[39m
[35m[W3C][39m Driver proxy active, passing request on via HTTP proxy
[35m[JSONWP Proxy][39m Replacing sessionId bc15dcc3-210e-43da-aae8-0c970993f89c with c9b40b7b-6707-469d-a73d-1625c852733f
[35m[HTTP][39m [37m<-- GET /wd/hub/session/c9b40b7b-6707-469d-a73d-1625c852733f/element/fc68466d-edaa-4647-9d0d-875cd432f091/location [39m[32m200[39m [90m54 ms - 89[39m
[35m[HTTP][39m [90m[39m
[35m[HTTP][39m [37m-->[39m [37mPOST[39m [37m/wd/hub/session/c9b40b7b-6707-469d-a73d-1625c852733f/timeouts[39m
[35m[HTTP][39m [90m{"implicit":60000}[39m
[35m[HTTP][39m [37m<-- POST /wd/hub/session/c9b40b7b-6707-469d-a73d-1625c852733f/timeouts [39m[32m200[39m [90m4 ms - 14[39m
[35m[HTTP][39m [90m[39m
[35m[HTTP][39m [37m-->[39m [37mPOST[39m [37m/wd/hub/session/c9b40b7b-6707-469d-a73d-1625c852733f/touch/perform[39m
[35m[HTTP][39m [90m{"actions":[{"action":"tap","options":{"x":1,"y":1,"element":"fc68466d-edaa-4647-9d0d-875cd432f091"}},{"action":"release","options":{}}]}[39m
[35m[UiAutomator2][39m calling get location: fc68466d-edaa-4647-9d0d-875cd432f091
[35m[HTTP][39m [37m<-- POST /wd/hub/session/c9b40b7b-6707-469d-a73d-1625c852733f/touch/perform [39m[32m200[39m [90m864 ms - 14[39m
[35m[HTTP][39m [90m[39m
[35m[HTTP][39m [37m-->[39m [37mPOST[39m [37m/wd/hub/session/c9b40b7b-6707-469d-a73d-1625c852733f/timeouts[39m
[35m[HTTP][39m [90m{"implicit":50}[39m
[35m[HTTP][39m [37m<-- POST /wd/hub/session/c9b40b7b-6707-469d-a73d-1625c852733f/timeouts [39m[32m200[39m [90m5 ms - 14[39m
[35m[HTTP][39m [90m[39m
[35m[HTTP][39m [37m-->[39m [37mGET[39m [37m/wd/hub/session/c9b40b7b-6707-469d-a73d-1625c852733f/window/rect[39m
[35m[HTTP][39m [90m{}[39m
[35m[HTTP][39m [37m<-- GET /wd/hub/session/c9b40b7b-6707-469d-a73d-1625c852733f/window/rect [39m[32m200[39m [90m22 ms - 50[39m
[35m[HTTP][39m [90m[39m
[35m[HTTP][39m [37m-->[39m [37mPOST[39m [37m/wd/hub/session/c9b40b7b-6707-469d-a73d-1625c852733f/elements[39m
[35m[HTTP][39m [90m{"using":"-android uiautomator","value":"new UiSelector().className(\"android.view.View\").text(\"\")"}[39m
[35m[HTTP][39m [37m<-- POST /wd/hub/session/c9b40b7b-6707-469d-a73d-1625c852733f/elements [39m[32m200[39m [90m944 ms - 248[39m
[35m[HTTP][39m [90m[39m
[35m[HTTP][39m [37m-->[39m [37mGET[39m [37m/wd/hub/session/c9b40b7b-6707-469d-a73d-1625c852733f/element/fcbae8fd-ba1c-4b3a-b5f0-59041f8c437a/location[39m
[35m[HTTP][39m [90m{}[39m
[35m[W3C][39m Driver proxy active, passing request on via HTTP proxy
[35m[JSONWP Proxy][39m Replacing sessionId bc15dcc3-210e-43da-aae8-0c970993f89c with c9b40b7b-6707-469d-a73d-1625c852733f
[35m[HTTP][39m [37m<-- GET /wd/hub/session/c9b40b7b-6707-469d-a73d-1625c852733f/element/fcbae8fd-ba1c-4b3a-b5f0-59041f8c437a/location [39m[32m200[39m [90m69 ms - 89[39m
[35m[HTTP][39m [90m[39m
[35m[HTTP][39m [37m-->[39m [37mPOST[39m [37m/wd/hub/session/c9b40b7b-6707-469d-a73d-1625c852733f/timeouts[39m
[35m[HTTP][39m [90m{"implicit":60000}[39m
[35m[HTTP][39m [37m<-- POST /wd/hub/session/c9b40b7b-6707-469d-a73d-1625c852733f/timeouts [39m[32m200[39m [90m2 ms - 14[39m
[35m[HTTP][39m [90m[39m
[35m[HTTP][39m [37m-->[39m [37mPOST[39m [37m/wd/hub/session/c9b40b7b-6707-469d-a73d-1625c852733f/touch/perform[39m
[35m[HTTP][39m [90m{"actions":[{"action":"tap","options":{"x":1,"y":1,"element":"fcbae8fd-ba1c-4b3a-b5f0-59041f8c437a"}},{"action":"release","options":{}}]}[39m
[35m[UiAutomator2][39m calling get location: fcbae8fd-ba1c-4b3a-b5f0-59041f8c437a
[35m[HTTP][39m [37m<-- POST /wd/hub/session/c9b40b7b-6707-469d-a73d-1625c852733f/touch/perform [39m[32m200[39m [90m885 ms - 14[39m
[35m[HTTP][39m [90m[39m
[35m[HTTP][39m [37m-->[39m [37mPOST[39m [37m/wd/hub/session/c9b40b7b-6707-469d-a73d-1625c852733f/timeouts[39m
[35m[HTTP][39m [90m{"implicit":50}[39m
[35m[HTTP][39m [37m<-- POST /wd/hub/session/c9b40b7b-6707-469d-a73d-1625c852733f/timeouts [39m[32m200[39m [90m4 ms - 14[39m
[35m[HTTP][39m [90m[39m
[35m[HTTP][39m [37m-->[39m [37mGET[39m [37m/wd/hub/session/c9b40b7b-6707-469d-a73d-1625c852733f/window/rect[39m
[35m[HTTP][39m [90m{}[39m
[35m[HTTP][39m [37m<-- GET /wd/hub/session/c9b40b7b-6707-469d-a73d-1625c852733f/window/rect [39m[32m200[39m [90m71 ms - 50[39m
[35m[HTTP][39m [90m[39m
[35m[HTTP][39m [37m-->[39m [37mPOST[39m [37m/wd/hub/session/c9b40b7b-6707-469d-a73d-1625c852733f/elements[39m
[35m[HTTP][39m [90m{"using":"-android uiautomator","value":"new UiSelector().className(\"android.widget.Button\").text(\"Ya\").resourceId(\"b2-Ya\").instance(1)"}[39m
[35m[HTTP][39m [37m<-- POST /wd/hub/session/c9b40b7b-6707-469d-a73d-1625c852733f/elements [39m[32m200[39m [90m733 ms - 90[39m
[35m[HTTP][39m [90m[39m
[35m[HTTP][39m [37m-->[39m [37mGET[39m [37m/wd/hub/session/c9b40b7b-6707-469d-a73d-1625c852733f/element/2a5f2f36-d471-4e8b-8007-02e4e3bd325b/location[39m
[35m[HTTP][39m [90m{}[39m
[35m[W3C][39m Driver proxy active, passing request on via HTTP proxy
[35m[JSONWP Proxy][39m Replacing sessionId bc15dcc3-210e-43da-aae8-0c970993f89c with c9b40b7b-6707-469d-a73d-1625c852733f
[35m[HTTP][39m [37m<-- GET /wd/hub/session/c9b40b7b-6707-469d-a73d-1625c852733f/element/2a5f2f36-d471-4e8b-8007-02e4e3bd325b/location [39m[32m200[39m [90m52 ms - 90[39m
[35m[HTTP][39m [90m[39m
[35m[HTTP][39m [37m-->[39m [37mPOST[39m [37m/wd/hub/session/c9b40b7b-6707-469d-a73d-1625c852733f/timeouts[39m
[35m[HTTP][39m [90m{"implicit":60000}[39m
[35m[HTTP][39m [37m<-- POST /wd/hub/session/c9b40b7b-6707-469d-a73d-1625c852733f/timeouts [39m[32m200[39m [90m2 ms - 14[39m
[35m[HTTP][39m [90m[39m
[35m[HTTP][39m [37m-->[39m [37mPOST[39m [37m/wd/hub/session/c9b40b7b-6707-469d-a73d-1625c852733f/touch/perform[39m
[35m[HTTP][39m [90m{"actions":[{"action":"tap","options":{"x":1,"y":1,"element":"2a5f2f36-d471-4e8b-8007-02e4e3bd325b"}},{"action":"release","options":{}}]}[39m
[35m[UiAutomator2][39m calling get location: 2a5f2f36-d471-4e8b-8007-02e4e3bd325b
[35m[HTTP][39m [37m<-- POST /wd/hub/session/c9b40b7b-6707-469d-a73d-1625c852733f/touch/perform [39m[32m200[39m [90m799 ms - 14[39m
[35m[HTTP][39m [90m[39m
[35m[HTTP][39m [37m-->[39m [37mPOST[39m [37m/wd/hub/session/c9b40b7b-6707-469d-a73d-1625c852733f/timeouts[39m
[35m[HTTP][39m [90m{"implicit":50}[39m
[35m[HTTP][39m [37m<-- POST /wd/hub/session/c9b40b7b-6707-469d-a73d-1625c852733f/timeouts [39m[32m200[39m [90m2 ms - 14[39m
[35m[HTTP][39m [90m[39m
[35m[HTTP][39m [37m-->[39m [37mGET[39m [37m/wd/hub/session/c9b40b7b-6707-469d-a73d-1625c852733f/window/rect[39m
[35m[HTTP][39m [90m{}[39m
[35m[HTTP][39m [37m<-- GET /wd/hub/session/c9b40b7b-6707-469d-a73d-1625c852733f/window/rect [39m[32m200[39m [90m19 ms - 50[39m
[35m[HTTP][39m [90m[39m
[35m[HTTP][39m [37m-->[39m [37mPOST[39m [37m/wd/hub/session/c9b40b7b-6707-469d-a73d-1625c852733f/elements[39m
[35m[HTTP][39m [90m{"using":"-android uiautomator","value":"new UiSelector().className(\"android.widget.Image\").text(\"theme_new_ui_bid.icon_plus\")"}[39m
[35m[HTTP][39m [37m<-- POST /wd/hub/session/c9b40b7b-6707-469d-a73d-1625c852733f/elements [39m[32m200[39m [90m161 ms - 248[39m
[35m[HTTP][39m [90m[39m
[35m[HTTP][39m [37m-->[39m [37mGET[39m [37m/wd/hub/session/c9b40b7b-6707-469d-a73d-1625c852733f/element/1a9f53a3-814a-442b-bf72-124f74226da4/location[39m
[35m[HTTP][39m [90m{}[39m
[35m[W3C][39m Driver proxy active, passing request on via HTTP proxy
[35m[JSONWP Proxy][39m Replacing sessionId bc15dcc3-210e-43da-aae8-0c970993f89c with c9b40b7b-6707-469d-a73d-1625c852733f
[35m[HTTP][39m [37m<-- GET /wd/hub/session/c9b40b7b-6707-469d-a73d-1625c852733f/element/1a9f53a3-814a-442b-bf72-124f74226da4/location [39m[32m200[39m [90m34 ms - 89[39m
[35m[HTTP][39m [90m[39m
[35m[HTTP][39m [37m-->[39m [37mPOST[39m [37m/wd/hub/session/c9b40b7b-6707-469d-a73d-1625c852733f/timeouts[39m
[35m[HTTP][39m [90m{"implicit":60000}[39m
[35m[HTTP][39m [37m<-- POST /wd/hub/session/c9b40b7b-6707-469d-a73d-1625c852733f/timeouts [39m[32m200[39m [90m2 ms - 14[39m
[35m[HTTP][39m [90m[39m
[35m[HTTP][39m [37m-->[39m [37mPOST[39m [37m/wd/hub/session/c9b40b7b-6707-469d-a73d-1625c852733f/touch/perform[39m
[35m[HTTP][39m [90m{"actions":[{"action":"tap","options":{"x":1,"y":1,"element":"1a9f53a3-814a-442b-bf72-124f74226da4"}},{"action":"release","options":{}}]}[39m
[35m[UiAutomator2][39m calling get location: 1a9f53a3-814a-442b-bf72-124f74226da4
[35m[HTTP][39m [37m<-- POST /wd/hub/session/c9b40b7b-6707-469d-a73d-1625c852733f/touch/perform [39m[32m200[39m [90m893 ms - 14[39m
[35m[HTTP][39m [90m[39m
[35m[HTTP][39m [37m-->[39m [37mPOST[39m [37m/wd/hub/session/c9b40b7b-6707-469d-a73d-1625c852733f/timeouts[39m
[35m[HTTP][39m [90m{"implicit":50}[39m
[35m[HTTP][39m [37m<-- POST /wd/hub/session/c9b40b7b-6707-469d-a73d-1625c852733f/timeouts [39m[32m200[39m [90m3 ms - 14[39m
[35m[HTTP][39m [90m[39m
[35m[HTTP][39m [37m-->[39m [37mGET[39m [37m/wd/hub/session/c9b40b7b-6707-469d-a73d-1625c852733f/window/rect[39m
[35m[HTTP][39m [90m{}[39m
[35m[HTTP][39m [37m<-- GET /wd/hub/session/c9b40b7b-6707-469d-a73d-1625c852733f/window/rect [39m[32m200[39m [90m32 ms - 50[39m
[35m[HTTP][39m [90m[39m
[35m[HTTP][39m [37m-->[39m [37mPOST[39m [37m/wd/hub/session/c9b40b7b-6707-469d-a73d-1625c852733f/elements[39m
[35m[HTTP][39m [90m{"using":"-android uiautomator","value":"new UiSelector().className(\"android.view.View\").text(\"Gallery\")"}[39m
[35m[HTTP][39m [37m<-- POST /wd/hub/session/c9b40b7b-6707-469d-a73d-1625c852733f/elements [39m[32m200[39m [90m432 ms - 90[39m
[35m[HTTP][39m [90m[39m
[35m[HTTP][39m [37m-->[39m [37mGET[39m [37m/wd/hub/session/c9b40b7b-6707-469d-a73d-1625c852733f/element/c9ffe5f0-3718-4f6f-bbed-bd142f3e5e2c/location[39m
[35m[HTTP][39m [90m{}[39m
[35m[W3C][39m Driver proxy active, passing request on via HTTP proxy
[35m[JSONWP Proxy][39m Replacing sessionId bc15dcc3-210e-43da-aae8-0c970993f89c with c9b40b7b-6707-469d-a73d-1625c852733f
[35m[HTTP][39m [37m<-- GET /wd/hub/session/c9b40b7b-6707-469d-a73d-1625c852733f/element/c9ffe5f0-3718-4f6f-bbed-bd142f3e5e2c/location [39m[32m200[39m [90m99 ms - 90[39m
[35m[HTTP][39m [90m[39m
[35m[HTTP][39m [37m-->[39m [37mPOST[39m [37m/wd/hub/session/c9b40b7b-6707-469d-a73d-1625c852733f/timeouts[39m
[35m[HTTP][39m [90m{"implicit":60000}[39m
[35m[HTTP][39m [37m<-- POST /wd/hub/session/c9b40b7b-6707-469d-a73d-1625c852733f/timeouts [39m[32m200[39m [90m5 ms - 14[39m
[35m[HTTP][39m [90m[39m
[35m[HTTP][39m [37m-->[39m [37mPOST[39m [37m/wd/hub/session/c9b40b7b-6707-469d-a73d-1625c852733f/touch/perform[39m
[35m[HTTP][39m [90m{"actions":[{"action":"tap","options":{"x":1,"y":1,"element":"c9ffe5f0-3718-4f6f-bbed-bd142f3e5e2c"}},{"action":"release","options":{}}]}[39m
[35m[UiAutomator2][39m calling get location: c9ffe5f0-3718-4f6f-bbed-bd142f3e5e2c
[35m[HTTP][39m [37m<-- POST /wd/hub/session/c9b40b7b-6707-469d-a73d-1625c852733f/touch/perform [39m[32m200[39m [90m995 ms - 14[39m
[35m[HTTP][39m [90m[39m
[35m[HTTP][39m [37m-->[39m [37mPOST[39m [37m/wd/hub/session/c9b40b7b-6707-469d-a73d-1625c852733f/timeouts[39m
[35m[HTTP][39m [90m{"implicit":50}[39m
[35m[HTTP][39m [37m<-- POST /wd/hub/session/c9b40b7b-6707-469d-a73d-1625c852733f/timeouts [39m[32m200[39m [90m3 ms - 14[39m
[35m[HTTP][39m [90m[39m
[35m[HTTP][39m [37m-->[39m [37mGET[39m [37m/wd/hub/session/c9b40b7b-6707-469d-a73d-1625c852733f/window/rect[39m
[35m[HTTP][39m [90m{}[39m
[35m[HTTP][39m [37m<-- GET /wd/hub/session/c9b40b7b-6707-469d-a73d-1625c852733f/window/rect [39m[32m200[39m [90m64 ms - 50[39m
[35m[HTTP][39m [90m[39m
[35m[HTTP][39m [37m-->[39m [37mPOST[39m [37m/wd/hub/session/c9b40b7b-6707-469d-a73d-1625c852733f/elements[39m
[35m[HTTP][39m [90m{"using":"-android uiautomator","value":"new UiSelector().className(\"android.widget.TextView\").text(\"Downloads\").resourceId(\"android:id/title\")"}[39m
[35m[HTTP][39m [37m<-- POST /wd/hub/session/c9b40b7b-6707-469d-a73d-1625c852733f/elements [39m[32m200[39m [90m800 ms - 12[39m
[35m[HTTP][39m [90m[39m
[35m[HTTP][39m [37m-->[39m [37mPOST[39m [37m/wd/hub/session/c9b40b7b-6707-469d-a73d-1625c852733f/elements[39m
[35m[HTTP][39m [90m{"using":"-android uiautomator","value":"new UiSelector().className(\"android.widget.TextView\").text(\"Downloads\").resourceId(\"android:id/title\")"}[39m
[35m[HTTP][39m [37m<-- POST /wd/hub/session/c9b40b7b-6707-469d-a73d-1625c852733f/elements [39m[32m200[39m [90m488 ms - 12[39m
[35m[HTTP][39m [90m[39m
[35m[HTTP][39m [37m-->[39m [37mPOST[39m [37m/wd/hub/session/c9b40b7b-6707-469d-a73d-1625c852733f/elements[39m
[35m[HTTP][39m [90m{"using":"-android uiautomator","value":"new UiSelector().className(\"android.widget.TextView\").text(\"Downloads\").resourceId(\"android:id/title\")"}[39m
[35m[HTTP][39m [37m<-- POST /wd/hub/session/c9b40b7b-6707-469d-a73d-1625c852733f/elements [39m[32m200[39m [90m565 ms - 12[39m
[35m[HTTP][39m [90m[39m
[35m[HTTP][39m [37m-->[39m [37mPOST[39m [37m/wd/hub/session/c9b40b7b-6707-469d-a73d-1625c852733f/elements[39m
[35m[HTTP][39m [90m{"using":"-android uiautomator","value":"new UiSelector().className(\"android.widget.TextView\").text(\"Downloads\").resourceId(\"android:id/title\")"}[39m
[35m[HTTP][39m [37m<-- POST /wd/hub/session/c9b40b7b-6707-469d-a73d-1625c852733f/elements [39m[32m200[39m [90m600 ms - 12[39m
[35m[HTTP][39m [90m[39m
[35m[HTTP][39m [37m-->[39m [37mPOST[39m [37m/wd/hub/session/c9b40b7b-6707-469d-a73d-1625c852733f/elements[39m
[35m[HTTP][39m [90m{"using":"-android uiautomator","value":"new UiSelector().className(\"android.widget.TextView\").text(\"Downloads\").resourceId(\"android:id/title\")"}[39m
[35m[HTTP][39m [37m<-- POST /wd/hub/session/c9b40b7b-6707-469d-a73d-1625c852733f/elements [39m[32m200[39m [90m573 ms - 12[39m
[35m[HTTP][39m [90m[39m
[35m[HTTP][39m [37m-->[39m [37mPOST[39m [37m/wd/hub/session/c9b40b7b-6707-469d-a73d-1625c852733f/elements[39m
[35m[HTTP][39m [90m{"using":"-android uiautomator","value":"new UiSelector().className(\"android.widget.TextView\").text(\"Downloads\").resourceId(\"android:id/title\")"}[39m
[35m[HTTP][39m [37m<-- POST /wd/hub/session/c9b40b7b-6707-469d-a73d-1625c852733f/elements [39m[32m200[39m [90m87 ms - 12[39m
[35m[HTTP][39m [90m[39m
[35m[HTTP][39m [37m-->[39m [37mPOST[39m [37m/wd/hub/session/c9b40b7b-6707-469d-a73d-1625c852733f/elements[39m
[35m[HTTP][39m [90m{"using":"-android uiautomator","value":"new UiSelector().className(\"android.widget.TextView\").text(\"Downloads\").resourceId(\"android:id/title\")"}[39m
[35m[HTTP][39m [37m<-- POST /wd/hub/session/c9b40b7b-6707-469d-a73d-1625c852733f/elements [39m[32m200[39m [90m623 ms - 12[39m
[35m[HTTP][39m [90m[39m
[35m[HTTP][39m [37m-->[39m [37mPOST[39m [37m/wd/hub/session/c9b40b7b-6707-469d-a73d-1625c852733f/elements[39m
[35m[HTTP][39m [90m{"using":"-android uiautomator","value":"new UiSelector().className(\"android.widget.TextView\").text(\"Downloads\").resourceId(\"android:id/title\")"}[39m
[35m[HTTP][39m [37m<-- POST /wd/hub/session/c9b40b7b-6707-469d-a73d-1625c852733f/elements [39m[32m200[39m [90m587 ms - 12[39m
[35m[HTTP][39m [90m[39m
[35m[HTTP][39m [37m-->[39m [37mPOST[39m [37m/wd/hub/session/c9b40b7b-6707-469d-a73d-1625c852733f/elements[39m
[35m[HTTP][39m [90m{"using":"-android uiautomator","value":"new UiSelector().className(\"android.widget.TextView\").text(\"Downloads\").resourceId(\"android:id/title\")"}[39m
[35m[HTTP][39m [37m<-- POST /wd/hub/session/c9b40b7b-6707-469d-a73d-1625c852733f/elements [39m[32m200[39m [90m566 ms - 12[39m
[35m[HTTP][39m [90m[39m
[35m[HTTP][39m [37m-->[39m [37mPOST[39m [37m/wd/hub/session/c9b40b7b-6707-469d-a73d-1625c852733f/elements[39m
[35m[HTTP][39m [90m{"using":"-android uiautomator","value":"new UiSelector().className(\"android.widget.TextView\").text(\"Downloads\").resourceId(\"android:id/title\")"}[39m
[35m[HTTP][39m [37m<-- POST /wd/hub/session/c9b40b7b-6707-469d-a73d-1625c852733f/elements [39m[32m200[39m [90m580 ms - 12[39m
[35m[HTTP][39m [90m[39m
[35m[HTTP][39m [37m-->[39m [37mPOST[39m [37m/wd/hub/session/c9b40b7b-6707-469d-a73d-1625c852733f/elements[39m
[35m[HTTP][39m [90m{"using":"-android uiautomator","value":"new UiSelector().className(\"android.widget.TextView\").text(\"Downloads\").resourceId(\"android:id/title\")"}[39m
[35m[HTTP][39m [37m<-- POST /wd/hub/session/c9b40b7b-6707-469d-a73d-1625c852733f/elements [39m[32m200[39m [90m605 ms - 12[39m
[35m[HTTP][39m [90m[39m
[35m[HTTP][39m [37m-->[39m [37mPOST[39m [37m/wd/hub/session/c9b40b7b-6707-469d-a73d-1625c852733f/elements[39m
[35m[HTTP][39m [90m{"using":"-android uiautomator","value":"new UiSelector().className(\"android.widget.TextView\").text(\"Downloads\").resourceId(\"android:id/title\")"}[39m
[35m[HTTP][39m [37m<-- POST /wd/hub/session/c9b40b7b-6707-469d-a73d-1625c852733f/elements [39m[32m200[39m [90m570 ms - 12[39m
[35m[HTTP][39m [90m[39m
[35m[HTTP][39m [37m-->[39m [37mPOST[39m [37m/wd/hub/session/c9b40b7b-6707-469d-a73d-1625c852733f/elements[39m
[35m[HTTP][39m [90m{"using":"-android uiautomator","value":"new UiSelector().className(\"android.widget.TextView\").text(\"Downloads\").resourceId(\"android:id/title\")"}[39m
[35m[HTTP][39m [37m<-- POST /wd/hub/session/c9b40b7b-6707-469d-a73d-1625c852733f/elements [39m[32m200[39m [90m562 ms - 12[39m
[35m[HTTP][39m [90m[39m
[35m[HTTP][39m [37m-->[39m [37mPOST[39m [37m/wd/hub/session/c9b40b7b-6707-469d-a73d-1625c852733f/elements[39m
[35m[HTTP][39m [90m{"using":"-android uiautomator","value":"new UiSelector().className(\"android.widget.TextView\").text(\"Downloads\").resourceId(\"android:id/title\")"}[39m
[35m[HTTP][39m [37m<-- POST /wd/hub/session/c9b40b7b-6707-469d-a73d-1625c852733f/elements [39m[32m200[39m [90m591 ms - 12[39m
[35m[HTTP][39m [90m[39m
[35m[HTTP][39m [37m-->[39m [37mPOST[39m [37m/wd/hub/session/c9b40b7b-6707-469d-a73d-1625c852733f/elements[39m
[35m[HTTP][39m [90m{"using":"-android uiautomator","value":"new UiSelector().className(\"android.widget.TextView\").text(\"Downloads\").resourceId(\"android:id/title\")"}[39m
[35m[HTTP][39m [37m<-- POST /wd/hub/session/c9b40b7b-6707-469d-a73d-1625c852733f/elements [39m[32m200[39m [90m599 ms - 12[39m
[35m[HTTP][39m [90m[39m
[35m[HTTP][39m [37m-->[39m [37mPOST[39m [37m/wd/hub/session/c9b40b7b-6707-469d-a73d-1625c852733f/elements[39m
[35m[HTTP][39m [90m{"using":"-android uiautomator","value":"new UiSelector().className(\"android.widget.TextView\").text(\"Downloads\").resourceId(\"android:id/title\")"}[39m
[35m[HTTP][39m [37m<-- POST /wd/hub/session/c9b40b7b-6707-469d-a73d-1625c852733f/elements [39m[32m200[39m [90m624 ms - 12[39m
[35m[HTTP][39m [90m[39m
[35m[HTTP][39m [37m-->[39m [37mPOST[39m [37m/wd/hub/session/c9b40b7b-6707-469d-a73d-1625c852733f/elements[39m
[35m[HTTP][39m [90m{"using":"-android uiautomator","value":"new UiSelector().className(\"android.widget.TextView\").text(\"Downloads\").resourceId(\"android:id/title\")"}[39m
[35m[HTTP][39m [37m<-- POST /wd/hub/session/c9b40b7b-6707-469d-a73d-1625c852733f/elements [39m[32m200[39m [90m588 ms - 12[39m
[35m[HTTP][39m [90m[39m
[35m[HTTP][39m [37m-->[39m [37mPOST[39m [37m/wd/hub/session/c9b40b7b-6707-469d-a73d-1625c852733f/elements[39m
[35m[HTTP][39m [90m{"using":"-android uiautomator","value":"new UiSelector().className(\"android.widget.TextView\").text(\"Downloads\").resourceId(\"android:id/title\")"}[39m
[35m[HTTP][39m [37m<-- POST /wd/hub/session/c9b40b7b-6707-469d-a73d-1625c852733f/elements [39m[32m200[39m [90m599 ms - 12[39m
[35m[HTTP][39m [90m[39m
[35m[HTTP][39m [37m-->[39m [37mPOST[39m [37m/wd/hub/session/c9b40b7b-6707-469d-a73d-1625c852733f/elements[39m
[35m[HTTP][39m [90m{"using":"-android uiautomator","value":"new UiSelector().className(\"android.widget.TextView\").text(\"Downloads\").resourceId(\"android:id/title\")"}[39m
[35m[HTTP][39m [37m<-- POST /wd/hub/session/c9b40b7b-6707-469d-a73d-1625c852733f/elements [39m[32m-[39m [90m- ms - -[39m
[35m[HTTP][39m [90m[39m
[35m[BaseDriver][39m Shutting down because we waited 1800 seconds for a command
[35m[Appium][39m Closing session, cause was 'New Command Timeout of 1800 seconds expired. Try customizing the timeout using the 'newCommandTimeout' desired capability'
[35m[Appium][39m Removing session c9b40b7b-6707-469d-a73d-1625c852733f from our master session list
[35m[UiAutomator2][39m Did not get confirmation UiAutomator2 deleteSession worked; Error was: ProxyRequestError: Could not proxy command to remote server. Original error: Error: connect ECONNREFUSED 127.0.0.1:54053
[35m[UiAutomator2][39m Unable to remove port forward 'Error executing adbExec. Original error: 'Command 'C\:\\Users\\Intan\\.katalon\\tools\\android_sdk\\platform-tools\\adb.exe -P 5037 -s emulator-5554 forward --remove tcp\:54053' exited with code 1'; Stderr: 'adb.exe: error: listener 'tcp:54053' not found'; Code: '1''
