[35m[Appium][39m Welcome to Appium v1.12.1
[35m[Appium][39m Non-default server args:
[35m[Appium][39m   port: 51911
[35m[Appium][39m   loglevel: info
[35m[Appium][39m   chromeDriverPort: 51912
[35m[Appium][39m   tmpDir: C:\Users\Marvin\AppData\Local\Temp\\Katalon\Appium\Temp1572490581230
[35m[Appium][39m Appium REST http interface listener started on 0.0.0.0:51911
[35m[HTTP][39m [37m-->[39m [37mGET[39m [37m/wd/hub/status[39m
[35m[HTTP][39m [90m{}[39m
[35m[HTTP][39m [37m<-- GET /wd/hub/status [39m[32m200[39m [90m9 ms - 68[39m
[35m[HTTP][39m [90m[39m
[35m[HTTP][39m [37m-->[39m [37mPOST[39m [37m/wd/hub/session[39m
[35m[HTTP][39m [90m{"desiredCapabilities":{"app":"C:\\Users\\Marvin\\git\\ACCBid-Mobile\\accbid.apk","noReset":true,"deviceId":"","deviceName":"samsung SM-A505F (Android 9)","fullReset":false,"platform":"ANDROID","newCommandTimeout":1800,"platformVersion":"9","automationName":"uiautomator2","autoGrantPermissions":true,"unicodeKeyboard":true,"platformName":"Android","udid":"RR8M30NJEFN","resetKeyboard":true,"systemPort":51910},"capabilities":{"firstMatch":[{"appium:app":"C:\\Users\\Marvin\\git\\ACCBid-Mobile\\accbid.apk","appium:autoGrantPermissions":true,"appium:automationName":"uiautomator2","deviceId":"","appium:deviceName":"samsung SM-A505F (Android 9)","appium:fullReset":false,"appium:newCommandTimeout":1800,"appium:noReset":true,"platform":"ANDROID","platformName":"android","appium:platformVersion":"9","appium:resetKeyboard":true,"appium:systemPort":51910,"appium:udid":"RR8M30NJEFN","appium:unicodeKeyboard":true}]}}[39m
[35m[BaseDriver][39m The capabilities ["deviceId","platform"] are not standard capabilities and should have an extension prefix
[35m[Appium][39m Appium v1.12.1 creating new AndroidUiautomator2Driver (v1.33.0) session
[35m[Appium][39m Capabilities:
[35m[Appium][39m   deviceId: 
[35m[Appium][39m   platform: ANDROID
[35m[Appium][39m   platformName: android
[35m[Appium][39m   app: C:\Users\Marvin\git\ACCBid-Mobile\accbid.apk
[35m[Appium][39m   autoGrantPermissions: true
[35m[Appium][39m   automationName: uiautomator2
[35m[Appium][39m   deviceName: samsung SM-A505F (Android 9)
[35m[Appium][39m   fullReset: false
[35m[Appium][39m   newCommandTimeout: 1800
[35m[Appium][39m   noReset: true
[35m[Appium][39m   platformVersion: 9
[35m[Appium][39m   resetKeyboard: true
[35m[Appium][39m   systemPort: 51910
[35m[Appium][39m   udid: RR8M30NJEFN
[35m[Appium][39m   unicodeKeyboard: true
[35m[BaseDriver][39m The following capabilities were provided, but are not recognized by appium: deviceId, platform.
[35m[BaseDriver][39m Session created with session id: 57951b43-6360-4bf1-8905-185f6b285327
[35m[BaseDriver][39m Using local app 'C:\Users\Marvin\git\ACCBid-Mobile\accbid.apk'
[35m[ADB][39m Checking whether adb is present
[35m[ADB][39m Found 1 'build-tools' folders under 'C:\Users\Marvin\.katalon\tools\android_sdk' (newest first):
[35m[ADB][39m     C:/Users/Marvin/.katalon/tools/android_sdk/build-tools/29.0.0
[35m[ADB][39m Using adb.exe from C:\Users\Marvin\.katalon\tools\android_sdk\platform-tools\adb.exe
[35m[AndroidDriver][39m Retrieving device list
[35m[AndroidDriver][39m Using device: RR8M30NJEFN
[35m[UiAutomator2][39m Relaxing hidden api policy
[35m[ADB][39m Using the alternative activity name detection method because of: Could not find apkanalyzer.bat in C:\Users\Marvin\.katalon\tools\android_sdk\platform-tools\apkanalyzer.bat,C:\Users\Marvin\.katalon\tools\android_sdk\emulator\apkanalyzer.bat,C:\Users\Marvin\.katalon\tools\android_sdk\tools\apkanalyzer.bat,C:\Users\Marvin\.katalon\tools\android_sdk\tools\bin\apkanalyzer.bat,C:\Users\Marvin\.katalon\tools\android_sdk\build-tools\29.0.0\apkanalyzer.bat. Do you have the Android SDK installed at 'C:\Users\Marvin\.katalon\tools\android_sdk'?
[35m[ADB][39m Checking whether aapt is present
[35m[ADB][39m Using aapt.exe from C:\Users\Marvin\.katalon\tools\android_sdk\build-tools\29.0.0\aapt.exe
[35m[ADB][39m Extracting package and launch activity from manifest
[35m[ADB][39m Package name: 'com.outsystemsenterprise.acctst1.BidMart'
[35m[ADB][39m Main activity name: 'com.outsystemsenterprise.acctst1.BidMart.MainActivity'
[35m[ADB][39m Using apksigner.bat from C:\Users\Marvin\.katalon\tools\android_sdk\build-tools\29.0.0\apksigner.bat
[35m[UiAutomator2][39m Server packages are not going to be (re)installed
[35m[UiAutomator2][39m Starting UIAutomator2 server 3.4.0
[35m[UiAutomator2][39m Using UIAutomator2 server from 'C:\Users\Marvin\AppData\Roaming\npm\node_modules\appium\node_modules\appium-uiautomator2-server\apks\appium-uiautomator2-server-v3.4.0.apk' and test from 'C:\Users\Marvin\AppData\Roaming\npm\node_modules\appium\node_modules\appium-uiautomator2-server\apks\appium-uiautomator2-server-debug-androidTest.apk'
[35m[UiAutomator2][39m Waiting up to 30000ms for UiAutomator2 to be online...
[35m[WD Proxy][39m Got an unexpected response: {"code":"ECONNRESET"}
[35m[WD Proxy][39m Got an unexpected response: {"code":"ECONNRESET"}
[35m[AndroidDriver][39m Screen already unlocked, doing nothing
[35m[UiAutomator2][39m UiAutomator2 did not start the activity we were waiting for, 'com.outsystemsenterprise.acctst1.BidMart/com.outsystemsenterprise.acctst1.BidMart.MainActivity'. Starting it ourselves
[35m[Appium][39m New AndroidUiautomator2Driver session created successfully, session 57951b43-6360-4bf1-8905-185f6b285327 added to master session list
[35m[HTTP][39m [37m<-- POST /wd/hub/session [39m[32m200[39m [90m23818 ms - 1337[39m
[35m[HTTP][39m [90m[39m
[35m[HTTP][39m [37m-->[39m [37mGET[39m [37m/wd/hub/session/57951b43-6360-4bf1-8905-185f6b285327[39m
[35m[HTTP][39m [90m{}[39m
[35m[HTTP][39m [37m<-- GET /wd/hub/session/57951b43-6360-4bf1-8905-185f6b285327 [39m[32m200[39m [90m40 ms - 1269[39m
[35m[HTTP][39m [90m[39m
[35m[HTTP][39m [37m-->[39m [37mGET[39m [37m/wd/hub/session/57951b43-6360-4bf1-8905-185f6b285327[39m
[35m[HTTP][39m [90m{}[39m
[35m[HTTP][39m [37m<-- GET /wd/hub/session/57951b43-6360-4bf1-8905-185f6b285327 [39m[32m200[39m [90m22 ms - 1269[39m
[35m[HTTP][39m [90m[39m
[35m[HTTP][39m [37m-->[39m [37mGET[39m [37m/wd/hub/status[39m
[35m[HTTP][39m [90m{}[39m
[35m[HTTP][39m [37m<-- GET /wd/hub/status [39m[32m200[39m [90m2 ms - 68[39m
[35m[HTTP][39m [90m[39m
[35m[HTTP][39m [37m-->[39m [37mPOST[39m [37m/wd/hub/session/57951b43-6360-4bf1-8905-185f6b285327/timeouts[39m
[35m[HTTP][39m [90m{"implicit":60000}[39m
[35m[HTTP][39m [37m<-- POST /wd/hub/session/57951b43-6360-4bf1-8905-185f6b285327/timeouts [39m[32m200[39m [90m8 ms - 14[39m
[35m[HTTP][39m [90m[39m
[35m[HTTP][39m [37m-->[39m [37mPOST[39m [37m/wd/hub/session/57951b43-6360-4bf1-8905-185f6b285327/timeouts[39m
[35m[HTTP][39m [90m{"implicit":50}[39m
[35m[HTTP][39m [37m<-- POST /wd/hub/session/57951b43-6360-4bf1-8905-185f6b285327/timeouts [39m[32m200[39m [90m4 ms - 14[39m
[35m[HTTP][39m [90m[39m
[35m[HTTP][39m [37m-->[39m [37mGET[39m [37m/wd/hub/session/57951b43-6360-4bf1-8905-185f6b285327/window/rect[39m
[35m[HTTP][39m [90m{}[39m
[35m[HTTP][39m [37m<-- GET /wd/hub/session/57951b43-6360-4bf1-8905-185f6b285327/window/rect [39m[32m200[39m [90m90 ms - 50[39m
[35m[HTTP][39m [90m[39m
[35m[HTTP][39m [37m-->[39m [37mPOST[39m [37m/wd/hub/session/57951b43-6360-4bf1-8905-185f6b285327/elements[39m
[35m[HTTP][39m [90m{"using":"-android uiautomator","value":"new UiSelector().className(\"android.view.View\").resourceId(\"GoToDeposit\")"}[39m
[35m[HTTP][39m [37m<-- POST /wd/hub/session/57951b43-6360-4bf1-8905-185f6b285327/elements [39m[32m200[39m [90m107 ms - 12[39m
[35m[HTTP][39m [90m[39m
[35m[HTTP][39m [37m-->[39m [37mPOST[39m [37m/wd/hub/session/57951b43-6360-4bf1-8905-185f6b285327/elements[39m
[35m[HTTP][39m [90m{"using":"-android uiautomator","value":"new UiSelector().className(\"android.view.View\").resourceId(\"GoToDeposit\")"}[39m
[35m[HTTP][39m [37m<-- POST /wd/hub/session/57951b43-6360-4bf1-8905-185f6b285327/elements [39m[32m200[39m [90m91 ms - 12[39m
[35m[HTTP][39m [90m[39m
[35m[HTTP][39m [37m-->[39m [37mPOST[39m [37m/wd/hub/session/57951b43-6360-4bf1-8905-185f6b285327/elements[39m
[35m[HTTP][39m [90m{"using":"-android uiautomator","value":"new UiSelector().className(\"android.view.View\").resourceId(\"GoToDeposit\")"}[39m
[35m[HTTP][39m [37m<-- POST /wd/hub/session/57951b43-6360-4bf1-8905-185f6b285327/elements [39m[32m200[39m [90m112 ms - 12[39m
[35m[HTTP][39m [90m[39m
[35m[HTTP][39m [37m-->[39m [37mPOST[39m [37m/wd/hub/session/57951b43-6360-4bf1-8905-185f6b285327/elements[39m
[35m[HTTP][39m [90m{"using":"-android uiautomator","value":"new UiSelector().className(\"android.view.View\").resourceId(\"GoToDeposit\")"}[39m
[35m[HTTP][39m [37m<-- POST /wd/hub/session/57951b43-6360-4bf1-8905-185f6b285327/elements [39m[32m200[39m [90m70 ms - 12[39m
[35m[HTTP][39m [90m[39m
[35m[HTTP][39m [37m-->[39m [37mPOST[39m [37m/wd/hub/session/57951b43-6360-4bf1-8905-185f6b285327/elements[39m
[35m[HTTP][39m [90m{"using":"-android uiautomator","value":"new UiSelector().className(\"android.view.View\").resourceId(\"GoToDeposit\")"}[39m
[35m[HTTP][39m [37m<-- POST /wd/hub/session/57951b43-6360-4bf1-8905-185f6b285327/elements [39m[32m200[39m [90m173 ms - 12[39m
[35m[HTTP][39m [90m[39m
[35m[HTTP][39m [37m-->[39m [37mPOST[39m [37m/wd/hub/session/57951b43-6360-4bf1-8905-185f6b285327/elements[39m
[35m[HTTP][39m [90m{"using":"-android uiautomator","value":"new UiSelector().className(\"android.view.View\").resourceId(\"GoToDeposit\")"}[39m
[35m[HTTP][39m [37m<-- POST /wd/hub/session/57951b43-6360-4bf1-8905-185f6b285327/elements [39m[32m200[39m [90m158 ms - 12[39m
[35m[HTTP][39m [90m[39m
[35m[HTTP][39m [37m-->[39m [37mPOST[39m [37m/wd/hub/session/57951b43-6360-4bf1-8905-185f6b285327/elements[39m
[35m[HTTP][39m [90m{"using":"-android uiautomator","value":"new UiSelector().className(\"android.view.View\").resourceId(\"GoToDeposit\")"}[39m
[35m[HTTP][39m [37m<-- POST /wd/hub/session/57951b43-6360-4bf1-8905-185f6b285327/elements [39m[32m200[39m [90m134 ms - 12[39m
[35m[HTTP][39m [90m[39m
[35m[HTTP][39m [37m-->[39m [37mPOST[39m [37m/wd/hub/session/57951b43-6360-4bf1-8905-185f6b285327/elements[39m
[35m[HTTP][39m [90m{"using":"-android uiautomator","value":"new UiSelector().className(\"android.view.View\").resourceId(\"GoToDeposit\")"}[39m
[35m[HTTP][39m [37m<-- POST /wd/hub/session/57951b43-6360-4bf1-8905-185f6b285327/elements [39m[32m200[39m [90m241 ms - 12[39m
[35m[HTTP][39m [90m[39m
[35m[HTTP][39m [37m-->[39m [37mPOST[39m [37m/wd/hub/session/57951b43-6360-4bf1-8905-185f6b285327/elements[39m
[35m[HTTP][39m [90m{"using":"-android uiautomator","value":"new UiSelector().className(\"android.view.View\").resourceId(\"GoToDeposit\")"}[39m
[35m[HTTP][39m [37m<-- POST /wd/hub/session/57951b43-6360-4bf1-8905-185f6b285327/elements [39m[32m200[39m [90m3196 ms - 139[39m
[35m[HTTP][39m [90m[39m
[35m[HTTP][39m [37m-->[39m [37mGET[39m [37m/wd/hub/session/57951b43-6360-4bf1-8905-185f6b285327/element/50a70640-68b8-4fb9-937b-b3aaf50c7421/location[39m
[35m[HTTP][39m [90m{}[39m
[35m[W3C (57951b43)][39m Driver proxy active, passing request on via HTTP proxy
[35m[WD Proxy][39m Replacing sessionId 74eec55f-c7f2-48f7-91f5-47491cdd9329 with 57951b43-6360-4bf1-8905-185f6b285327
[35m[HTTP][39m [37m<-- GET /wd/hub/session/57951b43-6360-4bf1-8905-185f6b285327/element/50a70640-68b8-4fb9-937b-b3aaf50c7421/location [39m[32m200[39m [90m294 ms - 89[39m
[35m[HTTP][39m [90m[39m
[35m[HTTP][39m [37m-->[39m [37mPOST[39m [37m/wd/hub/session/57951b43-6360-4bf1-8905-185f6b285327/timeouts[39m
[35m[HTTP][39m [90m{"implicit":60000}[39m
[35m[HTTP][39m [37m<-- POST /wd/hub/session/57951b43-6360-4bf1-8905-185f6b285327/timeouts [39m[32m200[39m [90m3 ms - 14[39m
[35m[HTTP][39m [90m[39m
[35m[HTTP][39m [37m-->[39m [37mPOST[39m [37m/wd/hub/session/57951b43-6360-4bf1-8905-185f6b285327/touch/perform[39m
[35m[HTTP][39m [90m{"actions":[{"action":"tap","options":{"x":1,"y":1,"element":"50a70640-68b8-4fb9-937b-b3aaf50c7421"}},{"action":"release","options":{}}]}[39m
[35m[UiAutomator2][39m calling get location: 50a70640-68b8-4fb9-937b-b3aaf50c7421
[35m[HTTP][39m [37m<-- POST /wd/hub/session/57951b43-6360-4bf1-8905-185f6b285327/touch/perform [39m[32m200[39m [90m3176 ms - 14[39m
[35m[HTTP][39m [90m[39m
[35m[HTTP][39m [37m-->[39m [37mPOST[39m [37m/wd/hub/session/57951b43-6360-4bf1-8905-185f6b285327/timeouts[39m
[35m[HTTP][39m [90m{"implicit":50}[39m
[35m[HTTP][39m [37m<-- POST /wd/hub/session/57951b43-6360-4bf1-8905-185f6b285327/timeouts [39m[32m200[39m [90m4 ms - 14[39m
[35m[HTTP][39m [90m[39m
[35m[HTTP][39m [37m-->[39m [37mGET[39m [37m/wd/hub/session/57951b43-6360-4bf1-8905-185f6b285327/window/rect[39m
[35m[HTTP][39m [90m{}[39m
[35m[HTTP][39m [37m<-- GET /wd/hub/session/57951b43-6360-4bf1-8905-185f6b285327/window/rect [39m[32m200[39m [90m83 ms - 50[39m
[35m[HTTP][39m [90m[39m
[35m[HTTP][39m [37m-->[39m [37mPOST[39m [37m/wd/hub/session/57951b43-6360-4bf1-8905-185f6b285327/elements[39m
[35m[HTTP][39m [90m{"using":"-android uiautomator","value":"new UiSelector().className(\"android.widget.Button\").text(\"Top Up\").resourceId(\"b2-l1-0-btnTopUp\")"}[39m
[35m[HTTP][39m [37m<-- POST /wd/hub/session/57951b43-6360-4bf1-8905-185f6b285327/elements [39m[32m200[39m [90m1301 ms - 139[39m
[35m[HTTP][39m [90m[39m
[35m[HTTP][39m [37m-->[39m [37mGET[39m [37m/wd/hub/session/57951b43-6360-4bf1-8905-185f6b285327/element/9c5299d6-c6ea-450e-b3e2-9790efa74ff5/location[39m
[35m[HTTP][39m [90m{}[39m
[35m[W3C (57951b43)][39m Driver proxy active, passing request on via HTTP proxy
[35m[WD Proxy][39m Replacing sessionId 74eec55f-c7f2-48f7-91f5-47491cdd9329 with 57951b43-6360-4bf1-8905-185f6b285327
[35m[HTTP][39m [37m<-- GET /wd/hub/session/57951b43-6360-4bf1-8905-185f6b285327/element/9c5299d6-c6ea-450e-b3e2-9790efa74ff5/location [39m[32m200[39m [90m85 ms - 89[39m
[35m[HTTP][39m [90m[39m
[35m[HTTP][39m [37m-->[39m [37mPOST[39m [37m/wd/hub/session/57951b43-6360-4bf1-8905-185f6b285327/timeouts[39m
[35m[HTTP][39m [90m{"implicit":60000}[39m
[35m[HTTP][39m [37m<-- POST /wd/hub/session/57951b43-6360-4bf1-8905-185f6b285327/timeouts [39m[32m200[39m [90m4 ms - 14[39m
[35m[HTTP][39m [90m[39m
[35m[HTTP][39m [37m-->[39m [37mPOST[39m [37m/wd/hub/session/57951b43-6360-4bf1-8905-185f6b285327/touch/perform[39m
[35m[HTTP][39m [90m{"actions":[{"action":"tap","options":{"x":1,"y":1,"element":"9c5299d6-c6ea-450e-b3e2-9790efa74ff5"}},{"action":"release","options":{}}]}[39m
[35m[UiAutomator2][39m calling get location: 9c5299d6-c6ea-450e-b3e2-9790efa74ff5
[35m[HTTP][39m [37m<-- POST /wd/hub/session/57951b43-6360-4bf1-8905-185f6b285327/touch/perform [39m[32m200[39m [90m1795 ms - 14[39m
[35m[HTTP][39m [90m[39m
[35m[HTTP][39m [37m-->[39m [37mPOST[39m [37m/wd/hub/session/57951b43-6360-4bf1-8905-185f6b285327/timeouts[39m
[35m[HTTP][39m [90m{"implicit":50}[39m
[35m[HTTP][39m [37m<-- POST /wd/hub/session/57951b43-6360-4bf1-8905-185f6b285327/timeouts [39m[32m200[39m [90m3 ms - 14[39m
[35m[HTTP][39m [90m[39m
[35m[HTTP][39m [37m-->[39m [37mGET[39m [37m/wd/hub/session/57951b43-6360-4bf1-8905-185f6b285327/window/rect[39m
[35m[HTTP][39m [90m{}[39m
[35m[HTTP][39m [37m<-- GET /wd/hub/session/57951b43-6360-4bf1-8905-185f6b285327/window/rect [39m[32m200[39m [90m47 ms - 50[39m
[35m[HTTP][39m [90m[39m
[35m[HTTP][39m [37m-->[39m [37mPOST[39m [37m/wd/hub/session/57951b43-6360-4bf1-8905-185f6b285327/elements[39m
[35m[HTTP][39m [90m{"using":"-android uiautomator","value":"new UiSelector().className(\"android.widget.EditText\").resourceId(\"b3-Nominal_Input\")"}[39m
[35m[HTTP][39m [37m<-- POST /wd/hub/session/57951b43-6360-4bf1-8905-185f6b285327/elements [39m[32m200[39m [90m504 ms - 139[39m
[35m[HTTP][39m [90m[39m
[35m[HTTP][39m [37m-->[39m [37mGET[39m [37m/wd/hub/session/57951b43-6360-4bf1-8905-185f6b285327/element/e6875633-7eb4-4113-9958-91e19a15deca/location[39m
[35m[HTTP][39m [90m{}[39m
[35m[W3C (57951b43)][39m Driver proxy active, passing request on via HTTP proxy
[35m[WD Proxy][39m Replacing sessionId 74eec55f-c7f2-48f7-91f5-47491cdd9329 with 57951b43-6360-4bf1-8905-185f6b285327
[35m[HTTP][39m [37m<-- GET /wd/hub/session/57951b43-6360-4bf1-8905-185f6b285327/element/e6875633-7eb4-4113-9958-91e19a15deca/location [39m[32m200[39m [90m139 ms - 88[39m
[35m[HTTP][39m [90m[39m
[35m[HTTP][39m [37m-->[39m [37mPOST[39m [37m/wd/hub/session/57951b43-6360-4bf1-8905-185f6b285327/timeouts[39m
[35m[HTTP][39m [90m{"implicit":60000}[39m
[35m[HTTP][39m [37m<-- POST /wd/hub/session/57951b43-6360-4bf1-8905-185f6b285327/timeouts [39m[32m200[39m [90m3 ms - 14[39m
[35m[HTTP][39m [90m[39m
[35m[HTTP][39m [37m-->[39m [37mPOST[39m [37m/wd/hub/session/57951b43-6360-4bf1-8905-185f6b285327/element/e6875633-7eb4-4113-9958-91e19a15deca/clear[39m
[35m[HTTP][39m [90m{"id":"e6875633-7eb4-4113-9958-91e19a15deca"}[39m
[35m[HTTP][39m [37m<-- POST /wd/hub/session/57951b43-6360-4bf1-8905-185f6b285327/element/e6875633-7eb4-4113-9958-91e19a15deca/clear [39m[32m200[39m [90m142 ms - 27[39m
[35m[HTTP][39m [90m[39m
[35m[HTTP][39m [37m-->[39m [37mPOST[39m [37m/wd/hub/session/57951b43-6360-4bf1-8905-185f6b285327/element/e6875633-7eb4-4113-9958-91e19a15deca/value[39m
[35m[HTTP][39m [90m{"id":"e6875633-7eb4-4113-9958-91e19a15deca","text":"500000","value":["5","0","0","0","0","0"]}[39m
[35m[HTTP][39m [37m<-- POST /wd/hub/session/57951b43-6360-4bf1-8905-185f6b285327/element/e6875633-7eb4-4113-9958-91e19a15deca/value [39m[32m200[39m [90m783 ms - 12[39m
[35m[HTTP][39m [90m[39m
[35m[HTTP][39m [37m-->[39m [37mPOST[39m [37m/wd/hub/session/57951b43-6360-4bf1-8905-185f6b285327/timeouts[39m
[35m[HTTP][39m [90m{"implicit":50}[39m
[35m[HTTP][39m [37m<-- POST /wd/hub/session/57951b43-6360-4bf1-8905-185f6b285327/timeouts [39m[32m200[39m [90m3 ms - 14[39m
[35m[HTTP][39m [90m[39m
[35m[HTTP][39m [37m-->[39m [37mGET[39m [37m/wd/hub/session/57951b43-6360-4bf1-8905-185f6b285327/window/rect[39m
[35m[HTTP][39m [90m{}[39m
[35m[HTTP][39m [37m<-- GET /wd/hub/session/57951b43-6360-4bf1-8905-185f6b285327/window/rect [39m[32m200[39m [90m50 ms - 50[39m
[35m[HTTP][39m [90m[39m
[35m[HTTP][39m [37m-->[39m [37mPOST[39m [37m/wd/hub/session/57951b43-6360-4bf1-8905-185f6b285327/elements[39m
[35m[HTTP][39m [90m{"using":"-android uiautomator","value":"new UiSelector().className(\"android.view.View\").text(\"▲\")"}[39m
[35m[HTTP][39m [37m<-- POST /wd/hub/session/57951b43-6360-4bf1-8905-185f6b285327/elements [39m[32m200[39m [90m672 ms - 139[39m
[35m[HTTP][39m [90m[39m
[35m[HTTP][39m [37m-->[39m [37mGET[39m [37m/wd/hub/session/57951b43-6360-4bf1-8905-185f6b285327/element/f4c12221-f59d-4683-b431-784513f27702/location[39m
[35m[HTTP][39m [90m{}[39m
[35m[W3C (57951b43)][39m Driver proxy active, passing request on via HTTP proxy
[35m[WD Proxy][39m Replacing sessionId 74eec55f-c7f2-48f7-91f5-47491cdd9329 with 57951b43-6360-4bf1-8905-185f6b285327
[35m[HTTP][39m [37m<-- GET /wd/hub/session/57951b43-6360-4bf1-8905-185f6b285327/element/f4c12221-f59d-4683-b431-784513f27702/location [39m[32m200[39m [90m169 ms - 90[39m
[35m[HTTP][39m [90m[39m
[35m[HTTP][39m [37m-->[39m [37mPOST[39m [37m/wd/hub/session/57951b43-6360-4bf1-8905-185f6b285327/timeouts[39m
[35m[HTTP][39m [90m{"implicit":60000}[39m
[35m[HTTP][39m [37m<-- POST /wd/hub/session/57951b43-6360-4bf1-8905-185f6b285327/timeouts [39m[32m200[39m [90m2 ms - 14[39m
[35m[HTTP][39m [90m[39m
[35m[HTTP][39m [37m-->[39m [37mPOST[39m [37m/wd/hub/session/57951b43-6360-4bf1-8905-185f6b285327/touch/perform[39m
[35m[HTTP][39m [90m{"actions":[{"action":"tap","options":{"x":1,"y":1,"element":"f4c12221-f59d-4683-b431-784513f27702"}},{"action":"release","options":{}}]}[39m
[35m[UiAutomator2][39m calling get location: f4c12221-f59d-4683-b431-784513f27702
[35m[HTTP][39m [37m<-- POST /wd/hub/session/57951b43-6360-4bf1-8905-185f6b285327/touch/perform [39m[32m200[39m [90m1002 ms - 14[39m
[35m[HTTP][39m [90m[39m
[35m[HTTP][39m [37m-->[39m [37mPOST[39m [37m/wd/hub/session/57951b43-6360-4bf1-8905-185f6b285327/timeouts[39m
[35m[HTTP][39m [90m{"implicit":50}[39m
[35m[HTTP][39m [37m<-- POST /wd/hub/session/57951b43-6360-4bf1-8905-185f6b285327/timeouts [39m[32m200[39m [90m3 ms - 14[39m
[35m[HTTP][39m [90m[39m
[35m[HTTP][39m [37m-->[39m [37mGET[39m [37m/wd/hub/session/57951b43-6360-4bf1-8905-185f6b285327/window/rect[39m
[35m[HTTP][39m [90m{}[39m
[35m[HTTP][39m [37m<-- GET /wd/hub/session/57951b43-6360-4bf1-8905-185f6b285327/window/rect [39m[32m200[39m [90m75 ms - 50[39m
[35m[HTTP][39m [90m[39m
[35m[HTTP][39m [37m-->[39m [37mPOST[39m [37m/wd/hub/session/57951b43-6360-4bf1-8905-185f6b285327/elements[39m
[35m[HTTP][39m [90m{"using":"-android uiautomator","value":"new UiSelector().text(\"BANK CENTRAL ASIA\")"}[39m
[35m[HTTP][39m [37m<-- POST /wd/hub/session/57951b43-6360-4bf1-8905-185f6b285327/elements [39m[32m200[39m [90m254 ms - 12[39m
[35m[HTTP][39m [90m[39m
[35m[HTTP][39m [37m-->[39m [37mPOST[39m [37m/wd/hub/session/57951b43-6360-4bf1-8905-185f6b285327/elements[39m
[35m[HTTP][39m [90m{"using":"-android uiautomator","value":"new UiSelector().text(\"BANK CENTRAL ASIA\")"}[39m
[35m[HTTP][39m [37m<-- POST /wd/hub/session/57951b43-6360-4bf1-8905-185f6b285327/elements [39m[32m200[39m [90m269 ms - 12[39m
[35m[HTTP][39m [90m[39m
[35m[HTTP][39m [37m-->[39m [37mPOST[39m [37m/wd/hub/session/57951b43-6360-4bf1-8905-185f6b285327/elements[39m
[35m[HTTP][39m [90m{"using":"-android uiautomator","value":"new UiSelector().text(\"BANK CENTRAL ASIA\")"}[39m
[35m[HTTP][39m [37m<-- POST /wd/hub/session/57951b43-6360-4bf1-8905-185f6b285327/elements [39m[32m200[39m [90m240 ms - 12[39m
[35m[HTTP][39m [90m[39m
[35m[HTTP][39m [37m-->[39m [37mPOST[39m [37m/wd/hub/session/57951b43-6360-4bf1-8905-185f6b285327/elements[39m
[35m[HTTP][39m [90m{"using":"-android uiautomator","value":"new UiSelector().text(\"BANK CENTRAL ASIA\")"}[39m
[35m[HTTP][39m [37m<-- POST /wd/hub/session/57951b43-6360-4bf1-8905-185f6b285327/elements [39m[32m200[39m [90m247 ms - 12[39m
[35m[HTTP][39m [90m[39m
[35m[HTTP][39m [37m-->[39m [37mPOST[39m [37m/wd/hub/session/57951b43-6360-4bf1-8905-185f6b285327/elements[39m
[35m[HTTP][39m [90m{"using":"-android uiautomator","value":"new UiSelector().text(\"BANK CENTRAL ASIA\")"}[39m
[35m[HTTP][39m [37m<-- POST /wd/hub/session/57951b43-6360-4bf1-8905-185f6b285327/elements [39m[32m200[39m [90m277 ms - 12[39m
[35m[HTTP][39m [90m[39m
[35m[HTTP][39m [37m-->[39m [37mPOST[39m [37m/wd/hub/session/57951b43-6360-4bf1-8905-185f6b285327/elements[39m
[35m[HTTP][39m [90m{"using":"-android uiautomator","value":"new UiSelector().text(\"BANK CENTRAL ASIA\")"}[39m
[35m[HTTP][39m [37m<-- POST /wd/hub/session/57951b43-6360-4bf1-8905-185f6b285327/elements [39m[32m200[39m [90m141 ms - 12[39m
[35m[HTTP][39m [90m[39m
[35m[HTTP][39m [37m-->[39m [37mPOST[39m [37m/wd/hub/session/57951b43-6360-4bf1-8905-185f6b285327/elements[39m
[35m[HTTP][39m [90m{"using":"-android uiautomator","value":"new UiSelector().text(\"BANK CENTRAL ASIA\")"}[39m
[35m[HTTP][39m [37m<-- POST /wd/hub/session/57951b43-6360-4bf1-8905-185f6b285327/elements [39m[32m200[39m [90m116 ms - 12[39m
[35m[HTTP][39m [90m[39m
[35m[HTTP][39m [37m-->[39m [37mPOST[39m [37m/wd/hub/session/57951b43-6360-4bf1-8905-185f6b285327/elements[39m
[35m[HTTP][39m [90m{"using":"-android uiautomator","value":"new UiSelector().text(\"BANK CENTRAL ASIA\")"}[39m
[35m[HTTP][39m [37m<-- POST /wd/hub/session/57951b43-6360-4bf1-8905-185f6b285327/elements [39m[32m200[39m [90m110 ms - 12[39m
[35m[HTTP][39m [90m[39m
[35m[HTTP][39m [37m-->[39m [37mPOST[39m [37m/wd/hub/session/57951b43-6360-4bf1-8905-185f6b285327/elements[39m
[35m[HTTP][39m [90m{"using":"-android uiautomator","value":"new UiSelector().text(\"BANK CENTRAL ASIA\")"}[39m
[35m[HTTP][39m [37m<-- POST /wd/hub/session/57951b43-6360-4bf1-8905-185f6b285327/elements [39m[32m200[39m [90m141 ms - 12[39m
[35m[HTTP][39m [90m[39m
[35m[HTTP][39m [37m-->[39m [37mPOST[39m [37m/wd/hub/session/57951b43-6360-4bf1-8905-185f6b285327/elements[39m
[35m[HTTP][39m [90m{"using":"-android uiautomator","value":"new UiSelector().text(\"BANK CENTRAL ASIA\")"}[39m
[35m[HTTP][39m [37m<-- POST /wd/hub/session/57951b43-6360-4bf1-8905-185f6b285327/elements [39m[32m200[39m [90m184 ms - 12[39m
[35m[HTTP][39m [90m[39m
[35m[HTTP][39m [37m-->[39m [37mPOST[39m [37m/wd/hub/session/57951b43-6360-4bf1-8905-185f6b285327/elements[39m
[35m[HTTP][39m [90m{"using":"-android uiautomator","value":"new UiSelector().text(\"BANK CENTRAL ASIA\")"}[39m
[35m[HTTP][39m [37m<-- POST /wd/hub/session/57951b43-6360-4bf1-8905-185f6b285327/elements [39m[32m200[39m [90m139 ms - 12[39m
[35m[HTTP][39m [90m[39m
[35m[HTTP][39m [37m-->[39m [37mPOST[39m [37m/wd/hub/session/57951b43-6360-4bf1-8905-185f6b285327/elements[39m
[35m[HTTP][39m [90m{"using":"-android uiautomator","value":"new UiSelector().text(\"BANK CENTRAL ASIA\")"}[39m
[35m[HTTP][39m [37m<-- POST /wd/hub/session/57951b43-6360-4bf1-8905-185f6b285327/elements [39m[32m200[39m [90m189 ms - 12[39m
[35m[HTTP][39m [90m[39m
[35m[HTTP][39m [37m-->[39m [37mPOST[39m [37m/wd/hub/session/57951b43-6360-4bf1-8905-185f6b285327/elements[39m
[35m[HTTP][39m [90m{"using":"-android uiautomator","value":"new UiSelector().text(\"BANK CENTRAL ASIA\")"}[39m
[35m[HTTP][39m [37m<-- POST /wd/hub/session/57951b43-6360-4bf1-8905-185f6b285327/elements [39m[32m200[39m [90m203 ms - 12[39m
[35m[HTTP][39m [90m[39m
[35m[HTTP][39m [37m-->[39m [37mPOST[39m [37m/wd/hub/session/57951b43-6360-4bf1-8905-185f6b285327/elements[39m
[35m[HTTP][39m [90m{"using":"-android uiautomator","value":"new UiSelector().text(\"BANK CENTRAL ASIA\")"}[39m
[35m[HTTP][39m [37m<-- POST /wd/hub/session/57951b43-6360-4bf1-8905-185f6b285327/elements [39m[32m200[39m [90m200 ms - 12[39m
[35m[HTTP][39m [90m[39m
[35m[HTTP][39m [37m-->[39m [37mPOST[39m [37m/wd/hub/session/57951b43-6360-4bf1-8905-185f6b285327/elements[39m
[35m[HTTP][39m [90m{"using":"-android uiautomator","value":"new UiSelector().text(\"BANK CENTRAL ASIA\")"}[39m
[35m[HTTP][39m [37m<-- POST /wd/hub/session/57951b43-6360-4bf1-8905-185f6b285327/elements [39m[32m200[39m [90m205 ms - 12[39m
[35m[HTTP][39m [90m[39m
[35m[HTTP][39m [37m-->[39m [37mPOST[39m [37m/wd/hub/session/57951b43-6360-4bf1-8905-185f6b285327/elements[39m
[35m[HTTP][39m [90m{"using":"-android uiautomator","value":"new UiSelector().text(\"BANK CENTRAL ASIA\")"}[39m
[35m[HTTP][39m [37m<-- POST /wd/hub/session/57951b43-6360-4bf1-8905-185f6b285327/elements [39m[32m200[39m [90m208 ms - 12[39m
[35m[HTTP][39m [90m[39m
[35m[HTTP][39m [37m-->[39m [37mPOST[39m [37m/wd/hub/session/57951b43-6360-4bf1-8905-185f6b285327/elements[39m
[35m[HTTP][39m [90m{"using":"-android uiautomator","value":"new UiSelector().text(\"BANK CENTRAL ASIA\")"}[39m
[35m[HTTP][39m [37m<-- POST /wd/hub/session/57951b43-6360-4bf1-8905-185f6b285327/elements [39m[32m200[39m [90m233 ms - 12[39m
[35m[HTTP][39m [90m[39m
[35m[HTTP][39m [37m-->[39m [37mPOST[39m [37m/wd/hub/session/57951b43-6360-4bf1-8905-185f6b285327/elements[39m
[35m[HTTP][39m [90m{"using":"-android uiautomator","value":"new UiSelector().text(\"BANK CENTRAL ASIA\")"}[39m
[35m[HTTP][39m [37m<-- POST /wd/hub/session/57951b43-6360-4bf1-8905-185f6b285327/elements [39m[32m200[39m [90m224 ms - 12[39m
[35m[HTTP][39m [90m[39m
[35m[HTTP][39m [37m-->[39m [37mPOST[39m [37m/wd/hub/session/57951b43-6360-4bf1-8905-185f6b285327/elements[39m
[35m[HTTP][39m [90m{"using":"-android uiautomator","value":"new UiSelector().text(\"BANK CENTRAL ASIA\")"}[39m
[35m[HTTP][39m [37m<-- POST /wd/hub/session/57951b43-6360-4bf1-8905-185f6b285327/elements [39m[32m200[39m [90m231 ms - 12[39m
[35m[HTTP][39m [90m[39m
[35m[HTTP][39m [37m-->[39m [37mPOST[39m [37m/wd/hub/session/57951b43-6360-4bf1-8905-185f6b285327/elements[39m
[35m[HTTP][39m [90m{"using":"-android uiautomator","value":"new UiSelector().text(\"BANK CENTRAL ASIA\")"}[39m
[35m[HTTP][39m [37m<-- POST /wd/hub/session/57951b43-6360-4bf1-8905-185f6b285327/elements [39m[32m200[39m [90m246 ms - 12[39m
[35m[HTTP][39m [90m[39m
[35m[HTTP][39m [37m-->[39m [37mPOST[39m [37m/wd/hub/session/57951b43-6360-4bf1-8905-185f6b285327/elements[39m
[35m[HTTP][39m [90m{"using":"-android uiautomator","value":"new UiSelector().text(\"BANK CENTRAL ASIA\")"}[39m
[35m[HTTP][39m [37m<-- POST /wd/hub/session/57951b43-6360-4bf1-8905-185f6b285327/elements [39m[32m200[39m [90m238 ms - 12[39m
[35m[HTTP][39m [90m[39m
[35m[HTTP][39m [37m-->[39m [37mPOST[39m [37m/wd/hub/session/57951b43-6360-4bf1-8905-185f6b285327/elements[39m
[35m[HTTP][39m [90m{"using":"-android uiautomator","value":"new UiSelector().text(\"BANK CENTRAL ASIA\")"}[39m
[35m[HTTP][39m [37m<-- POST /wd/hub/session/57951b43-6360-4bf1-8905-185f6b285327/elements [39m[32m200[39m [90m221 ms - 12[39m
[35m[HTTP][39m [90m[39m
[35m[HTTP][39m [37m-->[39m [37mPOST[39m [37m/wd/hub/session/57951b43-6360-4bf1-8905-185f6b285327/elements[39m
[35m[HTTP][39m [90m{"using":"-android uiautomator","value":"new UiSelector().text(\"BANK CENTRAL ASIA\")"}[39m
[35m[HTTP][39m [37m<-- POST /wd/hub/session/57951b43-6360-4bf1-8905-185f6b285327/elements [39m[32m200[39m [90m226 ms - 12[39m
[35m[HTTP][39m [90m[39m
[35m[HTTP][39m [37m-->[39m [37mPOST[39m [37m/wd/hub/session/57951b43-6360-4bf1-8905-185f6b285327/elements[39m
[35m[HTTP][39m [90m{"using":"-android uiautomator","value":"new UiSelector().text(\"BANK CENTRAL ASIA\")"}[39m
[35m[HTTP][39m [37m<-- POST /wd/hub/session/57951b43-6360-4bf1-8905-185f6b285327/elements [39m[32m200[39m [90m199 ms - 12[39m
[35m[HTTP][39m [90m[39m
[35m[HTTP][39m [37m-->[39m [37mPOST[39m [37m/wd/hub/session/57951b43-6360-4bf1-8905-185f6b285327/elements[39m
[35m[HTTP][39m [90m{"using":"-android uiautomator","value":"new UiSelector().text(\"BANK CENTRAL ASIA\")"}[39m
[35m[HTTP][39m [37m<-- POST /wd/hub/session/57951b43-6360-4bf1-8905-185f6b285327/elements [39m[32m200[39m [90m204 ms - 12[39m
[35m[HTTP][39m [90m[39m
[35m[HTTP][39m [37m-->[39m [37mPOST[39m [37m/wd/hub/session/57951b43-6360-4bf1-8905-185f6b285327/elements[39m
[35m[HTTP][39m [90m{"using":"-android uiautomator","value":"new UiSelector().text(\"BANK CENTRAL ASIA\")"}[39m
[35m[HTTP][39m [37m<-- POST /wd/hub/session/57951b43-6360-4bf1-8905-185f6b285327/elements [39m[32m200[39m [90m202 ms - 12[39m
[35m[HTTP][39m [90m[39m
[35m[HTTP][39m [37m-->[39m [37mPOST[39m [37m/wd/hub/session/57951b43-6360-4bf1-8905-185f6b285327/elements[39m
[35m[HTTP][39m [90m{"using":"-android uiautomator","value":"new UiSelector().text(\"BANK CENTRAL ASIA\")"}[39m
[35m[HTTP][39m [37m<-- POST /wd/hub/session/57951b43-6360-4bf1-8905-185f6b285327/elements [39m[32m200[39m [90m228 ms - 12[39m
[35m[HTTP][39m [90m[39m
[35m[HTTP][39m [37m-->[39m [37mPOST[39m [37m/wd/hub/session/57951b43-6360-4bf1-8905-185f6b285327/elements[39m
[35m[HTTP][39m [90m{"using":"-android uiautomator","value":"new UiSelector().text(\"BANK CENTRAL ASIA\")"}[39m
[35m[HTTP][39m [37m<-- POST /wd/hub/session/57951b43-6360-4bf1-8905-185f6b285327/elements [39m[32m200[39m [90m277 ms - 12[39m
[35m[HTTP][39m [90m[39m
[35m[HTTP][39m [37m-->[39m [37mPOST[39m [37m/wd/hub/session/57951b43-6360-4bf1-8905-185f6b285327/elements[39m
[35m[HTTP][39m [90m{"using":"-android uiautomator","value":"new UiSelector().text(\"BANK CENTRAL ASIA\")"}[39m
[35m[HTTP][39m [37m<-- POST /wd/hub/session/57951b43-6360-4bf1-8905-185f6b285327/elements [39m[32m200[39m [90m224 ms - 12[39m
[35m[HTTP][39m [90m[39m
[35m[HTTP][39m [37m-->[39m [37mPOST[39m [37m/wd/hub/session/57951b43-6360-4bf1-8905-185f6b285327/elements[39m
[35m[HTTP][39m [90m{"using":"-android uiautomator","value":"new UiSelector().text(\"BANK CENTRAL ASIA\")"}[39m
[35m[HTTP][39m [37m<-- POST /wd/hub/session/57951b43-6360-4bf1-8905-185f6b285327/elements [39m[32m200[39m [90m229 ms - 12[39m
[35m[HTTP][39m [90m[39m
[35m[HTTP][39m [37m-->[39m [37mPOST[39m [37m/wd/hub/session/57951b43-6360-4bf1-8905-185f6b285327/elements[39m
[35m[HTTP][39m [90m{"using":"-android uiautomator","value":"new UiSelector().text(\"BANK CENTRAL ASIA\")"}[39m
[35m[HTTP][39m [37m<-- POST /wd/hub/session/57951b43-6360-4bf1-8905-185f6b285327/elements [39m[32m200[39m [90m222 ms - 12[39m
[35m[HTTP][39m [90m[39m
[35m[HTTP][39m [37m-->[39m [37mPOST[39m [37m/wd/hub/session/57951b43-6360-4bf1-8905-185f6b285327/elements[39m
[35m[HTTP][39m [90m{"using":"-android uiautomator","value":"new UiSelector().text(\"BANK CENTRAL ASIA\")"}[39m
[35m[HTTP][39m [37m<-- POST /wd/hub/session/57951b43-6360-4bf1-8905-185f6b285327/elements [39m[32m200[39m [90m226 ms - 12[39m
[35m[HTTP][39m [90m[39m
[35m[HTTP][39m [37m-->[39m [37mPOST[39m [37m/wd/hub/session/57951b43-6360-4bf1-8905-185f6b285327/elements[39m
[35m[HTTP][39m [90m{"using":"-android uiautomator","value":"new UiSelector().text(\"BANK CENTRAL ASIA\")"}[39m
[35m[HTTP][39m [37m<-- POST /wd/hub/session/57951b43-6360-4bf1-8905-185f6b285327/elements [39m[32m200[39m [90m208 ms - 12[39m
[35m[HTTP][39m [90m[39m
[35m[HTTP][39m [37m-->[39m [37mPOST[39m [37m/wd/hub/session/57951b43-6360-4bf1-8905-185f6b285327/elements[39m
[35m[HTTP][39m [90m{"using":"-android uiautomator","value":"new UiSelector().text(\"BANK CENTRAL ASIA\")"}[39m
[35m[HTTP][39m [37m<-- POST /wd/hub/session/57951b43-6360-4bf1-8905-185f6b285327/elements [39m[32m200[39m [90m113 ms - 12[39m
[35m[HTTP][39m [90m[39m
[35m[HTTP][39m [37m-->[39m [37mPOST[39m [37m/wd/hub/session/57951b43-6360-4bf1-8905-185f6b285327/elements[39m
[35m[HTTP][39m [90m{"using":"-android uiautomator","value":"new UiSelector().text(\"BANK CENTRAL ASIA\")"}[39m
[35m[HTTP][39m [37m<-- POST /wd/hub/session/57951b43-6360-4bf1-8905-185f6b285327/elements [39m[32m200[39m [90m133 ms - 12[39m
[35m[HTTP][39m [90m[39m
[35m[HTTP][39m [37m-->[39m [37mPOST[39m [37m/wd/hub/session/57951b43-6360-4bf1-8905-185f6b285327/elements[39m
[35m[HTTP][39m [90m{"using":"-android uiautomator","value":"new UiSelector().text(\"BANK CENTRAL ASIA\")"}[39m
[35m[HTTP][39m [37m<-- POST /wd/hub/session/57951b43-6360-4bf1-8905-185f6b285327/elements [39m[32m200[39m [90m154 ms - 12[39m
[35m[HTTP][39m [90m[39m
[35m[HTTP][39m [37m-->[39m [37mPOST[39m [37m/wd/hub/session/57951b43-6360-4bf1-8905-185f6b285327/elements[39m
[35m[HTTP][39m [90m{"using":"-android uiautomator","value":"new UiSelector().text(\"BANK CENTRAL ASIA\")"}[39m
[35m[HTTP][39m [37m<-- POST /wd/hub/session/57951b43-6360-4bf1-8905-185f6b285327/elements [39m[32m200[39m [90m153 ms - 12[39m
[35m[HTTP][39m [90m[39m
[35m[HTTP][39m [37m-->[39m [37mPOST[39m [37m/wd/hub/session/57951b43-6360-4bf1-8905-185f6b285327/elements[39m
[35m[HTTP][39m [90m{"using":"-android uiautomator","value":"new UiSelector().text(\"BANK CENTRAL ASIA\")"}[39m
[35m[HTTP][39m [37m<-- POST /wd/hub/session/57951b43-6360-4bf1-8905-185f6b285327/elements [39m[32m200[39m [90m177 ms - 12[39m
[35m[HTTP][39m [90m[39m
[35m[HTTP][39m [37m-->[39m [37mPOST[39m [37m/wd/hub/session/57951b43-6360-4bf1-8905-185f6b285327/elements[39m
[35m[HTTP][39m [90m{"using":"-android uiautomator","value":"new UiSelector().text(\"BANK CENTRAL ASIA\")"}[39m
[35m[HTTP][39m [37m<-- POST /wd/hub/session/57951b43-6360-4bf1-8905-185f6b285327/elements [39m[32m200[39m [90m165 ms - 12[39m
[35m[HTTP][39m [90m[39m
[35m[HTTP][39m [37m-->[39m [37mPOST[39m [37m/wd/hub/session/57951b43-6360-4bf1-8905-185f6b285327/elements[39m
[35m[HTTP][39m [90m{"using":"-android uiautomator","value":"new UiSelector().text(\"BANK CENTRAL ASIA\")"}[39m
[35m[HTTP][39m [37m<-- POST /wd/hub/session/57951b43-6360-4bf1-8905-185f6b285327/elements [39m[32m200[39m [90m185 ms - 12[39m
[35m[HTTP][39m [90m[39m
[35m[HTTP][39m [37m-->[39m [37mPOST[39m [37m/wd/hub/session/57951b43-6360-4bf1-8905-185f6b285327/elements[39m
[35m[HTTP][39m [90m{"using":"-android uiautomator","value":"new UiSelector().text(\"BANK CENTRAL ASIA\")"}[39m
[35m[HTTP][39m [37m<-- POST /wd/hub/session/57951b43-6360-4bf1-8905-185f6b285327/elements [39m[32m200[39m [90m199 ms - 12[39m
[35m[HTTP][39m [90m[39m
[35m[HTTP][39m [37m-->[39m [37mPOST[39m [37m/wd/hub/session/57951b43-6360-4bf1-8905-185f6b285327/elements[39m
[35m[HTTP][39m [90m{"using":"-android uiautomator","value":"new UiSelector().text(\"BANK CENTRAL ASIA\")"}[39m
[35m[HTTP][39m [37m<-- POST /wd/hub/session/57951b43-6360-4bf1-8905-185f6b285327/elements [39m[32m200[39m [90m203 ms - 12[39m
[35m[HTTP][39m [90m[39m
[35m[HTTP][39m [37m-->[39m [37mPOST[39m [37m/wd/hub/session/57951b43-6360-4bf1-8905-185f6b285327/elements[39m
[35m[HTTP][39m [90m{"using":"-android uiautomator","value":"new UiSelector().text(\"BANK CENTRAL ASIA\")"}[39m
[35m[HTTP][39m [37m<-- POST /wd/hub/session/57951b43-6360-4bf1-8905-185f6b285327/elements [39m[32m200[39m [90m85 ms - 12[39m
[35m[HTTP][39m [90m[39m
[35m[HTTP][39m [37m-->[39m [37mPOST[39m [37m/wd/hub/session/57951b43-6360-4bf1-8905-185f6b285327/elements[39m
[35m[HTTP][39m [90m{"using":"-android uiautomator","value":"new UiSelector().text(\"BANK CENTRAL ASIA\")"}[39m
[35m[HTTP][39m [37m<-- POST /wd/hub/session/57951b43-6360-4bf1-8905-185f6b285327/elements [39m[32m200[39m [90m90 ms - 12[39m
[35m[HTTP][39m [90m[39m
[35m[HTTP][39m [37m-->[39m [37mPOST[39m [37m/wd/hub/session/57951b43-6360-4bf1-8905-185f6b285327/elements[39m
[35m[HTTP][39m [90m{"using":"-android uiautomator","value":"new UiSelector().text(\"BANK CENTRAL ASIA\")"}[39m
[35m[HTTP][39m [37m<-- POST /wd/hub/session/57951b43-6360-4bf1-8905-185f6b285327/elements [39m[32m200[39m [90m71 ms - 12[39m
[35m[HTTP][39m [90m[39m
[35m[HTTP][39m [37m-->[39m [37mPOST[39m [37m/wd/hub/session/57951b43-6360-4bf1-8905-185f6b285327/elements[39m
[35m[HTTP][39m [90m{"using":"-android uiautomator","value":"new UiSelector().text(\"BANK CENTRAL ASIA\")"}[39m
[35m[HTTP][39m [37m<-- POST /wd/hub/session/57951b43-6360-4bf1-8905-185f6b285327/elements [39m[32m200[39m [90m67 ms - 12[39m
[35m[HTTP][39m [90m[39m
[35m[HTTP][39m [37m-->[39m [37mPOST[39m [37m/wd/hub/session/57951b43-6360-4bf1-8905-185f6b285327/elements[39m
[35m[HTTP][39m [90m{"using":"-android uiautomator","value":"new UiSelector().text(\"BANK CENTRAL ASIA\")"}[39m
[35m[HTTP][39m [37m<-- POST /wd/hub/session/57951b43-6360-4bf1-8905-185f6b285327/elements [39m[32m200[39m [90m74 ms - 12[39m
[35m[HTTP][39m [90m[39m
[35m[HTTP][39m [37m-->[39m [37mPOST[39m [37m/wd/hub/session/57951b43-6360-4bf1-8905-185f6b285327/elements[39m
[35m[HTTP][39m [90m{"using":"-android uiautomator","value":"new UiSelector().text(\"BANK CENTRAL ASIA\")"}[39m
[35m[HTTP][39m [37m<-- POST /wd/hub/session/57951b43-6360-4bf1-8905-185f6b285327/elements [39m[32m200[39m [90m88 ms - 12[39m
[35m[HTTP][39m [90m[39m
[35m[HTTP][39m [37m-->[39m [37mPOST[39m [37m/wd/hub/session/57951b43-6360-4bf1-8905-185f6b285327/elements[39m
[35m[HTTP][39m [90m{"using":"-android uiautomator","value":"new UiSelector().text(\"BANK CENTRAL ASIA\")"}[39m
[35m[HTTP][39m [37m<-- POST /wd/hub/session/57951b43-6360-4bf1-8905-185f6b285327/elements [39m[32m200[39m [90m85 ms - 12[39m
[35m[HTTP][39m [90m[39m
[35m[HTTP][39m [37m-->[39m [37mPOST[39m [37m/wd/hub/session/57951b43-6360-4bf1-8905-185f6b285327/elements[39m
[35m[HTTP][39m [90m{"using":"-android uiautomator","value":"new UiSelector().text(\"BANK CENTRAL ASIA\")"}[39m
[35m[HTTP][39m [37m<-- POST /wd/hub/session/57951b43-6360-4bf1-8905-185f6b285327/elements [39m[32m200[39m [90m85 ms - 12[39m
[35m[HTTP][39m [90m[39m
[35m[HTTP][39m [37m-->[39m [37mPOST[39m [37m/wd/hub/session/57951b43-6360-4bf1-8905-185f6b285327/elements[39m
[35m[HTTP][39m [90m{"using":"-android uiautomator","value":"new UiSelector().text(\"BANK CENTRAL ASIA\")"}[39m
[35m[HTTP][39m [37m<-- POST /wd/hub/session/57951b43-6360-4bf1-8905-185f6b285327/elements [39m[32m200[39m [90m89 ms - 12[39m
[35m[HTTP][39m [90m[39m
[35m[HTTP][39m [37m-->[39m [37mPOST[39m [37m/wd/hub/session/57951b43-6360-4bf1-8905-185f6b285327/elements[39m
[35m[HTTP][39m [90m{"using":"-android uiautomator","value":"new UiSelector().text(\"BANK CENTRAL ASIA\")"}[39m
[35m[HTTP][39m [37m<-- POST /wd/hub/session/57951b43-6360-4bf1-8905-185f6b285327/elements [39m[32m200[39m [90m89 ms - 12[39m
[35m[HTTP][39m [90m[39m
[35m[HTTP][39m [37m-->[39m [37mPOST[39m [37m/wd/hub/session/57951b43-6360-4bf1-8905-185f6b285327/elements[39m
[35m[HTTP][39m [90m{"using":"-android uiautomator","value":"new UiSelector().text(\"BANK CENTRAL ASIA\")"}[39m
[35m[HTTP][39m [37m<-- POST /wd/hub/session/57951b43-6360-4bf1-8905-185f6b285327/elements [39m[32m200[39m [90m91 ms - 12[39m
[35m[HTTP][39m [90m[39m
[35m[HTTP][39m [37m-->[39m [37mPOST[39m [37m/wd/hub/session/57951b43-6360-4bf1-8905-185f6b285327/elements[39m
[35m[HTTP][39m [90m{"using":"-android uiautomator","value":"new UiSelector().text(\"BANK CENTRAL ASIA\")"}[39m
[35m[HTTP][39m [37m<-- POST /wd/hub/session/57951b43-6360-4bf1-8905-185f6b285327/elements [39m[32m200[39m [90m140 ms - 12[39m
[35m[HTTP][39m [90m[39m
[35m[HTTP][39m [37m-->[39m [37mPOST[39m [37m/wd/hub/session/57951b43-6360-4bf1-8905-185f6b285327/elements[39m
[35m[HTTP][39m [90m{"using":"-android uiautomator","value":"new UiSelector().text(\"BANK CENTRAL ASIA\")"}[39m
[35m[HTTP][39m [37m<-- POST /wd/hub/session/57951b43-6360-4bf1-8905-185f6b285327/elements [39m[32m200[39m [90m173 ms - 12[39m
[35m[HTTP][39m [90m[39m
[35m[HTTP][39m [37m-->[39m [37mPOST[39m [37m/wd/hub/session/57951b43-6360-4bf1-8905-185f6b285327/elements[39m
[35m[HTTP][39m [90m{"using":"-android uiautomator","value":"new UiSelector().text(\"BANK CENTRAL ASIA\")"}[39m
[35m[HTTP][39m [37m<-- POST /wd/hub/session/57951b43-6360-4bf1-8905-185f6b285327/elements [39m[32m200[39m [90m172 ms - 12[39m
[35m[HTTP][39m [90m[39m
[35m[HTTP][39m [37m-->[39m [37mPOST[39m [37m/wd/hub/session/57951b43-6360-4bf1-8905-185f6b285327/elements[39m
[35m[HTTP][39m [90m{"using":"-android uiautomator","value":"new UiSelector().text(\"BANK CENTRAL ASIA\")"}[39m
[35m[HTTP][39m [37m<-- POST /wd/hub/session/57951b43-6360-4bf1-8905-185f6b285327/elements [39m[32m200[39m [90m183 ms - 12[39m
[35m[HTTP][39m [90m[39m
[35m[HTTP][39m [37m-->[39m [37mPOST[39m [37m/wd/hub/session/57951b43-6360-4bf1-8905-185f6b285327/elements[39m
[35m[HTTP][39m [90m{"using":"-android uiautomator","value":"new UiSelector().text(\"BANK CENTRAL ASIA\")"}[39m
[35m[HTTP][39m [37m<-- POST /wd/hub/session/57951b43-6360-4bf1-8905-185f6b285327/elements [39m[32m200[39m [90m198 ms - 12[39m
[35m[HTTP][39m [90m[39m
[35m[HTTP][39m [37m-->[39m [37mPOST[39m [37m/wd/hub/session/57951b43-6360-4bf1-8905-185f6b285327/elements[39m
[35m[HTTP][39m [90m{"using":"-android uiautomator","value":"new UiSelector().text(\"BANK CENTRAL ASIA\")"}[39m
[35m[HTTP][39m [37m<-- POST /wd/hub/session/57951b43-6360-4bf1-8905-185f6b285327/elements [39m[32m200[39m [90m215 ms - 12[39m
[35m[HTTP][39m [90m[39m
[35m[HTTP][39m [37m-->[39m [37mPOST[39m [37m/wd/hub/session/57951b43-6360-4bf1-8905-185f6b285327/elements[39m
[35m[HTTP][39m [90m{"using":"-android uiautomator","value":"new UiSelector().text(\"BANK CENTRAL ASIA\")"}[39m
[35m[HTTP][39m [37m<-- POST /wd/hub/session/57951b43-6360-4bf1-8905-185f6b285327/elements [39m[32m200[39m [90m200 ms - 12[39m
[35m[HTTP][39m [90m[39m
[35m[HTTP][39m [37m-->[39m [37mPOST[39m [37m/wd/hub/session/57951b43-6360-4bf1-8905-185f6b285327/elements[39m
[35m[HTTP][39m [90m{"using":"-android uiautomator","value":"new UiSelector().text(\"BANK CENTRAL ASIA\")"}[39m
[35m[HTTP][39m [37m<-- POST /wd/hub/session/57951b43-6360-4bf1-8905-185f6b285327/elements [39m[32m200[39m [90m208 ms - 12[39m
[35m[HTTP][39m [90m[39m
[35m[HTTP][39m [37m-->[39m [37mPOST[39m [37m/wd/hub/session/57951b43-6360-4bf1-8905-185f6b285327/elements[39m
[35m[HTTP][39m [90m{"using":"-android uiautomator","value":"new UiSelector().text(\"BANK CENTRAL ASIA\")"}[39m
[35m[HTTP][39m [37m<-- POST /wd/hub/session/57951b43-6360-4bf1-8905-185f6b285327/elements [39m[32m200[39m [90m220 ms - 12[39m
[35m[HTTP][39m [90m[39m
[35m[HTTP][39m [37m-->[39m [37mPOST[39m [37m/wd/hub/session/57951b43-6360-4bf1-8905-185f6b285327/elements[39m
[35m[HTTP][39m [90m{"using":"-android uiautomator","value":"new UiSelector().text(\"BANK CENTRAL ASIA\")"}[39m
[35m[HTTP][39m [37m<-- POST /wd/hub/session/57951b43-6360-4bf1-8905-185f6b285327/elements [39m[32m200[39m [90m209 ms - 12[39m
[35m[HTTP][39m [90m[39m
[35m[HTTP][39m [37m-->[39m [37mPOST[39m [37m/wd/hub/session/57951b43-6360-4bf1-8905-185f6b285327/elements[39m
[35m[HTTP][39m [90m{"using":"-android uiautomator","value":"new UiSelector().text(\"BANK CENTRAL ASIA\")"}[39m
[35m[HTTP][39m [37m<-- POST /wd/hub/session/57951b43-6360-4bf1-8905-185f6b285327/elements [39m[32m200[39m [90m229 ms - 12[39m
[35m[HTTP][39m [90m[39m
[35m[HTTP][39m [37m-->[39m [37mPOST[39m [37m/wd/hub/session/57951b43-6360-4bf1-8905-185f6b285327/elements[39m
[35m[HTTP][39m [90m{"using":"-android uiautomator","value":"new UiSelector().text(\"BANK CENTRAL ASIA\")"}[39m
[35m[HTTP][39m [37m<-- POST /wd/hub/session/57951b43-6360-4bf1-8905-185f6b285327/elements [39m[32m200[39m [90m210 ms - 12[39m
[35m[HTTP][39m [90m[39m
[35m[HTTP][39m [37m-->[39m [37mPOST[39m [37m/wd/hub/session/57951b43-6360-4bf1-8905-185f6b285327/elements[39m
[35m[HTTP][39m [90m{"using":"-android uiautomator","value":"new UiSelector().text(\"BANK CENTRAL ASIA\")"}[39m
[35m[HTTP][39m [37m<-- POST /wd/hub/session/57951b43-6360-4bf1-8905-185f6b285327/elements [39m[32m200[39m [90m190 ms - 12[39m
[35m[HTTP][39m [90m[39m
[35m[HTTP][39m [37m-->[39m [37mPOST[39m [37m/wd/hub/session/57951b43-6360-4bf1-8905-185f6b285327/elements[39m
[35m[HTTP][39m [90m{"using":"-android uiautomator","value":"new UiSelector().text(\"BANK CENTRAL ASIA\")"}[39m
[35m[HTTP][39m [37m<-- POST /wd/hub/session/57951b43-6360-4bf1-8905-185f6b285327/elements [39m[32m200[39m [90m228 ms - 12[39m
[35m[HTTP][39m [90m[39m
[35m[HTTP][39m [37m-->[39m [37mPOST[39m [37m/wd/hub/session/57951b43-6360-4bf1-8905-185f6b285327/elements[39m
[35m[HTTP][39m [90m{"using":"-android uiautomator","value":"new UiSelector().text(\"BANK CENTRAL ASIA\")"}[39m
[35m[HTTP][39m [37m<-- POST /wd/hub/session/57951b43-6360-4bf1-8905-185f6b285327/elements [39m[32m200[39m [90m255 ms - 12[39m
[35m[HTTP][39m [90m[39m
[35m[HTTP][39m [37m-->[39m [37mPOST[39m [37m/wd/hub/session/57951b43-6360-4bf1-8905-185f6b285327/elements[39m
[35m[HTTP][39m [90m{"using":"-android uiautomator","value":"new UiSelector().text(\"BANK CENTRAL ASIA\")"}[39m
[35m[HTTP][39m [37m<-- POST /wd/hub/session/57951b43-6360-4bf1-8905-185f6b285327/elements [39m[32m200[39m [90m214 ms - 12[39m
[35m[HTTP][39m [90m[39m
[35m[HTTP][39m [37m-->[39m [37mPOST[39m [37m/wd/hub/session/57951b43-6360-4bf1-8905-185f6b285327/elements[39m
[35m[HTTP][39m [90m{"using":"-android uiautomator","value":"new UiSelector().text(\"BANK CENTRAL ASIA\")"}[39m
[35m[HTTP][39m [37m<-- POST /wd/hub/session/57951b43-6360-4bf1-8905-185f6b285327/elements [39m[32m200[39m [90m112 ms - 12[39m
[35m[HTTP][39m [90m[39m
[35m[HTTP][39m [37m-->[39m [37mPOST[39m [37m/wd/hub/session/57951b43-6360-4bf1-8905-185f6b285327/elements[39m
[35m[HTTP][39m [90m{"using":"-android uiautomator","value":"new UiSelector().text(\"BANK CENTRAL ASIA\")"}[39m
[35m[HTTP][39m [37m<-- POST /wd/hub/session/57951b43-6360-4bf1-8905-185f6b285327/elements [39m[32m200[39m [90m138 ms - 12[39m
[35m[HTTP][39m [90m[39m
[35m[HTTP][39m [37m-->[39m [37mPOST[39m [37m/wd/hub/session/57951b43-6360-4bf1-8905-185f6b285327/elements[39m
[35m[HTTP][39m [90m{"using":"-android uiautomator","value":"new UiSelector().text(\"BANK CENTRAL ASIA\")"}[39m
[35m[HTTP][39m [37m<-- POST /wd/hub/session/57951b43-6360-4bf1-8905-185f6b285327/elements [39m[32m200[39m [90m136 ms - 12[39m
[35m[HTTP][39m [90m[39m
[35m[HTTP][39m [37m-->[39m [37mPOST[39m [37m/wd/hub/session/57951b43-6360-4bf1-8905-185f6b285327/elements[39m
[35m[HTTP][39m [90m{"using":"-android uiautomator","value":"new UiSelector().text(\"BANK CENTRAL ASIA\")"}[39m
[35m[HTTP][39m [37m<-- POST /wd/hub/session/57951b43-6360-4bf1-8905-185f6b285327/elements [39m[32m200[39m [90m182 ms - 12[39m
[35m[HTTP][39m [90m[39m
[35m[HTTP][39m [37m-->[39m [37mPOST[39m [37m/wd/hub/session/57951b43-6360-4bf1-8905-185f6b285327/elements[39m
[35m[HTTP][39m [90m{"using":"-android uiautomator","value":"new UiSelector().text(\"BANK CENTRAL ASIA\")"}[39m
[35m[HTTP][39m [37m<-- POST /wd/hub/session/57951b43-6360-4bf1-8905-185f6b285327/elements [39m[32m200[39m [90m152 ms - 12[39m
[35m[HTTP][39m [90m[39m
[35m[HTTP][39m [37m-->[39m [37mPOST[39m [37m/wd/hub/session/57951b43-6360-4bf1-8905-185f6b285327/elements[39m
[35m[HTTP][39m [90m{"using":"-android uiautomator","value":"new UiSelector().text(\"BANK CENTRAL ASIA\")"}[39m
[35m[HTTP][39m [37m<-- POST /wd/hub/session/57951b43-6360-4bf1-8905-185f6b285327/elements [39m[32m200[39m [90m186 ms - 12[39m
[35m[HTTP][39m [90m[39m
[35m[HTTP][39m [37m-->[39m [37mPOST[39m [37m/wd/hub/session/57951b43-6360-4bf1-8905-185f6b285327/elements[39m
[35m[HTTP][39m [90m{"using":"-android uiautomator","value":"new UiSelector().text(\"BANK CENTRAL ASIA\")"}[39m
[35m[HTTP][39m [37m<-- POST /wd/hub/session/57951b43-6360-4bf1-8905-185f6b285327/elements [39m[32m200[39m [90m200 ms - 12[39m
[35m[HTTP][39m [90m[39m
[35m[HTTP][39m [37m-->[39m [37mPOST[39m [37m/wd/hub/session/57951b43-6360-4bf1-8905-185f6b285327/elements[39m
[35m[HTTP][39m [90m{"using":"-android uiautomator","value":"new UiSelector().text(\"BANK CENTRAL ASIA\")"}[39m
[35m[HTTP][39m [37m<-- POST /wd/hub/session/57951b43-6360-4bf1-8905-185f6b285327/elements [39m[32m200[39m [90m210 ms - 12[39m
[35m[HTTP][39m [90m[39m
[35m[HTTP][39m [37m-->[39m [37mPOST[39m [37m/wd/hub/session/57951b43-6360-4bf1-8905-185f6b285327/elements[39m
[35m[HTTP][39m [90m{"using":"-android uiautomator","value":"new UiSelector().text(\"BANK CENTRAL ASIA\")"}[39m
[35m[HTTP][39m [37m<-- POST /wd/hub/session/57951b43-6360-4bf1-8905-185f6b285327/elements [39m[32m200[39m [90m199 ms - 12[39m
[35m[HTTP][39m [90m[39m
[35m[HTTP][39m [37m-->[39m [37mPOST[39m [37m/wd/hub/session/57951b43-6360-4bf1-8905-185f6b285327/elements[39m
[35m[HTTP][39m [90m{"using":"-android uiautomator","value":"new UiSelector().text(\"BANK CENTRAL ASIA\")"}[39m
[35m[HTTP][39m [37m<-- POST /wd/hub/session/57951b43-6360-4bf1-8905-185f6b285327/elements [39m[32m200[39m [90m207 ms - 12[39m
[35m[HTTP][39m [90m[39m
[35m[HTTP][39m [37m-->[39m [37mPOST[39m [37m/wd/hub/session/57951b43-6360-4bf1-8905-185f6b285327/elements[39m
[35m[HTTP][39m [90m{"using":"-android uiautomator","value":"new UiSelector().text(\"BANK CENTRAL ASIA\")"}[39m
[35m[HTTP][39m [37m<-- POST /wd/hub/session/57951b43-6360-4bf1-8905-185f6b285327/elements [39m[32m200[39m [90m230 ms - 12[39m
[35m[HTTP][39m [90m[39m
[35m[HTTP][39m [37m-->[39m [37mPOST[39m [37m/wd/hub/session/57951b43-6360-4bf1-8905-185f6b285327/elements[39m
[35m[HTTP][39m [90m{"using":"-android uiautomator","value":"new UiSelector().text(\"BANK CENTRAL ASIA\")"}[39m
[35m[HTTP][39m [37m<-- POST /wd/hub/session/57951b43-6360-4bf1-8905-185f6b285327/elements [39m[32m200[39m [90m227 ms - 12[39m
[35m[HTTP][39m [90m[39m
[35m[HTTP][39m [37m-->[39m [37mPOST[39m [37m/wd/hub/session/57951b43-6360-4bf1-8905-185f6b285327/elements[39m
[35m[HTTP][39m [90m{"using":"-android uiautomator","value":"new UiSelector().text(\"BANK CENTRAL ASIA\")"}[39m
[35m[HTTP][39m [37m<-- POST /wd/hub/session/57951b43-6360-4bf1-8905-185f6b285327/elements [39m[32m200[39m [90m233 ms - 12[39m
[35m[HTTP][39m [90m[39m
[35m[HTTP][39m [37m-->[39m [37mPOST[39m [37m/wd/hub/session/57951b43-6360-4bf1-8905-185f6b285327/elements[39m
[35m[HTTP][39m [90m{"using":"-android uiautomator","value":"new UiSelector().text(\"BANK CENTRAL ASIA\")"}[39m
[35m[HTTP][39m [37m<-- POST /wd/hub/session/57951b43-6360-4bf1-8905-185f6b285327/elements [39m[32m200[39m [90m233 ms - 12[39m
[35m[HTTP][39m [90m[39m
[35m[HTTP][39m [37m-->[39m [37mPOST[39m [37m/wd/hub/session/57951b43-6360-4bf1-8905-185f6b285327/elements[39m
[35m[HTTP][39m [90m{"using":"-android uiautomator","value":"new UiSelector().text(\"BANK CENTRAL ASIA\")"}[39m
[35m[HTTP][39m [37m<-- POST /wd/hub/session/57951b43-6360-4bf1-8905-185f6b285327/elements [39m[32m200[39m [90m243 ms - 12[39m
[35m[HTTP][39m [90m[39m
[35m[HTTP][39m [37m-->[39m [37mPOST[39m [37m/wd/hub/session/57951b43-6360-4bf1-8905-185f6b285327/elements[39m
[35m[HTTP][39m [90m{"using":"-android uiautomator","value":"new UiSelector().text(\"BANK CENTRAL ASIA\")"}[39m
[35m[HTTP][39m [37m<-- POST /wd/hub/session/57951b43-6360-4bf1-8905-185f6b285327/elements [39m[32m200[39m [90m226 ms - 12[39m
[35m[HTTP][39m [90m[39m
[35m[HTTP][39m [37m-->[39m [37mPOST[39m [37m/wd/hub/session/57951b43-6360-4bf1-8905-185f6b285327/elements[39m
[35m[HTTP][39m [90m{"using":"-android uiautomator","value":"new UiSelector().text(\"BANK CENTRAL ASIA\")"}[39m
[35m[HTTP][39m [37m<-- POST /wd/hub/session/57951b43-6360-4bf1-8905-185f6b285327/elements [39m[32m200[39m [90m136 ms - 12[39m
[35m[HTTP][39m [90m[39m
[35m[HTTP][39m [37m-->[39m [37mPOST[39m [37m/wd/hub/session/57951b43-6360-4bf1-8905-185f6b285327/elements[39m
[35m[HTTP][39m [90m{"using":"-android uiautomator","value":"new UiSelector().text(\"BANK CENTRAL ASIA\")"}[39m
[35m[HTTP][39m [37m<-- POST /wd/hub/session/57951b43-6360-4bf1-8905-185f6b285327/elements [39m[32m200[39m [90m140 ms - 12[39m
[35m[HTTP][39m [90m[39m
[35m[HTTP][39m [37m-->[39m [37mPOST[39m [37m/wd/hub/session/57951b43-6360-4bf1-8905-185f6b285327/elements[39m
[35m[HTTP][39m [90m{"using":"-android uiautomator","value":"new UiSelector().text(\"BANK CENTRAL ASIA\")"}[39m
[35m[HTTP][39m [37m<-- POST /wd/hub/session/57951b43-6360-4bf1-8905-185f6b285327/elements [39m[32m200[39m [90m165 ms - 12[39m
[35m[HTTP][39m [90m[39m
[35m[HTTP][39m [37m-->[39m [37mPOST[39m [37m/wd/hub/session/57951b43-6360-4bf1-8905-185f6b285327/elements[39m
[35m[HTTP][39m [90m{"using":"-android uiautomator","value":"new UiSelector().text(\"BANK CENTRAL ASIA\")"}[39m
[35m[HTTP][39m [37m<-- POST /wd/hub/session/57951b43-6360-4bf1-8905-185f6b285327/elements [39m[32m200[39m [90m191 ms - 12[39m
[35m[HTTP][39m [90m[39m
[35m[HTTP][39m [37m-->[39m [37mPOST[39m [37m/wd/hub/session/57951b43-6360-4bf1-8905-185f6b285327/elements[39m
[35m[HTTP][39m [90m{"using":"-android uiautomator","value":"new UiSelector().text(\"BANK CENTRAL ASIA\")"}[39m
[35m[HTTP][39m [37m<-- POST /wd/hub/session/57951b43-6360-4bf1-8905-185f6b285327/elements [39m[32m200[39m [90m211 ms - 12[39m
[35m[HTTP][39m [90m[39m
[35m[HTTP][39m [37m-->[39m [37mPOST[39m [37m/wd/hub/session/57951b43-6360-4bf1-8905-185f6b285327/elements[39m
[35m[HTTP][39m [90m{"using":"-android uiautomator","value":"new UiSelector().text(\"BANK CENTRAL ASIA\")"}[39m
[35m[HTTP][39m [37m<-- POST /wd/hub/session/57951b43-6360-4bf1-8905-185f6b285327/elements [39m[32m200[39m [90m193 ms - 12[39m
[35m[HTTP][39m [90m[39m
[35m[HTTP][39m [37m-->[39m [37mPOST[39m [37m/wd/hub/session/57951b43-6360-4bf1-8905-185f6b285327/elements[39m
[35m[HTTP][39m [90m{"using":"-android uiautomator","value":"new UiSelector().text(\"BANK CENTRAL ASIA\")"}[39m
[35m[HTTP][39m [37m<-- POST /wd/hub/session/57951b43-6360-4bf1-8905-185f6b285327/elements [39m[32m200[39m [90m203 ms - 12[39m
[35m[HTTP][39m [90m[39m
[35m[HTTP][39m [37m-->[39m [37mPOST[39m [37m/wd/hub/session/57951b43-6360-4bf1-8905-185f6b285327/elements[39m
[35m[HTTP][39m [90m{"using":"-android uiautomator","value":"new UiSelector().text(\"BANK CENTRAL ASIA\")"}[39m
[35m[HTTP][39m [37m<-- POST /wd/hub/session/57951b43-6360-4bf1-8905-185f6b285327/elements [39m[32m200[39m [90m198 ms - 12[39m
[35m[HTTP][39m [90m[39m
[35m[HTTP][39m [37m-->[39m [37mPOST[39m [37m/wd/hub/session/57951b43-6360-4bf1-8905-185f6b285327/elements[39m
[35m[HTTP][39m [90m{"using":"-android uiautomator","value":"new UiSelector().text(\"BANK CENTRAL ASIA\")"}[39m
[35m[HTTP][39m [37m<-- POST /wd/hub/session/57951b43-6360-4bf1-8905-185f6b285327/elements [39m[32m200[39m [90m236 ms - 12[39m
[35m[HTTP][39m [90m[39m
[35m[HTTP][39m [37m-->[39m [37mPOST[39m [37m/wd/hub/session/57951b43-6360-4bf1-8905-185f6b285327/elements[39m
[35m[HTTP][39m [90m{"using":"-android uiautomator","value":"new UiSelector().text(\"BANK CENTRAL ASIA\")"}[39m
[35m[HTTP][39m [37m<-- POST /wd/hub/session/57951b43-6360-4bf1-8905-185f6b285327/elements [39m[32m200[39m [90m210 ms - 12[39m
[35m[HTTP][39m [90m[39m
[35m[HTTP][39m [37m-->[39m [37mPOST[39m [37m/wd/hub/session/57951b43-6360-4bf1-8905-185f6b285327/elements[39m
[35m[HTTP][39m [90m{"using":"-android uiautomator","value":"new UiSelector().text(\"BANK CENTRAL ASIA\")"}[39m
[35m[HTTP][39m [37m<-- POST /wd/hub/session/57951b43-6360-4bf1-8905-185f6b285327/elements [39m[32m200[39m [90m182 ms - 12[39m
[35m[HTTP][39m [90m[39m
[35m[HTTP][39m [37m-->[39m [37mPOST[39m [37m/wd/hub/session/57951b43-6360-4bf1-8905-185f6b285327/elements[39m
[35m[HTTP][39m [90m{"using":"-android uiautomator","value":"new UiSelector().text(\"BANK CENTRAL ASIA\")"}[39m
[35m[HTTP][39m [37m<-- POST /wd/hub/session/57951b43-6360-4bf1-8905-185f6b285327/elements [39m[32m200[39m [90m192 ms - 12[39m
[35m[HTTP][39m [90m[39m
[35m[HTTP][39m [37m-->[39m [37mPOST[39m [37m/wd/hub/session/57951b43-6360-4bf1-8905-185f6b285327/elements[39m
[35m[HTTP][39m [90m{"using":"-android uiautomator","value":"new UiSelector().text(\"BANK CENTRAL ASIA\")"}[39m
[35m[HTTP][39m [37m<-- POST /wd/hub/session/57951b43-6360-4bf1-8905-185f6b285327/elements [39m[32m200[39m [90m211 ms - 12[39m
[35m[HTTP][39m [90m[39m
[35m[HTTP][39m [37m-->[39m [37mPOST[39m [37m/wd/hub/session/57951b43-6360-4bf1-8905-185f6b285327/elements[39m
[35m[HTTP][39m [90m{"using":"-android uiautomator","value":"new UiSelector().text(\"BANK CENTRAL ASIA\")"}[39m
[35m[HTTP][39m [37m<-- POST /wd/hub/session/57951b43-6360-4bf1-8905-185f6b285327/elements [39m[32m200[39m [90m117 ms - 12[39m
[35m[HTTP][39m [90m[39m
[35m[HTTP][39m [37m-->[39m [37mPOST[39m [37m/wd/hub/session/57951b43-6360-4bf1-8905-185f6b285327/elements[39m
[35m[HTTP][39m [90m{"using":"-android uiautomator","value":"new UiSelector().text(\"BANK CENTRAL ASIA\")"}[39m
[35m[HTTP][39m [37m<-- POST /wd/hub/session/57951b43-6360-4bf1-8905-185f6b285327/elements [39m[32m200[39m [90m122 ms - 12[39m
[35m[HTTP][39m [90m[39m
[35m[HTTP][39m [37m-->[39m [37mPOST[39m [37m/wd/hub/session/57951b43-6360-4bf1-8905-185f6b285327/elements[39m
[35m[HTTP][39m [90m{"using":"-android uiautomator","value":"new UiSelector().text(\"BANK CENTRAL ASIA\")"}[39m
[35m[HTTP][39m [37m<-- POST /wd/hub/session/57951b43-6360-4bf1-8905-185f6b285327/elements [39m[32m200[39m [90m119 ms - 12[39m
[35m[HTTP][39m [90m[39m
[35m[HTTP][39m [37m-->[39m [37mPOST[39m [37m/wd/hub/session/57951b43-6360-4bf1-8905-185f6b285327/elements[39m
[35m[HTTP][39m [90m{"using":"-android uiautomator","value":"new UiSelector().text(\"BANK CENTRAL ASIA\")"}[39m
[35m[HTTP][39m [37m<-- POST /wd/hub/session/57951b43-6360-4bf1-8905-185f6b285327/elements [39m[32m200[39m [90m144 ms - 12[39m
[35m[HTTP][39m [90m[39m
[35m[HTTP][39m [37m-->[39m [37mPOST[39m [37m/wd/hub/session/57951b43-6360-4bf1-8905-185f6b285327/elements[39m
[35m[HTTP][39m [90m{"using":"-android uiautomator","value":"new UiSelector().text(\"BANK CENTRAL ASIA\")"}[39m
[35m[HTTP][39m [37m<-- POST /wd/hub/session/57951b43-6360-4bf1-8905-185f6b285327/elements [39m[32m200[39m [90m173 ms - 12[39m
[35m[HTTP][39m [90m[39m
[35m[HTTP][39m [37m-->[39m [37mPOST[39m [37m/wd/hub/session/57951b43-6360-4bf1-8905-185f6b285327/elements[39m
[35m[HTTP][39m [90m{"using":"-android uiautomator","value":"new UiSelector().text(\"BANK CENTRAL ASIA\")"}[39m
[35m[HTTP][39m [37m<-- POST /wd/hub/session/57951b43-6360-4bf1-8905-185f6b285327/elements [39m[32m200[39m [90m156 ms - 12[39m
[35m[HTTP][39m [90m[39m
[35m[HTTP][39m [37m-->[39m [37mPOST[39m [37m/wd/hub/session/57951b43-6360-4bf1-8905-185f6b285327/elements[39m
[35m[HTTP][39m [90m{"using":"-android uiautomator","value":"new UiSelector().text(\"BANK CENTRAL ASIA\")"}[39m
[35m[HTTP][39m [37m<-- POST /wd/hub/session/57951b43-6360-4bf1-8905-185f6b285327/elements [39m[32m200[39m [90m190 ms - 12[39m
[35m[HTTP][39m [90m[39m
[35m[HTTP][39m [37m-->[39m [37mPOST[39m [37m/wd/hub/session/57951b43-6360-4bf1-8905-185f6b285327/elements[39m
[35m[HTTP][39m [90m{"using":"-android uiautomator","value":"new UiSelector().text(\"BANK CENTRAL ASIA\")"}[39m
[35m[HTTP][39m [37m<-- POST /wd/hub/session/57951b43-6360-4bf1-8905-185f6b285327/elements [39m[32m200[39m [90m208 ms - 12[39m
[35m[HTTP][39m [90m[39m
[35m[HTTP][39m [37m-->[39m [37mPOST[39m [37m/wd/hub/session/57951b43-6360-4bf1-8905-185f6b285327/elements[39m
[35m[HTTP][39m [90m{"using":"-android uiautomator","value":"new UiSelector().text(\"BANK CENTRAL ASIA\")"}[39m
[35m[HTTP][39m [37m<-- POST /wd/hub/session/57951b43-6360-4bf1-8905-185f6b285327/elements [39m[32m-[39m [90m- ms - -[39m
[35m[HTTP][39m [90m[39m
[35m[BaseDriver][39m Shutting down because we waited 1800 seconds for a command
[35m[Appium][39m Closing session, cause was 'New Command Timeout of 1800 seconds expired. Try customizing the timeout using the 'newCommandTimeout' desired capability'
[35m[Appium][39m Removing session 57951b43-6360-4bf1-8905-185f6b285327 from our master session list
[35m[UiAutomator2][39m Restoring hidden api policy to the device default configuration
