[35m[Appium][39m Welcome to Appium v1.8.1
[35m[Appium][39m Non-default server args:
[35m[Appium][39m   port: 54469
[35m[Appium][39m   loglevel: info
[35m[Appium][39m   chromeDriverPort: 54470
[35m[Appium][39m   tmpDir: C:\Users\Intan\AppData\Local\Temp\\Katalon\Appium\Temp1568609313210
[35m[Appium][39m Appium REST http interface listener started on 0.0.0.0:54469
[35m[HTTP][39m [37m-->[39m [37mGET[39m [37m/wd/hub/status[39m
[35m[HTTP][39m [90m{}[39m
[35m[HTTP][39m [37m<-- GET /wd/hub/status [39m[32m200[39m [90m25 ms - 83[39m
[35m[HTTP][39m [90m[39m
[35m[HTTP][39m [37m-->[39m [37mPOST[39m [37m/wd/hub/session[39m
[35m[HTTP][39m [90m{"desiredCapabilities":{"app":"C:\\Users\\Intan\\Downloads\\accbid.apk","autoGrantPermissions":true,"automationName":"uiautomator2","deviceName":"emulator-5554 (Android SDK built for x86 - Android 9)","fullReset":false,"newCommandTimeout":1800,"noReset":true,"platform":"ANDROID","platformName":"Android","udid":"emulator-5554"},"capabilities":{"desiredCapabilities":{"app":"C:\\Users\\Intan\\Downloads\\accbid.apk","autoGrantPermissions":true,"automationName":"uiautomator2","deviceName":"emulator-5554 (Android SDK built for x86 - Android 9)","fullReset":false,"newCommandTimeout":1800,"noReset":true,"platform":"ANDROID","platformName":"Android","udid":"emulator-5554"},"firstMatch":[{"platformName":"android"}]}}[39m
[35m[Appium][39m Could not parse W3C capabilities: 'deviceName' can't be blank. Falling back to JSONWP protocol.
[35m[Appium][39m The following capabilities were provided in the JSONWP desired capabilities that are missing in W3C capabilities: ["app","autoGrantPermissions","automationName","deviceName","fullReset","newCommandTimeout","noReset","platform","platformName","udid"]. Falling back to JSONWP protocol.
[35m[Appium][39m Creating new AndroidUiautomator2Driver (v1.12.0) session
[35m[Appium][39m Capabilities:
[35m[Appium][39m   app: C:\Users\Intan\Downloads\accbid.apk
[35m[Appium][39m   autoGrantPermissions: true
[35m[Appium][39m   automationName: uiautomator2
[35m[Appium][39m   deviceName: emulator-5554 (Android SDK built for x86 - Android 9)
[35m[Appium][39m   fullReset: false
[35m[Appium][39m   newCommandTimeout: 1800
[35m[Appium][39m   noReset: true
[35m[Appium][39m   platform: ANDROID
[35m[Appium][39m   platformName: Android
[35m[Appium][39m   udid: emulator-5554
[35m[BaseDriver][39m The following capabilities were provided, but are not recognized by appium: platform.
[35m[BaseDriver][39m Session created with session id: f196c51f-ae81-407d-99f0-494d026e6fc0
[35m[BaseDriver][39m Using local app 'C:\Users\Intan\Downloads\accbid.apk'
[35m[AndroidDriver][39m Java version is: 1.8.0_181
[35m[ADB][39m Checking whether adb is present
[35m[ADB][39m Found 1 'build-tools' folders under 'C:\Users\Intan\.katalon\tools\android_sdk' (newest first):
[35m[ADB][39m     C:/Users/Intan/.katalon/tools/android_sdk/build-tools/29.0.2
[35m[ADB][39m Using adb.exe from C:\Users\Intan\.katalon\tools\android_sdk\platform-tools\adb.exe
[35m[AndroidDriver][39m Retrieving device list
[35m[AndroidDriver][39m Using device: emulator-5554
[35m[ADB][39m Using the alternative activity name detection method because of: Could not find apkanalyzer.bat in C:\Users\Intan\.katalon\tools\android_sdk\platform-tools\apkanalyzer.bat,C:\Users\Intan\.katalon\tools\android_sdk\emulator\apkanalyzer.bat,C:\Users\Intan\.katalon\tools\android_sdk\tools\apkanalyzer.bat,C:\Users\Intan\.katalon\tools\android_sdk\tools\bin\apkanalyzer.bat,C:\Users\Intan\.katalon\tools\android_sdk\build-tools\29.0.2\apkanalyzer.bat. Do you have the Android SDK installed at 'C:\Users\Intan\.katalon\tools\android_sdk'?
[35m[ADB][39m Checking whether aapt is present
[35m[ADB][39m Using aapt.exe from C:\Users\Intan\.katalon\tools\android_sdk\build-tools\29.0.2\aapt.exe
[35m[ADB][39m Extracting package and launch activity from manifest
[35m[ADB][39m Package name: 'com.outsystemsenterprise.acctst1.BidMart'
[35m[ADB][39m Main activity name: 'com.outsystemsenterprise.acctst1.BidMart.MainActivity'
[35m[ADB][39m Getting device platform version
[35m[ADB][39m Using apksigner.bat from C:\Users\Intan\.katalon\tools\android_sdk\build-tools\29.0.2\apksigner.bat
[35m[ADB][39m Checking whether zipalign is present
[35m[ADB][39m Using zipalign.exe from C:\Users\Intan\.katalon\tools\android_sdk\build-tools\29.0.2\zipalign.exe
[35m[ADB][39m io.appium.uiautomator2.server was successfully uninstalled
[35m[ADB][39m io.appium.uiautomator2.server.test was successfully uninstalled
[35m[AndroidDriver][39m setDeviceLanguageCountry requires language or country.
[35m[AndroidDriver][39m Got language: 'null' and country: 'null'
[35m[ADB][39m Successfully extracted 23 strings from 'C:\Users\Intan\Downloads\accbid.apk' resources for '(default)' configuration
[35m[UiAutomator2][39m Starting uiautomator2 server 1.12.0
[35m[UiAutomator2][39m Using UIAutomator2 server from 'C:\Users\Intan\AppData\Roaming\npm\node_modules\appium\node_modules\appium-uiautomator2-server\apks\appium-uiautomator2-server-v1.12.0.apk' and test from 'C:\Users\Intan\AppData\Roaming\npm\node_modules\appium\node_modules\appium-uiautomator2-server\apks\appium-uiautomator2-server-debug-androidTest.apk'
[35m[UiAutomator2][39m Running command: 'adb -s emulator-5554 shell am instrument -w io.appium.uiautomator2.server.test/android.support.test.runner.AndroidJUnitRunner'
[35m[UiAutomator2][39m Waiting up to 20000ms for UiAutomator2 to be online...
[35m[AndroidDriver][39m Screen already unlocked, doing nothing
[35m[UiAutomator2][39m UiAutomator2 did not start the activity we were waiting for, 'com.outsystemsenterprise.acctst1.BidMart/com.outsystemsenterprise.acctst1.BidMart.MainActivity'. Starting it ourselves
[35m[Appium][39m New AndroidUiautomator2Driver session created successfully, session f196c51f-ae81-407d-99f0-494d026e6fc0 added to master session list
[35m[HTTP][39m [37m<-- POST /wd/hub/session [39m[32m200[39m [90m30547 ms - 1184[39m
[35m[HTTP][39m [90m[39m
[35m[HTTP][39m [37m-->[39m [37mGET[39m [37m/wd/hub/status[39m
[35m[HTTP][39m [90m{}[39m
[35m[HTTP][39m [37m<-- GET /wd/hub/status [39m[32m200[39m [90m8 ms - 55[39m
[35m[HTTP][39m [90m[39m
[35m[HTTP][39m [37m-->[39m [37mPOST[39m [37m/wd/hub/session/f196c51f-ae81-407d-99f0-494d026e6fc0/timeouts[39m
[35m[HTTP][39m [90m{"type":"implicit","ms":30000}[39m
[35m[HTTP][39m [37m<-- POST /wd/hub/session/f196c51f-ae81-407d-99f0-494d026e6fc0/timeouts [39m[33m400[39m [90m29 ms - 5204[39m
[35m[HTTP][39m [90m[39m
[35m[HTTP][39m [37m-->[39m [37mGET[39m [37m/wd/hub/session/f196c51f-ae81-407d-99f0-494d026e6fc0/window/current/size[39m
[35m[HTTP][39m [90m{}[39m
[35m[W3C][39m Driver proxy active, passing request on via HTTP proxy
[35m[JSONWP Proxy][39m Replacing sessionId 9197c108-b8cd-4449-9fc2-4689f0d26df7 with f196c51f-ae81-407d-99f0-494d026e6fc0
[35m[HTTP][39m [37m<-- GET /wd/hub/session/f196c51f-ae81-407d-99f0-494d026e6fc0/window/current/size [39m[32m200[39m [90m63 ms - 100[39m
[35m[HTTP][39m [90m[39m
[35m[HTTP][39m [37m-->[39m [37mPOST[39m [37m/wd/hub/session/f196c51f-ae81-407d-99f0-494d026e6fc0/elements[39m
[35m[HTTP][39m [90m{"using":"-android uiautomator","value":"new UiSelector().className(\"android.view.View\").text(\"Akun\")"}[39m
[35m[HTTP][39m [37m<-- POST /wd/hub/session/f196c51f-ae81-407d-99f0-494d026e6fc0/elements [39m[32m200[39m [90m123 ms - 74[39m
[35m[HTTP][39m [90m[39m
[35m[HTTP][39m [37m-->[39m [37mPOST[39m [37m/wd/hub/session/f196c51f-ae81-407d-99f0-494d026e6fc0/elements[39m
[35m[HTTP][39m [90m{"using":"-android uiautomator","value":"new UiSelector().className(\"android.view.View\").text(\"Akun\")"}[39m
[35m[HTTP][39m [37m<-- POST /wd/hub/session/f196c51f-ae81-407d-99f0-494d026e6fc0/elements [39m[32m200[39m [90m266 ms - 74[39m
[35m[HTTP][39m [90m[39m
[35m[HTTP][39m [37m-->[39m [37mPOST[39m [37m/wd/hub/session/f196c51f-ae81-407d-99f0-494d026e6fc0/elements[39m
[35m[HTTP][39m [90m{"using":"-android uiautomator","value":"new UiSelector().className(\"android.view.View\").text(\"Akun\")"}[39m
[35m[HTTP][39m [37m<-- POST /wd/hub/session/f196c51f-ae81-407d-99f0-494d026e6fc0/elements [39m[32m200[39m [90m123 ms - 74[39m
[35m[HTTP][39m [90m[39m
[35m[HTTP][39m [37m-->[39m [37mPOST[39m [37m/wd/hub/session/f196c51f-ae81-407d-99f0-494d026e6fc0/elements[39m
[35m[HTTP][39m [90m{"using":"-android uiautomator","value":"new UiSelector().className(\"android.view.View\").text(\"Akun\")"}[39m
[35m[HTTP][39m [37m<-- POST /wd/hub/session/f196c51f-ae81-407d-99f0-494d026e6fc0/elements [39m[32m200[39m [90m472 ms - 74[39m
[35m[HTTP][39m [90m[39m
[35m[HTTP][39m [37m-->[39m [37mPOST[39m [37m/wd/hub/session/f196c51f-ae81-407d-99f0-494d026e6fc0/elements[39m
[35m[HTTP][39m [90m{"using":"-android uiautomator","value":"new UiSelector().className(\"android.view.View\").text(\"Akun\")"}[39m
[35m[HTTP][39m [37m<-- POST /wd/hub/session/f196c51f-ae81-407d-99f0-494d026e6fc0/elements [39m[32m200[39m [90m232 ms - 74[39m
[35m[HTTP][39m [90m[39m
[35m[HTTP][39m [37m-->[39m [37mPOST[39m [37m/wd/hub/session/f196c51f-ae81-407d-99f0-494d026e6fc0/elements[39m
[35m[HTTP][39m [90m{"using":"-android uiautomator","value":"new UiSelector().className(\"android.view.View\").text(\"Akun\")"}[39m
[35m[HTTP][39m [37m<-- POST /wd/hub/session/f196c51f-ae81-407d-99f0-494d026e6fc0/elements [39m[32m200[39m [90m66 ms - 74[39m
[35m[HTTP][39m [90m[39m
[35m[HTTP][39m [37m-->[39m [37mPOST[39m [37m/wd/hub/session/f196c51f-ae81-407d-99f0-494d026e6fc0/elements[39m
[35m[HTTP][39m [90m{"using":"-android uiautomator","value":"new UiSelector().className(\"android.view.View\").text(\"Akun\")"}[39m
[35m[HTTP][39m [37m<-- POST /wd/hub/session/f196c51f-ae81-407d-99f0-494d026e6fc0/elements [39m[32m200[39m [90m63 ms - 74[39m
[35m[HTTP][39m [90m[39m
[35m[HTTP][39m [37m-->[39m [37mPOST[39m [37m/wd/hub/session/f196c51f-ae81-407d-99f0-494d026e6fc0/elements[39m
[35m[HTTP][39m [90m{"using":"-android uiautomator","value":"new UiSelector().className(\"android.view.View\").text(\"Akun\")"}[39m
[35m[HTTP][39m [37m<-- POST /wd/hub/session/f196c51f-ae81-407d-99f0-494d026e6fc0/elements [39m[32m200[39m [90m55 ms - 74[39m
[35m[HTTP][39m [90m[39m
[35m[HTTP][39m [37m-->[39m [37mPOST[39m [37m/wd/hub/session/f196c51f-ae81-407d-99f0-494d026e6fc0/elements[39m
[35m[HTTP][39m [90m{"using":"-android uiautomator","value":"new UiSelector().className(\"android.view.View\").text(\"Akun\")"}[39m
[35m[HTTP][39m [37m<-- POST /wd/hub/session/f196c51f-ae81-407d-99f0-494d026e6fc0/elements [39m[32m200[39m [90m51 ms - 74[39m
[35m[HTTP][39m [90m[39m
[35m[HTTP][39m [37m-->[39m [37mPOST[39m [37m/wd/hub/session/f196c51f-ae81-407d-99f0-494d026e6fc0/elements[39m
[35m[HTTP][39m [90m{"using":"-android uiautomator","value":"new UiSelector().className(\"android.view.View\").text(\"Akun\")"}[39m
[35m[HTTP][39m [37m<-- POST /wd/hub/session/f196c51f-ae81-407d-99f0-494d026e6fc0/elements [39m[32m200[39m [90m616 ms - 74[39m
[35m[HTTP][39m [90m[39m
[35m[HTTP][39m [37m-->[39m [37mPOST[39m [37m/wd/hub/session/f196c51f-ae81-407d-99f0-494d026e6fc0/elements[39m
[35m[HTTP][39m [90m{"using":"-android uiautomator","value":"new UiSelector().className(\"android.view.View\").text(\"Akun\")"}[39m
[35m[HTTP][39m [37m<-- POST /wd/hub/session/f196c51f-ae81-407d-99f0-494d026e6fc0/elements [39m[32m200[39m [90m63 ms - 74[39m
[35m[HTTP][39m [90m[39m
[35m[HTTP][39m [37m-->[39m [37mPOST[39m [37m/wd/hub/session/f196c51f-ae81-407d-99f0-494d026e6fc0/elements[39m
[35m[HTTP][39m [90m{"using":"-android uiautomator","value":"new UiSelector().className(\"android.view.View\").text(\"Akun\")"}[39m
[35m[HTTP][39m [37m<-- POST /wd/hub/session/f196c51f-ae81-407d-99f0-494d026e6fc0/elements [39m[32m200[39m [90m82 ms - 74[39m
[35m[HTTP][39m [90m[39m
[35m[HTTP][39m [37m-->[39m [37mPOST[39m [37m/wd/hub/session/f196c51f-ae81-407d-99f0-494d026e6fc0/elements[39m
[35m[HTTP][39m [90m{"using":"-android uiautomator","value":"new UiSelector().className(\"android.view.View\").text(\"Akun\")"}[39m
[35m[HTTP][39m [37m<-- POST /wd/hub/session/f196c51f-ae81-407d-99f0-494d026e6fc0/elements [39m[32m200[39m [90m72 ms - 74[39m
[35m[HTTP][39m [90m[39m
[35m[HTTP][39m [37m-->[39m [37mPOST[39m [37m/wd/hub/session/f196c51f-ae81-407d-99f0-494d026e6fc0/elements[39m
[35m[HTTP][39m [90m{"using":"-android uiautomator","value":"new UiSelector().className(\"android.view.View\").text(\"Akun\")"}[39m
[35m[HTTP][39m [37m<-- POST /wd/hub/session/f196c51f-ae81-407d-99f0-494d026e6fc0/elements [39m[32m200[39m [90m81 ms - 74[39m
[35m[HTTP][39m [90m[39m
[35m[HTTP][39m [37m-->[39m [37mPOST[39m [37m/wd/hub/session/f196c51f-ae81-407d-99f0-494d026e6fc0/elements[39m
[35m[HTTP][39m [90m{"using":"-android uiautomator","value":"new UiSelector().className(\"android.view.View\").text(\"Akun\")"}[39m
[35m[HTTP][39m [37m<-- POST /wd/hub/session/f196c51f-ae81-407d-99f0-494d026e6fc0/elements [39m[32m200[39m [90m1716 ms - 74[39m
[35m[HTTP][39m [90m[39m
[35m[HTTP][39m [37m-->[39m [37mPOST[39m [37m/wd/hub/session/f196c51f-ae81-407d-99f0-494d026e6fc0/elements[39m
[35m[HTTP][39m [90m{"using":"-android uiautomator","value":"new UiSelector().className(\"android.view.View\").text(\"Akun\")"}[39m
[35m[HTTP][39m [37m<-- POST /wd/hub/session/f196c51f-ae81-407d-99f0-494d026e6fc0/elements [39m[32m200[39m [90m385 ms - 74[39m
[35m[HTTP][39m [90m[39m
[35m[HTTP][39m [37m-->[39m [37mPOST[39m [37m/wd/hub/session/f196c51f-ae81-407d-99f0-494d026e6fc0/elements[39m
[35m[HTTP][39m [90m{"using":"-android uiautomator","value":"new UiSelector().className(\"android.view.View\").text(\"Akun\")"}[39m
[35m[HTTP][39m [37m<-- POST /wd/hub/session/f196c51f-ae81-407d-99f0-494d026e6fc0/elements [39m[32m200[39m [90m192 ms - 74[39m
[35m[HTTP][39m [90m[39m
[35m[HTTP][39m [37m-->[39m [37mPOST[39m [37m/wd/hub/session/f196c51f-ae81-407d-99f0-494d026e6fc0/elements[39m
[35m[HTTP][39m [90m{"using":"-android uiautomator","value":"new UiSelector().className(\"android.view.View\").text(\"Akun\")"}[39m
[35m[HTTP][39m [37m<-- POST /wd/hub/session/f196c51f-ae81-407d-99f0-494d026e6fc0/elements [39m[32m200[39m [90m77 ms - 74[39m
[35m[HTTP][39m [90m[39m
[35m[HTTP][39m [37m-->[39m [37mPOST[39m [37m/wd/hub/session/f196c51f-ae81-407d-99f0-494d026e6fc0/elements[39m
[35m[HTTP][39m [90m{"using":"-android uiautomator","value":"new UiSelector().className(\"android.view.View\").text(\"Akun\")"}[39m
[35m[HTTP][39m [37m<-- POST /wd/hub/session/f196c51f-ae81-407d-99f0-494d026e6fc0/elements [39m[32m200[39m [90m72 ms - 74[39m
[35m[HTTP][39m [90m[39m
[35m[HTTP][39m [37m-->[39m [37mPOST[39m [37m/wd/hub/session/f196c51f-ae81-407d-99f0-494d026e6fc0/elements[39m
[35m[HTTP][39m [90m{"using":"-android uiautomator","value":"new UiSelector().className(\"android.view.View\").text(\"Akun\")"}[39m
[35m[HTTP][39m [37m<-- POST /wd/hub/session/f196c51f-ae81-407d-99f0-494d026e6fc0/elements [39m[32m200[39m [90m77 ms - 74[39m
[35m[HTTP][39m [90m[39m
[35m[HTTP][39m [37m-->[39m [37mPOST[39m [37m/wd/hub/session/f196c51f-ae81-407d-99f0-494d026e6fc0/elements[39m
[35m[HTTP][39m [90m{"using":"-android uiautomator","value":"new UiSelector().className(\"android.view.View\").text(\"Akun\")"}[39m
[35m[HTTP][39m [37m<-- POST /wd/hub/session/f196c51f-ae81-407d-99f0-494d026e6fc0/elements [39m[32m200[39m [90m77 ms - 74[39m
[35m[HTTP][39m [90m[39m
[35m[HTTP][39m [37m-->[39m [37mPOST[39m [37m/wd/hub/session/f196c51f-ae81-407d-99f0-494d026e6fc0/elements[39m
[35m[HTTP][39m [90m{"using":"-android uiautomator","value":"new UiSelector().className(\"android.view.View\").text(\"Akun\")"}[39m
[35m[HTTP][39m [37m<-- POST /wd/hub/session/f196c51f-ae81-407d-99f0-494d026e6fc0/elements [39m[32m200[39m [90m144 ms - 74[39m
[35m[HTTP][39m [90m[39m
[35m[HTTP][39m [37m-->[39m [37mPOST[39m [37m/wd/hub/session/f196c51f-ae81-407d-99f0-494d026e6fc0/elements[39m
[35m[HTTP][39m [90m{"using":"-android uiautomator","value":"new UiSelector().className(\"android.view.View\").text(\"Akun\")"}[39m
[35m[HTTP][39m [37m<-- POST /wd/hub/session/f196c51f-ae81-407d-99f0-494d026e6fc0/elements [39m[32m200[39m [90m91 ms - 74[39m
[35m[HTTP][39m [90m[39m
[35m[HTTP][39m [37m-->[39m [37mPOST[39m [37m/wd/hub/session/f196c51f-ae81-407d-99f0-494d026e6fc0/elements[39m
[35m[HTTP][39m [90m{"using":"-android uiautomator","value":"new UiSelector().className(\"android.view.View\").text(\"Akun\")"}[39m
[35m[HTTP][39m [37m<-- POST /wd/hub/session/f196c51f-ae81-407d-99f0-494d026e6fc0/elements [39m[32m200[39m [90m96 ms - 74[39m
[35m[HTTP][39m [90m[39m
[35m[HTTP][39m [37m-->[39m [37mPOST[39m [37m/wd/hub/session/f196c51f-ae81-407d-99f0-494d026e6fc0/elements[39m
[35m[HTTP][39m [90m{"using":"-android uiautomator","value":"new UiSelector().className(\"android.view.View\").text(\"Akun\")"}[39m
[35m[HTTP][39m [37m<-- POST /wd/hub/session/f196c51f-ae81-407d-99f0-494d026e6fc0/elements [39m[32m200[39m [90m160 ms - 74[39m
[35m[HTTP][39m [90m[39m
[35m[HTTP][39m [37m-->[39m [37mPOST[39m [37m/wd/hub/session/f196c51f-ae81-407d-99f0-494d026e6fc0/elements[39m
[35m[HTTP][39m [90m{"using":"-android uiautomator","value":"new UiSelector().className(\"android.view.View\").text(\"Akun\")"}[39m
[35m[HTTP][39m [37m<-- POST /wd/hub/session/f196c51f-ae81-407d-99f0-494d026e6fc0/elements [39m[32m200[39m [90m79 ms - 74[39m
[35m[HTTP][39m [90m[39m
[35m[HTTP][39m [37m-->[39m [37mPOST[39m [37m/wd/hub/session/f196c51f-ae81-407d-99f0-494d026e6fc0/elements[39m
[35m[HTTP][39m [90m{"using":"-android uiautomator","value":"new UiSelector().className(\"android.view.View\").text(\"Akun\")"}[39m
[35m[HTTP][39m [37m<-- POST /wd/hub/session/f196c51f-ae81-407d-99f0-494d026e6fc0/elements [39m[32m200[39m [90m66 ms - 74[39m
[35m[HTTP][39m [90m[39m
[35m[HTTP][39m [37m-->[39m [37mPOST[39m [37m/wd/hub/session/f196c51f-ae81-407d-99f0-494d026e6fc0/elements[39m
[35m[HTTP][39m [90m{"using":"-android uiautomator","value":"new UiSelector().className(\"android.view.View\").text(\"Akun\")"}[39m
[35m[HTTP][39m [37m<-- POST /wd/hub/session/f196c51f-ae81-407d-99f0-494d026e6fc0/elements [39m[32m200[39m [90m76 ms - 74[39m
[35m[HTTP][39m [90m[39m
[35m[HTTP][39m [37m-->[39m [37mPOST[39m [37m/wd/hub/session/f196c51f-ae81-407d-99f0-494d026e6fc0/elements[39m
[35m[HTTP][39m [90m{"using":"-android uiautomator","value":"new UiSelector().className(\"android.view.View\").text(\"Akun\")"}[39m
[35m[HTTP][39m [37m<-- POST /wd/hub/session/f196c51f-ae81-407d-99f0-494d026e6fc0/elements [39m[32m200[39m [90m79 ms - 74[39m
[35m[HTTP][39m [90m[39m
[35m[HTTP][39m [37m-->[39m [37mPOST[39m [37m/wd/hub/session/f196c51f-ae81-407d-99f0-494d026e6fc0/elements[39m
[35m[HTTP][39m [90m{"using":"-android uiautomator","value":"new UiSelector().className(\"android.view.View\").text(\"Akun\")"}[39m
[35m[HTTP][39m [37m<-- POST /wd/hub/session/f196c51f-ae81-407d-99f0-494d026e6fc0/elements [39m[32m200[39m [90m70 ms - 74[39m
[35m[HTTP][39m [90m[39m
[35m[HTTP][39m [37m-->[39m [37mPOST[39m [37m/wd/hub/session/f196c51f-ae81-407d-99f0-494d026e6fc0/elements[39m
[35m[HTTP][39m [90m{"using":"-android uiautomator","value":"new UiSelector().className(\"android.view.View\").text(\"Akun\")"}[39m
[35m[HTTP][39m [37m<-- POST /wd/hub/session/f196c51f-ae81-407d-99f0-494d026e6fc0/elements [39m[32m200[39m [90m61 ms - 74[39m
[35m[HTTP][39m [90m[39m
[35m[HTTP][39m [37m-->[39m [37mPOST[39m [37m/wd/hub/session/f196c51f-ae81-407d-99f0-494d026e6fc0/elements[39m
[35m[HTTP][39m [90m{"using":"-android uiautomator","value":"new UiSelector().className(\"android.view.View\").text(\"Akun\")"}[39m
[35m[HTTP][39m [37m<-- POST /wd/hub/session/f196c51f-ae81-407d-99f0-494d026e6fc0/elements [39m[32m200[39m [90m116 ms - 74[39m
[35m[HTTP][39m [90m[39m
[35m[HTTP][39m [37m-->[39m [37mPOST[39m [37m/wd/hub/session/f196c51f-ae81-407d-99f0-494d026e6fc0/elements[39m
[35m[HTTP][39m [90m{"using":"-android uiautomator","value":"new UiSelector().className(\"android.view.View\").text(\"Akun\")"}[39m
[35m[HTTP][39m [37m<-- POST /wd/hub/session/f196c51f-ae81-407d-99f0-494d026e6fc0/elements [39m[32m200[39m [90m71 ms - 74[39m
[35m[HTTP][39m [90m[39m
[35m[HTTP][39m [37m-->[39m [37mPOST[39m [37m/wd/hub/session/f196c51f-ae81-407d-99f0-494d026e6fc0/elements[39m
[35m[HTTP][39m [90m{"using":"-android uiautomator","value":"new UiSelector().className(\"android.view.View\").text(\"Akun\")"}[39m
[35m[HTTP][39m [37m<-- POST /wd/hub/session/f196c51f-ae81-407d-99f0-494d026e6fc0/elements [39m[32m200[39m [90m66 ms - 74[39m
[35m[HTTP][39m [90m[39m
[35m[HTTP][39m [37m-->[39m [37mPOST[39m [37m/wd/hub/session/f196c51f-ae81-407d-99f0-494d026e6fc0/elements[39m
[35m[HTTP][39m [90m{"using":"-android uiautomator","value":"new UiSelector().className(\"android.view.View\").text(\"Akun\")"}[39m
[35m[HTTP][39m [37m<-- POST /wd/hub/session/f196c51f-ae81-407d-99f0-494d026e6fc0/elements [39m[32m200[39m [90m51 ms - 74[39m
[35m[HTTP][39m [90m[39m
[35m[HTTP][39m [37m-->[39m [37mPOST[39m [37m/wd/hub/session/f196c51f-ae81-407d-99f0-494d026e6fc0/elements[39m
[35m[HTTP][39m [90m{"using":"-android uiautomator","value":"new UiSelector().className(\"android.view.View\").text(\"Akun\")"}[39m
[35m[HTTP][39m [37m<-- POST /wd/hub/session/f196c51f-ae81-407d-99f0-494d026e6fc0/elements [39m[32m200[39m [90m63 ms - 74[39m
[35m[HTTP][39m [90m[39m
[35m[HTTP][39m [37m-->[39m [37mPOST[39m [37m/wd/hub/session/f196c51f-ae81-407d-99f0-494d026e6fc0/elements[39m
[35m[HTTP][39m [90m{"using":"-android uiautomator","value":"new UiSelector().className(\"android.view.View\").text(\"Akun\")"}[39m
[35m[HTTP][39m [37m<-- POST /wd/hub/session/f196c51f-ae81-407d-99f0-494d026e6fc0/elements [39m[32m200[39m [90m64 ms - 74[39m
[35m[HTTP][39m [90m[39m
[35m[HTTP][39m [37m-->[39m [37mPOST[39m [37m/wd/hub/session/f196c51f-ae81-407d-99f0-494d026e6fc0/elements[39m
[35m[HTTP][39m [90m{"using":"-android uiautomator","value":"new UiSelector().className(\"android.view.View\").text(\"Akun\")"}[39m
[35m[HTTP][39m [37m<-- POST /wd/hub/session/f196c51f-ae81-407d-99f0-494d026e6fc0/elements [39m[32m200[39m [90m49 ms - 74[39m
[35m[HTTP][39m [90m[39m
[35m[HTTP][39m [37m-->[39m [37mPOST[39m [37m/wd/hub/session/f196c51f-ae81-407d-99f0-494d026e6fc0/elements[39m
[35m[HTTP][39m [90m{"using":"-android uiautomator","value":"new UiSelector().className(\"android.view.View\").text(\"Akun\")"}[39m
[35m[HTTP][39m [37m<-- POST /wd/hub/session/f196c51f-ae81-407d-99f0-494d026e6fc0/elements [39m[32m200[39m [90m62 ms - 74[39m
[35m[HTTP][39m [90m[39m
[35m[HTTP][39m [37m-->[39m [37mPOST[39m [37m/wd/hub/session/f196c51f-ae81-407d-99f0-494d026e6fc0/elements[39m
[35m[HTTP][39m [90m{"using":"-android uiautomator","value":"new UiSelector().className(\"android.view.View\").text(\"Akun\")"}[39m
[35m[HTTP][39m [37m<-- POST /wd/hub/session/f196c51f-ae81-407d-99f0-494d026e6fc0/elements [39m[32m200[39m [90m54 ms - 74[39m
[35m[HTTP][39m [90m[39m
[35m[HTTP][39m [37m-->[39m [37mPOST[39m [37m/wd/hub/session/f196c51f-ae81-407d-99f0-494d026e6fc0/elements[39m
[35m[HTTP][39m [90m{"using":"-android uiautomator","value":"new UiSelector().className(\"android.view.View\").text(\"Akun\")"}[39m
[35m[HTTP][39m [37m<-- POST /wd/hub/session/f196c51f-ae81-407d-99f0-494d026e6fc0/elements [39m[32m200[39m [90m97 ms - 74[39m
[35m[HTTP][39m [90m[39m
[35m[HTTP][39m [37m-->[39m [37mPOST[39m [37m/wd/hub/session/f196c51f-ae81-407d-99f0-494d026e6fc0/elements[39m
[35m[HTTP][39m [90m{"using":"-android uiautomator","value":"new UiSelector().className(\"android.view.View\").text(\"Akun\")"}[39m
[35m[HTTP][39m [37m<-- POST /wd/hub/session/f196c51f-ae81-407d-99f0-494d026e6fc0/elements [39m[32m200[39m [90m81 ms - 74[39m
[35m[HTTP][39m [90m[39m
[35m[HTTP][39m [37m-->[39m [37mPOST[39m [37m/wd/hub/session/f196c51f-ae81-407d-99f0-494d026e6fc0/elements[39m
[35m[HTTP][39m [90m{"using":"-android uiautomator","value":"new UiSelector().className(\"android.view.View\").text(\"Akun\")"}[39m
[35m[HTTP][39m [37m<-- POST /wd/hub/session/f196c51f-ae81-407d-99f0-494d026e6fc0/elements [39m[32m200[39m [90m98 ms - 74[39m
[35m[HTTP][39m [90m[39m
[35m[HTTP][39m [37m-->[39m [37mPOST[39m [37m/wd/hub/session/f196c51f-ae81-407d-99f0-494d026e6fc0/elements[39m
[35m[HTTP][39m [90m{"using":"-android uiautomator","value":"new UiSelector().className(\"android.view.View\").text(\"Akun\")"}[39m
[35m[HTTP][39m [37m<-- POST /wd/hub/session/f196c51f-ae81-407d-99f0-494d026e6fc0/elements [39m[32m200[39m [90m125 ms - 74[39m
[35m[HTTP][39m [90m[39m
[35m[HTTP][39m [37m-->[39m [37mPOST[39m [37m/wd/hub/session/f196c51f-ae81-407d-99f0-494d026e6fc0/elements[39m
[35m[HTTP][39m [90m{"using":"-android uiautomator","value":"new UiSelector().className(\"android.view.View\").text(\"Akun\")"}[39m
[35m[HTTP][39m [37m<-- POST /wd/hub/session/f196c51f-ae81-407d-99f0-494d026e6fc0/elements [39m[32m200[39m [90m62 ms - 74[39m
[35m[HTTP][39m [90m[39m
[35m[HTTP][39m [37m-->[39m [37mPOST[39m [37m/wd/hub/session/f196c51f-ae81-407d-99f0-494d026e6fc0/elements[39m
[35m[HTTP][39m [90m{"using":"-android uiautomator","value":"new UiSelector().className(\"android.view.View\").text(\"Akun\")"}[39m
[35m[HTTP][39m [37m<-- POST /wd/hub/session/f196c51f-ae81-407d-99f0-494d026e6fc0/elements [39m[32m200[39m [90m60 ms - 74[39m
[35m[HTTP][39m [90m[39m
[35m[HTTP][39m [37m-->[39m [37mPOST[39m [37m/wd/hub/session/f196c51f-ae81-407d-99f0-494d026e6fc0/elements[39m
[35m[HTTP][39m [90m{"using":"-android uiautomator","value":"new UiSelector().className(\"android.view.View\").text(\"Akun\")"}[39m
[35m[HTTP][39m [37m<-- POST /wd/hub/session/f196c51f-ae81-407d-99f0-494d026e6fc0/elements [39m[32m200[39m [90m51 ms - 74[39m
[35m[HTTP][39m [90m[39m
[35m[HTTP][39m [37m-->[39m [37mPOST[39m [37m/wd/hub/session/f196c51f-ae81-407d-99f0-494d026e6fc0/elements[39m
[35m[HTTP][39m [90m{"using":"-android uiautomator","value":"new UiSelector().className(\"android.view.View\").text(\"Akun\")"}[39m
[35m[HTTP][39m [37m<-- POST /wd/hub/session/f196c51f-ae81-407d-99f0-494d026e6fc0/elements [39m[32m200[39m [90m56 ms - 74[39m
[35m[HTTP][39m [90m[39m
[35m[HTTP][39m [37m-->[39m [37mPOST[39m [37m/wd/hub/session/f196c51f-ae81-407d-99f0-494d026e6fc0/elements[39m
[35m[HTTP][39m [90m{"using":"-android uiautomator","value":"new UiSelector().className(\"android.view.View\").text(\"Akun\")"}[39m
[35m[HTTP][39m [37m<-- POST /wd/hub/session/f196c51f-ae81-407d-99f0-494d026e6fc0/elements [39m[32m200[39m [90m63 ms - 74[39m
[35m[HTTP][39m [90m[39m
[35m[HTTP][39m [37m-->[39m [37mPOST[39m [37m/wd/hub/session/f196c51f-ae81-407d-99f0-494d026e6fc0/elements[39m
[35m[HTTP][39m [90m{"using":"-android uiautomator","value":"new UiSelector().className(\"android.view.View\").text(\"Akun\")"}[39m
[35m[HTTP][39m [37m<-- POST /wd/hub/session/f196c51f-ae81-407d-99f0-494d026e6fc0/elements [39m[32m200[39m [90m77 ms - 74[39m
[35m[HTTP][39m [90m[39m
[35m[HTTP][39m [37m-->[39m [37mPOST[39m [37m/wd/hub/session/f196c51f-ae81-407d-99f0-494d026e6fc0/elements[39m
[35m[HTTP][39m [90m{"using":"-android uiautomator","value":"new UiSelector().className(\"android.view.View\").text(\"Akun\")"}[39m
[35m[HTTP][39m [37m<-- POST /wd/hub/session/f196c51f-ae81-407d-99f0-494d026e6fc0/elements [39m[32m200[39m [90m41 ms - 74[39m
[35m[HTTP][39m [90m[39m
[35m[HTTP][39m [37m-->[39m [37mPOST[39m [37m/wd/hub/session/f196c51f-ae81-407d-99f0-494d026e6fc0/elements[39m
[35m[HTTP][39m [90m{"using":"-android uiautomator","value":"new UiSelector().className(\"android.view.View\").text(\"Akun\")"}[39m
[35m[HTTP][39m [37m<-- POST /wd/hub/session/f196c51f-ae81-407d-99f0-494d026e6fc0/elements [39m[32m200[39m [90m54 ms - 74[39m
[35m[HTTP][39m [90m[39m
[35m[HTTP][39m [37m-->[39m [37mPOST[39m [37m/wd/hub/session/f196c51f-ae81-407d-99f0-494d026e6fc0/elements[39m
[35m[HTTP][39m [90m{"using":"-android uiautomator","value":"new UiSelector().className(\"android.view.View\").text(\"Akun\")"}[39m
[35m[HTTP][39m [37m<-- POST /wd/hub/session/f196c51f-ae81-407d-99f0-494d026e6fc0/elements [39m[32m200[39m [90m59 ms - 74[39m
[35m[HTTP][39m [90m[39m
[35m[HTTP][39m [37m-->[39m [37mPOST[39m [37m/wd/hub/session/f196c51f-ae81-407d-99f0-494d026e6fc0/elements[39m
[35m[HTTP][39m [90m{"using":"-android uiautomator","value":"new UiSelector().className(\"android.view.View\").text(\"Akun\")"}[39m
[35m[HTTP][39m [37m<-- POST /wd/hub/session/f196c51f-ae81-407d-99f0-494d026e6fc0/elements [39m[32m200[39m [90m51 ms - 74[39m
[35m[HTTP][39m [90m[39m
[35m[HTTP][39m [37m-->[39m [37mPOST[39m [37m/wd/hub/session/f196c51f-ae81-407d-99f0-494d026e6fc0/elements[39m
[35m[HTTP][39m [90m{"using":"-android uiautomator","value":"new UiSelector().className(\"android.view.View\").text(\"Akun\")"}[39m
[35m[HTTP][39m [37m<-- POST /wd/hub/session/f196c51f-ae81-407d-99f0-494d026e6fc0/elements [39m[32m200[39m [90m55 ms - 74[39m
[35m[HTTP][39m [90m[39m
[35m[HTTP][39m [37m-->[39m [37mPOST[39m [37m/wd/hub/session/f196c51f-ae81-407d-99f0-494d026e6fc0/elements[39m
[35m[HTTP][39m [90m{"using":"-android uiautomator","value":"new UiSelector().className(\"android.view.View\").text(\"Akun\")"}[39m
[35m[HTTP][39m [37m<-- POST /wd/hub/session/f196c51f-ae81-407d-99f0-494d026e6fc0/elements [39m[32m200[39m [90m67 ms - 74[39m
[35m[HTTP][39m [90m[39m
[35m[HTTP][39m [37m-->[39m [37mPOST[39m [37m/wd/hub/session/f196c51f-ae81-407d-99f0-494d026e6fc0/elements[39m
[35m[HTTP][39m [90m{"using":"-android uiautomator","value":"new UiSelector().className(\"android.view.View\").text(\"Akun\")"}[39m
[35m[HTTP][39m [37m<-- POST /wd/hub/session/f196c51f-ae81-407d-99f0-494d026e6fc0/elements [39m[32m200[39m [90m50 ms - 74[39m
[35m[HTTP][39m [90m[39m
[35m[HTTP][39m [37m-->[39m [37mPOST[39m [37m/wd/hub/session/f196c51f-ae81-407d-99f0-494d026e6fc0/elements[39m
[35m[HTTP][39m [90m{"using":"-android uiautomator","value":"new UiSelector().className(\"android.view.View\").text(\"Akun\")"}[39m
[35m[HTTP][39m [37m<-- POST /wd/hub/session/f196c51f-ae81-407d-99f0-494d026e6fc0/elements [39m[32m200[39m [90m63 ms - 74[39m
[35m[HTTP][39m [90m[39m
[35m[HTTP][39m [37m-->[39m [37mPOST[39m [37m/wd/hub/session/f196c51f-ae81-407d-99f0-494d026e6fc0/elements[39m
[35m[HTTP][39m [90m{"using":"-android uiautomator","value":"new UiSelector().className(\"android.view.View\").text(\"Akun\")"}[39m
[35m[HTTP][39m [37m<-- POST /wd/hub/session/f196c51f-ae81-407d-99f0-494d026e6fc0/elements [39m[32m200[39m [90m62 ms - 74[39m
[35m[HTTP][39m [90m[39m
[35m[HTTP][39m [37m-->[39m [37mPOST[39m [37m/wd/hub/session/f196c51f-ae81-407d-99f0-494d026e6fc0/elements[39m
[35m[HTTP][39m [90m{"using":"-android uiautomator","value":"new UiSelector().className(\"android.view.View\").text(\"Akun\")"}[39m
[35m[HTTP][39m [37m<-- POST /wd/hub/session/f196c51f-ae81-407d-99f0-494d026e6fc0/elements [39m[32m200[39m [90m67 ms - 74[39m
[35m[HTTP][39m [90m[39m
[35m[HTTP][39m [37m-->[39m [37mPOST[39m [37m/wd/hub/session/f196c51f-ae81-407d-99f0-494d026e6fc0/elements[39m
[35m[HTTP][39m [90m{"using":"-android uiautomator","value":"new UiSelector().className(\"android.view.View\").text(\"Akun\")"}[39m
[35m[HTTP][39m [37m<-- POST /wd/hub/session/f196c51f-ae81-407d-99f0-494d026e6fc0/elements [39m[32m200[39m [90m57 ms - 74[39m
[35m[HTTP][39m [90m[39m
[35m[HTTP][39m [37m-->[39m [37mPOST[39m [37m/wd/hub/session/f196c51f-ae81-407d-99f0-494d026e6fc0/elements[39m
[35m[HTTP][39m [90m{"using":"-android uiautomator","value":"new UiSelector().className(\"android.view.View\").text(\"Akun\")"}[39m
[35m[HTTP][39m [37m<-- POST /wd/hub/session/f196c51f-ae81-407d-99f0-494d026e6fc0/elements [39m[32m200[39m [90m105 ms - 74[39m
[35m[HTTP][39m [90m[39m
[35m[HTTP][39m [37m-->[39m [37mPOST[39m [37m/wd/hub/session/f196c51f-ae81-407d-99f0-494d026e6fc0/elements[39m
[35m[HTTP][39m [90m{"using":"-android uiautomator","value":"new UiSelector().className(\"android.view.View\").text(\"Akun\")"}[39m
[35m[HTTP][39m [37m<-- POST /wd/hub/session/f196c51f-ae81-407d-99f0-494d026e6fc0/elements [39m[32m200[39m [90m67 ms - 74[39m
[35m[HTTP][39m [90m[39m
[35m[HTTP][39m [37m-->[39m [37mPOST[39m [37m/wd/hub/session/f196c51f-ae81-407d-99f0-494d026e6fc0/elements[39m
[35m[HTTP][39m [90m{"using":"-android uiautomator","value":"new UiSelector().className(\"android.view.View\").text(\"Akun\")"}[39m
[35m[HTTP][39m [37m<-- POST /wd/hub/session/f196c51f-ae81-407d-99f0-494d026e6fc0/elements [39m[32m200[39m [90m47 ms - 74[39m
[35m[HTTP][39m [90m[39m
[35m[HTTP][39m [37m-->[39m [37mPOST[39m [37m/wd/hub/session/f196c51f-ae81-407d-99f0-494d026e6fc0/elements[39m
[35m[HTTP][39m [90m{"using":"-android uiautomator","value":"new UiSelector().className(\"android.view.View\").text(\"Akun\")"}[39m
[35m[HTTP][39m [37m<-- POST /wd/hub/session/f196c51f-ae81-407d-99f0-494d026e6fc0/elements [39m[32m200[39m [90m54 ms - 74[39m
[35m[HTTP][39m [90m[39m
[35m[HTTP][39m [37m-->[39m [37mPOST[39m [37m/wd/hub/session/f196c51f-ae81-407d-99f0-494d026e6fc0/elements[39m
[35m[HTTP][39m [90m{"using":"-android uiautomator","value":"new UiSelector().className(\"android.view.View\").text(\"Akun\")"}[39m
[35m[HTTP][39m [37m<-- POST /wd/hub/session/f196c51f-ae81-407d-99f0-494d026e6fc0/elements [39m[32m200[39m [90m63 ms - 74[39m
[35m[HTTP][39m [90m[39m
[35m[HTTP][39m [37m-->[39m [37mPOST[39m [37m/wd/hub/session/f196c51f-ae81-407d-99f0-494d026e6fc0/elements[39m
[35m[HTTP][39m [90m{"using":"-android uiautomator","value":"new UiSelector().className(\"android.view.View\").text(\"Akun\")"}[39m
[35m[HTTP][39m [37m<-- POST /wd/hub/session/f196c51f-ae81-407d-99f0-494d026e6fc0/elements [39m[32m200[39m [90m50 ms - 74[39m
[35m[HTTP][39m [90m[39m
[35m[HTTP][39m [37m-->[39m [37mPOST[39m [37m/wd/hub/session/f196c51f-ae81-407d-99f0-494d026e6fc0/elements[39m
[35m[HTTP][39m [90m{"using":"-android uiautomator","value":"new UiSelector().className(\"android.view.View\").text(\"Akun\")"}[39m
[35m[HTTP][39m [37m<-- POST /wd/hub/session/f196c51f-ae81-407d-99f0-494d026e6fc0/elements [39m[32m200[39m [90m42 ms - 74[39m
[35m[HTTP][39m [90m[39m
[35m[HTTP][39m [37m-->[39m [37mPOST[39m [37m/wd/hub/session/f196c51f-ae81-407d-99f0-494d026e6fc0/elements[39m
[35m[HTTP][39m [90m{"using":"-android uiautomator","value":"new UiSelector().className(\"android.view.View\").text(\"Akun\")"}[39m
[35m[HTTP][39m [37m<-- POST /wd/hub/session/f196c51f-ae81-407d-99f0-494d026e6fc0/elements [39m[32m200[39m [90m46 ms - 74[39m
[35m[HTTP][39m [90m[39m
[35m[HTTP][39m [37m-->[39m [37mPOST[39m [37m/wd/hub/session/f196c51f-ae81-407d-99f0-494d026e6fc0/elements[39m
[35m[HTTP][39m [90m{"using":"-android uiautomator","value":"new UiSelector().className(\"android.view.View\").text(\"Akun\")"}[39m
[35m[HTTP][39m [37m<-- POST /wd/hub/session/f196c51f-ae81-407d-99f0-494d026e6fc0/elements [39m[32m200[39m [90m64 ms - 74[39m
[35m[HTTP][39m [90m[39m
[35m[HTTP][39m [37m-->[39m [37mPOST[39m [37m/wd/hub/session/f196c51f-ae81-407d-99f0-494d026e6fc0/elements[39m
[35m[HTTP][39m [90m{"using":"-android uiautomator","value":"new UiSelector().className(\"android.view.View\").text(\"Akun\")"}[39m
[35m[HTTP][39m [37m<-- POST /wd/hub/session/f196c51f-ae81-407d-99f0-494d026e6fc0/elements [39m[32m200[39m [90m82 ms - 74[39m
[35m[HTTP][39m [90m[39m
[35m[HTTP][39m [37m-->[39m [37mPOST[39m [37m/wd/hub/session/f196c51f-ae81-407d-99f0-494d026e6fc0/elements[39m
[35m[HTTP][39m [90m{"using":"-android uiautomator","value":"new UiSelector().className(\"android.view.View\").text(\"Akun\")"}[39m
[35m[HTTP][39m [37m<-- POST /wd/hub/session/f196c51f-ae81-407d-99f0-494d026e6fc0/elements [39m[32m200[39m [90m123 ms - 74[39m
[35m[HTTP][39m [90m[39m
[35m[HTTP][39m [37m-->[39m [37mPOST[39m [37m/wd/hub/session/f196c51f-ae81-407d-99f0-494d026e6fc0/elements[39m
[35m[HTTP][39m [90m{"using":"-android uiautomator","value":"new UiSelector().className(\"android.view.View\").text(\"Akun\")"}[39m
[35m[HTTP][39m [37m<-- POST /wd/hub/session/f196c51f-ae81-407d-99f0-494d026e6fc0/elements [39m[32m200[39m [90m76 ms - 74[39m
[35m[HTTP][39m [90m[39m
[35m[HTTP][39m [37m-->[39m [37mPOST[39m [37m/wd/hub/session/f196c51f-ae81-407d-99f0-494d026e6fc0/elements[39m
[35m[HTTP][39m [90m{"using":"-android uiautomator","value":"new UiSelector().className(\"android.view.View\").text(\"Akun\")"}[39m
[35m[HTTP][39m [37m<-- POST /wd/hub/session/f196c51f-ae81-407d-99f0-494d026e6fc0/elements [39m[32m200[39m [90m39 ms - 74[39m
[35m[HTTP][39m [90m[39m
[35m[HTTP][39m [37m-->[39m [37mPOST[39m [37m/wd/hub/session/f196c51f-ae81-407d-99f0-494d026e6fc0/elements[39m
[35m[HTTP][39m [90m{"using":"-android uiautomator","value":"new UiSelector().className(\"android.view.View\").text(\"Akun\")"}[39m
[35m[HTTP][39m [37m<-- POST /wd/hub/session/f196c51f-ae81-407d-99f0-494d026e6fc0/elements [39m[32m200[39m [90m32 ms - 74[39m
[35m[HTTP][39m [90m[39m
[35m[HTTP][39m [37m-->[39m [37mPOST[39m [37m/wd/hub/session/f196c51f-ae81-407d-99f0-494d026e6fc0/elements[39m
[35m[HTTP][39m [90m{"using":"-android uiautomator","value":"new UiSelector().className(\"android.view.View\").text(\"Akun\")"}[39m
[35m[HTTP][39m [37m<-- POST /wd/hub/session/f196c51f-ae81-407d-99f0-494d026e6fc0/elements [39m[32m200[39m [90m72 ms - 74[39m
[35m[HTTP][39m [90m[39m
[35m[HTTP][39m [37m-->[39m [37mPOST[39m [37m/wd/hub/session/f196c51f-ae81-407d-99f0-494d026e6fc0/elements[39m
[35m[HTTP][39m [90m{"using":"-android uiautomator","value":"new UiSelector().className(\"android.view.View\").text(\"Akun\")"}[39m
[35m[HTTP][39m [37m<-- POST /wd/hub/session/f196c51f-ae81-407d-99f0-494d026e6fc0/elements [39m[32m200[39m [90m130 ms - 74[39m
[35m[HTTP][39m [90m[39m
[35m[HTTP][39m [37m-->[39m [37mPOST[39m [37m/wd/hub/session/f196c51f-ae81-407d-99f0-494d026e6fc0/elements[39m
[35m[HTTP][39m [90m{"using":"-android uiautomator","value":"new UiSelector().className(\"android.view.View\").text(\"Akun\")"}[39m
[35m[HTTP][39m [37m<-- POST /wd/hub/session/f196c51f-ae81-407d-99f0-494d026e6fc0/elements [39m[32m200[39m [90m64 ms - 74[39m
[35m[HTTP][39m [90m[39m
[35m[HTTP][39m [37m-->[39m [37mPOST[39m [37m/wd/hub/session/f196c51f-ae81-407d-99f0-494d026e6fc0/elements[39m
[35m[HTTP][39m [90m{"using":"-android uiautomator","value":"new UiSelector().className(\"android.view.View\").text(\"Akun\")"}[39m
[35m[HTTP][39m [37m<-- POST /wd/hub/session/f196c51f-ae81-407d-99f0-494d026e6fc0/elements [39m[32m200[39m [90m105 ms - 74[39m
[35m[HTTP][39m [90m[39m
[35m[HTTP][39m [37m-->[39m [37mPOST[39m [37m/wd/hub/session/f196c51f-ae81-407d-99f0-494d026e6fc0/elements[39m
[35m[HTTP][39m [90m{"using":"-android uiautomator","value":"new UiSelector().className(\"android.view.View\").text(\"Akun\")"}[39m
[35m[HTTP][39m [37m<-- POST /wd/hub/session/f196c51f-ae81-407d-99f0-494d026e6fc0/elements [39m[32m200[39m [90m146 ms - 74[39m
[35m[HTTP][39m [90m[39m
[35m[HTTP][39m [37m-->[39m [37mPOST[39m [37m/wd/hub/session/f196c51f-ae81-407d-99f0-494d026e6fc0/elements[39m
[35m[HTTP][39m [90m{"using":"-android uiautomator","value":"new UiSelector().className(\"android.view.View\").text(\"Akun\")"}[39m
[35m[HTTP][39m [37m<-- POST /wd/hub/session/f196c51f-ae81-407d-99f0-494d026e6fc0/elements [39m[32m200[39m [90m38 ms - 74[39m
[35m[HTTP][39m [90m[39m
[35m[HTTP][39m [37m-->[39m [37mPOST[39m [37m/wd/hub/session/f196c51f-ae81-407d-99f0-494d026e6fc0/elements[39m
[35m[HTTP][39m [90m{"using":"-android uiautomator","value":"new UiSelector().className(\"android.view.View\").text(\"Akun\")"}[39m
[35m[HTTP][39m [37m<-- POST /wd/hub/session/f196c51f-ae81-407d-99f0-494d026e6fc0/elements [39m[32m200[39m [90m51 ms - 74[39m
[35m[HTTP][39m [90m[39m
[35m[HTTP][39m [37m-->[39m [37mPOST[39m [37m/wd/hub/session/f196c51f-ae81-407d-99f0-494d026e6fc0/elements[39m
[35m[HTTP][39m [90m{"using":"-android uiautomator","value":"new UiSelector().className(\"android.view.View\").text(\"Akun\")"}[39m
[35m[HTTP][39m [37m<-- POST /wd/hub/session/f196c51f-ae81-407d-99f0-494d026e6fc0/elements [39m[32m200[39m [90m41 ms - 74[39m
[35m[HTTP][39m [90m[39m
[35m[HTTP][39m [37m-->[39m [37mPOST[39m [37m/wd/hub/session/f196c51f-ae81-407d-99f0-494d026e6fc0/elements[39m
[35m[HTTP][39m [90m{"using":"-android uiautomator","value":"new UiSelector().className(\"android.view.View\").text(\"Akun\")"}[39m
[35m[HTTP][39m [37m<-- POST /wd/hub/session/f196c51f-ae81-407d-99f0-494d026e6fc0/elements [39m[32m200[39m [90m32 ms - 74[39m
[35m[HTTP][39m [90m[39m
[35m[HTTP][39m [37m-->[39m [37mPOST[39m [37m/wd/hub/session/f196c51f-ae81-407d-99f0-494d026e6fc0/elements[39m
[35m[HTTP][39m [90m{"using":"-android uiautomator","value":"new UiSelector().className(\"android.view.View\").text(\"Akun\")"}[39m
[35m[HTTP][39m [37m<-- POST /wd/hub/session/f196c51f-ae81-407d-99f0-494d026e6fc0/elements [39m[32m200[39m [90m40 ms - 74[39m
[35m[HTTP][39m [90m[39m
[35m[HTTP][39m [37m-->[39m [37mPOST[39m [37m/wd/hub/session/f196c51f-ae81-407d-99f0-494d026e6fc0/elements[39m
[35m[HTTP][39m [90m{"using":"-android uiautomator","value":"new UiSelector().className(\"android.view.View\").text(\"Akun\")"}[39m
[35m[HTTP][39m [37m<-- POST /wd/hub/session/f196c51f-ae81-407d-99f0-494d026e6fc0/elements [39m[32m200[39m [90m36 ms - 74[39m
[35m[HTTP][39m [90m[39m
[35m[HTTP][39m [37m-->[39m [37mPOST[39m [37m/wd/hub/session/f196c51f-ae81-407d-99f0-494d026e6fc0/elements[39m
[35m[HTTP][39m [90m{"using":"-android uiautomator","value":"new UiSelector().className(\"android.view.View\").text(\"Akun\")"}[39m
[35m[HTTP][39m [37m<-- POST /wd/hub/session/f196c51f-ae81-407d-99f0-494d026e6fc0/elements [39m[32m200[39m [90m28 ms - 74[39m
[35m[HTTP][39m [90m[39m
[35m[HTTP][39m [37m-->[39m [37mPOST[39m [37m/wd/hub/session/f196c51f-ae81-407d-99f0-494d026e6fc0/elements[39m
[35m[HTTP][39m [90m{"using":"-android uiautomator","value":"new UiSelector().className(\"android.view.View\").text(\"Akun\")"}[39m
[35m[HTTP][39m [37m<-- POST /wd/hub/session/f196c51f-ae81-407d-99f0-494d026e6fc0/elements [39m[32m200[39m [90m41 ms - 74[39m
[35m[HTTP][39m [90m[39m
[35m[HTTP][39m [37m-->[39m [37mPOST[39m [37m/wd/hub/session/f196c51f-ae81-407d-99f0-494d026e6fc0/elements[39m
[35m[HTTP][39m [90m{"using":"-android uiautomator","value":"new UiSelector().className(\"android.view.View\").text(\"Akun\")"}[39m
[35m[HTTP][39m [37m<-- POST /wd/hub/session/f196c51f-ae81-407d-99f0-494d026e6fc0/elements [39m[32m200[39m [90m38 ms - 74[39m
[35m[HTTP][39m [90m[39m
[35m[HTTP][39m [37m-->[39m [37mPOST[39m [37m/wd/hub/session/f196c51f-ae81-407d-99f0-494d026e6fc0/elements[39m
[35m[HTTP][39m [90m{"using":"-android uiautomator","value":"new UiSelector().className(\"android.view.View\").text(\"Akun\")"}[39m
[35m[HTTP][39m [37m<-- POST /wd/hub/session/f196c51f-ae81-407d-99f0-494d026e6fc0/elements [39m[32m200[39m [90m41 ms - 74[39m
[35m[HTTP][39m [90m[39m
[35m[HTTP][39m [37m-->[39m [37mPOST[39m [37m/wd/hub/session/f196c51f-ae81-407d-99f0-494d026e6fc0/elements[39m
[35m[HTTP][39m [90m{"using":"-android uiautomator","value":"new UiSelector().className(\"android.view.View\").text(\"Akun\")"}[39m
[35m[HTTP][39m [37m<-- POST /wd/hub/session/f196c51f-ae81-407d-99f0-494d026e6fc0/elements [39m[32m200[39m [90m68 ms - 74[39m
[35m[HTTP][39m [90m[39m
[35m[HTTP][39m [37m-->[39m [37mPOST[39m [37m/wd/hub/session/f196c51f-ae81-407d-99f0-494d026e6fc0/elements[39m
[35m[HTTP][39m [90m{"using":"-android uiautomator","value":"new UiSelector().className(\"android.view.View\").text(\"Akun\")"}[39m
[35m[HTTP][39m [37m<-- POST /wd/hub/session/f196c51f-ae81-407d-99f0-494d026e6fc0/elements [39m[32m200[39m [90m34 ms - 74[39m
[35m[HTTP][39m [90m[39m
[35m[HTTP][39m [37m-->[39m [37mPOST[39m [37m/wd/hub/session/f196c51f-ae81-407d-99f0-494d026e6fc0/elements[39m
[35m[HTTP][39m [90m{"using":"-android uiautomator","value":"new UiSelector().className(\"android.view.View\").text(\"Akun\")"}[39m
[35m[HTTP][39m [37m<-- POST /wd/hub/session/f196c51f-ae81-407d-99f0-494d026e6fc0/elements [39m[32m200[39m [90m39 ms - 74[39m
[35m[HTTP][39m [90m[39m
[35m[HTTP][39m [37m-->[39m [37mPOST[39m [37m/wd/hub/session/f196c51f-ae81-407d-99f0-494d026e6fc0/elements[39m
[35m[HTTP][39m [90m{"using":"-android uiautomator","value":"new UiSelector().className(\"android.view.View\").text(\"Akun\")"}[39m
[35m[HTTP][39m [37m<-- POST /wd/hub/session/f196c51f-ae81-407d-99f0-494d026e6fc0/elements [39m[32m200[39m [90m55 ms - 74[39m
[35m[HTTP][39m [90m[39m
[35m[HTTP][39m [37m-->[39m [37mPOST[39m [37m/wd/hub/session/f196c51f-ae81-407d-99f0-494d026e6fc0/elements[39m
[35m[HTTP][39m [90m{"using":"-android uiautomator","value":"new UiSelector().className(\"android.view.View\").text(\"Akun\")"}[39m
[35m[HTTP][39m [37m<-- POST /wd/hub/session/f196c51f-ae81-407d-99f0-494d026e6fc0/elements [39m[32m200[39m [90m45 ms - 74[39m
[35m[HTTP][39m [90m[39m
[35m[HTTP][39m [37m-->[39m [37mPOST[39m [37m/wd/hub/session/f196c51f-ae81-407d-99f0-494d026e6fc0/elements[39m
[35m[HTTP][39m [90m{"using":"-android uiautomator","value":"new UiSelector().className(\"android.view.View\").text(\"Akun\")"}[39m
[35m[HTTP][39m [37m<-- POST /wd/hub/session/f196c51f-ae81-407d-99f0-494d026e6fc0/elements [39m[32m200[39m [90m35 ms - 74[39m
[35m[HTTP][39m [90m[39m
[35m[HTTP][39m [37m-->[39m [37mPOST[39m [37m/wd/hub/session/f196c51f-ae81-407d-99f0-494d026e6fc0/elements[39m
[35m[HTTP][39m [90m{"using":"-android uiautomator","value":"new UiSelector().className(\"android.view.View\").text(\"Akun\")"}[39m
[35m[HTTP][39m [37m<-- POST /wd/hub/session/f196c51f-ae81-407d-99f0-494d026e6fc0/elements [39m[32m200[39m [90m42 ms - 74[39m
[35m[HTTP][39m [90m[39m
[35m[HTTP][39m [37m-->[39m [37mPOST[39m [37m/wd/hub/session/f196c51f-ae81-407d-99f0-494d026e6fc0/elements[39m
[35m[HTTP][39m [90m{"using":"-android uiautomator","value":"new UiSelector().className(\"android.view.View\").text(\"Akun\")"}[39m
[35m[HTTP][39m [37m<-- POST /wd/hub/session/f196c51f-ae81-407d-99f0-494d026e6fc0/elements [39m[32m200[39m [90m34 ms - 74[39m
[35m[HTTP][39m [90m[39m
[35m[HTTP][39m [37m-->[39m [37mPOST[39m [37m/wd/hub/session/f196c51f-ae81-407d-99f0-494d026e6fc0/elements[39m
[35m[HTTP][39m [90m{"using":"-android uiautomator","value":"new UiSelector().className(\"android.view.View\").text(\"Akun\")"}[39m
[35m[HTTP][39m [37m<-- POST /wd/hub/session/f196c51f-ae81-407d-99f0-494d026e6fc0/elements [39m[32m200[39m [90m48 ms - 74[39m
[35m[HTTP][39m [90m[39m
[35m[HTTP][39m [37m-->[39m [37mPOST[39m [37m/wd/hub/session/f196c51f-ae81-407d-99f0-494d026e6fc0/elements[39m
[35m[HTTP][39m [90m{"using":"-android uiautomator","value":"new UiSelector().className(\"android.view.View\").text(\"Akun\")"}[39m
[35m[HTTP][39m [37m<-- POST /wd/hub/session/f196c51f-ae81-407d-99f0-494d026e6fc0/elements [39m[32m200[39m [90m40 ms - 74[39m
[35m[HTTP][39m [90m[39m
[35m[HTTP][39m [37m-->[39m [37mPOST[39m [37m/wd/hub/session/f196c51f-ae81-407d-99f0-494d026e6fc0/elements[39m
[35m[HTTP][39m [90m{"using":"-android uiautomator","value":"new UiSelector().className(\"android.view.View\").text(\"Akun\")"}[39m
[35m[HTTP][39m [37m<-- POST /wd/hub/session/f196c51f-ae81-407d-99f0-494d026e6fc0/elements [39m[32m200[39m [90m42 ms - 74[39m
[35m[HTTP][39m [90m[39m
[35m[HTTP][39m [37m-->[39m [37mPOST[39m [37m/wd/hub/session/f196c51f-ae81-407d-99f0-494d026e6fc0/elements[39m
[35m[HTTP][39m [90m{"using":"-android uiautomator","value":"new UiSelector().className(\"android.view.View\").text(\"Akun\")"}[39m
[35m[HTTP][39m [37m<-- POST /wd/hub/session/f196c51f-ae81-407d-99f0-494d026e6fc0/elements [39m[32m200[39m [90m59 ms - 74[39m
[35m[HTTP][39m [90m[39m
[35m[HTTP][39m [37m-->[39m [37mPOST[39m [37m/wd/hub/session/f196c51f-ae81-407d-99f0-494d026e6fc0/elements[39m
[35m[HTTP][39m [90m{"using":"-android uiautomator","value":"new UiSelector().className(\"android.view.View\").text(\"Akun\")"}[39m
[35m[HTTP][39m [37m<-- POST /wd/hub/session/f196c51f-ae81-407d-99f0-494d026e6fc0/elements [39m[32m200[39m [90m89 ms - 74[39m
[35m[HTTP][39m [90m[39m
[35m[HTTP][39m [37m-->[39m [37mPOST[39m [37m/wd/hub/session/f196c51f-ae81-407d-99f0-494d026e6fc0/elements[39m
[35m[HTTP][39m [90m{"using":"-android uiautomator","value":"new UiSelector().className(\"android.view.View\").text(\"Akun\")"}[39m
[35m[HTTP][39m [37m<-- POST /wd/hub/session/f196c51f-ae81-407d-99f0-494d026e6fc0/elements [39m[32m200[39m [90m36 ms - 74[39m
[35m[HTTP][39m [90m[39m
[35m[HTTP][39m [37m-->[39m [37mPOST[39m [37m/wd/hub/session/f196c51f-ae81-407d-99f0-494d026e6fc0/elements[39m
[35m[HTTP][39m [90m{"using":"-android uiautomator","value":"new UiSelector().className(\"android.view.View\").text(\"Akun\")"}[39m
[35m[HTTP][39m [37m<-- POST /wd/hub/session/f196c51f-ae81-407d-99f0-494d026e6fc0/elements [39m[32m200[39m [90m36 ms - 74[39m
[35m[HTTP][39m [90m[39m
[35m[HTTP][39m [37m-->[39m [37mPOST[39m [37m/wd/hub/session/f196c51f-ae81-407d-99f0-494d026e6fc0/elements[39m
[35m[HTTP][39m [90m{"using":"-android uiautomator","value":"new UiSelector().className(\"android.view.View\").text(\"Akun\")"}[39m
[35m[HTTP][39m [37m<-- POST /wd/hub/session/f196c51f-ae81-407d-99f0-494d026e6fc0/elements [39m[32m200[39m [90m39 ms - 74[39m
[35m[HTTP][39m [90m[39m
[35m[HTTP][39m [37m-->[39m [37mPOST[39m [37m/wd/hub/session/f196c51f-ae81-407d-99f0-494d026e6fc0/elements[39m
[35m[HTTP][39m [90m{"using":"-android uiautomator","value":"new UiSelector().className(\"android.view.View\").text(\"Akun\")"}[39m
[35m[HTTP][39m [37m<-- POST /wd/hub/session/f196c51f-ae81-407d-99f0-494d026e6fc0/elements [39m[32m200[39m [90m51 ms - 74[39m
[35m[HTTP][39m [90m[39m
[35m[HTTP][39m [37m-->[39m [37mPOST[39m [37m/wd/hub/session/f196c51f-ae81-407d-99f0-494d026e6fc0/elements[39m
[35m[HTTP][39m [90m{"using":"-android uiautomator","value":"new UiSelector().className(\"android.view.View\").text(\"Akun\")"}[39m
[35m[HTTP][39m [37m<-- POST /wd/hub/session/f196c51f-ae81-407d-99f0-494d026e6fc0/elements [39m[32m200[39m [90m44 ms - 74[39m
[35m[HTTP][39m [90m[39m
[35m[HTTP][39m [37m-->[39m [37mPOST[39m [37m/wd/hub/session/f196c51f-ae81-407d-99f0-494d026e6fc0/elements[39m
[35m[HTTP][39m [90m{"using":"-android uiautomator","value":"new UiSelector().className(\"android.view.View\").text(\"Akun\")"}[39m
[35m[HTTP][39m [37m<-- POST /wd/hub/session/f196c51f-ae81-407d-99f0-494d026e6fc0/elements [39m[32m200[39m [90m44 ms - 74[39m
[35m[HTTP][39m [90m[39m
[35m[HTTP][39m [37m-->[39m [37mPOST[39m [37m/wd/hub/session/f196c51f-ae81-407d-99f0-494d026e6fc0/elements[39m
[35m[HTTP][39m [90m{"using":"-android uiautomator","value":"new UiSelector().className(\"android.view.View\").text(\"Akun\")"}[39m
[35m[HTTP][39m [37m<-- POST /wd/hub/session/f196c51f-ae81-407d-99f0-494d026e6fc0/elements [39m[32m200[39m [90m48 ms - 74[39m
[35m[HTTP][39m [90m[39m
[35m[HTTP][39m [37m-->[39m [37mPOST[39m [37m/wd/hub/session/f196c51f-ae81-407d-99f0-494d026e6fc0/elements[39m
[35m[HTTP][39m [90m{"using":"-android uiautomator","value":"new UiSelector().className(\"android.view.View\").text(\"Akun\")"}[39m
[35m[HTTP][39m [37m<-- POST /wd/hub/session/f196c51f-ae81-407d-99f0-494d026e6fc0/elements [39m[32m200[39m [90m38 ms - 74[39m
[35m[HTTP][39m [90m[39m
[35m[HTTP][39m [37m-->[39m [37mPOST[39m [37m/wd/hub/session/f196c51f-ae81-407d-99f0-494d026e6fc0/elements[39m
[35m[HTTP][39m [90m{"using":"-android uiautomator","value":"new UiSelector().className(\"android.view.View\").text(\"Akun\")"}[39m
[35m[HTTP][39m [37m<-- POST /wd/hub/session/f196c51f-ae81-407d-99f0-494d026e6fc0/elements [39m[32m200[39m [90m42 ms - 74[39m
[35m[HTTP][39m [90m[39m
[35m[HTTP][39m [37m-->[39m [37mPOST[39m [37m/wd/hub/session/f196c51f-ae81-407d-99f0-494d026e6fc0/elements[39m
[35m[HTTP][39m [90m{"using":"-android uiautomator","value":"new UiSelector().className(\"android.view.View\").text(\"Akun\")"}[39m
[35m[HTTP][39m [37m<-- POST /wd/hub/session/f196c51f-ae81-407d-99f0-494d026e6fc0/elements [39m[32m200[39m [90m35 ms - 74[39m
[35m[HTTP][39m [90m[39m
[35m[HTTP][39m [37m-->[39m [37mPOST[39m [37m/wd/hub/session/f196c51f-ae81-407d-99f0-494d026e6fc0/elements[39m
[35m[HTTP][39m [90m{"using":"-android uiautomator","value":"new UiSelector().className(\"android.view.View\").text(\"Akun\")"}[39m
[35m[HTTP][39m [37m<-- POST /wd/hub/session/f196c51f-ae81-407d-99f0-494d026e6fc0/elements [39m[32m200[39m [90m30 ms - 74[39m
[35m[HTTP][39m [90m[39m
[35m[HTTP][39m [37m-->[39m [37mPOST[39m [37m/wd/hub/session/f196c51f-ae81-407d-99f0-494d026e6fc0/elements[39m
[35m[HTTP][39m [90m{"using":"-android uiautomator","value":"new UiSelector().className(\"android.view.View\").text(\"Akun\")"}[39m
[35m[HTTP][39m [37m<-- POST /wd/hub/session/f196c51f-ae81-407d-99f0-494d026e6fc0/elements [39m[32m200[39m [90m71 ms - 74[39m
[35m[HTTP][39m [90m[39m
[35m[HTTP][39m [37m-->[39m [37mPOST[39m [37m/wd/hub/session/f196c51f-ae81-407d-99f0-494d026e6fc0/elements[39m
[35m[HTTP][39m [90m{"using":"-android uiautomator","value":"new UiSelector().className(\"android.view.View\").text(\"Akun\")"}[39m
[35m[HTTP][39m [37m<-- POST /wd/hub/session/f196c51f-ae81-407d-99f0-494d026e6fc0/elements [39m[32m200[39m [90m43 ms - 74[39m
[35m[HTTP][39m [90m[39m
[35m[HTTP][39m [37m-->[39m [37mPOST[39m [37m/wd/hub/session/f196c51f-ae81-407d-99f0-494d026e6fc0/elements[39m
[35m[HTTP][39m [90m{"using":"-android uiautomator","value":"new UiSelector().className(\"android.view.View\").text(\"Akun\")"}[39m
[35m[HTTP][39m [37m<-- POST /wd/hub/session/f196c51f-ae81-407d-99f0-494d026e6fc0/elements [39m[32m200[39m [90m52 ms - 74[39m
[35m[HTTP][39m [90m[39m
[35m[HTTP][39m [37m-->[39m [37mPOST[39m [37m/wd/hub/session/f196c51f-ae81-407d-99f0-494d026e6fc0/elements[39m
[35m[HTTP][39m [90m{"using":"-android uiautomator","value":"new UiSelector().className(\"android.view.View\").text(\"Akun\")"}[39m
[35m[HTTP][39m [37m<-- POST /wd/hub/session/f196c51f-ae81-407d-99f0-494d026e6fc0/elements [39m[32m200[39m [90m34 ms - 74[39m
[35m[HTTP][39m [90m[39m
[35m[HTTP][39m [37m-->[39m [37mPOST[39m [37m/wd/hub/session/f196c51f-ae81-407d-99f0-494d026e6fc0/elements[39m
[35m[HTTP][39m [90m{"using":"-android uiautomator","value":"new UiSelector().className(\"android.view.View\").text(\"Akun\")"}[39m
[35m[HTTP][39m [37m<-- POST /wd/hub/session/f196c51f-ae81-407d-99f0-494d026e6fc0/elements [39m[32m200[39m [90m30 ms - 74[39m
[35m[HTTP][39m [90m[39m
[35m[HTTP][39m [37m-->[39m [37mPOST[39m [37m/wd/hub/session/f196c51f-ae81-407d-99f0-494d026e6fc0/elements[39m
[35m[HTTP][39m [90m{"using":"-android uiautomator","value":"new UiSelector().className(\"android.view.View\").text(\"Akun\")"}[39m
[35m[HTTP][39m [37m<-- POST /wd/hub/session/f196c51f-ae81-407d-99f0-494d026e6fc0/elements [39m[32m200[39m [90m35 ms - 74[39m
[35m[HTTP][39m [90m[39m
[35m[HTTP][39m [37m-->[39m [37mPOST[39m [37m/wd/hub/session/f196c51f-ae81-407d-99f0-494d026e6fc0/elements[39m
[35m[HTTP][39m [90m{"using":"-android uiautomator","value":"new UiSelector().className(\"android.view.View\").text(\"Akun\")"}[39m
[35m[HTTP][39m [37m<-- POST /wd/hub/session/f196c51f-ae81-407d-99f0-494d026e6fc0/elements [39m[32m200[39m [90m44 ms - 74[39m
[35m[HTTP][39m [90m[39m
[35m[HTTP][39m [37m-->[39m [37mPOST[39m [37m/wd/hub/session/f196c51f-ae81-407d-99f0-494d026e6fc0/elements[39m
[35m[HTTP][39m [90m{"using":"-android uiautomator","value":"new UiSelector().className(\"android.view.View\").text(\"Akun\")"}[39m
[35m[HTTP][39m [37m<-- POST /wd/hub/session/f196c51f-ae81-407d-99f0-494d026e6fc0/elements [39m[32m200[39m [90m53 ms - 74[39m
[35m[HTTP][39m [90m[39m
[35m[HTTP][39m [37m-->[39m [37mPOST[39m [37m/wd/hub/session/f196c51f-ae81-407d-99f0-494d026e6fc0/elements[39m
[35m[HTTP][39m [90m{"using":"-android uiautomator","value":"new UiSelector().className(\"android.view.View\").text(\"Akun\")"}[39m
[35m[HTTP][39m [37m<-- POST /wd/hub/session/f196c51f-ae81-407d-99f0-494d026e6fc0/elements [39m[32m200[39m [90m33 ms - 74[39m
[35m[HTTP][39m [90m[39m
[35m[HTTP][39m [37m-->[39m [37mPOST[39m [37m/wd/hub/session/f196c51f-ae81-407d-99f0-494d026e6fc0/elements[39m
[35m[HTTP][39m [90m{"using":"-android uiautomator","value":"new UiSelector().className(\"android.view.View\").text(\"Akun\")"}[39m
[35m[HTTP][39m [37m<-- POST /wd/hub/session/f196c51f-ae81-407d-99f0-494d026e6fc0/elements [39m[32m200[39m [90m2860 ms - 124[39m
[35m[HTTP][39m [90m[39m
[35m[HTTP][39m [37m-->[39m [37mGET[39m [37m/wd/hub/session/f196c51f-ae81-407d-99f0-494d026e6fc0[39m
[35m[HTTP][39m [90m{}[39m
[35m[HTTP][39m [37m<-- GET /wd/hub/session/f196c51f-ae81-407d-99f0-494d026e6fc0 [39m[32m200[39m [90m24 ms - 1184[39m
[35m[HTTP][39m [90m[39m
[35m[HTTP][39m [37m-->[39m [37mGET[39m [37m/wd/hub/session/f196c51f-ae81-407d-99f0-494d026e6fc0[39m
[35m[HTTP][39m [90m{}[39m
[35m[HTTP][39m [37m<-- GET /wd/hub/session/f196c51f-ae81-407d-99f0-494d026e6fc0 [39m[32m200[39m [90m20 ms - 1184[39m
[35m[HTTP][39m [90m[39m
[35m[HTTP][39m [37m-->[39m [37mGET[39m [37m/wd/hub/session/f196c51f-ae81-407d-99f0-494d026e6fc0[39m
[35m[HTTP][39m [90m{}[39m
[35m[HTTP][39m [37m<-- GET /wd/hub/session/f196c51f-ae81-407d-99f0-494d026e6fc0 [39m[32m200[39m [90m20 ms - 1184[39m
[35m[HTTP][39m [90m[39m
[35m[HTTP][39m [37m-->[39m [37mGET[39m [37m/wd/hub/session/f196c51f-ae81-407d-99f0-494d026e6fc0[39m
[35m[HTTP][39m [90m{}[39m
[35m[HTTP][39m [37m<-- GET /wd/hub/session/f196c51f-ae81-407d-99f0-494d026e6fc0 [39m[32m200[39m [90m65 ms - 1184[39m
[35m[HTTP][39m [90m[39m
[35m[HTTP][39m [37m-->[39m [37mGET[39m [37m/wd/hub/session/f196c51f-ae81-407d-99f0-494d026e6fc0/element/6d68e3e2-b433-4a21-9b8c-9b4452db8cf3/location[39m
[35m[HTTP][39m [90m{}[39m
[35m[W3C][39m Driver proxy active, passing request on via HTTP proxy
[35m[JSONWP Proxy][39m Replacing sessionId 9197c108-b8cd-4449-9fc2-4689f0d26df7 with f196c51f-ae81-407d-99f0-494d026e6fc0
[35m[HTTP][39m [37m<-- GET /wd/hub/session/f196c51f-ae81-407d-99f0-494d026e6fc0/element/6d68e3e2-b433-4a21-9b8c-9b4452db8cf3/location [39m[32m200[39m [90m98 ms - 90[39m
[35m[HTTP][39m [90m[39m
[35m[HTTP][39m [37m-->[39m [37mPOST[39m [37m/wd/hub/session/f196c51f-ae81-407d-99f0-494d026e6fc0/touch/perform[39m
[35m[HTTP][39m [90m{"actions":[{"action":"tap","options":{"element":"6d68e3e2-b433-4a21-9b8c-9b4452db8cf3","x":1,"y":1}}]}[39m
[35m[UiAutomator2][39m calling get location: 6d68e3e2-b433-4a21-9b8c-9b4452db8cf3
[35m[HTTP][39m [37m<-- POST /wd/hub/session/f196c51f-ae81-407d-99f0-494d026e6fc0/touch/perform [39m[32m200[39m [90m1015 ms - 76[39m
[35m[HTTP][39m [90m[39m
[35m[HTTP][39m [37m-->[39m [37mGET[39m [37m/wd/hub/session/f196c51f-ae81-407d-99f0-494d026e6fc0/window/current/size[39m
[35m[HTTP][39m [90m{}[39m
[35m[W3C][39m Driver proxy active, passing request on via HTTP proxy
[35m[JSONWP Proxy][39m Replacing sessionId 9197c108-b8cd-4449-9fc2-4689f0d26df7 with f196c51f-ae81-407d-99f0-494d026e6fc0
[35m[HTTP][39m [37m<-- GET /wd/hub/session/f196c51f-ae81-407d-99f0-494d026e6fc0/window/current/size [39m[32m200[39m [90m28 ms - 100[39m
[35m[HTTP][39m [90m[39m
[35m[HTTP][39m [37m-->[39m [37mPOST[39m [37m/wd/hub/session/f196c51f-ae81-407d-99f0-494d026e6fc0/elements[39m
[35m[HTTP][39m [90m{"using":"-android uiautomator","value":"new UiSelector().className(\"android.view.View\").text(\"Lihat Profil\")"}[39m
[35m[HTTP][39m [37m<-- POST /wd/hub/session/f196c51f-ae81-407d-99f0-494d026e6fc0/elements [39m[32m200[39m [90m153 ms - 124[39m
[35m[HTTP][39m [90m[39m
[35m[HTTP][39m [37m-->[39m [37mGET[39m [37m/wd/hub/session/f196c51f-ae81-407d-99f0-494d026e6fc0[39m
[35m[HTTP][39m [90m{}[39m
[35m[HTTP][39m [37m<-- GET /wd/hub/session/f196c51f-ae81-407d-99f0-494d026e6fc0 [39m[32m200[39m [90m20 ms - 1184[39m
[35m[HTTP][39m [90m[39m
[35m[HTTP][39m [37m-->[39m [37mGET[39m [37m/wd/hub/session/f196c51f-ae81-407d-99f0-494d026e6fc0[39m
[35m[HTTP][39m [90m{}[39m
[35m[HTTP][39m [37m<-- GET /wd/hub/session/f196c51f-ae81-407d-99f0-494d026e6fc0 [39m[32m200[39m [90m30 ms - 1184[39m
[35m[HTTP][39m [90m[39m
[35m[HTTP][39m [37m-->[39m [37mGET[39m [37m/wd/hub/session/f196c51f-ae81-407d-99f0-494d026e6fc0[39m
[35m[HTTP][39m [90m{}[39m
[35m[HTTP][39m [37m<-- GET /wd/hub/session/f196c51f-ae81-407d-99f0-494d026e6fc0 [39m[32m200[39m [90m24 ms - 1184[39m
[35m[HTTP][39m [90m[39m
[35m[HTTP][39m [37m-->[39m [37mGET[39m [37m/wd/hub/session/f196c51f-ae81-407d-99f0-494d026e6fc0[39m
[35m[HTTP][39m [90m{}[39m
[35m[HTTP][39m [37m<-- GET /wd/hub/session/f196c51f-ae81-407d-99f0-494d026e6fc0 [39m[32m200[39m [90m21 ms - 1184[39m
[35m[HTTP][39m [90m[39m
[35m[HTTP][39m [37m-->[39m [37mGET[39m [37m/wd/hub/session/f196c51f-ae81-407d-99f0-494d026e6fc0/element/68f7e145-0347-4345-aa0d-a8f5220015c5/location[39m
[35m[HTTP][39m [90m{}[39m
[35m[W3C][39m Driver proxy active, passing request on via HTTP proxy
[35m[JSONWP Proxy][39m Replacing sessionId 9197c108-b8cd-4449-9fc2-4689f0d26df7 with f196c51f-ae81-407d-99f0-494d026e6fc0
[35m[HTTP][39m [37m<-- GET /wd/hub/session/f196c51f-ae81-407d-99f0-494d026e6fc0/element/68f7e145-0347-4345-aa0d-a8f5220015c5/location [39m[32m200[39m [90m59 ms - 89[39m
[35m[HTTP][39m [90m[39m
[35m[HTTP][39m [37m-->[39m [37mPOST[39m [37m/wd/hub/session/f196c51f-ae81-407d-99f0-494d026e6fc0/touch/perform[39m
[35m[HTTP][39m [90m{"actions":[{"action":"tap","options":{"element":"68f7e145-0347-4345-aa0d-a8f5220015c5","x":1,"y":1}}]}[39m
[35m[UiAutomator2][39m calling get location: 68f7e145-0347-4345-aa0d-a8f5220015c5
[35m[HTTP][39m [37m<-- POST /wd/hub/session/f196c51f-ae81-407d-99f0-494d026e6fc0/touch/perform [39m[32m200[39m [90m1428 ms - 76[39m
[35m[HTTP][39m [90m[39m
[35m[HTTP][39m [37m-->[39m [37mGET[39m [37m/wd/hub/session/f196c51f-ae81-407d-99f0-494d026e6fc0/window/current/size[39m
[35m[HTTP][39m [90m{}[39m
[35m[W3C][39m Driver proxy active, passing request on via HTTP proxy
[35m[JSONWP Proxy][39m Replacing sessionId 9197c108-b8cd-4449-9fc2-4689f0d26df7 with f196c51f-ae81-407d-99f0-494d026e6fc0
[35m[HTTP][39m [37m<-- GET /wd/hub/session/f196c51f-ae81-407d-99f0-494d026e6fc0/window/current/size [39m[32m200[39m [90m43 ms - 100[39m
[35m[HTTP][39m [90m[39m
[35m[HTTP][39m [37m-->[39m [37mPOST[39m [37m/wd/hub/session/f196c51f-ae81-407d-99f0-494d026e6fc0/elements[39m
[35m[HTTP][39m [90m{"using":"-android uiautomator","value":"new UiSelector().className(\"android.view.View\").text(\"Ubah\")"}[39m
[35m[HTTP][39m [37m<-- POST /wd/hub/session/f196c51f-ae81-407d-99f0-494d026e6fc0/elements [39m[32m200[39m [90m169 ms - 74[39m
[35m[HTTP][39m [90m[39m
[35m[HTTP][39m [37m-->[39m [37mPOST[39m [37m/wd/hub/session/f196c51f-ae81-407d-99f0-494d026e6fc0/elements[39m
[35m[HTTP][39m [90m{"using":"-android uiautomator","value":"new UiSelector().className(\"android.view.View\").text(\"Ubah\")"}[39m
[35m[HTTP][39m [37m<-- POST /wd/hub/session/f196c51f-ae81-407d-99f0-494d026e6fc0/elements [39m[32m200[39m [90m156 ms - 74[39m
[35m[HTTP][39m [90m[39m
[35m[HTTP][39m [37m-->[39m [37mPOST[39m [37m/wd/hub/session/f196c51f-ae81-407d-99f0-494d026e6fc0/elements[39m
[35m[HTTP][39m [90m{"using":"-android uiautomator","value":"new UiSelector().className(\"android.view.View\").text(\"Ubah\")"}[39m
[35m[HTTP][39m [37m<-- POST /wd/hub/session/f196c51f-ae81-407d-99f0-494d026e6fc0/elements [39m[32m200[39m [90m1865 ms - 124[39m
[35m[HTTP][39m [90m[39m
[35m[HTTP][39m [37m-->[39m [37mGET[39m [37m/wd/hub/session/f196c51f-ae81-407d-99f0-494d026e6fc0[39m
[35m[HTTP][39m [90m{}[39m
[35m[HTTP][39m [37m<-- GET /wd/hub/session/f196c51f-ae81-407d-99f0-494d026e6fc0 [39m[32m200[39m [90m21 ms - 1184[39m
[35m[HTTP][39m [90m[39m
[35m[HTTP][39m [37m-->[39m [37mGET[39m [37m/wd/hub/session/f196c51f-ae81-407d-99f0-494d026e6fc0[39m
[35m[HTTP][39m [90m{}[39m
[35m[HTTP][39m [37m<-- GET /wd/hub/session/f196c51f-ae81-407d-99f0-494d026e6fc0 [39m[32m200[39m [90m21 ms - 1184[39m
[35m[HTTP][39m [90m[39m
[35m[HTTP][39m [37m-->[39m [37mGET[39m [37m/wd/hub/session/f196c51f-ae81-407d-99f0-494d026e6fc0[39m
[35m[HTTP][39m [90m{}[39m
[35m[HTTP][39m [37m<-- GET /wd/hub/session/f196c51f-ae81-407d-99f0-494d026e6fc0 [39m[32m200[39m [90m20 ms - 1184[39m
[35m[HTTP][39m [90m[39m
[35m[HTTP][39m [37m-->[39m [37mGET[39m [37m/wd/hub/session/f196c51f-ae81-407d-99f0-494d026e6fc0[39m
[35m[HTTP][39m [90m{}[39m
[35m[HTTP][39m [37m<-- GET /wd/hub/session/f196c51f-ae81-407d-99f0-494d026e6fc0 [39m[32m200[39m [90m20 ms - 1184[39m
[35m[HTTP][39m [90m[39m
[35m[HTTP][39m [37m-->[39m [37mGET[39m [37m/wd/hub/session/f196c51f-ae81-407d-99f0-494d026e6fc0/element/7029efa5-c1e7-4c56-b127-0c2fd58d94cd/location[39m
[35m[HTTP][39m [90m{}[39m
[35m[W3C][39m Driver proxy active, passing request on via HTTP proxy
[35m[JSONWP Proxy][39m Replacing sessionId 9197c108-b8cd-4449-9fc2-4689f0d26df7 with f196c51f-ae81-407d-99f0-494d026e6fc0
[35m[HTTP][39m [37m<-- GET /wd/hub/session/f196c51f-ae81-407d-99f0-494d026e6fc0/element/7029efa5-c1e7-4c56-b127-0c2fd58d94cd/location [39m[32m200[39m [90m60 ms - 88[39m
[35m[HTTP][39m [90m[39m
[35m[HTTP][39m [37m-->[39m [37mPOST[39m [37m/wd/hub/session/f196c51f-ae81-407d-99f0-494d026e6fc0/touch/perform[39m
[35m[HTTP][39m [90m{"actions":[{"action":"tap","options":{"element":"7029efa5-c1e7-4c56-b127-0c2fd58d94cd","x":1,"y":1}}]}[39m
[35m[UiAutomator2][39m calling get location: 7029efa5-c1e7-4c56-b127-0c2fd58d94cd
[35m[HTTP][39m [37m<-- POST /wd/hub/session/f196c51f-ae81-407d-99f0-494d026e6fc0/touch/perform [39m[32m200[39m [90m902 ms - 76[39m
[35m[HTTP][39m [90m[39m
[35m[HTTP][39m [37m-->[39m [37mGET[39m [37m/wd/hub/session/f196c51f-ae81-407d-99f0-494d026e6fc0/window/current/size[39m
[35m[HTTP][39m [90m{}[39m
[35m[W3C][39m Driver proxy active, passing request on via HTTP proxy
[35m[JSONWP Proxy][39m Replacing sessionId 9197c108-b8cd-4449-9fc2-4689f0d26df7 with f196c51f-ae81-407d-99f0-494d026e6fc0
[35m[HTTP][39m [37m<-- GET /wd/hub/session/f196c51f-ae81-407d-99f0-494d026e6fc0/window/current/size [39m[32m200[39m [90m29 ms - 100[39m
[35m[HTTP][39m [90m[39m
[35m[HTTP][39m [37m-->[39m [37mPOST[39m [37m/wd/hub/session/f196c51f-ae81-407d-99f0-494d026e6fc0/elements[39m
[35m[HTTP][39m [90m{"using":"-android uiautomator","value":"new UiSelector().className(\"android.widget.EditText\").text(\"087830815038\").resourceId(\"b2-InputTelp\")"}[39m
[35m[HTTP][39m [37m<-- POST /wd/hub/session/f196c51f-ae81-407d-99f0-494d026e6fc0/elements [39m[32m200[39m [90m659 ms - 124[39m
[35m[HTTP][39m [90m[39m
[35m[HTTP][39m [37m-->[39m [37mGET[39m [37m/wd/hub/session/f196c51f-ae81-407d-99f0-494d026e6fc0[39m
[35m[HTTP][39m [90m{}[39m
[35m[HTTP][39m [37m<-- GET /wd/hub/session/f196c51f-ae81-407d-99f0-494d026e6fc0 [39m[32m200[39m [90m19 ms - 1184[39m
[35m[HTTP][39m [90m[39m
[35m[HTTP][39m [37m-->[39m [37mGET[39m [37m/wd/hub/session/f196c51f-ae81-407d-99f0-494d026e6fc0[39m
[35m[HTTP][39m [90m{}[39m
[35m[HTTP][39m [37m<-- GET /wd/hub/session/f196c51f-ae81-407d-99f0-494d026e6fc0 [39m[32m200[39m [90m20 ms - 1184[39m
[35m[HTTP][39m [90m[39m
[35m[HTTP][39m [37m-->[39m [37mGET[39m [37m/wd/hub/session/f196c51f-ae81-407d-99f0-494d026e6fc0[39m
[35m[HTTP][39m [90m{}[39m
[35m[HTTP][39m [37m<-- GET /wd/hub/session/f196c51f-ae81-407d-99f0-494d026e6fc0 [39m[32m200[39m [90m23 ms - 1184[39m
[35m[HTTP][39m [90m[39m
[35m[HTTP][39m [37m-->[39m [37mGET[39m [37m/wd/hub/session/f196c51f-ae81-407d-99f0-494d026e6fc0[39m
[35m[HTTP][39m [90m{}[39m
[35m[HTTP][39m [37m<-- GET /wd/hub/session/f196c51f-ae81-407d-99f0-494d026e6fc0 [39m[32m200[39m [90m25 ms - 1184[39m
[35m[HTTP][39m [90m[39m
[35m[HTTP][39m [37m-->[39m [37mGET[39m [37m/wd/hub/session/f196c51f-ae81-407d-99f0-494d026e6fc0/element/d8094259-f204-4267-81b8-cfcdb3b9e18b/location[39m
[35m[HTTP][39m [90m{}[39m
[35m[W3C][39m Driver proxy active, passing request on via HTTP proxy
[35m[JSONWP Proxy][39m Replacing sessionId 9197c108-b8cd-4449-9fc2-4689f0d26df7 with f196c51f-ae81-407d-99f0-494d026e6fc0
[35m[HTTP][39m [37m<-- GET /wd/hub/session/f196c51f-ae81-407d-99f0-494d026e6fc0/element/d8094259-f204-4267-81b8-cfcdb3b9e18b/location [39m[32m200[39m [90m50 ms - 89[39m
[35m[HTTP][39m [90m[39m
[35m[HTTP][39m [37m-->[39m [37mPOST[39m [37m/wd/hub/session/f196c51f-ae81-407d-99f0-494d026e6fc0/element/d8094259-f204-4267-81b8-cfcdb3b9e18b/clear[39m
[35m[HTTP][39m [90m{"id":"d8094259-f204-4267-81b8-cfcdb3b9e18b"}[39m
[35m[HTTP][39m [37m<-- POST /wd/hub/session/f196c51f-ae81-407d-99f0-494d026e6fc0/element/d8094259-f204-4267-81b8-cfcdb3b9e18b/clear [39m[32m200[39m [90m67 ms - 89[39m
[35m[HTTP][39m [90m[39m
[35m[HTTP][39m [37m-->[39m [37mPOST[39m [37m/wd/hub/session/f196c51f-ae81-407d-99f0-494d026e6fc0/element/d8094259-f204-4267-81b8-cfcdb3b9e18b/value[39m
[35m[HTTP][39m [90m{"id":"d8094259-f204-4267-81b8-cfcdb3b9e18b","value":["82324549013"]}[39m
[35m[HTTP][39m [37m<-- POST /wd/hub/session/f196c51f-ae81-407d-99f0-494d026e6fc0/element/d8094259-f204-4267-81b8-cfcdb3b9e18b/value [39m[31m500[39m [90m11959 ms - 164[39m
[35m[HTTP][39m [90m[39m
[35m[HTTP][39m [37m-->[39m [37mGET[39m [37m/wd/hub/session/f196c51f-ae81-407d-99f0-494d026e6fc0/context[39m
[35m[HTTP][39m [90m{}[39m
[35m[HTTP][39m [37m<-- GET /wd/hub/session/f196c51f-ae81-407d-99f0-494d026e6fc0/context [39m[32m200[39m [90m5 ms - 84[39m
[35m[HTTP][39m [90m[39m
[35m[HTTP][39m [37m-->[39m [37mGET[39m [37m/wd/hub/session/f196c51f-ae81-407d-99f0-494d026e6fc0/contexts[39m
[35m[HTTP][39m [90m{}[39m
[35m[HTTP][39m [37m<-- GET /wd/hub/session/f196c51f-ae81-407d-99f0-494d026e6fc0/contexts [39m[32m200[39m [90m687 ms - 137[39m
[35m[HTTP][39m [90m[39m
[35m[HTTP][39m [37m-->[39m [37mPOST[39m [37m/wd/hub/session/f196c51f-ae81-407d-99f0-494d026e6fc0/context[39m
[35m[HTTP][39m [90m{"name":"NATIVE_APP"}[39m
[35m[HTTP][39m [37m<-- POST /wd/hub/session/f196c51f-ae81-407d-99f0-494d026e6fc0/context [39m[32m200[39m [90m558 ms - 76[39m
[35m[HTTP][39m [90m[39m
[35m[HTTP][39m [37m-->[39m [37mGET[39m [37m/wd/hub/session/f196c51f-ae81-407d-99f0-494d026e6fc0/screenshot[39m
[35m[HTTP][39m [90m{}[39m
[35m[HTTP][39m [37m<-- GET /wd/hub/session/f196c51f-ae81-407d-99f0-494d026e6fc0/screenshot [39m[32m200[39m [90m896 ms - 128052[39m
[35m[HTTP][39m [90m[39m
[35m[HTTP][39m [37m-->[39m [37mPOST[39m [37m/wd/hub/session/f196c51f-ae81-407d-99f0-494d026e6fc0/context[39m
[35m[HTTP][39m [90m{"name":"NATIVE_APP"}[39m
[35m[HTTP][39m [37m<-- POST /wd/hub/session/f196c51f-ae81-407d-99f0-494d026e6fc0/context [39m[32m200[39m [90m459 ms - 76[39m
[35m[HTTP][39m [90m[39m
[35m[HTTP][39m [37m-->[39m [37mGET[39m [37m/wd/hub/status[39m
[35m[HTTP][39m [90m{}[39m
[35m[HTTP][39m [37m<-- GET /wd/hub/status [39m[32m200[39m [90m5 ms - 55[39m
[35m[HTTP][39m [90m[39m
[35m[HTTP][39m [37m-->[39m [37mPOST[39m [37m/wd/hub/session[39m
[35m[HTTP][39m [90m{"desiredCapabilities":{"app":"C:\\Users\\Intan\\Downloads\\accbid.apk","autoGrantPermissions":true,"automationName":"uiautomator2","deviceName":"emulator-5554 (Android SDK built for x86 - Android 9)","fullReset":false,"newCommandTimeout":1800,"noReset":true,"platform":"ANDROID","platformName":"Android","udid":"emulator-5554"},"capabilities":{"desiredCapabilities":{"app":"C:\\Users\\Intan\\Downloads\\accbid.apk","autoGrantPermissions":true,"automationName":"uiautomator2","deviceName":"emulator-5554 (Android SDK built for x86 - Android 9)","fullReset":false,"newCommandTimeout":1800,"noReset":true,"platform":"ANDROID","platformName":"Android","udid":"emulator-5554"},"firstMatch":[{"platformName":"android"}]}}[39m
[35m[Appium][39m Could not parse W3C capabilities: 'deviceName' can't be blank. Falling back to JSONWP protocol.
[35m[Appium][39m The following capabilities were provided in the JSONWP desired capabilities that are missing in W3C capabilities: ["app","autoGrantPermissions","automationName","deviceName","fullReset","newCommandTimeout","noReset","platform","platformName","udid"]. Falling back to JSONWP protocol.
[35m[Appium][39m Creating new AndroidUiautomator2Driver (v1.12.0) session
[35m[Appium][39m Capabilities:
[35m[Appium][39m   app: C:\Users\Intan\Downloads\accbid.apk
[35m[Appium][39m   autoGrantPermissions: true
[35m[Appium][39m   automationName: uiautomator2
[35m[Appium][39m   deviceName: emulator-5554 (Android SDK built for x86 - Android 9)
[35m[Appium][39m   fullReset: false
[35m[Appium][39m   newCommandTimeout: 1800
[35m[Appium][39m   noReset: true
[35m[Appium][39m   platform: ANDROID
[35m[Appium][39m   platformName: Android
[35m[Appium][39m   udid: emulator-5554
[35m[BaseDriver][39m The following capabilities were provided, but are not recognized by appium: platform.
[35m[BaseDriver][39m Session created with session id: 974cfc62-df16-44c6-ab3d-742663fea1fe
[35m[BaseDriver][39m Using local app 'C:\Users\Intan\Downloads\accbid.apk'
[35m[AndroidDriver][39m Java version is: 1.8.0_181
[35m[AndroidDriver][39m Retrieving device list
[35m[AndroidDriver][39m Using device: emulator-5554
[35m[ADB][39m Using the alternative activity name detection method because of: Could not find apkanalyzer.bat in C:\Users\Intan\.katalon\tools\android_sdk\platform-tools\apkanalyzer.bat,C:\Users\Intan\.katalon\tools\android_sdk\emulator\apkanalyzer.bat,C:\Users\Intan\.katalon\tools\android_sdk\tools\apkanalyzer.bat,C:\Users\Intan\.katalon\tools\android_sdk\tools\bin\apkanalyzer.bat,C:\Users\Intan\.katalon\tools\android_sdk\build-tools\29.0.2\apkanalyzer.bat. Do you have the Android SDK installed at 'C:\Users\Intan\.katalon\tools\android_sdk'?
[35m[ADB][39m Extracting package and launch activity from manifest
[35m[ADB][39m Package name: 'com.outsystemsenterprise.acctst1.BidMart'
[35m[ADB][39m Main activity name: 'com.outsystemsenterprise.acctst1.BidMart.MainActivity'
[35m[ADB][39m Getting device platform version
[35m[HTTP][39m [37m<-- POST /wd/hub/session [39m[32m-[39m [90m- ms - -[39m
[35m[HTTP][39m [90m[39m
[35m[ADB][39m io.appium.uiautomator2.server was successfully uninstalled
[35m[ADB][39m io.appium.uiautomator2.server.test was successfully uninstalled
[35m[AndroidDriver][39m setDeviceLanguageCountry requires language or country.
[35m[AndroidDriver][39m Got language: 'null' and country: 'null'
[35m[ADB][39m Successfully extracted 23 strings from 'C:\Users\Intan\Downloads\accbid.apk' resources for '(default)' configuration
[35m[UiAutomator2][39m Starting uiautomator2 server 1.12.0
[35m[UiAutomator2][39m Using UIAutomator2 server from 'C:\Users\Intan\AppData\Roaming\npm\node_modules\appium\node_modules\appium-uiautomator2-server\apks\appium-uiautomator2-server-v1.12.0.apk' and test from 'C:\Users\Intan\AppData\Roaming\npm\node_modules\appium\node_modules\appium-uiautomator2-server\apks\appium-uiautomator2-server-debug-androidTest.apk'
[35m[UiAutomator2][39m Running command: 'adb -s emulator-5554 shell am instrument -w io.appium.uiautomator2.server.test/android.support.test.runner.AndroidJUnitRunner'
[35m[UiAutomator2][39m Waiting up to 20000ms for UiAutomator2 to be online...
[35m[AndroidDriver][39m Screen already unlocked, doing nothing
[35m[UiAutomator2][39m UiAutomator2 did not start the activity we were waiting for, 'com.outsystemsenterprise.acctst1.BidMart/com.outsystemsenterprise.acctst1.BidMart.MainActivity'. Starting it ourselves
[35m[Appium][39m New AndroidUiautomator2Driver session created successfully, session 974cfc62-df16-44c6-ab3d-742663fea1fe added to master session list
[35m[BaseDriver][39m Shutting down because we waited 1800 seconds for a command
[35m[Appium][39m Closing session, cause was 'New Command Timeout of 1800 seconds expired. Try customizing the timeout using the 'newCommandTimeout' desired capability'
[35m[Appium][39m Removing session f196c51f-ae81-407d-99f0-494d026e6fc0 from our master session list
[35m[UiAutomator2][39m Did not get confirmation UiAutomator2 deleteSession worked; Error was: ProxyRequestError: Could not proxy command to remote server. Original error: Error: socket hang up
[35m[BaseDriver][39m Shutting down because we waited 1800 seconds for a command
[35m[Appium][39m Closing session, cause was 'New Command Timeout of 1800 seconds expired. Try customizing the timeout using the 'newCommandTimeout' desired capability'
[35m[Appium][39m Removing session 974cfc62-df16-44c6-ab3d-742663fea1fe from our master session list
[35m[UiAutomator2][39m Did not get confirmation UiAutomator2 deleteSession worked; Error was: ProxyRequestError: Could not proxy command to remote server. Original error: Error: socket hang up
