[35m[Appium][39m Welcome to Appium v1.12.1
[35m[Appium][39m Non-default server args:
[35m[Appium][39m   port: 61220
[35m[Appium][39m   loglevel: info
[35m[Appium][39m   chromeDriverPort: 61221
[35m[Appium][39m   tmpDir: C:\Users\Marvin\AppData\Local\Temp\\Katalon\Appium\Temp1573528662624
[35m[Appium][39m Appium REST http interface listener started on 0.0.0.0:61220
[35m[HTTP][39m [37m-->[39m [37mGET[39m [37m/wd/hub/status[39m
[35m[HTTP][39m [90m{}[39m
[35m[HTTP][39m [37m<-- GET /wd/hub/status [39m[32m200[39m [90m10 ms - 68[39m
[35m[HTTP][39m [90m[39m
[35m[HTTP][39m [37m-->[39m [37mPOST[39m [37m/wd/hub/session[39m
[35m[HTTP][39m [90m{"desiredCapabilities":{"app":"C:\\Users\\Marvin\\Documents\\GitHub\\ACCBid-Mobile\\accbid.apk","noReset":true,"deviceId":"","deviceName":"samsung SM-A505F (Android 9)","fullReset":false,"platform":"ANDROID","newCommandTimeout":1800,"platformVersion":"9","automationName":"uiautomator2","autoGrantPermissions":true,"unicodeKeyboard":true,"platformName":"Android","udid":"RR8M30NJEFN","resetKeyboard":true,"systemPort":61219},"capabilities":{"firstMatch":[{"appium:app":"C:\\Users\\Marvin\\Documents\\GitHub\\ACCBid-Mobile\\accbid.apk","appium:autoGrantPermissions":true,"appium:automationName":"uiautomator2","deviceId":"","appium:deviceName":"samsung SM-A505F (Android 9)","appium:fullReset":false,"appium:newCommandTimeout":1800,"appium:noReset":true,"platform":"ANDROID","platformName":"android","appium:platformVersion":"9","appium:resetKeyboard":true,"appium:systemPort":61219,"appium:udid":"RR8M30NJEFN","appium:unicodeKeyboard":true}]}}[39m
[35m[BaseDriver][39m The capabilities ["deviceId","platform"] are not standard capabilities and should have an extension prefix
[35m[Appium][39m Appium v1.12.1 creating new AndroidUiautomator2Driver (v1.33.0) session
[35m[Appium][39m Capabilities:
[35m[Appium][39m   deviceId: 
[35m[Appium][39m   platform: ANDROID
[35m[Appium][39m   platformName: android
[35m[Appium][39m   app: C:\Users\Marvin\Documents\GitHub\ACCBid-Mobile\accbid.apk
[35m[Appium][39m   autoGrantPermissions: true
[35m[Appium][39m   automationName: uiautomator2
[35m[Appium][39m   deviceName: samsung SM-A505F (Android 9)
[35m[Appium][39m   fullReset: false
[35m[Appium][39m   newCommandTimeout: 1800
[35m[Appium][39m   noReset: true
[35m[Appium][39m   platformVersion: 9
[35m[Appium][39m   resetKeyboard: true
[35m[Appium][39m   systemPort: 61219
[35m[Appium][39m   udid: RR8M30NJEFN
[35m[Appium][39m   unicodeKeyboard: true
[35m[BaseDriver][39m The following capabilities were provided, but are not recognized by appium: deviceId, platform.
[35m[BaseDriver][39m Session created with session id: 2ebe90fc-d0f1-48fe-8dd8-39dd7e4f896f
[35m[BaseDriver][39m Using local app 'C:\Users\Marvin\Documents\GitHub\ACCBid-Mobile\accbid.apk'
[35m[ADB][39m Checking whether adb is present
[35m[ADB][39m Found 1 'build-tools' folders under 'C:\Users\Marvin\.katalon\tools\android_sdk' (newest first):
[35m[ADB][39m     C:/Users/Marvin/.katalon/tools/android_sdk/build-tools/29.0.0
[35m[ADB][39m Using adb.exe from C:\Users\Marvin\.katalon\tools\android_sdk\platform-tools\adb.exe
[35m[AndroidDriver][39m Retrieving device list
[35m[AndroidDriver][39m Using device: RR8M30NJEFN
[35m[UiAutomator2][39m Relaxing hidden api policy
[35m[ADB][39m Using the alternative activity name detection method because of: Could not find apkanalyzer.bat in C:\Users\Marvin\.katalon\tools\android_sdk\platform-tools\apkanalyzer.bat,C:\Users\Marvin\.katalon\tools\android_sdk\emulator\apkanalyzer.bat,C:\Users\Marvin\.katalon\tools\android_sdk\tools\apkanalyzer.bat,C:\Users\Marvin\.katalon\tools\android_sdk\tools\bin\apkanalyzer.bat,C:\Users\Marvin\.katalon\tools\android_sdk\build-tools\29.0.0\apkanalyzer.bat. Do you have the Android SDK installed at 'C:\Users\Marvin\.katalon\tools\android_sdk'?
[35m[ADB][39m Checking whether aapt is present
[35m[ADB][39m Using aapt.exe from C:\Users\Marvin\.katalon\tools\android_sdk\build-tools\29.0.0\aapt.exe
[35m[ADB][39m Extracting package and launch activity from manifest
[35m[ADB][39m Package name: 'com.outsystemsenterprise.acctst1.BidMart'
[35m[ADB][39m Main activity name: 'com.outsystemsenterprise.acctst1.BidMart.MainActivity'
[35m[ADB][39m Using apksigner.bat from C:\Users\Marvin\.katalon\tools\android_sdk\build-tools\29.0.0\apksigner.bat
[35m[UiAutomator2][39m Server packages are not going to be (re)installed
[35m[UiAutomator2][39m Starting UIAutomator2 server 3.4.0
[35m[UiAutomator2][39m Using UIAutomator2 server from 'C:\Users\Marvin\AppData\Roaming\npm\node_modules\appium\node_modules\appium-uiautomator2-server\apks\appium-uiautomator2-server-v3.4.0.apk' and test from 'C:\Users\Marvin\AppData\Roaming\npm\node_modules\appium\node_modules\appium-uiautomator2-server\apks\appium-uiautomator2-server-debug-androidTest.apk'
[35m[UiAutomator2][39m Waiting up to 30000ms for UiAutomator2 to be online...
[35m[WD Proxy][39m Got an unexpected response: {"code":"ECONNRESET"}
[35m[WD Proxy][39m Got an unexpected response: {"code":"ECONNRESET"}
[35m[WD Proxy][39m Got an unexpected response: {"code":"ECONNRESET"}
[35m[AndroidDriver][39m Screen already unlocked, doing nothing
[35m[UiAutomator2][39m UiAutomator2 did not start the activity we were waiting for, 'com.outsystemsenterprise.acctst1.BidMart/com.outsystemsenterprise.acctst1.BidMart.MainActivity'. Starting it ourselves
[35m[Appium][39m New AndroidUiautomator2Driver session created successfully, session 2ebe90fc-d0f1-48fe-8dd8-39dd7e4f896f added to master session list
[35m[HTTP][39m [37m<-- POST /wd/hub/session [39m[32m200[39m [90m34507 ms - 1365[39m
[35m[HTTP][39m [90m[39m
[35m[HTTP][39m [37m-->[39m [37mGET[39m [37m/wd/hub/session/2ebe90fc-d0f1-48fe-8dd8-39dd7e4f896f[39m
[35m[HTTP][39m [90m{}[39m
[35m[HTTP][39m [37m<-- GET /wd/hub/session/2ebe90fc-d0f1-48fe-8dd8-39dd7e4f896f [39m[32m200[39m [90m43 ms - 1297[39m
[35m[HTTP][39m [90m[39m
[35m[HTTP][39m [37m-->[39m [37mGET[39m [37m/wd/hub/session/2ebe90fc-d0f1-48fe-8dd8-39dd7e4f896f[39m
[35m[HTTP][39m [90m{}[39m
[35m[HTTP][39m [37m<-- GET /wd/hub/session/2ebe90fc-d0f1-48fe-8dd8-39dd7e4f896f [39m[32m200[39m [90m25 ms - 1297[39m
[35m[HTTP][39m [90m[39m
[35m[HTTP][39m [37m-->[39m [37mGET[39m [37m/wd/hub/status[39m
[35m[HTTP][39m [90m{}[39m
[35m[HTTP][39m [37m<-- GET /wd/hub/status [39m[32m200[39m [90m2 ms - 68[39m
[35m[HTTP][39m [90m[39m
[35m[HTTP][39m [37m-->[39m [37mPOST[39m [37m/wd/hub/session/2ebe90fc-d0f1-48fe-8dd8-39dd7e4f896f/timeouts[39m
[35m[HTTP][39m [90m{"implicit":60000}[39m
[35m[HTTP][39m [37m<-- POST /wd/hub/session/2ebe90fc-d0f1-48fe-8dd8-39dd7e4f896f/timeouts [39m[32m200[39m [90m18 ms - 14[39m
[35m[HTTP][39m [90m[39m
[35m[HTTP][39m [37m-->[39m [37mPOST[39m [37m/wd/hub/session/2ebe90fc-d0f1-48fe-8dd8-39dd7e4f896f/timeouts[39m
[35m[HTTP][39m [90m{"implicit":50}[39m
[35m[HTTP][39m [37m<-- POST /wd/hub/session/2ebe90fc-d0f1-48fe-8dd8-39dd7e4f896f/timeouts [39m[32m200[39m [90m3 ms - 14[39m
[35m[HTTP][39m [90m[39m
[35m[HTTP][39m [37m-->[39m [37mGET[39m [37m/wd/hub/session/2ebe90fc-d0f1-48fe-8dd8-39dd7e4f896f/window/rect[39m
[35m[HTTP][39m [90m{}[39m
[35m[HTTP][39m [37m<-- GET /wd/hub/session/2ebe90fc-d0f1-48fe-8dd8-39dd7e4f896f/window/rect [39m[32m200[39m [90m77 ms - 50[39m
[35m[HTTP][39m [90m[39m
[35m[HTTP][39m [37m-->[39m [37mPOST[39m [37m/wd/hub/session/2ebe90fc-d0f1-48fe-8dd8-39dd7e4f896f/elements[39m
[35m[HTTP][39m [90m{"using":"-android uiautomator","value":"new UiSelector().className(\"android.view.View\").text(\"IBIDBatam07 - 07 Aug 2020\")"}[39m
[35m[HTTP][39m [37m<-- POST /wd/hub/session/2ebe90fc-d0f1-48fe-8dd8-39dd7e4f896f/elements [39m[32m200[39m [90m96 ms - 12[39m
[35m[HTTP][39m [90m[39m
[35m[HTTP][39m [37m-->[39m [37mPOST[39m [37m/wd/hub/session/2ebe90fc-d0f1-48fe-8dd8-39dd7e4f896f/elements[39m
[35m[HTTP][39m [90m{"using":"-android uiautomator","value":"new UiSelector().className(\"android.view.View\").text(\"IBIDBatam07 - 07 Aug 2020\")"}[39m
[35m[HTTP][39m [37m<-- POST /wd/hub/session/2ebe90fc-d0f1-48fe-8dd8-39dd7e4f896f/elements [39m[32m200[39m [90m76 ms - 12[39m
[35m[HTTP][39m [90m[39m
[35m[HTTP][39m [37m-->[39m [37mPOST[39m [37m/wd/hub/session/2ebe90fc-d0f1-48fe-8dd8-39dd7e4f896f/elements[39m
[35m[HTTP][39m [90m{"using":"-android uiautomator","value":"new UiSelector().className(\"android.view.View\").text(\"IBIDBatam07 - 07 Aug 2020\")"}[39m
[35m[HTTP][39m [37m<-- POST /wd/hub/session/2ebe90fc-d0f1-48fe-8dd8-39dd7e4f896f/elements [39m[32m200[39m [90m162 ms - 12[39m
[35m[HTTP][39m [90m[39m
[35m[HTTP][39m [37m-->[39m [37mPOST[39m [37m/wd/hub/session/2ebe90fc-d0f1-48fe-8dd8-39dd7e4f896f/elements[39m
[35m[HTTP][39m [90m{"using":"-android uiautomator","value":"new UiSelector().className(\"android.view.View\").text(\"IBIDBatam07 - 07 Aug 2020\")"}[39m
[35m[HTTP][39m [37m<-- POST /wd/hub/session/2ebe90fc-d0f1-48fe-8dd8-39dd7e4f896f/elements [39m[32m200[39m [90m126 ms - 12[39m
[35m[HTTP][39m [90m[39m
[35m[HTTP][39m [37m-->[39m [37mPOST[39m [37m/wd/hub/session/2ebe90fc-d0f1-48fe-8dd8-39dd7e4f896f/elements[39m
[35m[HTTP][39m [90m{"using":"-android uiautomator","value":"new UiSelector().className(\"android.view.View\").text(\"IBIDBatam07 - 07 Aug 2020\")"}[39m
[35m[HTTP][39m [37m<-- POST /wd/hub/session/2ebe90fc-d0f1-48fe-8dd8-39dd7e4f896f/elements [39m[32m200[39m [90m86 ms - 12[39m
[35m[HTTP][39m [90m[39m
[35m[HTTP][39m [37m-->[39m [37mPOST[39m [37m/wd/hub/session/2ebe90fc-d0f1-48fe-8dd8-39dd7e4f896f/elements[39m
[35m[HTTP][39m [90m{"using":"-android uiautomator","value":"new UiSelector().className(\"android.view.View\").text(\"IBIDBatam07 - 07 Aug 2020\")"}[39m
[35m[HTTP][39m [37m<-- POST /wd/hub/session/2ebe90fc-d0f1-48fe-8dd8-39dd7e4f896f/elements [39m[32m200[39m [90m414 ms - 12[39m
[35m[HTTP][39m [90m[39m
[35m[HTTP][39m [37m-->[39m [37mPOST[39m [37m/wd/hub/session/2ebe90fc-d0f1-48fe-8dd8-39dd7e4f896f/elements[39m
[35m[HTTP][39m [90m{"using":"-android uiautomator","value":"new UiSelector().className(\"android.view.View\").text(\"IBIDBatam07 - 07 Aug 2020\")"}[39m
[35m[HTTP][39m [37m<-- POST /wd/hub/session/2ebe90fc-d0f1-48fe-8dd8-39dd7e4f896f/elements [39m[32m200[39m [90m3261 ms - 139[39m
[35m[HTTP][39m [90m[39m
[35m[HTTP][39m [37m-->[39m [37mGET[39m [37m/wd/hub/session/2ebe90fc-d0f1-48fe-8dd8-39dd7e4f896f/element/7c1bfd18-5b7e-4751-95d7-8100e123b9e4/location[39m
[35m[HTTP][39m [90m{}[39m
[35m[W3C (2ebe90fc)][39m Driver proxy active, passing request on via HTTP proxy
[35m[WD Proxy][39m Replacing sessionId b4ad5f19-ae8e-48fb-9b14-59b38dac1b21 with 2ebe90fc-d0f1-48fe-8dd8-39dd7e4f896f
[35m[HTTP][39m [37m<-- GET /wd/hub/session/2ebe90fc-d0f1-48fe-8dd8-39dd7e4f896f/element/7c1bfd18-5b7e-4751-95d7-8100e123b9e4/location [39m[32m200[39m [90m250 ms - 89[39m
[35m[HTTP][39m [90m[39m
[35m[HTTP][39m [37m-->[39m [37mPOST[39m [37m/wd/hub/session/2ebe90fc-d0f1-48fe-8dd8-39dd7e4f896f/timeouts[39m
[35m[HTTP][39m [90m{"implicit":60000}[39m
[35m[HTTP][39m [37m<-- POST /wd/hub/session/2ebe90fc-d0f1-48fe-8dd8-39dd7e4f896f/timeouts [39m[32m200[39m [90m3 ms - 14[39m
[35m[HTTP][39m [90m[39m
[35m[HTTP][39m [37m-->[39m [37mGET[39m [37m/wd/hub/session/2ebe90fc-d0f1-48fe-8dd8-39dd7e4f896f/element/7c1bfd18-5b7e-4751-95d7-8100e123b9e4/text[39m
[35m[HTTP][39m [90m{}[39m
[35m[W3C (2ebe90fc)][39m Driver proxy active, passing request on via HTTP proxy
[35m[WD Proxy][39m Replacing sessionId b4ad5f19-ae8e-48fb-9b14-59b38dac1b21 with 2ebe90fc-d0f1-48fe-8dd8-39dd7e4f896f
[35m[HTTP][39m [37m<-- GET /wd/hub/session/2ebe90fc-d0f1-48fe-8dd8-39dd7e4f896f/element/7c1bfd18-5b7e-4751-95d7-8100e123b9e4/text [39m[32m200[39m [90m218 ms - 99[39m
[35m[HTTP][39m [90m[39m
[35m[HTTP][39m [37m-->[39m [37mPOST[39m [37m/wd/hub/session/2ebe90fc-d0f1-48fe-8dd8-39dd7e4f896f/timeouts[39m
[35m[HTTP][39m [90m{"implicit":50}[39m
[35m[HTTP][39m [37m<-- POST /wd/hub/session/2ebe90fc-d0f1-48fe-8dd8-39dd7e4f896f/timeouts [39m[32m200[39m [90m5 ms - 14[39m
[35m[HTTP][39m [90m[39m
[35m[HTTP][39m [37m-->[39m [37mGET[39m [37m/wd/hub/session/2ebe90fc-d0f1-48fe-8dd8-39dd7e4f896f/window/rect[39m
[35m[HTTP][39m [90m{}[39m
[35m[HTTP][39m [37m<-- GET /wd/hub/session/2ebe90fc-d0f1-48fe-8dd8-39dd7e4f896f/window/rect [39m[32m200[39m [90m60 ms - 50[39m
[35m[HTTP][39m [90m[39m
[35m[HTTP][39m [37m-->[39m [37mPOST[39m [37m/wd/hub/session/2ebe90fc-d0f1-48fe-8dd8-39dd7e4f896f/elements[39m
[35m[HTTP][39m [90m{"using":"-android uiautomator","value":"new UiSelector().className(\"android.view.View\").text(\"IBIDBatam07 - 07 Aug 2020\")"}[39m
[35m[HTTP][39m [37m<-- POST /wd/hub/session/2ebe90fc-d0f1-48fe-8dd8-39dd7e4f896f/elements [39m[32m200[39m [90m1045 ms - 139[39m
[35m[HTTP][39m [90m[39m
[35m[HTTP][39m [37m-->[39m [37mGET[39m [37m/wd/hub/session/2ebe90fc-d0f1-48fe-8dd8-39dd7e4f896f/element/7e1ef35e-ee0a-41c2-b6a8-801545155074/location[39m
[35m[HTTP][39m [90m{}[39m
[35m[W3C (2ebe90fc)][39m Driver proxy active, passing request on via HTTP proxy
[35m[WD Proxy][39m Replacing sessionId b4ad5f19-ae8e-48fb-9b14-59b38dac1b21 with 2ebe90fc-d0f1-48fe-8dd8-39dd7e4f896f
[35m[HTTP][39m [37m<-- GET /wd/hub/session/2ebe90fc-d0f1-48fe-8dd8-39dd7e4f896f/element/7e1ef35e-ee0a-41c2-b6a8-801545155074/location [39m[32m200[39m [90m164 ms - 89[39m
[35m[HTTP][39m [90m[39m
[35m[HTTP][39m [37m-->[39m [37mPOST[39m [37m/wd/hub/session/2ebe90fc-d0f1-48fe-8dd8-39dd7e4f896f/timeouts[39m
[35m[HTTP][39m [90m{"implicit":60000}[39m
[35m[HTTP][39m [37m<-- POST /wd/hub/session/2ebe90fc-d0f1-48fe-8dd8-39dd7e4f896f/timeouts [39m[32m200[39m [90m3 ms - 14[39m
[35m[HTTP][39m [90m[39m
[35m[HTTP][39m [37m-->[39m [37mPOST[39m [37m/wd/hub/session/2ebe90fc-d0f1-48fe-8dd8-39dd7e4f896f/touch/perform[39m
[35m[HTTP][39m [90m{"actions":[{"action":"tap","options":{"x":1,"y":1,"element":"7e1ef35e-ee0a-41c2-b6a8-801545155074"}},{"action":"release","options":{}}]}[39m
[35m[UiAutomator2][39m calling get location: 7e1ef35e-ee0a-41c2-b6a8-801545155074
[35m[HTTP][39m [37m<-- POST /wd/hub/session/2ebe90fc-d0f1-48fe-8dd8-39dd7e4f896f/touch/perform [39m[32m200[39m [90m1160 ms - 14[39m
[35m[HTTP][39m [90m[39m
[35m[HTTP][39m [37m-->[39m [37mPOST[39m [37m/wd/hub/session/2ebe90fc-d0f1-48fe-8dd8-39dd7e4f896f/timeouts[39m
[35m[HTTP][39m [90m{"implicit":50}[39m
[35m[HTTP][39m [37m<-- POST /wd/hub/session/2ebe90fc-d0f1-48fe-8dd8-39dd7e4f896f/timeouts [39m[32m200[39m [90m3 ms - 14[39m
[35m[HTTP][39m [90m[39m
[35m[HTTP][39m [37m-->[39m [37mGET[39m [37m/wd/hub/session/2ebe90fc-d0f1-48fe-8dd8-39dd7e4f896f/window/rect[39m
[35m[HTTP][39m [90m{}[39m
[35m[HTTP][39m [37m<-- GET /wd/hub/session/2ebe90fc-d0f1-48fe-8dd8-39dd7e4f896f/window/rect [39m[32m200[39m [90m56 ms - 50[39m
[35m[HTTP][39m [90m[39m
[35m[HTTP][39m [37m-->[39m [37mPOST[39m [37m/wd/hub/session/2ebe90fc-d0f1-48fe-8dd8-39dd7e4f896f/elements[39m
[35m[HTTP][39m [90m{"using":"-android uiautomator","value":"new UiSelector().className(\"android.view.View\").text(\"\")"}[39m
[35m[HTTP][39m [37m<-- POST /wd/hub/session/2ebe90fc-d0f1-48fe-8dd8-39dd7e4f896f/elements [39m[32m200[39m [90m1419 ms - 12[39m
[35m[HTTP][39m [90m[39m
[35m[HTTP][39m [37m-->[39m [37mPOST[39m [37m/wd/hub/session/2ebe90fc-d0f1-48fe-8dd8-39dd7e4f896f/elements[39m
[35m[HTTP][39m [90m{"using":"-android uiautomator","value":"new UiSelector().className(\"android.view.View\").text(\"\")"}[39m
[35m[HTTP][39m [37m<-- POST /wd/hub/session/2ebe90fc-d0f1-48fe-8dd8-39dd7e4f896f/elements [39m[32m200[39m [90m166 ms - 12[39m
[35m[HTTP][39m [90m[39m
[35m[HTTP][39m [37m-->[39m [37mPOST[39m [37m/wd/hub/session/2ebe90fc-d0f1-48fe-8dd8-39dd7e4f896f/elements[39m
[35m[HTTP][39m [90m{"using":"-android uiautomator","value":"new UiSelector().className(\"android.view.View\").text(\"\")"}[39m
[35m[HTTP][39m [37m<-- POST /wd/hub/session/2ebe90fc-d0f1-48fe-8dd8-39dd7e4f896f/elements [39m[32m200[39m [90m173 ms - 12[39m
[35m[HTTP][39m [90m[39m
[35m[HTTP][39m [37m-->[39m [37mPOST[39m [37m/wd/hub/session/2ebe90fc-d0f1-48fe-8dd8-39dd7e4f896f/elements[39m
[35m[HTTP][39m [90m{"using":"-android uiautomator","value":"new UiSelector().className(\"android.view.View\").text(\"\")"}[39m
[35m[HTTP][39m [37m<-- POST /wd/hub/session/2ebe90fc-d0f1-48fe-8dd8-39dd7e4f896f/elements [39m[32m200[39m [90m133 ms - 12[39m
[35m[HTTP][39m [90m[39m
[35m[HTTP][39m [37m-->[39m [37mPOST[39m [37m/wd/hub/session/2ebe90fc-d0f1-48fe-8dd8-39dd7e4f896f/elements[39m
[35m[HTTP][39m [90m{"using":"-android uiautomator","value":"new UiSelector().className(\"android.view.View\").text(\"\")"}[39m
[35m[HTTP][39m [37m<-- POST /wd/hub/session/2ebe90fc-d0f1-48fe-8dd8-39dd7e4f896f/elements [39m[32m200[39m [90m1132 ms - 12[39m
[35m[HTTP][39m [90m[39m
[35m[HTTP][39m [37m-->[39m [37mPOST[39m [37m/wd/hub/session/2ebe90fc-d0f1-48fe-8dd8-39dd7e4f896f/elements[39m
[35m[HTTP][39m [90m{"using":"-android uiautomator","value":"new UiSelector().className(\"android.view.View\").text(\"\")"}[39m
[35m[HTTP][39m [37m<-- POST /wd/hub/session/2ebe90fc-d0f1-48fe-8dd8-39dd7e4f896f/elements [39m[32m200[39m [90m155 ms - 12[39m
[35m[HTTP][39m [90m[39m
[35m[HTTP][39m [37m-->[39m [37mPOST[39m [37m/wd/hub/session/2ebe90fc-d0f1-48fe-8dd8-39dd7e4f896f/elements[39m
[35m[HTTP][39m [90m{"using":"-android uiautomator","value":"new UiSelector().className(\"android.view.View\").text(\"\")"}[39m
[35m[HTTP][39m [37m<-- POST /wd/hub/session/2ebe90fc-d0f1-48fe-8dd8-39dd7e4f896f/elements [39m[32m200[39m [90m158 ms - 12[39m
[35m[HTTP][39m [90m[39m
[35m[HTTP][39m [37m-->[39m [37mPOST[39m [37m/wd/hub/session/2ebe90fc-d0f1-48fe-8dd8-39dd7e4f896f/elements[39m
[35m[HTTP][39m [90m{"using":"-android uiautomator","value":"new UiSelector().className(\"android.view.View\").text(\"\")"}[39m
[35m[HTTP][39m [37m<-- POST /wd/hub/session/2ebe90fc-d0f1-48fe-8dd8-39dd7e4f896f/elements [39m[32m200[39m [90m150 ms - 12[39m
[35m[HTTP][39m [90m[39m
[35m[HTTP][39m [37m-->[39m [37mPOST[39m [37m/wd/hub/session/2ebe90fc-d0f1-48fe-8dd8-39dd7e4f896f/elements[39m
[35m[HTTP][39m [90m{"using":"-android uiautomator","value":"new UiSelector().className(\"android.view.View\").text(\"\")"}[39m
[35m[HTTP][39m [37m<-- POST /wd/hub/session/2ebe90fc-d0f1-48fe-8dd8-39dd7e4f896f/elements [39m[32m200[39m [90m146 ms - 12[39m
[35m[HTTP][39m [90m[39m
[35m[HTTP][39m [37m-->[39m [37mPOST[39m [37m/wd/hub/session/2ebe90fc-d0f1-48fe-8dd8-39dd7e4f896f/elements[39m
[35m[HTTP][39m [90m{"using":"-android uiautomator","value":"new UiSelector().className(\"android.view.View\").text(\"\")"}[39m
[35m[HTTP][39m [37m<-- POST /wd/hub/session/2ebe90fc-d0f1-48fe-8dd8-39dd7e4f896f/elements [39m[32m200[39m [90m1190 ms - 139[39m
[35m[HTTP][39m [90m[39m
[35m[HTTP][39m [37m-->[39m [37mGET[39m [37m/wd/hub/session/2ebe90fc-d0f1-48fe-8dd8-39dd7e4f896f/element/9ac42d2f-0512-4772-92a1-d48cc65ed2e9/location[39m
[35m[HTTP][39m [90m{}[39m
[35m[W3C (2ebe90fc)][39m Driver proxy active, passing request on via HTTP proxy
[35m[WD Proxy][39m Replacing sessionId b4ad5f19-ae8e-48fb-9b14-59b38dac1b21 with 2ebe90fc-d0f1-48fe-8dd8-39dd7e4f896f
[35m[HTTP][39m [37m<-- GET /wd/hub/session/2ebe90fc-d0f1-48fe-8dd8-39dd7e4f896f/element/9ac42d2f-0512-4772-92a1-d48cc65ed2e9/location [39m[32m200[39m [90m151 ms - 89[39m
[35m[HTTP][39m [90m[39m
[35m[HTTP][39m [37m-->[39m [37mPOST[39m [37m/wd/hub/session/2ebe90fc-d0f1-48fe-8dd8-39dd7e4f896f/timeouts[39m
[35m[HTTP][39m [90m{"implicit":60000}[39m
[35m[HTTP][39m [37m<-- POST /wd/hub/session/2ebe90fc-d0f1-48fe-8dd8-39dd7e4f896f/timeouts [39m[32m200[39m [90m2 ms - 14[39m
[35m[HTTP][39m [90m[39m
[35m[HTTP][39m [37m-->[39m [37mPOST[39m [37m/wd/hub/session/2ebe90fc-d0f1-48fe-8dd8-39dd7e4f896f/touch/perform[39m
[35m[HTTP][39m [90m{"actions":[{"action":"tap","options":{"x":1,"y":1,"element":"9ac42d2f-0512-4772-92a1-d48cc65ed2e9"}},{"action":"release","options":{}}]}[39m
[35m[UiAutomator2][39m calling get location: 9ac42d2f-0512-4772-92a1-d48cc65ed2e9
[35m[HTTP][39m [37m<-- POST /wd/hub/session/2ebe90fc-d0f1-48fe-8dd8-39dd7e4f896f/touch/perform [39m[32m200[39m [90m1061 ms - 14[39m
[35m[HTTP][39m [90m[39m
[35m[HTTP][39m [37m-->[39m [37mGET[39m [37m/wd/hub/session/2ebe90fc-d0f1-48fe-8dd8-39dd7e4f896f/context[39m
[35m[HTTP][39m [90m{}[39m
[35m[HTTP][39m [37m<-- GET /wd/hub/session/2ebe90fc-d0f1-48fe-8dd8-39dd7e4f896f/context [39m[32m200[39m [90m3 ms - 22[39m
[35m[HTTP][39m [90m[39m
[35m[HTTP][39m [37m-->[39m [37mGET[39m [37m/wd/hub/session/2ebe90fc-d0f1-48fe-8dd8-39dd7e4f896f/contexts[39m
[35m[HTTP][39m [90m{}[39m
[35m[HTTP][39m [37m<-- GET /wd/hub/session/2ebe90fc-d0f1-48fe-8dd8-39dd7e4f896f/contexts [39m[32m200[39m [90m472 ms - 75[39m
[35m[HTTP][39m [90m[39m
[35m[HTTP][39m [37m-->[39m [37mPOST[39m [37m/wd/hub/session/2ebe90fc-d0f1-48fe-8dd8-39dd7e4f896f/context[39m
[35m[HTTP][39m [90m{"name":"NATIVE_APP"}[39m
[35m[HTTP][39m [37m<-- POST /wd/hub/session/2ebe90fc-d0f1-48fe-8dd8-39dd7e4f896f/context [39m[32m200[39m [90m3 ms - 14[39m
[35m[HTTP][39m [90m[39m
[35m[HTTP][39m [37m-->[39m [37mPOST[39m [37m/wd/hub/session/2ebe90fc-d0f1-48fe-8dd8-39dd7e4f896f/appium/device/press_keycode[39m
[35m[HTTP][39m [90m{"keycode":4}[39m
[35m[HTTP][39m [37m<-- POST /wd/hub/session/2ebe90fc-d0f1-48fe-8dd8-39dd7e4f896f/appium/device/press_keycode [39m[32m200[39m [90m185 ms - 14[39m
[35m[HTTP][39m [90m[39m
[35m[HTTP][39m [37m-->[39m [37mPOST[39m [37m/wd/hub/session/2ebe90fc-d0f1-48fe-8dd8-39dd7e4f896f/context[39m
[35m[HTTP][39m [90m{"name":"NATIVE_APP"}[39m
[35m[HTTP][39m [37m<-- POST /wd/hub/session/2ebe90fc-d0f1-48fe-8dd8-39dd7e4f896f/context [39m[32m200[39m [90m2 ms - 14[39m
[35m[HTTP][39m [90m[39m
[35m[HTTP][39m [37m-->[39m [37mPOST[39m [37m/wd/hub/session/2ebe90fc-d0f1-48fe-8dd8-39dd7e4f896f/timeouts[39m
[35m[HTTP][39m [90m{"implicit":50}[39m
[35m[HTTP][39m [37m<-- POST /wd/hub/session/2ebe90fc-d0f1-48fe-8dd8-39dd7e4f896f/timeouts [39m[32m200[39m [90m3 ms - 14[39m
[35m[HTTP][39m [90m[39m
[35m[HTTP][39m [37m-->[39m [37mGET[39m [37m/wd/hub/session/2ebe90fc-d0f1-48fe-8dd8-39dd7e4f896f/window/rect[39m
[35m[HTTP][39m [90m{}[39m
[35m[HTTP][39m [37m<-- GET /wd/hub/session/2ebe90fc-d0f1-48fe-8dd8-39dd7e4f896f/window/rect [39m[32m200[39m [90m56 ms - 50[39m
[35m[HTTP][39m [90m[39m
[35m[HTTP][39m [37m-->[39m [37mPOST[39m [37m/wd/hub/session/2ebe90fc-d0f1-48fe-8dd8-39dd7e4f896f/elements[39m
[35m[HTTP][39m [90m{"using":"-android uiautomator","value":"new UiSelector().className(\"android.view.View\").text(\"Wishlist\")"}[39m
[35m[HTTP][39m [37m<-- POST /wd/hub/session/2ebe90fc-d0f1-48fe-8dd8-39dd7e4f896f/elements [39m[32m200[39m [90m173 ms - 12[39m
[35m[HTTP][39m [90m[39m
[35m[HTTP][39m [37m-->[39m [37mPOST[39m [37m/wd/hub/session/2ebe90fc-d0f1-48fe-8dd8-39dd7e4f896f/elements[39m
[35m[HTTP][39m [90m{"using":"-android uiautomator","value":"new UiSelector().className(\"android.view.View\").text(\"Wishlist\")"}[39m
[35m[HTTP][39m [37m<-- POST /wd/hub/session/2ebe90fc-d0f1-48fe-8dd8-39dd7e4f896f/elements [39m[32m200[39m [90m202 ms - 12[39m
[35m[HTTP][39m [90m[39m
[35m[HTTP][39m [37m-->[39m [37mPOST[39m [37m/wd/hub/session/2ebe90fc-d0f1-48fe-8dd8-39dd7e4f896f/elements[39m
[35m[HTTP][39m [90m{"using":"-android uiautomator","value":"new UiSelector().className(\"android.view.View\").text(\"Wishlist\")"}[39m
[35m[HTTP][39m [37m<-- POST /wd/hub/session/2ebe90fc-d0f1-48fe-8dd8-39dd7e4f896f/elements [39m[32m200[39m [90m2333 ms - 139[39m
[35m[HTTP][39m [90m[39m
[35m[HTTP][39m [37m-->[39m [37mGET[39m [37m/wd/hub/session/2ebe90fc-d0f1-48fe-8dd8-39dd7e4f896f/element/6bf4328d-07aa-4032-8ef5-1c568cfa41a1/location[39m
[35m[HTTP][39m [90m{}[39m
[35m[W3C (2ebe90fc)][39m Driver proxy active, passing request on via HTTP proxy
[35m[WD Proxy][39m Replacing sessionId b4ad5f19-ae8e-48fb-9b14-59b38dac1b21 with 2ebe90fc-d0f1-48fe-8dd8-39dd7e4f896f
[35m[HTTP][39m [37m<-- GET /wd/hub/session/2ebe90fc-d0f1-48fe-8dd8-39dd7e4f896f/element/6bf4328d-07aa-4032-8ef5-1c568cfa41a1/location [39m[32m200[39m [90m168 ms - 90[39m
[35m[HTTP][39m [90m[39m
[35m[HTTP][39m [37m-->[39m [37mPOST[39m [37m/wd/hub/session/2ebe90fc-d0f1-48fe-8dd8-39dd7e4f896f/timeouts[39m
[35m[HTTP][39m [90m{"implicit":60000}[39m
[35m[HTTP][39m [37m<-- POST /wd/hub/session/2ebe90fc-d0f1-48fe-8dd8-39dd7e4f896f/timeouts [39m[32m200[39m [90m3 ms - 14[39m
[35m[HTTP][39m [90m[39m
[35m[HTTP][39m [37m-->[39m [37mPOST[39m [37m/wd/hub/session/2ebe90fc-d0f1-48fe-8dd8-39dd7e4f896f/touch/perform[39m
[35m[HTTP][39m [90m{"actions":[{"action":"tap","options":{"x":1,"y":1,"element":"6bf4328d-07aa-4032-8ef5-1c568cfa41a1"}},{"action":"release","options":{}}]}[39m
[35m[UiAutomator2][39m calling get location: 6bf4328d-07aa-4032-8ef5-1c568cfa41a1
[35m[HTTP][39m [37m<-- POST /wd/hub/session/2ebe90fc-d0f1-48fe-8dd8-39dd7e4f896f/touch/perform [39m[32m200[39m [90m2423 ms - 14[39m
[35m[HTTP][39m [90m[39m
[35m[HTTP][39m [37m-->[39m [37mPOST[39m [37m/wd/hub/session/2ebe90fc-d0f1-48fe-8dd8-39dd7e4f896f/timeouts[39m
[35m[HTTP][39m [90m{"implicit":50}[39m
[35m[HTTP][39m [37m<-- POST /wd/hub/session/2ebe90fc-d0f1-48fe-8dd8-39dd7e4f896f/timeouts [39m[32m200[39m [90m3 ms - 14[39m
[35m[HTTP][39m [90m[39m
[35m[HTTP][39m [37m-->[39m [37mGET[39m [37m/wd/hub/session/2ebe90fc-d0f1-48fe-8dd8-39dd7e4f896f/window/rect[39m
[35m[HTTP][39m [90m{}[39m
[35m[HTTP][39m [37m<-- GET /wd/hub/session/2ebe90fc-d0f1-48fe-8dd8-39dd7e4f896f/window/rect [39m[32m200[39m [90m94 ms - 50[39m
[35m[HTTP][39m [90m[39m
[35m[HTTP][39m [37m-->[39m [37mPOST[39m [37m/wd/hub/session/2ebe90fc-d0f1-48fe-8dd8-39dd7e4f896f/elements[39m
[35m[HTTP][39m [90m{"using":"-android uiautomator","value":"new UiSelector().className(\"android.view.View\").resourceId(\"b3-min\")"}[39m
[35m[HTTP][39m [37m<-- POST /wd/hub/session/2ebe90fc-d0f1-48fe-8dd8-39dd7e4f896f/elements [39m[32m200[39m [90m368 ms - 12[39m
[35m[HTTP][39m [90m[39m
[35m[HTTP][39m [37m-->[39m [37mPOST[39m [37m/wd/hub/session/2ebe90fc-d0f1-48fe-8dd8-39dd7e4f896f/elements[39m
[35m[HTTP][39m [90m{"using":"-android uiautomator","value":"new UiSelector().className(\"android.view.View\").resourceId(\"b3-min\")"}[39m
[35m[HTTP][39m [37m<-- POST /wd/hub/session/2ebe90fc-d0f1-48fe-8dd8-39dd7e4f896f/elements [39m[32m200[39m [90m712 ms - 12[39m
[35m[HTTP][39m [90m[39m
[35m[HTTP][39m [37m-->[39m [37mPOST[39m [37m/wd/hub/session/2ebe90fc-d0f1-48fe-8dd8-39dd7e4f896f/elements[39m
[35m[HTTP][39m [90m{"using":"-android uiautomator","value":"new UiSelector().className(\"android.view.View\").resourceId(\"b3-min\")"}[39m
[35m[HTTP][39m [37m<-- POST /wd/hub/session/2ebe90fc-d0f1-48fe-8dd8-39dd7e4f896f/elements [39m[32m200[39m [90m362 ms - 12[39m
[35m[HTTP][39m [90m[39m
[35m[HTTP][39m [37m-->[39m [37mPOST[39m [37m/wd/hub/session/2ebe90fc-d0f1-48fe-8dd8-39dd7e4f896f/elements[39m
[35m[HTTP][39m [90m{"using":"-android uiautomator","value":"new UiSelector().className(\"android.view.View\").resourceId(\"b3-min\")"}[39m
[35m[HTTP][39m [37m<-- POST /wd/hub/session/2ebe90fc-d0f1-48fe-8dd8-39dd7e4f896f/elements [39m[32m200[39m [90m506 ms - 12[39m
[35m[HTTP][39m [90m[39m
[35m[HTTP][39m [37m-->[39m [37mPOST[39m [37m/wd/hub/session/2ebe90fc-d0f1-48fe-8dd8-39dd7e4f896f/elements[39m
[35m[HTTP][39m [90m{"using":"-android uiautomator","value":"new UiSelector().className(\"android.view.View\").resourceId(\"b3-min\")"}[39m
[35m[HTTP][39m [37m<-- POST /wd/hub/session/2ebe90fc-d0f1-48fe-8dd8-39dd7e4f896f/elements [39m[32m200[39m [90m264 ms - 12[39m
[35m[HTTP][39m [90m[39m
[35m[HTTP][39m [37m-->[39m [37mPOST[39m [37m/wd/hub/session/2ebe90fc-d0f1-48fe-8dd8-39dd7e4f896f/elements[39m
[35m[HTTP][39m [90m{"using":"-android uiautomator","value":"new UiSelector().className(\"android.view.View\").resourceId(\"b3-min\")"}[39m
[35m[HTTP][39m [37m<-- POST /wd/hub/session/2ebe90fc-d0f1-48fe-8dd8-39dd7e4f896f/elements [39m[32m200[39m [90m772 ms - 12[39m
[35m[HTTP][39m [90m[39m
[35m[HTTP][39m [37m-->[39m [37mPOST[39m [37m/wd/hub/session/2ebe90fc-d0f1-48fe-8dd8-39dd7e4f896f/elements[39m
[35m[HTTP][39m [90m{"using":"-android uiautomator","value":"new UiSelector().className(\"android.view.View\").resourceId(\"b3-min\")"}[39m
[35m[HTTP][39m [37m<-- POST /wd/hub/session/2ebe90fc-d0f1-48fe-8dd8-39dd7e4f896f/elements [39m[32m200[39m [90m389 ms - 12[39m
[35m[HTTP][39m [90m[39m
[35m[HTTP][39m [37m-->[39m [37mPOST[39m [37m/wd/hub/session/2ebe90fc-d0f1-48fe-8dd8-39dd7e4f896f/elements[39m
[35m[HTTP][39m [90m{"using":"-android uiautomator","value":"new UiSelector().className(\"android.view.View\").resourceId(\"b3-min\")"}[39m
[35m[HTTP][39m [37m<-- POST /wd/hub/session/2ebe90fc-d0f1-48fe-8dd8-39dd7e4f896f/elements [39m[32m200[39m [90m797 ms - 12[39m
[35m[HTTP][39m [90m[39m
[35m[HTTP][39m [37m-->[39m [37mPOST[39m [37m/wd/hub/session/2ebe90fc-d0f1-48fe-8dd8-39dd7e4f896f/elements[39m
[35m[HTTP][39m [90m{"using":"-android uiautomator","value":"new UiSelector().className(\"android.view.View\").resourceId(\"b3-min\")"}[39m
[35m[HTTP][39m [37m<-- POST /wd/hub/session/2ebe90fc-d0f1-48fe-8dd8-39dd7e4f896f/elements [39m[32m200[39m [90m832 ms - 12[39m
[35m[HTTP][39m [90m[39m
[35m[HTTP][39m [37m-->[39m [37mPOST[39m [37m/wd/hub/session/2ebe90fc-d0f1-48fe-8dd8-39dd7e4f896f/elements[39m
[35m[HTTP][39m [90m{"using":"-android uiautomator","value":"new UiSelector().className(\"android.view.View\").resourceId(\"b3-min\")"}[39m
[35m[HTTP][39m [37m<-- POST /wd/hub/session/2ebe90fc-d0f1-48fe-8dd8-39dd7e4f896f/elements [39m[32m200[39m [90m792 ms - 12[39m
[35m[HTTP][39m [90m[39m
[35m[HTTP][39m [37m-->[39m [37mPOST[39m [37m/wd/hub/session/2ebe90fc-d0f1-48fe-8dd8-39dd7e4f896f/elements[39m
[35m[HTTP][39m [90m{"using":"-android uiautomator","value":"new UiSelector().className(\"android.view.View\").resourceId(\"b3-min\")"}[39m
[35m[HTTP][39m [37m<-- POST /wd/hub/session/2ebe90fc-d0f1-48fe-8dd8-39dd7e4f896f/elements [39m[32m200[39m [90m347 ms - 12[39m
[35m[HTTP][39m [90m[39m
[35m[HTTP][39m [37m-->[39m [37mPOST[39m [37m/wd/hub/session/2ebe90fc-d0f1-48fe-8dd8-39dd7e4f896f/elements[39m
[35m[HTTP][39m [90m{"using":"-android uiautomator","value":"new UiSelector().className(\"android.view.View\").resourceId(\"b3-min\")"}[39m
[35m[HTTP][39m [37m<-- POST /wd/hub/session/2ebe90fc-d0f1-48fe-8dd8-39dd7e4f896f/elements [39m[32m200[39m [90m602 ms - 12[39m
[35m[HTTP][39m [90m[39m
[35m[HTTP][39m [37m-->[39m [37mPOST[39m [37m/wd/hub/session/2ebe90fc-d0f1-48fe-8dd8-39dd7e4f896f/elements[39m
[35m[HTTP][39m [90m{"using":"-android uiautomator","value":"new UiSelector().className(\"android.view.View\").resourceId(\"b3-min\")"}[39m
[35m[HTTP][39m [37m<-- POST /wd/hub/session/2ebe90fc-d0f1-48fe-8dd8-39dd7e4f896f/elements [39m[32m200[39m [90m354 ms - 12[39m
[35m[HTTP][39m [90m[39m
[35m[HTTP][39m [37m-->[39m [37mPOST[39m [37m/wd/hub/session/2ebe90fc-d0f1-48fe-8dd8-39dd7e4f896f/elements[39m
[35m[HTTP][39m [90m{"using":"-android uiautomator","value":"new UiSelector().className(\"android.view.View\").resourceId(\"b3-min\")"}[39m
[35m[HTTP][39m [37m<-- POST /wd/hub/session/2ebe90fc-d0f1-48fe-8dd8-39dd7e4f896f/elements [39m[32m200[39m [90m699 ms - 139[39m
[35m[HTTP][39m [90m[39m
[35m[HTTP][39m [37m-->[39m [37mGET[39m [37m/wd/hub/session/2ebe90fc-d0f1-48fe-8dd8-39dd7e4f896f/element/cde82adb-35a2-4663-a347-7f28445a3ac8/location[39m
[35m[HTTP][39m [90m{}[39m
[35m[W3C (2ebe90fc)][39m Driver proxy active, passing request on via HTTP proxy
[35m[WD Proxy][39m Replacing sessionId b4ad5f19-ae8e-48fb-9b14-59b38dac1b21 with 2ebe90fc-d0f1-48fe-8dd8-39dd7e4f896f
[35m[HTTP][39m [37m<-- GET /wd/hub/session/2ebe90fc-d0f1-48fe-8dd8-39dd7e4f896f/element/cde82adb-35a2-4663-a347-7f28445a3ac8/location [39m[32m200[39m [90m108 ms - 88[39m
[35m[HTTP][39m [90m[39m
[35m[HTTP][39m [37m-->[39m [37mPOST[39m [37m/wd/hub/session/2ebe90fc-d0f1-48fe-8dd8-39dd7e4f896f/timeouts[39m
[35m[HTTP][39m [90m{"implicit":60000}[39m
[35m[HTTP][39m [37m<-- POST /wd/hub/session/2ebe90fc-d0f1-48fe-8dd8-39dd7e4f896f/timeouts [39m[32m200[39m [90m3 ms - 14[39m
[35m[HTTP][39m [90m[39m
[35m[HTTP][39m [37m-->[39m [37mPOST[39m [37m/wd/hub/session/2ebe90fc-d0f1-48fe-8dd8-39dd7e4f896f/touch/perform[39m
[35m[HTTP][39m [90m{"actions":[{"action":"tap","options":{"x":1,"y":1,"element":"cde82adb-35a2-4663-a347-7f28445a3ac8"}},{"action":"release","options":{}}]}[39m
[35m[UiAutomator2][39m calling get location: cde82adb-35a2-4663-a347-7f28445a3ac8
[35m[HTTP][39m [37m<-- POST /wd/hub/session/2ebe90fc-d0f1-48fe-8dd8-39dd7e4f896f/touch/perform [39m[32m200[39m [90m1672 ms - 14[39m
[35m[HTTP][39m [90m[39m
[35m[HTTP][39m [37m-->[39m [37mGET[39m [37m/wd/hub/session/2ebe90fc-d0f1-48fe-8dd8-39dd7e4f896f/window/rect[39m
[35m[HTTP][39m [90m{}[39m
[35m[HTTP][39m [37m<-- GET /wd/hub/session/2ebe90fc-d0f1-48fe-8dd8-39dd7e4f896f/window/rect [39m[32m200[39m [90m66 ms - 50[39m
[35m[HTTP][39m [90m[39m
[35m[HTTP][39m [37m-->[39m [37mPOST[39m [37m/wd/hub/session/2ebe90fc-d0f1-48fe-8dd8-39dd7e4f896f/elements[39m
[35m[HTTP][39m [90m{"using":"-android uiautomator","value":"new UiSelector().className(\"android.view.View\").resourceId(\"b3-lelangterbuka\")"}[39m
[35m[HTTP][39m [37m<-- POST /wd/hub/session/2ebe90fc-d0f1-48fe-8dd8-39dd7e4f896f/elements [39m[32m200[39m [90m1476 ms - 139[39m
[35m[HTTP][39m [90m[39m
[35m[HTTP][39m [37m-->[39m [37mGET[39m [37m/wd/hub/session/2ebe90fc-d0f1-48fe-8dd8-39dd7e4f896f/element/986da983-713e-478d-a592-0f611acd7efe/location[39m
[35m[HTTP][39m [90m{}[39m
[35m[W3C (2ebe90fc)][39m Driver proxy active, passing request on via HTTP proxy
[35m[WD Proxy][39m Replacing sessionId b4ad5f19-ae8e-48fb-9b14-59b38dac1b21 with 2ebe90fc-d0f1-48fe-8dd8-39dd7e4f896f
[35m[HTTP][39m [37m<-- GET /wd/hub/session/2ebe90fc-d0f1-48fe-8dd8-39dd7e4f896f/element/986da983-713e-478d-a592-0f611acd7efe/location [39m[32m200[39m [90m124 ms - 88[39m
[35m[HTTP][39m [90m[39m
[35m[HTTP][39m [37m-->[39m [37mGET[39m [37m/wd/hub/session/2ebe90fc-d0f1-48fe-8dd8-39dd7e4f896f/element/986da983-713e-478d-a592-0f611acd7efe/attribute/checked[39m
[35m[HTTP][39m [90m{}[39m
[35m[HTTP][39m [37m<-- GET /wd/hub/session/2ebe90fc-d0f1-48fe-8dd8-39dd7e4f896f/element/986da983-713e-478d-a592-0f611acd7efe/attribute/checked [39m[32m200[39m [90m99 ms - 17[39m
[35m[HTTP][39m [90m[39m
[35m[HTTP][39m [37m-->[39m [37mPOST[39m [37m/wd/hub/session/2ebe90fc-d0f1-48fe-8dd8-39dd7e4f896f/touch/perform[39m
[35m[HTTP][39m [90m{"actions":[{"action":"tap","options":{"x":1,"y":1,"element":"986da983-713e-478d-a592-0f611acd7efe"}}]}[39m
[35m[UiAutomator2][39m calling get location: 986da983-713e-478d-a592-0f611acd7efe
[35m[HTTP][39m [37m<-- POST /wd/hub/session/2ebe90fc-d0f1-48fe-8dd8-39dd7e4f896f/touch/perform [39m[32m200[39m [90m1621 ms - 14[39m
[35m[HTTP][39m [90m[39m
[35m[HTTP][39m [37m-->[39m [37mGET[39m [37m/wd/hub/session/2ebe90fc-d0f1-48fe-8dd8-39dd7e4f896f/window/rect[39m
[35m[HTTP][39m [90m{}[39m
[35m[HTTP][39m [37m<-- GET /wd/hub/session/2ebe90fc-d0f1-48fe-8dd8-39dd7e4f896f/window/rect [39m[32m200[39m [90m96 ms - 50[39m
[35m[HTTP][39m [90m[39m
[35m[HTTP][39m [37m-->[39m [37mPOST[39m [37m/wd/hub/session/2ebe90fc-d0f1-48fe-8dd8-39dd7e4f896f/elements[39m
[35m[HTTP][39m [90m{"using":"-android uiautomator","value":"new UiSelector().className(\"android.view.View\").resourceId(\"b3-akandatang\")"}[39m
[35m[HTTP][39m [37m<-- POST /wd/hub/session/2ebe90fc-d0f1-48fe-8dd8-39dd7e4f896f/elements [39m[32m200[39m [90m791 ms - 139[39m
[35m[HTTP][39m [90m[39m
[35m[HTTP][39m [37m-->[39m [37mGET[39m [37m/wd/hub/session/2ebe90fc-d0f1-48fe-8dd8-39dd7e4f896f/element/3adc69ea-a4a1-440f-8482-47487802e8ec/location[39m
[35m[HTTP][39m [90m{}[39m
[35m[W3C (2ebe90fc)][39m Driver proxy active, passing request on via HTTP proxy
[35m[WD Proxy][39m Replacing sessionId b4ad5f19-ae8e-48fb-9b14-59b38dac1b21 with 2ebe90fc-d0f1-48fe-8dd8-39dd7e4f896f
[35m[HTTP][39m [37m<-- GET /wd/hub/session/2ebe90fc-d0f1-48fe-8dd8-39dd7e4f896f/element/3adc69ea-a4a1-440f-8482-47487802e8ec/location [39m[32m200[39m [90m176 ms - 88[39m
[35m[HTTP][39m [90m[39m
[35m[HTTP][39m [37m-->[39m [37mGET[39m [37m/wd/hub/session/2ebe90fc-d0f1-48fe-8dd8-39dd7e4f896f/element/3adc69ea-a4a1-440f-8482-47487802e8ec/attribute/checked[39m
[35m[HTTP][39m [90m{}[39m
[35m[HTTP][39m [37m<-- GET /wd/hub/session/2ebe90fc-d0f1-48fe-8dd8-39dd7e4f896f/element/3adc69ea-a4a1-440f-8482-47487802e8ec/attribute/checked [39m[32m200[39m [90m649 ms - 17[39m
[35m[HTTP][39m [90m[39m
[35m[HTTP][39m [37m-->[39m [37mPOST[39m [37m/wd/hub/session/2ebe90fc-d0f1-48fe-8dd8-39dd7e4f896f/touch/perform[39m
[35m[HTTP][39m [90m{"actions":[{"action":"tap","options":{"x":1,"y":1,"element":"3adc69ea-a4a1-440f-8482-47487802e8ec"}}]}[39m
[35m[UiAutomator2][39m calling get location: 3adc69ea-a4a1-440f-8482-47487802e8ec
[35m[HTTP][39m [37m<-- POST /wd/hub/session/2ebe90fc-d0f1-48fe-8dd8-39dd7e4f896f/touch/perform [39m[32m200[39m [90m1121 ms - 14[39m
[35m[HTTP][39m [90m[39m
[35m[HTTP][39m [37m-->[39m [37mPOST[39m [37m/wd/hub/session/2ebe90fc-d0f1-48fe-8dd8-39dd7e4f896f/timeouts[39m
[35m[HTTP][39m [90m{"implicit":50}[39m
[35m[HTTP][39m [37m<-- POST /wd/hub/session/2ebe90fc-d0f1-48fe-8dd8-39dd7e4f896f/timeouts [39m[32m200[39m [90m4 ms - 14[39m
[35m[HTTP][39m [90m[39m
[35m[HTTP][39m [37m-->[39m [37mGET[39m [37m/wd/hub/session/2ebe90fc-d0f1-48fe-8dd8-39dd7e4f896f/window/rect[39m
[35m[HTTP][39m [90m{}[39m
[35m[HTTP][39m [37m<-- GET /wd/hub/session/2ebe90fc-d0f1-48fe-8dd8-39dd7e4f896f/window/rect [39m[32m200[39m [90m59 ms - 50[39m
[35m[HTTP][39m [90m[39m
[35m[HTTP][39m [37m-->[39m [37mPOST[39m [37m/wd/hub/session/2ebe90fc-d0f1-48fe-8dd8-39dd7e4f896f/elements[39m
[35m[HTTP][39m [90m{"using":"-android uiautomator","value":"new UiSelector().className(\"android.widget.Button\").text(\"Apply\")"}[39m
[35m[HTTP][39m [37m<-- POST /wd/hub/session/2ebe90fc-d0f1-48fe-8dd8-39dd7e4f896f/elements [39m[32m200[39m [90m780 ms - 139[39m
[35m[HTTP][39m [90m[39m
[35m[HTTP][39m [37m-->[39m [37mGET[39m [37m/wd/hub/session/2ebe90fc-d0f1-48fe-8dd8-39dd7e4f896f/element/5053cb79-8057-422e-bd2a-73de44551f83/location[39m
[35m[HTTP][39m [90m{}[39m
[35m[W3C (2ebe90fc)][39m Driver proxy active, passing request on via HTTP proxy
[35m[WD Proxy][39m Replacing sessionId b4ad5f19-ae8e-48fb-9b14-59b38dac1b21 with 2ebe90fc-d0f1-48fe-8dd8-39dd7e4f896f
[35m[HTTP][39m [37m<-- GET /wd/hub/session/2ebe90fc-d0f1-48fe-8dd8-39dd7e4f896f/element/5053cb79-8057-422e-bd2a-73de44551f83/location [39m[32m200[39m [90m127 ms - 90[39m
[35m[HTTP][39m [90m[39m
[35m[HTTP][39m [37m-->[39m [37mPOST[39m [37m/wd/hub/session/2ebe90fc-d0f1-48fe-8dd8-39dd7e4f896f/timeouts[39m
[35m[HTTP][39m [90m{"implicit":60000}[39m
[35m[HTTP][39m [37m<-- POST /wd/hub/session/2ebe90fc-d0f1-48fe-8dd8-39dd7e4f896f/timeouts [39m[32m200[39m [90m4 ms - 14[39m
[35m[HTTP][39m [90m[39m
[35m[HTTP][39m [37m-->[39m [37mPOST[39m [37m/wd/hub/session/2ebe90fc-d0f1-48fe-8dd8-39dd7e4f896f/touch/perform[39m
[35m[HTTP][39m [90m{"actions":[{"action":"tap","options":{"x":1,"y":1,"element":"5053cb79-8057-422e-bd2a-73de44551f83"}},{"action":"release","options":{}}]}[39m
[35m[UiAutomator2][39m calling get location: 5053cb79-8057-422e-bd2a-73de44551f83
[35m[HTTP][39m [37m<-- POST /wd/hub/session/2ebe90fc-d0f1-48fe-8dd8-39dd7e4f896f/touch/perform [39m[32m200[39m [90m1837 ms - 14[39m
[35m[HTTP][39m [90m[39m
[35m[BaseDriver][39m Shutting down because we waited 1800 seconds for a command
[35m[Appium][39m Closing session, cause was 'New Command Timeout of 1800 seconds expired. Try customizing the timeout using the 'newCommandTimeout' desired capability'
[35m[Appium][39m Removing session 2ebe90fc-d0f1-48fe-8dd8-39dd7e4f896f from our master session list
[35m[UiAutomator2][39m Restoring hidden api policy to the device default configuration
