[35m[Appium][39m Welcome to Appium v1.8.1
[35m[Appium][39m Non-default server args:
[35m[Appium][39m   port: 53067
[35m[Appium][39m   loglevel: info
[35m[Appium][39m   chromeDriverPort: 53069
[35m[Appium][39m   tmpDir: C:\Users\Intan\AppData\Local\Temp\\Katalon\Appium\Temp1570692585821
[35m[Appium][39m Appium REST http interface listener started on 0.0.0.0:53067
[35m[HTTP][39m [37m-->[39m [37mGET[39m [37m/wd/hub/status[39m
[35m[HTTP][39m [90m{}[39m
[35m[HTTP][39m [37m<-- GET /wd/hub/status [39m[32m200[39m [90m14 ms - 83[39m
[35m[HTTP][39m [90m[39m
[35m[HTTP][39m [37m-->[39m [37mPOST[39m [37m/wd/hub/session[39m
[35m[HTTP][39m [90m{"desiredCapabilities":{"app":"C:\\Users\\Intan\\git\\ACCBid-Mobile\\accbid.apk","noReset":true,"deviceId":"","deviceName":"emulator-5554 (Android SDK built for x86 - Android 9)","fullReset":false,"platform":"ANDROID","newCommandTimeout":1800,"platformVersion":"9","automationName":"uiautomator2","autoGrantPermissions":true,"unicodeKeyboard":true,"platformName":"Android","udid":"emulator-5554","resetKeyboard":true,"systemPort":53066},"capabilities":{"firstMatch":[{"appium:app":"C:\\Users\\Intan\\git\\ACCBid-Mobile\\accbid.apk","appium:autoGrantPermissions":true,"appium:automationName":"uiautomator2","deviceId":"","appium:deviceName":"emulator-5554 (Android SDK built for x86 - Android 9)","appium:fullReset":false,"appium:newCommandTimeout":1800,"appium:noReset":true,"platform":"ANDROID","platformName":"android","appium:platformVersion":"9","appium:resetKeyboard":true,"appium:systemPort":53066,"appium:udid":"emulator-5554","appium:unicodeKeyboard":true}]}}[39m
[35m[BaseDriver][39m The capabilities ["deviceId","platform"] are not standard capabilities and should have an extension prefix
[35m[Appium][39m Creating new AndroidUiautomator2Driver (v1.12.0) session
[35m[Appium][39m Capabilities:
[35m[Appium][39m   deviceId: 
[35m[Appium][39m   platform: ANDROID
[35m[Appium][39m   platformName: android
[35m[Appium][39m   app: C:\Users\Intan\git\ACCBid-Mobile\accbid.apk
[35m[Appium][39m   autoGrantPermissions: true
[35m[Appium][39m   automationName: uiautomator2
[35m[Appium][39m   deviceName: emulator-5554 (Android SDK built for x86 - Android 9)
[35m[Appium][39m   fullReset: false
[35m[Appium][39m   newCommandTimeout: 1800
[35m[Appium][39m   noReset: true
[35m[Appium][39m   platformVersion: 9
[35m[Appium][39m   resetKeyboard: true
[35m[Appium][39m   systemPort: 53066
[35m[Appium][39m   udid: emulator-5554
[35m[Appium][39m   unicodeKeyboard: true
[35m[BaseDriver][39m The following capabilities were provided, but are not recognized by appium: deviceId, platform.
[35m[BaseDriver][39m Session created with session id: 5afdb2a3-22a6-4c67-97af-f08bfee64d1b
[35m[BaseDriver][39m Using local app 'C:\Users\Intan\git\ACCBid-Mobile\accbid.apk'
[35m[AndroidDriver][39m Java version is: 1.8.0_181
[35m[ADB][39m Checking whether adb is present
[35m[ADB][39m Found 1 'build-tools' folders under 'C:\Users\Intan\.katalon\tools\android_sdk' (newest first):
[35m[ADB][39m     C:/Users/Intan/.katalon/tools/android_sdk/build-tools/29.0.2
[35m[ADB][39m Using adb.exe from C:\Users\Intan\.katalon\tools\android_sdk\platform-tools\adb.exe
[35m[AndroidDriver][39m Retrieving device list
[35m[AndroidDriver][39m Using device: emulator-5554
[35m[ADB][39m Using the alternative activity name detection method because of: Could not find apkanalyzer.bat in C:\Users\Intan\.katalon\tools\android_sdk\platform-tools\apkanalyzer.bat,C:\Users\Intan\.katalon\tools\android_sdk\emulator\apkanalyzer.bat,C:\Users\Intan\.katalon\tools\android_sdk\tools\apkanalyzer.bat,C:\Users\Intan\.katalon\tools\android_sdk\tools\bin\apkanalyzer.bat,C:\Users\Intan\.katalon\tools\android_sdk\build-tools\29.0.2\apkanalyzer.bat. Do you have the Android SDK installed at 'C:\Users\Intan\.katalon\tools\android_sdk'?
[35m[ADB][39m Checking whether aapt is present
[35m[ADB][39m Using aapt.exe from C:\Users\Intan\.katalon\tools\android_sdk\build-tools\29.0.2\aapt.exe
[35m[ADB][39m Extracting package and launch activity from manifest
[35m[ADB][39m Package name: 'com.outsystemsenterprise.acctst1.BidMart'
[35m[ADB][39m Main activity name: 'com.outsystemsenterprise.acctst1.BidMart.MainActivity'
[35m[ADB][39m Getting device platform version
[35m[ADB][39m Using apksigner.bat from C:\Users\Intan\.katalon\tools\android_sdk\build-tools\29.0.2\apksigner.bat
[35m[ADB][39m Checking whether zipalign is present
[35m[ADB][39m Using zipalign.exe from C:\Users\Intan\.katalon\tools\android_sdk\build-tools\29.0.2\zipalign.exe
[35m[ADB][39m io.appium.uiautomator2.server was successfully uninstalled
[35m[ADB][39m io.appium.uiautomator2.server.test was successfully uninstalled
[35m[AndroidDriver][39m setDeviceLanguageCountry requires language or country.
[35m[AndroidDriver][39m Got language: 'null' and country: 'null'
[35m[ADB][39m Successfully extracted 23 strings from 'C:\Users\Intan\git\ACCBid-Mobile\accbid.apk' resources for '(default)' configuration
[35m[UiAutomator2][39m Starting uiautomator2 server 1.12.0
[35m[UiAutomator2][39m Using UIAutomator2 server from 'C:\Users\Intan\AppData\Roaming\npm\node_modules\appium\node_modules\appium-uiautomator2-server\apks\appium-uiautomator2-server-v1.12.0.apk' and test from 'C:\Users\Intan\AppData\Roaming\npm\node_modules\appium\node_modules\appium-uiautomator2-server\apks\appium-uiautomator2-server-debug-androidTest.apk'
[35m[UiAutomator2][39m Running command: 'adb -s emulator-5554 shell am instrument -w io.appium.uiautomator2.server.test/android.support.test.runner.AndroidJUnitRunner'
[35m[UiAutomator2][39m Waiting up to 20000ms for UiAutomator2 to be online...
[35m[AndroidDriver][39m Screen already unlocked, doing nothing
[35m[UiAutomator2][39m UiAutomator2 did not start the activity we were waiting for, 'com.outsystemsenterprise.acctst1.BidMart/com.outsystemsenterprise.acctst1.BidMart.MainActivity'. Starting it ourselves
[35m[Appium][39m New AndroidUiautomator2Driver session created successfully, session 5afdb2a3-22a6-4c67-97af-f08bfee64d1b added to master session list
[35m[HTTP][39m [37m<-- POST /wd/hub/session [39m[32m200[39m [90m36527 ms - 1383[39m
[35m[HTTP][39m [90m[39m
[35m[HTTP][39m [37m-->[39m [37mGET[39m [37m/wd/hub/session/5afdb2a3-22a6-4c67-97af-f08bfee64d1b[39m
[35m[HTTP][39m [90m{}[39m
[35m[HTTP][39m [37m<-- GET /wd/hub/session/5afdb2a3-22a6-4c67-97af-f08bfee64d1b [39m[32m200[39m [90m40 ms - 1315[39m
[35m[HTTP][39m [90m[39m
[35m[HTTP][39m [37m-->[39m [37mGET[39m [37m/wd/hub/session/5afdb2a3-22a6-4c67-97af-f08bfee64d1b[39m
[35m[HTTP][39m [90m{}[39m
[35m[HTTP][39m [37m<-- GET /wd/hub/session/5afdb2a3-22a6-4c67-97af-f08bfee64d1b [39m[32m200[39m [90m36 ms - 1315[39m
[35m[HTTP][39m [90m[39m
[35m[HTTP][39m [37m-->[39m [37mGET[39m [37m/wd/hub/status[39m
[35m[HTTP][39m [90m{}[39m
[35m[HTTP][39m [37m<-- GET /wd/hub/status [39m[32m200[39m [90m6 ms - 55[39m
[35m[HTTP][39m [90m[39m
[35m[HTTP][39m [37m-->[39m [37mPOST[39m [37m/wd/hub/session/5afdb2a3-22a6-4c67-97af-f08bfee64d1b/timeouts[39m
[35m[HTTP][39m [90m{"implicit":60000}[39m
[35m[HTTP][39m [37m<-- POST /wd/hub/session/5afdb2a3-22a6-4c67-97af-f08bfee64d1b/timeouts [39m[32m200[39m [90m9 ms - 14[39m
[35m[HTTP][39m [90m[39m
[35m[HTTP][39m [37m-->[39m [37mPOST[39m [37m/wd/hub/session/5afdb2a3-22a6-4c67-97af-f08bfee64d1b/timeouts[39m
[35m[HTTP][39m [90m{"implicit":50}[39m
[35m[HTTP][39m [37m<-- POST /wd/hub/session/5afdb2a3-22a6-4c67-97af-f08bfee64d1b/timeouts [39m[32m200[39m [90m3 ms - 14[39m
[35m[HTTP][39m [90m[39m
[35m[HTTP][39m [37m-->[39m [37mGET[39m [37m/wd/hub/session/5afdb2a3-22a6-4c67-97af-f08bfee64d1b/window/rect[39m
[35m[HTTP][39m [90m{}[39m
[35m[HTTP][39m [37m<-- GET /wd/hub/session/5afdb2a3-22a6-4c67-97af-f08bfee64d1b/window/rect [39m[32m200[39m [90m52 ms - 50[39m
[35m[HTTP][39m [90m[39m
[35m[HTTP][39m [37m-->[39m [37mPOST[39m [37m/wd/hub/session/5afdb2a3-22a6-4c67-97af-f08bfee64d1b/elements[39m
[35m[HTTP][39m [90m{"using":"-android uiautomator","value":"new UiSelector().className(\"android.view.View\").text(\"Akun\")"}[39m
[35m[HTTP][39m [37m<-- POST /wd/hub/session/5afdb2a3-22a6-4c67-97af-f08bfee64d1b/elements [39m[32m200[39m [90m293 ms - 12[39m
[35m[HTTP][39m [90m[39m
[35m[HTTP][39m [37m-->[39m [37mPOST[39m [37m/wd/hub/session/5afdb2a3-22a6-4c67-97af-f08bfee64d1b/elements[39m
[35m[HTTP][39m [90m{"using":"-android uiautomator","value":"new UiSelector().className(\"android.view.View\").text(\"Akun\")"}[39m
[35m[HTTP][39m [37m<-- POST /wd/hub/session/5afdb2a3-22a6-4c67-97af-f08bfee64d1b/elements [39m[32m200[39m [90m573 ms - 12[39m
[35m[HTTP][39m [90m[39m
[35m[HTTP][39m [37m-->[39m [37mPOST[39m [37m/wd/hub/session/5afdb2a3-22a6-4c67-97af-f08bfee64d1b/elements[39m
[35m[HTTP][39m [90m{"using":"-android uiautomator","value":"new UiSelector().className(\"android.view.View\").text(\"Akun\")"}[39m
[35m[HTTP][39m [37m<-- POST /wd/hub/session/5afdb2a3-22a6-4c67-97af-f08bfee64d1b/elements [39m[32m200[39m [90m481 ms - 12[39m
[35m[HTTP][39m [90m[39m
[35m[HTTP][39m [37m-->[39m [37mPOST[39m [37m/wd/hub/session/5afdb2a3-22a6-4c67-97af-f08bfee64d1b/elements[39m
[35m[HTTP][39m [90m{"using":"-android uiautomator","value":"new UiSelector().className(\"android.view.View\").text(\"Akun\")"}[39m
[35m[HTTP][39m [37m<-- POST /wd/hub/session/5afdb2a3-22a6-4c67-97af-f08bfee64d1b/elements [39m[32m200[39m [90m209 ms - 12[39m
[35m[HTTP][39m [90m[39m
[35m[HTTP][39m [37m-->[39m [37mPOST[39m [37m/wd/hub/session/5afdb2a3-22a6-4c67-97af-f08bfee64d1b/elements[39m
[35m[HTTP][39m [90m{"using":"-android uiautomator","value":"new UiSelector().className(\"android.view.View\").text(\"Akun\")"}[39m
[35m[HTTP][39m [37m<-- POST /wd/hub/session/5afdb2a3-22a6-4c67-97af-f08bfee64d1b/elements [39m[32m200[39m [90m60 ms - 12[39m
[35m[HTTP][39m [90m[39m
[35m[HTTP][39m [37m-->[39m [37mPOST[39m [37m/wd/hub/session/5afdb2a3-22a6-4c67-97af-f08bfee64d1b/elements[39m
[35m[HTTP][39m [90m{"using":"-android uiautomator","value":"new UiSelector().className(\"android.view.View\").text(\"Akun\")"}[39m
[35m[HTTP][39m [37m<-- POST /wd/hub/session/5afdb2a3-22a6-4c67-97af-f08bfee64d1b/elements [39m[32m200[39m [90m68 ms - 12[39m
[35m[HTTP][39m [90m[39m
[35m[HTTP][39m [37m-->[39m [37mPOST[39m [37m/wd/hub/session/5afdb2a3-22a6-4c67-97af-f08bfee64d1b/elements[39m
[35m[HTTP][39m [90m{"using":"-android uiautomator","value":"new UiSelector().className(\"android.view.View\").text(\"Akun\")"}[39m
[35m[HTTP][39m [37m<-- POST /wd/hub/session/5afdb2a3-22a6-4c67-97af-f08bfee64d1b/elements [39m[32m200[39m [90m740 ms - 12[39m
[35m[HTTP][39m [90m[39m
[35m[HTTP][39m [37m-->[39m [37mPOST[39m [37m/wd/hub/session/5afdb2a3-22a6-4c67-97af-f08bfee64d1b/elements[39m
[35m[HTTP][39m [90m{"using":"-android uiautomator","value":"new UiSelector().className(\"android.view.View\").text(\"Akun\")"}[39m
[35m[HTTP][39m [37m<-- POST /wd/hub/session/5afdb2a3-22a6-4c67-97af-f08bfee64d1b/elements [39m[32m200[39m [90m57 ms - 12[39m
[35m[HTTP][39m [90m[39m
[35m[HTTP][39m [37m-->[39m [37mPOST[39m [37m/wd/hub/session/5afdb2a3-22a6-4c67-97af-f08bfee64d1b/elements[39m
[35m[HTTP][39m [90m{"using":"-android uiautomator","value":"new UiSelector().className(\"android.view.View\").text(\"Akun\")"}[39m
[35m[HTTP][39m [37m<-- POST /wd/hub/session/5afdb2a3-22a6-4c67-97af-f08bfee64d1b/elements [39m[32m200[39m [90m66 ms - 12[39m
[35m[HTTP][39m [90m[39m
[35m[HTTP][39m [37m-->[39m [37mPOST[39m [37m/wd/hub/session/5afdb2a3-22a6-4c67-97af-f08bfee64d1b/elements[39m
[35m[HTTP][39m [90m{"using":"-android uiautomator","value":"new UiSelector().className(\"android.view.View\").text(\"Akun\")"}[39m
[35m[HTTP][39m [37m<-- POST /wd/hub/session/5afdb2a3-22a6-4c67-97af-f08bfee64d1b/elements [39m[32m200[39m [90m110 ms - 12[39m
[35m[HTTP][39m [90m[39m
[35m[HTTP][39m [37m-->[39m [37mPOST[39m [37m/wd/hub/session/5afdb2a3-22a6-4c67-97af-f08bfee64d1b/elements[39m
[35m[HTTP][39m [90m{"using":"-android uiautomator","value":"new UiSelector().className(\"android.view.View\").text(\"Akun\")"}[39m
[35m[HTTP][39m [37m<-- POST /wd/hub/session/5afdb2a3-22a6-4c67-97af-f08bfee64d1b/elements [39m[32m200[39m [90m82 ms - 12[39m
[35m[HTTP][39m [90m[39m
[35m[HTTP][39m [37m-->[39m [37mPOST[39m [37m/wd/hub/session/5afdb2a3-22a6-4c67-97af-f08bfee64d1b/elements[39m
[35m[HTTP][39m [90m{"using":"-android uiautomator","value":"new UiSelector().className(\"android.view.View\").text(\"Akun\")"}[39m
[35m[HTTP][39m [37m<-- POST /wd/hub/session/5afdb2a3-22a6-4c67-97af-f08bfee64d1b/elements [39m[32m200[39m [90m58 ms - 12[39m
[35m[HTTP][39m [90m[39m
[35m[HTTP][39m [37m-->[39m [37mPOST[39m [37m/wd/hub/session/5afdb2a3-22a6-4c67-97af-f08bfee64d1b/elements[39m
[35m[HTTP][39m [90m{"using":"-android uiautomator","value":"new UiSelector().className(\"android.view.View\").text(\"Akun\")"}[39m
[35m[HTTP][39m [37m<-- POST /wd/hub/session/5afdb2a3-22a6-4c67-97af-f08bfee64d1b/elements [39m[32m200[39m [90m58 ms - 12[39m
[35m[HTTP][39m [90m[39m
[35m[HTTP][39m [37m-->[39m [37mPOST[39m [37m/wd/hub/session/5afdb2a3-22a6-4c67-97af-f08bfee64d1b/elements[39m
[35m[HTTP][39m [90m{"using":"-android uiautomator","value":"new UiSelector().className(\"android.view.View\").text(\"Akun\")"}[39m
[35m[HTTP][39m [37m<-- POST /wd/hub/session/5afdb2a3-22a6-4c67-97af-f08bfee64d1b/elements [39m[32m200[39m [90m80 ms - 12[39m
[35m[HTTP][39m [90m[39m
[35m[HTTP][39m [37m-->[39m [37mPOST[39m [37m/wd/hub/session/5afdb2a3-22a6-4c67-97af-f08bfee64d1b/elements[39m
[35m[HTTP][39m [90m{"using":"-android uiautomator","value":"new UiSelector().className(\"android.view.View\").text(\"Akun\")"}[39m
[35m[HTTP][39m [37m<-- POST /wd/hub/session/5afdb2a3-22a6-4c67-97af-f08bfee64d1b/elements [39m[32m200[39m [90m118 ms - 12[39m
[35m[HTTP][39m [90m[39m
[35m[HTTP][39m [37m-->[39m [37mPOST[39m [37m/wd/hub/session/5afdb2a3-22a6-4c67-97af-f08bfee64d1b/elements[39m
[35m[HTTP][39m [90m{"using":"-android uiautomator","value":"new UiSelector().className(\"android.view.View\").text(\"Akun\")"}[39m
[35m[HTTP][39m [37m<-- POST /wd/hub/session/5afdb2a3-22a6-4c67-97af-f08bfee64d1b/elements [39m[32m200[39m [90m670 ms - 12[39m
[35m[HTTP][39m [90m[39m
[35m[HTTP][39m [37m-->[39m [37mPOST[39m [37m/wd/hub/session/5afdb2a3-22a6-4c67-97af-f08bfee64d1b/elements[39m
[35m[HTTP][39m [90m{"using":"-android uiautomator","value":"new UiSelector().className(\"android.view.View\").text(\"Akun\")"}[39m
[35m[HTTP][39m [37m<-- POST /wd/hub/session/5afdb2a3-22a6-4c67-97af-f08bfee64d1b/elements [39m[32m200[39m [90m95 ms - 12[39m
[35m[HTTP][39m [90m[39m
[35m[HTTP][39m [37m-->[39m [37mPOST[39m [37m/wd/hub/session/5afdb2a3-22a6-4c67-97af-f08bfee64d1b/elements[39m
[35m[HTTP][39m [90m{"using":"-android uiautomator","value":"new UiSelector().className(\"android.view.View\").text(\"Akun\")"}[39m
[35m[HTTP][39m [37m<-- POST /wd/hub/session/5afdb2a3-22a6-4c67-97af-f08bfee64d1b/elements [39m[32m200[39m [90m90 ms - 12[39m
[35m[HTTP][39m [90m[39m
[35m[HTTP][39m [37m-->[39m [37mPOST[39m [37m/wd/hub/session/5afdb2a3-22a6-4c67-97af-f08bfee64d1b/elements[39m
[35m[HTTP][39m [90m{"using":"-android uiautomator","value":"new UiSelector().className(\"android.view.View\").text(\"Akun\")"}[39m
[35m[HTTP][39m [37m<-- POST /wd/hub/session/5afdb2a3-22a6-4c67-97af-f08bfee64d1b/elements [39m[32m200[39m [90m105 ms - 12[39m
[35m[HTTP][39m [90m[39m
[35m[HTTP][39m [37m-->[39m [37mPOST[39m [37m/wd/hub/session/5afdb2a3-22a6-4c67-97af-f08bfee64d1b/elements[39m
[35m[HTTP][39m [90m{"using":"-android uiautomator","value":"new UiSelector().className(\"android.view.View\").text(\"Akun\")"}[39m
[35m[HTTP][39m [37m<-- POST /wd/hub/session/5afdb2a3-22a6-4c67-97af-f08bfee64d1b/elements [39m[32m200[39m [90m74 ms - 12[39m
[35m[HTTP][39m [90m[39m
[35m[HTTP][39m [37m-->[39m [37mPOST[39m [37m/wd/hub/session/5afdb2a3-22a6-4c67-97af-f08bfee64d1b/elements[39m
[35m[HTTP][39m [90m{"using":"-android uiautomator","value":"new UiSelector().className(\"android.view.View\").text(\"Akun\")"}[39m
[35m[HTTP][39m [37m<-- POST /wd/hub/session/5afdb2a3-22a6-4c67-97af-f08bfee64d1b/elements [39m[32m200[39m [90m71 ms - 12[39m
[35m[HTTP][39m [90m[39m
[35m[HTTP][39m [37m-->[39m [37mPOST[39m [37m/wd/hub/session/5afdb2a3-22a6-4c67-97af-f08bfee64d1b/elements[39m
[35m[HTTP][39m [90m{"using":"-android uiautomator","value":"new UiSelector().className(\"android.view.View\").text(\"Akun\")"}[39m
[35m[HTTP][39m [37m<-- POST /wd/hub/session/5afdb2a3-22a6-4c67-97af-f08bfee64d1b/elements [39m[32m200[39m [90m58 ms - 12[39m
[35m[HTTP][39m [90m[39m
[35m[HTTP][39m [37m-->[39m [37mPOST[39m [37m/wd/hub/session/5afdb2a3-22a6-4c67-97af-f08bfee64d1b/elements[39m
[35m[HTTP][39m [90m{"using":"-android uiautomator","value":"new UiSelector().className(\"android.view.View\").text(\"Akun\")"}[39m
[35m[HTTP][39m [37m<-- POST /wd/hub/session/5afdb2a3-22a6-4c67-97af-f08bfee64d1b/elements [39m[32m200[39m [90m96 ms - 12[39m
[35m[HTTP][39m [90m[39m
[35m[HTTP][39m [37m-->[39m [37mPOST[39m [37m/wd/hub/session/5afdb2a3-22a6-4c67-97af-f08bfee64d1b/elements[39m
[35m[HTTP][39m [90m{"using":"-android uiautomator","value":"new UiSelector().className(\"android.view.View\").text(\"Akun\")"}[39m
[35m[HTTP][39m [37m<-- POST /wd/hub/session/5afdb2a3-22a6-4c67-97af-f08bfee64d1b/elements [39m[32m200[39m [90m59 ms - 12[39m
[35m[HTTP][39m [90m[39m
[35m[HTTP][39m [37m-->[39m [37mPOST[39m [37m/wd/hub/session/5afdb2a3-22a6-4c67-97af-f08bfee64d1b/elements[39m
[35m[HTTP][39m [90m{"using":"-android uiautomator","value":"new UiSelector().className(\"android.view.View\").text(\"Akun\")"}[39m
[35m[HTTP][39m [37m<-- POST /wd/hub/session/5afdb2a3-22a6-4c67-97af-f08bfee64d1b/elements [39m[32m200[39m [90m57 ms - 12[39m
[35m[HTTP][39m [90m[39m
[35m[HTTP][39m [37m-->[39m [37mPOST[39m [37m/wd/hub/session/5afdb2a3-22a6-4c67-97af-f08bfee64d1b/elements[39m
[35m[HTTP][39m [90m{"using":"-android uiautomator","value":"new UiSelector().className(\"android.view.View\").text(\"Akun\")"}[39m
[35m[HTTP][39m [37m<-- POST /wd/hub/session/5afdb2a3-22a6-4c67-97af-f08bfee64d1b/elements [39m[32m200[39m [90m64 ms - 12[39m
[35m[HTTP][39m [90m[39m
[35m[HTTP][39m [37m-->[39m [37mPOST[39m [37m/wd/hub/session/5afdb2a3-22a6-4c67-97af-f08bfee64d1b/elements[39m
[35m[HTTP][39m [90m{"using":"-android uiautomator","value":"new UiSelector().className(\"android.view.View\").text(\"Akun\")"}[39m
[35m[HTTP][39m [37m<-- POST /wd/hub/session/5afdb2a3-22a6-4c67-97af-f08bfee64d1b/elements [39m[32m200[39m [90m589 ms - 12[39m
[35m[HTTP][39m [90m[39m
[35m[HTTP][39m [37m-->[39m [37mPOST[39m [37m/wd/hub/session/5afdb2a3-22a6-4c67-97af-f08bfee64d1b/elements[39m
[35m[HTTP][39m [90m{"using":"-android uiautomator","value":"new UiSelector().className(\"android.view.View\").text(\"Akun\")"}[39m
[35m[HTTP][39m [37m<-- POST /wd/hub/session/5afdb2a3-22a6-4c67-97af-f08bfee64d1b/elements [39m[32m200[39m [90m844 ms - 12[39m
[35m[HTTP][39m [90m[39m
[35m[HTTP][39m [37m-->[39m [37mPOST[39m [37m/wd/hub/session/5afdb2a3-22a6-4c67-97af-f08bfee64d1b/elements[39m
[35m[HTTP][39m [90m{"using":"-android uiautomator","value":"new UiSelector().className(\"android.view.View\").text(\"Akun\")"}[39m
[35m[HTTP][39m [37m<-- POST /wd/hub/session/5afdb2a3-22a6-4c67-97af-f08bfee64d1b/elements [39m[32m200[39m [90m100 ms - 12[39m
[35m[HTTP][39m [90m[39m
[35m[HTTP][39m [37m-->[39m [37mPOST[39m [37m/wd/hub/session/5afdb2a3-22a6-4c67-97af-f08bfee64d1b/elements[39m
[35m[HTTP][39m [90m{"using":"-android uiautomator","value":"new UiSelector().className(\"android.view.View\").text(\"Akun\")"}[39m
[35m[HTTP][39m [37m<-- POST /wd/hub/session/5afdb2a3-22a6-4c67-97af-f08bfee64d1b/elements [39m[32m200[39m [90m184 ms - 12[39m
[35m[HTTP][39m [90m[39m
[35m[HTTP][39m [37m-->[39m [37mPOST[39m [37m/wd/hub/session/5afdb2a3-22a6-4c67-97af-f08bfee64d1b/elements[39m
[35m[HTTP][39m [90m{"using":"-android uiautomator","value":"new UiSelector().className(\"android.view.View\").text(\"Akun\")"}[39m
[35m[HTTP][39m [37m<-- POST /wd/hub/session/5afdb2a3-22a6-4c67-97af-f08bfee64d1b/elements [39m[32m200[39m [90m204 ms - 12[39m
[35m[HTTP][39m [90m[39m
[35m[HTTP][39m [37m-->[39m [37mPOST[39m [37m/wd/hub/session/5afdb2a3-22a6-4c67-97af-f08bfee64d1b/elements[39m
[35m[HTTP][39m [90m{"using":"-android uiautomator","value":"new UiSelector().className(\"android.view.View\").text(\"Akun\")"}[39m
[35m[HTTP][39m [37m<-- POST /wd/hub/session/5afdb2a3-22a6-4c67-97af-f08bfee64d1b/elements [39m[32m200[39m [90m62 ms - 12[39m
[35m[HTTP][39m [90m[39m
[35m[HTTP][39m [37m-->[39m [37mPOST[39m [37m/wd/hub/session/5afdb2a3-22a6-4c67-97af-f08bfee64d1b/elements[39m
[35m[HTTP][39m [90m{"using":"-android uiautomator","value":"new UiSelector().className(\"android.view.View\").text(\"Akun\")"}[39m
[35m[HTTP][39m [37m<-- POST /wd/hub/session/5afdb2a3-22a6-4c67-97af-f08bfee64d1b/elements [39m[32m200[39m [90m626 ms - 12[39m
[35m[HTTP][39m [90m[39m
[35m[HTTP][39m [37m-->[39m [37mPOST[39m [37m/wd/hub/session/5afdb2a3-22a6-4c67-97af-f08bfee64d1b/elements[39m
[35m[HTTP][39m [90m{"using":"-android uiautomator","value":"new UiSelector().className(\"android.view.View\").text(\"Akun\")"}[39m
[35m[HTTP][39m [37m<-- POST /wd/hub/session/5afdb2a3-22a6-4c67-97af-f08bfee64d1b/elements [39m[32m200[39m [90m582 ms - 12[39m
[35m[HTTP][39m [90m[39m
[35m[HTTP][39m [37m-->[39m [37mPOST[39m [37m/wd/hub/session/5afdb2a3-22a6-4c67-97af-f08bfee64d1b/elements[39m
[35m[HTTP][39m [90m{"using":"-android uiautomator","value":"new UiSelector().className(\"android.view.View\").text(\"Akun\")"}[39m
[35m[HTTP][39m [37m<-- POST /wd/hub/session/5afdb2a3-22a6-4c67-97af-f08bfee64d1b/elements [39m[32m200[39m [90m69 ms - 12[39m
[35m[HTTP][39m [90m[39m
[35m[HTTP][39m [37m-->[39m [37mPOST[39m [37m/wd/hub/session/5afdb2a3-22a6-4c67-97af-f08bfee64d1b/elements[39m
[35m[HTTP][39m [90m{"using":"-android uiautomator","value":"new UiSelector().className(\"android.view.View\").text(\"Akun\")"}[39m
[35m[HTTP][39m [37m<-- POST /wd/hub/session/5afdb2a3-22a6-4c67-97af-f08bfee64d1b/elements [39m[32m200[39m [90m91 ms - 12[39m
[35m[HTTP][39m [90m[39m
[35m[HTTP][39m [37m-->[39m [37mPOST[39m [37m/wd/hub/session/5afdb2a3-22a6-4c67-97af-f08bfee64d1b/elements[39m
[35m[HTTP][39m [90m{"using":"-android uiautomator","value":"new UiSelector().className(\"android.view.View\").text(\"Akun\")"}[39m
[35m[HTTP][39m [37m<-- POST /wd/hub/session/5afdb2a3-22a6-4c67-97af-f08bfee64d1b/elements [39m[32m200[39m [90m614 ms - 12[39m
[35m[HTTP][39m [90m[39m
[35m[HTTP][39m [37m-->[39m [37mPOST[39m [37m/wd/hub/session/5afdb2a3-22a6-4c67-97af-f08bfee64d1b/elements[39m
[35m[HTTP][39m [90m{"using":"-android uiautomator","value":"new UiSelector().className(\"android.view.View\").text(\"Akun\")"}[39m
[35m[HTTP][39m [37m<-- POST /wd/hub/session/5afdb2a3-22a6-4c67-97af-f08bfee64d1b/elements [39m[32m200[39m [90m3888 ms - 90[39m
[35m[HTTP][39m [90m[39m
[35m[HTTP][39m [37m-->[39m [37mGET[39m [37m/wd/hub/session/5afdb2a3-22a6-4c67-97af-f08bfee64d1b/element/de4d9872-2f3e-438b-952b-1a5befec6c9e/location[39m
[35m[HTTP][39m [90m{}[39m
[35m[W3C][39m Driver proxy active, passing request on via HTTP proxy
[35m[JSONWP Proxy][39m Replacing sessionId 3b57d34d-c34a-4df3-8b79-70fcafd9b60d with 5afdb2a3-22a6-4c67-97af-f08bfee64d1b
[35m[HTTP][39m [37m<-- GET /wd/hub/session/5afdb2a3-22a6-4c67-97af-f08bfee64d1b/element/de4d9872-2f3e-438b-952b-1a5befec6c9e/location [39m[32m200[39m [90m348 ms - 90[39m
[35m[HTTP][39m [90m[39m
[35m[HTTP][39m [37m-->[39m [37mPOST[39m [37m/wd/hub/session/5afdb2a3-22a6-4c67-97af-f08bfee64d1b/timeouts[39m
[35m[HTTP][39m [90m{"implicit":60000}[39m
[35m[HTTP][39m [37m<-- POST /wd/hub/session/5afdb2a3-22a6-4c67-97af-f08bfee64d1b/timeouts [39m[32m200[39m [90m5 ms - 14[39m
[35m[HTTP][39m [90m[39m
[35m[HTTP][39m [37m-->[39m [37mPOST[39m [37m/wd/hub/session/5afdb2a3-22a6-4c67-97af-f08bfee64d1b/touch/perform[39m
[35m[HTTP][39m [90m{"actions":[{"action":"tap","options":{"x":1,"y":1,"element":"de4d9872-2f3e-438b-952b-1a5befec6c9e"}},{"action":"release","options":{}}]}[39m
[35m[UiAutomator2][39m calling get location: de4d9872-2f3e-438b-952b-1a5befec6c9e
[35m[HTTP][39m [37m<-- POST /wd/hub/session/5afdb2a3-22a6-4c67-97af-f08bfee64d1b/touch/perform [39m[32m200[39m [90m1605 ms - 14[39m
[35m[HTTP][39m [90m[39m
[35m[HTTP][39m [37m-->[39m [37mPOST[39m [37m/wd/hub/session/5afdb2a3-22a6-4c67-97af-f08bfee64d1b/timeouts[39m
[35m[HTTP][39m [90m{"implicit":50}[39m
[35m[HTTP][39m [37m<-- POST /wd/hub/session/5afdb2a3-22a6-4c67-97af-f08bfee64d1b/timeouts [39m[32m200[39m [90m3 ms - 14[39m
[35m[HTTP][39m [90m[39m
[35m[HTTP][39m [37m-->[39m [37mGET[39m [37m/wd/hub/session/5afdb2a3-22a6-4c67-97af-f08bfee64d1b/window/rect[39m
[35m[HTTP][39m [90m{}[39m
[35m[HTTP][39m [37m<-- GET /wd/hub/session/5afdb2a3-22a6-4c67-97af-f08bfee64d1b/window/rect [39m[32m200[39m [90m31 ms - 50[39m
[35m[HTTP][39m [90m[39m
[35m[HTTP][39m [37m-->[39m [37mPOST[39m [37m/wd/hub/session/5afdb2a3-22a6-4c67-97af-f08bfee64d1b/elements[39m
[35m[HTTP][39m [90m{"using":"-android uiautomator","value":"new UiSelector().className(\"android.view.View\").text(\"Lihat Profil\")"}[39m
[35m[HTTP][39m [37m<-- POST /wd/hub/session/5afdb2a3-22a6-4c67-97af-f08bfee64d1b/elements [39m[32m200[39m [90m212 ms - 90[39m
[35m[HTTP][39m [90m[39m
[35m[HTTP][39m [37m-->[39m [37mGET[39m [37m/wd/hub/session/5afdb2a3-22a6-4c67-97af-f08bfee64d1b/element/ed2fa212-ece0-436e-a8d4-460c61ad4604/location[39m
[35m[HTTP][39m [90m{}[39m
[35m[W3C][39m Driver proxy active, passing request on via HTTP proxy
[35m[JSONWP Proxy][39m Replacing sessionId 3b57d34d-c34a-4df3-8b79-70fcafd9b60d with 5afdb2a3-22a6-4c67-97af-f08bfee64d1b
[35m[HTTP][39m [37m<-- GET /wd/hub/session/5afdb2a3-22a6-4c67-97af-f08bfee64d1b/element/ed2fa212-ece0-436e-a8d4-460c61ad4604/location [39m[32m200[39m [90m60 ms - 89[39m
[35m[HTTP][39m [90m[39m
[35m[HTTP][39m [37m-->[39m [37mPOST[39m [37m/wd/hub/session/5afdb2a3-22a6-4c67-97af-f08bfee64d1b/timeouts[39m
[35m[HTTP][39m [90m{"implicit":60000}[39m
[35m[HTTP][39m [37m<-- POST /wd/hub/session/5afdb2a3-22a6-4c67-97af-f08bfee64d1b/timeouts [39m[32m200[39m [90m2 ms - 14[39m
[35m[HTTP][39m [90m[39m
[35m[HTTP][39m [37m-->[39m [37mPOST[39m [37m/wd/hub/session/5afdb2a3-22a6-4c67-97af-f08bfee64d1b/touch/perform[39m
[35m[HTTP][39m [90m{"actions":[{"action":"tap","options":{"x":1,"y":1,"element":"ed2fa212-ece0-436e-a8d4-460c61ad4604"}},{"action":"release","options":{}}]}[39m
[35m[UiAutomator2][39m calling get location: ed2fa212-ece0-436e-a8d4-460c61ad4604
[35m[HTTP][39m [37m<-- POST /wd/hub/session/5afdb2a3-22a6-4c67-97af-f08bfee64d1b/touch/perform [39m[32m200[39m [90m776 ms - 14[39m
[35m[HTTP][39m [90m[39m
[35m[HTTP][39m [37m-->[39m [37mPOST[39m [37m/wd/hub/session/5afdb2a3-22a6-4c67-97af-f08bfee64d1b/timeouts[39m
[35m[HTTP][39m [90m{"implicit":50}[39m
[35m[HTTP][39m [37m<-- POST /wd/hub/session/5afdb2a3-22a6-4c67-97af-f08bfee64d1b/timeouts [39m[32m200[39m [90m4 ms - 14[39m
[35m[HTTP][39m [90m[39m
[35m[HTTP][39m [37m-->[39m [37mGET[39m [37m/wd/hub/session/5afdb2a3-22a6-4c67-97af-f08bfee64d1b/window/rect[39m
[35m[HTTP][39m [90m{}[39m
[35m[HTTP][39m [37m<-- GET /wd/hub/session/5afdb2a3-22a6-4c67-97af-f08bfee64d1b/window/rect [39m[32m200[39m [90m57 ms - 50[39m
[35m[HTTP][39m [90m[39m
[35m[HTTP][39m [37m-->[39m [37mPOST[39m [37m/wd/hub/session/5afdb2a3-22a6-4c67-97af-f08bfee64d1b/elements[39m
[35m[HTTP][39m [90m{"using":"-android uiautomator","value":"new UiSelector().className(\"android.view.View\").text(\"Ubah\")"}[39m
[35m[HTTP][39m [37m<-- POST /wd/hub/session/5afdb2a3-22a6-4c67-97af-f08bfee64d1b/elements [39m[32m200[39m [90m236 ms - 12[39m
[35m[HTTP][39m [90m[39m
[35m[HTTP][39m [37m-->[39m [37mPOST[39m [37m/wd/hub/session/5afdb2a3-22a6-4c67-97af-f08bfee64d1b/elements[39m
[35m[HTTP][39m [90m{"using":"-android uiautomator","value":"new UiSelector().className(\"android.view.View\").text(\"Ubah\")"}[39m
[35m[HTTP][39m [37m<-- POST /wd/hub/session/5afdb2a3-22a6-4c67-97af-f08bfee64d1b/elements [39m[32m200[39m [90m240 ms - 12[39m
[35m[HTTP][39m [90m[39m
[35m[HTTP][39m [37m-->[39m [37mPOST[39m [37m/wd/hub/session/5afdb2a3-22a6-4c67-97af-f08bfee64d1b/elements[39m
[35m[HTTP][39m [90m{"using":"-android uiautomator","value":"new UiSelector().className(\"android.view.View\").text(\"Ubah\")"}[39m
[35m[HTTP][39m [37m<-- POST /wd/hub/session/5afdb2a3-22a6-4c67-97af-f08bfee64d1b/elements [39m[32m200[39m [90m102 ms - 12[39m
[35m[HTTP][39m [90m[39m
[35m[HTTP][39m [37m-->[39m [37mPOST[39m [37m/wd/hub/session/5afdb2a3-22a6-4c67-97af-f08bfee64d1b/elements[39m
[35m[HTTP][39m [90m{"using":"-android uiautomator","value":"new UiSelector().className(\"android.view.View\").text(\"Ubah\")"}[39m
[35m[HTTP][39m [37m<-- POST /wd/hub/session/5afdb2a3-22a6-4c67-97af-f08bfee64d1b/elements [39m[32m200[39m [90m118 ms - 12[39m
[35m[HTTP][39m [90m[39m
[35m[HTTP][39m [37m-->[39m [37mPOST[39m [37m/wd/hub/session/5afdb2a3-22a6-4c67-97af-f08bfee64d1b/elements[39m
[35m[HTTP][39m [90m{"using":"-android uiautomator","value":"new UiSelector().className(\"android.view.View\").text(\"Ubah\")"}[39m
[35m[HTTP][39m [37m<-- POST /wd/hub/session/5afdb2a3-22a6-4c67-97af-f08bfee64d1b/elements [39m[32m200[39m [90m137 ms - 12[39m
[35m[HTTP][39m [90m[39m
[35m[HTTP][39m [37m-->[39m [37mPOST[39m [37m/wd/hub/session/5afdb2a3-22a6-4c67-97af-f08bfee64d1b/elements[39m
[35m[HTTP][39m [90m{"using":"-android uiautomator","value":"new UiSelector().className(\"android.view.View\").text(\"Ubah\")"}[39m
[35m[HTTP][39m [37m<-- POST /wd/hub/session/5afdb2a3-22a6-4c67-97af-f08bfee64d1b/elements [39m[32m200[39m [90m86 ms - 12[39m
[35m[HTTP][39m [90m[39m
[35m[HTTP][39m [37m-->[39m [37mPOST[39m [37m/wd/hub/session/5afdb2a3-22a6-4c67-97af-f08bfee64d1b/elements[39m
[35m[HTTP][39m [90m{"using":"-android uiautomator","value":"new UiSelector().className(\"android.view.View\").text(\"Ubah\")"}[39m
[35m[HTTP][39m [37m<-- POST /wd/hub/session/5afdb2a3-22a6-4c67-97af-f08bfee64d1b/elements [39m[32m200[39m [90m1467 ms - 90[39m
[35m[HTTP][39m [90m[39m
[35m[HTTP][39m [37m-->[39m [37mGET[39m [37m/wd/hub/session/5afdb2a3-22a6-4c67-97af-f08bfee64d1b/element/b61f29ab-56c4-4e07-8f8c-d3897724d977/location[39m
[35m[HTTP][39m [90m{}[39m
[35m[W3C][39m Driver proxy active, passing request on via HTTP proxy
[35m[JSONWP Proxy][39m Replacing sessionId 3b57d34d-c34a-4df3-8b79-70fcafd9b60d with 5afdb2a3-22a6-4c67-97af-f08bfee64d1b
[35m[HTTP][39m [37m<-- GET /wd/hub/session/5afdb2a3-22a6-4c67-97af-f08bfee64d1b/element/b61f29ab-56c4-4e07-8f8c-d3897724d977/location [39m[32m200[39m [90m314 ms - 89[39m
[35m[HTTP][39m [90m[39m
[35m[HTTP][39m [37m-->[39m [37mPOST[39m [37m/wd/hub/session/5afdb2a3-22a6-4c67-97af-f08bfee64d1b/timeouts[39m
[35m[HTTP][39m [90m{"implicit":60000}[39m
[35m[HTTP][39m [37m<-- POST /wd/hub/session/5afdb2a3-22a6-4c67-97af-f08bfee64d1b/timeouts [39m[32m200[39m [90m4 ms - 14[39m
[35m[HTTP][39m [90m[39m
[35m[HTTP][39m [37m-->[39m [37mPOST[39m [37m/wd/hub/session/5afdb2a3-22a6-4c67-97af-f08bfee64d1b/touch/perform[39m
[35m[HTTP][39m [90m{"actions":[{"action":"tap","options":{"x":1,"y":1,"element":"b61f29ab-56c4-4e07-8f8c-d3897724d977"}},{"action":"release","options":{}}]}[39m
[35m[UiAutomator2][39m calling get location: b61f29ab-56c4-4e07-8f8c-d3897724d977
[35m[HTTP][39m [37m<-- POST /wd/hub/session/5afdb2a3-22a6-4c67-97af-f08bfee64d1b/touch/perform [39m[32m200[39m [90m855 ms - 14[39m
[35m[HTTP][39m [90m[39m
[35m[HTTP][39m [37m-->[39m [37mPOST[39m [37m/wd/hub/session/5afdb2a3-22a6-4c67-97af-f08bfee64d1b/timeouts[39m
[35m[HTTP][39m [90m{"implicit":50}[39m
[35m[HTTP][39m [37m<-- POST /wd/hub/session/5afdb2a3-22a6-4c67-97af-f08bfee64d1b/timeouts [39m[32m200[39m [90m3 ms - 14[39m
[35m[HTTP][39m [90m[39m
[35m[HTTP][39m [37m-->[39m [37mGET[39m [37m/wd/hub/session/5afdb2a3-22a6-4c67-97af-f08bfee64d1b/window/rect[39m
[35m[HTTP][39m [90m{}[39m
[35m[HTTP][39m [37m<-- GET /wd/hub/session/5afdb2a3-22a6-4c67-97af-f08bfee64d1b/window/rect [39m[32m200[39m [90m21 ms - 50[39m
[35m[HTTP][39m [90m[39m
[35m[HTTP][39m [37m-->[39m [37mPOST[39m [37m/wd/hub/session/5afdb2a3-22a6-4c67-97af-f08bfee64d1b/elements[39m
[35m[HTTP][39m [90m{"using":"-android uiautomator","value":"new UiSelector().className(\"android.view.View\").text(\"Ubah Kata Sandi\")"}[39m
[35m[HTTP][39m [37m<-- POST /wd/hub/session/5afdb2a3-22a6-4c67-97af-f08bfee64d1b/elements [39m[32m200[39m [90m444 ms - 90[39m
[35m[HTTP][39m [90m[39m
[35m[HTTP][39m [37m-->[39m [37mGET[39m [37m/wd/hub/session/5afdb2a3-22a6-4c67-97af-f08bfee64d1b/element/47ba4f77-b7ae-4aab-aa24-3738085b6421/location[39m
[35m[HTTP][39m [90m{}[39m
[35m[W3C][39m Driver proxy active, passing request on via HTTP proxy
[35m[JSONWP Proxy][39m Replacing sessionId 3b57d34d-c34a-4df3-8b79-70fcafd9b60d with 5afdb2a3-22a6-4c67-97af-f08bfee64d1b
[35m[HTTP][39m [37m<-- GET /wd/hub/session/5afdb2a3-22a6-4c67-97af-f08bfee64d1b/element/47ba4f77-b7ae-4aab-aa24-3738085b6421/location [39m[32m200[39m [90m42 ms - 89[39m
[35m[HTTP][39m [90m[39m
[35m[HTTP][39m [37m-->[39m [37mPOST[39m [37m/wd/hub/session/5afdb2a3-22a6-4c67-97af-f08bfee64d1b/timeouts[39m
[35m[HTTP][39m [90m{"implicit":60000}[39m
[35m[HTTP][39m [37m<-- POST /wd/hub/session/5afdb2a3-22a6-4c67-97af-f08bfee64d1b/timeouts [39m[32m200[39m [90m2 ms - 14[39m
[35m[HTTP][39m [90m[39m
[35m[HTTP][39m [37m-->[39m [37mPOST[39m [37m/wd/hub/session/5afdb2a3-22a6-4c67-97af-f08bfee64d1b/touch/perform[39m
[35m[HTTP][39m [90m{"actions":[{"action":"tap","options":{"x":1,"y":1,"element":"47ba4f77-b7ae-4aab-aa24-3738085b6421"}},{"action":"release","options":{}}]}[39m
[35m[UiAutomator2][39m calling get location: 47ba4f77-b7ae-4aab-aa24-3738085b6421
[35m[HTTP][39m [37m<-- POST /wd/hub/session/5afdb2a3-22a6-4c67-97af-f08bfee64d1b/touch/perform [39m[32m200[39m [90m750 ms - 14[39m
[35m[HTTP][39m [90m[39m
[35m[HTTP][39m [37m-->[39m [37mPOST[39m [37m/wd/hub/session/5afdb2a3-22a6-4c67-97af-f08bfee64d1b/timeouts[39m
[35m[HTTP][39m [90m{"implicit":50}[39m
[35m[HTTP][39m [37m<-- POST /wd/hub/session/5afdb2a3-22a6-4c67-97af-f08bfee64d1b/timeouts [39m[32m200[39m [90m3 ms - 14[39m
[35m[HTTP][39m [90m[39m
[35m[HTTP][39m [37m-->[39m [37mGET[39m [37m/wd/hub/session/5afdb2a3-22a6-4c67-97af-f08bfee64d1b/window/rect[39m
[35m[HTTP][39m [90m{}[39m
[35m[HTTP][39m [37m<-- GET /wd/hub/session/5afdb2a3-22a6-4c67-97af-f08bfee64d1b/window/rect [39m[32m200[39m [90m56 ms - 50[39m
[35m[HTTP][39m [90m[39m
[35m[HTTP][39m [37m-->[39m [37mPOST[39m [37m/wd/hub/session/5afdb2a3-22a6-4c67-97af-f08bfee64d1b/elements[39m
[35m[HTTP][39m [90m{"using":"-android uiautomator","value":"new UiSelector().className(\"android.widget.EditText\").resourceId(\"b2-Input_PasswordLama\")"}[39m
[35m[HTTP][39m [37m<-- POST /wd/hub/session/5afdb2a3-22a6-4c67-97af-f08bfee64d1b/elements [39m[32m200[39m [90m1392 ms - 90[39m
[35m[HTTP][39m [90m[39m
[35m[HTTP][39m [37m-->[39m [37mGET[39m [37m/wd/hub/session/5afdb2a3-22a6-4c67-97af-f08bfee64d1b/element/b9d5b0ee-4351-4798-8a82-ada104cf3f61/location[39m
[35m[HTTP][39m [90m{}[39m
[35m[W3C][39m Driver proxy active, passing request on via HTTP proxy
[35m[JSONWP Proxy][39m Replacing sessionId 3b57d34d-c34a-4df3-8b79-70fcafd9b60d with 5afdb2a3-22a6-4c67-97af-f08bfee64d1b
[35m[HTTP][39m [37m<-- GET /wd/hub/session/5afdb2a3-22a6-4c67-97af-f08bfee64d1b/element/b9d5b0ee-4351-4798-8a82-ada104cf3f61/location [39m[32m200[39m [90m41 ms - 88[39m
[35m[HTTP][39m [90m[39m
[35m[HTTP][39m [37m-->[39m [37mPOST[39m [37m/wd/hub/session/5afdb2a3-22a6-4c67-97af-f08bfee64d1b/timeouts[39m
[35m[HTTP][39m [90m{"implicit":60000}[39m
[35m[HTTP][39m [37m<-- POST /wd/hub/session/5afdb2a3-22a6-4c67-97af-f08bfee64d1b/timeouts [39m[32m200[39m [90m2 ms - 14[39m
[35m[HTTP][39m [90m[39m
[35m[HTTP][39m [37m-->[39m [37mPOST[39m [37m/wd/hub/session/5afdb2a3-22a6-4c67-97af-f08bfee64d1b/element/b9d5b0ee-4351-4798-8a82-ada104cf3f61/clear[39m
[35m[HTTP][39m [90m{"id":"b9d5b0ee-4351-4798-8a82-ada104cf3f61"}[39m
[35m[HTTP][39m [37m<-- POST /wd/hub/session/5afdb2a3-22a6-4c67-97af-f08bfee64d1b/element/b9d5b0ee-4351-4798-8a82-ada104cf3f61/clear [39m[32m200[39m [90m46 ms - 27[39m
[35m[HTTP][39m [90m[39m
[35m[HTTP][39m [37m-->[39m [37mPOST[39m [37m/wd/hub/session/5afdb2a3-22a6-4c67-97af-f08bfee64d1b/element/b9d5b0ee-4351-4798-8a82-ada104cf3f61/value[39m
[35m[HTTP][39m [90m{"id":"b9d5b0ee-4351-4798-8a82-ada104cf3f61","text":"Pramitha98_","value":["P","r","a","m","i","t","h","a","9","8","_"]}[39m
[35m[HTTP][39m [37m<-- POST /wd/hub/session/5afdb2a3-22a6-4c67-97af-f08bfee64d1b/element/b9d5b0ee-4351-4798-8a82-ada104cf3f61/value [39m[32m200[39m [90m328 ms - 12[39m
[35m[HTTP][39m [90m[39m
[35m[HTTP][39m [37m-->[39m [37mPOST[39m [37m/wd/hub/session/5afdb2a3-22a6-4c67-97af-f08bfee64d1b/timeouts[39m
[35m[HTTP][39m [90m{"implicit":50}[39m
[35m[HTTP][39m [37m<-- POST /wd/hub/session/5afdb2a3-22a6-4c67-97af-f08bfee64d1b/timeouts [39m[32m200[39m [90m3 ms - 14[39m
[35m[HTTP][39m [90m[39m
[35m[HTTP][39m [37m-->[39m [37mGET[39m [37m/wd/hub/session/5afdb2a3-22a6-4c67-97af-f08bfee64d1b/window/rect[39m
[35m[HTTP][39m [90m{}[39m
[35m[HTTP][39m [37m<-- GET /wd/hub/session/5afdb2a3-22a6-4c67-97af-f08bfee64d1b/window/rect [39m[32m200[39m [90m46 ms - 50[39m
[35m[HTTP][39m [90m[39m
[35m[HTTP][39m [37m-->[39m [37mPOST[39m [37m/wd/hub/session/5afdb2a3-22a6-4c67-97af-f08bfee64d1b/elements[39m
[35m[HTTP][39m [90m{"using":"-android uiautomator","value":"new UiSelector().className(\"android.widget.EditText\").resourceId(\"b2-Input_PasswordLama\")"}[39m
[35m[HTTP][39m [37m<-- POST /wd/hub/session/5afdb2a3-22a6-4c67-97af-f08bfee64d1b/elements [39m[32m200[39m [90m791 ms - 90[39m
[35m[HTTP][39m [90m[39m
[35m[HTTP][39m [37m-->[39m [37mGET[39m [37m/wd/hub/session/5afdb2a3-22a6-4c67-97af-f08bfee64d1b/element/c6d05699-bd51-486b-80ab-2d57c8b5259f/location[39m
[35m[HTTP][39m [90m{}[39m
[35m[W3C][39m Driver proxy active, passing request on via HTTP proxy
[35m[JSONWP Proxy][39m Replacing sessionId 3b57d34d-c34a-4df3-8b79-70fcafd9b60d with 5afdb2a3-22a6-4c67-97af-f08bfee64d1b
[35m[HTTP][39m [37m<-- GET /wd/hub/session/5afdb2a3-22a6-4c67-97af-f08bfee64d1b/element/c6d05699-bd51-486b-80ab-2d57c8b5259f/location [39m[32m200[39m [90m57 ms - 88[39m
[35m[HTTP][39m [90m[39m
[35m[HTTP][39m [37m-->[39m [37mPOST[39m [37m/wd/hub/session/5afdb2a3-22a6-4c67-97af-f08bfee64d1b/timeouts[39m
[35m[HTTP][39m [90m{"implicit":60000}[39m
[35m[HTTP][39m [37m<-- POST /wd/hub/session/5afdb2a3-22a6-4c67-97af-f08bfee64d1b/timeouts [39m[32m200[39m [90m2 ms - 14[39m
[35m[HTTP][39m [90m[39m
[35m[HTTP][39m [37m-->[39m [37mGET[39m [37m/wd/hub/session/5afdb2a3-22a6-4c67-97af-f08bfee64d1b/element/c6d05699-bd51-486b-80ab-2d57c8b5259f/text[39m
[35m[HTTP][39m [90m{}[39m
[35m[W3C][39m Driver proxy active, passing request on via HTTP proxy
[35m[JSONWP Proxy][39m Replacing sessionId 3b57d34d-c34a-4df3-8b79-70fcafd9b60d with 5afdb2a3-22a6-4c67-97af-f08bfee64d1b
[35m[HTTP][39m [37m<-- GET /wd/hub/session/5afdb2a3-22a6-4c67-97af-f08bfee64d1b/element/c6d05699-bd51-486b-80ab-2d57c8b5259f/text [39m[32m200[39m [90m61 ms - 107[39m
[35m[HTTP][39m [90m[39m
[35m[HTTP][39m [37m-->[39m [37mPOST[39m [37m/wd/hub/session/5afdb2a3-22a6-4c67-97af-f08bfee64d1b/timeouts[39m
[35m[HTTP][39m [90m{"implicit":50}[39m
[35m[HTTP][39m [37m<-- POST /wd/hub/session/5afdb2a3-22a6-4c67-97af-f08bfee64d1b/timeouts [39m[32m200[39m [90m3 ms - 14[39m
[35m[HTTP][39m [90m[39m
[35m[HTTP][39m [37m-->[39m [37mGET[39m [37m/wd/hub/session/5afdb2a3-22a6-4c67-97af-f08bfee64d1b/window/rect[39m
[35m[HTTP][39m [90m{}[39m
[35m[HTTP][39m [37m<-- GET /wd/hub/session/5afdb2a3-22a6-4c67-97af-f08bfee64d1b/window/rect [39m[32m200[39m [90m29 ms - 50[39m
[35m[HTTP][39m [90m[39m
[35m[HTTP][39m [37m-->[39m [37mPOST[39m [37m/wd/hub/session/5afdb2a3-22a6-4c67-97af-f08bfee64d1b/elements[39m
[35m[HTTP][39m [90m{"using":"-android uiautomator","value":"new UiSelector().className(\"android.widget.EditText\").resourceId(\"b2-Input_PasswordBaru\")"}[39m
[35m[HTTP][39m [37m<-- POST /wd/hub/session/5afdb2a3-22a6-4c67-97af-f08bfee64d1b/elements [39m[32m200[39m [90m82 ms - 90[39m
[35m[HTTP][39m [90m[39m
[35m[HTTP][39m [37m-->[39m [37mGET[39m [37m/wd/hub/session/5afdb2a3-22a6-4c67-97af-f08bfee64d1b/element/525c710c-31e3-40e6-966e-8704c7e4ee10/location[39m
[35m[HTTP][39m [90m{}[39m
[35m[W3C][39m Driver proxy active, passing request on via HTTP proxy
[35m[JSONWP Proxy][39m Replacing sessionId 3b57d34d-c34a-4df3-8b79-70fcafd9b60d with 5afdb2a3-22a6-4c67-97af-f08bfee64d1b
[35m[HTTP][39m [37m<-- GET /wd/hub/session/5afdb2a3-22a6-4c67-97af-f08bfee64d1b/element/525c710c-31e3-40e6-966e-8704c7e4ee10/location [39m[32m200[39m [90m45 ms - 88[39m
[35m[HTTP][39m [90m[39m
[35m[HTTP][39m [37m-->[39m [37mPOST[39m [37m/wd/hub/session/5afdb2a3-22a6-4c67-97af-f08bfee64d1b/timeouts[39m
[35m[HTTP][39m [90m{"implicit":60000}[39m
[35m[HTTP][39m [37m<-- POST /wd/hub/session/5afdb2a3-22a6-4c67-97af-f08bfee64d1b/timeouts [39m[32m200[39m [90m2 ms - 14[39m
[35m[HTTP][39m [90m[39m
[35m[HTTP][39m [37m-->[39m [37mPOST[39m [37m/wd/hub/session/5afdb2a3-22a6-4c67-97af-f08bfee64d1b/element/525c710c-31e3-40e6-966e-8704c7e4ee10/clear[39m
[35m[HTTP][39m [90m{"id":"525c710c-31e3-40e6-966e-8704c7e4ee10"}[39m
[35m[HTTP][39m [37m<-- POST /wd/hub/session/5afdb2a3-22a6-4c67-97af-f08bfee64d1b/element/525c710c-31e3-40e6-966e-8704c7e4ee10/clear [39m[32m200[39m [90m55 ms - 27[39m
[35m[HTTP][39m [90m[39m
[35m[HTTP][39m [37m-->[39m [37mPOST[39m [37m/wd/hub/session/5afdb2a3-22a6-4c67-97af-f08bfee64d1b/element/525c710c-31e3-40e6-966e-8704c7e4ee10/value[39m
[35m[HTTP][39m [90m{"id":"525c710c-31e3-40e6-966e-8704c7e4ee10","text":"Dirgantara_98","value":["D","i","r","g","a","n","t","a","r","a","_","9","8"]}[39m
[35m[HTTP][39m [37m<-- POST /wd/hub/session/5afdb2a3-22a6-4c67-97af-f08bfee64d1b/element/525c710c-31e3-40e6-966e-8704c7e4ee10/value [39m[32m200[39m [90m273 ms - 12[39m
[35m[HTTP][39m [90m[39m
[35m[HTTP][39m [37m-->[39m [37mPOST[39m [37m/wd/hub/session/5afdb2a3-22a6-4c67-97af-f08bfee64d1b/timeouts[39m
[35m[HTTP][39m [90m{"implicit":50}[39m
[35m[HTTP][39m [37m<-- POST /wd/hub/session/5afdb2a3-22a6-4c67-97af-f08bfee64d1b/timeouts [39m[32m200[39m [90m3 ms - 14[39m
[35m[HTTP][39m [90m[39m
[35m[HTTP][39m [37m-->[39m [37mGET[39m [37m/wd/hub/session/5afdb2a3-22a6-4c67-97af-f08bfee64d1b/window/rect[39m
[35m[HTTP][39m [90m{}[39m
[35m[HTTP][39m [37m<-- GET /wd/hub/session/5afdb2a3-22a6-4c67-97af-f08bfee64d1b/window/rect [39m[32m200[39m [90m58 ms - 50[39m
[35m[HTTP][39m [90m[39m
[35m[HTTP][39m [37m-->[39m [37mPOST[39m [37m/wd/hub/session/5afdb2a3-22a6-4c67-97af-f08bfee64d1b/elements[39m
[35m[HTTP][39m [90m{"using":"-android uiautomator","value":"new UiSelector().className(\"android.widget.EditText\").resourceId(\"b2-Input_PasswordBaru\")"}[39m
[35m[HTTP][39m [37m<-- POST /wd/hub/session/5afdb2a3-22a6-4c67-97af-f08bfee64d1b/elements [39m[32m200[39m [90m804 ms - 90[39m
[35m[HTTP][39m [90m[39m
[35m[HTTP][39m [37m-->[39m [37mGET[39m [37m/wd/hub/session/5afdb2a3-22a6-4c67-97af-f08bfee64d1b/element/bf3bd836-398e-46a9-b5df-6c6ab3cbb016/location[39m
[35m[HTTP][39m [90m{}[39m
[35m[W3C][39m Driver proxy active, passing request on via HTTP proxy
[35m[JSONWP Proxy][39m Replacing sessionId 3b57d34d-c34a-4df3-8b79-70fcafd9b60d with 5afdb2a3-22a6-4c67-97af-f08bfee64d1b
[35m[HTTP][39m [37m<-- GET /wd/hub/session/5afdb2a3-22a6-4c67-97af-f08bfee64d1b/element/bf3bd836-398e-46a9-b5df-6c6ab3cbb016/location [39m[32m200[39m [90m50 ms - 88[39m
[35m[HTTP][39m [90m[39m
[35m[HTTP][39m [37m-->[39m [37mPOST[39m [37m/wd/hub/session/5afdb2a3-22a6-4c67-97af-f08bfee64d1b/timeouts[39m
[35m[HTTP][39m [90m{"implicit":60000}[39m
[35m[HTTP][39m [37m<-- POST /wd/hub/session/5afdb2a3-22a6-4c67-97af-f08bfee64d1b/timeouts [39m[32m200[39m [90m2 ms - 14[39m
[35m[HTTP][39m [90m[39m
[35m[HTTP][39m [37m-->[39m [37mGET[39m [37m/wd/hub/session/5afdb2a3-22a6-4c67-97af-f08bfee64d1b/element/bf3bd836-398e-46a9-b5df-6c6ab3cbb016/text[39m
[35m[HTTP][39m [90m{}[39m
[35m[W3C][39m Driver proxy active, passing request on via HTTP proxy
[35m[JSONWP Proxy][39m Replacing sessionId 3b57d34d-c34a-4df3-8b79-70fcafd9b60d with 5afdb2a3-22a6-4c67-97af-f08bfee64d1b
[35m[HTTP][39m [37m<-- GET /wd/hub/session/5afdb2a3-22a6-4c67-97af-f08bfee64d1b/element/bf3bd836-398e-46a9-b5df-6c6ab3cbb016/text [39m[32m200[39m [90m69 ms - 113[39m
[35m[HTTP][39m [90m[39m
[35m[HTTP][39m [37m-->[39m [37mPOST[39m [37m/wd/hub/session/5afdb2a3-22a6-4c67-97af-f08bfee64d1b/timeouts[39m
[35m[HTTP][39m [90m{"implicit":50}[39m
[35m[HTTP][39m [37m<-- POST /wd/hub/session/5afdb2a3-22a6-4c67-97af-f08bfee64d1b/timeouts [39m[32m200[39m [90m4 ms - 14[39m
[35m[HTTP][39m [90m[39m
[35m[HTTP][39m [37m-->[39m [37mGET[39m [37m/wd/hub/session/5afdb2a3-22a6-4c67-97af-f08bfee64d1b/window/rect[39m
[35m[HTTP][39m [90m{}[39m
[35m[HTTP][39m [37m<-- GET /wd/hub/session/5afdb2a3-22a6-4c67-97af-f08bfee64d1b/window/rect [39m[32m200[39m [90m27 ms - 50[39m
[35m[HTTP][39m [90m[39m
[35m[HTTP][39m [37m-->[39m [37mPOST[39m [37m/wd/hub/session/5afdb2a3-22a6-4c67-97af-f08bfee64d1b/elements[39m
[35m[HTTP][39m [90m{"using":"-android uiautomator","value":"new UiSelector().className(\"android.widget.EditText\").resourceId(\"b2-Input_PasswordBaruKonfirm\")"}[39m
[35m[HTTP][39m [37m<-- POST /wd/hub/session/5afdb2a3-22a6-4c67-97af-f08bfee64d1b/elements [39m[32m200[39m [90m89 ms - 90[39m
[35m[HTTP][39m [90m[39m
[35m[HTTP][39m [37m-->[39m [37mGET[39m [37m/wd/hub/session/5afdb2a3-22a6-4c67-97af-f08bfee64d1b/element/b8205a5c-35d3-4ce3-ba50-9b0679439948/location[39m
[35m[HTTP][39m [90m{}[39m
[35m[W3C][39m Driver proxy active, passing request on via HTTP proxy
[35m[JSONWP Proxy][39m Replacing sessionId 3b57d34d-c34a-4df3-8b79-70fcafd9b60d with 5afdb2a3-22a6-4c67-97af-f08bfee64d1b
[35m[HTTP][39m [37m<-- GET /wd/hub/session/5afdb2a3-22a6-4c67-97af-f08bfee64d1b/element/b8205a5c-35d3-4ce3-ba50-9b0679439948/location [39m[32m200[39m [90m48 ms - 88[39m
[35m[HTTP][39m [90m[39m
[35m[HTTP][39m [37m-->[39m [37mPOST[39m [37m/wd/hub/session/5afdb2a3-22a6-4c67-97af-f08bfee64d1b/timeouts[39m
[35m[HTTP][39m [90m{"implicit":60000}[39m
[35m[HTTP][39m [37m<-- POST /wd/hub/session/5afdb2a3-22a6-4c67-97af-f08bfee64d1b/timeouts [39m[32m200[39m [90m2 ms - 14[39m
[35m[HTTP][39m [90m[39m
[35m[HTTP][39m [37m-->[39m [37mPOST[39m [37m/wd/hub/session/5afdb2a3-22a6-4c67-97af-f08bfee64d1b/element/b8205a5c-35d3-4ce3-ba50-9b0679439948/clear[39m
[35m[HTTP][39m [90m{"id":"b8205a5c-35d3-4ce3-ba50-9b0679439948"}[39m
[35m[HTTP][39m [37m<-- POST /wd/hub/session/5afdb2a3-22a6-4c67-97af-f08bfee64d1b/element/b8205a5c-35d3-4ce3-ba50-9b0679439948/clear [39m[32m200[39m [90m45 ms - 27[39m
[35m[HTTP][39m [90m[39m
[35m[HTTP][39m [37m-->[39m [37mPOST[39m [37m/wd/hub/session/5afdb2a3-22a6-4c67-97af-f08bfee64d1b/element/b8205a5c-35d3-4ce3-ba50-9b0679439948/value[39m
[35m[HTTP][39m [90m{"id":"b8205a5c-35d3-4ce3-ba50-9b0679439948","text":"Dirgantara_98","value":["D","i","r","g","a","n","t","a","r","a","_","9","8"]}[39m
[35m[HTTP][39m [37m<-- POST /wd/hub/session/5afdb2a3-22a6-4c67-97af-f08bfee64d1b/element/b8205a5c-35d3-4ce3-ba50-9b0679439948/value [39m[32m200[39m [90m266 ms - 12[39m
[35m[HTTP][39m [90m[39m
[35m[HTTP][39m [37m-->[39m [37mPOST[39m [37m/wd/hub/session/5afdb2a3-22a6-4c67-97af-f08bfee64d1b/timeouts[39m
[35m[HTTP][39m [90m{"implicit":50}[39m
[35m[HTTP][39m [37m<-- POST /wd/hub/session/5afdb2a3-22a6-4c67-97af-f08bfee64d1b/timeouts [39m[32m200[39m [90m3 ms - 14[39m
[35m[HTTP][39m [90m[39m
[35m[HTTP][39m [37m-->[39m [37mGET[39m [37m/wd/hub/session/5afdb2a3-22a6-4c67-97af-f08bfee64d1b/window/rect[39m
[35m[HTTP][39m [90m{}[39m
[35m[HTTP][39m [37m<-- GET /wd/hub/session/5afdb2a3-22a6-4c67-97af-f08bfee64d1b/window/rect [39m[32m200[39m [90m41 ms - 50[39m
[35m[HTTP][39m [90m[39m
[35m[HTTP][39m [37m-->[39m [37mPOST[39m [37m/wd/hub/session/5afdb2a3-22a6-4c67-97af-f08bfee64d1b/elements[39m
[35m[HTTP][39m [90m{"using":"-android uiautomator","value":"new UiSelector().className(\"android.widget.EditText\").resourceId(\"b2-Input_PasswordBaruKonfirm\")"}[39m
[35m[HTTP][39m [37m<-- POST /wd/hub/session/5afdb2a3-22a6-4c67-97af-f08bfee64d1b/elements [39m[32m200[39m [90m853 ms - 90[39m
[35m[HTTP][39m [90m[39m
[35m[HTTP][39m [37m-->[39m [37mGET[39m [37m/wd/hub/session/5afdb2a3-22a6-4c67-97af-f08bfee64d1b/element/1d53fee3-347c-4c04-a3b7-edd4ac3ce1ec/location[39m
[35m[HTTP][39m [90m{}[39m
[35m[W3C][39m Driver proxy active, passing request on via HTTP proxy
[35m[JSONWP Proxy][39m Replacing sessionId 3b57d34d-c34a-4df3-8b79-70fcafd9b60d with 5afdb2a3-22a6-4c67-97af-f08bfee64d1b
[35m[HTTP][39m [37m<-- GET /wd/hub/session/5afdb2a3-22a6-4c67-97af-f08bfee64d1b/element/1d53fee3-347c-4c04-a3b7-edd4ac3ce1ec/location [39m[32m200[39m [90m51 ms - 88[39m
[35m[HTTP][39m [90m[39m
[35m[HTTP][39m [37m-->[39m [37mPOST[39m [37m/wd/hub/session/5afdb2a3-22a6-4c67-97af-f08bfee64d1b/timeouts[39m
[35m[HTTP][39m [90m{"implicit":60000}[39m
[35m[HTTP][39m [37m<-- POST /wd/hub/session/5afdb2a3-22a6-4c67-97af-f08bfee64d1b/timeouts [39m[32m200[39m [90m2 ms - 14[39m
[35m[HTTP][39m [90m[39m
[35m[HTTP][39m [37m-->[39m [37mGET[39m [37m/wd/hub/session/5afdb2a3-22a6-4c67-97af-f08bfee64d1b/element/1d53fee3-347c-4c04-a3b7-edd4ac3ce1ec/text[39m
[35m[HTTP][39m [90m{}[39m
[35m[W3C][39m Driver proxy active, passing request on via HTTP proxy
[35m[JSONWP Proxy][39m Replacing sessionId 3b57d34d-c34a-4df3-8b79-70fcafd9b60d with 5afdb2a3-22a6-4c67-97af-f08bfee64d1b
[35m[HTTP][39m [37m<-- GET /wd/hub/session/5afdb2a3-22a6-4c67-97af-f08bfee64d1b/element/1d53fee3-347c-4c04-a3b7-edd4ac3ce1ec/text [39m[32m200[39m [90m55 ms - 113[39m
[35m[HTTP][39m [90m[39m
[35m[HTTP][39m [37m-->[39m [37mPOST[39m [37m/wd/hub/session/5afdb2a3-22a6-4c67-97af-f08bfee64d1b/timeouts[39m
[35m[HTTP][39m [90m{"implicit":50}[39m
[35m[HTTP][39m [37m<-- POST /wd/hub/session/5afdb2a3-22a6-4c67-97af-f08bfee64d1b/timeouts [39m[32m200[39m [90m3 ms - 14[39m
[35m[HTTP][39m [90m[39m
[35m[HTTP][39m [37m-->[39m [37mGET[39m [37m/wd/hub/session/5afdb2a3-22a6-4c67-97af-f08bfee64d1b/window/rect[39m
[35m[HTTP][39m [90m{}[39m
[35m[HTTP][39m [37m<-- GET /wd/hub/session/5afdb2a3-22a6-4c67-97af-f08bfee64d1b/window/rect [39m[32m200[39m [90m20 ms - 50[39m
[35m[HTTP][39m [90m[39m
[35m[HTTP][39m [37m-->[39m [37mPOST[39m [37m/wd/hub/session/5afdb2a3-22a6-4c67-97af-f08bfee64d1b/elements[39m
[35m[HTTP][39m [90m{"using":"-android uiautomator","value":"new UiSelector().className(\"android.widget.Button\").text(\"Konfirmasi\")"}[39m
[35m[HTTP][39m [37m<-- POST /wd/hub/session/5afdb2a3-22a6-4c67-97af-f08bfee64d1b/elements [39m[32m200[39m [90m86 ms - 90[39m
[35m[HTTP][39m [90m[39m
[35m[HTTP][39m [37m-->[39m [37mGET[39m [37m/wd/hub/session/5afdb2a3-22a6-4c67-97af-f08bfee64d1b/element/71f9a3b6-3ad7-42ee-964a-459074c8e2aa/location[39m
[35m[HTTP][39m [90m{}[39m
[35m[W3C][39m Driver proxy active, passing request on via HTTP proxy
[35m[JSONWP Proxy][39m Replacing sessionId 3b57d34d-c34a-4df3-8b79-70fcafd9b60d with 5afdb2a3-22a6-4c67-97af-f08bfee64d1b
[35m[HTTP][39m [37m<-- GET /wd/hub/session/5afdb2a3-22a6-4c67-97af-f08bfee64d1b/element/71f9a3b6-3ad7-42ee-964a-459074c8e2aa/location [39m[32m200[39m [90m44 ms - 89[39m
[35m[HTTP][39m [90m[39m
[35m[HTTP][39m [37m-->[39m [37mPOST[39m [37m/wd/hub/session/5afdb2a3-22a6-4c67-97af-f08bfee64d1b/timeouts[39m
[35m[HTTP][39m [90m{"implicit":60000}[39m
[35m[HTTP][39m [37m<-- POST /wd/hub/session/5afdb2a3-22a6-4c67-97af-f08bfee64d1b/timeouts [39m[32m200[39m [90m2 ms - 14[39m
[35m[HTTP][39m [90m[39m
[35m[HTTP][39m [37m-->[39m [37mPOST[39m [37m/wd/hub/session/5afdb2a3-22a6-4c67-97af-f08bfee64d1b/touch/perform[39m
[35m[HTTP][39m [90m{"actions":[{"action":"tap","options":{"x":1,"y":1,"element":"71f9a3b6-3ad7-42ee-964a-459074c8e2aa"}},{"action":"release","options":{}}]}[39m
[35m[UiAutomator2][39m calling get location: 71f9a3b6-3ad7-42ee-964a-459074c8e2aa
[35m[HTTP][39m [37m<-- POST /wd/hub/session/5afdb2a3-22a6-4c67-97af-f08bfee64d1b/touch/perform [39m[32m200[39m [90m710 ms - 14[39m
[35m[HTTP][39m [90m[39m
[35m[HTTP][39m [37m-->[39m [37mPOST[39m [37m/wd/hub/session/5afdb2a3-22a6-4c67-97af-f08bfee64d1b/timeouts[39m
[35m[HTTP][39m [90m{"implicit":50}[39m
[35m[HTTP][39m [37m<-- POST /wd/hub/session/5afdb2a3-22a6-4c67-97af-f08bfee64d1b/timeouts [39m[32m200[39m [90m2 ms - 14[39m
[35m[HTTP][39m [90m[39m
[35m[HTTP][39m [37m-->[39m [37mGET[39m [37m/wd/hub/session/5afdb2a3-22a6-4c67-97af-f08bfee64d1b/window/rect[39m
[35m[HTTP][39m [90m{}[39m
[35m[HTTP][39m [37m<-- GET /wd/hub/session/5afdb2a3-22a6-4c67-97af-f08bfee64d1b/window/rect [39m[32m200[39m [90m33 ms - 50[39m
[35m[HTTP][39m [90m[39m
[35m[HTTP][39m [37m-->[39m [37mPOST[39m [37m/wd/hub/session/5afdb2a3-22a6-4c67-97af-f08bfee64d1b/elements[39m
[35m[HTTP][39m [90m{"using":"-android uiautomator","value":"new UiSelector().className(\"android.view.View\").text(\"Ubah\")"}[39m
[35m[HTTP][39m [37m<-- POST /wd/hub/session/5afdb2a3-22a6-4c67-97af-f08bfee64d1b/elements [39m[32m200[39m [90m588 ms - 12[39m
[35m[HTTP][39m [90m[39m
[35m[HTTP][39m [37m-->[39m [37mPOST[39m [37m/wd/hub/session/5afdb2a3-22a6-4c67-97af-f08bfee64d1b/elements[39m
[35m[HTTP][39m [90m{"using":"-android uiautomator","value":"new UiSelector().className(\"android.view.View\").text(\"Ubah\")"}[39m
[35m[HTTP][39m [37m<-- POST /wd/hub/session/5afdb2a3-22a6-4c67-97af-f08bfee64d1b/elements [39m[32m200[39m [90m583 ms - 12[39m
[35m[HTTP][39m [90m[39m
[35m[HTTP][39m [37m-->[39m [37mPOST[39m [37m/wd/hub/session/5afdb2a3-22a6-4c67-97af-f08bfee64d1b/elements[39m
[35m[HTTP][39m [90m{"using":"-android uiautomator","value":"new UiSelector().className(\"android.view.View\").text(\"Ubah\")"}[39m
[35m[HTTP][39m [37m<-- POST /wd/hub/session/5afdb2a3-22a6-4c67-97af-f08bfee64d1b/elements [39m[32m200[39m [90m584 ms - 12[39m
[35m[HTTP][39m [90m[39m
[35m[HTTP][39m [37m-->[39m [37mPOST[39m [37m/wd/hub/session/5afdb2a3-22a6-4c67-97af-f08bfee64d1b/elements[39m
[35m[HTTP][39m [90m{"using":"-android uiautomator","value":"new UiSelector().className(\"android.view.View\").text(\"Ubah\")"}[39m
[35m[HTTP][39m [37m<-- POST /wd/hub/session/5afdb2a3-22a6-4c67-97af-f08bfee64d1b/elements [39m[32m200[39m [90m592 ms - 12[39m
[35m[HTTP][39m [90m[39m
[35m[HTTP][39m [37m-->[39m [37mPOST[39m [37m/wd/hub/session/5afdb2a3-22a6-4c67-97af-f08bfee64d1b/elements[39m
[35m[HTTP][39m [90m{"using":"-android uiautomator","value":"new UiSelector().className(\"android.view.View\").text(\"Ubah\")"}[39m
[35m[HTTP][39m [37m<-- POST /wd/hub/session/5afdb2a3-22a6-4c67-97af-f08bfee64d1b/elements [39m[32m200[39m [90m600 ms - 12[39m
[35m[HTTP][39m [90m[39m
[35m[HTTP][39m [37m-->[39m [37mPOST[39m [37m/wd/hub/session/5afdb2a3-22a6-4c67-97af-f08bfee64d1b/elements[39m
[35m[HTTP][39m [90m{"using":"-android uiautomator","value":"new UiSelector().className(\"android.view.View\").text(\"Ubah\")"}[39m
[35m[HTTP][39m [37m<-- POST /wd/hub/session/5afdb2a3-22a6-4c67-97af-f08bfee64d1b/elements [39m[32m200[39m [90m602 ms - 12[39m
[35m[HTTP][39m [90m[39m
[35m[HTTP][39m [37m-->[39m [37mPOST[39m [37m/wd/hub/session/5afdb2a3-22a6-4c67-97af-f08bfee64d1b/elements[39m
[35m[HTTP][39m [90m{"using":"-android uiautomator","value":"new UiSelector().className(\"android.view.View\").text(\"Ubah\")"}[39m
[35m[HTTP][39m [37m<-- POST /wd/hub/session/5afdb2a3-22a6-4c67-97af-f08bfee64d1b/elements [39m[32m200[39m [90m586 ms - 12[39m
[35m[HTTP][39m [90m[39m
[35m[HTTP][39m [37m-->[39m [37mPOST[39m [37m/wd/hub/session/5afdb2a3-22a6-4c67-97af-f08bfee64d1b/elements[39m
[35m[HTTP][39m [90m{"using":"-android uiautomator","value":"new UiSelector().className(\"android.view.View\").text(\"Ubah\")"}[39m
[35m[HTTP][39m [37m<-- POST /wd/hub/session/5afdb2a3-22a6-4c67-97af-f08bfee64d1b/elements [39m[32m-[39m [90m- ms - -[39m
[35m[HTTP][39m [90m[39m
