[35m[Appium][39m Welcome to Appium v1.12.1
[35m[Appium][39m Non-default server args:
[35m[Appium][39m   port: 52926
[35m[Appium][39m   loglevel: info
[35m[Appium][39m   chromeDriverPort: 52927
[35m[Appium][39m   tmpDir: C:\Users\Marvin\AppData\Local\Temp\\Katalon\Appium\Temp1573115924922
[35m[Appium][39m Appium REST http interface listener started on 0.0.0.0:52926
[35m[HTTP][39m [37m-->[39m [37mGET[39m [37m/wd/hub/status[39m
[35m[HTTP][39m [90m{}[39m
[35m[HTTP][39m [37m<-- GET /wd/hub/status [39m[32m200[39m [90m10 ms - 68[39m
[35m[HTTP][39m [90m[39m
[35m[HTTP][39m [37m-->[39m [37mPOST[39m [37m/wd/hub/session[39m
[35m[HTTP][39m [90m{"desiredCapabilities":{"app":"C:\\Users\\Marvin\\git\\ACCBid-Mobile\\accbid.apk","noReset":true,"deviceId":"","deviceName":"samsung SM-A505F (Android 9)","fullReset":false,"platform":"ANDROID","newCommandTimeout":1800,"platformVersion":"9","automationName":"uiautomator2","autoGrantPermissions":true,"unicodeKeyboard":true,"platformName":"Android","udid":"RR8M30NJEFN","resetKeyboard":true,"systemPort":52925},"capabilities":{"firstMatch":[{"appium:app":"C:\\Users\\Marvin\\git\\ACCBid-Mobile\\accbid.apk","appium:autoGrantPermissions":true,"appium:automationName":"uiautomator2","deviceId":"","appium:deviceName":"samsung SM-A505F (Android 9)","appium:fullReset":false,"appium:newCommandTimeout":1800,"appium:noReset":true,"platform":"ANDROID","platformName":"android","appium:platformVersion":"9","appium:resetKeyboard":true,"appium:systemPort":52925,"appium:udid":"RR8M30NJEFN","appium:unicodeKeyboard":true}]}}[39m
[35m[BaseDriver][39m The capabilities ["deviceId","platform"] are not standard capabilities and should have an extension prefix
[35m[Appium][39m Appium v1.12.1 creating new AndroidUiautomator2Driver (v1.33.0) session
[35m[Appium][39m Capabilities:
[35m[Appium][39m   deviceId: 
[35m[Appium][39m   platform: ANDROID
[35m[Appium][39m   platformName: android
[35m[Appium][39m   app: C:\Users\Marvin\git\ACCBid-Mobile\accbid.apk
[35m[Appium][39m   autoGrantPermissions: true
[35m[Appium][39m   automationName: uiautomator2
[35m[Appium][39m   deviceName: samsung SM-A505F (Android 9)
[35m[Appium][39m   fullReset: false
[35m[Appium][39m   newCommandTimeout: 1800
[35m[Appium][39m   noReset: true
[35m[Appium][39m   platformVersion: 9
[35m[Appium][39m   resetKeyboard: true
[35m[Appium][39m   systemPort: 52925
[35m[Appium][39m   udid: RR8M30NJEFN
[35m[Appium][39m   unicodeKeyboard: true
[35m[BaseDriver][39m The following capabilities were provided, but are not recognized by appium: deviceId, platform.
[35m[BaseDriver][39m Session created with session id: b156e1ce-6fde-48d8-a14d-15c15efcead6
[35m[BaseDriver][39m Using local app 'C:\Users\Marvin\git\ACCBid-Mobile\accbid.apk'
[35m[ADB][39m Checking whether adb is present
[35m[ADB][39m Found 1 'build-tools' folders under 'C:\Users\Marvin\.katalon\tools\android_sdk' (newest first):
[35m[ADB][39m     C:/Users/Marvin/.katalon/tools/android_sdk/build-tools/29.0.0
[35m[ADB][39m Using adb.exe from C:\Users\Marvin\.katalon\tools\android_sdk\platform-tools\adb.exe
[35m[AndroidDriver][39m Retrieving device list
[35m[AndroidDriver][39m Using device: RR8M30NJEFN
[35m[UiAutomator2][39m Relaxing hidden api policy
[35m[ADB][39m Using the alternative activity name detection method because of: Could not find apkanalyzer.bat in C:\Users\Marvin\.katalon\tools\android_sdk\platform-tools\apkanalyzer.bat,C:\Users\Marvin\.katalon\tools\android_sdk\emulator\apkanalyzer.bat,C:\Users\Marvin\.katalon\tools\android_sdk\tools\apkanalyzer.bat,C:\Users\Marvin\.katalon\tools\android_sdk\tools\bin\apkanalyzer.bat,C:\Users\Marvin\.katalon\tools\android_sdk\build-tools\29.0.0\apkanalyzer.bat. Do you have the Android SDK installed at 'C:\Users\Marvin\.katalon\tools\android_sdk'?
[35m[ADB][39m Checking whether aapt is present
[35m[ADB][39m Using aapt.exe from C:\Users\Marvin\.katalon\tools\android_sdk\build-tools\29.0.0\aapt.exe
[35m[ADB][39m Extracting package and launch activity from manifest
[35m[ADB][39m Package name: 'com.outsystemsenterprise.acctst1.BidMart'
[35m[ADB][39m Main activity name: 'com.outsystemsenterprise.acctst1.BidMart.MainActivity'
[35m[ADB][39m Using apksigner.bat from C:\Users\Marvin\.katalon\tools\android_sdk\build-tools\29.0.0\apksigner.bat
[35m[UiAutomator2][39m Server packages are not going to be (re)installed
[35m[UiAutomator2][39m Starting UIAutomator2 server 3.4.0
[35m[UiAutomator2][39m Using UIAutomator2 server from 'C:\Users\Marvin\AppData\Roaming\npm\node_modules\appium\node_modules\appium-uiautomator2-server\apks\appium-uiautomator2-server-v3.4.0.apk' and test from 'C:\Users\Marvin\AppData\Roaming\npm\node_modules\appium\node_modules\appium-uiautomator2-server\apks\appium-uiautomator2-server-debug-androidTest.apk'
[35m[UiAutomator2][39m Waiting up to 30000ms for UiAutomator2 to be online...
[35m[WD Proxy][39m Got an unexpected response: {"code":"ECONNRESET"}
[35m[WD Proxy][39m Got an unexpected response: {"code":"ECONNRESET"}
[35m[AndroidDriver][39m Screen already unlocked, doing nothing
[35m[UiAutomator2][39m UiAutomator2 did not start the activity we were waiting for, 'com.outsystemsenterprise.acctst1.BidMart/com.outsystemsenterprise.acctst1.BidMart.MainActivity'. Starting it ourselves
[35m[Appium][39m New AndroidUiautomator2Driver session created successfully, session b156e1ce-6fde-48d8-a14d-15c15efcead6 added to master session list
[35m[HTTP][39m [37m<-- POST /wd/hub/session [39m[32m200[39m [90m23765 ms - 1337[39m
[35m[HTTP][39m [90m[39m
[35m[HTTP][39m [37m-->[39m [37mGET[39m [37m/wd/hub/session/b156e1ce-6fde-48d8-a14d-15c15efcead6[39m
[35m[HTTP][39m [90m{}[39m
[35m[HTTP][39m [37m<-- GET /wd/hub/session/b156e1ce-6fde-48d8-a14d-15c15efcead6 [39m[32m200[39m [90m43 ms - 1269[39m
[35m[HTTP][39m [90m[39m
[35m[HTTP][39m [37m-->[39m [37mGET[39m [37m/wd/hub/session/b156e1ce-6fde-48d8-a14d-15c15efcead6[39m
[35m[HTTP][39m [90m{}[39m
[35m[HTTP][39m [37m<-- GET /wd/hub/session/b156e1ce-6fde-48d8-a14d-15c15efcead6 [39m[32m200[39m [90m31 ms - 1269[39m
[35m[HTTP][39m [90m[39m
[35m[HTTP][39m [37m-->[39m [37mGET[39m [37m/wd/hub/status[39m
[35m[HTTP][39m [90m{}[39m
[35m[HTTP][39m [37m<-- GET /wd/hub/status [39m[32m200[39m [90m1 ms - 68[39m
[35m[HTTP][39m [90m[39m
[35m[HTTP][39m [37m-->[39m [37mPOST[39m [37m/wd/hub/session/b156e1ce-6fde-48d8-a14d-15c15efcead6/timeouts[39m
[35m[HTTP][39m [90m{"implicit":60000}[39m
[35m[HTTP][39m [37m<-- POST /wd/hub/session/b156e1ce-6fde-48d8-a14d-15c15efcead6/timeouts [39m[32m200[39m [90m7 ms - 14[39m
[35m[HTTP][39m [90m[39m
[35m[HTTP][39m [37m-->[39m [37mPOST[39m [37m/wd/hub/session/b156e1ce-6fde-48d8-a14d-15c15efcead6/timeouts[39m
[35m[HTTP][39m [90m{"implicit":50}[39m
[35m[HTTP][39m [37m<-- POST /wd/hub/session/b156e1ce-6fde-48d8-a14d-15c15efcead6/timeouts [39m[32m200[39m [90m3 ms - 14[39m
[35m[HTTP][39m [90m[39m
[35m[HTTP][39m [37m-->[39m [37mGET[39m [37m/wd/hub/session/b156e1ce-6fde-48d8-a14d-15c15efcead6/window/rect[39m
[35m[HTTP][39m [90m{}[39m
[35m[HTTP][39m [37m<-- GET /wd/hub/session/b156e1ce-6fde-48d8-a14d-15c15efcead6/window/rect [39m[32m200[39m [90m94 ms - 50[39m
[35m[HTTP][39m [90m[39m
[35m[HTTP][39m [37m-->[39m [37mPOST[39m [37m/wd/hub/session/b156e1ce-6fde-48d8-a14d-15c15efcead6/elements[39m
[35m[HTTP][39m [90m{"using":"-android uiautomator","value":"new UiSelector().className(\"android.view.View\").resourceId(\"GoToDeposit\")"}[39m
[35m[HTTP][39m [37m<-- POST /wd/hub/session/b156e1ce-6fde-48d8-a14d-15c15efcead6/elements [39m[32m200[39m [90m162 ms - 12[39m
[35m[HTTP][39m [90m[39m
[35m[HTTP][39m [37m-->[39m [37mPOST[39m [37m/wd/hub/session/b156e1ce-6fde-48d8-a14d-15c15efcead6/elements[39m
[35m[HTTP][39m [90m{"using":"-android uiautomator","value":"new UiSelector().className(\"android.view.View\").resourceId(\"GoToDeposit\")"}[39m
[35m[HTTP][39m [37m<-- POST /wd/hub/session/b156e1ce-6fde-48d8-a14d-15c15efcead6/elements [39m[32m200[39m [90m104 ms - 12[39m
[35m[HTTP][39m [90m[39m
[35m[HTTP][39m [37m-->[39m [37mPOST[39m [37m/wd/hub/session/b156e1ce-6fde-48d8-a14d-15c15efcead6/elements[39m
[35m[HTTP][39m [90m{"using":"-android uiautomator","value":"new UiSelector().className(\"android.view.View\").resourceId(\"GoToDeposit\")"}[39m
[35m[HTTP][39m [37m<-- POST /wd/hub/session/b156e1ce-6fde-48d8-a14d-15c15efcead6/elements [39m[32m200[39m [90m114 ms - 12[39m
[35m[HTTP][39m [90m[39m
[35m[HTTP][39m [37m-->[39m [37mPOST[39m [37m/wd/hub/session/b156e1ce-6fde-48d8-a14d-15c15efcead6/elements[39m
[35m[HTTP][39m [90m{"using":"-android uiautomator","value":"new UiSelector().className(\"android.view.View\").resourceId(\"GoToDeposit\")"}[39m
[35m[HTTP][39m [37m<-- POST /wd/hub/session/b156e1ce-6fde-48d8-a14d-15c15efcead6/elements [39m[32m200[39m [90m110 ms - 12[39m
[35m[HTTP][39m [90m[39m
[35m[HTTP][39m [37m-->[39m [37mPOST[39m [37m/wd/hub/session/b156e1ce-6fde-48d8-a14d-15c15efcead6/elements[39m
[35m[HTTP][39m [90m{"using":"-android uiautomator","value":"new UiSelector().className(\"android.view.View\").resourceId(\"GoToDeposit\")"}[39m
[35m[HTTP][39m [37m<-- POST /wd/hub/session/b156e1ce-6fde-48d8-a14d-15c15efcead6/elements [39m[32m200[39m [90m112 ms - 12[39m
[35m[HTTP][39m [90m[39m
[35m[HTTP][39m [37m-->[39m [37mPOST[39m [37m/wd/hub/session/b156e1ce-6fde-48d8-a14d-15c15efcead6/elements[39m
[35m[HTTP][39m [90m{"using":"-android uiautomator","value":"new UiSelector().className(\"android.view.View\").resourceId(\"GoToDeposit\")"}[39m
[35m[HTTP][39m [37m<-- POST /wd/hub/session/b156e1ce-6fde-48d8-a14d-15c15efcead6/elements [39m[32m200[39m [90m134 ms - 12[39m
[35m[HTTP][39m [90m[39m
[35m[HTTP][39m [37m-->[39m [37mPOST[39m [37m/wd/hub/session/b156e1ce-6fde-48d8-a14d-15c15efcead6/elements[39m
[35m[HTTP][39m [90m{"using":"-android uiautomator","value":"new UiSelector().className(\"android.view.View\").resourceId(\"GoToDeposit\")"}[39m
[35m[HTTP][39m [37m<-- POST /wd/hub/session/b156e1ce-6fde-48d8-a14d-15c15efcead6/elements [39m[32m200[39m [90m916 ms - 12[39m
[35m[HTTP][39m [90m[39m
[35m[HTTP][39m [37m-->[39m [37mPOST[39m [37m/wd/hub/session/b156e1ce-6fde-48d8-a14d-15c15efcead6/elements[39m
[35m[HTTP][39m [90m{"using":"-android uiautomator","value":"new UiSelector().className(\"android.view.View\").resourceId(\"GoToDeposit\")"}[39m
[35m[HTTP][39m [37m<-- POST /wd/hub/session/b156e1ce-6fde-48d8-a14d-15c15efcead6/elements [39m[32m200[39m [90m105 ms - 12[39m
[35m[HTTP][39m [90m[39m
[35m[HTTP][39m [37m-->[39m [37mPOST[39m [37m/wd/hub/session/b156e1ce-6fde-48d8-a14d-15c15efcead6/elements[39m
[35m[HTTP][39m [90m{"using":"-android uiautomator","value":"new UiSelector().className(\"android.view.View\").resourceId(\"GoToDeposit\")"}[39m
[35m[HTTP][39m [37m<-- POST /wd/hub/session/b156e1ce-6fde-48d8-a14d-15c15efcead6/elements [39m[32m200[39m [90m94 ms - 12[39m
[35m[HTTP][39m [90m[39m
[35m[HTTP][39m [37m-->[39m [37mPOST[39m [37m/wd/hub/session/b156e1ce-6fde-48d8-a14d-15c15efcead6/elements[39m
[35m[HTTP][39m [90m{"using":"-android uiautomator","value":"new UiSelector().className(\"android.view.View\").resourceId(\"GoToDeposit\")"}[39m
[35m[HTTP][39m [37m<-- POST /wd/hub/session/b156e1ce-6fde-48d8-a14d-15c15efcead6/elements [39m[32m200[39m [90m88 ms - 12[39m
[35m[HTTP][39m [90m[39m
[35m[HTTP][39m [37m-->[39m [37mPOST[39m [37m/wd/hub/session/b156e1ce-6fde-48d8-a14d-15c15efcead6/elements[39m
[35m[HTTP][39m [90m{"using":"-android uiautomator","value":"new UiSelector().className(\"android.view.View\").resourceId(\"GoToDeposit\")"}[39m
[35m[HTTP][39m [37m<-- POST /wd/hub/session/b156e1ce-6fde-48d8-a14d-15c15efcead6/elements [39m[32m200[39m [90m98 ms - 12[39m
[35m[HTTP][39m [90m[39m
[35m[HTTP][39m [37m-->[39m [37mPOST[39m [37m/wd/hub/session/b156e1ce-6fde-48d8-a14d-15c15efcead6/elements[39m
[35m[HTTP][39m [90m{"using":"-android uiautomator","value":"new UiSelector().className(\"android.view.View\").resourceId(\"GoToDeposit\")"}[39m
[35m[HTTP][39m [37m<-- POST /wd/hub/session/b156e1ce-6fde-48d8-a14d-15c15efcead6/elements [39m[32m200[39m [90m80 ms - 12[39m
[35m[HTTP][39m [90m[39m
[35m[HTTP][39m [37m-->[39m [37mPOST[39m [37m/wd/hub/session/b156e1ce-6fde-48d8-a14d-15c15efcead6/elements[39m
[35m[HTTP][39m [90m{"using":"-android uiautomator","value":"new UiSelector().className(\"android.view.View\").resourceId(\"GoToDeposit\")"}[39m
[35m[HTTP][39m [37m<-- POST /wd/hub/session/b156e1ce-6fde-48d8-a14d-15c15efcead6/elements [39m[32m200[39m [90m83 ms - 12[39m
[35m[HTTP][39m [90m[39m
[35m[HTTP][39m [37m-->[39m [37mPOST[39m [37m/wd/hub/session/b156e1ce-6fde-48d8-a14d-15c15efcead6/elements[39m
[35m[HTTP][39m [90m{"using":"-android uiautomator","value":"new UiSelector().className(\"android.view.View\").resourceId(\"GoToDeposit\")"}[39m
[35m[HTTP][39m [37m<-- POST /wd/hub/session/b156e1ce-6fde-48d8-a14d-15c15efcead6/elements [39m[32m200[39m [90m106 ms - 12[39m
[35m[HTTP][39m [90m[39m
[35m[HTTP][39m [37m-->[39m [37mPOST[39m [37m/wd/hub/session/b156e1ce-6fde-48d8-a14d-15c15efcead6/elements[39m
[35m[HTTP][39m [90m{"using":"-android uiautomator","value":"new UiSelector().className(\"android.view.View\").resourceId(\"GoToDeposit\")"}[39m
[35m[HTTP][39m [37m<-- POST /wd/hub/session/b156e1ce-6fde-48d8-a14d-15c15efcead6/elements [39m[32m200[39m [90m203 ms - 12[39m
[35m[HTTP][39m [90m[39m
[35m[HTTP][39m [37m-->[39m [37mPOST[39m [37m/wd/hub/session/b156e1ce-6fde-48d8-a14d-15c15efcead6/elements[39m
[35m[HTTP][39m [90m{"using":"-android uiautomator","value":"new UiSelector().className(\"android.view.View\").resourceId(\"GoToDeposit\")"}[39m
[35m[HTTP][39m [37m<-- POST /wd/hub/session/b156e1ce-6fde-48d8-a14d-15c15efcead6/elements [39m[32m200[39m [90m111 ms - 12[39m
[35m[HTTP][39m [90m[39m
[35m[HTTP][39m [37m-->[39m [37mPOST[39m [37m/wd/hub/session/b156e1ce-6fde-48d8-a14d-15c15efcead6/elements[39m
[35m[HTTP][39m [90m{"using":"-android uiautomator","value":"new UiSelector().className(\"android.view.View\").resourceId(\"GoToDeposit\")"}[39m
[35m[HTTP][39m [37m<-- POST /wd/hub/session/b156e1ce-6fde-48d8-a14d-15c15efcead6/elements [39m[32m200[39m [90m2850 ms - 139[39m
[35m[HTTP][39m [90m[39m
[35m[HTTP][39m [37m-->[39m [37mGET[39m [37m/wd/hub/session/b156e1ce-6fde-48d8-a14d-15c15efcead6/element/4c3bb8ba-bbe7-492f-88a5-10a8f50da5df/location[39m
[35m[HTTP][39m [90m{}[39m
[35m[W3C (b156e1ce)][39m Driver proxy active, passing request on via HTTP proxy
[35m[WD Proxy][39m Replacing sessionId 66df153f-b435-4b57-8374-9fc56b3a5cd3 with b156e1ce-6fde-48d8-a14d-15c15efcead6
[35m[HTTP][39m [37m<-- GET /wd/hub/session/b156e1ce-6fde-48d8-a14d-15c15efcead6/element/4c3bb8ba-bbe7-492f-88a5-10a8f50da5df/location [39m[32m200[39m [90m219 ms - 89[39m
[35m[HTTP][39m [90m[39m
[35m[HTTP][39m [37m-->[39m [37mPOST[39m [37m/wd/hub/session/b156e1ce-6fde-48d8-a14d-15c15efcead6/timeouts[39m
[35m[HTTP][39m [90m{"implicit":60000}[39m
[35m[HTTP][39m [37m<-- POST /wd/hub/session/b156e1ce-6fde-48d8-a14d-15c15efcead6/timeouts [39m[32m200[39m [90m3 ms - 14[39m
[35m[HTTP][39m [90m[39m
[35m[HTTP][39m [37m-->[39m [37mPOST[39m [37m/wd/hub/session/b156e1ce-6fde-48d8-a14d-15c15efcead6/touch/perform[39m
[35m[HTTP][39m [90m{"actions":[{"action":"tap","options":{"x":1,"y":1,"element":"4c3bb8ba-bbe7-492f-88a5-10a8f50da5df"}},{"action":"release","options":{}}]}[39m
[35m[UiAutomator2][39m calling get location: 4c3bb8ba-bbe7-492f-88a5-10a8f50da5df
[35m[HTTP][39m [37m<-- POST /wd/hub/session/b156e1ce-6fde-48d8-a14d-15c15efcead6/touch/perform [39m[32m200[39m [90m2268 ms - 14[39m
[35m[HTTP][39m [90m[39m
[35m[HTTP][39m [37m-->[39m [37mPOST[39m [37m/wd/hub/session/b156e1ce-6fde-48d8-a14d-15c15efcead6/timeouts[39m
[35m[HTTP][39m [90m{"implicit":50}[39m
[35m[HTTP][39m [37m<-- POST /wd/hub/session/b156e1ce-6fde-48d8-a14d-15c15efcead6/timeouts [39m[32m200[39m [90m4 ms - 14[39m
[35m[HTTP][39m [90m[39m
[35m[HTTP][39m [37m-->[39m [37mGET[39m [37m/wd/hub/session/b156e1ce-6fde-48d8-a14d-15c15efcead6/window/rect[39m
[35m[HTTP][39m [90m{}[39m
[35m[HTTP][39m [37m<-- GET /wd/hub/session/b156e1ce-6fde-48d8-a14d-15c15efcead6/window/rect [39m[32m200[39m [90m67 ms - 50[39m
[35m[HTTP][39m [90m[39m
[35m[HTTP][39m [37m-->[39m [37mPOST[39m [37m/wd/hub/session/b156e1ce-6fde-48d8-a14d-15c15efcead6/elements[39m
[35m[HTTP][39m [90m{"using":"-android uiautomator","value":"new UiSelector().className(\"android.widget.Button\").text(\"Penarikan\").resourceId(\"b2-l1-0-btnPenarikan\")"}[39m
[35m[HTTP][39m [37m<-- POST /wd/hub/session/b156e1ce-6fde-48d8-a14d-15c15efcead6/elements [39m[32m200[39m [90m691 ms - 139[39m
[35m[HTTP][39m [90m[39m
[35m[HTTP][39m [37m-->[39m [37mGET[39m [37m/wd/hub/session/b156e1ce-6fde-48d8-a14d-15c15efcead6/element/0bb22e76-bb36-47dc-af94-a9c7c41a0776/location[39m
[35m[HTTP][39m [90m{}[39m
[35m[W3C (b156e1ce)][39m Driver proxy active, passing request on via HTTP proxy
[35m[WD Proxy][39m Replacing sessionId 66df153f-b435-4b57-8374-9fc56b3a5cd3 with b156e1ce-6fde-48d8-a14d-15c15efcead6
[35m[HTTP][39m [37m<-- GET /wd/hub/session/b156e1ce-6fde-48d8-a14d-15c15efcead6/element/0bb22e76-bb36-47dc-af94-a9c7c41a0776/location [39m[32m200[39m [90m234 ms - 89[39m
[35m[HTTP][39m [90m[39m
[35m[HTTP][39m [37m-->[39m [37mPOST[39m [37m/wd/hub/session/b156e1ce-6fde-48d8-a14d-15c15efcead6/timeouts[39m
[35m[HTTP][39m [90m{"implicit":60000}[39m
[35m[HTTP][39m [37m<-- POST /wd/hub/session/b156e1ce-6fde-48d8-a14d-15c15efcead6/timeouts [39m[32m200[39m [90m2 ms - 14[39m
[35m[HTTP][39m [90m[39m
[35m[HTTP][39m [37m-->[39m [37mPOST[39m [37m/wd/hub/session/b156e1ce-6fde-48d8-a14d-15c15efcead6/touch/perform[39m
[35m[HTTP][39m [90m{"actions":[{"action":"tap","options":{"x":1,"y":1,"element":"0bb22e76-bb36-47dc-af94-a9c7c41a0776"}},{"action":"release","options":{}}]}[39m
[35m[UiAutomator2][39m calling get location: 0bb22e76-bb36-47dc-af94-a9c7c41a0776
[35m[HTTP][39m [37m<-- POST /wd/hub/session/b156e1ce-6fde-48d8-a14d-15c15efcead6/touch/perform [39m[32m200[39m [90m2154 ms - 14[39m
[35m[HTTP][39m [90m[39m
[35m[HTTP][39m [37m-->[39m [37mPOST[39m [37m/wd/hub/session/b156e1ce-6fde-48d8-a14d-15c15efcead6/timeouts[39m
[35m[HTTP][39m [90m{"implicit":50}[39m
[35m[HTTP][39m [37m<-- POST /wd/hub/session/b156e1ce-6fde-48d8-a14d-15c15efcead6/timeouts [39m[32m200[39m [90m4 ms - 14[39m
[35m[HTTP][39m [90m[39m
[35m[HTTP][39m [37m-->[39m [37mGET[39m [37m/wd/hub/session/b156e1ce-6fde-48d8-a14d-15c15efcead6/window/rect[39m
[35m[HTTP][39m [90m{}[39m
[35m[HTTP][39m [37m<-- GET /wd/hub/session/b156e1ce-6fde-48d8-a14d-15c15efcead6/window/rect [39m[32m200[39m [90m78 ms - 50[39m
[35m[HTTP][39m [90m[39m
[35m[HTTP][39m [37m-->[39m [37mPOST[39m [37m/wd/hub/session/b156e1ce-6fde-48d8-a14d-15c15efcead6/elements[39m
[35m[HTTP][39m [90m{"using":"-android uiautomator","value":"new UiSelector().className(\"android.widget.EditText\").resourceId(\"b2-Input_Nominal\")"}[39m
[35m[HTTP][39m [37m<-- POST /wd/hub/session/b156e1ce-6fde-48d8-a14d-15c15efcead6/elements [39m[32m200[39m [90m534 ms - 139[39m
[35m[HTTP][39m [90m[39m
[35m[HTTP][39m [37m-->[39m [37mGET[39m [37m/wd/hub/session/b156e1ce-6fde-48d8-a14d-15c15efcead6/element/5c2df7ec-67d9-4c6b-98a1-3182d5437ec3/location[39m
[35m[HTTP][39m [90m{}[39m
[35m[W3C (b156e1ce)][39m Driver proxy active, passing request on via HTTP proxy
[35m[WD Proxy][39m Replacing sessionId 66df153f-b435-4b57-8374-9fc56b3a5cd3 with b156e1ce-6fde-48d8-a14d-15c15efcead6
[35m[HTTP][39m [37m<-- GET /wd/hub/session/b156e1ce-6fde-48d8-a14d-15c15efcead6/element/5c2df7ec-67d9-4c6b-98a1-3182d5437ec3/location [39m[32m200[39m [90m155 ms - 88[39m
[35m[HTTP][39m [90m[39m
[35m[HTTP][39m [37m-->[39m [37mPOST[39m [37m/wd/hub/session/b156e1ce-6fde-48d8-a14d-15c15efcead6/timeouts[39m
[35m[HTTP][39m [90m{"implicit":60000}[39m
[35m[HTTP][39m [37m<-- POST /wd/hub/session/b156e1ce-6fde-48d8-a14d-15c15efcead6/timeouts [39m[32m200[39m [90m3 ms - 14[39m
[35m[HTTP][39m [90m[39m
[35m[HTTP][39m [37m-->[39m [37mPOST[39m [37m/wd/hub/session/b156e1ce-6fde-48d8-a14d-15c15efcead6/element/5c2df7ec-67d9-4c6b-98a1-3182d5437ec3/clear[39m
[35m[HTTP][39m [90m{"id":"5c2df7ec-67d9-4c6b-98a1-3182d5437ec3"}[39m
[35m[HTTP][39m [37m<-- POST /wd/hub/session/b156e1ce-6fde-48d8-a14d-15c15efcead6/element/5c2df7ec-67d9-4c6b-98a1-3182d5437ec3/clear [39m[32m200[39m [90m111 ms - 27[39m
[35m[HTTP][39m [90m[39m
[35m[HTTP][39m [37m-->[39m [37mPOST[39m [37m/wd/hub/session/b156e1ce-6fde-48d8-a14d-15c15efcead6/element/5c2df7ec-67d9-4c6b-98a1-3182d5437ec3/value[39m
[35m[HTTP][39m [90m{"id":"5c2df7ec-67d9-4c6b-98a1-3182d5437ec3","text":"500000","value":["5","0","0","0","0","0"]}[39m
[35m[HTTP][39m [37m<-- POST /wd/hub/session/b156e1ce-6fde-48d8-a14d-15c15efcead6/element/5c2df7ec-67d9-4c6b-98a1-3182d5437ec3/value [39m[32m200[39m [90m736 ms - 12[39m
[35m[HTTP][39m [90m[39m
[35m[HTTP][39m [37m-->[39m [37mPOST[39m [37m/wd/hub/session/b156e1ce-6fde-48d8-a14d-15c15efcead6/timeouts[39m
[35m[HTTP][39m [90m{"implicit":50}[39m
[35m[HTTP][39m [37m<-- POST /wd/hub/session/b156e1ce-6fde-48d8-a14d-15c15efcead6/timeouts [39m[32m200[39m [90m3 ms - 14[39m
[35m[HTTP][39m [90m[39m
[35m[HTTP][39m [37m-->[39m [37mGET[39m [37m/wd/hub/session/b156e1ce-6fde-48d8-a14d-15c15efcead6/window/rect[39m
[35m[HTTP][39m [90m{}[39m
[35m[HTTP][39m [37m<-- GET /wd/hub/session/b156e1ce-6fde-48d8-a14d-15c15efcead6/window/rect [39m[32m200[39m [90m86 ms - 50[39m
[35m[HTTP][39m [90m[39m
[35m[HTTP][39m [37m-->[39m [37mPOST[39m [37m/wd/hub/session/b156e1ce-6fde-48d8-a14d-15c15efcead6/elements[39m
[35m[HTTP][39m [90m{"using":"-android uiautomator","value":"new UiSelector().className(\"android.view.View\").text(\"Penarikan hanya dapat dilakukan dalam kelipatan Rp500.000\")"}[39m
[35m[HTTP][39m [37m<-- POST /wd/hub/session/b156e1ce-6fde-48d8-a14d-15c15efcead6/elements [39m[32m200[39m [90m532 ms - 12[39m
[35m[HTTP][39m [90m[39m
[35m[HTTP][39m [37m-->[39m [37mPOST[39m [37m/wd/hub/session/b156e1ce-6fde-48d8-a14d-15c15efcead6/elements[39m
[35m[HTTP][39m [90m{"using":"-android uiautomator","value":"new UiSelector().className(\"android.view.View\").text(\"Penarikan hanya dapat dilakukan dalam kelipatan Rp500.000\")"}[39m
[35m[HTTP][39m [37m<-- POST /wd/hub/session/b156e1ce-6fde-48d8-a14d-15c15efcead6/elements [39m[32m200[39m [90m276 ms - 12[39m
[35m[HTTP][39m [90m[39m
[35m[HTTP][39m [37m-->[39m [37mPOST[39m [37m/wd/hub/session/b156e1ce-6fde-48d8-a14d-15c15efcead6/elements[39m
[35m[HTTP][39m [90m{"using":"-android uiautomator","value":"new UiSelector().className(\"android.view.View\").text(\"Penarikan hanya dapat dilakukan dalam kelipatan Rp500.000\")"}[39m
[35m[HTTP][39m [37m<-- POST /wd/hub/session/b156e1ce-6fde-48d8-a14d-15c15efcead6/elements [39m[32m200[39m [90m247 ms - 12[39m
[35m[HTTP][39m [90m[39m
[35m[HTTP][39m [37m-->[39m [37mPOST[39m [37m/wd/hub/session/b156e1ce-6fde-48d8-a14d-15c15efcead6/elements[39m
[35m[HTTP][39m [90m{"using":"-android uiautomator","value":"new UiSelector().className(\"android.view.View\").text(\"Penarikan hanya dapat dilakukan dalam kelipatan Rp500.000\")"}[39m
[35m[HTTP][39m [37m<-- POST /wd/hub/session/b156e1ce-6fde-48d8-a14d-15c15efcead6/elements [39m[32m200[39m [90m254 ms - 12[39m
[35m[HTTP][39m [90m[39m
[35m[HTTP][39m [37m-->[39m [37mPOST[39m [37m/wd/hub/session/b156e1ce-6fde-48d8-a14d-15c15efcead6/elements[39m
[35m[HTTP][39m [90m{"using":"-android uiautomator","value":"new UiSelector().className(\"android.view.View\").text(\"Penarikan hanya dapat dilakukan dalam kelipatan Rp500.000\")"}[39m
[35m[HTTP][39m [37m<-- POST /wd/hub/session/b156e1ce-6fde-48d8-a14d-15c15efcead6/elements [39m[32m200[39m [90m247 ms - 12[39m
[35m[HTTP][39m [90m[39m
[35m[HTTP][39m [37m-->[39m [37mPOST[39m [37m/wd/hub/session/b156e1ce-6fde-48d8-a14d-15c15efcead6/elements[39m
[35m[HTTP][39m [90m{"using":"-android uiautomator","value":"new UiSelector().className(\"android.view.View\").text(\"Penarikan hanya dapat dilakukan dalam kelipatan Rp500.000\")"}[39m
[35m[HTTP][39m [37m<-- POST /wd/hub/session/b156e1ce-6fde-48d8-a14d-15c15efcead6/elements [39m[32m200[39m [90m287 ms - 12[39m
[35m[HTTP][39m [90m[39m
[35m[HTTP][39m [37m-->[39m [37mPOST[39m [37m/wd/hub/session/b156e1ce-6fde-48d8-a14d-15c15efcead6/elements[39m
[35m[HTTP][39m [90m{"using":"-android uiautomator","value":"new UiSelector().className(\"android.view.View\").text(\"Penarikan hanya dapat dilakukan dalam kelipatan Rp500.000\")"}[39m
[35m[HTTP][39m [37m<-- POST /wd/hub/session/b156e1ce-6fde-48d8-a14d-15c15efcead6/elements [39m[32m200[39m [90m230 ms - 12[39m
[35m[HTTP][39m [90m[39m
[35m[HTTP][39m [37m-->[39m [37mPOST[39m [37m/wd/hub/session/b156e1ce-6fde-48d8-a14d-15c15efcead6/elements[39m
[35m[HTTP][39m [90m{"using":"-android uiautomator","value":"new UiSelector().className(\"android.view.View\").text(\"Penarikan hanya dapat dilakukan dalam kelipatan Rp500.000\")"}[39m
[35m[HTTP][39m [37m<-- POST /wd/hub/session/b156e1ce-6fde-48d8-a14d-15c15efcead6/elements [39m[32m200[39m [90m245 ms - 12[39m
[35m[HTTP][39m [90m[39m
[35m[HTTP][39m [37m-->[39m [37mPOST[39m [37m/wd/hub/session/b156e1ce-6fde-48d8-a14d-15c15efcead6/elements[39m
[35m[HTTP][39m [90m{"using":"-android uiautomator","value":"new UiSelector().className(\"android.view.View\").text(\"Penarikan hanya dapat dilakukan dalam kelipatan Rp500.000\")"}[39m
[35m[HTTP][39m [37m<-- POST /wd/hub/session/b156e1ce-6fde-48d8-a14d-15c15efcead6/elements [39m[32m200[39m [90m281 ms - 12[39m
[35m[HTTP][39m [90m[39m
[35m[HTTP][39m [37m-->[39m [37mPOST[39m [37m/wd/hub/session/b156e1ce-6fde-48d8-a14d-15c15efcead6/elements[39m
[35m[HTTP][39m [90m{"using":"-android uiautomator","value":"new UiSelector().className(\"android.view.View\").text(\"Penarikan hanya dapat dilakukan dalam kelipatan Rp500.000\")"}[39m
[35m[HTTP][39m [37m<-- POST /wd/hub/session/b156e1ce-6fde-48d8-a14d-15c15efcead6/elements [39m[32m200[39m [90m294 ms - 12[39m
[35m[HTTP][39m [90m[39m
[35m[HTTP][39m [37m-->[39m [37mPOST[39m [37m/wd/hub/session/b156e1ce-6fde-48d8-a14d-15c15efcead6/timeouts[39m
[35m[HTTP][39m [90m{"implicit":60000}[39m
[35m[HTTP][39m [37m<-- POST /wd/hub/session/b156e1ce-6fde-48d8-a14d-15c15efcead6/timeouts [39m[32m200[39m [90m3 ms - 14[39m
[35m[HTTP][39m [90m[39m
[35m[HTTP][39m [37m-->[39m [37mGET[39m [37m/wd/hub/session/b156e1ce-6fde-48d8-a14d-15c15efcead6/context[39m
[35m[HTTP][39m [90m{}[39m
[35m[HTTP][39m [37m<-- GET /wd/hub/session/b156e1ce-6fde-48d8-a14d-15c15efcead6/context [39m[32m200[39m [90m2 ms - 22[39m
[35m[HTTP][39m [90m[39m
[35m[HTTP][39m [37m-->[39m [37mGET[39m [37m/wd/hub/session/b156e1ce-6fde-48d8-a14d-15c15efcead6/contexts[39m
[35m[HTTP][39m [90m{}[39m
[35m[HTTP][39m [37m<-- GET /wd/hub/session/b156e1ce-6fde-48d8-a14d-15c15efcead6/contexts [39m[32m200[39m [90m817 ms - 75[39m
[35m[HTTP][39m [90m[39m
[35m[HTTP][39m [37m-->[39m [37mPOST[39m [37m/wd/hub/session/b156e1ce-6fde-48d8-a14d-15c15efcead6/context[39m
[35m[HTTP][39m [90m{"name":"NATIVE_APP"}[39m
[35m[HTTP][39m [37m<-- POST /wd/hub/session/b156e1ce-6fde-48d8-a14d-15c15efcead6/context [39m[32m200[39m [90m4 ms - 14[39m
[35m[HTTP][39m [90m[39m
[35m[HTTP][39m [37m-->[39m [37mGET[39m [37m/wd/hub/session/b156e1ce-6fde-48d8-a14d-15c15efcead6/screenshot[39m
[35m[HTTP][39m [90m{}[39m
[35m[HTTP][39m [37m<-- GET /wd/hub/session/b156e1ce-6fde-48d8-a14d-15c15efcead6/screenshot [39m[32m200[39m [90m680 ms - 193600[39m
[35m[HTTP][39m [90m[39m
[35m[HTTP][39m [37m-->[39m [37mPOST[39m [37m/wd/hub/session/b156e1ce-6fde-48d8-a14d-15c15efcead6/context[39m
[35m[HTTP][39m [90m{"name":"NATIVE_APP"}[39m
[35m[HTTP][39m [37m<-- POST /wd/hub/session/b156e1ce-6fde-48d8-a14d-15c15efcead6/context [39m[32m200[39m [90m3 ms - 14[39m
[35m[HTTP][39m [90m[39m
[35m[HTTP][39m [37m-->[39m [37mPOST[39m [37m/wd/hub/session/b156e1ce-6fde-48d8-a14d-15c15efcead6/timeouts[39m
[35m[HTTP][39m [90m{"implicit":50}[39m
[35m[HTTP][39m [37m<-- POST /wd/hub/session/b156e1ce-6fde-48d8-a14d-15c15efcead6/timeouts [39m[32m200[39m [90m4 ms - 14[39m
[35m[HTTP][39m [90m[39m
[35m[HTTP][39m [37m-->[39m [37mGET[39m [37m/wd/hub/session/b156e1ce-6fde-48d8-a14d-15c15efcead6/window/rect[39m
[35m[HTTP][39m [90m{}[39m
[35m[HTTP][39m [37m<-- GET /wd/hub/session/b156e1ce-6fde-48d8-a14d-15c15efcead6/window/rect [39m[32m200[39m [90m43 ms - 50[39m
[35m[HTTP][39m [90m[39m
[35m[HTTP][39m [37m-->[39m [37mPOST[39m [37m/wd/hub/session/b156e1ce-6fde-48d8-a14d-15c15efcead6/elements[39m
[35m[HTTP][39m [90m{"using":"-android uiautomator","value":"new UiSelector().className(\"android.view.View\").text(\"▲\")"}[39m
[35m[HTTP][39m [37m<-- POST /wd/hub/session/b156e1ce-6fde-48d8-a14d-15c15efcead6/elements [39m[32m200[39m [90m202 ms - 139[39m
[35m[HTTP][39m [90m[39m
[35m[HTTP][39m [37m-->[39m [37mGET[39m [37m/wd/hub/session/b156e1ce-6fde-48d8-a14d-15c15efcead6/element/10d5b05e-d7c5-4610-b741-9217a44fc584/location[39m
[35m[HTTP][39m [90m{}[39m
[35m[W3C (b156e1ce)][39m Driver proxy active, passing request on via HTTP proxy
[35m[WD Proxy][39m Replacing sessionId 66df153f-b435-4b57-8374-9fc56b3a5cd3 with b156e1ce-6fde-48d8-a14d-15c15efcead6
[35m[HTTP][39m [37m<-- GET /wd/hub/session/b156e1ce-6fde-48d8-a14d-15c15efcead6/element/10d5b05e-d7c5-4610-b741-9217a44fc584/location [39m[32m200[39m [90m113 ms - 90[39m
[35m[HTTP][39m [90m[39m
[35m[HTTP][39m [37m-->[39m [37mPOST[39m [37m/wd/hub/session/b156e1ce-6fde-48d8-a14d-15c15efcead6/timeouts[39m
[35m[HTTP][39m [90m{"implicit":60000}[39m
[35m[HTTP][39m [37m<-- POST /wd/hub/session/b156e1ce-6fde-48d8-a14d-15c15efcead6/timeouts [39m[32m200[39m [90m4 ms - 14[39m
[35m[HTTP][39m [90m[39m
[35m[HTTP][39m [37m-->[39m [37mPOST[39m [37m/wd/hub/session/b156e1ce-6fde-48d8-a14d-15c15efcead6/touch/perform[39m
[35m[HTTP][39m [90m{"actions":[{"action":"tap","options":{"x":1,"y":1,"element":"10d5b05e-d7c5-4610-b741-9217a44fc584"}},{"action":"release","options":{}}]}[39m
[35m[UiAutomator2][39m calling get location: 10d5b05e-d7c5-4610-b741-9217a44fc584
[35m[HTTP][39m [37m<-- POST /wd/hub/session/b156e1ce-6fde-48d8-a14d-15c15efcead6/touch/perform [39m[32m200[39m [90m1030 ms - 14[39m
[35m[HTTP][39m [90m[39m
[35m[HTTP][39m [37m-->[39m [37mPOST[39m [37m/wd/hub/session/b156e1ce-6fde-48d8-a14d-15c15efcead6/timeouts[39m
[35m[HTTP][39m [90m{"implicit":50}[39m
[35m[HTTP][39m [37m<-- POST /wd/hub/session/b156e1ce-6fde-48d8-a14d-15c15efcead6/timeouts [39m[32m200[39m [90m5 ms - 14[39m
[35m[HTTP][39m [90m[39m
[35m[HTTP][39m [37m-->[39m [37mGET[39m [37m/wd/hub/session/b156e1ce-6fde-48d8-a14d-15c15efcead6/window/rect[39m
[35m[HTTP][39m [90m{}[39m
[35m[HTTP][39m [37m<-- GET /wd/hub/session/b156e1ce-6fde-48d8-a14d-15c15efcead6/window/rect [39m[32m200[39m [90m84 ms - 50[39m
[35m[HTTP][39m [90m[39m
[35m[HTTP][39m [37m-->[39m [37mPOST[39m [37m/wd/hub/session/b156e1ce-6fde-48d8-a14d-15c15efcead6/elements[39m
[35m[HTTP][39m [90m{"using":"-android uiautomator","value":"new UiSelector().className(\"android.view.View\").textContains(\"BANK MANDIRI\")"}[39m
[35m[HTTP][39m [37m<-- POST /wd/hub/session/b156e1ce-6fde-48d8-a14d-15c15efcead6/elements [39m[32m200[39m [90m432 ms - 139[39m
[35m[HTTP][39m [90m[39m
[35m[HTTP][39m [37m-->[39m [37mGET[39m [37m/wd/hub/session/b156e1ce-6fde-48d8-a14d-15c15efcead6/element/80f6c447-7238-43dc-8588-5d5cc0a8dc1e/location[39m
[35m[HTTP][39m [90m{}[39m
[35m[W3C (b156e1ce)][39m Driver proxy active, passing request on via HTTP proxy
[35m[WD Proxy][39m Replacing sessionId 66df153f-b435-4b57-8374-9fc56b3a5cd3 with b156e1ce-6fde-48d8-a14d-15c15efcead6
[35m[HTTP][39m [37m<-- GET /wd/hub/session/b156e1ce-6fde-48d8-a14d-15c15efcead6/element/80f6c447-7238-43dc-8588-5d5cc0a8dc1e/location [39m[32m200[39m [90m219 ms - 89[39m
[35m[HTTP][39m [90m[39m
[35m[HTTP][39m [37m-->[39m [37mPOST[39m [37m/wd/hub/session/b156e1ce-6fde-48d8-a14d-15c15efcead6/timeouts[39m
[35m[HTTP][39m [90m{"implicit":60000}[39m
[35m[HTTP][39m [37m<-- POST /wd/hub/session/b156e1ce-6fde-48d8-a14d-15c15efcead6/timeouts [39m[32m200[39m [90m3 ms - 14[39m
[35m[HTTP][39m [90m[39m
[35m[HTTP][39m [37m-->[39m [37mPOST[39m [37m/wd/hub/session/b156e1ce-6fde-48d8-a14d-15c15efcead6/touch/perform[39m
[35m[HTTP][39m [90m{"actions":[{"action":"tap","options":{"x":1,"y":1,"element":"80f6c447-7238-43dc-8588-5d5cc0a8dc1e"}},{"action":"release","options":{}}]}[39m
[35m[UiAutomator2][39m calling get location: 80f6c447-7238-43dc-8588-5d5cc0a8dc1e
[35m[HTTP][39m [37m<-- POST /wd/hub/session/b156e1ce-6fde-48d8-a14d-15c15efcead6/touch/perform [39m[32m200[39m [90m1155 ms - 14[39m
[35m[HTTP][39m [90m[39m
[35m[HTTP][39m [37m-->[39m [37mPOST[39m [37m/wd/hub/session/b156e1ce-6fde-48d8-a14d-15c15efcead6/timeouts[39m
[35m[HTTP][39m [90m{"implicit":50}[39m
[35m[HTTP][39m [37m<-- POST /wd/hub/session/b156e1ce-6fde-48d8-a14d-15c15efcead6/timeouts [39m[32m200[39m [90m4 ms - 14[39m
[35m[HTTP][39m [90m[39m
[35m[HTTP][39m [37m-->[39m [37mGET[39m [37m/wd/hub/session/b156e1ce-6fde-48d8-a14d-15c15efcead6/window/rect[39m
[35m[HTTP][39m [90m{}[39m
[35m[HTTP][39m [37m<-- GET /wd/hub/session/b156e1ce-6fde-48d8-a14d-15c15efcead6/window/rect [39m[32m200[39m [90m80 ms - 50[39m
[35m[HTTP][39m [90m[39m
[35m[HTTP][39m [37m-->[39m [37mPOST[39m [37m/wd/hub/session/b156e1ce-6fde-48d8-a14d-15c15efcead6/elements[39m
[35m[HTTP][39m [90m{"using":"-android uiautomator","value":"new UiSelector().className(\"android.widget.Button\").text(\"Lanjut\")"}[39m
[35m[HTTP][39m [37m<-- POST /wd/hub/session/b156e1ce-6fde-48d8-a14d-15c15efcead6/elements [39m[32m200[39m [90m582 ms - 139[39m
[35m[HTTP][39m [90m[39m
[35m[HTTP][39m [37m-->[39m [37mGET[39m [37m/wd/hub/session/b156e1ce-6fde-48d8-a14d-15c15efcead6/element/3f53f9cc-953b-4668-8cb8-6811783704c6/location[39m
[35m[HTTP][39m [90m{}[39m
[35m[W3C (b156e1ce)][39m Driver proxy active, passing request on via HTTP proxy
[35m[WD Proxy][39m Replacing sessionId 66df153f-b435-4b57-8374-9fc56b3a5cd3 with b156e1ce-6fde-48d8-a14d-15c15efcead6
[35m[HTTP][39m [37m<-- GET /wd/hub/session/b156e1ce-6fde-48d8-a14d-15c15efcead6/element/3f53f9cc-953b-4668-8cb8-6811783704c6/location [39m[32m200[39m [90m207 ms - 89[39m
[35m[HTTP][39m [90m[39m
[35m[HTTP][39m [37m-->[39m [37mPOST[39m [37m/wd/hub/session/b156e1ce-6fde-48d8-a14d-15c15efcead6/timeouts[39m
[35m[HTTP][39m [90m{"implicit":60000}[39m
[35m[HTTP][39m [37m<-- POST /wd/hub/session/b156e1ce-6fde-48d8-a14d-15c15efcead6/timeouts [39m[32m200[39m [90m3 ms - 14[39m
[35m[HTTP][39m [90m[39m
[35m[HTTP][39m [37m-->[39m [37mPOST[39m [37m/wd/hub/session/b156e1ce-6fde-48d8-a14d-15c15efcead6/touch/perform[39m
[35m[HTTP][39m [90m{"actions":[{"action":"tap","options":{"x":1,"y":1,"element":"3f53f9cc-953b-4668-8cb8-6811783704c6"}},{"action":"release","options":{}}]}[39m
[35m[UiAutomator2][39m calling get location: 3f53f9cc-953b-4668-8cb8-6811783704c6
[35m[HTTP][39m [37m<-- POST /wd/hub/session/b156e1ce-6fde-48d8-a14d-15c15efcead6/touch/perform [39m[32m200[39m [90m2090 ms - 14[39m
[35m[HTTP][39m [90m[39m
[35m[HTTP][39m [37m-->[39m [37mPOST[39m [37m/wd/hub/session/b156e1ce-6fde-48d8-a14d-15c15efcead6/timeouts[39m
[35m[HTTP][39m [90m{"implicit":50}[39m
[35m[HTTP][39m [37m<-- POST /wd/hub/session/b156e1ce-6fde-48d8-a14d-15c15efcead6/timeouts [39m[32m200[39m [90m3 ms - 14[39m
[35m[HTTP][39m [90m[39m
[35m[HTTP][39m [37m-->[39m [37mGET[39m [37m/wd/hub/session/b156e1ce-6fde-48d8-a14d-15c15efcead6/window/rect[39m
[35m[HTTP][39m [90m{}[39m
[35m[HTTP][39m [37m<-- GET /wd/hub/session/b156e1ce-6fde-48d8-a14d-15c15efcead6/window/rect [39m[32m200[39m [90m53 ms - 50[39m
[35m[HTTP][39m [90m[39m
[35m[HTTP][39m [37m-->[39m [37mPOST[39m [37m/wd/hub/session/b156e1ce-6fde-48d8-a14d-15c15efcead6/elements[39m
[35m[HTTP][39m [90m{"using":"-android uiautomator","value":"new UiSelector().className(\"android.view.View\").text(\"Penarikan Anda Melebihi Total Saldo\")"}[39m
[35m[HTTP][39m [37m<-- POST /wd/hub/session/b156e1ce-6fde-48d8-a14d-15c15efcead6/elements [39m[32m200[39m [90m692 ms - 12[39m
[35m[HTTP][39m [90m[39m
[35m[HTTP][39m [37m-->[39m [37mPOST[39m [37m/wd/hub/session/b156e1ce-6fde-48d8-a14d-15c15efcead6/elements[39m
[35m[HTTP][39m [90m{"using":"-android uiautomator","value":"new UiSelector().className(\"android.view.View\").text(\"Penarikan Anda Melebihi Total Saldo\")"}[39m
[35m[HTTP][39m [37m<-- POST /wd/hub/session/b156e1ce-6fde-48d8-a14d-15c15efcead6/elements [39m[32m200[39m [90m192 ms - 12[39m
[35m[HTTP][39m [90m[39m
[35m[HTTP][39m [37m-->[39m [37mPOST[39m [37m/wd/hub/session/b156e1ce-6fde-48d8-a14d-15c15efcead6/elements[39m
[35m[HTTP][39m [90m{"using":"-android uiautomator","value":"new UiSelector().className(\"android.view.View\").text(\"Penarikan Anda Melebihi Total Saldo\")"}[39m
[35m[HTTP][39m [37m<-- POST /wd/hub/session/b156e1ce-6fde-48d8-a14d-15c15efcead6/elements [39m[32m200[39m [90m189 ms - 12[39m
[35m[HTTP][39m [90m[39m
[35m[HTTP][39m [37m-->[39m [37mPOST[39m [37m/wd/hub/session/b156e1ce-6fde-48d8-a14d-15c15efcead6/elements[39m
[35m[HTTP][39m [90m{"using":"-android uiautomator","value":"new UiSelector().className(\"android.view.View\").text(\"Penarikan Anda Melebihi Total Saldo\")"}[39m
[35m[HTTP][39m [37m<-- POST /wd/hub/session/b156e1ce-6fde-48d8-a14d-15c15efcead6/elements [39m[32m200[39m [90m192 ms - 12[39m
[35m[HTTP][39m [90m[39m
[35m[HTTP][39m [37m-->[39m [37mPOST[39m [37m/wd/hub/session/b156e1ce-6fde-48d8-a14d-15c15efcead6/elements[39m
[35m[HTTP][39m [90m{"using":"-android uiautomator","value":"new UiSelector().className(\"android.view.View\").text(\"Penarikan Anda Melebihi Total Saldo\")"}[39m
[35m[HTTP][39m [37m<-- POST /wd/hub/session/b156e1ce-6fde-48d8-a14d-15c15efcead6/elements [39m[32m200[39m [90m3182 ms - 12[39m
[35m[HTTP][39m [90m[39m
[35m[HTTP][39m [37m-->[39m [37mPOST[39m [37m/wd/hub/session/b156e1ce-6fde-48d8-a14d-15c15efcead6/timeouts[39m
[35m[HTTP][39m [90m{"implicit":60000}[39m
[35m[HTTP][39m [37m<-- POST /wd/hub/session/b156e1ce-6fde-48d8-a14d-15c15efcead6/timeouts [39m[32m200[39m [90m3 ms - 14[39m
[35m[HTTP][39m [90m[39m
[35m[HTTP][39m [37m-->[39m [37mGET[39m [37m/wd/hub/session/b156e1ce-6fde-48d8-a14d-15c15efcead6/context[39m
[35m[HTTP][39m [90m{}[39m
[35m[HTTP][39m [37m<-- GET /wd/hub/session/b156e1ce-6fde-48d8-a14d-15c15efcead6/context [39m[32m200[39m [90m4 ms - 22[39m
[35m[HTTP][39m [90m[39m
[35m[HTTP][39m [37m-->[39m [37mGET[39m [37m/wd/hub/session/b156e1ce-6fde-48d8-a14d-15c15efcead6/contexts[39m
[35m[HTTP][39m [90m{}[39m
[35m[HTTP][39m [37m<-- GET /wd/hub/session/b156e1ce-6fde-48d8-a14d-15c15efcead6/contexts [39m[32m200[39m [90m496 ms - 75[39m
[35m[HTTP][39m [90m[39m
[35m[HTTP][39m [37m-->[39m [37mPOST[39m [37m/wd/hub/session/b156e1ce-6fde-48d8-a14d-15c15efcead6/context[39m
[35m[HTTP][39m [90m{"name":"NATIVE_APP"}[39m
[35m[HTTP][39m [37m<-- POST /wd/hub/session/b156e1ce-6fde-48d8-a14d-15c15efcead6/context [39m[32m200[39m [90m3 ms - 14[39m
[35m[HTTP][39m [90m[39m
[35m[HTTP][39m [37m-->[39m [37mGET[39m [37m/wd/hub/session/b156e1ce-6fde-48d8-a14d-15c15efcead6/screenshot[39m
[35m[HTTP][39m [90m{}[39m
[35m[HTTP][39m [37m<-- GET /wd/hub/session/b156e1ce-6fde-48d8-a14d-15c15efcead6/screenshot [39m[32m200[39m [90m675 ms - 96088[39m
[35m[HTTP][39m [90m[39m
[35m[HTTP][39m [37m-->[39m [37mPOST[39m [37m/wd/hub/session/b156e1ce-6fde-48d8-a14d-15c15efcead6/context[39m
[35m[HTTP][39m [90m{"name":"NATIVE_APP"}[39m
[35m[HTTP][39m [37m<-- POST /wd/hub/session/b156e1ce-6fde-48d8-a14d-15c15efcead6/context [39m[32m200[39m [90m3 ms - 14[39m
[35m[HTTP][39m [90m[39m
[35m[HTTP][39m [37m-->[39m [37mPOST[39m [37m/wd/hub/session/b156e1ce-6fde-48d8-a14d-15c15efcead6/timeouts[39m
[35m[HTTP][39m [90m{"implicit":50}[39m
[35m[HTTP][39m [37m<-- POST /wd/hub/session/b156e1ce-6fde-48d8-a14d-15c15efcead6/timeouts [39m[32m200[39m [90m2 ms - 14[39m
[35m[HTTP][39m [90m[39m
[35m[HTTP][39m [37m-->[39m [37mGET[39m [37m/wd/hub/session/b156e1ce-6fde-48d8-a14d-15c15efcead6/window/rect[39m
[35m[HTTP][39m [90m{}[39m
[35m[HTTP][39m [37m<-- GET /wd/hub/session/b156e1ce-6fde-48d8-a14d-15c15efcead6/window/rect [39m[32m200[39m [90m87 ms - 50[39m
[35m[HTTP][39m [90m[39m
[35m[HTTP][39m [37m-->[39m [37mPOST[39m [37m/wd/hub/session/b156e1ce-6fde-48d8-a14d-15c15efcead6/elements[39m
[35m[HTTP][39m [90m{"using":"-android uiautomator","value":"new UiSelector().className(\"android.widget.EditText\").resourceId(\"b2-Input_Kode\")"}[39m
[35m[HTTP][39m [37m<-- POST /wd/hub/session/b156e1ce-6fde-48d8-a14d-15c15efcead6/elements [39m[32m200[39m [90m264 ms - 12[39m
[35m[HTTP][39m [90m[39m
[35m[HTTP][39m [37m-->[39m [37mPOST[39m [37m/wd/hub/session/b156e1ce-6fde-48d8-a14d-15c15efcead6/elements[39m
[35m[HTTP][39m [90m{"using":"-android uiautomator","value":"new UiSelector().className(\"android.widget.EditText\").resourceId(\"b2-Input_Kode\")"}[39m
[35m[HTTP][39m [37m<-- POST /wd/hub/session/b156e1ce-6fde-48d8-a14d-15c15efcead6/elements [39m[32m200[39m [90m317 ms - 12[39m
[35m[HTTP][39m [90m[39m
[35m[HTTP][39m [37m-->[39m [37mPOST[39m [37m/wd/hub/session/b156e1ce-6fde-48d8-a14d-15c15efcead6/elements[39m
[35m[HTTP][39m [90m{"using":"-android uiautomator","value":"new UiSelector().className(\"android.widget.EditText\").resourceId(\"b2-Input_Kode\")"}[39m
[35m[HTTP][39m [37m<-- POST /wd/hub/session/b156e1ce-6fde-48d8-a14d-15c15efcead6/elements [39m[32m200[39m [90m257 ms - 12[39m
[35m[HTTP][39m [90m[39m
[35m[HTTP][39m [37m-->[39m [37mPOST[39m [37m/wd/hub/session/b156e1ce-6fde-48d8-a14d-15c15efcead6/elements[39m
[35m[HTTP][39m [90m{"using":"-android uiautomator","value":"new UiSelector().className(\"android.widget.EditText\").resourceId(\"b2-Input_Kode\")"}[39m
[35m[HTTP][39m [37m<-- POST /wd/hub/session/b156e1ce-6fde-48d8-a14d-15c15efcead6/elements [39m[32m200[39m [90m284 ms - 12[39m
[35m[HTTP][39m [90m[39m
[35m[HTTP][39m [37m-->[39m [37mPOST[39m [37m/wd/hub/session/b156e1ce-6fde-48d8-a14d-15c15efcead6/elements[39m
[35m[HTTP][39m [90m{"using":"-android uiautomator","value":"new UiSelector().className(\"android.widget.EditText\").resourceId(\"b2-Input_Kode\")"}[39m
[35m[HTTP][39m [37m<-- POST /wd/hub/session/b156e1ce-6fde-48d8-a14d-15c15efcead6/elements [39m[32m200[39m [90m305 ms - 12[39m
[35m[HTTP][39m [90m[39m
[35m[HTTP][39m [37m-->[39m [37mPOST[39m [37m/wd/hub/session/b156e1ce-6fde-48d8-a14d-15c15efcead6/elements[39m
[35m[HTTP][39m [90m{"using":"-android uiautomator","value":"new UiSelector().className(\"android.widget.EditText\").resourceId(\"b2-Input_Kode\")"}[39m
[35m[HTTP][39m [37m<-- POST /wd/hub/session/b156e1ce-6fde-48d8-a14d-15c15efcead6/elements [39m[32m200[39m [90m278 ms - 12[39m
[35m[HTTP][39m [90m[39m
[35m[HTTP][39m [37m-->[39m [37mPOST[39m [37m/wd/hub/session/b156e1ce-6fde-48d8-a14d-15c15efcead6/elements[39m
[35m[HTTP][39m [90m{"using":"-android uiautomator","value":"new UiSelector().className(\"android.widget.EditText\").resourceId(\"b2-Input_Kode\")"}[39m
[35m[HTTP][39m [37m<-- POST /wd/hub/session/b156e1ce-6fde-48d8-a14d-15c15efcead6/elements [39m[32m200[39m [90m325 ms - 12[39m
[35m[HTTP][39m [90m[39m
[35m[HTTP][39m [37m-->[39m [37mPOST[39m [37m/wd/hub/session/b156e1ce-6fde-48d8-a14d-15c15efcead6/elements[39m
[35m[HTTP][39m [90m{"using":"-android uiautomator","value":"new UiSelector().className(\"android.widget.EditText\").resourceId(\"b2-Input_Kode\")"}[39m
[35m[HTTP][39m [37m<-- POST /wd/hub/session/b156e1ce-6fde-48d8-a14d-15c15efcead6/elements [39m[32m200[39m [90m245 ms - 12[39m
[35m[HTTP][39m [90m[39m
[35m[HTTP][39m [37m-->[39m [37mPOST[39m [37m/wd/hub/session/b156e1ce-6fde-48d8-a14d-15c15efcead6/elements[39m
[35m[HTTP][39m [90m{"using":"-android uiautomator","value":"new UiSelector().className(\"android.widget.EditText\").resourceId(\"b2-Input_Kode\")"}[39m
[35m[HTTP][39m [37m<-- POST /wd/hub/session/b156e1ce-6fde-48d8-a14d-15c15efcead6/elements [39m[32m200[39m [90m691 ms - 12[39m
[35m[HTTP][39m [90m[39m
[35m[HTTP][39m [37m-->[39m [37mPOST[39m [37m/wd/hub/session/b156e1ce-6fde-48d8-a14d-15c15efcead6/elements[39m
[35m[HTTP][39m [90m{"using":"-android uiautomator","value":"new UiSelector().className(\"android.widget.EditText\").resourceId(\"b2-Input_Kode\")"}[39m
[35m[HTTP][39m [37m<-- POST /wd/hub/session/b156e1ce-6fde-48d8-a14d-15c15efcead6/elements [39m[32m200[39m [90m166 ms - 12[39m
[35m[HTTP][39m [90m[39m
[35m[HTTP][39m [37m-->[39m [37mPOST[39m [37m/wd/hub/session/b156e1ce-6fde-48d8-a14d-15c15efcead6/elements[39m
[35m[HTTP][39m [90m{"using":"-android uiautomator","value":"new UiSelector().className(\"android.widget.EditText\").resourceId(\"b2-Input_Kode\")"}[39m
[35m[HTTP][39m [37m<-- POST /wd/hub/session/b156e1ce-6fde-48d8-a14d-15c15efcead6/elements [39m[32m200[39m [90m644 ms - 12[39m
[35m[HTTP][39m [90m[39m
[35m[HTTP][39m [37m-->[39m [37mPOST[39m [37m/wd/hub/session/b156e1ce-6fde-48d8-a14d-15c15efcead6/elements[39m
[35m[HTTP][39m [90m{"using":"-android uiautomator","value":"new UiSelector().className(\"android.widget.EditText\").resourceId(\"b2-Input_Kode\")"}[39m
[35m[HTTP][39m [37m<-- POST /wd/hub/session/b156e1ce-6fde-48d8-a14d-15c15efcead6/elements [39m[32m200[39m [90m1034 ms - 12[39m
[35m[HTTP][39m [90m[39m
[35m[HTTP][39m [37m-->[39m [37mPOST[39m [37m/wd/hub/session/b156e1ce-6fde-48d8-a14d-15c15efcead6/elements[39m
[35m[HTTP][39m [90m{"using":"-android uiautomator","value":"new UiSelector().className(\"android.widget.EditText\").resourceId(\"b2-Input_Kode\")"}[39m
[35m[HTTP][39m [37m<-- POST /wd/hub/session/b156e1ce-6fde-48d8-a14d-15c15efcead6/elements [39m[32m200[39m [90m278 ms - 12[39m
[35m[HTTP][39m [90m[39m
[35m[HTTP][39m [37m-->[39m [37mPOST[39m [37m/wd/hub/session/b156e1ce-6fde-48d8-a14d-15c15efcead6/elements[39m
[35m[HTTP][39m [90m{"using":"-android uiautomator","value":"new UiSelector().className(\"android.widget.EditText\").resourceId(\"b2-Input_Kode\")"}[39m
[35m[HTTP][39m [37m<-- POST /wd/hub/session/b156e1ce-6fde-48d8-a14d-15c15efcead6/elements [39m[32m200[39m [90m331 ms - 12[39m
[35m[HTTP][39m [90m[39m
[35m[HTTP][39m [37m-->[39m [37mPOST[39m [37m/wd/hub/session/b156e1ce-6fde-48d8-a14d-15c15efcead6/elements[39m
[35m[HTTP][39m [90m{"using":"-android uiautomator","value":"new UiSelector().className(\"android.widget.EditText\").resourceId(\"b2-Input_Kode\")"}[39m
[35m[HTTP][39m [37m<-- POST /wd/hub/session/b156e1ce-6fde-48d8-a14d-15c15efcead6/elements [39m[32m200[39m [90m762 ms - 12[39m
[35m[HTTP][39m [90m[39m
[35m[HTTP][39m [37m-->[39m [37mPOST[39m [37m/wd/hub/session/b156e1ce-6fde-48d8-a14d-15c15efcead6/elements[39m
[35m[HTTP][39m [90m{"using":"-android uiautomator","value":"new UiSelector().className(\"android.widget.EditText\").resourceId(\"b2-Input_Kode\")"}[39m
[35m[HTTP][39m [37m<-- POST /wd/hub/session/b156e1ce-6fde-48d8-a14d-15c15efcead6/elements [39m[32m200[39m [90m583 ms - 12[39m
[35m[HTTP][39m [90m[39m
[35m[HTTP][39m [37m-->[39m [37mPOST[39m [37m/wd/hub/session/b156e1ce-6fde-48d8-a14d-15c15efcead6/elements[39m
[35m[HTTP][39m [90m{"using":"-android uiautomator","value":"new UiSelector().className(\"android.widget.EditText\").resourceId(\"b2-Input_Kode\")"}[39m
[35m[HTTP][39m [37m<-- POST /wd/hub/session/b156e1ce-6fde-48d8-a14d-15c15efcead6/elements [39m[32m200[39m [90m1187 ms - 12[39m
[35m[HTTP][39m [90m[39m
[35m[HTTP][39m [37m-->[39m [37mPOST[39m [37m/wd/hub/session/b156e1ce-6fde-48d8-a14d-15c15efcead6/elements[39m
[35m[HTTP][39m [90m{"using":"-android uiautomator","value":"new UiSelector().className(\"android.widget.EditText\").resourceId(\"b2-Input_Kode\")"}[39m
[35m[HTTP][39m [37m<-- POST /wd/hub/session/b156e1ce-6fde-48d8-a14d-15c15efcead6/elements [39m[32m200[39m [90m145 ms - 12[39m
[35m[HTTP][39m [90m[39m
[35m[HTTP][39m [37m-->[39m [37mPOST[39m [37m/wd/hub/session/b156e1ce-6fde-48d8-a14d-15c15efcead6/elements[39m
[35m[HTTP][39m [90m{"using":"-android uiautomator","value":"new UiSelector().className(\"android.widget.EditText\").resourceId(\"b2-Input_Kode\")"}[39m
[35m[HTTP][39m [37m<-- POST /wd/hub/session/b156e1ce-6fde-48d8-a14d-15c15efcead6/elements [39m[32m200[39m [90m130 ms - 12[39m
[35m[HTTP][39m [90m[39m
[35m[HTTP][39m [37m-->[39m [37mPOST[39m [37m/wd/hub/session/b156e1ce-6fde-48d8-a14d-15c15efcead6/elements[39m
[35m[HTTP][39m [90m{"using":"-android uiautomator","value":"new UiSelector().className(\"android.widget.EditText\").resourceId(\"b2-Input_Kode\")"}[39m
[35m[HTTP][39m [37m<-- POST /wd/hub/session/b156e1ce-6fde-48d8-a14d-15c15efcead6/elements [39m[32m200[39m [90m96 ms - 12[39m
[35m[HTTP][39m [90m[39m
[35m[HTTP][39m [37m-->[39m [37mPOST[39m [37m/wd/hub/session/b156e1ce-6fde-48d8-a14d-15c15efcead6/elements[39m
[35m[HTTP][39m [90m{"using":"-android uiautomator","value":"new UiSelector().className(\"android.widget.EditText\").resourceId(\"b2-Input_Kode\")"}[39m
[35m[HTTP][39m [37m<-- POST /wd/hub/session/b156e1ce-6fde-48d8-a14d-15c15efcead6/elements [39m[32m200[39m [90m101 ms - 12[39m
[35m[HTTP][39m [90m[39m
[35m[HTTP][39m [37m-->[39m [37mPOST[39m [37m/wd/hub/session/b156e1ce-6fde-48d8-a14d-15c15efcead6/elements[39m
[35m[HTTP][39m [90m{"using":"-android uiautomator","value":"new UiSelector().className(\"android.widget.EditText\").resourceId(\"b2-Input_Kode\")"}[39m
[35m[HTTP][39m [37m<-- POST /wd/hub/session/b156e1ce-6fde-48d8-a14d-15c15efcead6/elements [39m[32m200[39m [90m88 ms - 12[39m
[35m[HTTP][39m [90m[39m
[35m[HTTP][39m [37m-->[39m [37mPOST[39m [37m/wd/hub/session/b156e1ce-6fde-48d8-a14d-15c15efcead6/elements[39m
[35m[HTTP][39m [90m{"using":"-android uiautomator","value":"new UiSelector().className(\"android.widget.EditText\").resourceId(\"b2-Input_Kode\")"}[39m
[35m[HTTP][39m [37m<-- POST /wd/hub/session/b156e1ce-6fde-48d8-a14d-15c15efcead6/elements [39m[32m200[39m [90m83 ms - 12[39m
[35m[HTTP][39m [90m[39m
[35m[HTTP][39m [37m-->[39m [37mPOST[39m [37m/wd/hub/session/b156e1ce-6fde-48d8-a14d-15c15efcead6/elements[39m
[35m[HTTP][39m [90m{"using":"-android uiautomator","value":"new UiSelector().className(\"android.widget.EditText\").resourceId(\"b2-Input_Kode\")"}[39m
[35m[HTTP][39m [37m<-- POST /wd/hub/session/b156e1ce-6fde-48d8-a14d-15c15efcead6/elements [39m[32m200[39m [90m146 ms - 12[39m
[35m[HTTP][39m [90m[39m
[35m[HTTP][39m [37m-->[39m [37mPOST[39m [37m/wd/hub/session/b156e1ce-6fde-48d8-a14d-15c15efcead6/elements[39m
[35m[HTTP][39m [90m{"using":"-android uiautomator","value":"new UiSelector().className(\"android.widget.EditText\").resourceId(\"b2-Input_Kode\")"}[39m
[35m[HTTP][39m [37m<-- POST /wd/hub/session/b156e1ce-6fde-48d8-a14d-15c15efcead6/elements [39m[32m200[39m [90m1528 ms - 12[39m
[35m[HTTP][39m [90m[39m
[35m[HTTP][39m [37m-->[39m [37mPOST[39m [37m/wd/hub/session/b156e1ce-6fde-48d8-a14d-15c15efcead6/elements[39m
[35m[HTTP][39m [90m{"using":"-android uiautomator","value":"new UiSelector().className(\"android.widget.EditText\").resourceId(\"b2-Input_Kode\")"}[39m
[35m[HTTP][39m [37m<-- POST /wd/hub/session/b156e1ce-6fde-48d8-a14d-15c15efcead6/elements [39m[32m200[39m [90m164 ms - 12[39m
[35m[HTTP][39m [90m[39m
[35m[HTTP][39m [37m-->[39m [37mPOST[39m [37m/wd/hub/session/b156e1ce-6fde-48d8-a14d-15c15efcead6/elements[39m
[35m[HTTP][39m [90m{"using":"-android uiautomator","value":"new UiSelector().className(\"android.widget.EditText\").resourceId(\"b2-Input_Kode\")"}[39m
[35m[HTTP][39m [37m<-- POST /wd/hub/session/b156e1ce-6fde-48d8-a14d-15c15efcead6/elements [39m[32m200[39m [90m173 ms - 12[39m
[35m[HTTP][39m [90m[39m
[35m[HTTP][39m [37m-->[39m [37mPOST[39m [37m/wd/hub/session/b156e1ce-6fde-48d8-a14d-15c15efcead6/elements[39m
[35m[HTTP][39m [90m{"using":"-android uiautomator","value":"new UiSelector().className(\"android.widget.EditText\").resourceId(\"b2-Input_Kode\")"}[39m
[35m[HTTP][39m [37m<-- POST /wd/hub/session/b156e1ce-6fde-48d8-a14d-15c15efcead6/elements [39m[32m200[39m [90m205 ms - 12[39m
[35m[HTTP][39m [90m[39m
[35m[HTTP][39m [37m-->[39m [37mPOST[39m [37m/wd/hub/session/b156e1ce-6fde-48d8-a14d-15c15efcead6/elements[39m
[35m[HTTP][39m [90m{"using":"-android uiautomator","value":"new UiSelector().className(\"android.widget.EditText\").resourceId(\"b2-Input_Kode\")"}[39m
[35m[HTTP][39m [37m<-- POST /wd/hub/session/b156e1ce-6fde-48d8-a14d-15c15efcead6/elements [39m[32m200[39m [90m244 ms - 12[39m
[35m[HTTP][39m [90m[39m
[35m[HTTP][39m [37m-->[39m [37mPOST[39m [37m/wd/hub/session/b156e1ce-6fde-48d8-a14d-15c15efcead6/elements[39m
[35m[HTTP][39m [90m{"using":"-android uiautomator","value":"new UiSelector().className(\"android.widget.EditText\").resourceId(\"b2-Input_Kode\")"}[39m
[35m[HTTP][39m [37m<-- POST /wd/hub/session/b156e1ce-6fde-48d8-a14d-15c15efcead6/elements [39m[32m200[39m [90m155 ms - 12[39m
[35m[HTTP][39m [90m[39m
[35m[HTTP][39m [37m-->[39m [37mPOST[39m [37m/wd/hub/session/b156e1ce-6fde-48d8-a14d-15c15efcead6/elements[39m
[35m[HTTP][39m [90m{"using":"-android uiautomator","value":"new UiSelector().className(\"android.widget.EditText\").resourceId(\"b2-Input_Kode\")"}[39m
[35m[HTTP][39m [37m<-- POST /wd/hub/session/b156e1ce-6fde-48d8-a14d-15c15efcead6/elements [39m[32m200[39m [90m96 ms - 12[39m
[35m[HTTP][39m [90m[39m
[35m[HTTP][39m [37m-->[39m [37mPOST[39m [37m/wd/hub/session/b156e1ce-6fde-48d8-a14d-15c15efcead6/elements[39m
[35m[HTTP][39m [90m{"using":"-android uiautomator","value":"new UiSelector().className(\"android.widget.EditText\").resourceId(\"b2-Input_Kode\")"}[39m
[35m[HTTP][39m [37m<-- POST /wd/hub/session/b156e1ce-6fde-48d8-a14d-15c15efcead6/elements [39m[32m200[39m [90m1003 ms - 12[39m
[35m[HTTP][39m [90m[39m
[35m[HTTP][39m [37m-->[39m [37mPOST[39m [37m/wd/hub/session/b156e1ce-6fde-48d8-a14d-15c15efcead6/elements[39m
[35m[HTTP][39m [90m{"using":"-android uiautomator","value":"new UiSelector().className(\"android.widget.EditText\").resourceId(\"b2-Input_Kode\")"}[39m
[35m[HTTP][39m [37m<-- POST /wd/hub/session/b156e1ce-6fde-48d8-a14d-15c15efcead6/elements [39m[32m200[39m [90m191 ms - 12[39m
[35m[HTTP][39m [90m[39m
[35m[HTTP][39m [37m-->[39m [37mPOST[39m [37m/wd/hub/session/b156e1ce-6fde-48d8-a14d-15c15efcead6/elements[39m
[35m[HTTP][39m [90m{"using":"-android uiautomator","value":"new UiSelector().className(\"android.widget.EditText\").resourceId(\"b2-Input_Kode\")"}[39m
[35m[HTTP][39m [37m<-- POST /wd/hub/session/b156e1ce-6fde-48d8-a14d-15c15efcead6/elements [39m[32m200[39m [90m167 ms - 12[39m
[35m[HTTP][39m [90m[39m
[35m[HTTP][39m [37m-->[39m [37mPOST[39m [37m/wd/hub/session/b156e1ce-6fde-48d8-a14d-15c15efcead6/elements[39m
[35m[HTTP][39m [90m{"using":"-android uiautomator","value":"new UiSelector().className(\"android.widget.EditText\").resourceId(\"b2-Input_Kode\")"}[39m
[35m[HTTP][39m [37m<-- POST /wd/hub/session/b156e1ce-6fde-48d8-a14d-15c15efcead6/elements [39m[32m200[39m [90m175 ms - 12[39m
[35m[HTTP][39m [90m[39m
[35m[HTTP][39m [37m-->[39m [37mPOST[39m [37m/wd/hub/session/b156e1ce-6fde-48d8-a14d-15c15efcead6/elements[39m
[35m[HTTP][39m [90m{"using":"-android uiautomator","value":"new UiSelector().className(\"android.widget.EditText\").resourceId(\"b2-Input_Kode\")"}[39m
[35m[HTTP][39m [37m<-- POST /wd/hub/session/b156e1ce-6fde-48d8-a14d-15c15efcead6/elements [39m[32m200[39m [90m185 ms - 12[39m
[35m[HTTP][39m [90m[39m
[35m[HTTP][39m [37m-->[39m [37mPOST[39m [37m/wd/hub/session/b156e1ce-6fde-48d8-a14d-15c15efcead6/elements[39m
[35m[HTTP][39m [90m{"using":"-android uiautomator","value":"new UiSelector().className(\"android.widget.EditText\").resourceId(\"b2-Input_Kode\")"}[39m
[35m[HTTP][39m [37m<-- POST /wd/hub/session/b156e1ce-6fde-48d8-a14d-15c15efcead6/elements [39m[32m200[39m [90m1407 ms - 139[39m
[35m[HTTP][39m [90m[39m
[35m[HTTP][39m [37m-->[39m [37mGET[39m [37m/wd/hub/session/b156e1ce-6fde-48d8-a14d-15c15efcead6/element/5864811a-35ba-4075-9072-76be983e0e08/location[39m
[35m[HTTP][39m [90m{}[39m
[35m[W3C (b156e1ce)][39m Driver proxy active, passing request on via HTTP proxy
[35m[WD Proxy][39m Replacing sessionId 66df153f-b435-4b57-8374-9fc56b3a5cd3 with b156e1ce-6fde-48d8-a14d-15c15efcead6
[35m[HTTP][39m [37m<-- GET /wd/hub/session/b156e1ce-6fde-48d8-a14d-15c15efcead6/element/5864811a-35ba-4075-9072-76be983e0e08/location [39m[32m200[39m [90m208 ms - 88[39m
[35m[HTTP][39m [90m[39m
[35m[HTTP][39m [37m-->[39m [37mPOST[39m [37m/wd/hub/session/b156e1ce-6fde-48d8-a14d-15c15efcead6/timeouts[39m
[35m[HTTP][39m [90m{"implicit":60000}[39m
[35m[HTTP][39m [37m<-- POST /wd/hub/session/b156e1ce-6fde-48d8-a14d-15c15efcead6/timeouts [39m[32m200[39m [90m6 ms - 14[39m
[35m[HTTP][39m [90m[39m
[35m[HTTP][39m [37m-->[39m [37mPOST[39m [37m/wd/hub/session/b156e1ce-6fde-48d8-a14d-15c15efcead6/element/5864811a-35ba-4075-9072-76be983e0e08/clear[39m
[35m[HTTP][39m [90m{"id":"5864811a-35ba-4075-9072-76be983e0e08"}[39m
[35m[HTTP][39m [37m<-- POST /wd/hub/session/b156e1ce-6fde-48d8-a14d-15c15efcead6/element/5864811a-35ba-4075-9072-76be983e0e08/clear [39m[32m200[39m [90m200 ms - 27[39m
[35m[HTTP][39m [90m[39m
[35m[HTTP][39m [37m-->[39m [37mPOST[39m [37m/wd/hub/session/b156e1ce-6fde-48d8-a14d-15c15efcead6/element/5864811a-35ba-4075-9072-76be983e0e08/value[39m
[35m[HTTP][39m [90m{"id":"5864811a-35ba-4075-9072-76be983e0e08","text":"895888","value":["8","9","5","8","8","8"]}[39m
[35m[HTTP][39m [37m<-- POST /wd/hub/session/b156e1ce-6fde-48d8-a14d-15c15efcead6/element/5864811a-35ba-4075-9072-76be983e0e08/value [39m[32m200[39m [90m948 ms - 12[39m
[35m[HTTP][39m [90m[39m
[35m[HTTP][39m [37m-->[39m [37mPOST[39m [37m/wd/hub/session/b156e1ce-6fde-48d8-a14d-15c15efcead6/timeouts[39m
[35m[HTTP][39m [90m{"implicit":50}[39m
[35m[HTTP][39m [37m<-- POST /wd/hub/session/b156e1ce-6fde-48d8-a14d-15c15efcead6/timeouts [39m[32m200[39m [90m3 ms - 14[39m
[35m[HTTP][39m [90m[39m
[35m[HTTP][39m [37m-->[39m [37mGET[39m [37m/wd/hub/session/b156e1ce-6fde-48d8-a14d-15c15efcead6/window/rect[39m
[35m[HTTP][39m [90m{}[39m
[35m[HTTP][39m [37m<-- GET /wd/hub/session/b156e1ce-6fde-48d8-a14d-15c15efcead6/window/rect [39m[32m200[39m [90m588 ms - 50[39m
[35m[HTTP][39m [90m[39m
[35m[HTTP][39m [37m-->[39m [37mPOST[39m [37m/wd/hub/session/b156e1ce-6fde-48d8-a14d-15c15efcead6/elements[39m
[35m[HTTP][39m [90m{"using":"-android uiautomator","value":"new UiSelector().className(\"android.widget.Button\").text(\"Verifikasi\")"}[39m
[35m[HTTP][39m [37m<-- POST /wd/hub/session/b156e1ce-6fde-48d8-a14d-15c15efcead6/elements [39m[32m200[39m [90m445 ms - 139[39m
[35m[HTTP][39m [90m[39m
[35m[HTTP][39m [37m-->[39m [37mGET[39m [37m/wd/hub/session/b156e1ce-6fde-48d8-a14d-15c15efcead6/element/0c929818-021e-49c1-837b-5e988f604e18/location[39m
[35m[HTTP][39m [90m{}[39m
[35m[W3C (b156e1ce)][39m Driver proxy active, passing request on via HTTP proxy
[35m[WD Proxy][39m Replacing sessionId 66df153f-b435-4b57-8374-9fc56b3a5cd3 with b156e1ce-6fde-48d8-a14d-15c15efcead6
[35m[HTTP][39m [37m<-- GET /wd/hub/session/b156e1ce-6fde-48d8-a14d-15c15efcead6/element/0c929818-021e-49c1-837b-5e988f604e18/location [39m[32m200[39m [90m599 ms - 89[39m
[35m[HTTP][39m [90m[39m
[35m[HTTP][39m [37m-->[39m [37mPOST[39m [37m/wd/hub/session/b156e1ce-6fde-48d8-a14d-15c15efcead6/timeouts[39m
[35m[HTTP][39m [90m{"implicit":60000}[39m
[35m[HTTP][39m [37m<-- POST /wd/hub/session/b156e1ce-6fde-48d8-a14d-15c15efcead6/timeouts [39m[32m200[39m [90m6 ms - 14[39m
[35m[HTTP][39m [90m[39m
[35m[HTTP][39m [37m-->[39m [37mPOST[39m [37m/wd/hub/session/b156e1ce-6fde-48d8-a14d-15c15efcead6/touch/perform[39m
[35m[HTTP][39m [90m{"actions":[{"action":"tap","options":{"x":1,"y":1,"element":"0c929818-021e-49c1-837b-5e988f604e18"}},{"action":"release","options":{}}]}[39m
[35m[UiAutomator2][39m calling get location: 0c929818-021e-49c1-837b-5e988f604e18
[35m[HTTP][39m [37m<-- POST /wd/hub/session/b156e1ce-6fde-48d8-a14d-15c15efcead6/touch/perform [39m[32m200[39m [90m1756 ms - 14[39m
[35m[HTTP][39m [90m[39m
[35m[HTTP][39m [37m-->[39m [37mPOST[39m [37m/wd/hub/session/b156e1ce-6fde-48d8-a14d-15c15efcead6/timeouts[39m
[35m[HTTP][39m [90m{"implicit":50}[39m
[35m[HTTP][39m [37m<-- POST /wd/hub/session/b156e1ce-6fde-48d8-a14d-15c15efcead6/timeouts [39m[32m200[39m [90m4 ms - 14[39m
[35m[HTTP][39m [90m[39m
[35m[HTTP][39m [37m-->[39m [37mGET[39m [37m/wd/hub/session/b156e1ce-6fde-48d8-a14d-15c15efcead6/window/rect[39m
[35m[HTTP][39m [90m{}[39m
[35m[HTTP][39m [37m<-- GET /wd/hub/session/b156e1ce-6fde-48d8-a14d-15c15efcead6/window/rect [39m[32m200[39m [90m81 ms - 50[39m
[35m[HTTP][39m [90m[39m
[35m[HTTP][39m [37m-->[39m [37mPOST[39m [37m/wd/hub/session/b156e1ce-6fde-48d8-a14d-15c15efcead6/elements[39m
[35m[HTTP][39m [90m{"using":"-android uiautomator","value":"new UiSelector().className(\"android.view.View\").text(\"Kode Verifikasi Anda salah\")"}[39m
[35m[HTTP][39m [37m<-- POST /wd/hub/session/b156e1ce-6fde-48d8-a14d-15c15efcead6/elements [39m[32m200[39m [90m2727 ms - 139[39m
[35m[HTTP][39m [90m[39m
[35m[HTTP][39m [37m-->[39m [37mGET[39m [37m/wd/hub/session/b156e1ce-6fde-48d8-a14d-15c15efcead6/element/b6fed58f-5bf3-45b4-be0a-2e7729832c0e/location[39m
[35m[HTTP][39m [90m{}[39m
[35m[W3C (b156e1ce)][39m Driver proxy active, passing request on via HTTP proxy
[35m[WD Proxy][39m Replacing sessionId 66df153f-b435-4b57-8374-9fc56b3a5cd3 with b156e1ce-6fde-48d8-a14d-15c15efcead6
[35m[HTTP][39m [37m<-- GET /wd/hub/session/b156e1ce-6fde-48d8-a14d-15c15efcead6/element/b6fed58f-5bf3-45b4-be0a-2e7729832c0e/location [39m[32m200[39m [90m128 ms - 89[39m
[35m[HTTP][39m [90m[39m
[35m[HTTP][39m [37m-->[39m [37mPOST[39m [37m/wd/hub/session/b156e1ce-6fde-48d8-a14d-15c15efcead6/timeouts[39m
[35m[HTTP][39m [90m{"implicit":60000}[39m
[35m[HTTP][39m [37m<-- POST /wd/hub/session/b156e1ce-6fde-48d8-a14d-15c15efcead6/timeouts [39m[32m200[39m [90m3 ms - 14[39m
[35m[HTTP][39m [90m[39m
[35m[HTTP][39m [37m-->[39m [37mGET[39m [37m/wd/hub/session/b156e1ce-6fde-48d8-a14d-15c15efcead6/element/b6fed58f-5bf3-45b4-be0a-2e7729832c0e/displayed[39m
[35m[HTTP][39m [90m{}[39m
[35m[HTTP][39m [37m<-- GET /wd/hub/session/b156e1ce-6fde-48d8-a14d-15c15efcead6/element/b6fed58f-5bf3-45b4-be0a-2e7729832c0e/displayed [39m[32m200[39m [90m237 ms - 14[39m
[35m[HTTP][39m [90m[39m
[35m[HTTP][39m [37m-->[39m [37mPOST[39m [37m/wd/hub/session/b156e1ce-6fde-48d8-a14d-15c15efcead6/timeouts[39m
[35m[HTTP][39m [90m{"implicit":50}[39m
[35m[HTTP][39m [37m<-- POST /wd/hub/session/b156e1ce-6fde-48d8-a14d-15c15efcead6/timeouts [39m[32m200[39m [90m3 ms - 14[39m
[35m[HTTP][39m [90m[39m
[35m[HTTP][39m [37m-->[39m [37mGET[39m [37m/wd/hub/session/b156e1ce-6fde-48d8-a14d-15c15efcead6/window/rect[39m
[35m[HTTP][39m [90m{}[39m
[35m[HTTP][39m [37m<-- GET /wd/hub/session/b156e1ce-6fde-48d8-a14d-15c15efcead6/window/rect [39m[32m200[39m [90m83 ms - 50[39m
[35m[HTTP][39m [90m[39m
[35m[HTTP][39m [37m-->[39m [37mPOST[39m [37m/wd/hub/session/b156e1ce-6fde-48d8-a14d-15c15efcead6/elements[39m
[35m[HTTP][39m [90m{"using":"-android uiautomator","value":"new UiSelector().className(\"android.widget.Button\").text(\"Verifikasi\")"}[39m
[35m[HTTP][39m [37m<-- POST /wd/hub/session/b156e1ce-6fde-48d8-a14d-15c15efcead6/elements [39m[32m200[39m [90m552 ms - 139[39m
[35m[HTTP][39m [90m[39m
[35m[HTTP][39m [37m-->[39m [37mGET[39m [37m/wd/hub/session/b156e1ce-6fde-48d8-a14d-15c15efcead6/element/b54785db-637d-43c4-afb4-7c2fad22d932/location[39m
[35m[HTTP][39m [90m{}[39m
[35m[W3C (b156e1ce)][39m Driver proxy active, passing request on via HTTP proxy
[35m[WD Proxy][39m Replacing sessionId 66df153f-b435-4b57-8374-9fc56b3a5cd3 with b156e1ce-6fde-48d8-a14d-15c15efcead6
[35m[HTTP][39m [37m<-- GET /wd/hub/session/b156e1ce-6fde-48d8-a14d-15c15efcead6/element/b54785db-637d-43c4-afb4-7c2fad22d932/location [39m[32m200[39m [90m184 ms - 89[39m
[35m[HTTP][39m [90m[39m
[35m[HTTP][39m [37m-->[39m [37mPOST[39m [37m/wd/hub/session/b156e1ce-6fde-48d8-a14d-15c15efcead6/timeouts[39m
[35m[HTTP][39m [90m{"implicit":60000}[39m
[35m[HTTP][39m [37m<-- POST /wd/hub/session/b156e1ce-6fde-48d8-a14d-15c15efcead6/timeouts [39m[32m200[39m [90m3 ms - 14[39m
[35m[HTTP][39m [90m[39m
[35m[HTTP][39m [37m-->[39m [37mGET[39m [37m/wd/hub/session/b156e1ce-6fde-48d8-a14d-15c15efcead6/element/b54785db-637d-43c4-afb4-7c2fad22d932/displayed[39m
[35m[HTTP][39m [90m{}[39m
[35m[HTTP][39m [37m<-- GET /wd/hub/session/b156e1ce-6fde-48d8-a14d-15c15efcead6/element/b54785db-637d-43c4-afb4-7c2fad22d932/displayed [39m[32m200[39m [90m650 ms - 14[39m
[35m[HTTP][39m [90m[39m
[35m[HTTP][39m [37m-->[39m [37mGET[39m [37m/wd/hub/status[39m
[35m[HTTP][39m [90m{}[39m
[35m[HTTP][39m [37m<-- GET /wd/hub/status [39m[32m200[39m [90m2 ms - 68[39m
[35m[HTTP][39m [90m[39m
[35m[HTTP][39m [37m-->[39m [37mPOST[39m [37m/wd/hub/session[39m
[35m[HTTP][39m [90m{"desiredCapabilities":{"app":"C:\\Users\\Marvin\\git\\ACCBid-Mobile\\accbid.apk","noReset":true,"deviceId":"","deviceName":"samsung SM-A505F (Android 9)","fullReset":false,"platform":"ANDROID","newCommandTimeout":1800,"platformVersion":"9","automationName":"uiautomator2","autoGrantPermissions":true,"unicodeKeyboard":true,"platformName":"Android","udid":"RR8M30NJEFN","resetKeyboard":true,"systemPort":53223},"capabilities":{"firstMatch":[{"appium:app":"C:\\Users\\Marvin\\git\\ACCBid-Mobile\\accbid.apk","appium:autoGrantPermissions":true,"appium:automationName":"uiautomator2","deviceId":"","appium:deviceName":"samsung SM-A505F (Android 9)","appium:fullReset":false,"appium:newCommandTimeout":1800,"appium:noReset":true,"platform":"ANDROID","platformName":"android","appium:platformVersion":"9","appium:resetKeyboard":true,"appium:systemPort":53223,"appium:udid":"RR8M30NJEFN","appium:unicodeKeyboard":true}]}}[39m
[35m[BaseDriver][39m The capabilities ["deviceId","platform"] are not standard capabilities and should have an extension prefix
[35m[Appium][39m Appium v1.12.1 creating new AndroidUiautomator2Driver (v1.33.0) session
[35m[Appium][39m Capabilities:
[35m[Appium][39m   deviceId: 
[35m[Appium][39m   platform: ANDROID
[35m[Appium][39m   platformName: android
[35m[Appium][39m   app: C:\Users\Marvin\git\ACCBid-Mobile\accbid.apk
[35m[Appium][39m   autoGrantPermissions: true
[35m[Appium][39m   automationName: uiautomator2
[35m[Appium][39m   deviceName: samsung SM-A505F (Android 9)
[35m[Appium][39m   fullReset: false
[35m[Appium][39m   newCommandTimeout: 1800
[35m[Appium][39m   noReset: true
[35m[Appium][39m   platformVersion: 9
[35m[Appium][39m   resetKeyboard: true
[35m[Appium][39m   systemPort: 53223
[35m[Appium][39m   udid: RR8M30NJEFN
[35m[Appium][39m   unicodeKeyboard: true
[35m[BaseDriver][39m The following capabilities were provided, but are not recognized by appium: deviceId, platform.
[35m[BaseDriver][39m Session created with session id: c0b64aa0-f141-407e-9b03-89094c9c3433
[35m[BaseDriver][39m Using local app 'C:\Users\Marvin\git\ACCBid-Mobile\accbid.apk'
[35m[AndroidDriver][39m Retrieving device list
[35m[AndroidDriver][39m Using device: RR8M30NJEFN
[35m[UiAutomator2][39m Relaxing hidden api policy
[35m[ADB][39m Using the alternative activity name detection method because of: Could not find apkanalyzer.bat in C:\Users\Marvin\.katalon\tools\android_sdk\platform-tools\apkanalyzer.bat,C:\Users\Marvin\.katalon\tools\android_sdk\emulator\apkanalyzer.bat,C:\Users\Marvin\.katalon\tools\android_sdk\tools\apkanalyzer.bat,C:\Users\Marvin\.katalon\tools\android_sdk\tools\bin\apkanalyzer.bat,C:\Users\Marvin\.katalon\tools\android_sdk\build-tools\29.0.0\apkanalyzer.bat. Do you have the Android SDK installed at 'C:\Users\Marvin\.katalon\tools\android_sdk'?
[35m[ADB][39m Extracting package and launch activity from manifest
[35m[ADB][39m Package name: 'com.outsystemsenterprise.acctst1.BidMart'
[35m[ADB][39m Main activity name: 'com.outsystemsenterprise.acctst1.BidMart.MainActivity'
[35m[UiAutomator2][39m Server packages are not going to be (re)installed
[35m[HTTP][39m [37m<-- POST /wd/hub/session [39m[32m-[39m [90m- ms - -[39m
[35m[HTTP][39m [90m[39m
[35m[UiAutomator2][39m Starting UIAutomator2 server 3.4.0
[35m[UiAutomator2][39m Using UIAutomator2 server from 'C:\Users\Marvin\AppData\Roaming\npm\node_modules\appium\node_modules\appium-uiautomator2-server\apks\appium-uiautomator2-server-v3.4.0.apk' and test from 'C:\Users\Marvin\AppData\Roaming\npm\node_modules\appium\node_modules\appium-uiautomator2-server\apks\appium-uiautomator2-server-debug-androidTest.apk'
[35m[UiAutomator2][39m Waiting up to 30000ms for UiAutomator2 to be online...
[35m[WD Proxy][39m Got an unexpected response: {"code":"ECONNRESET"}
[35m[AndroidDriver][39m Screen already unlocked, doing nothing
[35m[UiAutomator2][39m UiAutomator2 did not start the activity we were waiting for, 'com.outsystemsenterprise.acctst1.BidMart/com.outsystemsenterprise.acctst1.BidMart.MainActivity'. Starting it ourselves
[35m[Appium][39m New AndroidUiautomator2Driver session created successfully, session c0b64aa0-f141-407e-9b03-89094c9c3433 added to master session list
