[35m[Appium][39m Welcome to Appium v1.12.1
[35m[Appium][39m Non-default server args:
[35m[Appium][39m   port: 61785
[35m[Appium][39m   loglevel: info
[35m[Appium][39m   chromeDriverPort: 61786
[35m[Appium][39m   tmpDir: C:\Users\ASUS\AppData\Local\Temp\\Katalon\Appium\Temp1578470473940
[35m[Appium][39m Appium REST http interface listener started on 0.0.0.0:61785
[35m[HTTP][39m [37m-->[39m [37mGET[39m [37m/wd/hub/status[39m
[35m[HTTP][39m [90m{}[39m
[35m[HTTP][39m [37m<-- GET /wd/hub/status [39m[32m200[39m [90m25 ms - 68[39m
[35m[HTTP][39m [90m[39m
[35m[HTTP][39m [37m-->[39m [37mPOST[39m [37m/wd/hub/session[39m
[35m[HTTP][39m [90m{"desiredCapabilities":{"app":"C:\\Users\\ASUS\\Desktop\\accbid(2).apk","noReset":true,"deviceId":"","deviceName":"emulator-5554 (AOSP on IA Emulator - Android 9)","fullReset":false,"platform":"ANDROID","newCommandTimeout":1800,"platformVersion":"9","automationName":"uiautomator2","autoGrantPermissions":true,"unicodeKeyboard":true,"platformName":"Android","udid":"emulator-5554","resetKeyboard":true,"systemPort":61784},"capabilities":{"firstMatch":[{"appium:app":"C:\\Users\\ASUS\\Desktop\\accbid(2).apk","appium:autoGrantPermissions":true,"appium:automationName":"uiautomator2","deviceId":"","appium:deviceName":"emulator-5554 (AOSP on IA Emulator - Android 9)","appium:fullReset":false,"appium:newCommandTimeout":1800,"appium:noReset":true,"platform":"ANDROID","platformName":"android","appium:platformVersion":"9","appium:resetKeyboard":true,"appium:systemPort":61784,"appium:udid":"emulator-5554","appium:unicodeKeyboard":true}]}}[39m
[35m[BaseDriver][39m The capabilities ["deviceId","platform"] are not standard capabilities and should have an extension prefix
[35m[Appium][39m Appium v1.12.1 creating new AndroidUiautomator2Driver (v1.33.0) session
[35m[Appium][39m Capabilities:
[35m[Appium][39m   deviceId: 
[35m[Appium][39m   platform: ANDROID
[35m[Appium][39m   platformName: android
[35m[Appium][39m   app: C:\Users\ASUS\Desktop\accbid(2).apk
[35m[Appium][39m   autoGrantPermissions: true
[35m[Appium][39m   automationName: uiautomator2
[35m[Appium][39m   deviceName: emulator-5554 (AOSP on IA Emulator - Android 9)
[35m[Appium][39m   fullReset: false
[35m[Appium][39m   newCommandTimeout: 1800
[35m[Appium][39m   noReset: true
[35m[Appium][39m   platformVersion: 9
[35m[Appium][39m   resetKeyboard: true
[35m[Appium][39m   systemPort: 61784
[35m[Appium][39m   udid: emulator-5554
[35m[Appium][39m   unicodeKeyboard: true
[35m[BaseDriver][39m The following capabilities were provided, but are not recognized by appium: deviceId, platform.
[35m[BaseDriver][39m Session created with session id: 8698d6ff-14c5-4e0a-8755-fb5d2a4745f0
[35m[BaseDriver][39m Using local app 'C:\Users\ASUS\Desktop\accbid(2).apk'
[35m[ADB][39m Checking whether adb is present
[35m[ADB][39m Found 1 'build-tools' folders under 'C:\Users\ASUS\.katalon\tools\android_sdk' (newest first):
[35m[ADB][39m     C:/Users/ASUS/.katalon/tools/android_sdk/build-tools/29.0.2
[35m[ADB][39m Using adb.exe from C:\Users\ASUS\.katalon\tools\android_sdk\platform-tools\adb.exe
[35m[AndroidDriver][39m Retrieving device list
[35m[AndroidDriver][39m Using device: emulator-5554
[35m[UiAutomator2][39m Relaxing hidden api policy
[35m[ADB][39m Using the alternative activity name detection method because of: Could not find apkanalyzer.bat in C:\Users\ASUS\.katalon\tools\android_sdk\platform-tools\apkanalyzer.bat,C:\Users\ASUS\.katalon\tools\android_sdk\emulator\apkanalyzer.bat,C:\Users\ASUS\.katalon\tools\android_sdk\tools\apkanalyzer.bat,C:\Users\ASUS\.katalon\tools\android_sdk\tools\bin\apkanalyzer.bat,C:\Users\ASUS\.katalon\tools\android_sdk\build-tools\29.0.2\apkanalyzer.bat. Do you have the Android SDK installed at 'C:\Users\ASUS\.katalon\tools\android_sdk'?
[35m[ADB][39m Checking whether aapt is present
[35m[ADB][39m Using aapt.exe from C:\Users\ASUS\.katalon\tools\android_sdk\build-tools\29.0.2\aapt.exe
[35m[ADB][39m Extracting package and launch activity from manifest
[35m[ADB][39m Package name: 'com.outsystemsenterprise.accdev1.BidMart'
[35m[ADB][39m Main activity name: 'com.outsystemsenterprise.accdev1.BidMart.MainActivity'
[35m[ADB][39m Using apksigner.bat from C:\Users\ASUS\.katalon\tools\android_sdk\build-tools\29.0.2\apksigner.bat
[35m[UiAutomator2][39m Server packages are not going to be (re)installed
[35m[UiAutomator2][39m Starting UIAutomator2 server 3.4.0
[35m[UiAutomator2][39m Using UIAutomator2 server from 'C:\Users\ASUS\AppData\Roaming\npm\node_modules\appium\node_modules\appium-uiautomator2-server\apks\appium-uiautomator2-server-v3.4.0.apk' and test from 'C:\Users\ASUS\AppData\Roaming\npm\node_modules\appium\node_modules\appium-uiautomator2-server\apks\appium-uiautomator2-server-debug-androidTest.apk'
[35m[UiAutomator2][39m Waiting up to 30000ms for UiAutomator2 to be online...
[35m[WD Proxy][39m Got an unexpected response: {"code":"ECONNRESET"}
[35m[WD Proxy][39m Got an unexpected response: {"code":"ECONNRESET"}
[35m[WD Proxy][39m Got an unexpected response: {"code":"ECONNRESET"}
[35m[WD Proxy][39m Got an unexpected response: {"code":"ECONNRESET"}
[35m[WD Proxy][39m Got an unexpected response: {"code":"ECONNRESET"}
[35m[AndroidDriver][39m Screen already unlocked, doing nothing
[35m[UiAutomator2][39m UiAutomator2 did not start the activity we were waiting for, 'com.outsystemsenterprise.accdev1.BidMart/com.outsystemsenterprise.accdev1.BidMart.MainActivity'. Starting it ourselves
[35m[Appium][39m New AndroidUiautomator2Driver session created successfully, session 8698d6ff-14c5-4e0a-8755-fb5d2a4745f0 added to master session list
[35m[HTTP][39m [37m<-- POST /wd/hub/session [39m[32m200[39m [90m32127 ms - 1354[39m
[35m[HTTP][39m [90m[39m
[35m[HTTP][39m [37m-->[39m [37mGET[39m [37m/wd/hub/session/8698d6ff-14c5-4e0a-8755-fb5d2a4745f0[39m
[35m[HTTP][39m [90m{}[39m
[35m[HTTP][39m [37m<-- GET /wd/hub/session/8698d6ff-14c5-4e0a-8755-fb5d2a4745f0 [39m[32m200[39m [90m102 ms - 1286[39m
[35m[HTTP][39m [90m[39m
[35m[HTTP][39m [37m-->[39m [37mGET[39m [37m/wd/hub/session/8698d6ff-14c5-4e0a-8755-fb5d2a4745f0[39m
[35m[HTTP][39m [90m{}[39m
[35m[HTTP][39m [37m<-- GET /wd/hub/session/8698d6ff-14c5-4e0a-8755-fb5d2a4745f0 [39m[32m200[39m [90m148 ms - 1286[39m
[35m[HTTP][39m [90m[39m
[35m[HTTP][39m [37m-->[39m [37mGET[39m [37m/wd/hub/status[39m
[35m[HTTP][39m [90m{}[39m
[35m[HTTP][39m [37m<-- GET /wd/hub/status [39m[32m200[39m [90m2 ms - 68[39m
[35m[HTTP][39m [90m[39m
[35m[HTTP][39m [37m-->[39m [37mPOST[39m [37m/wd/hub/session/8698d6ff-14c5-4e0a-8755-fb5d2a4745f0/timeouts[39m
[35m[HTTP][39m [90m{"implicit":60000}[39m
[35m[HTTP][39m [37m<-- POST /wd/hub/session/8698d6ff-14c5-4e0a-8755-fb5d2a4745f0/timeouts [39m[32m200[39m [90m13 ms - 14[39m
[35m[HTTP][39m [90m[39m
[35m[HTTP][39m [37m-->[39m [37mGET[39m [37m/wd/hub/session/8698d6ff-14c5-4e0a-8755-fb5d2a4745f0/context[39m
[35m[HTTP][39m [90m{}[39m
[35m[HTTP][39m [37m<-- GET /wd/hub/session/8698d6ff-14c5-4e0a-8755-fb5d2a4745f0/context [39m[32m200[39m [90m16 ms - 22[39m
[35m[HTTP][39m [90m[39m
[35m[HTTP][39m [37m-->[39m [37mGET[39m [37m/wd/hub/session/8698d6ff-14c5-4e0a-8755-fb5d2a4745f0/contexts[39m
[35m[HTTP][39m [90m{}[39m
[35m[HTTP][39m [37m<-- GET /wd/hub/session/8698d6ff-14c5-4e0a-8755-fb5d2a4745f0/contexts [39m[32m200[39m [90m1136 ms - 75[39m
[35m[HTTP][39m [90m[39m
[35m[HTTP][39m [37m-->[39m [37mPOST[39m [37m/wd/hub/session/8698d6ff-14c5-4e0a-8755-fb5d2a4745f0/context[39m
[35m[HTTP][39m [90m{"name":"NATIVE_APP"}[39m
[35m[HTTP][39m [37m<-- POST /wd/hub/session/8698d6ff-14c5-4e0a-8755-fb5d2a4745f0/context [39m[32m200[39m [90m7 ms - 14[39m
[35m[HTTP][39m [90m[39m
[35m[HTTP][39m [37m-->[39m [37mGET[39m [37m/wd/hub/session/8698d6ff-14c5-4e0a-8755-fb5d2a4745f0/window/rect[39m
[35m[HTTP][39m [90m{}[39m
[35m[HTTP][39m [37m<-- GET /wd/hub/session/8698d6ff-14c5-4e0a-8755-fb5d2a4745f0/window/rect [39m[32m200[39m [90m250 ms - 50[39m
[35m[HTTP][39m [90m[39m
[35m[HTTP][39m [37m-->[39m [37mPOST[39m [37m/wd/hub/session/8698d6ff-14c5-4e0a-8755-fb5d2a4745f0/context[39m
[35m[HTTP][39m [90m{"name":"NATIVE_APP"}[39m
[35m[HTTP][39m [37m<-- POST /wd/hub/session/8698d6ff-14c5-4e0a-8755-fb5d2a4745f0/context [39m[32m200[39m [90m5 ms - 14[39m
[35m[HTTP][39m [90m[39m
[35m[HTTP][39m [37m-->[39m [37mGET[39m [37m/wd/hub/session/8698d6ff-14c5-4e0a-8755-fb5d2a4745f0/context[39m
[35m[HTTP][39m [90m{}[39m
[35m[HTTP][39m [37m<-- GET /wd/hub/session/8698d6ff-14c5-4e0a-8755-fb5d2a4745f0/context [39m[32m200[39m [90m5 ms - 22[39m
[35m[HTTP][39m [90m[39m
[35m[HTTP][39m [37m-->[39m [37mGET[39m [37m/wd/hub/session/8698d6ff-14c5-4e0a-8755-fb5d2a4745f0/contexts[39m
[35m[HTTP][39m [90m{}[39m
[35m[HTTP][39m [37m<-- GET /wd/hub/session/8698d6ff-14c5-4e0a-8755-fb5d2a4745f0/contexts [39m[32m200[39m [90m1060 ms - 75[39m
[35m[HTTP][39m [90m[39m
[35m[HTTP][39m [37m-->[39m [37mPOST[39m [37m/wd/hub/session/8698d6ff-14c5-4e0a-8755-fb5d2a4745f0/context[39m
[35m[HTTP][39m [90m{"name":"NATIVE_APP"}[39m
[35m[HTTP][39m [37m<-- POST /wd/hub/session/8698d6ff-14c5-4e0a-8755-fb5d2a4745f0/context [39m[32m200[39m [90m5 ms - 14[39m
[35m[HTTP][39m [90m[39m
[35m[HTTP][39m [37m-->[39m [37mGET[39m [37m/wd/hub/session/8698d6ff-14c5-4e0a-8755-fb5d2a4745f0/window/rect[39m
[35m[HTTP][39m [90m{}[39m
[35m[HTTP][39m [37m<-- GET /wd/hub/session/8698d6ff-14c5-4e0a-8755-fb5d2a4745f0/window/rect [39m[32m200[39m [90m63 ms - 50[39m
[35m[HTTP][39m [90m[39m
[35m[HTTP][39m [37m-->[39m [37mPOST[39m [37m/wd/hub/session/8698d6ff-14c5-4e0a-8755-fb5d2a4745f0/context[39m
[35m[HTTP][39m [90m{"name":"NATIVE_APP"}[39m
[35m[HTTP][39m [37m<-- POST /wd/hub/session/8698d6ff-14c5-4e0a-8755-fb5d2a4745f0/context [39m[32m200[39m [90m5 ms - 14[39m
[35m[HTTP][39m [90m[39m
[35m[HTTP][39m [37m-->[39m [37mGET[39m [37m/wd/hub/session/8698d6ff-14c5-4e0a-8755-fb5d2a4745f0/context[39m
[35m[HTTP][39m [90m{}[39m
[35m[HTTP][39m [37m<-- GET /wd/hub/session/8698d6ff-14c5-4e0a-8755-fb5d2a4745f0/context [39m[32m200[39m [90m5 ms - 22[39m
[35m[HTTP][39m [90m[39m
[35m[HTTP][39m [37m-->[39m [37mGET[39m [37m/wd/hub/session/8698d6ff-14c5-4e0a-8755-fb5d2a4745f0/contexts[39m
[35m[HTTP][39m [90m{}[39m
[35m[HTTP][39m [37m<-- GET /wd/hub/session/8698d6ff-14c5-4e0a-8755-fb5d2a4745f0/contexts [39m[32m200[39m [90m1479 ms - 75[39m
[35m[HTTP][39m [90m[39m
[35m[HTTP][39m [37m-->[39m [37mPOST[39m [37m/wd/hub/session/8698d6ff-14c5-4e0a-8755-fb5d2a4745f0/context[39m
[35m[HTTP][39m [90m{"name":"NATIVE_APP"}[39m
[35m[HTTP][39m [37m<-- POST /wd/hub/session/8698d6ff-14c5-4e0a-8755-fb5d2a4745f0/context [39m[32m200[39m [90m5 ms - 14[39m
[35m[HTTP][39m [90m[39m
[35m[HTTP][39m [37m-->[39m [37mPOST[39m [37m/wd/hub/session/8698d6ff-14c5-4e0a-8755-fb5d2a4745f0/touch/perform[39m
[35m[HTTP][39m [90m{"actions":[{"action":"press","options":{"x":971,"y":1640}},{"action":"wait","options":{"ms":500}},{"action":"moveTo","options":{"x":324,"y":1640}},{"action":"release","options":{}}]}[39m
[35m[HTTP][39m [37m<-- POST /wd/hub/session/8698d6ff-14c5-4e0a-8755-fb5d2a4745f0/touch/perform [39m[32m200[39m [90m1657 ms - 14[39m
[35m[HTTP][39m [90m[39m
[35m[HTTP][39m [37m-->[39m [37mPOST[39m [37m/wd/hub/session/8698d6ff-14c5-4e0a-8755-fb5d2a4745f0/context[39m
[35m[HTTP][39m [90m{"name":"NATIVE_APP"}[39m
[35m[HTTP][39m [37m<-- POST /wd/hub/session/8698d6ff-14c5-4e0a-8755-fb5d2a4745f0/context [39m[32m200[39m [90m4 ms - 14[39m
[35m[HTTP][39m [90m[39m
[35m[HTTP][39m [37m-->[39m [37mGET[39m [37m/wd/hub/session/8698d6ff-14c5-4e0a-8755-fb5d2a4745f0/context[39m
[35m[HTTP][39m [90m{}[39m
[35m[HTTP][39m [37m<-- GET /wd/hub/session/8698d6ff-14c5-4e0a-8755-fb5d2a4745f0/context [39m[32m200[39m [90m4 ms - 22[39m
[35m[HTTP][39m [90m[39m
[35m[HTTP][39m [37m-->[39m [37mGET[39m [37m/wd/hub/session/8698d6ff-14c5-4e0a-8755-fb5d2a4745f0/contexts[39m
[35m[HTTP][39m [90m{}[39m
[35m[HTTP][39m [37m<-- GET /wd/hub/session/8698d6ff-14c5-4e0a-8755-fb5d2a4745f0/contexts [39m[32m200[39m [90m1142 ms - 75[39m
[35m[HTTP][39m [90m[39m
[35m[HTTP][39m [37m-->[39m [37mPOST[39m [37m/wd/hub/session/8698d6ff-14c5-4e0a-8755-fb5d2a4745f0/context[39m
[35m[HTTP][39m [90m{"name":"NATIVE_APP"}[39m
[35m[HTTP][39m [37m<-- POST /wd/hub/session/8698d6ff-14c5-4e0a-8755-fb5d2a4745f0/context [39m[32m200[39m [90m6 ms - 14[39m
[35m[HTTP][39m [90m[39m
[35m[HTTP][39m [37m-->[39m [37mGET[39m [37m/wd/hub/session/8698d6ff-14c5-4e0a-8755-fb5d2a4745f0/window/rect[39m
[35m[HTTP][39m [90m{}[39m
[35m[HTTP][39m [37m<-- GET /wd/hub/session/8698d6ff-14c5-4e0a-8755-fb5d2a4745f0/window/rect [39m[32m200[39m [90m55 ms - 50[39m
[35m[HTTP][39m [90m[39m
[35m[HTTP][39m [37m-->[39m [37mPOST[39m [37m/wd/hub/session/8698d6ff-14c5-4e0a-8755-fb5d2a4745f0/context[39m
[35m[HTTP][39m [90m{"name":"NATIVE_APP"}[39m
[35m[HTTP][39m [37m<-- POST /wd/hub/session/8698d6ff-14c5-4e0a-8755-fb5d2a4745f0/context [39m[32m200[39m [90m8 ms - 14[39m
[35m[HTTP][39m [90m[39m
[35m[HTTP][39m [37m-->[39m [37mGET[39m [37m/wd/hub/session/8698d6ff-14c5-4e0a-8755-fb5d2a4745f0/context[39m
[35m[HTTP][39m [90m{}[39m
[35m[HTTP][39m [37m<-- GET /wd/hub/session/8698d6ff-14c5-4e0a-8755-fb5d2a4745f0/context [39m[32m200[39m [90m4 ms - 22[39m
[35m[HTTP][39m [90m[39m
[35m[HTTP][39m [37m-->[39m [37mGET[39m [37m/wd/hub/session/8698d6ff-14c5-4e0a-8755-fb5d2a4745f0/contexts[39m
[35m[HTTP][39m [90m{}[39m
[35m[HTTP][39m [37m<-- GET /wd/hub/session/8698d6ff-14c5-4e0a-8755-fb5d2a4745f0/contexts [39m[32m200[39m [90m998 ms - 75[39m
[35m[HTTP][39m [90m[39m
[35m[HTTP][39m [37m-->[39m [37mPOST[39m [37m/wd/hub/session/8698d6ff-14c5-4e0a-8755-fb5d2a4745f0/context[39m
[35m[HTTP][39m [90m{"name":"NATIVE_APP"}[39m
[35m[HTTP][39m [37m<-- POST /wd/hub/session/8698d6ff-14c5-4e0a-8755-fb5d2a4745f0/context [39m[32m200[39m [90m4 ms - 14[39m
[35m[HTTP][39m [90m[39m
[35m[HTTP][39m [37m-->[39m [37mGET[39m [37m/wd/hub/session/8698d6ff-14c5-4e0a-8755-fb5d2a4745f0/window/rect[39m
[35m[HTTP][39m [90m{}[39m
[35m[HTTP][39m [37m<-- GET /wd/hub/session/8698d6ff-14c5-4e0a-8755-fb5d2a4745f0/window/rect [39m[32m200[39m [90m56 ms - 50[39m
[35m[HTTP][39m [90m[39m
[35m[HTTP][39m [37m-->[39m [37mPOST[39m [37m/wd/hub/session/8698d6ff-14c5-4e0a-8755-fb5d2a4745f0/context[39m
[35m[HTTP][39m [90m{"name":"NATIVE_APP"}[39m
[35m[HTTP][39m [37m<-- POST /wd/hub/session/8698d6ff-14c5-4e0a-8755-fb5d2a4745f0/context [39m[32m200[39m [90m10 ms - 14[39m
[35m[HTTP][39m [90m[39m
[35m[HTTP][39m [37m-->[39m [37mGET[39m [37m/wd/hub/session/8698d6ff-14c5-4e0a-8755-fb5d2a4745f0/context[39m
[35m[HTTP][39m [90m{}[39m
[35m[HTTP][39m [37m<-- GET /wd/hub/session/8698d6ff-14c5-4e0a-8755-fb5d2a4745f0/context [39m[32m200[39m [90m10 ms - 22[39m
[35m[HTTP][39m [90m[39m
[35m[HTTP][39m [37m-->[39m [37mGET[39m [37m/wd/hub/session/8698d6ff-14c5-4e0a-8755-fb5d2a4745f0/contexts[39m
[35m[HTTP][39m [90m{}[39m
[35m[HTTP][39m [37m<-- GET /wd/hub/session/8698d6ff-14c5-4e0a-8755-fb5d2a4745f0/contexts [39m[32m200[39m [90m1730 ms - 75[39m
[35m[HTTP][39m [90m[39m
[35m[HTTP][39m [37m-->[39m [37mPOST[39m [37m/wd/hub/session/8698d6ff-14c5-4e0a-8755-fb5d2a4745f0/context[39m
[35m[HTTP][39m [90m{"name":"NATIVE_APP"}[39m
[35m[HTTP][39m [37m<-- POST /wd/hub/session/8698d6ff-14c5-4e0a-8755-fb5d2a4745f0/context [39m[32m200[39m [90m8 ms - 14[39m
[35m[HTTP][39m [90m[39m
[35m[HTTP][39m [37m-->[39m [37mPOST[39m [37m/wd/hub/session/8698d6ff-14c5-4e0a-8755-fb5d2a4745f0/touch/perform[39m
[35m[HTTP][39m [90m{"actions":[{"action":"press","options":{"x":971,"y":1640}},{"action":"wait","options":{"ms":500}},{"action":"moveTo","options":{"x":324,"y":1640}},{"action":"release","options":{}}]}[39m
[35m[HTTP][39m [37m<-- POST /wd/hub/session/8698d6ff-14c5-4e0a-8755-fb5d2a4745f0/touch/perform [39m[32m200[39m [90m4118 ms - 14[39m
[35m[HTTP][39m [90m[39m
[35m[HTTP][39m [37m-->[39m [37mPOST[39m [37m/wd/hub/session/8698d6ff-14c5-4e0a-8755-fb5d2a4745f0/context[39m
[35m[HTTP][39m [90m{"name":"NATIVE_APP"}[39m
[35m[HTTP][39m [37m<-- POST /wd/hub/session/8698d6ff-14c5-4e0a-8755-fb5d2a4745f0/context [39m[32m200[39m [90m4 ms - 14[39m
[35m[HTTP][39m [90m[39m
[35m[HTTP][39m [37m-->[39m [37mPOST[39m [37m/wd/hub/session/8698d6ff-14c5-4e0a-8755-fb5d2a4745f0/timeouts[39m
[35m[HTTP][39m [90m{"implicit":50}[39m
[35m[HTTP][39m [37m<-- POST /wd/hub/session/8698d6ff-14c5-4e0a-8755-fb5d2a4745f0/timeouts [39m[32m200[39m [90m7 ms - 14[39m
[35m[HTTP][39m [90m[39m
[35m[HTTP][39m [37m-->[39m [37mGET[39m [37m/wd/hub/session/8698d6ff-14c5-4e0a-8755-fb5d2a4745f0/window/rect[39m
[35m[HTTP][39m [90m{}[39m
[35m[HTTP][39m [37m<-- GET /wd/hub/session/8698d6ff-14c5-4e0a-8755-fb5d2a4745f0/window/rect [39m[32m200[39m [90m47 ms - 50[39m
[35m[HTTP][39m [90m[39m
[35m[HTTP][39m [37m-->[39m [37mPOST[39m [37m/wd/hub/session/8698d6ff-14c5-4e0a-8755-fb5d2a4745f0/elements[39m
[35m[HTTP][39m [90m{"using":"-android uiautomator","value":"new UiSelector().className(\"android.view.View\").text(\"Lihat Semua Event Hari Ini\")"}[39m
[35m[HTTP][39m [37m<-- POST /wd/hub/session/8698d6ff-14c5-4e0a-8755-fb5d2a4745f0/elements [39m[32m200[39m [90m3116 ms - 139[39m
[35m[HTTP][39m [90m[39m
[35m[HTTP][39m [37m-->[39m [37mGET[39m [37m/wd/hub/session/8698d6ff-14c5-4e0a-8755-fb5d2a4745f0/element/15cc6c9a-6c2f-42ce-803e-d52180b66075/location[39m
[35m[HTTP][39m [90m{}[39m
[35m[W3C (8698d6ff)][39m Driver proxy active, passing request on via HTTP proxy
[35m[WD Proxy][39m Replacing sessionId 01eb780d-e04e-4222-a307-d8072217258d with 8698d6ff-14c5-4e0a-8755-fb5d2a4745f0
[35m[HTTP][39m [37m<-- GET /wd/hub/session/8698d6ff-14c5-4e0a-8755-fb5d2a4745f0/element/15cc6c9a-6c2f-42ce-803e-d52180b66075/location [39m[32m200[39m [90m239 ms - 91[39m
[35m[HTTP][39m [90m[39m
[35m[HTTP][39m [37m-->[39m [37mPOST[39m [37m/wd/hub/session/8698d6ff-14c5-4e0a-8755-fb5d2a4745f0/timeouts[39m
[35m[HTTP][39m [90m{"implicit":60000}[39m
[35m[HTTP][39m [37m<-- POST /wd/hub/session/8698d6ff-14c5-4e0a-8755-fb5d2a4745f0/timeouts [39m[32m200[39m [90m6 ms - 14[39m
[35m[HTTP][39m [90m[39m
[35m[HTTP][39m [37m-->[39m [37mPOST[39m [37m/wd/hub/session/8698d6ff-14c5-4e0a-8755-fb5d2a4745f0/touch/perform[39m
[35m[HTTP][39m [90m{"actions":[{"action":"tap","options":{"x":1,"y":1,"element":"15cc6c9a-6c2f-42ce-803e-d52180b66075"}},{"action":"release","options":{}}]}[39m
[35m[UiAutomator2][39m calling get location: 15cc6c9a-6c2f-42ce-803e-d52180b66075
[35m[HTTP][39m [37m<-- POST /wd/hub/session/8698d6ff-14c5-4e0a-8755-fb5d2a4745f0/touch/perform [39m[32m200[39m [90m1533 ms - 14[39m
[35m[HTTP][39m [90m[39m
[35m[HTTP][39m [37m-->[39m [37mGET[39m [37m/wd/hub/session/8698d6ff-14c5-4e0a-8755-fb5d2a4745f0/context[39m
[35m[HTTP][39m [90m{}[39m
[35m[HTTP][39m [37m<-- GET /wd/hub/session/8698d6ff-14c5-4e0a-8755-fb5d2a4745f0/context [39m[32m200[39m [90m6 ms - 22[39m
[35m[HTTP][39m [90m[39m
[35m[HTTP][39m [37m-->[39m [37mGET[39m [37m/wd/hub/session/8698d6ff-14c5-4e0a-8755-fb5d2a4745f0/contexts[39m
[35m[HTTP][39m [90m{}[39m
[35m[HTTP][39m [37m<-- GET /wd/hub/session/8698d6ff-14c5-4e0a-8755-fb5d2a4745f0/contexts [39m[32m200[39m [90m698 ms - 75[39m
[35m[HTTP][39m [90m[39m
[35m[HTTP][39m [37m-->[39m [37mPOST[39m [37m/wd/hub/session/8698d6ff-14c5-4e0a-8755-fb5d2a4745f0/context[39m
[35m[HTTP][39m [90m{"name":"NATIVE_APP"}[39m
[35m[HTTP][39m [37m<-- POST /wd/hub/session/8698d6ff-14c5-4e0a-8755-fb5d2a4745f0/context [39m[32m200[39m [90m7 ms - 14[39m
[35m[HTTP][39m [90m[39m
[35m[HTTP][39m [37m-->[39m [37mGET[39m [37m/wd/hub/session/8698d6ff-14c5-4e0a-8755-fb5d2a4745f0/window/rect[39m
[35m[HTTP][39m [90m{}[39m
[35m[HTTP][39m [37m<-- GET /wd/hub/session/8698d6ff-14c5-4e0a-8755-fb5d2a4745f0/window/rect [39m[32m200[39m [90m126 ms - 50[39m
[35m[HTTP][39m [90m[39m
[35m[HTTP][39m [37m-->[39m [37mPOST[39m [37m/wd/hub/session/8698d6ff-14c5-4e0a-8755-fb5d2a4745f0/context[39m
[35m[HTTP][39m [90m{"name":"NATIVE_APP"}[39m
[35m[HTTP][39m [37m<-- POST /wd/hub/session/8698d6ff-14c5-4e0a-8755-fb5d2a4745f0/context [39m[32m200[39m [90m10 ms - 14[39m
[35m[HTTP][39m [90m[39m
[35m[HTTP][39m [37m-->[39m [37mGET[39m [37m/wd/hub/session/8698d6ff-14c5-4e0a-8755-fb5d2a4745f0/context[39m
[35m[HTTP][39m [90m{}[39m
[35m[HTTP][39m [37m<-- GET /wd/hub/session/8698d6ff-14c5-4e0a-8755-fb5d2a4745f0/context [39m[32m200[39m [90m4 ms - 22[39m
[35m[HTTP][39m [90m[39m
[35m[HTTP][39m [37m-->[39m [37mGET[39m [37m/wd/hub/session/8698d6ff-14c5-4e0a-8755-fb5d2a4745f0/contexts[39m
[35m[HTTP][39m [90m{}[39m
[35m[HTTP][39m [37m<-- GET /wd/hub/session/8698d6ff-14c5-4e0a-8755-fb5d2a4745f0/contexts [39m[32m200[39m [90m1325 ms - 75[39m
[35m[HTTP][39m [90m[39m
[35m[HTTP][39m [37m-->[39m [37mPOST[39m [37m/wd/hub/session/8698d6ff-14c5-4e0a-8755-fb5d2a4745f0/context[39m
[35m[HTTP][39m [90m{"name":"NATIVE_APP"}[39m
[35m[HTTP][39m [37m<-- POST /wd/hub/session/8698d6ff-14c5-4e0a-8755-fb5d2a4745f0/context [39m[32m200[39m [90m4 ms - 14[39m
[35m[HTTP][39m [90m[39m
[35m[HTTP][39m [37m-->[39m [37mGET[39m [37m/wd/hub/session/8698d6ff-14c5-4e0a-8755-fb5d2a4745f0/window/rect[39m
[35m[HTTP][39m [90m{}[39m
[35m[HTTP][39m [37m<-- GET /wd/hub/session/8698d6ff-14c5-4e0a-8755-fb5d2a4745f0/window/rect [39m[32m200[39m [90m67 ms - 50[39m
[35m[HTTP][39m [90m[39m
[35m[HTTP][39m [37m-->[39m [37mPOST[39m [37m/wd/hub/session/8698d6ff-14c5-4e0a-8755-fb5d2a4745f0/context[39m
[35m[HTTP][39m [90m{"name":"NATIVE_APP"}[39m
[35m[HTTP][39m [37m<-- POST /wd/hub/session/8698d6ff-14c5-4e0a-8755-fb5d2a4745f0/context [39m[32m200[39m [90m7 ms - 14[39m
[35m[HTTP][39m [90m[39m
[35m[HTTP][39m [37m-->[39m [37mGET[39m [37m/wd/hub/session/8698d6ff-14c5-4e0a-8755-fb5d2a4745f0/context[39m
[35m[HTTP][39m [90m{}[39m
[35m[HTTP][39m [37m<-- GET /wd/hub/session/8698d6ff-14c5-4e0a-8755-fb5d2a4745f0/context [39m[32m200[39m [90m3 ms - 22[39m
[35m[HTTP][39m [90m[39m
[35m[HTTP][39m [37m-->[39m [37mGET[39m [37m/wd/hub/session/8698d6ff-14c5-4e0a-8755-fb5d2a4745f0/contexts[39m
[35m[HTTP][39m [90m{}[39m
[35m[HTTP][39m [37m<-- GET /wd/hub/session/8698d6ff-14c5-4e0a-8755-fb5d2a4745f0/contexts [39m[32m200[39m [90m827 ms - 75[39m
[35m[HTTP][39m [90m[39m
[35m[HTTP][39m [37m-->[39m [37mPOST[39m [37m/wd/hub/session/8698d6ff-14c5-4e0a-8755-fb5d2a4745f0/context[39m
[35m[HTTP][39m [90m{"name":"NATIVE_APP"}[39m
[35m[HTTP][39m [37m<-- POST /wd/hub/session/8698d6ff-14c5-4e0a-8755-fb5d2a4745f0/context [39m[32m200[39m [90m4 ms - 14[39m
[35m[HTTP][39m [90m[39m
[35m[HTTP][39m [37m-->[39m [37mPOST[39m [37m/wd/hub/session/8698d6ff-14c5-4e0a-8755-fb5d2a4745f0/touch/perform[39m
[35m[HTTP][39m [90m{"actions":[{"action":"press","options":{"x":540,"y":1614}},{"action":"wait","options":{"ms":500}},{"action":"moveTo","options":{"x":540,"y":897}},{"action":"release","options":{}}]}[39m
[35m[HTTP][39m [37m<-- POST /wd/hub/session/8698d6ff-14c5-4e0a-8755-fb5d2a4745f0/touch/perform [39m[32m200[39m [90m2779 ms - 14[39m
[35m[HTTP][39m [90m[39m
[35m[HTTP][39m [37m-->[39m [37mPOST[39m [37m/wd/hub/session/8698d6ff-14c5-4e0a-8755-fb5d2a4745f0/context[39m
[35m[HTTP][39m [90m{"name":"NATIVE_APP"}[39m
[35m[HTTP][39m [37m<-- POST /wd/hub/session/8698d6ff-14c5-4e0a-8755-fb5d2a4745f0/context [39m[32m200[39m [90m6 ms - 14[39m
[35m[HTTP][39m [90m[39m
[35m[HTTP][39m [37m-->[39m [37mPOST[39m [37m/wd/hub/session/8698d6ff-14c5-4e0a-8755-fb5d2a4745f0/timeouts[39m
[35m[HTTP][39m [90m{"implicit":50}[39m
[35m[HTTP][39m [37m<-- POST /wd/hub/session/8698d6ff-14c5-4e0a-8755-fb5d2a4745f0/timeouts [39m[32m200[39m [90m4 ms - 14[39m
[35m[HTTP][39m [90m[39m
[35m[HTTP][39m [37m-->[39m [37mGET[39m [37m/wd/hub/session/8698d6ff-14c5-4e0a-8755-fb5d2a4745f0/window/rect[39m
[35m[HTTP][39m [90m{}[39m
[35m[HTTP][39m [37m<-- GET /wd/hub/session/8698d6ff-14c5-4e0a-8755-fb5d2a4745f0/window/rect [39m[32m200[39m [90m109 ms - 50[39m
[35m[HTTP][39m [90m[39m
[35m[HTTP][39m [37m-->[39m [37mPOST[39m [37m/wd/hub/session/8698d6ff-14c5-4e0a-8755-fb5d2a4745f0/elements[39m
[35m[HTTP][39m [90m{"using":"-android uiautomator","value":"new UiSelector().className(\"android.view.View\").text(\"IBID - Tekor Awal Tahun\")"}[39m
[35m[HTTP][39m [37m<-- POST /wd/hub/session/8698d6ff-14c5-4e0a-8755-fb5d2a4745f0/elements [39m[32m200[39m [90m949 ms - 12[39m
[35m[HTTP][39m [90m[39m
[35m[HTTP][39m [37m-->[39m [37mPOST[39m [37m/wd/hub/session/8698d6ff-14c5-4e0a-8755-fb5d2a4745f0/elements[39m
[35m[HTTP][39m [90m{"using":"-android uiautomator","value":"new UiSelector().className(\"android.view.View\").text(\"IBID - Tekor Awal Tahun\")"}[39m
[35m[HTTP][39m [37m<-- POST /wd/hub/session/8698d6ff-14c5-4e0a-8755-fb5d2a4745f0/elements [39m[32m200[39m [90m996 ms - 12[39m
[35m[HTTP][39m [90m[39m
[35m[HTTP][39m [37m-->[39m [37mPOST[39m [37m/wd/hub/session/8698d6ff-14c5-4e0a-8755-fb5d2a4745f0/elements[39m
[35m[HTTP][39m [90m{"using":"-android uiautomator","value":"new UiSelector().className(\"android.view.View\").text(\"IBID - Tekor Awal Tahun\")"}[39m
[35m[HTTP][39m [37m<-- POST /wd/hub/session/8698d6ff-14c5-4e0a-8755-fb5d2a4745f0/elements [39m[32m200[39m [90m1171 ms - 12[39m
[35m[HTTP][39m [90m[39m
[35m[HTTP][39m [37m-->[39m [37mPOST[39m [37m/wd/hub/session/8698d6ff-14c5-4e0a-8755-fb5d2a4745f0/elements[39m
[35m[HTTP][39m [90m{"using":"-android uiautomator","value":"new UiSelector().className(\"android.view.View\").text(\"IBID - Tekor Awal Tahun\")"}[39m
[35m[HTTP][39m [37m<-- POST /wd/hub/session/8698d6ff-14c5-4e0a-8755-fb5d2a4745f0/elements [39m[32m200[39m [90m1336 ms - 12[39m
[35m[HTTP][39m [90m[39m
[35m[HTTP][39m [37m-->[39m [37mPOST[39m [37m/wd/hub/session/8698d6ff-14c5-4e0a-8755-fb5d2a4745f0/elements[39m
[35m[HTTP][39m [90m{"using":"-android uiautomator","value":"new UiSelector().className(\"android.view.View\").text(\"IBID - Tekor Awal Tahun\")"}[39m
[35m[HTTP][39m [37m<-- POST /wd/hub/session/8698d6ff-14c5-4e0a-8755-fb5d2a4745f0/elements [39m[32m200[39m [90m972 ms - 12[39m
[35m[HTTP][39m [90m[39m
[35m[HTTP][39m [37m-->[39m [37mPOST[39m [37m/wd/hub/session/8698d6ff-14c5-4e0a-8755-fb5d2a4745f0/elements[39m
[35m[HTTP][39m [90m{"using":"-android uiautomator","value":"new UiSelector().className(\"android.view.View\").text(\"IBID - Tekor Awal Tahun\")"}[39m
[35m[HTTP][39m [37m<-- POST /wd/hub/session/8698d6ff-14c5-4e0a-8755-fb5d2a4745f0/elements [39m[32m200[39m [90m415 ms - 12[39m
[35m[HTTP][39m [90m[39m
[35m[HTTP][39m [37m-->[39m [37mPOST[39m [37m/wd/hub/session/8698d6ff-14c5-4e0a-8755-fb5d2a4745f0/elements[39m
[35m[HTTP][39m [90m{"using":"-android uiautomator","value":"new UiSelector().className(\"android.view.View\").text(\"IBID - Tekor Awal Tahun\")"}[39m
[35m[HTTP][39m [37m<-- POST /wd/hub/session/8698d6ff-14c5-4e0a-8755-fb5d2a4745f0/elements [39m[32m200[39m [90m442 ms - 12[39m
[35m[HTTP][39m [90m[39m
[35m[HTTP][39m [37m-->[39m [37mPOST[39m [37m/wd/hub/session/8698d6ff-14c5-4e0a-8755-fb5d2a4745f0/elements[39m
[35m[HTTP][39m [90m{"using":"-android uiautomator","value":"new UiSelector().className(\"android.view.View\").text(\"IBID - Tekor Awal Tahun\")"}[39m
[35m[HTTP][39m [37m<-- POST /wd/hub/session/8698d6ff-14c5-4e0a-8755-fb5d2a4745f0/elements [39m[32m200[39m [90m1053 ms - 139[39m
[35m[HTTP][39m [90m[39m
[35m[HTTP][39m [37m-->[39m [37mGET[39m [37m/wd/hub/session/8698d6ff-14c5-4e0a-8755-fb5d2a4745f0/element/cff2027f-5d47-4e37-baed-2e5671a59856/location[39m
[35m[HTTP][39m [90m{}[39m
[35m[W3C (8698d6ff)][39m Driver proxy active, passing request on via HTTP proxy
[35m[WD Proxy][39m Replacing sessionId 01eb780d-e04e-4222-a307-d8072217258d with 8698d6ff-14c5-4e0a-8755-fb5d2a4745f0
[35m[HTTP][39m [37m<-- GET /wd/hub/session/8698d6ff-14c5-4e0a-8755-fb5d2a4745f0/element/cff2027f-5d47-4e37-baed-2e5671a59856/location [39m[32m200[39m [90m115 ms - 89[39m
[35m[HTTP][39m [90m[39m
[35m[HTTP][39m [37m-->[39m [37mPOST[39m [37m/wd/hub/session/8698d6ff-14c5-4e0a-8755-fb5d2a4745f0/timeouts[39m
[35m[HTTP][39m [90m{"implicit":60000}[39m
[35m[HTTP][39m [37m<-- POST /wd/hub/session/8698d6ff-14c5-4e0a-8755-fb5d2a4745f0/timeouts [39m[32m200[39m [90m5 ms - 14[39m
[35m[HTTP][39m [90m[39m
[35m[HTTP][39m [37m-->[39m [37mPOST[39m [37m/wd/hub/session/8698d6ff-14c5-4e0a-8755-fb5d2a4745f0/touch/perform[39m
[35m[HTTP][39m [90m{"actions":[{"action":"tap","options":{"x":1,"y":1,"element":"cff2027f-5d47-4e37-baed-2e5671a59856"}},{"action":"release","options":{}}]}[39m
[35m[UiAutomator2][39m calling get location: cff2027f-5d47-4e37-baed-2e5671a59856
[35m[HTTP][39m [37m<-- POST /wd/hub/session/8698d6ff-14c5-4e0a-8755-fb5d2a4745f0/touch/perform [39m[32m200[39m [90m1024 ms - 14[39m
[35m[HTTP][39m [90m[39m
[35m[HTTP][39m [37m-->[39m [37mPOST[39m [37m/wd/hub/session/8698d6ff-14c5-4e0a-8755-fb5d2a4745f0/timeouts[39m
[35m[HTTP][39m [90m{"implicit":50}[39m
[35m[HTTP][39m [37m<-- POST /wd/hub/session/8698d6ff-14c5-4e0a-8755-fb5d2a4745f0/timeouts [39m[32m200[39m [90m6 ms - 14[39m
[35m[HTTP][39m [90m[39m
[35m[HTTP][39m [37m-->[39m [37mGET[39m [37m/wd/hub/session/8698d6ff-14c5-4e0a-8755-fb5d2a4745f0/window/rect[39m
[35m[HTTP][39m [90m{}[39m
[35m[HTTP][39m [37m<-- GET /wd/hub/session/8698d6ff-14c5-4e0a-8755-fb5d2a4745f0/window/rect [39m[32m200[39m [90m63 ms - 50[39m
[35m[HTTP][39m [90m[39m
[35m[HTTP][39m [37m-->[39m [37mPOST[39m [37m/wd/hub/session/8698d6ff-14c5-4e0a-8755-fb5d2a4745f0/elements[39m
[35m[HTTP][39m [90m{"using":"-android uiautomator","value":"new UiSelector().className(\"android.widget.Button\").text(\"Ikut Lelang\")"}[39m
[35m[HTTP][39m [37m<-- POST /wd/hub/session/8698d6ff-14c5-4e0a-8755-fb5d2a4745f0/elements [39m[32m200[39m [90m254 ms - 12[39m
[35m[HTTP][39m [90m[39m
[35m[HTTP][39m [37m-->[39m [37mPOST[39m [37m/wd/hub/session/8698d6ff-14c5-4e0a-8755-fb5d2a4745f0/elements[39m
[35m[HTTP][39m [90m{"using":"-android uiautomator","value":"new UiSelector().className(\"android.widget.Button\").text(\"Ikut Lelang\")"}[39m
[35m[HTTP][39m [37m<-- POST /wd/hub/session/8698d6ff-14c5-4e0a-8755-fb5d2a4745f0/elements [39m[32m200[39m [90m184 ms - 12[39m
[35m[HTTP][39m [90m[39m
[35m[HTTP][39m [37m-->[39m [37mPOST[39m [37m/wd/hub/session/8698d6ff-14c5-4e0a-8755-fb5d2a4745f0/elements[39m
[35m[HTTP][39m [90m{"using":"-android uiautomator","value":"new UiSelector().className(\"android.widget.Button\").text(\"Ikut Lelang\")"}[39m
[35m[HTTP][39m [37m<-- POST /wd/hub/session/8698d6ff-14c5-4e0a-8755-fb5d2a4745f0/elements [39m[32m200[39m [90m179 ms - 12[39m
[35m[HTTP][39m [90m[39m
[35m[HTTP][39m [37m-->[39m [37mPOST[39m [37m/wd/hub/session/8698d6ff-14c5-4e0a-8755-fb5d2a4745f0/elements[39m
[35m[HTTP][39m [90m{"using":"-android uiautomator","value":"new UiSelector().className(\"android.widget.Button\").text(\"Ikut Lelang\")"}[39m
[35m[HTTP][39m [37m<-- POST /wd/hub/session/8698d6ff-14c5-4e0a-8755-fb5d2a4745f0/elements [39m[32m200[39m [90m174 ms - 12[39m
[35m[HTTP][39m [90m[39m
[35m[HTTP][39m [37m-->[39m [37mPOST[39m [37m/wd/hub/session/8698d6ff-14c5-4e0a-8755-fb5d2a4745f0/elements[39m
[35m[HTTP][39m [90m{"using":"-android uiautomator","value":"new UiSelector().className(\"android.widget.Button\").text(\"Ikut Lelang\")"}[39m
[35m[HTTP][39m [37m<-- POST /wd/hub/session/8698d6ff-14c5-4e0a-8755-fb5d2a4745f0/elements [39m[32m200[39m [90m189 ms - 12[39m
[35m[HTTP][39m [90m[39m
[35m[HTTP][39m [37m-->[39m [37mPOST[39m [37m/wd/hub/session/8698d6ff-14c5-4e0a-8755-fb5d2a4745f0/elements[39m
[35m[HTTP][39m [90m{"using":"-android uiautomator","value":"new UiSelector().className(\"android.widget.Button\").text(\"Ikut Lelang\")"}[39m
[35m[HTTP][39m [37m<-- POST /wd/hub/session/8698d6ff-14c5-4e0a-8755-fb5d2a4745f0/elements [39m[32m200[39m [90m191 ms - 12[39m
[35m[HTTP][39m [90m[39m
[35m[HTTP][39m [37m-->[39m [37mPOST[39m [37m/wd/hub/session/8698d6ff-14c5-4e0a-8755-fb5d2a4745f0/elements[39m
[35m[HTTP][39m [90m{"using":"-android uiautomator","value":"new UiSelector().className(\"android.widget.Button\").text(\"Ikut Lelang\")"}[39m
[35m[HTTP][39m [37m<-- POST /wd/hub/session/8698d6ff-14c5-4e0a-8755-fb5d2a4745f0/elements [39m[32m200[39m [90m165 ms - 12[39m
[35m[HTTP][39m [90m[39m
[35m[HTTP][39m [37m-->[39m [37mPOST[39m [37m/wd/hub/session/8698d6ff-14c5-4e0a-8755-fb5d2a4745f0/elements[39m
[35m[HTTP][39m [90m{"using":"-android uiautomator","value":"new UiSelector().className(\"android.widget.Button\").text(\"Ikut Lelang\")"}[39m
[35m[HTTP][39m [37m<-- POST /wd/hub/session/8698d6ff-14c5-4e0a-8755-fb5d2a4745f0/elements [39m[32m200[39m [90m202 ms - 12[39m
[35m[HTTP][39m [90m[39m
[35m[HTTP][39m [37m-->[39m [37mPOST[39m [37m/wd/hub/session/8698d6ff-14c5-4e0a-8755-fb5d2a4745f0/elements[39m
[35m[HTTP][39m [90m{"using":"-android uiautomator","value":"new UiSelector().className(\"android.widget.Button\").text(\"Ikut Lelang\")"}[39m
[35m[HTTP][39m [37m<-- POST /wd/hub/session/8698d6ff-14c5-4e0a-8755-fb5d2a4745f0/elements [39m[32m200[39m [90m178 ms - 12[39m
[35m[HTTP][39m [90m[39m
[35m[HTTP][39m [37m-->[39m [37mPOST[39m [37m/wd/hub/session/8698d6ff-14c5-4e0a-8755-fb5d2a4745f0/elements[39m
[35m[HTTP][39m [90m{"using":"-android uiautomator","value":"new UiSelector().className(\"android.widget.Button\").text(\"Ikut Lelang\")"}[39m
[35m[HTTP][39m [37m<-- POST /wd/hub/session/8698d6ff-14c5-4e0a-8755-fb5d2a4745f0/elements [39m[32m200[39m [90m180 ms - 12[39m
[35m[HTTP][39m [90m[39m
[35m[HTTP][39m [37m-->[39m [37mPOST[39m [37m/wd/hub/session/8698d6ff-14c5-4e0a-8755-fb5d2a4745f0/elements[39m
[35m[HTTP][39m [90m{"using":"-android uiautomator","value":"new UiSelector().className(\"android.widget.Button\").text(\"Ikut Lelang\")"}[39m
[35m[HTTP][39m [37m<-- POST /wd/hub/session/8698d6ff-14c5-4e0a-8755-fb5d2a4745f0/elements [39m[32m200[39m [90m205 ms - 12[39m
[35m[HTTP][39m [90m[39m
[35m[HTTP][39m [37m-->[39m [37mPOST[39m [37m/wd/hub/session/8698d6ff-14c5-4e0a-8755-fb5d2a4745f0/elements[39m
[35m[HTTP][39m [90m{"using":"-android uiautomator","value":"new UiSelector().className(\"android.widget.Button\").text(\"Ikut Lelang\")"}[39m
[35m[HTTP][39m [37m<-- POST /wd/hub/session/8698d6ff-14c5-4e0a-8755-fb5d2a4745f0/elements [39m[32m200[39m [90m181 ms - 12[39m
[35m[HTTP][39m [90m[39m
[35m[HTTP][39m [37m-->[39m [37mPOST[39m [37m/wd/hub/session/8698d6ff-14c5-4e0a-8755-fb5d2a4745f0/elements[39m
[35m[HTTP][39m [90m{"using":"-android uiautomator","value":"new UiSelector().className(\"android.widget.Button\").text(\"Ikut Lelang\")"}[39m
[35m[HTTP][39m [37m<-- POST /wd/hub/session/8698d6ff-14c5-4e0a-8755-fb5d2a4745f0/elements [39m[32m200[39m [90m203 ms - 12[39m
[35m[HTTP][39m [90m[39m
[35m[HTTP][39m [37m-->[39m [37mPOST[39m [37m/wd/hub/session/8698d6ff-14c5-4e0a-8755-fb5d2a4745f0/elements[39m
[35m[HTTP][39m [90m{"using":"-android uiautomator","value":"new UiSelector().className(\"android.widget.Button\").text(\"Ikut Lelang\")"}[39m
[35m[HTTP][39m [37m<-- POST /wd/hub/session/8698d6ff-14c5-4e0a-8755-fb5d2a4745f0/elements [39m[32m200[39m [90m183 ms - 12[39m
[35m[HTTP][39m [90m[39m
[35m[HTTP][39m [37m-->[39m [37mPOST[39m [37m/wd/hub/session/8698d6ff-14c5-4e0a-8755-fb5d2a4745f0/elements[39m
[35m[HTTP][39m [90m{"using":"-android uiautomator","value":"new UiSelector().className(\"android.widget.Button\").text(\"Ikut Lelang\")"}[39m
[35m[HTTP][39m [37m<-- POST /wd/hub/session/8698d6ff-14c5-4e0a-8755-fb5d2a4745f0/elements [39m[32m200[39m [90m168 ms - 12[39m
[35m[HTTP][39m [90m[39m
[35m[HTTP][39m [37m-->[39m [37mPOST[39m [37m/wd/hub/session/8698d6ff-14c5-4e0a-8755-fb5d2a4745f0/elements[39m
[35m[HTTP][39m [90m{"using":"-android uiautomator","value":"new UiSelector().className(\"android.widget.Button\").text(\"Ikut Lelang\")"}[39m
[35m[HTTP][39m [37m<-- POST /wd/hub/session/8698d6ff-14c5-4e0a-8755-fb5d2a4745f0/elements [39m[32m200[39m [90m228 ms - 12[39m
[35m[HTTP][39m [90m[39m
[35m[HTTP][39m [37m-->[39m [37mPOST[39m [37m/wd/hub/session/8698d6ff-14c5-4e0a-8755-fb5d2a4745f0/elements[39m
[35m[HTTP][39m [90m{"using":"-android uiautomator","value":"new UiSelector().className(\"android.widget.Button\").text(\"Ikut Lelang\")"}[39m
[35m[HTTP][39m [37m<-- POST /wd/hub/session/8698d6ff-14c5-4e0a-8755-fb5d2a4745f0/elements [39m[32m200[39m [90m202 ms - 12[39m
[35m[HTTP][39m [90m[39m
[35m[HTTP][39m [37m-->[39m [37mPOST[39m [37m/wd/hub/session/8698d6ff-14c5-4e0a-8755-fb5d2a4745f0/elements[39m
[35m[HTTP][39m [90m{"using":"-android uiautomator","value":"new UiSelector().className(\"android.widget.Button\").text(\"Ikut Lelang\")"}[39m
[35m[HTTP][39m [37m<-- POST /wd/hub/session/8698d6ff-14c5-4e0a-8755-fb5d2a4745f0/elements [39m[32m200[39m [90m213 ms - 12[39m
[35m[HTTP][39m [90m[39m
[35m[HTTP][39m [37m-->[39m [37mPOST[39m [37m/wd/hub/session/8698d6ff-14c5-4e0a-8755-fb5d2a4745f0/elements[39m
[35m[HTTP][39m [90m{"using":"-android uiautomator","value":"new UiSelector().className(\"android.widget.Button\").text(\"Ikut Lelang\")"}[39m
[35m[HTTP][39m [37m<-- POST /wd/hub/session/8698d6ff-14c5-4e0a-8755-fb5d2a4745f0/elements [39m[32m200[39m [90m246 ms - 12[39m
[35m[HTTP][39m [90m[39m
[35m[HTTP][39m [37m-->[39m [37mPOST[39m [37m/wd/hub/session/8698d6ff-14c5-4e0a-8755-fb5d2a4745f0/elements[39m
[35m[HTTP][39m [90m{"using":"-android uiautomator","value":"new UiSelector().className(\"android.widget.Button\").text(\"Ikut Lelang\")"}[39m
[35m[HTTP][39m [37m<-- POST /wd/hub/session/8698d6ff-14c5-4e0a-8755-fb5d2a4745f0/elements [39m[32m200[39m [90m254 ms - 12[39m
[35m[HTTP][39m [90m[39m
[35m[HTTP][39m [37m-->[39m [37mPOST[39m [37m/wd/hub/session/8698d6ff-14c5-4e0a-8755-fb5d2a4745f0/elements[39m
[35m[HTTP][39m [90m{"using":"-android uiautomator","value":"new UiSelector().className(\"android.widget.Button\").text(\"Ikut Lelang\")"}[39m
[35m[HTTP][39m [37m<-- POST /wd/hub/session/8698d6ff-14c5-4e0a-8755-fb5d2a4745f0/elements [39m[32m200[39m [90m282 ms - 12[39m
[35m[HTTP][39m [90m[39m
[35m[HTTP][39m [37m-->[39m [37mPOST[39m [37m/wd/hub/session/8698d6ff-14c5-4e0a-8755-fb5d2a4745f0/elements[39m
[35m[HTTP][39m [90m{"using":"-android uiautomator","value":"new UiSelector().className(\"android.widget.Button\").text(\"Ikut Lelang\")"}[39m
[35m[HTTP][39m [37m<-- POST /wd/hub/session/8698d6ff-14c5-4e0a-8755-fb5d2a4745f0/elements [39m[32m200[39m [90m259 ms - 12[39m
[35m[HTTP][39m [90m[39m
[35m[HTTP][39m [37m-->[39m [37mPOST[39m [37m/wd/hub/session/8698d6ff-14c5-4e0a-8755-fb5d2a4745f0/elements[39m
[35m[HTTP][39m [90m{"using":"-android uiautomator","value":"new UiSelector().className(\"android.widget.Button\").text(\"Ikut Lelang\")"}[39m
[35m[HTTP][39m [37m<-- POST /wd/hub/session/8698d6ff-14c5-4e0a-8755-fb5d2a4745f0/elements [39m[32m200[39m [90m213 ms - 12[39m
[35m[HTTP][39m [90m[39m
[35m[HTTP][39m [37m-->[39m [37mPOST[39m [37m/wd/hub/session/8698d6ff-14c5-4e0a-8755-fb5d2a4745f0/elements[39m
[35m[HTTP][39m [90m{"using":"-android uiautomator","value":"new UiSelector().className(\"android.widget.Button\").text(\"Ikut Lelang\")"}[39m
[35m[HTTP][39m [37m<-- POST /wd/hub/session/8698d6ff-14c5-4e0a-8755-fb5d2a4745f0/elements [39m[32m200[39m [90m203 ms - 12[39m
[35m[HTTP][39m [90m[39m
[35m[HTTP][39m [37m-->[39m [37mPOST[39m [37m/wd/hub/session/8698d6ff-14c5-4e0a-8755-fb5d2a4745f0/elements[39m
[35m[HTTP][39m [90m{"using":"-android uiautomator","value":"new UiSelector().className(\"android.widget.Button\").text(\"Ikut Lelang\")"}[39m
[35m[HTTP][39m [37m<-- POST /wd/hub/session/8698d6ff-14c5-4e0a-8755-fb5d2a4745f0/elements [39m[32m200[39m [90m203 ms - 12[39m
[35m[HTTP][39m [90m[39m
[35m[HTTP][39m [37m-->[39m [37mPOST[39m [37m/wd/hub/session/8698d6ff-14c5-4e0a-8755-fb5d2a4745f0/elements[39m
[35m[HTTP][39m [90m{"using":"-android uiautomator","value":"new UiSelector().className(\"android.widget.Button\").text(\"Ikut Lelang\")"}[39m
[35m[HTTP][39m [37m<-- POST /wd/hub/session/8698d6ff-14c5-4e0a-8755-fb5d2a4745f0/elements [39m[32m200[39m [90m181 ms - 12[39m
[35m[HTTP][39m [90m[39m
[35m[HTTP][39m [37m-->[39m [37mPOST[39m [37m/wd/hub/session/8698d6ff-14c5-4e0a-8755-fb5d2a4745f0/elements[39m
[35m[HTTP][39m [90m{"using":"-android uiautomator","value":"new UiSelector().className(\"android.widget.Button\").text(\"Ikut Lelang\")"}[39m
[35m[HTTP][39m [37m<-- POST /wd/hub/session/8698d6ff-14c5-4e0a-8755-fb5d2a4745f0/elements [39m[32m200[39m [90m270 ms - 12[39m
[35m[HTTP][39m [90m[39m
[35m[HTTP][39m [37m-->[39m [37mPOST[39m [37m/wd/hub/session/8698d6ff-14c5-4e0a-8755-fb5d2a4745f0/elements[39m
[35m[HTTP][39m [90m{"using":"-android uiautomator","value":"new UiSelector().className(\"android.widget.Button\").text(\"Ikut Lelang\")"}[39m
[35m[HTTP][39m [37m<-- POST /wd/hub/session/8698d6ff-14c5-4e0a-8755-fb5d2a4745f0/elements [39m[32m200[39m [90m288 ms - 12[39m
[35m[HTTP][39m [90m[39m
