<?xml version="1.0" encoding="UTF-8" standalone="no"?>
<!DOCTYPE log SYSTEM "logger.dtd">
<log>
<record>
  <date>2019-12-31T10:50:27</date>
  <millis>1577764227391</millis>
  <sequence>0</sequence>
  <level>START</level>
  <class>com.kms.katalon.core.logging.XmlKeywordLogger</class>
  <method>startSuite</method>
  <thread>1</thread>
  <message>Start Test Suite : Test Suites/ACC Bid</message>
  <nestedLevel>0</nestedLevel>
  <property name="name">ACC Bid</property>
  <property name="description"></property>
  <property name="id">Test Suites/ACC Bid</property>
</record>
<record>
  <date>2019-12-31T10:50:27</date>
  <millis>1577764227431</millis>
  <sequence>1</sequence>
  <level>RUN_DATA</level>
  <class>com.kms.katalon.core.logging.XmlKeywordLogger</class>
  <method>logMessage</method>
  <thread>1</thread>
  <message>hostName = ASUS - LAPTOP-D0TPACJ1</message>
  <nestedLevel>0</nestedLevel>
  <property name="hostName">ASUS - LAPTOP-D0TPACJ1</property>
</record>
<record>
  <date>2019-12-31T10:50:27</date>
  <millis>1577764227433</millis>
  <sequence>2</sequence>
  <level>RUN_DATA</level>
  <class>com.kms.katalon.core.logging.XmlKeywordLogger</class>
  <method>logMessage</method>
  <thread>1</thread>
  <message>os = Windows 10 64bit</message>
  <nestedLevel>0</nestedLevel>
  <property name="os">Windows 10 64bit</property>
</record>
<record>
  <date>2019-12-31T10:50:27</date>
  <millis>1577764227434</millis>
  <sequence>3</sequence>
  <level>RUN_DATA</level>
  <class>com.kms.katalon.core.logging.XmlKeywordLogger</class>
  <method>logMessage</method>
  <thread>1</thread>
  <message>hostAddress = 127.0.0.1</message>
  <nestedLevel>0</nestedLevel>
  <property name="hostAddress">127.0.0.1</property>
</record>
<record>
  <date>2019-12-31T10:50:27</date>
  <millis>1577764227438</millis>
  <sequence>4</sequence>
  <level>RUN_DATA</level>
  <class>com.kms.katalon.core.logging.XmlKeywordLogger</class>
  <method>logMessage</method>
  <thread>1</thread>
  <message>katalonVersion = 6.3.1.2</message>
  <nestedLevel>0</nestedLevel>
  <property name="katalonVersion">6.3.1.2</property>
</record>
<record>
  <date>2019-12-31T10:50:28</date>
  <millis>1577764228102</millis>
  <sequence>5</sequence>
  <level>START</level>
  <class>com.kms.katalon.core.logging.XmlKeywordLogger</class>
  <method>startTest</method>
  <thread>1</thread>
  <message>Start Test Case : Test Cases/Christi/New Test Case</message>
  <nestedLevel>1</nestedLevel>
  <property name="name">Test Cases/Christi/New Test Case</property>
  <property name="description"></property>
  <property name="id">Test Cases/Christi/New Test Case</property>
  <property name="source">C:\\Users\\ASUS\\git\\ACCBid-Mobile\\Test Cases\\Christi\\New Test Case.tc</property>
  <property name="tag"></property>
  <property name="isOptional">false</property>
</record>
<record>
  <date>2019-12-31T10:50:28</date>
  <millis>1577764228216</millis>
  <sequence>7</sequence>
  <level>INFO</level>
  <class>com.kms.katalon.core.logging.XmlKeywordLogger</class>
  <method>logMessage</method>
  <thread>1</thread>
  <message>jenis_bid = otomatis</message>
  <nestedLevel>1</nestedLevel>
</record>
<record>
  <date>2019-12-31T10:50:28</date>
  <millis>1577764228217</millis>
  <sequence>8</sequence>
  <level>INFO</level>
  <class>com.kms.katalon.core.logging.XmlKeywordLogger</class>
  <method>logMessage</method>
  <thread>1</thread>
  <message>harga_penawaran = 98000000</message>
  <nestedLevel>1</nestedLevel>
</record>
<record>
  <date>2019-12-31T10:50:28</date>
  <millis>1577764228218</millis>
  <sequence>9</sequence>
  <level>INFO</level>
  <class>com.kms.katalon.core.logging.XmlKeywordLogger</class>
  <method>logMessage</method>
  <thread>1</thread>
  <message>status_penawaran = sama dengan harga penawaran</message>
  <nestedLevel>1</nestedLevel>
</record>
<record>
  <date>2019-12-31T10:50:28</date>
  <millis>1577764228218</millis>
  <sequence>10</sequence>
  <level>INFO</level>
  <class>com.kms.katalon.core.logging.XmlKeywordLogger</class>
  <method>logMessage</method>
  <thread>1</thread>
  <message>expected = fail</message>
  <nestedLevel>1</nestedLevel>
</record>
<record>
  <date>2019-12-31T10:50:29</date>
  <millis>1577764229314</millis>
  <sequence>11</sequence>
  <level>START</level>
  <class>com.kms.katalon.core.logging.XmlKeywordLogger</class>
  <method>startKeyword</method>
  <thread>1</thread>
  <message>Start action : startApplication(\&amp;quot;C:\\Users\\ASUS\\Desktop\\accbid(2).apk\&amp;quot;, false)</message>
  <nestedLevel>1</nestedLevel>
  <property name="startLine">16</property>
  <property name="stepIndex">1</property>
</record>
<record>
  <date>2019-12-31T10:50:29</date>
  <millis>1577764229850</millis>
  <sequence>13</sequence>
  <level>INFO</level>
  <class>com.kms.katalon.core.logging.XmlKeywordLogger</class>
  <method>logMessage</method>
  <thread>1</thread>
  <message>User set preference: [&amp;apos;unicodeKeyboard&amp;apos;, &amp;apos;true&amp;apos;]</message>
  <nestedLevel>1</nestedLevel>
</record>
<record>
  <date>2019-12-31T10:50:29</date>
  <millis>1577764229851</millis>
  <sequence>14</sequence>
  <level>INFO</level>
  <class>com.kms.katalon.core.logging.XmlKeywordLogger</class>
  <method>logMessage</method>
  <thread>1</thread>
  <message>User set preference: [&amp;apos;resetKeyboard&amp;apos;, &amp;apos;true&amp;apos;]</message>
  <nestedLevel>1</nestedLevel>
</record>
<record>
  <date>2019-12-31T10:50:29</date>
  <millis>1577764229851</millis>
  <sequence>15</sequence>
  <level>INFO</level>
  <class>com.kms.katalon.core.logging.XmlKeywordLogger</class>
  <method>logMessage</method>
  <thread>1</thread>
  <message>User set preference: [&amp;apos;deviceId&amp;apos;, &amp;apos;&amp;apos;]</message>
  <nestedLevel>1</nestedLevel>
</record>
<record>
  <date>2019-12-31T10:50:34</date>
  <millis>1577764234313</millis>
  <sequence>16</sequence>
  <level>INFO</level>
  <class>com.kms.katalon.core.logging.XmlKeywordLogger</class>
  <method>logMessage</method>
  <thread>1</thread>
  <message>Appium server started on port 60,732</message>
  <nestedLevel>1</nestedLevel>
</record>
<record>
  <date>2019-12-31T10:50:56</date>
  <millis>1577764256083</millis>
  <sequence>18</sequence>
  <level>RUN_DATA</level>
  <class>com.kms.katalon.core.logging.XmlKeywordLogger</class>
  <method>logMessage</method>
  <thread>1</thread>
  <message>appiumVersion = 1.12.1</message>
  <nestedLevel>1</nestedLevel>
  <property name="appiumVersion">1.12.1</property>
</record>
<record>
  <date>2019-12-31T10:50:56</date>
  <millis>1577764256085</millis>
  <sequence>19</sequence>
  <level>RUN_DATA</level>
  <class>com.kms.katalon.core.logging.XmlKeywordLogger</class>
  <method>logMessage</method>
  <thread>1</thread>
  <message>appiumServerStatus = {\&amp;quot;status\&amp;quot;:0,\&amp;quot;value\&amp;quot;:{\&amp;quot;build\&amp;quot;:{\&amp;quot;version\&amp;quot;:\&amp;quot;1.12.1\&amp;quot;}},\&amp;quot;sessionId\&amp;quot;:null}</message>
  <nestedLevel>1</nestedLevel>
  <property name="appiumServerStatus">{\&quot;status\&quot;:0,\&quot;value\&quot;:{\&quot;build\&quot;:{\&quot;version\&quot;:\&quot;1.12.1\&quot;}},\&quot;sessionId\&quot;:null}</property>
</record>
<record>
  <date>2019-12-31T10:50:56</date>
  <millis>1577764256114</millis>
  <sequence>20</sequence>
  <level>RUN_DATA</level>
  <class>com.kms.katalon.core.logging.XmlKeywordLogger</class>
  <method>logMessage</method>
  <thread>1</thread>
  <message>deviceId = RR8M30NJT6T</message>
  <nestedLevel>1</nestedLevel>
  <property name="deviceId">RR8M30NJT6T</property>
</record>
<record>
  <date>2019-12-31T10:50:56</date>
  <millis>1577764256116</millis>
  <sequence>21</sequence>
  <level>RUN_DATA</level>
  <class>com.kms.katalon.core.logging.XmlKeywordLogger</class>
  <method>logMessage</method>
  <thread>1</thread>
  <message>deviceName = samsung SM-A505F (Android 9)</message>
  <nestedLevel>1</nestedLevel>
  <property name="deviceName">samsung SM-A505F (Android 9)</property>
</record>
<record>
  <date>2019-12-31T10:50:56</date>
  <millis>1577764256116</millis>
  <sequence>22</sequence>
  <level>RUN_DATA</level>
  <class>com.kms.katalon.core.logging.XmlKeywordLogger</class>
  <method>logMessage</method>
  <thread>1</thread>
  <message>deviceModel = SM-A505F</message>
  <nestedLevel>1</nestedLevel>
  <property name="deviceModel">SM-A505F</property>
</record>
<record>
  <date>2019-12-31T10:50:56</date>
  <millis>1577764256118</millis>
  <sequence>23</sequence>
  <level>RUN_DATA</level>
  <class>com.kms.katalon.core.logging.XmlKeywordLogger</class>
  <method>logMessage</method>
  <thread>1</thread>
  <message>deviceManufacturer = samsung</message>
  <nestedLevel>1</nestedLevel>
  <property name="deviceManufacturer">samsung</property>
</record>
<record>
  <date>2019-12-31T10:50:56</date>
  <millis>1577764256119</millis>
  <sequence>24</sequence>
  <level>RUN_DATA</level>
  <class>com.kms.katalon.core.logging.XmlKeywordLogger</class>
  <method>logMessage</method>
  <thread>1</thread>
  <message>deviceOS = Android</message>
  <nestedLevel>1</nestedLevel>
  <property name="deviceOS">Android</property>
</record>
<record>
  <date>2019-12-31T10:50:56</date>
  <millis>1577764256120</millis>
  <sequence>25</sequence>
  <level>RUN_DATA</level>
  <class>com.kms.katalon.core.logging.XmlKeywordLogger</class>
  <method>logMessage</method>
  <thread>1</thread>
  <message>deviceOSVersion = 9</message>
  <nestedLevel>1</nestedLevel>
  <property name="deviceOSVersion">9</property>
</record>
<record>
  <date>2019-12-31T10:50:56</date>
  <millis>1577764256140</millis>
  <sequence>26</sequence>
  <level>PASSED</level>
  <class>com.kms.katalon.core.logging.XmlKeywordLogger</class>
  <method>logMessage</method>
  <thread>1</thread>
  <message>Started app at: &amp;apos;C:\\Users\\ASUS\\Desktop\\accbid(2).apk&amp;apos;</message>
  <nestedLevel>1</nestedLevel>
</record>
<record>
  <date>2019-12-31T10:50:56</date>
  <millis>1577764256142</millis>
  <sequence>27</sequence>
  <level>END</level>
  <class>com.kms.katalon.core.logging.XmlKeywordLogger</class>
  <method>endKeyword</method>
  <thread>1</thread>
  <message>End action : startApplication(\&amp;quot;C:\\Users\\ASUS\\Desktop\\accbid(2).apk\&amp;quot;, false)</message>
  <nestedLevel>1</nestedLevel>
</record>
<record>
  <date>2019-12-31T10:50:56</date>
  <millis>1577764256143</millis>
  <sequence>28</sequence>
  <level>START</level>
  <class>com.kms.katalon.core.logging.XmlKeywordLogger</class>
  <method>startKeyword</method>
  <thread>1</thread>
  <message>Start action : callTestCase(findTestCase(\&amp;quot;Christi/User_Login\&amp;quot;), [\&amp;quot;email\&amp;quot;:\&amp;quot;christiantiangelin@gmail.com\&amp;quot;, \&amp;quot;password\&amp;quot;:\&amp;quot;Chr!st1\&amp;quot;], STOP_ON_FAILURE)</message>
  <nestedLevel>1</nestedLevel>
  <property name="startLine">18</property>
  <property name="stepIndex">2</property>
</record>
<record>
  <date>2019-12-31T10:50:56</date>
  <millis>1577764256147</millis>
  <sequence>29</sequence>
  <level>NOT_RUN</level>
  <class>com.kms.katalon.core.logging.XmlKeywordLogger</class>
  <method>logMessage</method>
  <thread>1</thread>
  <message>NOT_RUN: callTestCase(findTestCase(\&amp;quot;Christi/User_Login\&amp;quot;), [\&amp;quot;email\&amp;quot;:\&amp;quot;christiantiangelin@gmail.com\&amp;quot;, \&amp;quot;password\&amp;quot;:\&amp;quot;Chr!st1\&amp;quot;], STOP_ON_FAILURE)</message>
  <nestedLevel>1</nestedLevel>
</record>
<record>
  <date>2019-12-31T10:50:56</date>
  <millis>1577764256149</millis>
  <sequence>30</sequence>
  <level>END</level>
  <class>com.kms.katalon.core.logging.XmlKeywordLogger</class>
  <method>endKeyword</method>
  <thread>1</thread>
  <message>End action : callTestCase(findTestCase(\&amp;quot;Christi/User_Login\&amp;quot;), [\&amp;quot;email\&amp;quot;:\&amp;quot;christiantiangelin@gmail.com\&amp;quot;, \&amp;quot;password\&amp;quot;:\&amp;quot;Chr!st1\&amp;quot;], STOP_ON_FAILURE)</message>
  <nestedLevel>1</nestedLevel>
</record>
<record>
  <date>2019-12-31T10:50:56</date>
  <millis>1577764256149</millis>
  <sequence>31</sequence>
  <level>START</level>
  <class>com.kms.katalon.core.logging.XmlKeywordLogger</class>
  <method>startKeyword</method>
  <thread>1</thread>
  <message>Start action : delay(5, STOP_ON_FAILURE)</message>
  <nestedLevel>1</nestedLevel>
  <property name="startLine">21</property>
  <property name="stepIndex">3</property>
</record>
<record>
  <date>2019-12-31T10:51:01</date>
  <millis>1577764261268</millis>
  <sequence>33</sequence>
  <level>PASSED</level>
  <class>com.kms.katalon.core.logging.XmlKeywordLogger</class>
  <method>logMessage</method>
  <thread>1</thread>
  <message>Delayed 5 second(s)</message>
  <nestedLevel>1</nestedLevel>
</record>
<record>
  <date>2019-12-31T10:51:01</date>
  <millis>1577764261269</millis>
  <sequence>34</sequence>
  <level>END</level>
  <class>com.kms.katalon.core.logging.XmlKeywordLogger</class>
  <method>endKeyword</method>
  <thread>1</thread>
  <message>End action : delay(5, STOP_ON_FAILURE)</message>
  <nestedLevel>1</nestedLevel>
</record>
<record>
  <date>2019-12-31T10:51:01</date>
  <millis>1577764261270</millis>
  <sequence>35</sequence>
  <level>START</level>
  <class>com.kms.katalon.core.logging.XmlKeywordLogger</class>
  <method>startKeyword</method>
  <thread>1</thread>
  <message>Start action : mobile.Swipers.RightLeft(0.9, 0.3, 1640)</message>
  <nestedLevel>1</nestedLevel>
  <property name="startLine">23</property>
  <property name="stepIndex">4</property>
</record>
<record>
  <date>2019-12-31T10:51:01</date>
  <millis>1577764261928</millis>
  <sequence>36</sequence>
  <level>PASSED</level>
  <class>com.kms.katalon.core.logging.XmlKeywordLogger</class>
  <method>logMessage</method>
  <thread>1</thread>
  <message>Current device physical width is 1080</message>
  <nestedLevel>1</nestedLevel>
</record>
<record>
  <date>2019-12-31T10:51:02</date>
  <millis>1577764262462</millis>
  <sequence>37</sequence>
  <level>PASSED</level>
  <class>com.kms.katalon.core.logging.XmlKeywordLogger</class>
  <method>logMessage</method>
  <thread>1</thread>
  <message>Current device physical height is 2131</message>
  <nestedLevel>1</nestedLevel>
</record>
<record>
  <date>2019-12-31T10:51:02</date>
  <millis>1577764262483</millis>
  <sequence>38</sequence>
  <level>INFO</level>
  <class>com.kms.katalon.core.logging.XmlKeywordLogger</class>
  <method>logMessage</method>
  <thread>1</thread>
  <message>Device Height : 2131</message>
  <nestedLevel>1</nestedLevel>
</record>
<record>
  <date>2019-12-31T10:51:02</date>
  <millis>1577764262484</millis>
  <sequence>39</sequence>
  <level>INFO</level>
  <class>com.kms.katalon.core.logging.XmlKeywordLogger</class>
  <method>logMessage</method>
  <thread>1</thread>
  <message>Device Width : 1080</message>
  <nestedLevel>1</nestedLevel>
</record>
<record>
  <date>2019-12-31T10:51:02</date>
  <millis>1577764262487</millis>
  <sequence>40</sequence>
  <level>INFO</level>
  <class>com.kms.katalon.core.logging.XmlKeywordLogger</class>
  <method>logMessage</method>
  <thread>1</thread>
  <message>Swipe start at Width : 971</message>
  <nestedLevel>1</nestedLevel>
</record>
<record>
  <date>2019-12-31T10:51:02</date>
  <millis>1577764262488</millis>
  <sequence>41</sequence>
  <level>INFO</level>
  <class>com.kms.katalon.core.logging.XmlKeywordLogger</class>
  <method>logMessage</method>
  <thread>1</thread>
  <message>Swipe end at Witdh : 324</message>
  <nestedLevel>1</nestedLevel>
</record>
<record>
  <date>2019-12-31T10:51:02</date>
  <millis>1577764262489</millis>
  <sequence>42</sequence>
  <level>INFO</level>
  <class>com.kms.katalon.core.logging.XmlKeywordLogger</class>
  <method>logMessage</method>
  <thread>1</thread>
  <message>Y Position : 1640</message>
  <nestedLevel>1</nestedLevel>
</record>
<record>
  <date>2019-12-31T10:51:04</date>
  <millis>1577764264257</millis>
  <sequence>43</sequence>
  <level>PASSED</level>
  <class>com.kms.katalon.core.logging.XmlKeywordLogger</class>
  <method>logMessage</method>
  <thread>1</thread>
  <message>Swiped from 971,1,640 to 324,1,640</message>
  <nestedLevel>1</nestedLevel>
</record>
<record>
  <date>2019-12-31T10:51:04</date>
  <millis>1577764264269</millis>
  <sequence>44</sequence>
  <level>PASSED</level>
  <class>com.kms.katalon.core.logging.XmlKeywordLogger</class>
  <method>logMessage</method>
  <thread>1</thread>
  <message>mobile.Swipers.RightLeft is PASSED</message>
  <nestedLevel>1</nestedLevel>
</record>
<record>
  <date>2019-12-31T10:51:04</date>
  <millis>1577764264270</millis>
  <sequence>45</sequence>
  <level>END</level>
  <class>com.kms.katalon.core.logging.XmlKeywordLogger</class>
  <method>endKeyword</method>
  <thread>1</thread>
  <message>End action : mobile.Swipers.RightLeft(0.9, 0.3, 1640)</message>
  <nestedLevel>1</nestedLevel>
</record>
<record>
  <date>2019-12-31T10:51:04</date>
  <millis>1577764264271</millis>
  <sequence>46</sequence>
  <level>START</level>
  <class>com.kms.katalon.core.logging.XmlKeywordLogger</class>
  <method>startKeyword</method>
  <thread>1</thread>
  <message>Start action : mobile.Swipers.RightLeft(0.9, 0.5, 1640)</message>
  <nestedLevel>1</nestedLevel>
  <property name="startLine">25</property>
  <property name="stepIndex">5</property>
</record>
<record>
  <date>2019-12-31T10:51:04</date>
  <millis>1577764264790</millis>
  <sequence>47</sequence>
  <level>PASSED</level>
  <class>com.kms.katalon.core.logging.XmlKeywordLogger</class>
  <method>logMessage</method>
  <thread>1</thread>
  <message>Current device physical width is 1080</message>
  <nestedLevel>1</nestedLevel>
</record>
<record>
  <date>2019-12-31T10:51:05</date>
  <millis>1577764265333</millis>
  <sequence>48</sequence>
  <level>PASSED</level>
  <class>com.kms.katalon.core.logging.XmlKeywordLogger</class>
  <method>logMessage</method>
  <thread>1</thread>
  <message>Current device physical height is 2131</message>
  <nestedLevel>1</nestedLevel>
</record>
<record>
  <date>2019-12-31T10:51:05</date>
  <millis>1577764265344</millis>
  <sequence>49</sequence>
  <level>INFO</level>
  <class>com.kms.katalon.core.logging.XmlKeywordLogger</class>
  <method>logMessage</method>
  <thread>1</thread>
  <message>Device Height : 2131</message>
  <nestedLevel>1</nestedLevel>
</record>
<record>
  <date>2019-12-31T10:51:05</date>
  <millis>1577764265345</millis>
  <sequence>50</sequence>
  <level>INFO</level>
  <class>com.kms.katalon.core.logging.XmlKeywordLogger</class>
  <method>logMessage</method>
  <thread>1</thread>
  <message>Device Width : 1080</message>
  <nestedLevel>1</nestedLevel>
</record>
<record>
  <date>2019-12-31T10:51:05</date>
  <millis>1577764265346</millis>
  <sequence>51</sequence>
  <level>INFO</level>
  <class>com.kms.katalon.core.logging.XmlKeywordLogger</class>
  <method>logMessage</method>
  <thread>1</thread>
  <message>Swipe start at Width : 971</message>
  <nestedLevel>1</nestedLevel>
</record>
<record>
  <date>2019-12-31T10:51:05</date>
  <millis>1577764265346</millis>
  <sequence>52</sequence>
  <level>INFO</level>
  <class>com.kms.katalon.core.logging.XmlKeywordLogger</class>
  <method>logMessage</method>
  <thread>1</thread>
  <message>Swipe end at Witdh : 540</message>
  <nestedLevel>1</nestedLevel>
</record>
<record>
  <date>2019-12-31T10:51:05</date>
  <millis>1577764265347</millis>
  <sequence>53</sequence>
  <level>INFO</level>
  <class>com.kms.katalon.core.logging.XmlKeywordLogger</class>
  <method>logMessage</method>
  <thread>1</thread>
  <message>Y Position : 1640</message>
  <nestedLevel>1</nestedLevel>
</record>
<record>
  <date>2019-12-31T10:51:07</date>
  <millis>1577764267040</millis>
  <sequence>54</sequence>
  <level>PASSED</level>
  <class>com.kms.katalon.core.logging.XmlKeywordLogger</class>
  <method>logMessage</method>
  <thread>1</thread>
  <message>Swiped from 971,1,640 to 540,1,640</message>
  <nestedLevel>1</nestedLevel>
</record>
<record>
  <date>2019-12-31T10:51:07</date>
  <millis>1577764267050</millis>
  <sequence>55</sequence>
  <level>PASSED</level>
  <class>com.kms.katalon.core.logging.XmlKeywordLogger</class>
  <method>logMessage</method>
  <thread>1</thread>
  <message>mobile.Swipers.RightLeft is PASSED</message>
  <nestedLevel>1</nestedLevel>
</record>
<record>
  <date>2019-12-31T10:51:07</date>
  <millis>1577764267051</millis>
  <sequence>56</sequence>
  <level>END</level>
  <class>com.kms.katalon.core.logging.XmlKeywordLogger</class>
  <method>endKeyword</method>
  <thread>1</thread>
  <message>End action : mobile.Swipers.RightLeft(0.9, 0.5, 1640)</message>
  <nestedLevel>1</nestedLevel>
</record>
<record>
  <date>2019-12-31T10:51:07</date>
  <millis>1577764267051</millis>
  <sequence>57</sequence>
  <level>START</level>
  <class>com.kms.katalon.core.logging.XmlKeywordLogger</class>
  <method>startKeyword</method>
  <thread>1</thread>
  <message>Start action : delay(3, STOP_ON_FAILURE)</message>
  <nestedLevel>1</nestedLevel>
  <property name="startLine">27</property>
  <property name="stepIndex">6</property>
</record>
<record>
  <date>2019-12-31T10:51:10</date>
  <millis>1577764270056</millis>
  <sequence>59</sequence>
  <level>PASSED</level>
  <class>com.kms.katalon.core.logging.XmlKeywordLogger</class>
  <method>logMessage</method>
  <thread>1</thread>
  <message>Delayed 3 second(s)</message>
  <nestedLevel>1</nestedLevel>
</record>
<record>
  <date>2019-12-31T10:51:10</date>
  <millis>1577764270056</millis>
  <sequence>60</sequence>
  <level>END</level>
  <class>com.kms.katalon.core.logging.XmlKeywordLogger</class>
  <method>endKeyword</method>
  <thread>1</thread>
  <message>End action : delay(3, STOP_ON_FAILURE)</message>
  <nestedLevel>1</nestedLevel>
</record>
<record>
  <date>2019-12-31T10:51:10</date>
  <millis>1577764270057</millis>
  <sequence>61</sequence>
  <level>START</level>
  <class>com.kms.katalon.core.logging.XmlKeywordLogger</class>
  <method>startKeyword</method>
  <thread>1</thread>
  <message>Start action : tap(findTestObject(\&amp;quot;ikut lelang/bid manual/android.view.View0 - Lihat Semua Event Hari Ini\&amp;quot;), 0)</message>
  <nestedLevel>1</nestedLevel>
  <property name="startLine">29</property>
  <property name="stepIndex">7</property>
</record>
<record>
  <date>2019-12-31T10:51:10</date>
  <millis>1577764270242</millis>
  <sequence>65</sequence>
  <level>WARNING</level>
  <class>com.kms.katalon.core.logging.XmlKeywordLogger</class>
  <method>logMessage</method>
  <thread>1</thread>
  <message>Timeout &amp;apos;0&amp;apos; is invalid. Using default page load timeout: &amp;apos;60&amp;apos;</message>
  <nestedLevel>1</nestedLevel>
</record>
<record>
  <date>2019-12-31T10:51:15</date>
  <millis>1577764275082</millis>
  <sequence>66</sequence>
  <level>PASSED</level>
  <class>com.kms.katalon.core.logging.XmlKeywordLogger</class>
  <method>logMessage</method>
  <thread>1</thread>
  <message>Tapped on element &amp;apos;Object Repository/ikut lelang/bid manual/android.view.View0 - Lihat Semua Event Hari Ini&amp;apos;</message>
  <nestedLevel>1</nestedLevel>
</record>
<record>
  <date>2019-12-31T10:51:15</date>
  <millis>1577764275083</millis>
  <sequence>67</sequence>
  <level>END</level>
  <class>com.kms.katalon.core.logging.XmlKeywordLogger</class>
  <method>endKeyword</method>
  <thread>1</thread>
  <message>End action : tap(findTestObject(\&amp;quot;ikut lelang/bid manual/android.view.View0 - Lihat Semua Event Hari Ini\&amp;quot;), 0)</message>
  <nestedLevel>1</nestedLevel>
</record>
<record>
  <date>2019-12-31T10:51:15</date>
  <millis>1577764275083</millis>
  <sequence>68</sequence>
  <level>START</level>
  <class>com.kms.katalon.core.logging.XmlKeywordLogger</class>
  <method>startKeyword</method>
  <thread>1</thread>
  <message>Start action : delay(3, STOP_ON_FAILURE)</message>
  <nestedLevel>1</nestedLevel>
  <property name="startLine">31</property>
  <property name="stepIndex">8</property>
</record>
<record>
  <date>2019-12-31T10:51:18</date>
  <millis>1577764278089</millis>
  <sequence>70</sequence>
  <level>PASSED</level>
  <class>com.kms.katalon.core.logging.XmlKeywordLogger</class>
  <method>logMessage</method>
  <thread>1</thread>
  <message>Delayed 3 second(s)</message>
  <nestedLevel>1</nestedLevel>
</record>
<record>
  <date>2019-12-31T10:51:18</date>
  <millis>1577764278090</millis>
  <sequence>71</sequence>
  <level>END</level>
  <class>com.kms.katalon.core.logging.XmlKeywordLogger</class>
  <method>endKeyword</method>
  <thread>1</thread>
  <message>End action : delay(3, STOP_ON_FAILURE)</message>
  <nestedLevel>1</nestedLevel>
</record>
<record>
  <date>2019-12-31T10:51:18</date>
  <millis>1577764278091</millis>
  <sequence>72</sequence>
  <level>START</level>
  <class>com.kms.katalon.core.logging.XmlKeywordLogger</class>
  <method>startKeyword</method>
  <thread>1</thread>
  <message>Start action : switch (jenis_bid.toString())</message>
  <nestedLevel>1</nestedLevel>
  <property name="startLine">33</property>
  <property name="stepIndex">9</property>
</record>
<record>
  <date>2019-12-31T10:51:18</date>
  <millis>1577764278096</millis>
  <sequence>73</sequence>
  <level>START</level>
  <class>com.kms.katalon.core.logging.XmlKeywordLogger</class>
  <method>startKeyword</method>
  <thread>1</thread>
  <message>Start action : case \&amp;quot;otomatis\&amp;quot;:</message>
  <nestedLevel>2</nestedLevel>
  <property name="startLine">34</property>
  <property name="stepIndex">1</property>
</record>
<record>
  <date>2019-12-31T10:51:18</date>
  <millis>1577764278098</millis>
  <sequence>74</sequence>
  <level>START</level>
  <class>com.kms.katalon.core.logging.XmlKeywordLogger</class>
  <method>startKeyword</method>
  <thread>1</thread>
  <message>Start action : tap(findTestObject(\&amp;quot;ikut lelang/bid otomatis/android.view.View0 - IBID - Sale Akhir Tahun\&amp;quot;), 0)</message>
  <nestedLevel>3</nestedLevel>
  <property name="startLine">35</property>
  <property name="stepIndex">1</property>
</record>
<record>
  <date>2019-12-31T10:51:18</date>
  <millis>1577764278187</millis>
  <sequence>78</sequence>
  <level>WARNING</level>
  <class>com.kms.katalon.core.logging.XmlKeywordLogger</class>
  <method>logMessage</method>
  <thread>1</thread>
  <message>Timeout &amp;apos;0&amp;apos; is invalid. Using default page load timeout: &amp;apos;60&amp;apos;</message>
  <nestedLevel>1</nestedLevel>
</record>
<record>
  <date>2019-12-31T10:51:20</date>
  <millis>1577764280382</millis>
  <sequence>79</sequence>
  <level>PASSED</level>
  <class>com.kms.katalon.core.logging.XmlKeywordLogger</class>
  <method>logMessage</method>
  <thread>1</thread>
  <message>Tapped on element &amp;apos;Object Repository/ikut lelang/bid otomatis/android.view.View0 - IBID - Sale Akhir Tahun&amp;apos;</message>
  <nestedLevel>1</nestedLevel>
</record>
<record>
  <date>2019-12-31T10:51:20</date>
  <millis>1577764280383</millis>
  <sequence>80</sequence>
  <level>END</level>
  <class>com.kms.katalon.core.logging.XmlKeywordLogger</class>
  <method>endKeyword</method>
  <thread>1</thread>
  <message>End action : tap(findTestObject(\&amp;quot;ikut lelang/bid otomatis/android.view.View0 - IBID - Sale Akhir Tahun\&amp;quot;), 0)</message>
  <nestedLevel>3</nestedLevel>
</record>
<record>
  <date>2019-12-31T10:51:20</date>
  <millis>1577764280383</millis>
  <sequence>81</sequence>
  <level>START</level>
  <class>com.kms.katalon.core.logging.XmlKeywordLogger</class>
  <method>startKeyword</method>
  <thread>1</thread>
  <message>Start action : delay(3, STOP_ON_FAILURE)</message>
  <nestedLevel>3</nestedLevel>
  <property name="startLine">37</property>
  <property name="stepIndex">2</property>
</record>
<record>
  <date>2019-12-31T10:51:23</date>
  <millis>1577764283391</millis>
  <sequence>83</sequence>
  <level>PASSED</level>
  <class>com.kms.katalon.core.logging.XmlKeywordLogger</class>
  <method>logMessage</method>
  <thread>1</thread>
  <message>Delayed 3 second(s)</message>
  <nestedLevel>1</nestedLevel>
</record>
<record>
  <date>2019-12-31T10:51:23</date>
  <millis>1577764283392</millis>
  <sequence>84</sequence>
  <level>END</level>
  <class>com.kms.katalon.core.logging.XmlKeywordLogger</class>
  <method>endKeyword</method>
  <thread>1</thread>
  <message>End action : delay(3, STOP_ON_FAILURE)</message>
  <nestedLevel>3</nestedLevel>
</record>
<record>
  <date>2019-12-31T10:51:23</date>
  <millis>1577764283392</millis>
  <sequence>85</sequence>
  <level>START</level>
  <class>com.kms.katalon.core.logging.XmlKeywordLogger</class>
  <method>startKeyword</method>
  <thread>1</thread>
  <message>Start action : tap(findTestObject(\&amp;quot;ikut lelang/bid otomatis/android.widget.Button0 - Ikut Lelang\&amp;quot;), 0)</message>
  <nestedLevel>3</nestedLevel>
  <property name="startLine">39</property>
  <property name="stepIndex">3</property>
</record>
<record>
  <date>2019-12-31T10:51:23</date>
  <millis>1577764283478</millis>
  <sequence>89</sequence>
  <level>WARNING</level>
  <class>com.kms.katalon.core.logging.XmlKeywordLogger</class>
  <method>logMessage</method>
  <thread>1</thread>
  <message>Timeout &amp;apos;0&amp;apos; is invalid. Using default page load timeout: &amp;apos;60&amp;apos;</message>
  <nestedLevel>1</nestedLevel>
</record>
<record>
  <date>2019-12-31T10:51:25</date>
  <millis>1577764285423</millis>
  <sequence>90</sequence>
  <level>PASSED</level>
  <class>com.kms.katalon.core.logging.XmlKeywordLogger</class>
  <method>logMessage</method>
  <thread>1</thread>
  <message>Tapped on element &amp;apos;Object Repository/ikut lelang/bid otomatis/android.widget.Button0 - Ikut Lelang&amp;apos;</message>
  <nestedLevel>1</nestedLevel>
</record>
<record>
  <date>2019-12-31T10:51:25</date>
  <millis>1577764285424</millis>
  <sequence>91</sequence>
  <level>END</level>
  <class>com.kms.katalon.core.logging.XmlKeywordLogger</class>
  <method>endKeyword</method>
  <thread>1</thread>
  <message>End action : tap(findTestObject(\&amp;quot;ikut lelang/bid otomatis/android.widget.Button0 - Ikut Lelang\&amp;quot;), 0)</message>
  <nestedLevel>3</nestedLevel>
</record>
<record>
  <date>2019-12-31T10:51:25</date>
  <millis>1577764285424</millis>
  <sequence>92</sequence>
  <level>START</level>
  <class>com.kms.katalon.core.logging.XmlKeywordLogger</class>
  <method>startKeyword</method>
  <thread>1</thread>
  <message>Start action : delay(3, STOP_ON_FAILURE)</message>
  <nestedLevel>3</nestedLevel>
  <property name="startLine">41</property>
  <property name="stepIndex">4</property>
</record>
<record>
  <date>2019-12-31T10:51:28</date>
  <millis>1577764288432</millis>
  <sequence>94</sequence>
  <level>PASSED</level>
  <class>com.kms.katalon.core.logging.XmlKeywordLogger</class>
  <method>logMessage</method>
  <thread>1</thread>
  <message>Delayed 3 second(s)</message>
  <nestedLevel>1</nestedLevel>
</record>
<record>
  <date>2019-12-31T10:51:28</date>
  <millis>1577764288433</millis>
  <sequence>95</sequence>
  <level>END</level>
  <class>com.kms.katalon.core.logging.XmlKeywordLogger</class>
  <method>endKeyword</method>
  <thread>1</thread>
  <message>End action : delay(3, STOP_ON_FAILURE)</message>
  <nestedLevel>3</nestedLevel>
</record>
<record>
  <date>2019-12-31T10:51:28</date>
  <millis>1577764288434</millis>
  <sequence>96</sequence>
  <level>START</level>
  <class>com.kms.katalon.core.logging.XmlKeywordLogger</class>
  <method>startKeyword</method>
  <thread>1</thread>
  <message>Start action : tap(findTestObject(\&amp;quot;ikut lelang/bid otomatis/android.widget.Button0 - Bid Otomatis\&amp;quot;), 0)</message>
  <nestedLevel>3</nestedLevel>
  <property name="startLine">43</property>
  <property name="stepIndex">5</property>
</record>
<record>
  <date>2019-12-31T10:51:28</date>
  <millis>1577764288513</millis>
  <sequence>100</sequence>
  <level>WARNING</level>
  <class>com.kms.katalon.core.logging.XmlKeywordLogger</class>
  <method>logMessage</method>
  <thread>1</thread>
  <message>Timeout &amp;apos;0&amp;apos; is invalid. Using default page load timeout: &amp;apos;60&amp;apos;</message>
  <nestedLevel>1</nestedLevel>
</record>
<record>
  <date>2019-12-31T10:51:32</date>
  <millis>1577764292416</millis>
  <sequence>101</sequence>
  <level>PASSED</level>
  <class>com.kms.katalon.core.logging.XmlKeywordLogger</class>
  <method>logMessage</method>
  <thread>1</thread>
  <message>Tapped on element &amp;apos;Object Repository/ikut lelang/bid otomatis/android.widget.Button0 - Bid Otomatis&amp;apos;</message>
  <nestedLevel>1</nestedLevel>
</record>
<record>
  <date>2019-12-31T10:51:32</date>
  <millis>1577764292418</millis>
  <sequence>102</sequence>
  <level>END</level>
  <class>com.kms.katalon.core.logging.XmlKeywordLogger</class>
  <method>endKeyword</method>
  <thread>1</thread>
  <message>End action : tap(findTestObject(\&amp;quot;ikut lelang/bid otomatis/android.widget.Button0 - Bid Otomatis\&amp;quot;), 0)</message>
  <nestedLevel>3</nestedLevel>
</record>
<record>
  <date>2019-12-31T10:51:32</date>
  <millis>1577764292419</millis>
  <sequence>103</sequence>
  <level>START</level>
  <class>com.kms.katalon.core.logging.XmlKeywordLogger</class>
  <method>startKeyword</method>
  <thread>1</thread>
  <message>Start action : delay(3, STOP_ON_FAILURE)</message>
  <nestedLevel>3</nestedLevel>
  <property name="startLine">45</property>
  <property name="stepIndex">6</property>
</record>
<record>
  <date>2019-12-31T10:51:35</date>
  <millis>1577764295423</millis>
  <sequence>105</sequence>
  <level>PASSED</level>
  <class>com.kms.katalon.core.logging.XmlKeywordLogger</class>
  <method>logMessage</method>
  <thread>1</thread>
  <message>Delayed 3 second(s)</message>
  <nestedLevel>1</nestedLevel>
</record>
<record>
  <date>2019-12-31T10:51:35</date>
  <millis>1577764295425</millis>
  <sequence>106</sequence>
  <level>END</level>
  <class>com.kms.katalon.core.logging.XmlKeywordLogger</class>
  <method>endKeyword</method>
  <thread>1</thread>
  <message>End action : delay(3, STOP_ON_FAILURE)</message>
  <nestedLevel>3</nestedLevel>
</record>
<record>
  <date>2019-12-31T10:51:35</date>
  <millis>1577764295425</millis>
  <sequence>107</sequence>
  <level>START</level>
  <class>com.kms.katalon.core.logging.XmlKeywordLogger</class>
  <method>startKeyword</method>
  <thread>1</thread>
  <message>Start action : switch (status_penawaran.toString())</message>
  <nestedLevel>3</nestedLevel>
  <property name="startLine">47</property>
  <property name="stepIndex">7</property>
</record>
<record>
  <date>2019-12-31T10:51:35</date>
  <millis>1577764295427</millis>
  <sequence>108</sequence>
  <level>START</level>
  <class>com.kms.katalon.core.logging.XmlKeywordLogger</class>
  <method>startKeyword</method>
  <thread>1</thread>
  <message>Start action : case \&amp;quot;sama dengan harga penawaran\&amp;quot;:</message>
  <nestedLevel>4</nestedLevel>
  <property name="startLine">60</property>
  <property name="stepIndex">2</property>
</record>
<record>
  <date>2019-12-31T10:51:35</date>
  <millis>1577764295429</millis>
  <sequence>109</sequence>
  <level>START</level>
  <class>com.kms.katalon.core.logging.XmlKeywordLogger</class>
  <method>startKeyword</method>
  <thread>1</thread>
  <message>Start action : setText(findTestObject(\&amp;quot;ikut lelang/bid otomatis/android.widget.EditText0 - Input Penawaran Harga\&amp;quot;), harga_penawaran, 0)</message>
  <nestedLevel>5</nestedLevel>
  <property name="startLine">61</property>
  <property name="stepIndex">1</property>
</record>
<record>
  <date>2019-12-31T10:51:35</date>
  <millis>1577764295589</millis>
  <sequence>113</sequence>
  <level>WARNING</level>
  <class>com.kms.katalon.core.logging.XmlKeywordLogger</class>
  <method>logMessage</method>
  <thread>1</thread>
  <message>Timeout &amp;apos;0&amp;apos; is invalid. Using default page load timeout: &amp;apos;60&amp;apos;</message>
  <nestedLevel>1</nestedLevel>
</record>
<record>
  <date>2019-12-31T10:51:37</date>
  <millis>1577764297885</millis>
  <sequence>114</sequence>
  <level>PASSED</level>
  <class>com.kms.katalon.core.logging.XmlKeywordLogger</class>
  <method>logMessage</method>
  <thread>1</thread>
  <message>Text &amp;apos;98000000&amp;apos; has been set to element &amp;apos;Object Repository/ikut lelang/bid otomatis/android.widget.EditText0 - Input Penawaran Harga&amp;apos;</message>
  <nestedLevel>1</nestedLevel>
</record>
<record>
  <date>2019-12-31T10:51:37</date>
  <millis>1577764297886</millis>
  <sequence>115</sequence>
  <level>END</level>
  <class>com.kms.katalon.core.logging.XmlKeywordLogger</class>
  <method>endKeyword</method>
  <thread>1</thread>
  <message>End action : setText(findTestObject(\&amp;quot;ikut lelang/bid otomatis/android.widget.EditText0 - Input Penawaran Harga\&amp;quot;), harga_penawaran, 0)</message>
  <nestedLevel>5</nestedLevel>
</record>
<record>
  <date>2019-12-31T10:51:37</date>
  <millis>1577764297887</millis>
  <sequence>116</sequence>
  <level>START</level>
  <class>com.kms.katalon.core.logging.XmlKeywordLogger</class>
  <method>startKeyword</method>
  <thread>1</thread>
  <message>Start action : delay(3, STOP_ON_FAILURE)</message>
  <nestedLevel>5</nestedLevel>
  <property name="startLine">64</property>
  <property name="stepIndex">2</property>
</record>
<record>
  <date>2019-12-31T10:51:40</date>
  <millis>1577764300892</millis>
  <sequence>118</sequence>
  <level>PASSED</level>
  <class>com.kms.katalon.core.logging.XmlKeywordLogger</class>
  <method>logMessage</method>
  <thread>1</thread>
  <message>Delayed 3 second(s)</message>
  <nestedLevel>1</nestedLevel>
</record>
<record>
  <date>2019-12-31T10:51:40</date>
  <millis>1577764300894</millis>
  <sequence>119</sequence>
  <level>END</level>
  <class>com.kms.katalon.core.logging.XmlKeywordLogger</class>
  <method>endKeyword</method>
  <thread>1</thread>
  <message>End action : delay(3, STOP_ON_FAILURE)</message>
  <nestedLevel>5</nestedLevel>
</record>
<record>
  <date>2019-12-31T10:51:40</date>
  <millis>1577764300894</millis>
  <sequence>120</sequence>
  <level>START</level>
  <class>com.kms.katalon.core.logging.XmlKeywordLogger</class>
  <method>startKeyword</method>
  <thread>1</thread>
  <message>Start action : verifyElementVisible(findTestObject(\&amp;quot;ikut lelang/android.view.View0 - Penawaran masih rendah dari harga tertinggi\&amp;quot;), 0)</message>
  <nestedLevel>5</nestedLevel>
  <property name="startLine">66</property>
  <property name="stepIndex">3</property>
</record>
<record>
  <date>2019-12-31T10:51:40</date>
  <millis>1577764300995</millis>
  <sequence>124</sequence>
  <level>WARNING</level>
  <class>com.kms.katalon.core.logging.XmlKeywordLogger</class>
  <method>logMessage</method>
  <thread>1</thread>
  <message>Timeout &amp;apos;0&amp;apos; is invalid. Using default page load timeout: &amp;apos;60&amp;apos;</message>
  <nestedLevel>1</nestedLevel>
</record>
<record>
  <date>2019-12-31T10:51:41</date>
  <millis>1577764301845</millis>
  <sequence>125</sequence>
  <level>PASSED</level>
  <class>com.kms.katalon.core.logging.XmlKeywordLogger</class>
  <method>logMessage</method>
  <thread>1</thread>
  <message>Element &amp;apos;Object Repository/ikut lelang/android.view.View0 - Penawaran masih rendah dari harga tertinggi&amp;apos; is visible</message>
  <nestedLevel>1</nestedLevel>
</record>
<record>
  <date>2019-12-31T10:51:41</date>
  <millis>1577764301846</millis>
  <sequence>126</sequence>
  <level>END</level>
  <class>com.kms.katalon.core.logging.XmlKeywordLogger</class>
  <method>endKeyword</method>
  <thread>1</thread>
  <message>End action : verifyElementVisible(findTestObject(\&amp;quot;ikut lelang/android.view.View0 - Penawaran masih rendah dari harga tertinggi\&amp;quot;), 0)</message>
  <nestedLevel>5</nestedLevel>
</record>
<record>
  <date>2019-12-31T10:51:41</date>
  <millis>1577764301847</millis>
  <sequence>127</sequence>
  <level>START</level>
  <class>com.kms.katalon.core.logging.XmlKeywordLogger</class>
  <method>startKeyword</method>
  <thread>1</thread>
  <message>Start action : delay(7, STOP_ON_FAILURE)</message>
  <nestedLevel>5</nestedLevel>
  <property name="startLine">69</property>
  <property name="stepIndex">4</property>
</record>
<record>
  <date>2019-12-31T10:51:48</date>
  <millis>1577764308855</millis>
  <sequence>129</sequence>
  <level>PASSED</level>
  <class>com.kms.katalon.core.logging.XmlKeywordLogger</class>
  <method>logMessage</method>
  <thread>1</thread>
  <message>Delayed 7 second(s)</message>
  <nestedLevel>1</nestedLevel>
</record>
<record>
  <date>2019-12-31T10:51:48</date>
  <millis>1577764308856</millis>
  <sequence>130</sequence>
  <level>END</level>
  <class>com.kms.katalon.core.logging.XmlKeywordLogger</class>
  <method>endKeyword</method>
  <thread>1</thread>
  <message>End action : delay(7, STOP_ON_FAILURE)</message>
  <nestedLevel>5</nestedLevel>
</record>
<record>
  <date>2019-12-31T10:51:48</date>
  <millis>1577764308857</millis>
  <sequence>131</sequence>
  <level>START</level>
  <class>com.kms.katalon.core.logging.XmlKeywordLogger</class>
  <method>startKeyword</method>
  <thread>1</thread>
  <message>Start action : break</message>
  <nestedLevel>5</nestedLevel>
  <property name="startLine">71</property>
  <property name="stepIndex">5</property>
</record>
<record>
  <date>2019-12-31T10:51:48</date>
  <millis>1577764308858</millis>
  <sequence>132</sequence>
  <level>END</level>
  <class>com.kms.katalon.core.logging.XmlKeywordLogger</class>
  <method>endKeyword</method>
  <thread>1</thread>
  <message>End action : break</message>
  <nestedLevel>5</nestedLevel>
</record>
<record>
  <date>2019-12-31T10:51:48</date>
  <millis>1577764308858</millis>
  <sequence>133</sequence>
  <level>END</level>
  <class>com.kms.katalon.core.logging.XmlKeywordLogger</class>
  <method>endKeyword</method>
  <thread>1</thread>
  <message>End action : case \&amp;quot;sama dengan harga penawaran\&amp;quot;:</message>
  <nestedLevel>4</nestedLevel>
</record>
<record>
  <date>2019-12-31T10:51:48</date>
  <millis>1577764308859</millis>
  <sequence>134</sequence>
  <level>END</level>
  <class>com.kms.katalon.core.logging.XmlKeywordLogger</class>
  <method>endKeyword</method>
  <thread>1</thread>
  <message>End action : switch (status_penawaran.toString())</message>
  <nestedLevel>3</nestedLevel>
</record>
<record>
  <date>2019-12-31T10:51:48</date>
  <millis>1577764308859</millis>
  <sequence>135</sequence>
  <level>START</level>
  <class>com.kms.katalon.core.logging.XmlKeywordLogger</class>
  <method>startKeyword</method>
  <thread>1</thread>
  <message>Start action : break</message>
  <nestedLevel>3</nestedLevel>
  <property name="startLine">84</property>
  <property name="stepIndex">8</property>
</record>
<record>
  <date>2019-12-31T10:51:48</date>
  <millis>1577764308860</millis>
  <sequence>136</sequence>
  <level>END</level>
  <class>com.kms.katalon.core.logging.XmlKeywordLogger</class>
  <method>endKeyword</method>
  <thread>1</thread>
  <message>End action : break</message>
  <nestedLevel>3</nestedLevel>
</record>
<record>
  <date>2019-12-31T10:51:48</date>
  <millis>1577764308861</millis>
  <sequence>137</sequence>
  <level>END</level>
  <class>com.kms.katalon.core.logging.XmlKeywordLogger</class>
  <method>endKeyword</method>
  <thread>1</thread>
  <message>End action : case \&amp;quot;otomatis\&amp;quot;:</message>
  <nestedLevel>2</nestedLevel>
</record>
<record>
  <date>2019-12-31T10:51:48</date>
  <millis>1577764308862</millis>
  <sequence>138</sequence>
  <level>END</level>
  <class>com.kms.katalon.core.logging.XmlKeywordLogger</class>
  <method>endKeyword</method>
  <thread>1</thread>
  <message>End action : switch (jenis_bid.toString())</message>
  <nestedLevel>1</nestedLevel>
</record>
<record>
  <date>2019-12-31T10:51:48</date>
  <millis>1577764308862</millis>
  <sequence>139</sequence>
  <level>START</level>
  <class>com.kms.katalon.core.logging.XmlKeywordLogger</class>
  <method>startKeyword</method>
  <thread>1</thread>
  <message>Start action : delay(3, STOP_ON_FAILURE)</message>
  <nestedLevel>1</nestedLevel>
  <property name="startLine">130</property>
  <property name="stepIndex">10</property>
</record>
<record>
  <date>2019-12-31T10:51:51</date>
  <millis>1577764311864</millis>
  <sequence>141</sequence>
  <level>PASSED</level>
  <class>com.kms.katalon.core.logging.XmlKeywordLogger</class>
  <method>logMessage</method>
  <thread>1</thread>
  <message>Delayed 3 second(s)</message>
  <nestedLevel>1</nestedLevel>
</record>
<record>
  <date>2019-12-31T10:51:51</date>
  <millis>1577764311865</millis>
  <sequence>142</sequence>
  <level>END</level>
  <class>com.kms.katalon.core.logging.XmlKeywordLogger</class>
  <method>endKeyword</method>
  <thread>1</thread>
  <message>End action : delay(3, STOP_ON_FAILURE)</message>
  <nestedLevel>1</nestedLevel>
</record>
<record>
  <date>2019-12-31T10:51:51</date>
  <millis>1577764311865</millis>
  <sequence>143</sequence>
  <level>PASSED</level>
  <class>com.kms.katalon.core.logging.XmlKeywordLogger</class>
  <method>logMessage</method>
  <thread>1</thread>
  <message>Test Cases/Christi/New Test Case</message>
  <nestedLevel>1</nestedLevel>
</record>
<record>
  <date>2019-12-31T10:51:51</date>
  <millis>1577764311867</millis>
  <sequence>144</sequence>
  <level>END</level>
  <class>com.kms.katalon.core.logging.XmlKeywordLogger</class>
  <method>endTest</method>
  <thread>1</thread>
  <message>End Test Case : Test Cases/Christi/New Test Case</message>
  <nestedLevel>0</nestedLevel>
</record>
<record>
  <date>2019-12-31T10:51:51</date>
  <millis>1577764311883</millis>
  <sequence>145</sequence>
  <level>START</level>
  <class>com.kms.katalon.core.logging.XmlKeywordLogger</class>
  <method>startTest</method>
  <thread>1</thread>
  <message>Start Test Case : Test Cases/Christi/New Test Case</message>
  <nestedLevel>1</nestedLevel>
  <property name="name">Test Cases/Christi/New Test Case</property>
  <property name="description"></property>
  <property name="id">Test Cases/Christi/New Test Case</property>
  <property name="source">C:\\Users\\ASUS\\git\\ACCBid-Mobile\\Test Cases\\Christi\\New Test Case.tc</property>
  <property name="tag"></property>
  <property name="isOptional">false</property>
</record>
<record>
  <date>2019-12-31T10:51:51</date>
  <millis>1577764311930</millis>
  <sequence>147</sequence>
  <level>INFO</level>
  <class>com.kms.katalon.core.logging.XmlKeywordLogger</class>
  <method>logMessage</method>
  <thread>1</thread>
  <message>jenis_bid = otomatis</message>
  <nestedLevel>1</nestedLevel>
</record>
<record>
  <date>2019-12-31T10:51:51</date>
  <millis>1577764311937</millis>
  <sequence>148</sequence>
  <level>INFO</level>
  <class>com.kms.katalon.core.logging.XmlKeywordLogger</class>
  <method>logMessage</method>
  <thread>1</thread>
  <message>harga_penawaran = 98500000</message>
  <nestedLevel>1</nestedLevel>
</record>
<record>
  <date>2019-12-31T10:51:51</date>
  <millis>1577764311937</millis>
  <sequence>149</sequence>
  <level>INFO</level>
  <class>com.kms.katalon.core.logging.XmlKeywordLogger</class>
  <method>logMessage</method>
  <thread>1</thread>
  <message>status_penawaran = lebih dari harga penawaran</message>
  <nestedLevel>1</nestedLevel>
</record>
<record>
  <date>2019-12-31T10:51:51</date>
  <millis>1577764311937</millis>
  <sequence>150</sequence>
  <level>INFO</level>
  <class>com.kms.katalon.core.logging.XmlKeywordLogger</class>
  <method>logMessage</method>
  <thread>1</thread>
  <message>expected = pass</message>
  <nestedLevel>1</nestedLevel>
</record>
<record>
  <date>2019-12-31T10:51:51</date>
  <millis>1577764311937</millis>
  <sequence>151</sequence>
  <level>START</level>
  <class>com.kms.katalon.core.logging.XmlKeywordLogger</class>
  <method>startKeyword</method>
  <thread>1</thread>
  <message>Start action : startApplication(\&amp;quot;C:\\Users\\ASUS\\Desktop\\accbid(2).apk\&amp;quot;, false)</message>
  <nestedLevel>1</nestedLevel>
  <property name="startLine">16</property>
  <property name="stepIndex">1</property>
</record>
<record>
  <date>2019-12-31T10:51:51</date>
  <millis>1577764311972</millis>
  <sequence>153</sequence>
  <level>INFO</level>
  <class>com.kms.katalon.core.logging.XmlKeywordLogger</class>
  <method>logMessage</method>
  <thread>1</thread>
  <message>User set preference: [&amp;apos;unicodeKeyboard&amp;apos;, &amp;apos;true&amp;apos;]</message>
  <nestedLevel>1</nestedLevel>
</record>
<record>
  <date>2019-12-31T10:51:51</date>
  <millis>1577764311972</millis>
  <sequence>154</sequence>
  <level>INFO</level>
  <class>com.kms.katalon.core.logging.XmlKeywordLogger</class>
  <method>logMessage</method>
  <thread>1</thread>
  <message>User set preference: [&amp;apos;resetKeyboard&amp;apos;, &amp;apos;true&amp;apos;]</message>
  <nestedLevel>1</nestedLevel>
</record>
<record>
  <date>2019-12-31T10:51:51</date>
  <millis>1577764311972</millis>
  <sequence>155</sequence>
  <level>INFO</level>
  <class>com.kms.katalon.core.logging.XmlKeywordLogger</class>
  <method>logMessage</method>
  <thread>1</thread>
  <message>User set preference: [&amp;apos;deviceId&amp;apos;, &amp;apos;&amp;apos;]</message>
  <nestedLevel>1</nestedLevel>
</record>
<record>
  <date>2019-12-31T10:52:13</date>
  <millis>1577764333648</millis>
  <sequence>157</sequence>
  <level>RUN_DATA</level>
  <class>com.kms.katalon.core.logging.XmlKeywordLogger</class>
  <method>logMessage</method>
  <thread>1</thread>
  <message>appiumVersion = 1.12.1</message>
  <nestedLevel>1</nestedLevel>
  <property name="appiumVersion">1.12.1</property>
</record>
<record>
  <date>2019-12-31T10:52:13</date>
  <millis>1577764333649</millis>
  <sequence>158</sequence>
  <level>RUN_DATA</level>
  <class>com.kms.katalon.core.logging.XmlKeywordLogger</class>
  <method>logMessage</method>
  <thread>1</thread>
  <message>appiumServerStatus = {\&amp;quot;status\&amp;quot;:0,\&amp;quot;value\&amp;quot;:{\&amp;quot;build\&amp;quot;:{\&amp;quot;version\&amp;quot;:\&amp;quot;1.12.1\&amp;quot;}},\&amp;quot;sessionId\&amp;quot;:null}</message>
  <nestedLevel>1</nestedLevel>
  <property name="appiumServerStatus">{\&quot;status\&quot;:0,\&quot;value\&quot;:{\&quot;build\&quot;:{\&quot;version\&quot;:\&quot;1.12.1\&quot;}},\&quot;sessionId\&quot;:null}</property>
</record>
<record>
  <date>2019-12-31T10:52:13</date>
  <millis>1577764333660</millis>
  <sequence>159</sequence>
  <level>RUN_DATA</level>
  <class>com.kms.katalon.core.logging.XmlKeywordLogger</class>
  <method>logMessage</method>
  <thread>1</thread>
  <message>deviceId = RR8M30NJT6T</message>
  <nestedLevel>1</nestedLevel>
  <property name="deviceId">RR8M30NJT6T</property>
</record>
<record>
  <date>2019-12-31T10:52:13</date>
  <millis>1577764333660</millis>
  <sequence>160</sequence>
  <level>RUN_DATA</level>
  <class>com.kms.katalon.core.logging.XmlKeywordLogger</class>
  <method>logMessage</method>
  <thread>1</thread>
  <message>deviceName = samsung SM-A505F (Android 9)</message>
  <nestedLevel>1</nestedLevel>
  <property name="deviceName">samsung SM-A505F (Android 9)</property>
</record>
<record>
  <date>2019-12-31T10:52:13</date>
  <millis>1577764333660</millis>
  <sequence>161</sequence>
  <level>RUN_DATA</level>
  <class>com.kms.katalon.core.logging.XmlKeywordLogger</class>
  <method>logMessage</method>
  <thread>1</thread>
  <message>deviceModel = SM-A505F</message>
  <nestedLevel>1</nestedLevel>
  <property name="deviceModel">SM-A505F</property>
</record>
<record>
  <date>2019-12-31T10:52:13</date>
  <millis>1577764333660</millis>
  <sequence>162</sequence>
  <level>RUN_DATA</level>
  <class>com.kms.katalon.core.logging.XmlKeywordLogger</class>
  <method>logMessage</method>
  <thread>1</thread>
  <message>deviceManufacturer = samsung</message>
  <nestedLevel>1</nestedLevel>
  <property name="deviceManufacturer">samsung</property>
</record>
<record>
  <date>2019-12-31T10:52:13</date>
  <millis>1577764333660</millis>
  <sequence>163</sequence>
  <level>RUN_DATA</level>
  <class>com.kms.katalon.core.logging.XmlKeywordLogger</class>
  <method>logMessage</method>
  <thread>1</thread>
  <message>deviceOS = Android</message>
  <nestedLevel>1</nestedLevel>
  <property name="deviceOS">Android</property>
</record>
<record>
  <date>2019-12-31T10:52:13</date>
  <millis>1577764333660</millis>
  <sequence>164</sequence>
  <level>RUN_DATA</level>
  <class>com.kms.katalon.core.logging.XmlKeywordLogger</class>
  <method>logMessage</method>
  <thread>1</thread>
  <message>deviceOSVersion = 9</message>
  <nestedLevel>1</nestedLevel>
  <property name="deviceOSVersion">9</property>
</record>
<record>
  <date>2019-12-31T10:52:13</date>
  <millis>1577764333672</millis>
  <sequence>165</sequence>
  <level>PASSED</level>
  <class>com.kms.katalon.core.logging.XmlKeywordLogger</class>
  <method>logMessage</method>
  <thread>1</thread>
  <message>Started app at: &amp;apos;C:\\Users\\ASUS\\Desktop\\accbid(2).apk&amp;apos;</message>
  <nestedLevel>1</nestedLevel>
</record>
<record>
  <date>2019-12-31T10:52:13</date>
  <millis>1577764333673</millis>
  <sequence>166</sequence>
  <level>END</level>
  <class>com.kms.katalon.core.logging.XmlKeywordLogger</class>
  <method>endKeyword</method>
  <thread>1</thread>
  <message>End action : startApplication(\&amp;quot;C:\\Users\\ASUS\\Desktop\\accbid(2).apk\&amp;quot;, false)</message>
  <nestedLevel>1</nestedLevel>
</record>
<record>
  <date>2019-12-31T10:52:13</date>
  <millis>1577764333673</millis>
  <sequence>167</sequence>
  <level>START</level>
  <class>com.kms.katalon.core.logging.XmlKeywordLogger</class>
  <method>startKeyword</method>
  <thread>1</thread>
  <message>Start action : callTestCase(findTestCase(\&amp;quot;Christi/User_Login\&amp;quot;), [\&amp;quot;email\&amp;quot;:\&amp;quot;christiantiangelin@gmail.com\&amp;quot;, \&amp;quot;password\&amp;quot;:\&amp;quot;Chr!st1\&amp;quot;], STOP_ON_FAILURE)</message>
  <nestedLevel>1</nestedLevel>
  <property name="startLine">18</property>
  <property name="stepIndex">2</property>
</record>
<record>
  <date>2019-12-31T10:52:13</date>
  <millis>1577764333673</millis>
  <sequence>168</sequence>
  <level>NOT_RUN</level>
  <class>com.kms.katalon.core.logging.XmlKeywordLogger</class>
  <method>logMessage</method>
  <thread>1</thread>
  <message>NOT_RUN: callTestCase(findTestCase(\&amp;quot;Christi/User_Login\&amp;quot;), [\&amp;quot;email\&amp;quot;:\&amp;quot;christiantiangelin@gmail.com\&amp;quot;, \&amp;quot;password\&amp;quot;:\&amp;quot;Chr!st1\&amp;quot;], STOP_ON_FAILURE)</message>
  <nestedLevel>1</nestedLevel>
</record>
<record>
  <date>2019-12-31T10:52:13</date>
  <millis>1577764333675</millis>
  <sequence>169</sequence>
  <level>END</level>
  <class>com.kms.katalon.core.logging.XmlKeywordLogger</class>
  <method>endKeyword</method>
  <thread>1</thread>
  <message>End action : callTestCase(findTestCase(\&amp;quot;Christi/User_Login\&amp;quot;), [\&amp;quot;email\&amp;quot;:\&amp;quot;christiantiangelin@gmail.com\&amp;quot;, \&amp;quot;password\&amp;quot;:\&amp;quot;Chr!st1\&amp;quot;], STOP_ON_FAILURE)</message>
  <nestedLevel>1</nestedLevel>
</record>
<record>
  <date>2019-12-31T10:52:13</date>
  <millis>1577764333676</millis>
  <sequence>170</sequence>
  <level>START</level>
  <class>com.kms.katalon.core.logging.XmlKeywordLogger</class>
  <method>startKeyword</method>
  <thread>1</thread>
  <message>Start action : delay(5, STOP_ON_FAILURE)</message>
  <nestedLevel>1</nestedLevel>
  <property name="startLine">21</property>
  <property name="stepIndex">3</property>
</record>
<record>
  <date>2019-12-31T10:52:18</date>
  <millis>1577764338678</millis>
  <sequence>172</sequence>
  <level>PASSED</level>
  <class>com.kms.katalon.core.logging.XmlKeywordLogger</class>
  <method>logMessage</method>
  <thread>1</thread>
  <message>Delayed 5 second(s)</message>
  <nestedLevel>1</nestedLevel>
</record>
<record>
  <date>2019-12-31T10:52:18</date>
  <millis>1577764338679</millis>
  <sequence>173</sequence>
  <level>END</level>
  <class>com.kms.katalon.core.logging.XmlKeywordLogger</class>
  <method>endKeyword</method>
  <thread>1</thread>
  <message>End action : delay(5, STOP_ON_FAILURE)</message>
  <nestedLevel>1</nestedLevel>
</record>
<record>
  <date>2019-12-31T10:52:18</date>
  <millis>1577764338680</millis>
  <sequence>174</sequence>
  <level>START</level>
  <class>com.kms.katalon.core.logging.XmlKeywordLogger</class>
  <method>startKeyword</method>
  <thread>1</thread>
  <message>Start action : mobile.Swipers.RightLeft(0.9, 0.3, 1640)</message>
  <nestedLevel>1</nestedLevel>
  <property name="startLine">23</property>
  <property name="stepIndex">4</property>
</record>
<record>
  <date>2019-12-31T10:52:19</date>
  <millis>1577764339283</millis>
  <sequence>175</sequence>
  <level>PASSED</level>
  <class>com.kms.katalon.core.logging.XmlKeywordLogger</class>
  <method>logMessage</method>
  <thread>1</thread>
  <message>Current device physical width is 1080</message>
  <nestedLevel>1</nestedLevel>
</record>
<record>
  <date>2019-12-31T10:52:19</date>
  <millis>1577764339938</millis>
  <sequence>176</sequence>
  <level>PASSED</level>
  <class>com.kms.katalon.core.logging.XmlKeywordLogger</class>
  <method>logMessage</method>
  <thread>1</thread>
  <message>Current device physical height is 2131</message>
  <nestedLevel>1</nestedLevel>
</record>
<record>
  <date>2019-12-31T10:52:19</date>
  <millis>1577764339953</millis>
  <sequence>177</sequence>
  <level>INFO</level>
  <class>com.kms.katalon.core.logging.XmlKeywordLogger</class>
  <method>logMessage</method>
  <thread>1</thread>
  <message>Device Height : 2131</message>
  <nestedLevel>1</nestedLevel>
</record>
<record>
  <date>2019-12-31T10:52:19</date>
  <millis>1577764339953</millis>
  <sequence>178</sequence>
  <level>INFO</level>
  <class>com.kms.katalon.core.logging.XmlKeywordLogger</class>
  <method>logMessage</method>
  <thread>1</thread>
  <message>Device Width : 1080</message>
  <nestedLevel>1</nestedLevel>
</record>
<record>
  <date>2019-12-31T10:52:19</date>
  <millis>1577764339953</millis>
  <sequence>179</sequence>
  <level>INFO</level>
  <class>com.kms.katalon.core.logging.XmlKeywordLogger</class>
  <method>logMessage</method>
  <thread>1</thread>
  <message>Swipe start at Width : 971</message>
  <nestedLevel>1</nestedLevel>
</record>
<record>
  <date>2019-12-31T10:52:19</date>
  <millis>1577764339954</millis>
  <sequence>180</sequence>
  <level>INFO</level>
  <class>com.kms.katalon.core.logging.XmlKeywordLogger</class>
  <method>logMessage</method>
  <thread>1</thread>
  <message>Swipe end at Witdh : 324</message>
  <nestedLevel>1</nestedLevel>
</record>
<record>
  <date>2019-12-31T10:52:19</date>
  <millis>1577764339954</millis>
  <sequence>181</sequence>
  <level>INFO</level>
  <class>com.kms.katalon.core.logging.XmlKeywordLogger</class>
  <method>logMessage</method>
  <thread>1</thread>
  <message>Y Position : 1640</message>
  <nestedLevel>1</nestedLevel>
</record>
<record>
  <date>2019-12-31T10:52:21</date>
  <millis>1577764341781</millis>
  <sequence>182</sequence>
  <level>PASSED</level>
  <class>com.kms.katalon.core.logging.XmlKeywordLogger</class>
  <method>logMessage</method>
  <thread>1</thread>
  <message>Swiped from 971,1,640 to 324,1,640</message>
  <nestedLevel>1</nestedLevel>
</record>
<record>
  <date>2019-12-31T10:52:21</date>
  <millis>1577764341793</millis>
  <sequence>183</sequence>
  <level>PASSED</level>
  <class>com.kms.katalon.core.logging.XmlKeywordLogger</class>
  <method>logMessage</method>
  <thread>1</thread>
  <message>mobile.Swipers.RightLeft is PASSED</message>
  <nestedLevel>1</nestedLevel>
</record>
<record>
  <date>2019-12-31T10:52:21</date>
  <millis>1577764341793</millis>
  <sequence>184</sequence>
  <level>END</level>
  <class>com.kms.katalon.core.logging.XmlKeywordLogger</class>
  <method>endKeyword</method>
  <thread>1</thread>
  <message>End action : mobile.Swipers.RightLeft(0.9, 0.3, 1640)</message>
  <nestedLevel>1</nestedLevel>
</record>
<record>
  <date>2019-12-31T10:52:21</date>
  <millis>1577764341793</millis>
  <sequence>185</sequence>
  <level>START</level>
  <class>com.kms.katalon.core.logging.XmlKeywordLogger</class>
  <method>startKeyword</method>
  <thread>1</thread>
  <message>Start action : mobile.Swipers.RightLeft(0.9, 0.5, 1640)</message>
  <nestedLevel>1</nestedLevel>
  <property name="startLine">25</property>
  <property name="stepIndex">5</property>
</record>
<record>
  <date>2019-12-31T10:52:22</date>
  <millis>1577764342370</millis>
  <sequence>186</sequence>
  <level>PASSED</level>
  <class>com.kms.katalon.core.logging.XmlKeywordLogger</class>
  <method>logMessage</method>
  <thread>1</thread>
  <message>Current device physical width is 1080</message>
  <nestedLevel>1</nestedLevel>
</record>
<record>
  <date>2019-12-31T10:52:22</date>
  <millis>1577764342948</millis>
  <sequence>187</sequence>
  <level>PASSED</level>
  <class>com.kms.katalon.core.logging.XmlKeywordLogger</class>
  <method>logMessage</method>
  <thread>1</thread>
  <message>Current device physical height is 2131</message>
  <nestedLevel>1</nestedLevel>
</record>
<record>
  <date>2019-12-31T10:52:22</date>
  <millis>1577764342964</millis>
  <sequence>188</sequence>
  <level>INFO</level>
  <class>com.kms.katalon.core.logging.XmlKeywordLogger</class>
  <method>logMessage</method>
  <thread>1</thread>
  <message>Device Height : 2131</message>
  <nestedLevel>1</nestedLevel>
</record>
<record>
  <date>2019-12-31T10:52:22</date>
  <millis>1577764342964</millis>
  <sequence>189</sequence>
  <level>INFO</level>
  <class>com.kms.katalon.core.logging.XmlKeywordLogger</class>
  <method>logMessage</method>
  <thread>1</thread>
  <message>Device Width : 1080</message>
  <nestedLevel>1</nestedLevel>
</record>
<record>
  <date>2019-12-31T10:52:22</date>
  <millis>1577764342965</millis>
  <sequence>190</sequence>
  <level>INFO</level>
  <class>com.kms.katalon.core.logging.XmlKeywordLogger</class>
  <method>logMessage</method>
  <thread>1</thread>
  <message>Swipe start at Width : 971</message>
  <nestedLevel>1</nestedLevel>
</record>
<record>
  <date>2019-12-31T10:52:22</date>
  <millis>1577764342965</millis>
  <sequence>191</sequence>
  <level>INFO</level>
  <class>com.kms.katalon.core.logging.XmlKeywordLogger</class>
  <method>logMessage</method>
  <thread>1</thread>
  <message>Swipe end at Witdh : 540</message>
  <nestedLevel>1</nestedLevel>
</record>
<record>
  <date>2019-12-31T10:52:22</date>
  <millis>1577764342966</millis>
  <sequence>192</sequence>
  <level>INFO</level>
  <class>com.kms.katalon.core.logging.XmlKeywordLogger</class>
  <method>logMessage</method>
  <thread>1</thread>
  <message>Y Position : 1640</message>
  <nestedLevel>1</nestedLevel>
</record>
<record>
  <date>2019-12-31T10:52:24</date>
  <millis>1577764344735</millis>
  <sequence>193</sequence>
  <level>PASSED</level>
  <class>com.kms.katalon.core.logging.XmlKeywordLogger</class>
  <method>logMessage</method>
  <thread>1</thread>
  <message>Swiped from 971,1,640 to 540,1,640</message>
  <nestedLevel>1</nestedLevel>
</record>
<record>
  <date>2019-12-31T10:52:24</date>
  <millis>1577764344748</millis>
  <sequence>194</sequence>
  <level>PASSED</level>
  <class>com.kms.katalon.core.logging.XmlKeywordLogger</class>
  <method>logMessage</method>
  <thread>1</thread>
  <message>mobile.Swipers.RightLeft is PASSED</message>
  <nestedLevel>1</nestedLevel>
</record>
<record>
  <date>2019-12-31T10:52:24</date>
  <millis>1577764344749</millis>
  <sequence>195</sequence>
  <level>END</level>
  <class>com.kms.katalon.core.logging.XmlKeywordLogger</class>
  <method>endKeyword</method>
  <thread>1</thread>
  <message>End action : mobile.Swipers.RightLeft(0.9, 0.5, 1640)</message>
  <nestedLevel>1</nestedLevel>
</record>
<record>
  <date>2019-12-31T10:52:24</date>
  <millis>1577764344749</millis>
  <sequence>196</sequence>
  <level>START</level>
  <class>com.kms.katalon.core.logging.XmlKeywordLogger</class>
  <method>startKeyword</method>
  <thread>1</thread>
  <message>Start action : delay(3, STOP_ON_FAILURE)</message>
  <nestedLevel>1</nestedLevel>
  <property name="startLine">27</property>
  <property name="stepIndex">6</property>
</record>
<record>
  <date>2019-12-31T10:52:27</date>
  <millis>1577764347751</millis>
  <sequence>198</sequence>
  <level>PASSED</level>
  <class>com.kms.katalon.core.logging.XmlKeywordLogger</class>
  <method>logMessage</method>
  <thread>1</thread>
  <message>Delayed 3 second(s)</message>
  <nestedLevel>1</nestedLevel>
</record>
<record>
  <date>2019-12-31T10:52:27</date>
  <millis>1577764347752</millis>
  <sequence>199</sequence>
  <level>END</level>
  <class>com.kms.katalon.core.logging.XmlKeywordLogger</class>
  <method>endKeyword</method>
  <thread>1</thread>
  <message>End action : delay(3, STOP_ON_FAILURE)</message>
  <nestedLevel>1</nestedLevel>
</record>
<record>
  <date>2019-12-31T10:52:27</date>
  <millis>1577764347752</millis>
  <sequence>200</sequence>
  <level>START</level>
  <class>com.kms.katalon.core.logging.XmlKeywordLogger</class>
  <method>startKeyword</method>
  <thread>1</thread>
  <message>Start action : tap(findTestObject(\&amp;quot;ikut lelang/bid manual/android.view.View0 - Lihat Semua Event Hari Ini\&amp;quot;), 0)</message>
  <nestedLevel>1</nestedLevel>
  <property name="startLine">29</property>
  <property name="stepIndex">7</property>
</record>
<record>
  <date>2019-12-31T10:52:27</date>
  <millis>1577764347892</millis>
  <sequence>204</sequence>
  <level>WARNING</level>
  <class>com.kms.katalon.core.logging.XmlKeywordLogger</class>
  <method>logMessage</method>
  <thread>1</thread>
  <message>Timeout &amp;apos;0&amp;apos; is invalid. Using default page load timeout: &amp;apos;60&amp;apos;</message>
  <nestedLevel>1</nestedLevel>
</record>
<record>
  <date>2019-12-31T10:52:32</date>
  <millis>1577764352599</millis>
  <sequence>205</sequence>
  <level>PASSED</level>
  <class>com.kms.katalon.core.logging.XmlKeywordLogger</class>
  <method>logMessage</method>
  <thread>1</thread>
  <message>Tapped on element &amp;apos;Object Repository/ikut lelang/bid manual/android.view.View0 - Lihat Semua Event Hari Ini&amp;apos;</message>
  <nestedLevel>1</nestedLevel>
</record>
<record>
  <date>2019-12-31T10:52:32</date>
  <millis>1577764352599</millis>
  <sequence>206</sequence>
  <level>END</level>
  <class>com.kms.katalon.core.logging.XmlKeywordLogger</class>
  <method>endKeyword</method>
  <thread>1</thread>
  <message>End action : tap(findTestObject(\&amp;quot;ikut lelang/bid manual/android.view.View0 - Lihat Semua Event Hari Ini\&amp;quot;), 0)</message>
  <nestedLevel>1</nestedLevel>
</record>
<record>
  <date>2019-12-31T10:52:32</date>
  <millis>1577764352600</millis>
  <sequence>207</sequence>
  <level>START</level>
  <class>com.kms.katalon.core.logging.XmlKeywordLogger</class>
  <method>startKeyword</method>
  <thread>1</thread>
  <message>Start action : delay(3, STOP_ON_FAILURE)</message>
  <nestedLevel>1</nestedLevel>
  <property name="startLine">31</property>
  <property name="stepIndex">8</property>
</record>
<record>
  <date>2019-12-31T10:52:35</date>
  <millis>1577764355604</millis>
  <sequence>209</sequence>
  <level>PASSED</level>
  <class>com.kms.katalon.core.logging.XmlKeywordLogger</class>
  <method>logMessage</method>
  <thread>1</thread>
  <message>Delayed 3 second(s)</message>
  <nestedLevel>1</nestedLevel>
</record>
<record>
  <date>2019-12-31T10:52:35</date>
  <millis>1577764355605</millis>
  <sequence>210</sequence>
  <level>END</level>
  <class>com.kms.katalon.core.logging.XmlKeywordLogger</class>
  <method>endKeyword</method>
  <thread>1</thread>
  <message>End action : delay(3, STOP_ON_FAILURE)</message>
  <nestedLevel>1</nestedLevel>
</record>
<record>
  <date>2019-12-31T10:52:35</date>
  <millis>1577764355605</millis>
  <sequence>211</sequence>
  <level>START</level>
  <class>com.kms.katalon.core.logging.XmlKeywordLogger</class>
  <method>startKeyword</method>
  <thread>1</thread>
  <message>Start action : switch (jenis_bid.toString())</message>
  <nestedLevel>1</nestedLevel>
  <property name="startLine">33</property>
  <property name="stepIndex">9</property>
</record>
<record>
  <date>2019-12-31T10:52:35</date>
  <millis>1577764355605</millis>
  <sequence>212</sequence>
  <level>START</level>
  <class>com.kms.katalon.core.logging.XmlKeywordLogger</class>
  <method>startKeyword</method>
  <thread>1</thread>
  <message>Start action : case \&amp;quot;otomatis\&amp;quot;:</message>
  <nestedLevel>2</nestedLevel>
  <property name="startLine">34</property>
  <property name="stepIndex">1</property>
</record>
<record>
  <date>2019-12-31T10:52:35</date>
  <millis>1577764355607</millis>
  <sequence>213</sequence>
  <level>START</level>
  <class>com.kms.katalon.core.logging.XmlKeywordLogger</class>
  <method>startKeyword</method>
  <thread>1</thread>
  <message>Start action : tap(findTestObject(\&amp;quot;ikut lelang/bid otomatis/android.view.View0 - IBID - Sale Akhir Tahun\&amp;quot;), 0)</message>
  <nestedLevel>3</nestedLevel>
  <property name="startLine">35</property>
  <property name="stepIndex">1</property>
</record>
<record>
  <date>2019-12-31T10:52:35</date>
  <millis>1577764355741</millis>
  <sequence>217</sequence>
  <level>WARNING</level>
  <class>com.kms.katalon.core.logging.XmlKeywordLogger</class>
  <method>logMessage</method>
  <thread>1</thread>
  <message>Timeout &amp;apos;0&amp;apos; is invalid. Using default page load timeout: &amp;apos;60&amp;apos;</message>
  <nestedLevel>1</nestedLevel>
</record>
<record>
  <date>2019-12-31T10:52:38</date>
  <millis>1577764358738</millis>
  <sequence>218</sequence>
  <level>PASSED</level>
  <class>com.kms.katalon.core.logging.XmlKeywordLogger</class>
  <method>logMessage</method>
  <thread>1</thread>
  <message>Tapped on element &amp;apos;Object Repository/ikut lelang/bid otomatis/android.view.View0 - IBID - Sale Akhir Tahun&amp;apos;</message>
  <nestedLevel>1</nestedLevel>
</record>
<record>
  <date>2019-12-31T10:52:38</date>
  <millis>1577764358739</millis>
  <sequence>219</sequence>
  <level>END</level>
  <class>com.kms.katalon.core.logging.XmlKeywordLogger</class>
  <method>endKeyword</method>
  <thread>1</thread>
  <message>End action : tap(findTestObject(\&amp;quot;ikut lelang/bid otomatis/android.view.View0 - IBID - Sale Akhir Tahun\&amp;quot;), 0)</message>
  <nestedLevel>3</nestedLevel>
</record>
<record>
  <date>2019-12-31T10:52:38</date>
  <millis>1577764358740</millis>
  <sequence>220</sequence>
  <level>START</level>
  <class>com.kms.katalon.core.logging.XmlKeywordLogger</class>
  <method>startKeyword</method>
  <thread>1</thread>
  <message>Start action : delay(3, STOP_ON_FAILURE)</message>
  <nestedLevel>3</nestedLevel>
  <property name="startLine">37</property>
  <property name="stepIndex">2</property>
</record>
<record>
  <date>2019-12-31T10:52:41</date>
  <millis>1577764361744</millis>
  <sequence>222</sequence>
  <level>PASSED</level>
  <class>com.kms.katalon.core.logging.XmlKeywordLogger</class>
  <method>logMessage</method>
  <thread>1</thread>
  <message>Delayed 3 second(s)</message>
  <nestedLevel>1</nestedLevel>
</record>
<record>
  <date>2019-12-31T10:52:41</date>
  <millis>1577764361745</millis>
  <sequence>223</sequence>
  <level>END</level>
  <class>com.kms.katalon.core.logging.XmlKeywordLogger</class>
  <method>endKeyword</method>
  <thread>1</thread>
  <message>End action : delay(3, STOP_ON_FAILURE)</message>
  <nestedLevel>3</nestedLevel>
</record>
<record>
  <date>2019-12-31T10:52:41</date>
  <millis>1577764361746</millis>
  <sequence>224</sequence>
  <level>START</level>
  <class>com.kms.katalon.core.logging.XmlKeywordLogger</class>
  <method>startKeyword</method>
  <thread>1</thread>
  <message>Start action : tap(findTestObject(\&amp;quot;ikut lelang/bid otomatis/android.widget.Button0 - Ikut Lelang\&amp;quot;), 0)</message>
  <nestedLevel>3</nestedLevel>
  <property name="startLine">39</property>
  <property name="stepIndex">3</property>
</record>
<record>
  <date>2019-12-31T10:52:41</date>
  <millis>1577764361876</millis>
  <sequence>228</sequence>
  <level>WARNING</level>
  <class>com.kms.katalon.core.logging.XmlKeywordLogger</class>
  <method>logMessage</method>
  <thread>1</thread>
  <message>Timeout &amp;apos;0&amp;apos; is invalid. Using default page load timeout: &amp;apos;60&amp;apos;</message>
  <nestedLevel>1</nestedLevel>
</record>
<record>
  <date>2019-12-31T10:52:44</date>
  <millis>1577764364048</millis>
  <sequence>229</sequence>
  <level>PASSED</level>
  <class>com.kms.katalon.core.logging.XmlKeywordLogger</class>
  <method>logMessage</method>
  <thread>1</thread>
  <message>Tapped on element &amp;apos;Object Repository/ikut lelang/bid otomatis/android.widget.Button0 - Ikut Lelang&amp;apos;</message>
  <nestedLevel>1</nestedLevel>
</record>
<record>
  <date>2019-12-31T10:52:44</date>
  <millis>1577764364049</millis>
  <sequence>230</sequence>
  <level>END</level>
  <class>com.kms.katalon.core.logging.XmlKeywordLogger</class>
  <method>endKeyword</method>
  <thread>1</thread>
  <message>End action : tap(findTestObject(\&amp;quot;ikut lelang/bid otomatis/android.widget.Button0 - Ikut Lelang\&amp;quot;), 0)</message>
  <nestedLevel>3</nestedLevel>
</record>
<record>
  <date>2019-12-31T10:52:44</date>
  <millis>1577764364049</millis>
  <sequence>231</sequence>
  <level>START</level>
  <class>com.kms.katalon.core.logging.XmlKeywordLogger</class>
  <method>startKeyword</method>
  <thread>1</thread>
  <message>Start action : delay(3, STOP_ON_FAILURE)</message>
  <nestedLevel>3</nestedLevel>
  <property name="startLine">41</property>
  <property name="stepIndex">4</property>
</record>
<record>
  <date>2019-12-31T10:52:47</date>
  <millis>1577764367052</millis>
  <sequence>233</sequence>
  <level>PASSED</level>
  <class>com.kms.katalon.core.logging.XmlKeywordLogger</class>
  <method>logMessage</method>
  <thread>1</thread>
  <message>Delayed 3 second(s)</message>
  <nestedLevel>1</nestedLevel>
</record>
<record>
  <date>2019-12-31T10:52:47</date>
  <millis>1577764367053</millis>
  <sequence>234</sequence>
  <level>END</level>
  <class>com.kms.katalon.core.logging.XmlKeywordLogger</class>
  <method>endKeyword</method>
  <thread>1</thread>
  <message>End action : delay(3, STOP_ON_FAILURE)</message>
  <nestedLevel>3</nestedLevel>
</record>
<record>
  <date>2019-12-31T10:52:47</date>
  <millis>1577764367053</millis>
  <sequence>235</sequence>
  <level>START</level>
  <class>com.kms.katalon.core.logging.XmlKeywordLogger</class>
  <method>startKeyword</method>
  <thread>1</thread>
  <message>Start action : tap(findTestObject(\&amp;quot;ikut lelang/bid otomatis/android.widget.Button0 - Bid Otomatis\&amp;quot;), 0)</message>
  <nestedLevel>3</nestedLevel>
  <property name="startLine">43</property>
  <property name="stepIndex">5</property>
</record>
<record>
  <date>2019-12-31T10:52:47</date>
  <millis>1577764367163</millis>
  <sequence>239</sequence>
  <level>WARNING</level>
  <class>com.kms.katalon.core.logging.XmlKeywordLogger</class>
  <method>logMessage</method>
  <thread>1</thread>
  <message>Timeout &amp;apos;0&amp;apos; is invalid. Using default page load timeout: &amp;apos;60&amp;apos;</message>
  <nestedLevel>1</nestedLevel>
</record>
<record>
  <date>2019-12-31T10:52:50</date>
  <millis>1577764370564</millis>
  <sequence>240</sequence>
  <level>PASSED</level>
  <class>com.kms.katalon.core.logging.XmlKeywordLogger</class>
  <method>logMessage</method>
  <thread>1</thread>
  <message>Tapped on element &amp;apos;Object Repository/ikut lelang/bid otomatis/android.widget.Button0 - Bid Otomatis&amp;apos;</message>
  <nestedLevel>1</nestedLevel>
</record>
<record>
  <date>2019-12-31T10:52:50</date>
  <millis>1577764370565</millis>
  <sequence>241</sequence>
  <level>END</level>
  <class>com.kms.katalon.core.logging.XmlKeywordLogger</class>
  <method>endKeyword</method>
  <thread>1</thread>
  <message>End action : tap(findTestObject(\&amp;quot;ikut lelang/bid otomatis/android.widget.Button0 - Bid Otomatis\&amp;quot;), 0)</message>
  <nestedLevel>3</nestedLevel>
</record>
<record>
  <date>2019-12-31T10:52:50</date>
  <millis>1577764370566</millis>
  <sequence>242</sequence>
  <level>START</level>
  <class>com.kms.katalon.core.logging.XmlKeywordLogger</class>
  <method>startKeyword</method>
  <thread>1</thread>
  <message>Start action : delay(3, STOP_ON_FAILURE)</message>
  <nestedLevel>3</nestedLevel>
  <property name="startLine">45</property>
  <property name="stepIndex">6</property>
</record>
<record>
  <date>2019-12-31T10:52:53</date>
  <millis>1577764373571</millis>
  <sequence>244</sequence>
  <level>PASSED</level>
  <class>com.kms.katalon.core.logging.XmlKeywordLogger</class>
  <method>logMessage</method>
  <thread>1</thread>
  <message>Delayed 3 second(s)</message>
  <nestedLevel>1</nestedLevel>
</record>
<record>
  <date>2019-12-31T10:52:53</date>
  <millis>1577764373572</millis>
  <sequence>245</sequence>
  <level>END</level>
  <class>com.kms.katalon.core.logging.XmlKeywordLogger</class>
  <method>endKeyword</method>
  <thread>1</thread>
  <message>End action : delay(3, STOP_ON_FAILURE)</message>
  <nestedLevel>3</nestedLevel>
</record>
<record>
  <date>2019-12-31T10:52:53</date>
  <millis>1577764373572</millis>
  <sequence>246</sequence>
  <level>START</level>
  <class>com.kms.katalon.core.logging.XmlKeywordLogger</class>
  <method>startKeyword</method>
  <thread>1</thread>
  <message>Start action : switch (status_penawaran.toString())</message>
  <nestedLevel>3</nestedLevel>
  <property name="startLine">47</property>
  <property name="stepIndex">7</property>
</record>
<record>
  <date>2019-12-31T10:52:53</date>
  <millis>1577764373573</millis>
  <sequence>247</sequence>
  <level>START</level>
  <class>com.kms.katalon.core.logging.XmlKeywordLogger</class>
  <method>startKeyword</method>
  <thread>1</thread>
  <message>Start action : case \&amp;quot;lebih dari harga penawaran\&amp;quot;:</message>
  <nestedLevel>4</nestedLevel>
  <property name="startLine">72</property>
  <property name="stepIndex">3</property>
</record>
<record>
  <date>2019-12-31T10:52:53</date>
  <millis>1577764373573</millis>
  <sequence>248</sequence>
  <level>START</level>
  <class>com.kms.katalon.core.logging.XmlKeywordLogger</class>
  <method>startKeyword</method>
  <thread>1</thread>
  <message>Start action : setText(findTestObject(\&amp;quot;ikut lelang/bid manual/android.widget.EditText0\&amp;quot;), harga_penawaran, 0)</message>
  <nestedLevel>5</nestedLevel>
  <property name="startLine">73</property>
  <property name="stepIndex">1</property>
</record>
<record>
  <date>2019-12-31T10:52:53</date>
  <millis>1577764373707</millis>
  <sequence>252</sequence>
  <level>WARNING</level>
  <class>com.kms.katalon.core.logging.XmlKeywordLogger</class>
  <method>logMessage</method>
  <thread>1</thread>
  <message>Timeout &amp;apos;0&amp;apos; is invalid. Using default page load timeout: &amp;apos;60&amp;apos;</message>
  <nestedLevel>1</nestedLevel>
</record>
<record>
  <date>2019-12-31T10:53:55</date>
  <millis>1577764435229</millis>
  <sequence>253</sequence>
  <level>FAILED</level>
  <class>com.kms.katalon.core.logging.XmlKeywordLogger</class>
  <method>logMessage</method>
  <thread>1</thread>
  <message>Object Object Repository/ikut lelang/bid manual/android.widget.EditText0 not found</message>
  <nestedLevel>1</nestedLevel>
  <property name="attachment">1577764433757.png</property>
</record>
<record>
  <date>2019-12-31T10:53:56</date>
  <millis>1577764436422</millis>
  <sequence>256</sequence>
  <level>FAILED</level>
  <class>com.kms.katalon.core.logging.XmlKeywordLogger</class>
  <method>logMessage</method>
  <thread>1</thread>
  <message>Failed to set text into element (Root cause: com.kms.katalon.core.exception.StepFailedException: Object Object Repository/ikut lelang/bid manual/android.widget.EditText0 not found\r\n\tat com.kms.katalon.core.keyword.internal.KeywordMain.stepFailed(KeywordMain.groovy:50)\r\n\tat com.kms.katalon.core.mobile.keyword.internal.MobileKeywordMain.stepFailed(MobileKeywordMain.groovy:40)\r\n\tat com.kms.katalon.core.mobile.keyword.builtin.SetTextKeyword$_setText_closure1.doCall(SetTextKeyword.groovy:76)\r\n\tat com.kms.katalon.core.mobile.keyword.builtin.SetTextKeyword$_setText_closure1.call(SetTextKeyword.groovy)\r\n\tat com.kms.katalon.core.mobile.keyword.internal.MobileKeywordMain.runKeyword(MobileKeywordMain.groovy:21)\r\n\tat com.kms.katalon.core.mobile.keyword.builtin.SetTextKeyword.setText(SetTextKeyword.groovy:83)\r\n\tat com.kms.katalon.core.mobile.keyword.builtin.SetTextKeyword.execute(SetTextKeyword.groovy:66)\r\n\tat com.kms.katalon.core.keyword.internal.KeywordExecutor.executeKeywordForPlatform(KeywordExecutor.groovy:56)\r\n\tat com.kms.katalon.core.mobile.keyword.MobileBuiltInKeywords.setText(MobileBuiltInKeywords.groovy:491)\r\n\tat com.kms.katalon.core.mobile.keyword.MobileBuiltInKeywords$setText$4.call(Unknown Source)\r\n\tat New Test Case.run(New Test Case:73)\r\n\tat com.kms.katalon.core.main.ScriptEngine.run(ScriptEngine.java:194)\r\n\tat com.kms.katalon.core.main.ScriptEngine.runScriptAsRawText(ScriptEngine.java:119)\r\n\tat com.kms.katalon.core.main.TestCaseExecutor.runScript(TestCaseExecutor.java:337)\r\n\tat com.kms.katalon.core.main.TestCaseExecutor.doExecute(TestCaseExecutor.java:328)\r\n\tat com.kms.katalon.core.main.TestCaseExecutor.processExecutionPhase(TestCaseExecutor.java:307)\r\n\tat com.kms.katalon.core.main.TestCaseExecutor.accessMainPhase(TestCaseExecutor.java:299)\r\n\tat com.kms.katalon.core.main.TestCaseExecutor.execute(TestCaseExecutor.java:233)\r\n\tat com.kms.katalon.core.main.TestSuiteExecutor.accessTestCaseMainPhase(TestSuiteExecutor.java:150)\r\n\tat com.kms.katalon.core.main.TestSuiteExecutor.accessTestSuiteMainPhase(TestSuiteExecutor.java:123)\r\n\tat com.kms.katalon.core.main.TestSuiteExecutor.execute(TestSuiteExecutor.java:87)\r\n\tat com.kms.katalon.core.main.TestCaseMain.startTestSuite(TestCaseMain.java:157)\r\n\tat com.kms.katalon.core.main.TestCaseMain$startTestSuite$0.call(Unknown Source)\r\n\tat TempTestSuite1577764222760.run(TempTestSuite1577764222760.groovy:35)\r\n)</message>
  <nestedLevel>1</nestedLevel>
  <property name="failed.exception.class">com.kms.katalon.core.exception.StepFailedException</property>
  <property name="attachment">1577764435229.png</property>
  <property name="failed.exception.stacktrace">com.kms.katalon.core.exception.StepFailedException: Object Object Repository/ikut lelang/bid manual/android.widget.EditText0 not found\r\n\tat com.kms.katalon.core.keyword.internal.KeywordMain.stepFailed(KeywordMain.groovy:50)\r\n\tat com.kms.katalon.core.mobile.keyword.internal.MobileKeywordMain.stepFailed(MobileKeywordMain.groovy:40)\r\n\tat com.kms.katalon.core.mobile.keyword.builtin.SetTextKeyword$_setText_closure1.doCall(SetTextKeyword.groovy:76)\r\n\tat com.kms.katalon.core.mobile.keyword.builtin.SetTextKeyword$_setText_closure1.call(SetTextKeyword.groovy)\r\n\tat com.kms.katalon.core.mobile.keyword.internal.MobileKeywordMain.runKeyword(MobileKeywordMain.groovy:21)\r\n\tat com.kms.katalon.core.mobile.keyword.builtin.SetTextKeyword.setText(SetTextKeyword.groovy:83)\r\n\tat com.kms.katalon.core.mobile.keyword.builtin.SetTextKeyword.execute(SetTextKeyword.groovy:66)\r\n\tat com.kms.katalon.core.keyword.internal.KeywordExecutor.executeKeywordForPlatform(KeywordExecutor.groovy:56)\r\n\tat com.kms.katalon.core.mobile.keyword.MobileBuiltInKeywords.setText(MobileBuiltInKeywords.groovy:491)\r\n\tat com.kms.katalon.core.mobile.keyword.MobileBuiltInKeywords$setText$4.call(Unknown Source)\r\n\tat New Test Case.run(New Test Case:73)\r\n\tat com.kms.katalon.core.main.ScriptEngine.run(ScriptEngine.java:194)\r\n\tat com.kms.katalon.core.main.ScriptEngine.runScriptAsRawText(ScriptEngine.java:119)\r\n\tat com.kms.katalon.core.main.TestCaseExecutor.runScript(TestCaseExecutor.java:337)\r\n\tat com.kms.katalon.core.main.TestCaseExecutor.doExecute(TestCaseExecutor.java:328)\r\n\tat com.kms.katalon.core.main.TestCaseExecutor.processExecutionPhase(TestCaseExecutor.java:307)\r\n\tat com.kms.katalon.core.main.TestCaseExecutor.accessMainPhase(TestCaseExecutor.java:299)\r\n\tat com.kms.katalon.core.main.TestCaseExecutor.execute(TestCaseExecutor.java:233)\r\n\tat com.kms.katalon.core.main.TestSuiteExecutor.accessTestCaseMainPhase(TestSuiteExecutor.java:150)\r\n\tat com.kms.katalon.core.main.TestSuiteExecutor.accessTestSuiteMainPhase(TestSuiteExecutor.java:123)\r\n\tat com.kms.katalon.core.main.TestSuiteExecutor.execute(TestSuiteExecutor.java:87)\r\n\tat com.kms.katalon.core.main.TestCaseMain.startTestSuite(TestCaseMain.java:157)\r\n\tat com.kms.katalon.core.main.TestCaseMain$startTestSuite$0.call(Unknown Source)\r\n\tat TempTestSuite1577764222760.run(TempTestSuite1577764222760.groovy:35)\r\n</property>
  <property name="failed.exception.message">Object Object Repository/ikut lelang/bid manual/android.widget.EditText0 not found</property>
</record>
<record>
  <date>2019-12-31T10:53:56</date>
  <millis>1577764436424</millis>
  <sequence>257</sequence>
  <level>END</level>
  <class>com.kms.katalon.core.logging.XmlKeywordLogger</class>
  <method>endKeyword</method>
  <thread>1</thread>
  <message>End action : setText(findTestObject(\&amp;quot;ikut lelang/bid manual/android.widget.EditText0\&amp;quot;), harga_penawaran, 0)</message>
  <nestedLevel>5</nestedLevel>
</record>
<record>
  <date>2019-12-31T10:53:56</date>
  <millis>1577764436425</millis>
  <sequence>258</sequence>
  <level>END</level>
  <class>com.kms.katalon.core.logging.XmlKeywordLogger</class>
  <method>endKeyword</method>
  <thread>1</thread>
  <message>End action : case \&amp;quot;lebih dari harga penawaran\&amp;quot;:</message>
  <nestedLevel>4</nestedLevel>
</record>
<record>
  <date>2019-12-31T10:53:56</date>
  <millis>1577764436425</millis>
  <sequence>259</sequence>
  <level>END</level>
  <class>com.kms.katalon.core.logging.XmlKeywordLogger</class>
  <method>endKeyword</method>
  <thread>1</thread>
  <message>End action : switch (status_penawaran.toString())</message>
  <nestedLevel>3</nestedLevel>
</record>
<record>
  <date>2019-12-31T10:53:56</date>
  <millis>1577764436425</millis>
  <sequence>260</sequence>
  <level>END</level>
  <class>com.kms.katalon.core.logging.XmlKeywordLogger</class>
  <method>endKeyword</method>
  <thread>1</thread>
  <message>End action : case \&amp;quot;otomatis\&amp;quot;:</message>
  <nestedLevel>2</nestedLevel>
</record>
<record>
  <date>2019-12-31T10:53:56</date>
  <millis>1577764436425</millis>
  <sequence>261</sequence>
  <level>END</level>
  <class>com.kms.katalon.core.logging.XmlKeywordLogger</class>
  <method>endKeyword</method>
  <thread>1</thread>
  <message>End action : switch (jenis_bid.toString())</message>
  <nestedLevel>1</nestedLevel>
</record>
<record>
  <date>2019-12-31T10:53:56</date>
  <millis>1577764436428</millis>
  <sequence>263</sequence>
  <level>FAILED</level>
  <class>com.kms.katalon.core.logging.XmlKeywordLogger</class>
  <method>logMessage</method>
  <thread>1</thread>
  <message>Test Cases/Christi/New Test Case FAILED.\nReason:\ncom.kms.katalon.core.exception.StepFailedException: Object Object Repository/ikut lelang/bid manual/android.widget.EditText0 not found\r\n\tat com.kms.katalon.core.keyword.internal.KeywordMain.stepFailed(KeywordMain.groovy:50)\r\n\tat com.kms.katalon.core.mobile.keyword.internal.MobileKeywordMain.stepFailed(MobileKeywordMain.groovy:40)\r\n\tat com.kms.katalon.core.mobile.keyword.builtin.SetTextKeyword$_setText_closure1.doCall(SetTextKeyword.groovy:76)\r\n\tat com.kms.katalon.core.mobile.keyword.builtin.SetTextKeyword$_setText_closure1.call(SetTextKeyword.groovy)\r\n\tat com.kms.katalon.core.mobile.keyword.internal.MobileKeywordMain.runKeyword(MobileKeywordMain.groovy:21)\r\n\tat com.kms.katalon.core.mobile.keyword.builtin.SetTextKeyword.setText(SetTextKeyword.groovy:83)\r\n\tat com.kms.katalon.core.mobile.keyword.builtin.SetTextKeyword.execute(SetTextKeyword.groovy:66)\r\n\tat com.kms.katalon.core.keyword.internal.KeywordExecutor.executeKeywordForPlatform(KeywordExecutor.groovy:56)\r\n\tat com.kms.katalon.core.mobile.keyword.MobileBuiltInKeywords.setText(MobileBuiltInKeywords.groovy:491)\r\n\tat com.kms.katalon.core.mobile.keyword.MobileBuiltInKeywords$setText$4.call(Unknown Source)\r\n\tat New Test Case.run(New Test Case:73)\r\n\tat com.kms.katalon.core.main.ScriptEngine.run(ScriptEngine.java:194)\r\n\tat com.kms.katalon.core.main.ScriptEngine.runScriptAsRawText(ScriptEngine.java:119)\r\n\tat com.kms.katalon.core.main.TestCaseExecutor.runScript(TestCaseExecutor.java:337)\r\n\tat com.kms.katalon.core.main.TestCaseExecutor.doExecute(TestCaseExecutor.java:328)\r\n\tat com.kms.katalon.core.main.TestCaseExecutor.processExecutionPhase(TestCaseExecutor.java:307)\r\n\tat com.kms.katalon.core.main.TestCaseExecutor.accessMainPhase(TestCaseExecutor.java:299)\r\n\tat com.kms.katalon.core.main.TestCaseExecutor.execute(TestCaseExecutor.java:233)\r\n\tat com.kms.katalon.core.main.TestSuiteExecutor.accessTestCaseMainPhase(TestSuiteExecutor.java:150)\r\n\tat com.kms.katalon.core.main.TestSuiteExecutor.accessTestSuiteMainPhase(TestSuiteExecutor.java:123)\r\n\tat com.kms.katalon.core.main.TestSuiteExecutor.execute(TestSuiteExecutor.java:87)\r\n\tat com.kms.katalon.core.main.TestCaseMain.startTestSuite(TestCaseMain.java:157)\r\n\tat com.kms.katalon.core.main.TestCaseMain$startTestSuite$0.call(Unknown Source)\r\n\tat TempTestSuite1577764222760.run(TempTestSuite1577764222760.groovy:35)\r\n</message>
  <exception>
    <message>com.kms.katalon.core.exception.StepFailedException: Object Object Repository/ikut lelang/bid manual/android.widget.EditText0 not found</message>
    <frame>
      <class>com.kms.katalon.core.keyword.internal.KeywordMain</class>
      <method>stepFailed</method>
      <line>50</line>
    </frame>
    <frame>
      <class>com.kms.katalon.core.mobile.keyword.internal.MobileKeywordMain</class>
      <method>stepFailed</method>
      <line>40</line>
    </frame>
    <frame>
      <class>com.kms.katalon.core.mobile.keyword.builtin.SetTextKeyword$_setText_closure1</class>
      <method>doCall</method>
      <line>76</line>
    </frame>
    <frame>
      <class>com.kms.katalon.core.mobile.keyword.builtin.SetTextKeyword$_setText_closure1</class>
      <method>call</method>
    </frame>
    <frame>
      <class>com.kms.katalon.core.mobile.keyword.internal.MobileKeywordMain</class>
      <method>runKeyword</method>
      <line>21</line>
    </frame>
    <frame>
      <class>com.kms.katalon.core.mobile.keyword.builtin.SetTextKeyword</class>
      <method>setText</method>
      <line>83</line>
    </frame>
    <frame>
      <class>com.kms.katalon.core.mobile.keyword.builtin.SetTextKeyword</class>
      <method>execute</method>
      <line>66</line>
    </frame>
    <frame>
      <class>com.kms.katalon.core.keyword.internal.KeywordExecutor</class>
      <method>executeKeywordForPlatform</method>
      <line>56</line>
    </frame>
    <frame>
      <class>com.kms.katalon.core.mobile.keyword.MobileBuiltInKeywords</class>
      <method>setText</method>
      <line>491</line>
    </frame>
    <frame>
      <class>com.kms.katalon.core.mobile.keyword.MobileBuiltInKeywords$setText$4</class>
      <method>call</method>
    </frame>
    <frame>
      <class>New Test Case</class>
      <method>run</method>
      <line>73</line>
    </frame>
    <frame>
      <class>com.kms.katalon.core.main.ScriptEngine</class>
      <method>run</method>
      <line>194</line>
    </frame>
    <frame>
      <class>com.kms.katalon.core.main.ScriptEngine</class>
      <method>runScriptAsRawText</method>
      <line>119</line>
    </frame>
    <frame>
      <class>com.kms.katalon.core.main.TestCaseExecutor</class>
      <method>runScript</method>
      <line>337</line>
    </frame>
    <frame>
      <class>com.kms.katalon.core.main.TestCaseExecutor</class>
      <method>doExecute</method>
      <line>328</line>
    </frame>
    <frame>
      <class>com.kms.katalon.core.main.TestCaseExecutor</class>
      <method>processExecutionPhase</method>
      <line>307</line>
    </frame>
    <frame>
      <class>com.kms.katalon.core.main.TestCaseExecutor</class>
      <method>accessMainPhase</method>
      <line>299</line>
    </frame>
    <frame>
      <class>com.kms.katalon.core.main.TestCaseExecutor</class>
      <method>execute</method>
      <line>233</line>
    </frame>
    <frame>
      <class>com.kms.katalon.core.main.TestSuiteExecutor</class>
      <method>accessTestCaseMainPhase</method>
      <line>150</line>
    </frame>
    <frame>
      <class>com.kms.katalon.core.main.TestSuiteExecutor</class>
      <method>accessTestSuiteMainPhase</method>
      <line>123</line>
    </frame>
    <frame>
      <class>com.kms.katalon.core.main.TestSuiteExecutor</class>
      <method>execute</method>
      <line>87</line>
    </frame>
    <frame>
      <class>com.kms.katalon.core.main.TestCaseMain</class>
      <method>startTestSuite</method>
      <line>157</line>
    </frame>
    <frame>
      <class>com.kms.katalon.core.main.TestCaseMain$startTestSuite$0</class>
      <method>call</method>
    </frame>
    <frame>
      <class>TempTestSuite1577764222760</class>
      <method>run</method>
      <line>35</line>
    </frame>
  </exception>
  <nestedLevel>0</nestedLevel>
  <property name="failed.exception.stacktrace">com.kms.katalon.core.exception.StepFailedException: Object Object Repository/ikut lelang/bid manual/android.widget.EditText0 not found\r\n\tat com.kms.katalon.core.keyword.internal.KeywordMain.stepFailed(KeywordMain.groovy:50)\r\n\tat com.kms.katalon.core.mobile.keyword.internal.MobileKeywordMain.stepFailed(MobileKeywordMain.groovy:40)\r\n\tat com.kms.katalon.core.mobile.keyword.builtin.SetTextKeyword$_setText_closure1.doCall(SetTextKeyword.groovy:76)\r\n\tat com.kms.katalon.core.mobile.keyword.builtin.SetTextKeyword$_setText_closure1.call(SetTextKeyword.groovy)\r\n\tat com.kms.katalon.core.mobile.keyword.internal.MobileKeywordMain.runKeyword(MobileKeywordMain.groovy:21)\r\n\tat com.kms.katalon.core.mobile.keyword.builtin.SetTextKeyword.setText(SetTextKeyword.groovy:83)\r\n\tat com.kms.katalon.core.mobile.keyword.builtin.SetTextKeyword.execute(SetTextKeyword.groovy:66)\r\n\tat com.kms.katalon.core.keyword.internal.KeywordExecutor.executeKeywordForPlatform(KeywordExecutor.groovy:56)\r\n\tat com.kms.katalon.core.mobile.keyword.MobileBuiltInKeywords.setText(MobileBuiltInKeywords.groovy:491)\r\n\tat com.kms.katalon.core.mobile.keyword.MobileBuiltInKeywords$setText$4.call(Unknown Source)\r\n\tat New Test Case.run(New Test Case:73)\r\n\tat com.kms.katalon.core.main.ScriptEngine.run(ScriptEngine.java:194)\r\n\tat com.kms.katalon.core.main.ScriptEngine.runScriptAsRawText(ScriptEngine.java:119)\r\n\tat com.kms.katalon.core.main.TestCaseExecutor.runScript(TestCaseExecutor.java:337)\r\n\tat com.kms.katalon.core.main.TestCaseExecutor.doExecute(TestCaseExecutor.java:328)\r\n\tat com.kms.katalon.core.main.TestCaseExecutor.processExecutionPhase(TestCaseExecutor.java:307)\r\n\tat com.kms.katalon.core.main.TestCaseExecutor.accessMainPhase(TestCaseExecutor.java:299)\r\n\tat com.kms.katalon.core.main.TestCaseExecutor.execute(TestCaseExecutor.java:233)\r\n\tat com.kms.katalon.core.main.TestSuiteExecutor.accessTestCaseMainPhase(TestSuiteExecutor.java:150)\r\n\tat com.kms.katalon.core.main.TestSuiteExecutor.accessTestSuiteMainPhase(TestSuiteExecutor.java:123)\r\n\tat com.kms.katalon.core.main.TestSuiteExecutor.execute(TestSuiteExecutor.java:87)\r\n\tat com.kms.katalon.core.main.TestCaseMain.startTestSuite(TestCaseMain.java:157)\r\n\tat com.kms.katalon.core.main.TestCaseMain$startTestSuite$0.call(Unknown Source)\r\n\tat TempTestSuite1577764222760.run(TempTestSuite1577764222760.groovy:35)\r\n</property>
  <property name="failed.exception.class">com.kms.katalon.core.exception.StepFailedException</property>
  <property name="failed.exception.message">Object Object Repository/ikut lelang/bid manual/android.widget.EditText0 not found</property>
</record>
<record>
  <date>2019-12-31T10:53:56</date>
  <millis>1577764436432</millis>
  <sequence>265</sequence>
  <level>END</level>
  <class>com.kms.katalon.core.logging.XmlKeywordLogger</class>
  <method>endTest</method>
  <thread>1</thread>
  <message>End Test Case : Test Cases/Christi/New Test Case</message>
  <nestedLevel>0</nestedLevel>
</record>
<record>
  <date>2019-12-31T10:53:59</date>
  <millis>1577764439071</millis>
  <sequence>266</sequence>
  <level>END</level>
  <class>com.kms.katalon.core.logging.XmlKeywordLogger</class>
  <method>endSuite</method>
  <thread>1</thread>
  <message>End Test Suite : Test Suites/ACC Bid</message>
  <nestedLevel>0</nestedLevel>
</record>
</log>