[35m[Appium][39m Welcome to Appium v1.8.1
[35m[Appium][39m Non-default server args:
[35m[Appium][39m   port: 54434
[35m[Appium][39m   loglevel: info
[35m[Appium][39m   chromeDriverPort: 54436
[35m[Appium][39m   tmpDir: C:\Users\Intan\AppData\Local\Temp\\Katalon\Appium\Temp1572180164554
[35m[Appium][39m Appium REST http interface listener started on 0.0.0.0:54434
[35m[HTTP][39m [37m-->[39m [37mGET[39m [37m/wd/hub/status[39m
[35m[HTTP][39m [90m{}[39m
[35m[HTTP][39m [37m<-- GET /wd/hub/status [39m[32m200[39m [90m20 ms - 83[39m
[35m[HTTP][39m [90m[39m
[35m[HTTP][39m [37m-->[39m [37mPOST[39m [37m/wd/hub/session[39m
[35m[HTTP][39m [90m{"desiredCapabilities":{"app":"C:\\Users\\Intan\\git\\ACCBid-Mobile\\accbid.apk","noReset":true,"deviceId":"","deviceName":"emulator-5554 (Android SDK built for x86 - Android 9)","fullReset":false,"platform":"ANDROID","newCommandTimeout":1800,"platformVersion":"9","automationName":"uiautomator2","autoGrantPermissions":true,"unicodeKeyboard":true,"platformName":"Android","udid":"emulator-5554","resetKeyboard":true,"systemPort":54433},"capabilities":{"firstMatch":[{"appium:app":"C:\\Users\\Intan\\git\\ACCBid-Mobile\\accbid.apk","appium:autoGrantPermissions":true,"appium:automationName":"uiautomator2","deviceId":"","appium:deviceName":"emulator-5554 (Android SDK built for x86 - Android 9)","appium:fullReset":false,"appium:newCommandTimeout":1800,"appium:noReset":true,"platform":"ANDROID","platformName":"android","appium:platformVersion":"9","appium:resetKeyboard":true,"appium:systemPort":54433,"appium:udid":"emulator-5554","appium:unicodeKeyboard":true}]}}[39m
[35m[BaseDriver][39m The capabilities ["deviceId","platform"] are not standard capabilities and should have an extension prefix
[35m[Appium][39m Creating new AndroidUiautomator2Driver (v1.12.0) session
[35m[Appium][39m Capabilities:
[35m[Appium][39m   deviceId: 
[35m[Appium][39m   platform: ANDROID
[35m[Appium][39m   platformName: android
[35m[Appium][39m   app: C:\Users\Intan\git\ACCBid-Mobile\accbid.apk
[35m[Appium][39m   autoGrantPermissions: true
[35m[Appium][39m   automationName: uiautomator2
[35m[Appium][39m   deviceName: emulator-5554 (Android SDK built for x86 - Android 9)
[35m[Appium][39m   fullReset: false
[35m[Appium][39m   newCommandTimeout: 1800
[35m[Appium][39m   noReset: true
[35m[Appium][39m   platformVersion: 9
[35m[Appium][39m   resetKeyboard: true
[35m[Appium][39m   systemPort: 54433
[35m[Appium][39m   udid: emulator-5554
[35m[Appium][39m   unicodeKeyboard: true
[35m[BaseDriver][39m The following capabilities were provided, but are not recognized by appium: deviceId, platform.
[35m[BaseDriver][39m Session created with session id: aefbab5c-7c06-4786-869d-158cb4a20f18
[35m[BaseDriver][39m Using local app 'C:\Users\Intan\git\ACCBid-Mobile\accbid.apk'
[35m[AndroidDriver][39m Java version is: 1.8.0_181
[35m[ADB][39m Checking whether adb is present
[35m[ADB][39m Found 1 'build-tools' folders under 'C:\Users\Intan\.katalon\tools\android_sdk' (newest first):
[35m[ADB][39m     C:/Users/Intan/.katalon/tools/android_sdk/build-tools/29.0.2
[35m[ADB][39m Using adb.exe from C:\Users\Intan\.katalon\tools\android_sdk\platform-tools\adb.exe
[35m[AndroidDriver][39m Retrieving device list
[35m[AndroidDriver][39m Using device: emulator-5554
[35m[ADB][39m Using the alternative activity name detection method because of: Could not find apkanalyzer.bat in C:\Users\Intan\.katalon\tools\android_sdk\platform-tools\apkanalyzer.bat,C:\Users\Intan\.katalon\tools\android_sdk\emulator\apkanalyzer.bat,C:\Users\Intan\.katalon\tools\android_sdk\tools\apkanalyzer.bat,C:\Users\Intan\.katalon\tools\android_sdk\tools\bin\apkanalyzer.bat,C:\Users\Intan\.katalon\tools\android_sdk\build-tools\29.0.2\apkanalyzer.bat. Do you have the Android SDK installed at 'C:\Users\Intan\.katalon\tools\android_sdk'?
[35m[ADB][39m Checking whether aapt is present
[35m[ADB][39m Using aapt.exe from C:\Users\Intan\.katalon\tools\android_sdk\build-tools\29.0.2\aapt.exe
[35m[ADB][39m Extracting package and launch activity from manifest
[35m[ADB][39m Package name: 'com.outsystemsenterprise.acctst1.BidMart'
[35m[ADB][39m Main activity name: 'com.outsystemsenterprise.acctst1.BidMart.MainActivity'
[35m[ADB][39m Getting device platform version
[35m[ADB][39m Using apksigner.bat from C:\Users\Intan\.katalon\tools\android_sdk\build-tools\29.0.2\apksigner.bat
[35m[ADB][39m Checking whether zipalign is present
[35m[ADB][39m Using zipalign.exe from C:\Users\Intan\.katalon\tools\android_sdk\build-tools\29.0.2\zipalign.exe
[35m[ADB][39m io.appium.uiautomator2.server was successfully uninstalled
[35m[ADB][39m io.appium.uiautomator2.server.test was successfully uninstalled
[35m[AndroidDriver][39m setDeviceLanguageCountry requires language or country.
[35m[AndroidDriver][39m Got language: 'null' and country: 'null'
[35m[ADB][39m Successfully extracted 23 strings from 'C:\Users\Intan\git\ACCBid-Mobile\accbid.apk' resources for '(default)' configuration
[35m[UiAutomator2][39m Starting uiautomator2 server 1.12.0
[35m[UiAutomator2][39m Using UIAutomator2 server from 'C:\Users\Intan\AppData\Roaming\npm\node_modules\appium\node_modules\appium-uiautomator2-server\apks\appium-uiautomator2-server-v1.12.0.apk' and test from 'C:\Users\Intan\AppData\Roaming\npm\node_modules\appium\node_modules\appium-uiautomator2-server\apks\appium-uiautomator2-server-debug-androidTest.apk'
[35m[UiAutomator2][39m Running command: 'adb -s emulator-5554 shell am instrument -w io.appium.uiautomator2.server.test/android.support.test.runner.AndroidJUnitRunner'
[35m[UiAutomator2][39m Waiting up to 20000ms for UiAutomator2 to be online...
[35m[AndroidDriver][39m Screen already unlocked, doing nothing
[35m[UiAutomator2][39m UiAutomator2 did not start the activity we were waiting for, 'com.outsystemsenterprise.acctst1.BidMart/com.outsystemsenterprise.acctst1.BidMart.MainActivity'. Starting it ourselves
[35m[Appium][39m New AndroidUiautomator2Driver session created successfully, session aefbab5c-7c06-4786-869d-158cb4a20f18 added to master session list
[35m[HTTP][39m [37m<-- POST /wd/hub/session [39m[32m200[39m [90m38705 ms - 1383[39m
[35m[HTTP][39m [90m[39m
[35m[HTTP][39m [37m-->[39m [37mGET[39m [37m/wd/hub/session/aefbab5c-7c06-4786-869d-158cb4a20f18[39m
[35m[HTTP][39m [90m{}[39m
[35m[HTTP][39m [37m<-- GET /wd/hub/session/aefbab5c-7c06-4786-869d-158cb4a20f18 [39m[32m200[39m [90m37 ms - 1315[39m
[35m[HTTP][39m [90m[39m
[35m[HTTP][39m [37m-->[39m [37mGET[39m [37m/wd/hub/session/aefbab5c-7c06-4786-869d-158cb4a20f18[39m
[35m[HTTP][39m [90m{}[39m
[35m[HTTP][39m [37m<-- GET /wd/hub/session/aefbab5c-7c06-4786-869d-158cb4a20f18 [39m[32m200[39m [90m25 ms - 1315[39m
[35m[HTTP][39m [90m[39m
[35m[HTTP][39m [37m-->[39m [37mGET[39m [37m/wd/hub/status[39m
[35m[HTTP][39m [90m{}[39m
[35m[HTTP][39m [37m<-- GET /wd/hub/status [39m[32m200[39m [90m4 ms - 55[39m
[35m[HTTP][39m [90m[39m
[35m[HTTP][39m [37m-->[39m [37mPOST[39m [37m/wd/hub/session/aefbab5c-7c06-4786-869d-158cb4a20f18/timeouts[39m
[35m[HTTP][39m [90m{"implicit":60000}[39m
[35m[HTTP][39m [37m<-- POST /wd/hub/session/aefbab5c-7c06-4786-869d-158cb4a20f18/timeouts [39m[32m200[39m [90m7 ms - 14[39m
[35m[HTTP][39m [90m[39m
[35m[HTTP][39m [37m-->[39m [37mPOST[39m [37m/wd/hub/session/aefbab5c-7c06-4786-869d-158cb4a20f18/timeouts[39m
[35m[HTTP][39m [90m{"implicit":50}[39m
[35m[HTTP][39m [37m<-- POST /wd/hub/session/aefbab5c-7c06-4786-869d-158cb4a20f18/timeouts [39m[32m200[39m [90m4 ms - 14[39m
[35m[HTTP][39m [90m[39m
[35m[HTTP][39m [37m-->[39m [37mGET[39m [37m/wd/hub/session/aefbab5c-7c06-4786-869d-158cb4a20f18/window/rect[39m
[35m[HTTP][39m [90m{}[39m
[35m[HTTP][39m [37m<-- GET /wd/hub/session/aefbab5c-7c06-4786-869d-158cb4a20f18/window/rect [39m[32m200[39m [90m72 ms - 50[39m
[35m[HTTP][39m [90m[39m
[35m[HTTP][39m [37m-->[39m [37mPOST[39m [37m/wd/hub/session/aefbab5c-7c06-4786-869d-158cb4a20f18/elements[39m
[35m[HTTP][39m [90m{"using":"-android uiautomator","value":"new UiSelector().className(\"android.view.View\").text(\"Akun\")"}[39m
[35m[HTTP][39m [37m<-- POST /wd/hub/session/aefbab5c-7c06-4786-869d-158cb4a20f18/elements [39m[32m200[39m [90m125 ms - 12[39m
[35m[HTTP][39m [90m[39m
[35m[HTTP][39m [37m-->[39m [37mPOST[39m [37m/wd/hub/session/aefbab5c-7c06-4786-869d-158cb4a20f18/elements[39m
[35m[HTTP][39m [90m{"using":"-android uiautomator","value":"new UiSelector().className(\"android.view.View\").text(\"Akun\")"}[39m
[35m[HTTP][39m [37m<-- POST /wd/hub/session/aefbab5c-7c06-4786-869d-158cb4a20f18/elements [39m[32m200[39m [90m459 ms - 12[39m
[35m[HTTP][39m [90m[39m
[35m[HTTP][39m [37m-->[39m [37mPOST[39m [37m/wd/hub/session/aefbab5c-7c06-4786-869d-158cb4a20f18/elements[39m
[35m[HTTP][39m [90m{"using":"-android uiautomator","value":"new UiSelector().className(\"android.view.View\").text(\"Akun\")"}[39m
[35m[HTTP][39m [37m<-- POST /wd/hub/session/aefbab5c-7c06-4786-869d-158cb4a20f18/elements [39m[32m200[39m [90m66 ms - 12[39m
[35m[HTTP][39m [90m[39m
[35m[HTTP][39m [37m-->[39m [37mPOST[39m [37m/wd/hub/session/aefbab5c-7c06-4786-869d-158cb4a20f18/elements[39m
[35m[HTTP][39m [90m{"using":"-android uiautomator","value":"new UiSelector().className(\"android.view.View\").text(\"Akun\")"}[39m
[35m[HTTP][39m [37m<-- POST /wd/hub/session/aefbab5c-7c06-4786-869d-158cb4a20f18/elements [39m[32m200[39m [90m92 ms - 12[39m
[35m[HTTP][39m [90m[39m
[35m[HTTP][39m [37m-->[39m [37mPOST[39m [37m/wd/hub/session/aefbab5c-7c06-4786-869d-158cb4a20f18/elements[39m
[35m[HTTP][39m [90m{"using":"-android uiautomator","value":"new UiSelector().className(\"android.view.View\").text(\"Akun\")"}[39m
[35m[HTTP][39m [37m<-- POST /wd/hub/session/aefbab5c-7c06-4786-869d-158cb4a20f18/elements [39m[32m200[39m [90m109 ms - 12[39m
[35m[HTTP][39m [90m[39m
[35m[HTTP][39m [37m-->[39m [37mPOST[39m [37m/wd/hub/session/aefbab5c-7c06-4786-869d-158cb4a20f18/elements[39m
[35m[HTTP][39m [90m{"using":"-android uiautomator","value":"new UiSelector().className(\"android.view.View\").text(\"Akun\")"}[39m
[35m[HTTP][39m [37m<-- POST /wd/hub/session/aefbab5c-7c06-4786-869d-158cb4a20f18/elements [39m[32m200[39m [90m78 ms - 12[39m
[35m[HTTP][39m [90m[39m
[35m[HTTP][39m [37m-->[39m [37mPOST[39m [37m/wd/hub/session/aefbab5c-7c06-4786-869d-158cb4a20f18/elements[39m
[35m[HTTP][39m [90m{"using":"-android uiautomator","value":"new UiSelector().className(\"android.view.View\").text(\"Akun\")"}[39m
[35m[HTTP][39m [37m<-- POST /wd/hub/session/aefbab5c-7c06-4786-869d-158cb4a20f18/elements [39m[32m200[39m [90m74 ms - 12[39m
[35m[HTTP][39m [90m[39m
[35m[HTTP][39m [37m-->[39m [37mPOST[39m [37m/wd/hub/session/aefbab5c-7c06-4786-869d-158cb4a20f18/elements[39m
[35m[HTTP][39m [90m{"using":"-android uiautomator","value":"new UiSelector().className(\"android.view.View\").text(\"Akun\")"}[39m
[35m[HTTP][39m [37m<-- POST /wd/hub/session/aefbab5c-7c06-4786-869d-158cb4a20f18/elements [39m[32m200[39m [90m61 ms - 12[39m
[35m[HTTP][39m [90m[39m
[35m[HTTP][39m [37m-->[39m [37mPOST[39m [37m/wd/hub/session/aefbab5c-7c06-4786-869d-158cb4a20f18/elements[39m
[35m[HTTP][39m [90m{"using":"-android uiautomator","value":"new UiSelector().className(\"android.view.View\").text(\"Akun\")"}[39m
[35m[HTTP][39m [37m<-- POST /wd/hub/session/aefbab5c-7c06-4786-869d-158cb4a20f18/elements [39m[32m200[39m [90m64 ms - 12[39m
[35m[HTTP][39m [90m[39m
[35m[HTTP][39m [37m-->[39m [37mPOST[39m [37m/wd/hub/session/aefbab5c-7c06-4786-869d-158cb4a20f18/elements[39m
[35m[HTTP][39m [90m{"using":"-android uiautomator","value":"new UiSelector().className(\"android.view.View\").text(\"Akun\")"}[39m
[35m[HTTP][39m [37m<-- POST /wd/hub/session/aefbab5c-7c06-4786-869d-158cb4a20f18/elements [39m[32m200[39m [90m62 ms - 12[39m
[35m[HTTP][39m [90m[39m
[35m[HTTP][39m [37m-->[39m [37mPOST[39m [37m/wd/hub/session/aefbab5c-7c06-4786-869d-158cb4a20f18/elements[39m
[35m[HTTP][39m [90m{"using":"-android uiautomator","value":"new UiSelector().className(\"android.view.View\").text(\"Akun\")"}[39m
[35m[HTTP][39m [37m<-- POST /wd/hub/session/aefbab5c-7c06-4786-869d-158cb4a20f18/elements [39m[32m200[39m [90m63 ms - 12[39m
[35m[HTTP][39m [90m[39m
[35m[HTTP][39m [37m-->[39m [37mPOST[39m [37m/wd/hub/session/aefbab5c-7c06-4786-869d-158cb4a20f18/elements[39m
[35m[HTTP][39m [90m{"using":"-android uiautomator","value":"new UiSelector().className(\"android.view.View\").text(\"Akun\")"}[39m
[35m[HTTP][39m [37m<-- POST /wd/hub/session/aefbab5c-7c06-4786-869d-158cb4a20f18/elements [39m[32m200[39m [90m81 ms - 12[39m
[35m[HTTP][39m [90m[39m
[35m[HTTP][39m [37m-->[39m [37mPOST[39m [37m/wd/hub/session/aefbab5c-7c06-4786-869d-158cb4a20f18/elements[39m
[35m[HTTP][39m [90m{"using":"-android uiautomator","value":"new UiSelector().className(\"android.view.View\").text(\"Akun\")"}[39m
[35m[HTTP][39m [37m<-- POST /wd/hub/session/aefbab5c-7c06-4786-869d-158cb4a20f18/elements [39m[32m200[39m [90m67 ms - 12[39m
[35m[HTTP][39m [90m[39m
[35m[HTTP][39m [37m-->[39m [37mPOST[39m [37m/wd/hub/session/aefbab5c-7c06-4786-869d-158cb4a20f18/elements[39m
[35m[HTTP][39m [90m{"using":"-android uiautomator","value":"new UiSelector().className(\"android.view.View\").text(\"Akun\")"}[39m
[35m[HTTP][39m [37m<-- POST /wd/hub/session/aefbab5c-7c06-4786-869d-158cb4a20f18/elements [39m[32m200[39m [90m57 ms - 12[39m
[35m[HTTP][39m [90m[39m
[35m[HTTP][39m [37m-->[39m [37mPOST[39m [37m/wd/hub/session/aefbab5c-7c06-4786-869d-158cb4a20f18/elements[39m
[35m[HTTP][39m [90m{"using":"-android uiautomator","value":"new UiSelector().className(\"android.view.View\").text(\"Akun\")"}[39m
[35m[HTTP][39m [37m<-- POST /wd/hub/session/aefbab5c-7c06-4786-869d-158cb4a20f18/elements [39m[32m200[39m [90m65 ms - 12[39m
[35m[HTTP][39m [90m[39m
[35m[HTTP][39m [37m-->[39m [37mPOST[39m [37m/wd/hub/session/aefbab5c-7c06-4786-869d-158cb4a20f18/elements[39m
[35m[HTTP][39m [90m{"using":"-android uiautomator","value":"new UiSelector().className(\"android.view.View\").text(\"Akun\")"}[39m
[35m[HTTP][39m [37m<-- POST /wd/hub/session/aefbab5c-7c06-4786-869d-158cb4a20f18/elements [39m[32m200[39m [90m621 ms - 12[39m
[35m[HTTP][39m [90m[39m
[35m[HTTP][39m [37m-->[39m [37mPOST[39m [37m/wd/hub/session/aefbab5c-7c06-4786-869d-158cb4a20f18/elements[39m
[35m[HTTP][39m [90m{"using":"-android uiautomator","value":"new UiSelector().className(\"android.view.View\").text(\"Akun\")"}[39m
[35m[HTTP][39m [37m<-- POST /wd/hub/session/aefbab5c-7c06-4786-869d-158cb4a20f18/elements [39m[32m200[39m [90m185 ms - 12[39m
[35m[HTTP][39m [90m[39m
[35m[HTTP][39m [37m-->[39m [37mPOST[39m [37m/wd/hub/session/aefbab5c-7c06-4786-869d-158cb4a20f18/elements[39m
[35m[HTTP][39m [90m{"using":"-android uiautomator","value":"new UiSelector().className(\"android.view.View\").text(\"Akun\")"}[39m
[35m[HTTP][39m [37m<-- POST /wd/hub/session/aefbab5c-7c06-4786-869d-158cb4a20f18/elements [39m[32m200[39m [90m78 ms - 12[39m
[35m[HTTP][39m [90m[39m
[35m[HTTP][39m [37m-->[39m [37mPOST[39m [37m/wd/hub/session/aefbab5c-7c06-4786-869d-158cb4a20f18/elements[39m
[35m[HTTP][39m [90m{"using":"-android uiautomator","value":"new UiSelector().className(\"android.view.View\").text(\"Akun\")"}[39m
[35m[HTTP][39m [37m<-- POST /wd/hub/session/aefbab5c-7c06-4786-869d-158cb4a20f18/elements [39m[32m200[39m [90m63 ms - 12[39m
[35m[HTTP][39m [90m[39m
[35m[HTTP][39m [37m-->[39m [37mPOST[39m [37m/wd/hub/session/aefbab5c-7c06-4786-869d-158cb4a20f18/elements[39m
[35m[HTTP][39m [90m{"using":"-android uiautomator","value":"new UiSelector().className(\"android.view.View\").text(\"Akun\")"}[39m
[35m[HTTP][39m [37m<-- POST /wd/hub/session/aefbab5c-7c06-4786-869d-158cb4a20f18/elements [39m[32m200[39m [90m54 ms - 12[39m
[35m[HTTP][39m [90m[39m
[35m[HTTP][39m [37m-->[39m [37mPOST[39m [37m/wd/hub/session/aefbab5c-7c06-4786-869d-158cb4a20f18/elements[39m
[35m[HTTP][39m [90m{"using":"-android uiautomator","value":"new UiSelector().className(\"android.view.View\").text(\"Akun\")"}[39m
[35m[HTTP][39m [37m<-- POST /wd/hub/session/aefbab5c-7c06-4786-869d-158cb4a20f18/elements [39m[32m200[39m [90m65 ms - 12[39m
[35m[HTTP][39m [90m[39m
[35m[HTTP][39m [37m-->[39m [37mPOST[39m [37m/wd/hub/session/aefbab5c-7c06-4786-869d-158cb4a20f18/elements[39m
[35m[HTTP][39m [90m{"using":"-android uiautomator","value":"new UiSelector().className(\"android.view.View\").text(\"Akun\")"}[39m
[35m[HTTP][39m [37m<-- POST /wd/hub/session/aefbab5c-7c06-4786-869d-158cb4a20f18/elements [39m[32m200[39m [90m599 ms - 12[39m
[35m[HTTP][39m [90m[39m
[35m[HTTP][39m [37m-->[39m [37mPOST[39m [37m/wd/hub/session/aefbab5c-7c06-4786-869d-158cb4a20f18/elements[39m
[35m[HTTP][39m [90m{"using":"-android uiautomator","value":"new UiSelector().className(\"android.view.View\").text(\"Akun\")"}[39m
[35m[HTTP][39m [37m<-- POST /wd/hub/session/aefbab5c-7c06-4786-869d-158cb4a20f18/elements [39m[32m200[39m [90m63 ms - 12[39m
[35m[HTTP][39m [90m[39m
[35m[HTTP][39m [37m-->[39m [37mPOST[39m [37m/wd/hub/session/aefbab5c-7c06-4786-869d-158cb4a20f18/elements[39m
[35m[HTTP][39m [90m{"using":"-android uiautomator","value":"new UiSelector().className(\"android.view.View\").text(\"Akun\")"}[39m
[35m[HTTP][39m [37m<-- POST /wd/hub/session/aefbab5c-7c06-4786-869d-158cb4a20f18/elements [39m[32m200[39m [90m107 ms - 12[39m
[35m[HTTP][39m [90m[39m
[35m[HTTP][39m [37m-->[39m [37mPOST[39m [37m/wd/hub/session/aefbab5c-7c06-4786-869d-158cb4a20f18/elements[39m
[35m[HTTP][39m [90m{"using":"-android uiautomator","value":"new UiSelector().className(\"android.view.View\").text(\"Akun\")"}[39m
[35m[HTTP][39m [37m<-- POST /wd/hub/session/aefbab5c-7c06-4786-869d-158cb4a20f18/elements [39m[32m200[39m [90m56 ms - 12[39m
[35m[HTTP][39m [90m[39m
[35m[HTTP][39m [37m-->[39m [37mPOST[39m [37m/wd/hub/session/aefbab5c-7c06-4786-869d-158cb4a20f18/elements[39m
[35m[HTTP][39m [90m{"using":"-android uiautomator","value":"new UiSelector().className(\"android.view.View\").text(\"Akun\")"}[39m
[35m[HTTP][39m [37m<-- POST /wd/hub/session/aefbab5c-7c06-4786-869d-158cb4a20f18/elements [39m[32m200[39m [90m617 ms - 12[39m
[35m[HTTP][39m [90m[39m
[35m[HTTP][39m [37m-->[39m [37mPOST[39m [37m/wd/hub/session/aefbab5c-7c06-4786-869d-158cb4a20f18/elements[39m
[35m[HTTP][39m [90m{"using":"-android uiautomator","value":"new UiSelector().className(\"android.view.View\").text(\"Akun\")"}[39m
[35m[HTTP][39m [37m<-- POST /wd/hub/session/aefbab5c-7c06-4786-869d-158cb4a20f18/elements [39m[32m200[39m [90m590 ms - 12[39m
[35m[HTTP][39m [90m[39m
[35m[HTTP][39m [37m-->[39m [37mPOST[39m [37m/wd/hub/session/aefbab5c-7c06-4786-869d-158cb4a20f18/elements[39m
[35m[HTTP][39m [90m{"using":"-android uiautomator","value":"new UiSelector().className(\"android.view.View\").text(\"Akun\")"}[39m
[35m[HTTP][39m [37m<-- POST /wd/hub/session/aefbab5c-7c06-4786-869d-158cb4a20f18/elements [39m[32m200[39m [90m590 ms - 12[39m
[35m[HTTP][39m [90m[39m
[35m[HTTP][39m [37m-->[39m [37mPOST[39m [37m/wd/hub/session/aefbab5c-7c06-4786-869d-158cb4a20f18/elements[39m
[35m[HTTP][39m [90m{"using":"-android uiautomator","value":"new UiSelector().className(\"android.view.View\").text(\"Akun\")"}[39m
[35m[HTTP][39m [37m<-- POST /wd/hub/session/aefbab5c-7c06-4786-869d-158cb4a20f18/elements [39m[32m200[39m [90m55 ms - 12[39m
[35m[HTTP][39m [90m[39m
[35m[HTTP][39m [37m-->[39m [37mPOST[39m [37m/wd/hub/session/aefbab5c-7c06-4786-869d-158cb4a20f18/elements[39m
[35m[HTTP][39m [90m{"using":"-android uiautomator","value":"new UiSelector().className(\"android.view.View\").text(\"Akun\")"}[39m
[35m[HTTP][39m [37m<-- POST /wd/hub/session/aefbab5c-7c06-4786-869d-158cb4a20f18/elements [39m[32m200[39m [90m59 ms - 12[39m
[35m[HTTP][39m [90m[39m
[35m[HTTP][39m [37m-->[39m [37mPOST[39m [37m/wd/hub/session/aefbab5c-7c06-4786-869d-158cb4a20f18/elements[39m
[35m[HTTP][39m [90m{"using":"-android uiautomator","value":"new UiSelector().className(\"android.view.View\").text(\"Akun\")"}[39m
[35m[HTTP][39m [37m<-- POST /wd/hub/session/aefbab5c-7c06-4786-869d-158cb4a20f18/elements [39m[32m200[39m [90m64 ms - 12[39m
[35m[HTTP][39m [90m[39m
[35m[HTTP][39m [37m-->[39m [37mPOST[39m [37m/wd/hub/session/aefbab5c-7c06-4786-869d-158cb4a20f18/elements[39m
[35m[HTTP][39m [90m{"using":"-android uiautomator","value":"new UiSelector().className(\"android.view.View\").text(\"Akun\")"}[39m
[35m[HTTP][39m [37m<-- POST /wd/hub/session/aefbab5c-7c06-4786-869d-158cb4a20f18/elements [39m[32m200[39m [90m591 ms - 12[39m
[35m[HTTP][39m [90m[39m
[35m[HTTP][39m [37m-->[39m [37mPOST[39m [37m/wd/hub/session/aefbab5c-7c06-4786-869d-158cb4a20f18/elements[39m
[35m[HTTP][39m [90m{"using":"-android uiautomator","value":"new UiSelector().className(\"android.view.View\").text(\"Akun\")"}[39m
[35m[HTTP][39m [37m<-- POST /wd/hub/session/aefbab5c-7c06-4786-869d-158cb4a20f18/elements [39m[32m200[39m [90m68 ms - 12[39m
[35m[HTTP][39m [90m[39m
[35m[HTTP][39m [37m-->[39m [37mPOST[39m [37m/wd/hub/session/aefbab5c-7c06-4786-869d-158cb4a20f18/elements[39m
[35m[HTTP][39m [90m{"using":"-android uiautomator","value":"new UiSelector().className(\"android.view.View\").text(\"Akun\")"}[39m
[35m[HTTP][39m [37m<-- POST /wd/hub/session/aefbab5c-7c06-4786-869d-158cb4a20f18/elements [39m[32m200[39m [90m63 ms - 12[39m
[35m[HTTP][39m [90m[39m
[35m[HTTP][39m [37m-->[39m [37mPOST[39m [37m/wd/hub/session/aefbab5c-7c06-4786-869d-158cb4a20f18/elements[39m
[35m[HTTP][39m [90m{"using":"-android uiautomator","value":"new UiSelector().className(\"android.view.View\").text(\"Akun\")"}[39m
[35m[HTTP][39m [37m<-- POST /wd/hub/session/aefbab5c-7c06-4786-869d-158cb4a20f18/elements [39m[32m200[39m [90m58 ms - 12[39m
[35m[HTTP][39m [90m[39m
[35m[HTTP][39m [37m-->[39m [37mPOST[39m [37m/wd/hub/session/aefbab5c-7c06-4786-869d-158cb4a20f18/elements[39m
[35m[HTTP][39m [90m{"using":"-android uiautomator","value":"new UiSelector().className(\"android.view.View\").text(\"Akun\")"}[39m
[35m[HTTP][39m [37m<-- POST /wd/hub/session/aefbab5c-7c06-4786-869d-158cb4a20f18/elements [39m[32m200[39m [90m706 ms - 12[39m
[35m[HTTP][39m [90m[39m
[35m[HTTP][39m [37m-->[39m [37mPOST[39m [37m/wd/hub/session/aefbab5c-7c06-4786-869d-158cb4a20f18/elements[39m
[35m[HTTP][39m [90m{"using":"-android uiautomator","value":"new UiSelector().className(\"android.view.View\").text(\"Akun\")"}[39m
[35m[HTTP][39m [37m<-- POST /wd/hub/session/aefbab5c-7c06-4786-869d-158cb4a20f18/elements [39m[32m200[39m [90m90 ms - 12[39m
[35m[HTTP][39m [90m[39m
[35m[HTTP][39m [37m-->[39m [37mPOST[39m [37m/wd/hub/session/aefbab5c-7c06-4786-869d-158cb4a20f18/elements[39m
[35m[HTTP][39m [90m{"using":"-android uiautomator","value":"new UiSelector().className(\"android.view.View\").text(\"Akun\")"}[39m
[35m[HTTP][39m [37m<-- POST /wd/hub/session/aefbab5c-7c06-4786-869d-158cb4a20f18/elements [39m[32m200[39m [90m76 ms - 12[39m
[35m[HTTP][39m [90m[39m
[35m[HTTP][39m [37m-->[39m [37mPOST[39m [37m/wd/hub/session/aefbab5c-7c06-4786-869d-158cb4a20f18/elements[39m
[35m[HTTP][39m [90m{"using":"-android uiautomator","value":"new UiSelector().className(\"android.view.View\").text(\"Akun\")"}[39m
[35m[HTTP][39m [37m<-- POST /wd/hub/session/aefbab5c-7c06-4786-869d-158cb4a20f18/elements [39m[32m200[39m [90m630 ms - 12[39m
[35m[HTTP][39m [90m[39m
[35m[HTTP][39m [37m-->[39m [37mPOST[39m [37m/wd/hub/session/aefbab5c-7c06-4786-869d-158cb4a20f18/elements[39m
[35m[HTTP][39m [90m{"using":"-android uiautomator","value":"new UiSelector().className(\"android.view.View\").text(\"Akun\")"}[39m
[35m[HTTP][39m [37m<-- POST /wd/hub/session/aefbab5c-7c06-4786-869d-158cb4a20f18/elements [39m[32m200[39m [90m66 ms - 12[39m
[35m[HTTP][39m [90m[39m
[35m[HTTP][39m [37m-->[39m [37mPOST[39m [37m/wd/hub/session/aefbab5c-7c06-4786-869d-158cb4a20f18/elements[39m
[35m[HTTP][39m [90m{"using":"-android uiautomator","value":"new UiSelector().className(\"android.view.View\").text(\"Akun\")"}[39m
[35m[HTTP][39m [37m<-- POST /wd/hub/session/aefbab5c-7c06-4786-869d-158cb4a20f18/elements [39m[32m200[39m [90m3833 ms - 90[39m
[35m[HTTP][39m [90m[39m
[35m[HTTP][39m [37m-->[39m [37mGET[39m [37m/wd/hub/session/aefbab5c-7c06-4786-869d-158cb4a20f18/element/b0146a74-60a6-42fa-aca1-04cadc68c5e1/location[39m
[35m[HTTP][39m [90m{}[39m
[35m[W3C][39m Driver proxy active, passing request on via HTTP proxy
[35m[JSONWP Proxy][39m Replacing sessionId bedda8ee-e853-4e85-951f-c7d563f94764 with aefbab5c-7c06-4786-869d-158cb4a20f18
[35m[HTTP][39m [37m<-- GET /wd/hub/session/aefbab5c-7c06-4786-869d-158cb4a20f18/element/b0146a74-60a6-42fa-aca1-04cadc68c5e1/location [39m[32m200[39m [90m304 ms - 90[39m
[35m[HTTP][39m [90m[39m
[35m[HTTP][39m [37m-->[39m [37mPOST[39m [37m/wd/hub/session/aefbab5c-7c06-4786-869d-158cb4a20f18/timeouts[39m
[35m[HTTP][39m [90m{"implicit":60000}[39m
[35m[HTTP][39m [37m<-- POST /wd/hub/session/aefbab5c-7c06-4786-869d-158cb4a20f18/timeouts [39m[32m200[39m [90m3 ms - 14[39m
[35m[HTTP][39m [90m[39m
[35m[HTTP][39m [37m-->[39m [37mPOST[39m [37m/wd/hub/session/aefbab5c-7c06-4786-869d-158cb4a20f18/touch/perform[39m
[35m[HTTP][39m [90m{"actions":[{"action":"tap","options":{"x":1,"y":1,"element":"b0146a74-60a6-42fa-aca1-04cadc68c5e1"}},{"action":"release","options":{}}]}[39m
[35m[UiAutomator2][39m calling get location: b0146a74-60a6-42fa-aca1-04cadc68c5e1
[35m[HTTP][39m [37m<-- POST /wd/hub/session/aefbab5c-7c06-4786-869d-158cb4a20f18/touch/perform [39m[32m200[39m [90m1895 ms - 14[39m
[35m[HTTP][39m [90m[39m
[35m[HTTP][39m [37m-->[39m [37mPOST[39m [37m/wd/hub/session/aefbab5c-7c06-4786-869d-158cb4a20f18/timeouts[39m
[35m[HTTP][39m [90m{"implicit":50}[39m
[35m[HTTP][39m [37m<-- POST /wd/hub/session/aefbab5c-7c06-4786-869d-158cb4a20f18/timeouts [39m[32m200[39m [90m3 ms - 14[39m
[35m[HTTP][39m [90m[39m
[35m[HTTP][39m [37m-->[39m [37mGET[39m [37m/wd/hub/session/aefbab5c-7c06-4786-869d-158cb4a20f18/window/rect[39m
[35m[HTTP][39m [90m{}[39m
[35m[HTTP][39m [37m<-- GET /wd/hub/session/aefbab5c-7c06-4786-869d-158cb4a20f18/window/rect [39m[32m200[39m [90m36 ms - 50[39m
[35m[HTTP][39m [90m[39m
[35m[HTTP][39m [37m-->[39m [37mPOST[39m [37m/wd/hub/session/aefbab5c-7c06-4786-869d-158cb4a20f18/elements[39m
[35m[HTTP][39m [90m{"using":"-android uiautomator","value":"new UiSelector().className(\"android.view.View\").text(\"Akun Bank\").resourceId(\"b2-b3-Title\")"}[39m
[35m[HTTP][39m [37m<-- POST /wd/hub/session/aefbab5c-7c06-4786-869d-158cb4a20f18/elements [39m[32m200[39m [90m947 ms - 90[39m
[35m[HTTP][39m [90m[39m
[35m[HTTP][39m [37m-->[39m [37mGET[39m [37m/wd/hub/session/aefbab5c-7c06-4786-869d-158cb4a20f18/element/4a9779dc-f280-4fb2-94db-18ff43c6aacd/location[39m
[35m[HTTP][39m [90m{}[39m
[35m[W3C][39m Driver proxy active, passing request on via HTTP proxy
[35m[JSONWP Proxy][39m Replacing sessionId bedda8ee-e853-4e85-951f-c7d563f94764 with aefbab5c-7c06-4786-869d-158cb4a20f18
[35m[HTTP][39m [37m<-- GET /wd/hub/session/aefbab5c-7c06-4786-869d-158cb4a20f18/element/4a9779dc-f280-4fb2-94db-18ff43c6aacd/location [39m[32m200[39m [90m135 ms - 88[39m
[35m[HTTP][39m [90m[39m
[35m[HTTP][39m [37m-->[39m [37mPOST[39m [37m/wd/hub/session/aefbab5c-7c06-4786-869d-158cb4a20f18/timeouts[39m
[35m[HTTP][39m [90m{"implicit":60000}[39m
[35m[HTTP][39m [37m<-- POST /wd/hub/session/aefbab5c-7c06-4786-869d-158cb4a20f18/timeouts [39m[32m200[39m [90m3 ms - 14[39m
[35m[HTTP][39m [90m[39m
[35m[HTTP][39m [37m-->[39m [37mPOST[39m [37m/wd/hub/session/aefbab5c-7c06-4786-869d-158cb4a20f18/touch/perform[39m
[35m[HTTP][39m [90m{"actions":[{"action":"tap","options":{"x":1,"y":1,"element":"4a9779dc-f280-4fb2-94db-18ff43c6aacd"}},{"action":"release","options":{}}]}[39m
[35m[UiAutomator2][39m calling get location: 4a9779dc-f280-4fb2-94db-18ff43c6aacd
[35m[HTTP][39m [37m<-- POST /wd/hub/session/aefbab5c-7c06-4786-869d-158cb4a20f18/touch/perform [39m[32m200[39m [90m936 ms - 14[39m
[35m[HTTP][39m [90m[39m
[35m[HTTP][39m [37m-->[39m [37mPOST[39m [37m/wd/hub/session/aefbab5c-7c06-4786-869d-158cb4a20f18/timeouts[39m
[35m[HTTP][39m [90m{"implicit":50}[39m
[35m[HTTP][39m [37m<-- POST /wd/hub/session/aefbab5c-7c06-4786-869d-158cb4a20f18/timeouts [39m[32m200[39m [90m2 ms - 14[39m
[35m[HTTP][39m [90m[39m
[35m[HTTP][39m [37m-->[39m [37mGET[39m [37m/wd/hub/session/aefbab5c-7c06-4786-869d-158cb4a20f18/window/rect[39m
[35m[HTTP][39m [90m{}[39m
[35m[HTTP][39m [37m<-- GET /wd/hub/session/aefbab5c-7c06-4786-869d-158cb4a20f18/window/rect [39m[32m200[39m [90m31 ms - 50[39m
[35m[HTTP][39m [90m[39m
[35m[HTTP][39m [37m-->[39m [37mPOST[39m [37m/wd/hub/session/aefbab5c-7c06-4786-869d-158cb4a20f18/elements[39m
[35m[HTTP][39m [90m{"using":"-android uiautomator","value":"new UiSelector().className(\"android.widget.Button\").text(\"Tambah Akun Bank\")"}[39m
[35m[HTTP][39m [37m<-- POST /wd/hub/session/aefbab5c-7c06-4786-869d-158cb4a20f18/elements [39m[32m200[39m [90m71 ms - 12[39m
[35m[HTTP][39m [90m[39m
[35m[HTTP][39m [37m-->[39m [37mPOST[39m [37m/wd/hub/session/aefbab5c-7c06-4786-869d-158cb4a20f18/elements[39m
[35m[HTTP][39m [90m{"using":"-android uiautomator","value":"new UiSelector().className(\"android.widget.Button\").text(\"Tambah Akun Bank\")"}[39m
[35m[HTTP][39m [37m<-- POST /wd/hub/session/aefbab5c-7c06-4786-869d-158cb4a20f18/elements [39m[32m200[39m [90m74 ms - 12[39m
[35m[HTTP][39m [90m[39m
[35m[HTTP][39m [37m-->[39m [37mPOST[39m [37m/wd/hub/session/aefbab5c-7c06-4786-869d-158cb4a20f18/elements[39m
[35m[HTTP][39m [90m{"using":"-android uiautomator","value":"new UiSelector().className(\"android.widget.Button\").text(\"Tambah Akun Bank\")"}[39m
[35m[HTTP][39m [37m<-- POST /wd/hub/session/aefbab5c-7c06-4786-869d-158cb4a20f18/elements [39m[32m200[39m [90m86 ms - 12[39m
[35m[HTTP][39m [90m[39m
[35m[HTTP][39m [37m-->[39m [37mPOST[39m [37m/wd/hub/session/aefbab5c-7c06-4786-869d-158cb4a20f18/elements[39m
[35m[HTTP][39m [90m{"using":"-android uiautomator","value":"new UiSelector().className(\"android.widget.Button\").text(\"Tambah Akun Bank\")"}[39m
[35m[HTTP][39m [37m<-- POST /wd/hub/session/aefbab5c-7c06-4786-869d-158cb4a20f18/elements [39m[32m200[39m [90m75 ms - 12[39m
[35m[HTTP][39m [90m[39m
[35m[HTTP][39m [37m-->[39m [37mPOST[39m [37m/wd/hub/session/aefbab5c-7c06-4786-869d-158cb4a20f18/elements[39m
[35m[HTTP][39m [90m{"using":"-android uiautomator","value":"new UiSelector().className(\"android.widget.Button\").text(\"Tambah Akun Bank\")"}[39m
[35m[HTTP][39m [37m<-- POST /wd/hub/session/aefbab5c-7c06-4786-869d-158cb4a20f18/elements [39m[32m200[39m [90m78 ms - 12[39m
[35m[HTTP][39m [90m[39m
[35m[HTTP][39m [37m-->[39m [37mPOST[39m [37m/wd/hub/session/aefbab5c-7c06-4786-869d-158cb4a20f18/elements[39m
[35m[HTTP][39m [90m{"using":"-android uiautomator","value":"new UiSelector().className(\"android.widget.Button\").text(\"Tambah Akun Bank\")"}[39m
[35m[HTTP][39m [37m<-- POST /wd/hub/session/aefbab5c-7c06-4786-869d-158cb4a20f18/elements [39m[32m200[39m [90m90 ms - 12[39m
[35m[HTTP][39m [90m[39m
[35m[HTTP][39m [37m-->[39m [37mPOST[39m [37m/wd/hub/session/aefbab5c-7c06-4786-869d-158cb4a20f18/elements[39m
[35m[HTTP][39m [90m{"using":"-android uiautomator","value":"new UiSelector().className(\"android.widget.Button\").text(\"Tambah Akun Bank\")"}[39m
[35m[HTTP][39m [37m<-- POST /wd/hub/session/aefbab5c-7c06-4786-869d-158cb4a20f18/elements [39m[32m200[39m [90m109 ms - 12[39m
[35m[HTTP][39m [90m[39m
[35m[HTTP][39m [37m-->[39m [37mPOST[39m [37m/wd/hub/session/aefbab5c-7c06-4786-869d-158cb4a20f18/elements[39m
[35m[HTTP][39m [90m{"using":"-android uiautomator","value":"new UiSelector().className(\"android.widget.Button\").text(\"Tambah Akun Bank\")"}[39m
[35m[HTTP][39m [37m<-- POST /wd/hub/session/aefbab5c-7c06-4786-869d-158cb4a20f18/elements [39m[32m200[39m [90m143 ms - 12[39m
[35m[HTTP][39m [90m[39m
[35m[HTTP][39m [37m-->[39m [37mPOST[39m [37m/wd/hub/session/aefbab5c-7c06-4786-869d-158cb4a20f18/elements[39m
[35m[HTTP][39m [90m{"using":"-android uiautomator","value":"new UiSelector().className(\"android.widget.Button\").text(\"Tambah Akun Bank\")"}[39m
[35m[HTTP][39m [37m<-- POST /wd/hub/session/aefbab5c-7c06-4786-869d-158cb4a20f18/elements [39m[32m200[39m [90m242 ms - 12[39m
[35m[HTTP][39m [90m[39m
[35m[HTTP][39m [37m-->[39m [37mPOST[39m [37m/wd/hub/session/aefbab5c-7c06-4786-869d-158cb4a20f18/elements[39m
[35m[HTTP][39m [90m{"using":"-android uiautomator","value":"new UiSelector().className(\"android.widget.Button\").text(\"Tambah Akun Bank\")"}[39m
[35m[HTTP][39m [37m<-- POST /wd/hub/session/aefbab5c-7c06-4786-869d-158cb4a20f18/elements [39m[32m200[39m [90m1793 ms - 90[39m
[35m[HTTP][39m [90m[39m
[35m[HTTP][39m [37m-->[39m [37mGET[39m [37m/wd/hub/session/aefbab5c-7c06-4786-869d-158cb4a20f18/element/75ff3ee6-0375-4f50-b63d-af8255fd0ac1/location[39m
[35m[HTTP][39m [90m{}[39m
[35m[W3C][39m Driver proxy active, passing request on via HTTP proxy
[35m[JSONWP Proxy][39m Replacing sessionId bedda8ee-e853-4e85-951f-c7d563f94764 with aefbab5c-7c06-4786-869d-158cb4a20f18
[35m[HTTP][39m [37m<-- GET /wd/hub/session/aefbab5c-7c06-4786-869d-158cb4a20f18/element/75ff3ee6-0375-4f50-b63d-af8255fd0ac1/location [39m[32m200[39m [90m85 ms - 90[39m
[35m[HTTP][39m [90m[39m
[35m[HTTP][39m [37m-->[39m [37mPOST[39m [37m/wd/hub/session/aefbab5c-7c06-4786-869d-158cb4a20f18/timeouts[39m
[35m[HTTP][39m [90m{"implicit":60000}[39m
[35m[HTTP][39m [37m<-- POST /wd/hub/session/aefbab5c-7c06-4786-869d-158cb4a20f18/timeouts [39m[32m200[39m [90m3 ms - 14[39m
[35m[HTTP][39m [90m[39m
[35m[HTTP][39m [37m-->[39m [37mPOST[39m [37m/wd/hub/session/aefbab5c-7c06-4786-869d-158cb4a20f18/touch/perform[39m
[35m[HTTP][39m [90m{"actions":[{"action":"tap","options":{"x":1,"y":1,"element":"75ff3ee6-0375-4f50-b63d-af8255fd0ac1"}},{"action":"release","options":{}}]}[39m
[35m[UiAutomator2][39m calling get location: 75ff3ee6-0375-4f50-b63d-af8255fd0ac1
[35m[HTTP][39m [37m<-- POST /wd/hub/session/aefbab5c-7c06-4786-869d-158cb4a20f18/touch/perform [39m[32m200[39m [90m1106 ms - 14[39m
[35m[HTTP][39m [90m[39m
[35m[HTTP][39m [37m-->[39m [37mPOST[39m [37m/wd/hub/session/aefbab5c-7c06-4786-869d-158cb4a20f18/timeouts[39m
[35m[HTTP][39m [90m{"implicit":50}[39m
[35m[HTTP][39m [37m<-- POST /wd/hub/session/aefbab5c-7c06-4786-869d-158cb4a20f18/timeouts [39m[32m200[39m [90m2 ms - 14[39m
[35m[HTTP][39m [90m[39m
[35m[HTTP][39m [37m-->[39m [37mGET[39m [37m/wd/hub/session/aefbab5c-7c06-4786-869d-158cb4a20f18/window/rect[39m
[35m[HTTP][39m [90m{}[39m
[35m[HTTP][39m [37m<-- GET /wd/hub/session/aefbab5c-7c06-4786-869d-158cb4a20f18/window/rect [39m[32m200[39m [90m20 ms - 50[39m
[35m[HTTP][39m [90m[39m
[35m[HTTP][39m [37m-->[39m [37mPOST[39m [37m/wd/hub/session/aefbab5c-7c06-4786-869d-158cb4a20f18/elements[39m
[35m[HTTP][39m [90m{"using":"-android uiautomator","value":"new UiSelector().className(\"android.widget.EditText\").resourceId(\"b2-Input_NamaBank\")"}[39m
[35m[HTTP][39m [37m<-- POST /wd/hub/session/aefbab5c-7c06-4786-869d-158cb4a20f18/elements [39m[32m200[39m [90m116 ms - 90[39m
[35m[HTTP][39m [90m[39m
[35m[HTTP][39m [37m-->[39m [37mGET[39m [37m/wd/hub/session/aefbab5c-7c06-4786-869d-158cb4a20f18/element/263ff16c-cf7a-4f66-9151-b5bb8f8dcd09/location[39m
[35m[HTTP][39m [90m{}[39m
[35m[W3C][39m Driver proxy active, passing request on via HTTP proxy
[35m[JSONWP Proxy][39m Replacing sessionId bedda8ee-e853-4e85-951f-c7d563f94764 with aefbab5c-7c06-4786-869d-158cb4a20f18
[35m[HTTP][39m [37m<-- GET /wd/hub/session/aefbab5c-7c06-4786-869d-158cb4a20f18/element/263ff16c-cf7a-4f66-9151-b5bb8f8dcd09/location [39m[32m200[39m [90m36 ms - 88[39m
[35m[HTTP][39m [90m[39m
[35m[HTTP][39m [37m-->[39m [37mPOST[39m [37m/wd/hub/session/aefbab5c-7c06-4786-869d-158cb4a20f18/timeouts[39m
[35m[HTTP][39m [90m{"implicit":60000}[39m
[35m[HTTP][39m [37m<-- POST /wd/hub/session/aefbab5c-7c06-4786-869d-158cb4a20f18/timeouts [39m[32m200[39m [90m3 ms - 14[39m
[35m[HTTP][39m [90m[39m
[35m[HTTP][39m [37m-->[39m [37mPOST[39m [37m/wd/hub/session/aefbab5c-7c06-4786-869d-158cb4a20f18/element/263ff16c-cf7a-4f66-9151-b5bb8f8dcd09/clear[39m
[35m[HTTP][39m [90m{"id":"263ff16c-cf7a-4f66-9151-b5bb8f8dcd09"}[39m
[35m[HTTP][39m [37m<-- POST /wd/hub/session/aefbab5c-7c06-4786-869d-158cb4a20f18/element/263ff16c-cf7a-4f66-9151-b5bb8f8dcd09/clear [39m[32m200[39m [90m42 ms - 27[39m
[35m[HTTP][39m [90m[39m
[35m[HTTP][39m [37m-->[39m [37mPOST[39m [37m/wd/hub/session/aefbab5c-7c06-4786-869d-158cb4a20f18/element/263ff16c-cf7a-4f66-9151-b5bb8f8dcd09/value[39m
[35m[HTTP][39m [90m{"id":"263ff16c-cf7a-4f66-9151-b5bb8f8dcd09","text":"ARTHA FOREXINDO","value":["A","R","T","H","A"," ","F","O","R","E","X","I","N","D","O"]}[39m
[35m[HTTP][39m [37m<-- POST /wd/hub/session/aefbab5c-7c06-4786-869d-158cb4a20f18/element/263ff16c-cf7a-4f66-9151-b5bb8f8dcd09/value [39m[32m200[39m [90m228 ms - 12[39m
[35m[HTTP][39m [90m[39m
[35m[HTTP][39m [37m-->[39m [37mPOST[39m [37m/wd/hub/session/aefbab5c-7c06-4786-869d-158cb4a20f18/timeouts[39m
[35m[HTTP][39m [90m{"implicit":50}[39m
[35m[HTTP][39m [37m<-- POST /wd/hub/session/aefbab5c-7c06-4786-869d-158cb4a20f18/timeouts [39m[32m200[39m [90m4 ms - 14[39m
[35m[HTTP][39m [90m[39m
[35m[HTTP][39m [37m-->[39m [37mGET[39m [37m/wd/hub/session/aefbab5c-7c06-4786-869d-158cb4a20f18/window/rect[39m
[35m[HTTP][39m [90m{}[39m
[35m[HTTP][39m [37m<-- GET /wd/hub/session/aefbab5c-7c06-4786-869d-158cb4a20f18/window/rect [39m[32m200[39m [90m34 ms - 50[39m
[35m[HTTP][39m [90m[39m
[35m[HTTP][39m [37m-->[39m [37mPOST[39m [37m/wd/hub/session/aefbab5c-7c06-4786-869d-158cb4a20f18/elements[39m
[35m[HTTP][39m [90m{"using":"-android uiautomator","value":"new UiSelector().className(\"android.widget.EditText\").resourceId(\"b2-Input_NamaBank\")"}[39m
[35m[HTTP][39m [37m<-- POST /wd/hub/session/aefbab5c-7c06-4786-869d-158cb4a20f18/elements [39m[32m200[39m [90m925 ms - 90[39m
[35m[HTTP][39m [90m[39m
[35m[HTTP][39m [37m-->[39m [37mGET[39m [37m/wd/hub/session/aefbab5c-7c06-4786-869d-158cb4a20f18/element/d6fbf1b2-a9b1-480f-8479-e9f519f4b2e4/location[39m
[35m[HTTP][39m [90m{}[39m
[35m[W3C][39m Driver proxy active, passing request on via HTTP proxy
[35m[JSONWP Proxy][39m Replacing sessionId bedda8ee-e853-4e85-951f-c7d563f94764 with aefbab5c-7c06-4786-869d-158cb4a20f18
[35m[HTTP][39m [37m<-- GET /wd/hub/session/aefbab5c-7c06-4786-869d-158cb4a20f18/element/d6fbf1b2-a9b1-480f-8479-e9f519f4b2e4/location [39m[32m200[39m [90m67 ms - 88[39m
[35m[HTTP][39m [90m[39m
[35m[HTTP][39m [37m-->[39m [37mPOST[39m [37m/wd/hub/session/aefbab5c-7c06-4786-869d-158cb4a20f18/timeouts[39m
[35m[HTTP][39m [90m{"implicit":60000}[39m
[35m[HTTP][39m [37m<-- POST /wd/hub/session/aefbab5c-7c06-4786-869d-158cb4a20f18/timeouts [39m[32m200[39m [90m3 ms - 14[39m
[35m[HTTP][39m [90m[39m
[35m[HTTP][39m [37m-->[39m [37mGET[39m [37m/wd/hub/session/aefbab5c-7c06-4786-869d-158cb4a20f18/element/d6fbf1b2-a9b1-480f-8479-e9f519f4b2e4/text[39m
[35m[HTTP][39m [90m{}[39m
[35m[W3C][39m Driver proxy active, passing request on via HTTP proxy
[35m[JSONWP Proxy][39m Replacing sessionId bedda8ee-e853-4e85-951f-c7d563f94764 with aefbab5c-7c06-4786-869d-158cb4a20f18
[35m[HTTP][39m [37m<-- GET /wd/hub/session/aefbab5c-7c06-4786-869d-158cb4a20f18/element/d6fbf1b2-a9b1-480f-8479-e9f519f4b2e4/text [39m[32m200[39m [90m94 ms - 89[39m
[35m[HTTP][39m [90m[39m
[35m[HTTP][39m [37m-->[39m [37mPOST[39m [37m/wd/hub/session/aefbab5c-7c06-4786-869d-158cb4a20f18/timeouts[39m
[35m[HTTP][39m [90m{"implicit":50}[39m
[35m[HTTP][39m [37m<-- POST /wd/hub/session/aefbab5c-7c06-4786-869d-158cb4a20f18/timeouts [39m[32m200[39m [90m3 ms - 14[39m
[35m[HTTP][39m [90m[39m
[35m[HTTP][39m [37m-->[39m [37mGET[39m [37m/wd/hub/session/aefbab5c-7c06-4786-869d-158cb4a20f18/window/rect[39m
[35m[HTTP][39m [90m{}[39m
[35m[HTTP][39m [37m<-- GET /wd/hub/session/aefbab5c-7c06-4786-869d-158cb4a20f18/window/rect [39m[32m200[39m [90m22 ms - 50[39m
[35m[HTTP][39m [90m[39m
[35m[HTTP][39m [37m-->[39m [37mPOST[39m [37m/wd/hub/session/aefbab5c-7c06-4786-869d-158cb4a20f18/elements[39m
[35m[HTTP][39m [90m{"using":"-android uiautomator","value":"new UiSelector().className(\"android.widget.EditText\").resourceId(\"b2-Input_Cabang\")"}[39m
[35m[HTTP][39m [37m<-- POST /wd/hub/session/aefbab5c-7c06-4786-869d-158cb4a20f18/elements [39m[32m200[39m [90m76 ms - 90[39m
[35m[HTTP][39m [90m[39m
[35m[HTTP][39m [37m-->[39m [37mGET[39m [37m/wd/hub/session/aefbab5c-7c06-4786-869d-158cb4a20f18/element/0e2896b5-6b79-4cc8-a23f-14c15f06cd4d/location[39m
[35m[HTTP][39m [90m{}[39m
[35m[W3C][39m Driver proxy active, passing request on via HTTP proxy
[35m[JSONWP Proxy][39m Replacing sessionId bedda8ee-e853-4e85-951f-c7d563f94764 with aefbab5c-7c06-4786-869d-158cb4a20f18
[35m[HTTP][39m [37m<-- GET /wd/hub/session/aefbab5c-7c06-4786-869d-158cb4a20f18/element/0e2896b5-6b79-4cc8-a23f-14c15f06cd4d/location [39m[32m200[39m [90m39 ms - 88[39m
[35m[HTTP][39m [90m[39m
[35m[HTTP][39m [37m-->[39m [37mPOST[39m [37m/wd/hub/session/aefbab5c-7c06-4786-869d-158cb4a20f18/timeouts[39m
[35m[HTTP][39m [90m{"implicit":60000}[39m
[35m[HTTP][39m [37m<-- POST /wd/hub/session/aefbab5c-7c06-4786-869d-158cb4a20f18/timeouts [39m[32m200[39m [90m2 ms - 14[39m
[35m[HTTP][39m [90m[39m
[35m[HTTP][39m [37m-->[39m [37mPOST[39m [37m/wd/hub/session/aefbab5c-7c06-4786-869d-158cb4a20f18/element/0e2896b5-6b79-4cc8-a23f-14c15f06cd4d/clear[39m
[35m[HTTP][39m [90m{"id":"0e2896b5-6b79-4cc8-a23f-14c15f06cd4d"}[39m
[35m[HTTP][39m [37m<-- POST /wd/hub/session/aefbab5c-7c06-4786-869d-158cb4a20f18/element/0e2896b5-6b79-4cc8-a23f-14c15f06cd4d/clear [39m[32m200[39m [90m41 ms - 27[39m
[35m[HTTP][39m [90m[39m
[35m[HTTP][39m [37m-->[39m [37mPOST[39m [37m/wd/hub/session/aefbab5c-7c06-4786-869d-158cb4a20f18/element/0e2896b5-6b79-4cc8-a23f-14c15f06cd4d/value[39m
[35m[HTTP][39m [90m{"id":"0e2896b5-6b79-4cc8-a23f-14c15f06cd4d","text":"Surabaya","value":["S","u","r","a","b","a","y","a"]}[39m
[35m[HTTP][39m [37m<-- POST /wd/hub/session/aefbab5c-7c06-4786-869d-158cb4a20f18/element/0e2896b5-6b79-4cc8-a23f-14c15f06cd4d/value [39m[32m200[39m [90m244 ms - 12[39m
[35m[HTTP][39m [90m[39m
[35m[HTTP][39m [37m-->[39m [37mPOST[39m [37m/wd/hub/session/aefbab5c-7c06-4786-869d-158cb4a20f18/timeouts[39m
[35m[HTTP][39m [90m{"implicit":50}[39m
[35m[HTTP][39m [37m<-- POST /wd/hub/session/aefbab5c-7c06-4786-869d-158cb4a20f18/timeouts [39m[32m200[39m [90m5 ms - 14[39m
[35m[HTTP][39m [90m[39m
[35m[HTTP][39m [37m-->[39m [37mGET[39m [37m/wd/hub/session/aefbab5c-7c06-4786-869d-158cb4a20f18/window/rect[39m
[35m[HTTP][39m [90m{}[39m
[35m[HTTP][39m [37m<-- GET /wd/hub/session/aefbab5c-7c06-4786-869d-158cb4a20f18/window/rect [39m[32m200[39m [90m36 ms - 50[39m
[35m[HTTP][39m [90m[39m
[35m[HTTP][39m [37m-->[39m [37mPOST[39m [37m/wd/hub/session/aefbab5c-7c06-4786-869d-158cb4a20f18/elements[39m
[35m[HTTP][39m [90m{"using":"-android uiautomator","value":"new UiSelector().className(\"android.widget.EditText\").resourceId(\"b2-Input_Cabang\")"}[39m
[35m[HTTP][39m [37m<-- POST /wd/hub/session/aefbab5c-7c06-4786-869d-158cb4a20f18/elements [39m[32m200[39m [90m916 ms - 90[39m
[35m[HTTP][39m [90m[39m
[35m[HTTP][39m [37m-->[39m [37mGET[39m [37m/wd/hub/session/aefbab5c-7c06-4786-869d-158cb4a20f18/element/fb42906a-d2f4-40c8-b068-a86e8dfb3dec/location[39m
[35m[HTTP][39m [90m{}[39m
[35m[W3C][39m Driver proxy active, passing request on via HTTP proxy
[35m[JSONWP Proxy][39m Replacing sessionId bedda8ee-e853-4e85-951f-c7d563f94764 with aefbab5c-7c06-4786-869d-158cb4a20f18
[35m[HTTP][39m [37m<-- GET /wd/hub/session/aefbab5c-7c06-4786-869d-158cb4a20f18/element/fb42906a-d2f4-40c8-b068-a86e8dfb3dec/location [39m[32m200[39m [90m42 ms - 88[39m
[35m[HTTP][39m [90m[39m
[35m[HTTP][39m [37m-->[39m [37mPOST[39m [37m/wd/hub/session/aefbab5c-7c06-4786-869d-158cb4a20f18/timeouts[39m
[35m[HTTP][39m [90m{"implicit":60000}[39m
[35m[HTTP][39m [37m<-- POST /wd/hub/session/aefbab5c-7c06-4786-869d-158cb4a20f18/timeouts [39m[32m200[39m [90m3 ms - 14[39m
[35m[HTTP][39m [90m[39m
[35m[HTTP][39m [37m-->[39m [37mGET[39m [37m/wd/hub/session/aefbab5c-7c06-4786-869d-158cb4a20f18/element/fb42906a-d2f4-40c8-b068-a86e8dfb3dec/text[39m
[35m[HTTP][39m [90m{}[39m
[35m[W3C][39m Driver proxy active, passing request on via HTTP proxy
[35m[JSONWP Proxy][39m Replacing sessionId bedda8ee-e853-4e85-951f-c7d563f94764 with aefbab5c-7c06-4786-869d-158cb4a20f18
[35m[HTTP][39m [37m<-- GET /wd/hub/session/aefbab5c-7c06-4786-869d-158cb4a20f18/element/fb42906a-d2f4-40c8-b068-a86e8dfb3dec/text [39m[32m200[39m [90m59 ms - 82[39m
[35m[HTTP][39m [90m[39m
[35m[HTTP][39m [37m-->[39m [37mPOST[39m [37m/wd/hub/session/aefbab5c-7c06-4786-869d-158cb4a20f18/timeouts[39m
[35m[HTTP][39m [90m{"implicit":50}[39m
[35m[HTTP][39m [37m<-- POST /wd/hub/session/aefbab5c-7c06-4786-869d-158cb4a20f18/timeouts [39m[32m200[39m [90m2 ms - 14[39m
[35m[HTTP][39m [90m[39m
[35m[HTTP][39m [37m-->[39m [37mGET[39m [37m/wd/hub/session/aefbab5c-7c06-4786-869d-158cb4a20f18/window/rect[39m
[35m[HTTP][39m [90m{}[39m
[35m[HTTP][39m [37m<-- GET /wd/hub/session/aefbab5c-7c06-4786-869d-158cb4a20f18/window/rect [39m[32m200[39m [90m22 ms - 50[39m
[35m[HTTP][39m [90m[39m
[35m[HTTP][39m [37m-->[39m [37mPOST[39m [37m/wd/hub/session/aefbab5c-7c06-4786-869d-158cb4a20f18/elements[39m
[35m[HTTP][39m [90m{"using":"-android uiautomator","value":"new UiSelector().className(\"android.widget.EditText\").resourceId(\"b2-Input_PemilikRek\")"}[39m
[35m[HTTP][39m [37m<-- POST /wd/hub/session/aefbab5c-7c06-4786-869d-158cb4a20f18/elements [39m[32m200[39m [90m70 ms - 90[39m
[35m[HTTP][39m [90m[39m
[35m[HTTP][39m [37m-->[39m [37mGET[39m [37m/wd/hub/session/aefbab5c-7c06-4786-869d-158cb4a20f18/element/b116ed75-66b6-46f0-8bd3-f8bf585cbffc/location[39m
[35m[HTTP][39m [90m{}[39m
[35m[W3C][39m Driver proxy active, passing request on via HTTP proxy
[35m[JSONWP Proxy][39m Replacing sessionId bedda8ee-e853-4e85-951f-c7d563f94764 with aefbab5c-7c06-4786-869d-158cb4a20f18
[35m[HTTP][39m [37m<-- GET /wd/hub/session/aefbab5c-7c06-4786-869d-158cb4a20f18/element/b116ed75-66b6-46f0-8bd3-f8bf585cbffc/location [39m[32m200[39m [90m42 ms - 88[39m
[35m[HTTP][39m [90m[39m
[35m[HTTP][39m [37m-->[39m [37mPOST[39m [37m/wd/hub/session/aefbab5c-7c06-4786-869d-158cb4a20f18/timeouts[39m
[35m[HTTP][39m [90m{"implicit":60000}[39m
[35m[HTTP][39m [37m<-- POST /wd/hub/session/aefbab5c-7c06-4786-869d-158cb4a20f18/timeouts [39m[32m200[39m [90m2 ms - 14[39m
[35m[HTTP][39m [90m[39m
[35m[HTTP][39m [37m-->[39m [37mPOST[39m [37m/wd/hub/session/aefbab5c-7c06-4786-869d-158cb4a20f18/element/b116ed75-66b6-46f0-8bd3-f8bf585cbffc/clear[39m
[35m[HTTP][39m [90m{"id":"b116ed75-66b6-46f0-8bd3-f8bf585cbffc"}[39m
[35m[HTTP][39m [37m<-- POST /wd/hub/session/aefbab5c-7c06-4786-869d-158cb4a20f18/element/b116ed75-66b6-46f0-8bd3-f8bf585cbffc/clear [39m[32m200[39m [90m38 ms - 27[39m
[35m[HTTP][39m [90m[39m
[35m[HTTP][39m [37m-->[39m [37mPOST[39m [37m/wd/hub/session/aefbab5c-7c06-4786-869d-158cb4a20f18/element/b116ed75-66b6-46f0-8bd3-f8bf585cbffc/value[39m
[35m[HTTP][39m [90m{"id":"b116ed75-66b6-46f0-8bd3-f8bf585cbffc","text":"Intan","value":["I","n","t","a","n"]}[39m
[35m[HTTP][39m [37m<-- POST /wd/hub/session/aefbab5c-7c06-4786-869d-158cb4a20f18/element/b116ed75-66b6-46f0-8bd3-f8bf585cbffc/value [39m[32m200[39m [90m221 ms - 12[39m
[35m[HTTP][39m [90m[39m
[35m[HTTP][39m [37m-->[39m [37mPOST[39m [37m/wd/hub/session/aefbab5c-7c06-4786-869d-158cb4a20f18/timeouts[39m
[35m[HTTP][39m [90m{"implicit":50}[39m
[35m[HTTP][39m [37m<-- POST /wd/hub/session/aefbab5c-7c06-4786-869d-158cb4a20f18/timeouts [39m[32m200[39m [90m5 ms - 14[39m
[35m[HTTP][39m [90m[39m
[35m[HTTP][39m [37m-->[39m [37mGET[39m [37m/wd/hub/session/aefbab5c-7c06-4786-869d-158cb4a20f18/window/rect[39m
[35m[HTTP][39m [90m{}[39m
[35m[HTTP][39m [37m<-- GET /wd/hub/session/aefbab5c-7c06-4786-869d-158cb4a20f18/window/rect [39m[32m200[39m [90m34 ms - 50[39m
[35m[HTTP][39m [90m[39m
[35m[HTTP][39m [37m-->[39m [37mPOST[39m [37m/wd/hub/session/aefbab5c-7c06-4786-869d-158cb4a20f18/elements[39m
[35m[HTTP][39m [90m{"using":"-android uiautomator","value":"new UiSelector().className(\"android.widget.EditText\").resourceId(\"b2-Input_PemilikRek\")"}[39m
[35m[HTTP][39m [37m<-- POST /wd/hub/session/aefbab5c-7c06-4786-869d-158cb4a20f18/elements [39m[32m200[39m [90m992 ms - 90[39m
[35m[HTTP][39m [90m[39m
[35m[HTTP][39m [37m-->[39m [37mGET[39m [37m/wd/hub/session/aefbab5c-7c06-4786-869d-158cb4a20f18/element/dc6acc0d-c416-48a7-9542-baf1670c7681/location[39m
[35m[HTTP][39m [90m{}[39m
[35m[W3C][39m Driver proxy active, passing request on via HTTP proxy
[35m[JSONWP Proxy][39m Replacing sessionId bedda8ee-e853-4e85-951f-c7d563f94764 with aefbab5c-7c06-4786-869d-158cb4a20f18
[35m[HTTP][39m [37m<-- GET /wd/hub/session/aefbab5c-7c06-4786-869d-158cb4a20f18/element/dc6acc0d-c416-48a7-9542-baf1670c7681/location [39m[32m200[39m [90m68 ms - 88[39m
[35m[HTTP][39m [90m[39m
[35m[HTTP][39m [37m-->[39m [37mPOST[39m [37m/wd/hub/session/aefbab5c-7c06-4786-869d-158cb4a20f18/timeouts[39m
[35m[HTTP][39m [90m{"implicit":60000}[39m
[35m[HTTP][39m [37m<-- POST /wd/hub/session/aefbab5c-7c06-4786-869d-158cb4a20f18/timeouts [39m[32m200[39m [90m5 ms - 14[39m
[35m[HTTP][39m [90m[39m
[35m[HTTP][39m [37m-->[39m [37mGET[39m [37m/wd/hub/session/aefbab5c-7c06-4786-869d-158cb4a20f18/element/dc6acc0d-c416-48a7-9542-baf1670c7681/text[39m
[35m[HTTP][39m [90m{}[39m
[35m[W3C][39m Driver proxy active, passing request on via HTTP proxy
[35m[JSONWP Proxy][39m Replacing sessionId bedda8ee-e853-4e85-951f-c7d563f94764 with aefbab5c-7c06-4786-869d-158cb4a20f18
[35m[HTTP][39m [37m<-- GET /wd/hub/session/aefbab5c-7c06-4786-869d-158cb4a20f18/element/dc6acc0d-c416-48a7-9542-baf1670c7681/text [39m[32m200[39m [90m95 ms - 79[39m
[35m[HTTP][39m [90m[39m
[35m[HTTP][39m [37m-->[39m [37mPOST[39m [37m/wd/hub/session/aefbab5c-7c06-4786-869d-158cb4a20f18/timeouts[39m
[35m[HTTP][39m [90m{"implicit":50}[39m
[35m[HTTP][39m [37m<-- POST /wd/hub/session/aefbab5c-7c06-4786-869d-158cb4a20f18/timeouts [39m[32m200[39m [90m2 ms - 14[39m
[35m[HTTP][39m [90m[39m
[35m[HTTP][39m [37m-->[39m [37mGET[39m [37m/wd/hub/session/aefbab5c-7c06-4786-869d-158cb4a20f18/window/rect[39m
[35m[HTTP][39m [90m{}[39m
[35m[HTTP][39m [37m<-- GET /wd/hub/session/aefbab5c-7c06-4786-869d-158cb4a20f18/window/rect [39m[32m200[39m [90m23 ms - 50[39m
[35m[HTTP][39m [90m[39m
[35m[HTTP][39m [37m-->[39m [37mPOST[39m [37m/wd/hub/session/aefbab5c-7c06-4786-869d-158cb4a20f18/elements[39m
[35m[HTTP][39m [90m{"using":"-android uiautomator","value":"new UiSelector().className(\"android.widget.EditText\").resourceId(\"b2-Input_NomorRekening\")"}[39m
[35m[HTTP][39m [37m<-- POST /wd/hub/session/aefbab5c-7c06-4786-869d-158cb4a20f18/elements [39m[32m200[39m [90m76 ms - 90[39m
[35m[HTTP][39m [90m[39m
[35m[HTTP][39m [37m-->[39m [37mGET[39m [37m/wd/hub/session/aefbab5c-7c06-4786-869d-158cb4a20f18/element/e23183dc-b8ac-40ef-9453-0adba5d5bdb8/location[39m
[35m[HTTP][39m [90m{}[39m
[35m[W3C][39m Driver proxy active, passing request on via HTTP proxy
[35m[JSONWP Proxy][39m Replacing sessionId bedda8ee-e853-4e85-951f-c7d563f94764 with aefbab5c-7c06-4786-869d-158cb4a20f18
[35m[HTTP][39m [37m<-- GET /wd/hub/session/aefbab5c-7c06-4786-869d-158cb4a20f18/element/e23183dc-b8ac-40ef-9453-0adba5d5bdb8/location [39m[32m200[39m [90m35 ms - 88[39m
[35m[HTTP][39m [90m[39m
[35m[HTTP][39m [37m-->[39m [37mPOST[39m [37m/wd/hub/session/aefbab5c-7c06-4786-869d-158cb4a20f18/timeouts[39m
[35m[HTTP][39m [90m{"implicit":60000}[39m
[35m[HTTP][39m [37m<-- POST /wd/hub/session/aefbab5c-7c06-4786-869d-158cb4a20f18/timeouts [39m[32m200[39m [90m3 ms - 14[39m
[35m[HTTP][39m [90m[39m
[35m[HTTP][39m [37m-->[39m [37mPOST[39m [37m/wd/hub/session/aefbab5c-7c06-4786-869d-158cb4a20f18/element/e23183dc-b8ac-40ef-9453-0adba5d5bdb8/clear[39m
[35m[HTTP][39m [90m{"id":"e23183dc-b8ac-40ef-9453-0adba5d5bdb8"}[39m
[35m[HTTP][39m [37m<-- POST /wd/hub/session/aefbab5c-7c06-4786-869d-158cb4a20f18/element/e23183dc-b8ac-40ef-9453-0adba5d5bdb8/clear [39m[32m200[39m [90m51 ms - 27[39m
[35m[HTTP][39m [90m[39m
[35m[HTTP][39m [37m-->[39m [37mPOST[39m [37m/wd/hub/session/aefbab5c-7c06-4786-869d-158cb4a20f18/element/e23183dc-b8ac-40ef-9453-0adba5d5bdb8/value[39m
[35m[HTTP][39m [90m{"id":"e23183dc-b8ac-40ef-9453-0adba5d5bdb8","text":"123456","value":["1","2","3","4","5","6"]}[39m
[35m[HTTP][39m [37m<-- POST /wd/hub/session/aefbab5c-7c06-4786-869d-158cb4a20f18/element/e23183dc-b8ac-40ef-9453-0adba5d5bdb8/value [39m[32m200[39m [90m226 ms - 12[39m
[35m[HTTP][39m [90m[39m
[35m[HTTP][39m [37m-->[39m [37mPOST[39m [37m/wd/hub/session/aefbab5c-7c06-4786-869d-158cb4a20f18/timeouts[39m
[35m[HTTP][39m [90m{"implicit":50}[39m
[35m[HTTP][39m [37m<-- POST /wd/hub/session/aefbab5c-7c06-4786-869d-158cb4a20f18/timeouts [39m[32m200[39m [90m3 ms - 14[39m
[35m[HTTP][39m [90m[39m
[35m[HTTP][39m [37m-->[39m [37mGET[39m [37m/wd/hub/session/aefbab5c-7c06-4786-869d-158cb4a20f18/window/rect[39m
[35m[HTTP][39m [90m{}[39m
[35m[HTTP][39m [37m<-- GET /wd/hub/session/aefbab5c-7c06-4786-869d-158cb4a20f18/window/rect [39m[32m200[39m [90m25 ms - 50[39m
[35m[HTTP][39m [90m[39m
[35m[HTTP][39m [37m-->[39m [37mPOST[39m [37m/wd/hub/session/aefbab5c-7c06-4786-869d-158cb4a20f18/elements[39m
[35m[HTTP][39m [90m{"using":"-android uiautomator","value":"new UiSelector().className(\"android.widget.EditText\").resourceId(\"b2-Input_NomorRekening\")"}[39m
[35m[HTTP][39m [37m<-- POST /wd/hub/session/aefbab5c-7c06-4786-869d-158cb4a20f18/elements [39m[32m200[39m [90m957 ms - 90[39m
[35m[HTTP][39m [90m[39m
[35m[HTTP][39m [37m-->[39m [37mGET[39m [37m/wd/hub/session/aefbab5c-7c06-4786-869d-158cb4a20f18/element/10e9603f-3fe3-451b-af7f-69f9812abef9/location[39m
[35m[HTTP][39m [90m{}[39m
[35m[W3C][39m Driver proxy active, passing request on via HTTP proxy
[35m[JSONWP Proxy][39m Replacing sessionId bedda8ee-e853-4e85-951f-c7d563f94764 with aefbab5c-7c06-4786-869d-158cb4a20f18
[35m[HTTP][39m [37m<-- GET /wd/hub/session/aefbab5c-7c06-4786-869d-158cb4a20f18/element/10e9603f-3fe3-451b-af7f-69f9812abef9/location [39m[32m200[39m [90m66 ms - 88[39m
[35m[HTTP][39m [90m[39m
[35m[HTTP][39m [37m-->[39m [37mPOST[39m [37m/wd/hub/session/aefbab5c-7c06-4786-869d-158cb4a20f18/timeouts[39m
[35m[HTTP][39m [90m{"implicit":60000}[39m
[35m[HTTP][39m [37m<-- POST /wd/hub/session/aefbab5c-7c06-4786-869d-158cb4a20f18/timeouts [39m[32m200[39m [90m2 ms - 14[39m
[35m[HTTP][39m [90m[39m
[35m[HTTP][39m [37m-->[39m [37mGET[39m [37m/wd/hub/session/aefbab5c-7c06-4786-869d-158cb4a20f18/element/10e9603f-3fe3-451b-af7f-69f9812abef9/text[39m
[35m[HTTP][39m [90m{}[39m
[35m[W3C][39m Driver proxy active, passing request on via HTTP proxy
[35m[JSONWP Proxy][39m Replacing sessionId bedda8ee-e853-4e85-951f-c7d563f94764 with aefbab5c-7c06-4786-869d-158cb4a20f18
[35m[HTTP][39m [37m<-- GET /wd/hub/session/aefbab5c-7c06-4786-869d-158cb4a20f18/element/10e9603f-3fe3-451b-af7f-69f9812abef9/text [39m[32m200[39m [90m62 ms - 80[39m
[35m[HTTP][39m [90m[39m
[35m[HTTP][39m [37m-->[39m [37mPOST[39m [37m/wd/hub/session/aefbab5c-7c06-4786-869d-158cb4a20f18/timeouts[39m
[35m[HTTP][39m [90m{"implicit":50}[39m
[35m[HTTP][39m [37m<-- POST /wd/hub/session/aefbab5c-7c06-4786-869d-158cb4a20f18/timeouts [39m[32m200[39m [90m3 ms - 14[39m
[35m[HTTP][39m [90m[39m
[35m[HTTP][39m [37m-->[39m [37mGET[39m [37m/wd/hub/session/aefbab5c-7c06-4786-869d-158cb4a20f18/window/rect[39m
[35m[HTTP][39m [90m{}[39m
[35m[HTTP][39m [37m<-- GET /wd/hub/session/aefbab5c-7c06-4786-869d-158cb4a20f18/window/rect [39m[32m200[39m [90m30 ms - 50[39m
[35m[HTTP][39m [90m[39m
[35m[HTTP][39m [37m-->[39m [37mPOST[39m [37m/wd/hub/session/aefbab5c-7c06-4786-869d-158cb4a20f18/elements[39m
[35m[HTTP][39m [90m{"using":"-android uiautomator","value":"new UiSelector().className(\"android.widget.EditText\").resourceId(\"b2-Input_KataSandiAkun\")"}[39m
[35m[HTTP][39m [37m<-- POST /wd/hub/session/aefbab5c-7c06-4786-869d-158cb4a20f18/elements [39m[32m200[39m [90m74 ms - 90[39m
[35m[HTTP][39m [90m[39m
[35m[HTTP][39m [37m-->[39m [37mGET[39m [37m/wd/hub/session/aefbab5c-7c06-4786-869d-158cb4a20f18/element/f5e5ae2a-a33b-44a9-8cfe-5963473db964/location[39m
[35m[HTTP][39m [90m{}[39m
[35m[W3C][39m Driver proxy active, passing request on via HTTP proxy
[35m[JSONWP Proxy][39m Replacing sessionId bedda8ee-e853-4e85-951f-c7d563f94764 with aefbab5c-7c06-4786-869d-158cb4a20f18
[35m[HTTP][39m [37m<-- GET /wd/hub/session/aefbab5c-7c06-4786-869d-158cb4a20f18/element/f5e5ae2a-a33b-44a9-8cfe-5963473db964/location [39m[32m200[39m [90m39 ms - 89[39m
[35m[HTTP][39m [90m[39m
[35m[HTTP][39m [37m-->[39m [37mPOST[39m [37m/wd/hub/session/aefbab5c-7c06-4786-869d-158cb4a20f18/timeouts[39m
[35m[HTTP][39m [90m{"implicit":60000}[39m
[35m[HTTP][39m [37m<-- POST /wd/hub/session/aefbab5c-7c06-4786-869d-158cb4a20f18/timeouts [39m[32m200[39m [90m2 ms - 14[39m
[35m[HTTP][39m [90m[39m
[35m[HTTP][39m [37m-->[39m [37mPOST[39m [37m/wd/hub/session/aefbab5c-7c06-4786-869d-158cb4a20f18/element/f5e5ae2a-a33b-44a9-8cfe-5963473db964/clear[39m
[35m[HTTP][39m [90m{"id":"f5e5ae2a-a33b-44a9-8cfe-5963473db964"}[39m
[35m[HTTP][39m [37m<-- POST /wd/hub/session/aefbab5c-7c06-4786-869d-158cb4a20f18/element/f5e5ae2a-a33b-44a9-8cfe-5963473db964/clear [39m[32m200[39m [90m46 ms - 27[39m
[35m[HTTP][39m [90m[39m
[35m[HTTP][39m [37m-->[39m [37mPOST[39m [37m/wd/hub/session/aefbab5c-7c06-4786-869d-158cb4a20f18/element/f5e5ae2a-a33b-44a9-8cfe-5963473db964/value[39m
[35m[HTTP][39m [90m{"id":"f5e5ae2a-a33b-44a9-8cfe-5963473db964","text":"Pramitha98_","value":["P","r","a","m","i","t","h","a","9","8","_"]}[39m
[35m[HTTP][39m [37m<-- POST /wd/hub/session/aefbab5c-7c06-4786-869d-158cb4a20f18/element/f5e5ae2a-a33b-44a9-8cfe-5963473db964/value [39m[32m200[39m [90m239 ms - 12[39m
[35m[HTTP][39m [90m[39m
[35m[HTTP][39m [37m-->[39m [37mPOST[39m [37m/wd/hub/session/aefbab5c-7c06-4786-869d-158cb4a20f18/timeouts[39m
[35m[HTTP][39m [90m{"implicit":50}[39m
[35m[HTTP][39m [37m<-- POST /wd/hub/session/aefbab5c-7c06-4786-869d-158cb4a20f18/timeouts [39m[32m200[39m [90m3 ms - 14[39m
[35m[HTTP][39m [90m[39m
[35m[HTTP][39m [37m-->[39m [37mGET[39m [37m/wd/hub/session/aefbab5c-7c06-4786-869d-158cb4a20f18/window/rect[39m
[35m[HTTP][39m [90m{}[39m
[35m[HTTP][39m [37m<-- GET /wd/hub/session/aefbab5c-7c06-4786-869d-158cb4a20f18/window/rect [39m[32m200[39m [90m31 ms - 50[39m
[35m[HTTP][39m [90m[39m
[35m[HTTP][39m [37m-->[39m [37mPOST[39m [37m/wd/hub/session/aefbab5c-7c06-4786-869d-158cb4a20f18/elements[39m
[35m[HTTP][39m [90m{"using":"-android uiautomator","value":"new UiSelector().className(\"android.widget.EditText\").resourceId(\"b2-Input_KataSandiAkun\")"}[39m
[35m[HTTP][39m [37m<-- POST /wd/hub/session/aefbab5c-7c06-4786-869d-158cb4a20f18/elements [39m[32m200[39m [90m839 ms - 90[39m
[35m[HTTP][39m [90m[39m
[35m[HTTP][39m [37m-->[39m [37mGET[39m [37m/wd/hub/session/aefbab5c-7c06-4786-869d-158cb4a20f18/element/74fdf415-199a-4484-a29f-f50c66c07044/location[39m
[35m[HTTP][39m [90m{}[39m
[35m[W3C][39m Driver proxy active, passing request on via HTTP proxy
[35m[JSONWP Proxy][39m Replacing sessionId bedda8ee-e853-4e85-951f-c7d563f94764 with aefbab5c-7c06-4786-869d-158cb4a20f18
[35m[HTTP][39m [37m<-- GET /wd/hub/session/aefbab5c-7c06-4786-869d-158cb4a20f18/element/74fdf415-199a-4484-a29f-f50c66c07044/location [39m[32m200[39m [90m132 ms - 89[39m
[35m[HTTP][39m [90m[39m
[35m[HTTP][39m [37m-->[39m [37mPOST[39m [37m/wd/hub/session/aefbab5c-7c06-4786-869d-158cb4a20f18/timeouts[39m
[35m[HTTP][39m [90m{"implicit":60000}[39m
[35m[HTTP][39m [37m<-- POST /wd/hub/session/aefbab5c-7c06-4786-869d-158cb4a20f18/timeouts [39m[32m200[39m [90m3 ms - 14[39m
[35m[HTTP][39m [90m[39m
[35m[HTTP][39m [37m-->[39m [37mGET[39m [37m/wd/hub/session/aefbab5c-7c06-4786-869d-158cb4a20f18/element/74fdf415-199a-4484-a29f-f50c66c07044/text[39m
[35m[HTTP][39m [90m{}[39m
[35m[W3C][39m Driver proxy active, passing request on via HTTP proxy
[35m[JSONWP Proxy][39m Replacing sessionId bedda8ee-e853-4e85-951f-c7d563f94764 with aefbab5c-7c06-4786-869d-158cb4a20f18
[35m[HTTP][39m [37m<-- GET /wd/hub/session/aefbab5c-7c06-4786-869d-158cb4a20f18/element/74fdf415-199a-4484-a29f-f50c66c07044/text [39m[32m200[39m [90m67 ms - 107[39m
[35m[HTTP][39m [90m[39m
[35m[HTTP][39m [37m-->[39m [37mPOST[39m [37m/wd/hub/session/aefbab5c-7c06-4786-869d-158cb4a20f18/timeouts[39m
[35m[HTTP][39m [90m{"implicit":50}[39m
[35m[HTTP][39m [37m<-- POST /wd/hub/session/aefbab5c-7c06-4786-869d-158cb4a20f18/timeouts [39m[32m200[39m [90m2 ms - 14[39m
[35m[HTTP][39m [90m[39m
[35m[HTTP][39m [37m-->[39m [37mGET[39m [37m/wd/hub/session/aefbab5c-7c06-4786-869d-158cb4a20f18/window/rect[39m
[35m[HTTP][39m [90m{}[39m
[35m[HTTP][39m [37m<-- GET /wd/hub/session/aefbab5c-7c06-4786-869d-158cb4a20f18/window/rect [39m[32m200[39m [90m26 ms - 50[39m
[35m[HTTP][39m [90m[39m
[35m[HTTP][39m [37m-->[39m [37mPOST[39m [37m/wd/hub/session/aefbab5c-7c06-4786-869d-158cb4a20f18/elements[39m
[35m[HTTP][39m [90m{"using":"-android uiautomator","value":"new UiSelector().className(\"android.widget.EditText\").resourceId(\"b2-Input_KataSandiAkun\")"}[39m
[35m[HTTP][39m [37m<-- POST /wd/hub/session/aefbab5c-7c06-4786-869d-158cb4a20f18/elements [39m[32m200[39m [90m81 ms - 90[39m
[35m[HTTP][39m [90m[39m
[35m[HTTP][39m [37m-->[39m [37mGET[39m [37m/wd/hub/session/aefbab5c-7c06-4786-869d-158cb4a20f18/element/0e297fe8-0320-4db3-a638-8366fd73fdf4/location[39m
[35m[HTTP][39m [90m{}[39m
[35m[W3C][39m Driver proxy active, passing request on via HTTP proxy
[35m[JSONWP Proxy][39m Replacing sessionId bedda8ee-e853-4e85-951f-c7d563f94764 with aefbab5c-7c06-4786-869d-158cb4a20f18
[35m[HTTP][39m [37m<-- GET /wd/hub/session/aefbab5c-7c06-4786-869d-158cb4a20f18/element/0e297fe8-0320-4db3-a638-8366fd73fdf4/location [39m[32m200[39m [90m44 ms - 89[39m
[35m[HTTP][39m [90m[39m
[35m[HTTP][39m [37m-->[39m [37mPOST[39m [37m/wd/hub/session/aefbab5c-7c06-4786-869d-158cb4a20f18/timeouts[39m
[35m[HTTP][39m [90m{"implicit":60000}[39m
[35m[HTTP][39m [37m<-- POST /wd/hub/session/aefbab5c-7c06-4786-869d-158cb4a20f18/timeouts [39m[32m200[39m [90m2 ms - 14[39m
[35m[HTTP][39m [90m[39m
[35m[HTTP][39m [37m-->[39m [37mPOST[39m [37m/wd/hub/session/aefbab5c-7c06-4786-869d-158cb4a20f18/touch/perform[39m
[35m[HTTP][39m [90m{"actions":[{"action":"tap","options":{"x":1,"y":1,"element":"0e297fe8-0320-4db3-a638-8366fd73fdf4"}},{"action":"release","options":{}}]}[39m
[35m[UiAutomator2][39m calling get location: 0e297fe8-0320-4db3-a638-8366fd73fdf4
[35m[HTTP][39m [37m<-- POST /wd/hub/session/aefbab5c-7c06-4786-869d-158cb4a20f18/touch/perform [39m[32m200[39m [90m1054 ms - 14[39m
[35m[HTTP][39m [90m[39m
[35m[HTTP][39m [37m-->[39m [37mPOST[39m [37m/wd/hub/session/aefbab5c-7c06-4786-869d-158cb4a20f18/timeouts[39m
[35m[HTTP][39m [90m{"implicit":50}[39m
[35m[HTTP][39m [37m<-- POST /wd/hub/session/aefbab5c-7c06-4786-869d-158cb4a20f18/timeouts [39m[32m200[39m [90m2 ms - 14[39m
[35m[HTTP][39m [90m[39m
[35m[HTTP][39m [37m-->[39m [37mGET[39m [37m/wd/hub/session/aefbab5c-7c06-4786-869d-158cb4a20f18/window/rect[39m
[35m[HTTP][39m [90m{}[39m
[35m[HTTP][39m [37m<-- GET /wd/hub/session/aefbab5c-7c06-4786-869d-158cb4a20f18/window/rect [39m[32m200[39m [90m18 ms - 50[39m
[35m[HTTP][39m [90m[39m
[35m[HTTP][39m [37m-->[39m [37mPOST[39m [37m/wd/hub/session/aefbab5c-7c06-4786-869d-158cb4a20f18/elements[39m
[35m[HTTP][39m [90m{"using":"-android uiautomator","value":"new UiSelector().className(\"android.widget.Button\").text(\"Tambah Akun Bank\").enabled(true)"}[39m
[35m[HTTP][39m [37m<-- POST /wd/hub/session/aefbab5c-7c06-4786-869d-158cb4a20f18/elements [39m[32m200[39m [90m78 ms - 12[39m
[35m[HTTP][39m [90m[39m
[35m[HTTP][39m [37m-->[39m [37mPOST[39m [37m/wd/hub/session/aefbab5c-7c06-4786-869d-158cb4a20f18/elements[39m
[35m[HTTP][39m [90m{"using":"-android uiautomator","value":"new UiSelector().className(\"android.widget.Button\").text(\"Tambah Akun Bank\").enabled(true)"}[39m
[35m[HTTP][39m [37m<-- POST /wd/hub/session/aefbab5c-7c06-4786-869d-158cb4a20f18/elements [39m[32m200[39m [90m682 ms - 12[39m
[35m[HTTP][39m [90m[39m
[35m[HTTP][39m [37m-->[39m [37mPOST[39m [37m/wd/hub/session/aefbab5c-7c06-4786-869d-158cb4a20f18/elements[39m
[35m[HTTP][39m [90m{"using":"-android uiautomator","value":"new UiSelector().className(\"android.widget.Button\").text(\"Tambah Akun Bank\").enabled(true)"}[39m
[35m[HTTP][39m [37m<-- POST /wd/hub/session/aefbab5c-7c06-4786-869d-158cb4a20f18/elements [39m[32m200[39m [90m83 ms - 12[39m
[35m[HTTP][39m [90m[39m
[35m[HTTP][39m [37m-->[39m [37mPOST[39m [37m/wd/hub/session/aefbab5c-7c06-4786-869d-158cb4a20f18/elements[39m
[35m[HTTP][39m [90m{"using":"-android uiautomator","value":"new UiSelector().className(\"android.widget.Button\").text(\"Tambah Akun Bank\").enabled(true)"}[39m
[35m[HTTP][39m [37m<-- POST /wd/hub/session/aefbab5c-7c06-4786-869d-158cb4a20f18/elements [39m[32m200[39m [90m56 ms - 12[39m
[35m[HTTP][39m [90m[39m
[35m[HTTP][39m [37m-->[39m [37mPOST[39m [37m/wd/hub/session/aefbab5c-7c06-4786-869d-158cb4a20f18/elements[39m
[35m[HTTP][39m [90m{"using":"-android uiautomator","value":"new UiSelector().className(\"android.widget.Button\").text(\"Tambah Akun Bank\").enabled(true)"}[39m
[35m[HTTP][39m [37m<-- POST /wd/hub/session/aefbab5c-7c06-4786-869d-158cb4a20f18/elements [39m[32m200[39m [90m675 ms - 12[39m
[35m[HTTP][39m [90m[39m
[35m[HTTP][39m [37m-->[39m [37mPOST[39m [37m/wd/hub/session/aefbab5c-7c06-4786-869d-158cb4a20f18/elements[39m
[35m[HTTP][39m [90m{"using":"-android uiautomator","value":"new UiSelector().className(\"android.widget.Button\").text(\"Tambah Akun Bank\").enabled(true)"}[39m
[35m[HTTP][39m [37m<-- POST /wd/hub/session/aefbab5c-7c06-4786-869d-158cb4a20f18/elements [39m[32m200[39m [90m63 ms - 12[39m
[35m[HTTP][39m [90m[39m
[35m[HTTP][39m [37m-->[39m [37mPOST[39m [37m/wd/hub/session/aefbab5c-7c06-4786-869d-158cb4a20f18/elements[39m
[35m[HTTP][39m [90m{"using":"-android uiautomator","value":"new UiSelector().className(\"android.widget.Button\").text(\"Tambah Akun Bank\").enabled(true)"}[39m
[35m[HTTP][39m [37m<-- POST /wd/hub/session/aefbab5c-7c06-4786-869d-158cb4a20f18/elements [39m[32m200[39m [90m727 ms - 12[39m
[35m[HTTP][39m [90m[39m
[35m[HTTP][39m [37m-->[39m [37mPOST[39m [37m/wd/hub/session/aefbab5c-7c06-4786-869d-158cb4a20f18/elements[39m
[35m[HTTP][39m [90m{"using":"-android uiautomator","value":"new UiSelector().className(\"android.widget.Button\").text(\"Tambah Akun Bank\").enabled(true)"}[39m
[35m[HTTP][39m [37m<-- POST /wd/hub/session/aefbab5c-7c06-4786-869d-158cb4a20f18/elements [39m[32m200[39m [90m55 ms - 12[39m
[35m[HTTP][39m [90m[39m
[35m[HTTP][39m [37m-->[39m [37mPOST[39m [37m/wd/hub/session/aefbab5c-7c06-4786-869d-158cb4a20f18/elements[39m
[35m[HTTP][39m [90m{"using":"-android uiautomator","value":"new UiSelector().className(\"android.widget.Button\").text(\"Tambah Akun Bank\").enabled(true)"}[39m
[35m[HTTP][39m [37m<-- POST /wd/hub/session/aefbab5c-7c06-4786-869d-158cb4a20f18/elements [39m[32m200[39m [90m67 ms - 12[39m
[35m[HTTP][39m [90m[39m
[35m[HTTP][39m [37m-->[39m [37mPOST[39m [37m/wd/hub/session/aefbab5c-7c06-4786-869d-158cb4a20f18/elements[39m
[35m[HTTP][39m [90m{"using":"-android uiautomator","value":"new UiSelector().className(\"android.widget.Button\").text(\"Tambah Akun Bank\").enabled(true)"}[39m
[35m[HTTP][39m [37m<-- POST /wd/hub/session/aefbab5c-7c06-4786-869d-158cb4a20f18/elements [39m[32m200[39m [90m699 ms - 12[39m
[35m[HTTP][39m [90m[39m
[35m[HTTP][39m [37m-->[39m [37mPOST[39m [37m/wd/hub/session/aefbab5c-7c06-4786-869d-158cb4a20f18/elements[39m
[35m[HTTP][39m [90m{"using":"-android uiautomator","value":"new UiSelector().className(\"android.widget.Button\").text(\"Tambah Akun Bank\").enabled(true)"}[39m
[35m[HTTP][39m [37m<-- POST /wd/hub/session/aefbab5c-7c06-4786-869d-158cb4a20f18/elements [39m[32m200[39m [90m65 ms - 12[39m
[35m[HTTP][39m [90m[39m
[35m[HTTP][39m [37m-->[39m [37mPOST[39m [37m/wd/hub/session/aefbab5c-7c06-4786-869d-158cb4a20f18/elements[39m
[35m[HTTP][39m [90m{"using":"-android uiautomator","value":"new UiSelector().className(\"android.widget.Button\").text(\"Tambah Akun Bank\").enabled(true)"}[39m
[35m[HTTP][39m [37m<-- POST /wd/hub/session/aefbab5c-7c06-4786-869d-158cb4a20f18/elements [39m[32m200[39m [90m654 ms - 12[39m
[35m[HTTP][39m [90m[39m
[35m[HTTP][39m [37m-->[39m [37mPOST[39m [37m/wd/hub/session/aefbab5c-7c06-4786-869d-158cb4a20f18/elements[39m
[35m[HTTP][39m [90m{"using":"-android uiautomator","value":"new UiSelector().className(\"android.widget.Button\").text(\"Tambah Akun Bank\").enabled(true)"}[39m
[35m[HTTP][39m [37m<-- POST /wd/hub/session/aefbab5c-7c06-4786-869d-158cb4a20f18/elements [39m[32m200[39m [90m77 ms - 12[39m
[35m[HTTP][39m [90m[39m
[35m[HTTP][39m [37m-->[39m [37mPOST[39m [37m/wd/hub/session/aefbab5c-7c06-4786-869d-158cb4a20f18/elements[39m
[35m[HTTP][39m [90m{"using":"-android uiautomator","value":"new UiSelector().className(\"android.widget.Button\").text(\"Tambah Akun Bank\").enabled(true)"}[39m
[35m[HTTP][39m [37m<-- POST /wd/hub/session/aefbab5c-7c06-4786-869d-158cb4a20f18/elements [39m[32m-[39m [90m- ms - -[39m
[35m[HTTP][39m [90m[39m
[35m[BaseDriver][39m Shutting down because we waited 1800 seconds for a command
[35m[Appium][39m Closing session, cause was 'New Command Timeout of 1800 seconds expired. Try customizing the timeout using the 'newCommandTimeout' desired capability'
[35m[Appium][39m Removing session aefbab5c-7c06-4786-869d-158cb4a20f18 from our master session list
[35m[UiAutomator2][39m Did not get confirmation UiAutomator2 deleteSession worked; Error was: ProxyRequestError: Could not proxy command to remote server. Original error: Error: connect ECONNREFUSED 127.0.0.1:54433
[35m[UiAutomator2][39m Unable to reset IME: Error executing adbExec. Original error: 'Command 'C\:\\Users\\Intan\\.katalon\\tools\\android_sdk\\platform-tools\\adb.exe -P 5037 -s emulator-5554 shell ime set io.appium.android.ime/.UnicodeIME' exited with code 1'; Stderr: 'error: device 'emulator-5554' not found'; Code: '1'
[35m[UiAutomator2][39m Unable to force stop app: Error executing adbExec. Original error: 'Command 'C\:\\Users\\Intan\\.katalon\\tools\\android_sdk\\platform-tools\\adb.exe -P 5037 -s emulator-5554 shell am force-stop com.outsystemsenterprise.acctst1.BidMart' exited with code 1'; Stderr: 'error: device 'emulator-5554' not found'; Code: '1'
[35m[UiAutomator2][39m Unable to remove port forward 'Error executing adbExec. Original error: 'Command 'C\:\\Users\\Intan\\.katalon\\tools\\android_sdk\\platform-tools\\adb.exe -P 5037 -s emulator-5554 forward --remove tcp\:54433' exited with code 1'; Stderr: 'adb.exe: error: device 'emulator-5554' not found'; Code: '1''
