[35m[Appium][39m Welcome to Appium v1.12.1
[35m[Appium][39m Non-default server args:
[35m[Appium][39m   port: 56706
[35m[Appium][39m   loglevel: info
[35m[Appium][39m   chromeDriverPort: 56707
[35m[Appium][39m   tmpDir: C:\Users\Marvin\AppData\Local\Temp\\Katalon\Appium\Temp1573013523675
[35m[Appium][39m Appium REST http interface listener started on 0.0.0.0:56706
[35m[HTTP][39m [37m-->[39m [37mGET[39m [37m/wd/hub/status[39m
[35m[HTTP][39m [90m{}[39m
[35m[HTTP][39m [37m<-- GET /wd/hub/status [39m[32m200[39m [90m9 ms - 68[39m
[35m[HTTP][39m [90m[39m
[35m[HTTP][39m [37m-->[39m [37mPOST[39m [37m/wd/hub/session[39m
[35m[HTTP][39m [90m{"desiredCapabilities":{"app":"C:\\Users\\Marvin\\git\\ACCBid-Mobile\\accbid.apk","noReset":true,"deviceId":"","deviceName":"samsung SM-A505F (Android 9)","fullReset":false,"platform":"ANDROID","newCommandTimeout":1800,"platformVersion":"9","automationName":"uiautomator2","autoGrantPermissions":true,"unicodeKeyboard":true,"platformName":"Android","udid":"RR8M30NJEFN","resetKeyboard":true,"systemPort":56705},"capabilities":{"firstMatch":[{"appium:app":"C:\\Users\\Marvin\\git\\ACCBid-Mobile\\accbid.apk","appium:autoGrantPermissions":true,"appium:automationName":"uiautomator2","deviceId":"","appium:deviceName":"samsung SM-A505F (Android 9)","appium:fullReset":false,"appium:newCommandTimeout":1800,"appium:noReset":true,"platform":"ANDROID","platformName":"android","appium:platformVersion":"9","appium:resetKeyboard":true,"appium:systemPort":56705,"appium:udid":"RR8M30NJEFN","appium:unicodeKeyboard":true}]}}[39m
[35m[BaseDriver][39m The capabilities ["deviceId","platform"] are not standard capabilities and should have an extension prefix
[35m[Appium][39m Appium v1.12.1 creating new AndroidUiautomator2Driver (v1.33.0) session
[35m[Appium][39m Capabilities:
[35m[Appium][39m   deviceId: 
[35m[Appium][39m   platform: ANDROID
[35m[Appium][39m   platformName: android
[35m[Appium][39m   app: C:\Users\Marvin\git\ACCBid-Mobile\accbid.apk
[35m[Appium][39m   autoGrantPermissions: true
[35m[Appium][39m   automationName: uiautomator2
[35m[Appium][39m   deviceName: samsung SM-A505F (Android 9)
[35m[Appium][39m   fullReset: false
[35m[Appium][39m   newCommandTimeout: 1800
[35m[Appium][39m   noReset: true
[35m[Appium][39m   platformVersion: 9
[35m[Appium][39m   resetKeyboard: true
[35m[Appium][39m   systemPort: 56705
[35m[Appium][39m   udid: RR8M30NJEFN
[35m[Appium][39m   unicodeKeyboard: true
[35m[BaseDriver][39m The following capabilities were provided, but are not recognized by appium: deviceId, platform.
[35m[BaseDriver][39m Session created with session id: db72ffca-0d56-4bd2-bb7c-8c02ff45b3c6
[35m[BaseDriver][39m Using local app 'C:\Users\Marvin\git\ACCBid-Mobile\accbid.apk'
[35m[ADB][39m Checking whether adb is present
[35m[ADB][39m Found 1 'build-tools' folders under 'C:\Users\Marvin\.katalon\tools\android_sdk' (newest first):
[35m[ADB][39m     C:/Users/Marvin/.katalon/tools/android_sdk/build-tools/29.0.0
[35m[ADB][39m Using adb.exe from C:\Users\Marvin\.katalon\tools\android_sdk\platform-tools\adb.exe
[35m[AndroidDriver][39m Retrieving device list
[35m[AndroidDriver][39m Using device: RR8M30NJEFN
[35m[UiAutomator2][39m Relaxing hidden api policy
[35m[ADB][39m Using the alternative activity name detection method because of: Could not find apkanalyzer.bat in C:\Users\Marvin\.katalon\tools\android_sdk\platform-tools\apkanalyzer.bat,C:\Users\Marvin\.katalon\tools\android_sdk\emulator\apkanalyzer.bat,C:\Users\Marvin\.katalon\tools\android_sdk\tools\apkanalyzer.bat,C:\Users\Marvin\.katalon\tools\android_sdk\tools\bin\apkanalyzer.bat,C:\Users\Marvin\.katalon\tools\android_sdk\build-tools\29.0.0\apkanalyzer.bat. Do you have the Android SDK installed at 'C:\Users\Marvin\.katalon\tools\android_sdk'?
[35m[ADB][39m Checking whether aapt is present
[35m[ADB][39m Using aapt.exe from C:\Users\Marvin\.katalon\tools\android_sdk\build-tools\29.0.0\aapt.exe
[35m[ADB][39m Extracting package and launch activity from manifest
[35m[ADB][39m Package name: 'com.outsystemsenterprise.acctst1.BidMart'
[35m[ADB][39m Main activity name: 'com.outsystemsenterprise.acctst1.BidMart.MainActivity'
[35m[ADB][39m Using apksigner.bat from C:\Users\Marvin\.katalon\tools\android_sdk\build-tools\29.0.0\apksigner.bat
[35m[UiAutomator2][39m Server packages are not going to be (re)installed
[35m[UiAutomator2][39m Starting UIAutomator2 server 3.4.0
[35m[UiAutomator2][39m Using UIAutomator2 server from 'C:\Users\Marvin\AppData\Roaming\npm\node_modules\appium\node_modules\appium-uiautomator2-server\apks\appium-uiautomator2-server-v3.4.0.apk' and test from 'C:\Users\Marvin\AppData\Roaming\npm\node_modules\appium\node_modules\appium-uiautomator2-server\apks\appium-uiautomator2-server-debug-androidTest.apk'
[35m[UiAutomator2][39m Waiting up to 30000ms for UiAutomator2 to be online...
[35m[WD Proxy][39m Got an unexpected response: {"code":"ECONNRESET"}
[35m[WD Proxy][39m Got an unexpected response: {"code":"ECONNRESET"}
[35m[AndroidDriver][39m Screen already unlocked, doing nothing
[35m[UiAutomator2][39m UiAutomator2 did not start the activity we were waiting for, 'com.outsystemsenterprise.acctst1.BidMart/com.outsystemsenterprise.acctst1.BidMart.MainActivity'. Starting it ourselves
[35m[Appium][39m New AndroidUiautomator2Driver session created successfully, session db72ffca-0d56-4bd2-bb7c-8c02ff45b3c6 added to master session list
[35m[HTTP][39m [37m<-- POST /wd/hub/session [39m[32m200[39m [90m26447 ms - 1337[39m
[35m[HTTP][39m [90m[39m
[35m[HTTP][39m [37m-->[39m [37mGET[39m [37m/wd/hub/session/db72ffca-0d56-4bd2-bb7c-8c02ff45b3c6[39m
[35m[HTTP][39m [90m{}[39m
[35m[HTTP][39m [37m<-- GET /wd/hub/session/db72ffca-0d56-4bd2-bb7c-8c02ff45b3c6 [39m[32m200[39m [90m152 ms - 1269[39m
[35m[HTTP][39m [90m[39m
[35m[HTTP][39m [37m-->[39m [37mGET[39m [37m/wd/hub/session/db72ffca-0d56-4bd2-bb7c-8c02ff45b3c6[39m
[35m[HTTP][39m [90m{}[39m
[35m[HTTP][39m [37m<-- GET /wd/hub/session/db72ffca-0d56-4bd2-bb7c-8c02ff45b3c6 [39m[32m200[39m [90m127 ms - 1269[39m
[35m[HTTP][39m [90m[39m
[35m[HTTP][39m [37m-->[39m [37mGET[39m [37m/wd/hub/status[39m
[35m[HTTP][39m [90m{}[39m
[35m[HTTP][39m [37m<-- GET /wd/hub/status [39m[32m200[39m [90m2 ms - 68[39m
[35m[HTTP][39m [90m[39m
[35m[HTTP][39m [37m-->[39m [37mPOST[39m [37m/wd/hub/session/db72ffca-0d56-4bd2-bb7c-8c02ff45b3c6/timeouts[39m
[35m[HTTP][39m [90m{"implicit":60000}[39m
[35m[HTTP][39m [37m<-- POST /wd/hub/session/db72ffca-0d56-4bd2-bb7c-8c02ff45b3c6/timeouts [39m[32m200[39m [90m7 ms - 14[39m
[35m[HTTP][39m [90m[39m
[35m[HTTP][39m [37m-->[39m [37mGET[39m [37m/wd/hub/session/db72ffca-0d56-4bd2-bb7c-8c02ff45b3c6/context[39m
[35m[HTTP][39m [90m{}[39m
[35m[HTTP][39m [37m<-- GET /wd/hub/session/db72ffca-0d56-4bd2-bb7c-8c02ff45b3c6/context [39m[32m200[39m [90m13 ms - 22[39m
[35m[HTTP][39m [90m[39m
[35m[HTTP][39m [37m-->[39m [37mGET[39m [37m/wd/hub/session/db72ffca-0d56-4bd2-bb7c-8c02ff45b3c6/contexts[39m
[35m[HTTP][39m [90m{}[39m
[35m[HTTP][39m [37m<-- GET /wd/hub/session/db72ffca-0d56-4bd2-bb7c-8c02ff45b3c6/contexts [39m[32m200[39m [90m671 ms - 75[39m
[35m[HTTP][39m [90m[39m
[35m[HTTP][39m [37m-->[39m [37mPOST[39m [37m/wd/hub/session/db72ffca-0d56-4bd2-bb7c-8c02ff45b3c6/context[39m
[35m[HTTP][39m [90m{"name":"NATIVE_APP"}[39m
[35m[HTTP][39m [37m<-- POST /wd/hub/session/db72ffca-0d56-4bd2-bb7c-8c02ff45b3c6/context [39m[32m200[39m [90m4 ms - 14[39m
[35m[HTTP][39m [90m[39m
[35m[HTTP][39m [37m-->[39m [37mGET[39m [37m/wd/hub/session/db72ffca-0d56-4bd2-bb7c-8c02ff45b3c6/window/rect[39m
[35m[HTTP][39m [90m{}[39m
[35m[HTTP][39m [37m<-- GET /wd/hub/session/db72ffca-0d56-4bd2-bb7c-8c02ff45b3c6/window/rect [39m[32m200[39m [90m90 ms - 50[39m
[35m[HTTP][39m [90m[39m
[35m[HTTP][39m [37m-->[39m [37mPOST[39m [37m/wd/hub/session/db72ffca-0d56-4bd2-bb7c-8c02ff45b3c6/context[39m
[35m[HTTP][39m [90m{"name":"NATIVE_APP"}[39m
[35m[HTTP][39m [37m<-- POST /wd/hub/session/db72ffca-0d56-4bd2-bb7c-8c02ff45b3c6/context [39m[32m200[39m [90m4 ms - 14[39m
[35m[HTTP][39m [90m[39m
[35m[HTTP][39m [37m-->[39m [37mGET[39m [37m/wd/hub/session/db72ffca-0d56-4bd2-bb7c-8c02ff45b3c6/context[39m
[35m[HTTP][39m [90m{}[39m
[35m[HTTP][39m [37m<-- GET /wd/hub/session/db72ffca-0d56-4bd2-bb7c-8c02ff45b3c6/context [39m[32m200[39m [90m3 ms - 22[39m
[35m[HTTP][39m [90m[39m
[35m[HTTP][39m [37m-->[39m [37mGET[39m [37m/wd/hub/session/db72ffca-0d56-4bd2-bb7c-8c02ff45b3c6/contexts[39m
[35m[HTTP][39m [90m{}[39m
[35m[HTTP][39m [37m<-- GET /wd/hub/session/db72ffca-0d56-4bd2-bb7c-8c02ff45b3c6/contexts [39m[32m200[39m [90m575 ms - 75[39m
[35m[HTTP][39m [90m[39m
[35m[HTTP][39m [37m-->[39m [37mPOST[39m [37m/wd/hub/session/db72ffca-0d56-4bd2-bb7c-8c02ff45b3c6/context[39m
[35m[HTTP][39m [90m{"name":"NATIVE_APP"}[39m
[35m[HTTP][39m [37m<-- POST /wd/hub/session/db72ffca-0d56-4bd2-bb7c-8c02ff45b3c6/context [39m[32m200[39m [90m3 ms - 14[39m
[35m[HTTP][39m [90m[39m
[35m[HTTP][39m [37m-->[39m [37mGET[39m [37m/wd/hub/session/db72ffca-0d56-4bd2-bb7c-8c02ff45b3c6/window/rect[39m
[35m[HTTP][39m [90m{}[39m
[35m[HTTP][39m [37m<-- GET /wd/hub/session/db72ffca-0d56-4bd2-bb7c-8c02ff45b3c6/window/rect [39m[32m200[39m [90m96 ms - 50[39m
[35m[HTTP][39m [90m[39m
[35m[HTTP][39m [37m-->[39m [37mPOST[39m [37m/wd/hub/session/db72ffca-0d56-4bd2-bb7c-8c02ff45b3c6/context[39m
[35m[HTTP][39m [90m{"name":"NATIVE_APP"}[39m
[35m[HTTP][39m [37m<-- POST /wd/hub/session/db72ffca-0d56-4bd2-bb7c-8c02ff45b3c6/context [39m[32m200[39m [90m3 ms - 14[39m
[35m[HTTP][39m [90m[39m
[35m[HTTP][39m [37m-->[39m [37mPOST[39m [37m/wd/hub/session/db72ffca-0d56-4bd2-bb7c-8c02ff45b3c6/timeouts[39m
[35m[HTTP][39m [90m{"implicit":50}[39m
[35m[HTTP][39m [37m<-- POST /wd/hub/session/db72ffca-0d56-4bd2-bb7c-8c02ff45b3c6/timeouts [39m[32m200[39m [90m3 ms - 14[39m
[35m[HTTP][39m [90m[39m
[35m[HTTP][39m [37m-->[39m [37mGET[39m [37m/wd/hub/session/db72ffca-0d56-4bd2-bb7c-8c02ff45b3c6/window/rect[39m
[35m[HTTP][39m [90m{}[39m
[35m[HTTP][39m [37m<-- GET /wd/hub/session/db72ffca-0d56-4bd2-bb7c-8c02ff45b3c6/window/rect [39m[32m200[39m [90m85 ms - 50[39m
[35m[HTTP][39m [90m[39m
[35m[HTTP][39m [37m-->[39m [37mPOST[39m [37m/wd/hub/session/db72ffca-0d56-4bd2-bb7c-8c02ff45b3c6/elements[39m
[35m[HTTP][39m [90m{"using":"-android uiautomator","value":"new UiSelector().className(\"android.view.View\").resourceId(\"GoToDeposit\")"}[39m
[35m[HTTP][39m [37m<-- POST /wd/hub/session/db72ffca-0d56-4bd2-bb7c-8c02ff45b3c6/elements [39m[32m200[39m [90m1951 ms - 139[39m
[35m[HTTP][39m [90m[39m
[35m[HTTP][39m [37m-->[39m [37mGET[39m [37m/wd/hub/session/db72ffca-0d56-4bd2-bb7c-8c02ff45b3c6/element/e6b7dd00-bb73-4103-a06b-940f8b11ce23/location[39m
[35m[HTTP][39m [90m{}[39m
[35m[W3C (db72ffca)][39m Driver proxy active, passing request on via HTTP proxy
[35m[WD Proxy][39m Replacing sessionId cf6901f4-6649-4d99-9d13-c3f814314c09 with db72ffca-0d56-4bd2-bb7c-8c02ff45b3c6
[35m[HTTP][39m [37m<-- GET /wd/hub/session/db72ffca-0d56-4bd2-bb7c-8c02ff45b3c6/element/e6b7dd00-bb73-4103-a06b-940f8b11ce23/location [39m[32m200[39m [90m254 ms - 89[39m
[35m[HTTP][39m [90m[39m
[35m[HTTP][39m [37m-->[39m [37mPOST[39m [37m/wd/hub/session/db72ffca-0d56-4bd2-bb7c-8c02ff45b3c6/timeouts[39m
[35m[HTTP][39m [90m{"implicit":60000}[39m
[35m[HTTP][39m [37m<-- POST /wd/hub/session/db72ffca-0d56-4bd2-bb7c-8c02ff45b3c6/timeouts [39m[32m200[39m [90m3 ms - 14[39m
[35m[HTTP][39m [90m[39m
[35m[HTTP][39m [37m-->[39m [37mPOST[39m [37m/wd/hub/session/db72ffca-0d56-4bd2-bb7c-8c02ff45b3c6/touch/perform[39m
[35m[HTTP][39m [90m{"actions":[{"action":"tap","options":{"x":1,"y":1,"element":"e6b7dd00-bb73-4103-a06b-940f8b11ce23"}},{"action":"release","options":{}}]}[39m
[35m[UiAutomator2][39m calling get location: e6b7dd00-bb73-4103-a06b-940f8b11ce23
[35m[HTTP][39m [37m<-- POST /wd/hub/session/db72ffca-0d56-4bd2-bb7c-8c02ff45b3c6/touch/perform [39m[32m200[39m [90m2441 ms - 14[39m
[35m[HTTP][39m [90m[39m
[35m[HTTP][39m [37m-->[39m [37mPOST[39m [37m/wd/hub/session/db72ffca-0d56-4bd2-bb7c-8c02ff45b3c6/timeouts[39m
[35m[HTTP][39m [90m{"implicit":50}[39m
[35m[HTTP][39m [37m<-- POST /wd/hub/session/db72ffca-0d56-4bd2-bb7c-8c02ff45b3c6/timeouts [39m[32m200[39m [90m3 ms - 14[39m
[35m[HTTP][39m [90m[39m
[35m[HTTP][39m [37m-->[39m [37mGET[39m [37m/wd/hub/session/db72ffca-0d56-4bd2-bb7c-8c02ff45b3c6/window/rect[39m
[35m[HTTP][39m [90m{}[39m
[35m[HTTP][39m [37m<-- GET /wd/hub/session/db72ffca-0d56-4bd2-bb7c-8c02ff45b3c6/window/rect [39m[32m200[39m [90m114 ms - 50[39m
[35m[HTTP][39m [90m[39m
[35m[HTTP][39m [37m-->[39m [37mPOST[39m [37m/wd/hub/session/db72ffca-0d56-4bd2-bb7c-8c02ff45b3c6/elements[39m
[35m[HTTP][39m [90m{"using":"-android uiautomator","value":"new UiSelector().className(\"android.widget.Button\").text(\"Top Up\").resourceId(\"b2-l1-0-btnTopUp\")"}[39m
[35m[HTTP][39m [37m<-- POST /wd/hub/session/db72ffca-0d56-4bd2-bb7c-8c02ff45b3c6/elements [39m[32m200[39m [90m575 ms - 139[39m
[35m[HTTP][39m [90m[39m
[35m[HTTP][39m [37m-->[39m [37mGET[39m [37m/wd/hub/session/db72ffca-0d56-4bd2-bb7c-8c02ff45b3c6/element/5eaca556-8ba9-4b89-8823-ea29efa0067c/location[39m
[35m[HTTP][39m [90m{}[39m
[35m[W3C (db72ffca)][39m Driver proxy active, passing request on via HTTP proxy
[35m[WD Proxy][39m Replacing sessionId cf6901f4-6649-4d99-9d13-c3f814314c09 with db72ffca-0d56-4bd2-bb7c-8c02ff45b3c6
[35m[HTTP][39m [37m<-- GET /wd/hub/session/db72ffca-0d56-4bd2-bb7c-8c02ff45b3c6/element/5eaca556-8ba9-4b89-8823-ea29efa0067c/location [39m[32m200[39m [90m228 ms - 89[39m
[35m[HTTP][39m [90m[39m
[35m[HTTP][39m [37m-->[39m [37mPOST[39m [37m/wd/hub/session/db72ffca-0d56-4bd2-bb7c-8c02ff45b3c6/timeouts[39m
[35m[HTTP][39m [90m{"implicit":60000}[39m
[35m[HTTP][39m [37m<-- POST /wd/hub/session/db72ffca-0d56-4bd2-bb7c-8c02ff45b3c6/timeouts [39m[32m200[39m [90m3 ms - 14[39m
[35m[HTTP][39m [90m[39m
[35m[HTTP][39m [37m-->[39m [37mPOST[39m [37m/wd/hub/session/db72ffca-0d56-4bd2-bb7c-8c02ff45b3c6/touch/perform[39m
[35m[HTTP][39m [90m{"actions":[{"action":"tap","options":{"x":1,"y":1,"element":"5eaca556-8ba9-4b89-8823-ea29efa0067c"}},{"action":"release","options":{}}]}[39m
[35m[UiAutomator2][39m calling get location: 5eaca556-8ba9-4b89-8823-ea29efa0067c
[35m[HTTP][39m [37m<-- POST /wd/hub/session/db72ffca-0d56-4bd2-bb7c-8c02ff45b3c6/touch/perform [39m[32m200[39m [90m2453 ms - 14[39m
[35m[HTTP][39m [90m[39m
[35m[HTTP][39m [37m-->[39m [37mPOST[39m [37m/wd/hub/session/db72ffca-0d56-4bd2-bb7c-8c02ff45b3c6/timeouts[39m
[35m[HTTP][39m [90m{"implicit":50}[39m
[35m[HTTP][39m [37m<-- POST /wd/hub/session/db72ffca-0d56-4bd2-bb7c-8c02ff45b3c6/timeouts [39m[32m200[39m [90m3 ms - 14[39m
[35m[HTTP][39m [90m[39m
[35m[HTTP][39m [37m-->[39m [37mGET[39m [37m/wd/hub/session/db72ffca-0d56-4bd2-bb7c-8c02ff45b3c6/window/rect[39m
[35m[HTTP][39m [90m{}[39m
[35m[HTTP][39m [37m<-- GET /wd/hub/session/db72ffca-0d56-4bd2-bb7c-8c02ff45b3c6/window/rect [39m[32m200[39m [90m122 ms - 50[39m
[35m[HTTP][39m [90m[39m
[35m[HTTP][39m [37m-->[39m [37mPOST[39m [37m/wd/hub/session/db72ffca-0d56-4bd2-bb7c-8c02ff45b3c6/elements[39m
[35m[HTTP][39m [90m{"using":"-android uiautomator","value":"new UiSelector().className(\"android.widget.EditText\").resourceId(\"b3-Nominal_Input\")"}[39m
[35m[HTTP][39m [37m<-- POST /wd/hub/session/db72ffca-0d56-4bd2-bb7c-8c02ff45b3c6/elements [39m[32m200[39m [90m237 ms - 139[39m
[35m[HTTP][39m [90m[39m
[35m[HTTP][39m [37m-->[39m [37mGET[39m [37m/wd/hub/session/db72ffca-0d56-4bd2-bb7c-8c02ff45b3c6/element/7ac2fb36-f43a-4992-9a27-cddbd0a45851/location[39m
[35m[HTTP][39m [90m{}[39m
[35m[W3C (db72ffca)][39m Driver proxy active, passing request on via HTTP proxy
[35m[WD Proxy][39m Replacing sessionId cf6901f4-6649-4d99-9d13-c3f814314c09 with db72ffca-0d56-4bd2-bb7c-8c02ff45b3c6
[35m[HTTP][39m [37m<-- GET /wd/hub/session/db72ffca-0d56-4bd2-bb7c-8c02ff45b3c6/element/7ac2fb36-f43a-4992-9a27-cddbd0a45851/location [39m[32m200[39m [90m149 ms - 88[39m
[35m[HTTP][39m [90m[39m
[35m[HTTP][39m [37m-->[39m [37mPOST[39m [37m/wd/hub/session/db72ffca-0d56-4bd2-bb7c-8c02ff45b3c6/timeouts[39m
[35m[HTTP][39m [90m{"implicit":60000}[39m
[35m[HTTP][39m [37m<-- POST /wd/hub/session/db72ffca-0d56-4bd2-bb7c-8c02ff45b3c6/timeouts [39m[32m200[39m [90m3 ms - 14[39m
[35m[HTTP][39m [90m[39m
[35m[HTTP][39m [37m-->[39m [37mPOST[39m [37m/wd/hub/session/db72ffca-0d56-4bd2-bb7c-8c02ff45b3c6/element/7ac2fb36-f43a-4992-9a27-cddbd0a45851/clear[39m
[35m[HTTP][39m [90m{"id":"7ac2fb36-f43a-4992-9a27-cddbd0a45851"}[39m
[35m[HTTP][39m [37m<-- POST /wd/hub/session/db72ffca-0d56-4bd2-bb7c-8c02ff45b3c6/element/7ac2fb36-f43a-4992-9a27-cddbd0a45851/clear [39m[32m200[39m [90m142 ms - 27[39m
[35m[HTTP][39m [90m[39m
[35m[HTTP][39m [37m-->[39m [37mPOST[39m [37m/wd/hub/session/db72ffca-0d56-4bd2-bb7c-8c02ff45b3c6/element/7ac2fb36-f43a-4992-9a27-cddbd0a45851/value[39m
[35m[HTTP][39m [90m{"id":"7ac2fb36-f43a-4992-9a27-cddbd0a45851","text":"500000","value":["5","0","0","0","0","0"]}[39m
[35m[HTTP][39m [37m<-- POST /wd/hub/session/db72ffca-0d56-4bd2-bb7c-8c02ff45b3c6/element/7ac2fb36-f43a-4992-9a27-cddbd0a45851/value [39m[32m200[39m [90m798 ms - 12[39m
[35m[HTTP][39m [90m[39m
[35m[HTTP][39m [37m-->[39m [37mPOST[39m [37m/wd/hub/session/db72ffca-0d56-4bd2-bb7c-8c02ff45b3c6/timeouts[39m
[35m[HTTP][39m [90m{"implicit":50}[39m
[35m[HTTP][39m [37m<-- POST /wd/hub/session/db72ffca-0d56-4bd2-bb7c-8c02ff45b3c6/timeouts [39m[32m200[39m [90m3 ms - 14[39m
[35m[HTTP][39m [90m[39m
[35m[HTTP][39m [37m-->[39m [37mGET[39m [37m/wd/hub/session/db72ffca-0d56-4bd2-bb7c-8c02ff45b3c6/window/rect[39m
[35m[HTTP][39m [90m{}[39m
[35m[HTTP][39m [37m<-- GET /wd/hub/session/db72ffca-0d56-4bd2-bb7c-8c02ff45b3c6/window/rect [39m[32m200[39m [90m107 ms - 50[39m
[35m[HTTP][39m [90m[39m
[35m[HTTP][39m [37m-->[39m [37mPOST[39m [37m/wd/hub/session/db72ffca-0d56-4bd2-bb7c-8c02ff45b3c6/elements[39m
[35m[HTTP][39m [90m{"using":"-android uiautomator","value":"new UiSelector().className(\"android.view.View\").text(\"▲\")"}[39m
[35m[HTTP][39m [37m<-- POST /wd/hub/session/db72ffca-0d56-4bd2-bb7c-8c02ff45b3c6/elements [39m[32m200[39m [90m428 ms - 139[39m
[35m[HTTP][39m [90m[39m
[35m[HTTP][39m [37m-->[39m [37mGET[39m [37m/wd/hub/session/db72ffca-0d56-4bd2-bb7c-8c02ff45b3c6/element/fedee6ed-acef-4a77-b4ee-5f07a4967168/location[39m
[35m[HTTP][39m [90m{}[39m
[35m[W3C (db72ffca)][39m Driver proxy active, passing request on via HTTP proxy
[35m[WD Proxy][39m Replacing sessionId cf6901f4-6649-4d99-9d13-c3f814314c09 with db72ffca-0d56-4bd2-bb7c-8c02ff45b3c6
[35m[HTTP][39m [37m<-- GET /wd/hub/session/db72ffca-0d56-4bd2-bb7c-8c02ff45b3c6/element/fedee6ed-acef-4a77-b4ee-5f07a4967168/location [39m[32m200[39m [90m152 ms - 90[39m
[35m[HTTP][39m [90m[39m
[35m[HTTP][39m [37m-->[39m [37mPOST[39m [37m/wd/hub/session/db72ffca-0d56-4bd2-bb7c-8c02ff45b3c6/timeouts[39m
[35m[HTTP][39m [90m{"implicit":60000}[39m
[35m[HTTP][39m [37m<-- POST /wd/hub/session/db72ffca-0d56-4bd2-bb7c-8c02ff45b3c6/timeouts [39m[32m200[39m [90m5 ms - 14[39m
[35m[HTTP][39m [90m[39m
[35m[HTTP][39m [37m-->[39m [37mPOST[39m [37m/wd/hub/session/db72ffca-0d56-4bd2-bb7c-8c02ff45b3c6/touch/perform[39m
[35m[HTTP][39m [90m{"actions":[{"action":"tap","options":{"x":1,"y":1,"element":"fedee6ed-acef-4a77-b4ee-5f07a4967168"}},{"action":"release","options":{}}]}[39m
[35m[UiAutomator2][39m calling get location: fedee6ed-acef-4a77-b4ee-5f07a4967168
[35m[HTTP][39m [37m<-- POST /wd/hub/session/db72ffca-0d56-4bd2-bb7c-8c02ff45b3c6/touch/perform [39m[32m200[39m [90m1091 ms - 14[39m
[35m[HTTP][39m [90m[39m
[35m[HTTP][39m [37m-->[39m [37mPOST[39m [37m/wd/hub/session/db72ffca-0d56-4bd2-bb7c-8c02ff45b3c6/timeouts[39m
[35m[HTTP][39m [90m{"implicit":50}[39m
[35m[HTTP][39m [37m<-- POST /wd/hub/session/db72ffca-0d56-4bd2-bb7c-8c02ff45b3c6/timeouts [39m[32m200[39m [90m3 ms - 14[39m
[35m[HTTP][39m [90m[39m
[35m[HTTP][39m [37m-->[39m [37mGET[39m [37m/wd/hub/session/db72ffca-0d56-4bd2-bb7c-8c02ff45b3c6/window/rect[39m
[35m[HTTP][39m [90m{}[39m
[35m[HTTP][39m [37m<-- GET /wd/hub/session/db72ffca-0d56-4bd2-bb7c-8c02ff45b3c6/window/rect [39m[32m200[39m [90m95 ms - 50[39m
[35m[HTTP][39m [90m[39m
[35m[HTTP][39m [37m-->[39m [37mPOST[39m [37m/wd/hub/session/db72ffca-0d56-4bd2-bb7c-8c02ff45b3c6/elements[39m
[35m[HTTP][39m [90m{"using":"xpath","value":"//hierarchy/android.widget.FrameLayout[1]/android.widget.LinearLayout[1]/android.widget.FrameLayout[1]/android.webkit.WebView[1]/android.webkit.WebView[1]/android.view.View[1]/android.view.View[1]/android.view.View[1]/android.view.View[1]/android.view.View[1]/android.view.View[2]/android.view.View[2]/android.view.View[1]/android.view.View[1]/android.view.View[1]/android.view.View[2]/android.view.View[1]/android.view.View[1]/android.view.View[1]/android.view.View[1]"}[39m
[35m[HTTP][39m [37m<-- POST /wd/hub/session/db72ffca-0d56-4bd2-bb7c-8c02ff45b3c6/elements [39m[32m200[39m [90m1342 ms - 12[39m
[35m[HTTP][39m [90m[39m
[35m[HTTP][39m [37m-->[39m [37mPOST[39m [37m/wd/hub/session/db72ffca-0d56-4bd2-bb7c-8c02ff45b3c6/elements[39m
[35m[HTTP][39m [90m{"using":"xpath","value":"//hierarchy/android.widget.FrameLayout[1]/android.widget.LinearLayout[1]/android.widget.FrameLayout[1]/android.webkit.WebView[1]/android.webkit.WebView[1]/android.view.View[1]/android.view.View[1]/android.view.View[1]/android.view.View[1]/android.view.View[1]/android.view.View[2]/android.view.View[2]/android.view.View[1]/android.view.View[1]/android.view.View[1]/android.view.View[2]/android.view.View[1]/android.view.View[1]/android.view.View[1]/android.view.View[1]"}[39m
[35m[HTTP][39m [37m<-- POST /wd/hub/session/db72ffca-0d56-4bd2-bb7c-8c02ff45b3c6/elements [39m[32m200[39m [90m1013 ms - 12[39m
[35m[HTTP][39m [90m[39m
[35m[HTTP][39m [37m-->[39m [37mPOST[39m [37m/wd/hub/session/db72ffca-0d56-4bd2-bb7c-8c02ff45b3c6/elements[39m
[35m[HTTP][39m [90m{"using":"xpath","value":"//hierarchy/android.widget.FrameLayout[1]/android.widget.LinearLayout[1]/android.widget.FrameLayout[1]/android.webkit.WebView[1]/android.webkit.WebView[1]/android.view.View[1]/android.view.View[1]/android.view.View[1]/android.view.View[1]/android.view.View[1]/android.view.View[2]/android.view.View[2]/android.view.View[1]/android.view.View[1]/android.view.View[1]/android.view.View[2]/android.view.View[1]/android.view.View[1]/android.view.View[1]/android.view.View[1]"}[39m
[35m[HTTP][39m [37m<-- POST /wd/hub/session/db72ffca-0d56-4bd2-bb7c-8c02ff45b3c6/elements [39m[32m200[39m [90m2576 ms - 12[39m
[35m[HTTP][39m [90m[39m
[35m[HTTP][39m [37m-->[39m [37mPOST[39m [37m/wd/hub/session/db72ffca-0d56-4bd2-bb7c-8c02ff45b3c6/timeouts[39m
[35m[HTTP][39m [90m{"implicit":60000}[39m
[35m[HTTP][39m [37m<-- POST /wd/hub/session/db72ffca-0d56-4bd2-bb7c-8c02ff45b3c6/timeouts [39m[32m200[39m [90m6 ms - 14[39m
[35m[HTTP][39m [90m[39m
[35m[HTTP][39m [37m-->[39m [37mGET[39m [37m/wd/hub/session/db72ffca-0d56-4bd2-bb7c-8c02ff45b3c6/context[39m
[35m[HTTP][39m [90m{}[39m
[35m[HTTP][39m [37m<-- GET /wd/hub/session/db72ffca-0d56-4bd2-bb7c-8c02ff45b3c6/context [39m[32m200[39m [90m3 ms - 22[39m
[35m[HTTP][39m [90m[39m
[35m[HTTP][39m [37m-->[39m [37mGET[39m [37m/wd/hub/session/db72ffca-0d56-4bd2-bb7c-8c02ff45b3c6/contexts[39m
[35m[HTTP][39m [90m{}[39m
[35m[HTTP][39m [37m<-- GET /wd/hub/session/db72ffca-0d56-4bd2-bb7c-8c02ff45b3c6/contexts [39m[32m200[39m [90m551 ms - 75[39m
[35m[HTTP][39m [90m[39m
[35m[HTTP][39m [37m-->[39m [37mPOST[39m [37m/wd/hub/session/db72ffca-0d56-4bd2-bb7c-8c02ff45b3c6/context[39m
[35m[HTTP][39m [90m{"name":"NATIVE_APP"}[39m
[35m[HTTP][39m [37m<-- POST /wd/hub/session/db72ffca-0d56-4bd2-bb7c-8c02ff45b3c6/context [39m[32m200[39m [90m4 ms - 14[39m
[35m[HTTP][39m [90m[39m
[35m[HTTP][39m [37m-->[39m [37mGET[39m [37m/wd/hub/session/db72ffca-0d56-4bd2-bb7c-8c02ff45b3c6/screenshot[39m
[35m[HTTP][39m [90m{}[39m
[35m[HTTP][39m [37m<-- GET /wd/hub/session/db72ffca-0d56-4bd2-bb7c-8c02ff45b3c6/screenshot [39m[32m200[39m [90m763 ms - 204812[39m
[35m[HTTP][39m [90m[39m
[35m[HTTP][39m [37m-->[39m [37mPOST[39m [37m/wd/hub/session/db72ffca-0d56-4bd2-bb7c-8c02ff45b3c6/context[39m
[35m[HTTP][39m [90m{"name":"NATIVE_APP"}[39m
[35m[HTTP][39m [37m<-- POST /wd/hub/session/db72ffca-0d56-4bd2-bb7c-8c02ff45b3c6/context [39m[32m200[39m [90m2 ms - 14[39m
[35m[HTTP][39m [90m[39m
[35m[HTTP][39m [37m-->[39m [37mPOST[39m [37m/wd/hub/session/db72ffca-0d56-4bd2-bb7c-8c02ff45b3c6/timeouts[39m
[35m[HTTP][39m [90m{"implicit":50}[39m
[35m[HTTP][39m [37m<-- POST /wd/hub/session/db72ffca-0d56-4bd2-bb7c-8c02ff45b3c6/timeouts [39m[32m200[39m [90m3 ms - 14[39m
[35m[HTTP][39m [90m[39m
[35m[HTTP][39m [37m-->[39m [37mGET[39m [37m/wd/hub/session/db72ffca-0d56-4bd2-bb7c-8c02ff45b3c6/window/rect[39m
[35m[HTTP][39m [90m{}[39m
[35m[HTTP][39m [37m<-- GET /wd/hub/session/db72ffca-0d56-4bd2-bb7c-8c02ff45b3c6/window/rect [39m[32m200[39m [90m102 ms - 50[39m
[35m[HTTP][39m [90m[39m
[35m[HTTP][39m [37m-->[39m [37mPOST[39m [37m/wd/hub/session/db72ffca-0d56-4bd2-bb7c-8c02ff45b3c6/elements[39m
[35m[HTTP][39m [90m{"using":"-android uiautomator","value":"new UiSelector().className(\"android.widget.Button\").text(\"Lanjut\")"}[39m
[35m[HTTP][39m [37m<-- POST /wd/hub/session/db72ffca-0d56-4bd2-bb7c-8c02ff45b3c6/elements [39m[32m200[39m [90m371 ms - 139[39m
[35m[HTTP][39m [90m[39m
[35m[HTTP][39m [37m-->[39m [37mGET[39m [37m/wd/hub/session/db72ffca-0d56-4bd2-bb7c-8c02ff45b3c6/element/47f418ea-3867-42bc-9ceb-d57aa9707c24/location[39m
[35m[HTTP][39m [90m{}[39m
[35m[W3C (db72ffca)][39m Driver proxy active, passing request on via HTTP proxy
[35m[WD Proxy][39m Replacing sessionId cf6901f4-6649-4d99-9d13-c3f814314c09 with db72ffca-0d56-4bd2-bb7c-8c02ff45b3c6
[35m[HTTP][39m [37m<-- GET /wd/hub/session/db72ffca-0d56-4bd2-bb7c-8c02ff45b3c6/element/47f418ea-3867-42bc-9ceb-d57aa9707c24/location [39m[32m200[39m [90m222 ms - 89[39m
[35m[HTTP][39m [90m[39m
[35m[HTTP][39m [37m-->[39m [37mPOST[39m [37m/wd/hub/session/db72ffca-0d56-4bd2-bb7c-8c02ff45b3c6/timeouts[39m
[35m[HTTP][39m [90m{"implicit":60000}[39m
[35m[HTTP][39m [37m<-- POST /wd/hub/session/db72ffca-0d56-4bd2-bb7c-8c02ff45b3c6/timeouts [39m[32m200[39m [90m3 ms - 14[39m
[35m[HTTP][39m [90m[39m
[35m[HTTP][39m [37m-->[39m [37mPOST[39m [37m/wd/hub/session/db72ffca-0d56-4bd2-bb7c-8c02ff45b3c6/touch/perform[39m
[35m[HTTP][39m [90m{"actions":[{"action":"tap","options":{"x":1,"y":1,"element":"47f418ea-3867-42bc-9ceb-d57aa9707c24"}},{"action":"release","options":{}}]}[39m
[35m[UiAutomator2][39m calling get location: 47f418ea-3867-42bc-9ceb-d57aa9707c24
[35m[HTTP][39m [37m<-- POST /wd/hub/session/db72ffca-0d56-4bd2-bb7c-8c02ff45b3c6/touch/perform [39m[32m200[39m [90m1214 ms - 14[39m
[35m[HTTP][39m [90m[39m
[35m[HTTP][39m [37m-->[39m [37mPOST[39m [37m/wd/hub/session/db72ffca-0d56-4bd2-bb7c-8c02ff45b3c6/timeouts[39m
[35m[HTTP][39m [90m{"implicit":50}[39m
[35m[HTTP][39m [37m<-- POST /wd/hub/session/db72ffca-0d56-4bd2-bb7c-8c02ff45b3c6/timeouts [39m[32m200[39m [90m3 ms - 14[39m
[35m[HTTP][39m [90m[39m
[35m[HTTP][39m [37m-->[39m [37mGET[39m [37m/wd/hub/session/db72ffca-0d56-4bd2-bb7c-8c02ff45b3c6/window/rect[39m
[35m[HTTP][39m [90m{}[39m
[35m[HTTP][39m [37m<-- GET /wd/hub/session/db72ffca-0d56-4bd2-bb7c-8c02ff45b3c6/window/rect [39m[32m200[39m [90m62 ms - 50[39m
[35m[HTTP][39m [90m[39m
[35m[HTTP][39m [37m-->[39m [37mPOST[39m [37m/wd/hub/session/db72ffca-0d56-4bd2-bb7c-8c02ff45b3c6/elements[39m
[35m[HTTP][39m [90m{"using":"-android uiautomator","value":"new UiSelector().className(\"android.view.View\").text(\"View\").resourceId(\"VIEW-LANG\")"}[39m
[35m[HTTP][39m [37m<-- POST /wd/hub/session/db72ffca-0d56-4bd2-bb7c-8c02ff45b3c6/elements [39m[32m200[39m [90m251 ms - 12[39m
[35m[HTTP][39m [90m[39m
[35m[HTTP][39m [37m-->[39m [37mPOST[39m [37m/wd/hub/session/db72ffca-0d56-4bd2-bb7c-8c02ff45b3c6/elements[39m
[35m[HTTP][39m [90m{"using":"-android uiautomator","value":"new UiSelector().className(\"android.view.View\").text(\"View\").resourceId(\"VIEW-LANG\")"}[39m
[35m[HTTP][39m [37m<-- POST /wd/hub/session/db72ffca-0d56-4bd2-bb7c-8c02ff45b3c6/elements [39m[32m200[39m [90m4700 ms - 139[39m
[35m[HTTP][39m [90m[39m
[35m[HTTP][39m [37m-->[39m [37mGET[39m [37m/wd/hub/session/db72ffca-0d56-4bd2-bb7c-8c02ff45b3c6/element/d336d638-d359-4f4f-bfbc-8161b9692393/location[39m
[35m[HTTP][39m [90m{}[39m
[35m[W3C (db72ffca)][39m Driver proxy active, passing request on via HTTP proxy
[35m[WD Proxy][39m Replacing sessionId cf6901f4-6649-4d99-9d13-c3f814314c09 with db72ffca-0d56-4bd2-bb7c-8c02ff45b3c6
[35m[HTTP][39m [37m<-- GET /wd/hub/session/db72ffca-0d56-4bd2-bb7c-8c02ff45b3c6/element/d336d638-d359-4f4f-bfbc-8161b9692393/location [39m[32m200[39m [90m142 ms - 89[39m
[35m[HTTP][39m [90m[39m
[35m[HTTP][39m [37m-->[39m [37mPOST[39m [37m/wd/hub/session/db72ffca-0d56-4bd2-bb7c-8c02ff45b3c6/timeouts[39m
[35m[HTTP][39m [90m{"implicit":60000}[39m
[35m[HTTP][39m [37m<-- POST /wd/hub/session/db72ffca-0d56-4bd2-bb7c-8c02ff45b3c6/timeouts [39m[32m200[39m [90m4 ms - 14[39m
[35m[HTTP][39m [90m[39m
[35m[HTTP][39m [37m-->[39m [37mPOST[39m [37m/wd/hub/session/db72ffca-0d56-4bd2-bb7c-8c02ff45b3c6/touch/perform[39m
[35m[HTTP][39m [90m{"actions":[{"action":"tap","options":{"x":1,"y":1,"element":"d336d638-d359-4f4f-bfbc-8161b9692393"}},{"action":"release","options":{}}]}[39m
[35m[UiAutomator2][39m calling get location: d336d638-d359-4f4f-bfbc-8161b9692393
[35m[HTTP][39m [37m<-- POST /wd/hub/session/db72ffca-0d56-4bd2-bb7c-8c02ff45b3c6/touch/perform [39m[32m200[39m [90m1501 ms - 14[39m
[35m[HTTP][39m [90m[39m
[35m[HTTP][39m [37m-->[39m [37mPOST[39m [37m/wd/hub/session/db72ffca-0d56-4bd2-bb7c-8c02ff45b3c6/timeouts[39m
[35m[HTTP][39m [90m{"implicit":50}[39m
[35m[HTTP][39m [37m<-- POST /wd/hub/session/db72ffca-0d56-4bd2-bb7c-8c02ff45b3c6/timeouts [39m[32m200[39m [90m3 ms - 14[39m
[35m[HTTP][39m [90m[39m
[35m[HTTP][39m [37m-->[39m [37mGET[39m [37m/wd/hub/session/db72ffca-0d56-4bd2-bb7c-8c02ff45b3c6/window/rect[39m
[35m[HTTP][39m [90m{}[39m
[35m[HTTP][39m [37m<-- GET /wd/hub/session/db72ffca-0d56-4bd2-bb7c-8c02ff45b3c6/window/rect [39m[32m200[39m [90m102 ms - 50[39m
[35m[HTTP][39m [90m[39m
[35m[HTTP][39m [37m-->[39m [37mPOST[39m [37m/wd/hub/session/db72ffca-0d56-4bd2-bb7c-8c02ff45b3c6/elements[39m
[35m[HTTP][39m [90m{"using":"-android uiautomator","value":"new UiSelector().className(\"android.view.View\").text(\"Close\")"}[39m
[35m[HTTP][39m [37m<-- POST /wd/hub/session/db72ffca-0d56-4bd2-bb7c-8c02ff45b3c6/elements [39m[32m200[39m [90m462 ms - 139[39m
[35m[HTTP][39m [90m[39m
[35m[HTTP][39m [37m-->[39m [37mGET[39m [37m/wd/hub/session/db72ffca-0d56-4bd2-bb7c-8c02ff45b3c6/element/cdd77823-8609-48f3-90b5-d1e6dcb439a0/location[39m
[35m[HTTP][39m [90m{}[39m
[35m[W3C (db72ffca)][39m Driver proxy active, passing request on via HTTP proxy
[35m[WD Proxy][39m Replacing sessionId cf6901f4-6649-4d99-9d13-c3f814314c09 with db72ffca-0d56-4bd2-bb7c-8c02ff45b3c6
[35m[HTTP][39m [37m<-- GET /wd/hub/session/db72ffca-0d56-4bd2-bb7c-8c02ff45b3c6/element/cdd77823-8609-48f3-90b5-d1e6dcb439a0/location [39m[32m200[39m [90m146 ms - 89[39m
[35m[HTTP][39m [90m[39m
[35m[HTTP][39m [37m-->[39m [37mPOST[39m [37m/wd/hub/session/db72ffca-0d56-4bd2-bb7c-8c02ff45b3c6/timeouts[39m
[35m[HTTP][39m [90m{"implicit":60000}[39m
[35m[HTTP][39m [37m<-- POST /wd/hub/session/db72ffca-0d56-4bd2-bb7c-8c02ff45b3c6/timeouts [39m[32m200[39m [90m3 ms - 14[39m
[35m[HTTP][39m [90m[39m
[35m[HTTP][39m [37m-->[39m [37mPOST[39m [37m/wd/hub/session/db72ffca-0d56-4bd2-bb7c-8c02ff45b3c6/touch/perform[39m
[35m[HTTP][39m [90m{"actions":[{"action":"tap","options":{"x":1,"y":1,"element":"cdd77823-8609-48f3-90b5-d1e6dcb439a0"}},{"action":"release","options":{}}]}[39m
[35m[UiAutomator2][39m calling get location: cdd77823-8609-48f3-90b5-d1e6dcb439a0
[35m[HTTP][39m [37m<-- POST /wd/hub/session/db72ffca-0d56-4bd2-bb7c-8c02ff45b3c6/touch/perform [39m[32m200[39m [90m1501 ms - 14[39m
[35m[HTTP][39m [90m[39m
[35m[HTTP][39m [37m-->[39m [37mPOST[39m [37m/wd/hub/session/db72ffca-0d56-4bd2-bb7c-8c02ff45b3c6/timeouts[39m
[35m[HTTP][39m [90m{"implicit":50}[39m
[35m[HTTP][39m [37m<-- POST /wd/hub/session/db72ffca-0d56-4bd2-bb7c-8c02ff45b3c6/timeouts [39m[32m200[39m [90m3 ms - 14[39m
[35m[HTTP][39m [90m[39m
[35m[HTTP][39m [37m-->[39m [37mGET[39m [37m/wd/hub/session/db72ffca-0d56-4bd2-bb7c-8c02ff45b3c6/window/rect[39m
[35m[HTTP][39m [90m{}[39m
[35m[HTTP][39m [37m<-- GET /wd/hub/session/db72ffca-0d56-4bd2-bb7c-8c02ff45b3c6/window/rect [39m[32m200[39m [90m99 ms - 50[39m
[35m[HTTP][39m [90m[39m
[35m[HTTP][39m [37m-->[39m [37mPOST[39m [37m/wd/hub/session/db72ffca-0d56-4bd2-bb7c-8c02ff45b3c6/elements[39m
[35m[HTTP][39m [90m{"using":"-android uiautomator","value":"new UiSelector().className(\"android.view.View\").text(\"Bank Transfer\")"}[39m
[35m[HTTP][39m [37m<-- POST /wd/hub/session/db72ffca-0d56-4bd2-bb7c-8c02ff45b3c6/elements [39m[32m200[39m [90m403 ms - 139[39m
[35m[HTTP][39m [90m[39m
[35m[HTTP][39m [37m-->[39m [37mGET[39m [37m/wd/hub/session/db72ffca-0d56-4bd2-bb7c-8c02ff45b3c6/element/114c7454-cbe3-4d90-8f52-ad3ac7184e5a/location[39m
[35m[HTTP][39m [90m{}[39m
[35m[W3C (db72ffca)][39m Driver proxy active, passing request on via HTTP proxy
[35m[WD Proxy][39m Replacing sessionId cf6901f4-6649-4d99-9d13-c3f814314c09 with db72ffca-0d56-4bd2-bb7c-8c02ff45b3c6
[35m[HTTP][39m [37m<-- GET /wd/hub/session/db72ffca-0d56-4bd2-bb7c-8c02ff45b3c6/element/114c7454-cbe3-4d90-8f52-ad3ac7184e5a/location [39m[32m200[39m [90m203 ms - 87[39m
[35m[HTTP][39m [90m[39m
[35m[HTTP][39m [37m-->[39m [37mPOST[39m [37m/wd/hub/session/db72ffca-0d56-4bd2-bb7c-8c02ff45b3c6/timeouts[39m
[35m[HTTP][39m [90m{"implicit":60000}[39m
[35m[HTTP][39m [37m<-- POST /wd/hub/session/db72ffca-0d56-4bd2-bb7c-8c02ff45b3c6/timeouts [39m[32m200[39m [90m3 ms - 14[39m
[35m[HTTP][39m [90m[39m
[35m[HTTP][39m [37m-->[39m [37mPOST[39m [37m/wd/hub/session/db72ffca-0d56-4bd2-bb7c-8c02ff45b3c6/touch/perform[39m
[35m[HTTP][39m [90m{"actions":[{"action":"tap","options":{"x":1,"y":1,"element":"114c7454-cbe3-4d90-8f52-ad3ac7184e5a"}},{"action":"release","options":{}}]}[39m
[35m[UiAutomator2][39m calling get location: 114c7454-cbe3-4d90-8f52-ad3ac7184e5a
[35m[HTTP][39m [37m<-- POST /wd/hub/session/db72ffca-0d56-4bd2-bb7c-8c02ff45b3c6/touch/perform [39m[32m200[39m [90m1608 ms - 14[39m
[35m[HTTP][39m [90m[39m
[35m[HTTP][39m [37m-->[39m [37mPOST[39m [37m/wd/hub/session/db72ffca-0d56-4bd2-bb7c-8c02ff45b3c6/timeouts[39m
[35m[HTTP][39m [90m{"implicit":50}[39m
[35m[HTTP][39m [37m<-- POST /wd/hub/session/db72ffca-0d56-4bd2-bb7c-8c02ff45b3c6/timeouts [39m[32m200[39m [90m6 ms - 14[39m
[35m[HTTP][39m [90m[39m
[35m[HTTP][39m [37m-->[39m [37mGET[39m [37m/wd/hub/session/db72ffca-0d56-4bd2-bb7c-8c02ff45b3c6/window/rect[39m
[35m[HTTP][39m [90m{}[39m
[35m[HTTP][39m [37m<-- GET /wd/hub/session/db72ffca-0d56-4bd2-bb7c-8c02ff45b3c6/window/rect [39m[32m200[39m [90m106 ms - 50[39m
[35m[HTTP][39m [90m[39m
[35m[HTTP][39m [37m-->[39m [37mPOST[39m [37m/wd/hub/session/db72ffca-0d56-4bd2-bb7c-8c02ff45b3c6/elements[39m
[35m[HTTP][39m [90m{"using":"-android uiautomator","value":"new UiSelector().className(\"android.widget.Button\").text(\"Get Payment Code\")"}[39m
[35m[HTTP][39m [37m<-- POST /wd/hub/session/db72ffca-0d56-4bd2-bb7c-8c02ff45b3c6/elements [39m[32m200[39m [90m617 ms - 267[39m
[35m[HTTP][39m [90m[39m
[35m[HTTP][39m [37m-->[39m [37mGET[39m [37m/wd/hub/session/db72ffca-0d56-4bd2-bb7c-8c02ff45b3c6/element/a0f384bf-321d-4cf8-b3be-2d1f64ed8150/location[39m
[35m[HTTP][39m [90m{}[39m
[35m[W3C (db72ffca)][39m Driver proxy active, passing request on via HTTP proxy
[35m[WD Proxy][39m Replacing sessionId cf6901f4-6649-4d99-9d13-c3f814314c09 with db72ffca-0d56-4bd2-bb7c-8c02ff45b3c6
[35m[HTTP][39m [37m<-- GET /wd/hub/session/db72ffca-0d56-4bd2-bb7c-8c02ff45b3c6/element/a0f384bf-321d-4cf8-b3be-2d1f64ed8150/location [39m[32m200[39m [90m277 ms - 90[39m
[35m[HTTP][39m [90m[39m
[35m[HTTP][39m [37m-->[39m [37mPOST[39m [37m/wd/hub/session/db72ffca-0d56-4bd2-bb7c-8c02ff45b3c6/timeouts[39m
[35m[HTTP][39m [90m{"implicit":60000}[39m
[35m[HTTP][39m [37m<-- POST /wd/hub/session/db72ffca-0d56-4bd2-bb7c-8c02ff45b3c6/timeouts [39m[32m200[39m [90m3 ms - 14[39m
[35m[HTTP][39m [90m[39m
[35m[HTTP][39m [37m-->[39m [37mPOST[39m [37m/wd/hub/session/db72ffca-0d56-4bd2-bb7c-8c02ff45b3c6/touch/perform[39m
[35m[HTTP][39m [90m{"actions":[{"action":"tap","options":{"x":1,"y":1,"element":"a0f384bf-321d-4cf8-b3be-2d1f64ed8150"}},{"action":"release","options":{}}]}[39m
[35m[UiAutomator2][39m calling get location: a0f384bf-321d-4cf8-b3be-2d1f64ed8150
[35m[HTTP][39m [37m<-- POST /wd/hub/session/db72ffca-0d56-4bd2-bb7c-8c02ff45b3c6/touch/perform [39m[32m200[39m [90m2375 ms - 14[39m
[35m[HTTP][39m [90m[39m
[35m[HTTP][39m [37m-->[39m [37mGET[39m [37m/wd/hub/session/db72ffca-0d56-4bd2-bb7c-8c02ff45b3c6/context[39m
[35m[HTTP][39m [90m{}[39m
[35m[HTTP][39m [37m<-- GET /wd/hub/session/db72ffca-0d56-4bd2-bb7c-8c02ff45b3c6/context [39m[32m200[39m [90m3 ms - 22[39m
[35m[HTTP][39m [90m[39m
[35m[HTTP][39m [37m-->[39m [37mGET[39m [37m/wd/hub/session/db72ffca-0d56-4bd2-bb7c-8c02ff45b3c6/contexts[39m
[35m[HTTP][39m [90m{}[39m
[35m[HTTP][39m [37m<-- GET /wd/hub/session/db72ffca-0d56-4bd2-bb7c-8c02ff45b3c6/contexts [39m[32m200[39m [90m522 ms - 92[39m
[35m[HTTP][39m [90m[39m
[35m[HTTP][39m [37m-->[39m [37mPOST[39m [37m/wd/hub/session/db72ffca-0d56-4bd2-bb7c-8c02ff45b3c6/context[39m
[35m[HTTP][39m [90m{"name":"NATIVE_APP"}[39m
[35m[HTTP][39m [37m<-- POST /wd/hub/session/db72ffca-0d56-4bd2-bb7c-8c02ff45b3c6/context [39m[32m200[39m [90m4 ms - 14[39m
[35m[HTTP][39m [90m[39m
[35m[HTTP][39m [37m-->[39m [37mGET[39m [37m/wd/hub/session/db72ffca-0d56-4bd2-bb7c-8c02ff45b3c6/window/rect[39m
[35m[HTTP][39m [90m{}[39m
[35m[HTTP][39m [37m<-- GET /wd/hub/session/db72ffca-0d56-4bd2-bb7c-8c02ff45b3c6/window/rect [39m[32m200[39m [90m94 ms - 50[39m
[35m[HTTP][39m [90m[39m
[35m[HTTP][39m [37m-->[39m [37mPOST[39m [37m/wd/hub/session/db72ffca-0d56-4bd2-bb7c-8c02ff45b3c6/context[39m
[35m[HTTP][39m [90m{"name":"NATIVE_APP"}[39m
[35m[HTTP][39m [37m<-- POST /wd/hub/session/db72ffca-0d56-4bd2-bb7c-8c02ff45b3c6/context [39m[32m200[39m [90m3 ms - 14[39m
[35m[HTTP][39m [90m[39m
[35m[HTTP][39m [37m-->[39m [37mGET[39m [37m/wd/hub/session/db72ffca-0d56-4bd2-bb7c-8c02ff45b3c6/context[39m
[35m[HTTP][39m [90m{}[39m
[35m[HTTP][39m [37m<-- GET /wd/hub/session/db72ffca-0d56-4bd2-bb7c-8c02ff45b3c6/context [39m[32m200[39m [90m3 ms - 22[39m
[35m[HTTP][39m [90m[39m
[35m[HTTP][39m [37m-->[39m [37mGET[39m [37m/wd/hub/session/db72ffca-0d56-4bd2-bb7c-8c02ff45b3c6/contexts[39m
[35m[HTTP][39m [90m{}[39m
[35m[HTTP][39m [37m<-- GET /wd/hub/session/db72ffca-0d56-4bd2-bb7c-8c02ff45b3c6/contexts [39m[32m200[39m [90m795 ms - 92[39m
[35m[HTTP][39m [90m[39m
[35m[HTTP][39m [37m-->[39m [37mPOST[39m [37m/wd/hub/session/db72ffca-0d56-4bd2-bb7c-8c02ff45b3c6/context[39m
[35m[HTTP][39m [90m{"name":"NATIVE_APP"}[39m
[35m[HTTP][39m [37m<-- POST /wd/hub/session/db72ffca-0d56-4bd2-bb7c-8c02ff45b3c6/context [39m[32m200[39m [90m3 ms - 14[39m
[35m[HTTP][39m [90m[39m
[35m[HTTP][39m [37m-->[39m [37mGET[39m [37m/wd/hub/session/db72ffca-0d56-4bd2-bb7c-8c02ff45b3c6/window/rect[39m
[35m[HTTP][39m [90m{}[39m
[35m[HTTP][39m [37m<-- GET /wd/hub/session/db72ffca-0d56-4bd2-bb7c-8c02ff45b3c6/window/rect [39m[32m200[39m [90m124 ms - 50[39m
[35m[HTTP][39m [90m[39m
[35m[HTTP][39m [37m-->[39m [37mPOST[39m [37m/wd/hub/session/db72ffca-0d56-4bd2-bb7c-8c02ff45b3c6/context[39m
[35m[HTTP][39m [90m{"name":"NATIVE_APP"}[39m
[35m[HTTP][39m [37m<-- POST /wd/hub/session/db72ffca-0d56-4bd2-bb7c-8c02ff45b3c6/context [39m[32m200[39m [90m4 ms - 14[39m
[35m[HTTP][39m [90m[39m
[35m[HTTP][39m [37m-->[39m [37mGET[39m [37m/wd/hub/session/db72ffca-0d56-4bd2-bb7c-8c02ff45b3c6/context[39m
[35m[HTTP][39m [90m{}[39m
[35m[HTTP][39m [37m<-- GET /wd/hub/session/db72ffca-0d56-4bd2-bb7c-8c02ff45b3c6/context [39m[32m200[39m [90m3 ms - 22[39m
[35m[HTTP][39m [90m[39m
[35m[HTTP][39m [37m-->[39m [37mGET[39m [37m/wd/hub/session/db72ffca-0d56-4bd2-bb7c-8c02ff45b3c6/contexts[39m
[35m[HTTP][39m [90m{}[39m
[35m[HTTP][39m [37m<-- GET /wd/hub/session/db72ffca-0d56-4bd2-bb7c-8c02ff45b3c6/contexts [39m[32m200[39m [90m563 ms - 92[39m
[35m[HTTP][39m [90m[39m
[35m[HTTP][39m [37m-->[39m [37mPOST[39m [37m/wd/hub/session/db72ffca-0d56-4bd2-bb7c-8c02ff45b3c6/context[39m
[35m[HTTP][39m [90m{"name":"NATIVE_APP"}[39m
[35m[HTTP][39m [37m<-- POST /wd/hub/session/db72ffca-0d56-4bd2-bb7c-8c02ff45b3c6/context [39m[32m200[39m [90m3 ms - 14[39m
[35m[HTTP][39m [90m[39m
[35m[HTTP][39m [37m-->[39m [37mPOST[39m [37m/wd/hub/session/db72ffca-0d56-4bd2-bb7c-8c02ff45b3c6/touch/perform[39m
[35m[HTTP][39m [90m{"actions":[{"action":"press","options":{"x":540,"y":1491}},{"action":"wait","options":{"ms":500}},{"action":"moveTo","options":{"x":540,"y":639}},{"action":"release","options":{}}]}[39m
[35m[HTTP][39m [37m<-- POST /wd/hub/session/db72ffca-0d56-4bd2-bb7c-8c02ff45b3c6/touch/perform [39m[32m200[39m [90m1100 ms - 14[39m
[35m[HTTP][39m [90m[39m
[35m[HTTP][39m [37m-->[39m [37mPOST[39m [37m/wd/hub/session/db72ffca-0d56-4bd2-bb7c-8c02ff45b3c6/context[39m
[35m[HTTP][39m [90m{"name":"NATIVE_APP"}[39m
[35m[HTTP][39m [37m<-- POST /wd/hub/session/db72ffca-0d56-4bd2-bb7c-8c02ff45b3c6/context [39m[32m200[39m [90m3 ms - 14[39m
[35m[HTTP][39m [90m[39m
[35m[HTTP][39m [37m-->[39m [37mGET[39m [37m/wd/hub/session/db72ffca-0d56-4bd2-bb7c-8c02ff45b3c6/context[39m
[35m[HTTP][39m [90m{}[39m
[35m[HTTP][39m [37m<-- GET /wd/hub/session/db72ffca-0d56-4bd2-bb7c-8c02ff45b3c6/context [39m[32m200[39m [90m5 ms - 22[39m
[35m[HTTP][39m [90m[39m
[35m[HTTP][39m [37m-->[39m [37mGET[39m [37m/wd/hub/session/db72ffca-0d56-4bd2-bb7c-8c02ff45b3c6/contexts[39m
[35m[HTTP][39m [90m{}[39m
[35m[HTTP][39m [37m<-- GET /wd/hub/session/db72ffca-0d56-4bd2-bb7c-8c02ff45b3c6/contexts [39m[32m200[39m [90m461 ms - 92[39m
[35m[HTTP][39m [90m[39m
[35m[HTTP][39m [37m-->[39m [37mPOST[39m [37m/wd/hub/session/db72ffca-0d56-4bd2-bb7c-8c02ff45b3c6/context[39m
[35m[HTTP][39m [90m{"name":"NATIVE_APP"}[39m
[35m[HTTP][39m [37m<-- POST /wd/hub/session/db72ffca-0d56-4bd2-bb7c-8c02ff45b3c6/context [39m[32m200[39m [90m2 ms - 14[39m
[35m[HTTP][39m [90m[39m
[35m[HTTP][39m [37m-->[39m [37mPOST[39m [37m/wd/hub/session/db72ffca-0d56-4bd2-bb7c-8c02ff45b3c6/appium/device/press_keycode[39m
[35m[HTTP][39m [90m{"keycode":3}[39m
[35m[HTTP][39m [37m<-- POST /wd/hub/session/db72ffca-0d56-4bd2-bb7c-8c02ff45b3c6/appium/device/press_keycode [39m[32m200[39m [90m189 ms - 14[39m
[35m[HTTP][39m [90m[39m
[35m[HTTP][39m [37m-->[39m [37mPOST[39m [37m/wd/hub/session/db72ffca-0d56-4bd2-bb7c-8c02ff45b3c6/context[39m
[35m[HTTP][39m [90m{"name":"NATIVE_APP"}[39m
[35m[HTTP][39m [37m<-- POST /wd/hub/session/db72ffca-0d56-4bd2-bb7c-8c02ff45b3c6/context [39m[32m200[39m [90m3 ms - 14[39m
[35m[HTTP][39m [90m[39m
[35m[HTTP][39m [37m-->[39m [37mGET[39m [37m/wd/hub/status[39m
[35m[HTTP][39m [90m{}[39m
[35m[HTTP][39m [37m<-- GET /wd/hub/status [39m[32m200[39m [90m2 ms - 68[39m
[35m[HTTP][39m [90m[39m
[35m[HTTP][39m [37m-->[39m [37mPOST[39m [37m/wd/hub/session[39m
[35m[HTTP][39m [90m{"desiredCapabilities":{"app":"C:\\Users\\Marvin\\git\\ACCBid-Mobile\\accbid.apk","noReset":true,"deviceId":"","deviceName":"samsung SM-A505F (Android 9)","fullReset":false,"platform":"ANDROID","newCommandTimeout":1800,"platformVersion":"9","automationName":"uiautomator2","autoGrantPermissions":true,"unicodeKeyboard":true,"platformName":"Android","udid":"RR8M30NJEFN","resetKeyboard":true,"systemPort":56958},"capabilities":{"firstMatch":[{"appium:app":"C:\\Users\\Marvin\\git\\ACCBid-Mobile\\accbid.apk","appium:autoGrantPermissions":true,"appium:automationName":"uiautomator2","deviceId":"","appium:deviceName":"samsung SM-A505F (Android 9)","appium:fullReset":false,"appium:newCommandTimeout":1800,"appium:noReset":true,"platform":"ANDROID","platformName":"android","appium:platformVersion":"9","appium:resetKeyboard":true,"appium:systemPort":56958,"appium:udid":"RR8M30NJEFN","appium:unicodeKeyboard":true}]}}[39m
[35m[BaseDriver][39m The capabilities ["deviceId","platform"] are not standard capabilities and should have an extension prefix
[35m[Appium][39m Appium v1.12.1 creating new AndroidUiautomator2Driver (v1.33.0) session
[35m[Appium][39m Capabilities:
[35m[Appium][39m   deviceId: 
[35m[Appium][39m   platform: ANDROID
[35m[Appium][39m   platformName: android
[35m[Appium][39m   app: C:\Users\Marvin\git\ACCBid-Mobile\accbid.apk
[35m[Appium][39m   autoGrantPermissions: true
[35m[Appium][39m   automationName: uiautomator2
[35m[Appium][39m   deviceName: samsung SM-A505F (Android 9)
[35m[Appium][39m   fullReset: false
[35m[Appium][39m   newCommandTimeout: 1800
[35m[Appium][39m   noReset: true
[35m[Appium][39m   platformVersion: 9
[35m[Appium][39m   resetKeyboard: true
[35m[Appium][39m   systemPort: 56958
[35m[Appium][39m   udid: RR8M30NJEFN
[35m[Appium][39m   unicodeKeyboard: true
[35m[BaseDriver][39m The following capabilities were provided, but are not recognized by appium: deviceId, platform.
[35m[BaseDriver][39m Session created with session id: 36c80dc0-52c9-4922-8824-42fa88eacd8f
[35m[BaseDriver][39m Using local app 'C:\Users\Marvin\git\ACCBid-Mobile\accbid.apk'
[35m[AndroidDriver][39m Retrieving device list
[35m[AndroidDriver][39m Using device: RR8M30NJEFN
[35m[UiAutomator2][39m Relaxing hidden api policy
[35m[ADB][39m Using the alternative activity name detection method because of: Could not find apkanalyzer.bat in C:\Users\Marvin\.katalon\tools\android_sdk\platform-tools\apkanalyzer.bat,C:\Users\Marvin\.katalon\tools\android_sdk\emulator\apkanalyzer.bat,C:\Users\Marvin\.katalon\tools\android_sdk\tools\apkanalyzer.bat,C:\Users\Marvin\.katalon\tools\android_sdk\tools\bin\apkanalyzer.bat,C:\Users\Marvin\.katalon\tools\android_sdk\build-tools\29.0.0\apkanalyzer.bat. Do you have the Android SDK installed at 'C:\Users\Marvin\.katalon\tools\android_sdk'?
[35m[ADB][39m Extracting package and launch activity from manifest
[35m[ADB][39m Package name: 'com.outsystemsenterprise.acctst1.BidMart'
[35m[ADB][39m Main activity name: 'com.outsystemsenterprise.acctst1.BidMart.MainActivity'
[35m[UiAutomator2][39m Server packages are not going to be (re)installed
[35m[UiAutomator2][39m Starting UIAutomator2 server 3.4.0
[35m[UiAutomator2][39m Using UIAutomator2 server from 'C:\Users\Marvin\AppData\Roaming\npm\node_modules\appium\node_modules\appium-uiautomator2-server\apks\appium-uiautomator2-server-v3.4.0.apk' and test from 'C:\Users\Marvin\AppData\Roaming\npm\node_modules\appium\node_modules\appium-uiautomator2-server\apks\appium-uiautomator2-server-debug-androidTest.apk'
[35m[UiAutomator2][39m Waiting up to 30000ms for UiAutomator2 to be online...
[35m[WD Proxy][39m Got an unexpected response: {"code":"ECONNRESET"}
[35m[WD Proxy][39m Got an unexpected response: {"code":"ECONNRESET"}
[35m[AndroidDriver][39m Screen already unlocked, doing nothing
[35m[UiAutomator2][39m UiAutomator2 did not start the activity we were waiting for, 'com.outsystemsenterprise.acctst1.BidMart/com.outsystemsenterprise.acctst1.BidMart.MainActivity'. Starting it ourselves
[35m[Appium][39m New AndroidUiautomator2Driver session created successfully, session 36c80dc0-52c9-4922-8824-42fa88eacd8f added to master session list
[35m[HTTP][39m [37m<-- POST /wd/hub/session [39m[32m200[39m [90m31827 ms - 1337[39m
[35m[HTTP][39m [90m[39m
[35m[HTTP][39m [37m-->[39m [37mGET[39m [37m/wd/hub/session/36c80dc0-52c9-4922-8824-42fa88eacd8f[39m
[35m[HTTP][39m [90m{}[39m
[35m[HTTP][39m [37m<-- GET /wd/hub/session/36c80dc0-52c9-4922-8824-42fa88eacd8f [39m[32m200[39m [90m101 ms - 1269[39m
[35m[HTTP][39m [90m[39m
[35m[HTTP][39m [37m-->[39m [37mGET[39m [37m/wd/hub/session/36c80dc0-52c9-4922-8824-42fa88eacd8f[39m
[35m[HTTP][39m [90m{}[39m
[35m[HTTP][39m [37m<-- GET /wd/hub/session/36c80dc0-52c9-4922-8824-42fa88eacd8f [39m[32m200[39m [90m93 ms - 1269[39m
[35m[HTTP][39m [90m[39m
[35m[HTTP][39m [37m-->[39m [37mGET[39m [37m/wd/hub/status[39m
[35m[HTTP][39m [90m{}[39m
[35m[HTTP][39m [37m<-- GET /wd/hub/status [39m[32m200[39m [90m2 ms - 68[39m
[35m[HTTP][39m [90m[39m
[35m[HTTP][39m [37m-->[39m [37mPOST[39m [37m/wd/hub/session/36c80dc0-52c9-4922-8824-42fa88eacd8f/timeouts[39m
[35m[HTTP][39m [90m{"implicit":60000}[39m
[35m[HTTP][39m [37m<-- POST /wd/hub/session/36c80dc0-52c9-4922-8824-42fa88eacd8f/timeouts [39m[32m200[39m [90m3 ms - 14[39m
[35m[HTTP][39m [90m[39m
[35m[HTTP][39m [37m-->[39m [37mGET[39m [37m/wd/hub/session/36c80dc0-52c9-4922-8824-42fa88eacd8f/context[39m
[35m[HTTP][39m [90m{}[39m
[35m[HTTP][39m [37m<-- GET /wd/hub/session/36c80dc0-52c9-4922-8824-42fa88eacd8f/context [39m[32m200[39m [90m3 ms - 22[39m
[35m[HTTP][39m [90m[39m
[35m[HTTP][39m [37m-->[39m [37mGET[39m [37m/wd/hub/session/36c80dc0-52c9-4922-8824-42fa88eacd8f/contexts[39m
[35m[HTTP][39m [90m{}[39m
[35m[HTTP][39m [37m<-- GET /wd/hub/session/36c80dc0-52c9-4922-8824-42fa88eacd8f/contexts [39m[32m200[39m [90m680 ms - 92[39m
[35m[HTTP][39m [90m[39m
[35m[HTTP][39m [37m-->[39m [37mPOST[39m [37m/wd/hub/session/36c80dc0-52c9-4922-8824-42fa88eacd8f/context[39m
[35m[HTTP][39m [90m{"name":"NATIVE_APP"}[39m
[35m[HTTP][39m [37m<-- POST /wd/hub/session/36c80dc0-52c9-4922-8824-42fa88eacd8f/context [39m[32m200[39m [90m5 ms - 14[39m
[35m[HTTP][39m [90m[39m
[35m[HTTP][39m [37m-->[39m [37mGET[39m [37m/wd/hub/session/36c80dc0-52c9-4922-8824-42fa88eacd8f/window/rect[39m
[35m[HTTP][39m [90m{}[39m
[35m[HTTP][39m [37m<-- GET /wd/hub/session/36c80dc0-52c9-4922-8824-42fa88eacd8f/window/rect [39m[32m200[39m [90m99 ms - 50[39m
[35m[HTTP][39m [90m[39m
[35m[HTTP][39m [37m-->[39m [37mPOST[39m [37m/wd/hub/session/36c80dc0-52c9-4922-8824-42fa88eacd8f/context[39m
[35m[HTTP][39m [90m{"name":"NATIVE_APP"}[39m
[35m[HTTP][39m [37m<-- POST /wd/hub/session/36c80dc0-52c9-4922-8824-42fa88eacd8f/context [39m[32m200[39m [90m3 ms - 14[39m
[35m[HTTP][39m [90m[39m
[35m[HTTP][39m [37m-->[39m [37mGET[39m [37m/wd/hub/session/36c80dc0-52c9-4922-8824-42fa88eacd8f/context[39m
[35m[HTTP][39m [90m{}[39m
[35m[HTTP][39m [37m<-- GET /wd/hub/session/36c80dc0-52c9-4922-8824-42fa88eacd8f/context [39m[32m200[39m [90m3 ms - 22[39m
[35m[HTTP][39m [90m[39m
[35m[HTTP][39m [37m-->[39m [37mGET[39m [37m/wd/hub/session/36c80dc0-52c9-4922-8824-42fa88eacd8f/contexts[39m
[35m[HTTP][39m [90m{}[39m
[35m[HTTP][39m [37m<-- GET /wd/hub/session/36c80dc0-52c9-4922-8824-42fa88eacd8f/contexts [39m[32m200[39m [90m800 ms - 92[39m
[35m[HTTP][39m [90m[39m
[35m[HTTP][39m [37m-->[39m [37mPOST[39m [37m/wd/hub/session/36c80dc0-52c9-4922-8824-42fa88eacd8f/context[39m
[35m[HTTP][39m [90m{"name":"NATIVE_APP"}[39m
[35m[HTTP][39m [37m<-- POST /wd/hub/session/36c80dc0-52c9-4922-8824-42fa88eacd8f/context [39m[32m200[39m [90m3 ms - 14[39m
[35m[HTTP][39m [90m[39m
[35m[HTTP][39m [37m-->[39m [37mGET[39m [37m/wd/hub/session/36c80dc0-52c9-4922-8824-42fa88eacd8f/window/rect[39m
[35m[HTTP][39m [90m{}[39m
[35m[HTTP][39m [37m<-- GET /wd/hub/session/36c80dc0-52c9-4922-8824-42fa88eacd8f/window/rect [39m[32m200[39m [90m107 ms - 50[39m
[35m[HTTP][39m [90m[39m
[35m[HTTP][39m [37m-->[39m [37mPOST[39m [37m/wd/hub/session/36c80dc0-52c9-4922-8824-42fa88eacd8f/context[39m
[35m[HTTP][39m [90m{"name":"NATIVE_APP"}[39m
[35m[HTTP][39m [37m<-- POST /wd/hub/session/36c80dc0-52c9-4922-8824-42fa88eacd8f/context [39m[32m200[39m [90m4 ms - 14[39m
[35m[HTTP][39m [90m[39m
[35m[HTTP][39m [37m-->[39m [37mPOST[39m [37m/wd/hub/session/36c80dc0-52c9-4922-8824-42fa88eacd8f/timeouts[39m
[35m[HTTP][39m [90m{"implicit":50}[39m
[35m[HTTP][39m [37m<-- POST /wd/hub/session/36c80dc0-52c9-4922-8824-42fa88eacd8f/timeouts [39m[32m200[39m [90m3 ms - 14[39m
[35m[HTTP][39m [90m[39m
[35m[HTTP][39m [37m-->[39m [37mGET[39m [37m/wd/hub/session/36c80dc0-52c9-4922-8824-42fa88eacd8f/window/rect[39m
[35m[HTTP][39m [90m{}[39m
[35m[HTTP][39m [37m<-- GET /wd/hub/session/36c80dc0-52c9-4922-8824-42fa88eacd8f/window/rect [39m[32m200[39m [90m100 ms - 50[39m
[35m[HTTP][39m [90m[39m
[35m[HTTP][39m [37m-->[39m [37mPOST[39m [37m/wd/hub/session/36c80dc0-52c9-4922-8824-42fa88eacd8f/elements[39m
[35m[HTTP][39m [90m{"using":"-android uiautomator","value":"new UiSelector().className(\"android.view.View\").resourceId(\"GoToDeposit\")"}[39m
[35m[HTTP][39m [37m<-- POST /wd/hub/session/36c80dc0-52c9-4922-8824-42fa88eacd8f/elements [39m[32m200[39m [90m3134 ms - 139[39m
[35m[HTTP][39m [90m[39m
[35m[HTTP][39m [37m-->[39m [37mGET[39m [37m/wd/hub/session/36c80dc0-52c9-4922-8824-42fa88eacd8f/element/995c5415-cb2c-4407-89d2-302ca50e5744/location[39m
[35m[HTTP][39m [90m{}[39m
[35m[W3C (36c80dc0)][39m Driver proxy active, passing request on via HTTP proxy
[35m[WD Proxy][39m Replacing sessionId 1ff23499-d06d-4794-945f-ad8587d793b2 with 36c80dc0-52c9-4922-8824-42fa88eacd8f
[35m[HTTP][39m [37m<-- GET /wd/hub/session/36c80dc0-52c9-4922-8824-42fa88eacd8f/element/995c5415-cb2c-4407-89d2-302ca50e5744/location [39m[32m200[39m [90m225 ms - 89[39m
[35m[HTTP][39m [90m[39m
[35m[HTTP][39m [37m-->[39m [37mPOST[39m [37m/wd/hub/session/36c80dc0-52c9-4922-8824-42fa88eacd8f/timeouts[39m
[35m[HTTP][39m [90m{"implicit":60000}[39m
[35m[HTTP][39m [37m<-- POST /wd/hub/session/36c80dc0-52c9-4922-8824-42fa88eacd8f/timeouts [39m[32m200[39m [90m3 ms - 14[39m
[35m[HTTP][39m [90m[39m
[35m[HTTP][39m [37m-->[39m [37mPOST[39m [37m/wd/hub/session/36c80dc0-52c9-4922-8824-42fa88eacd8f/touch/perform[39m
[35m[HTTP][39m [90m{"actions":[{"action":"tap","options":{"x":1,"y":1,"element":"995c5415-cb2c-4407-89d2-302ca50e5744"}},{"action":"release","options":{}}]}[39m
[35m[UiAutomator2][39m calling get location: 995c5415-cb2c-4407-89d2-302ca50e5744
[35m[HTTP][39m [37m<-- POST /wd/hub/session/36c80dc0-52c9-4922-8824-42fa88eacd8f/touch/perform [39m[32m200[39m [90m2050 ms - 14[39m
[35m[HTTP][39m [90m[39m
[35m[HTTP][39m [37m-->[39m [37mPOST[39m [37m/wd/hub/session/36c80dc0-52c9-4922-8824-42fa88eacd8f/timeouts[39m
[35m[HTTP][39m [90m{"implicit":50}[39m
[35m[HTTP][39m [37m<-- POST /wd/hub/session/36c80dc0-52c9-4922-8824-42fa88eacd8f/timeouts [39m[32m200[39m [90m3 ms - 14[39m
[35m[HTTP][39m [90m[39m
[35m[HTTP][39m [37m-->[39m [37mGET[39m [37m/wd/hub/session/36c80dc0-52c9-4922-8824-42fa88eacd8f/window/rect[39m
[35m[HTTP][39m [90m{}[39m
[35m[HTTP][39m [37m<-- GET /wd/hub/session/36c80dc0-52c9-4922-8824-42fa88eacd8f/window/rect [39m[32m200[39m [90m79 ms - 50[39m
[35m[HTTP][39m [90m[39m
[35m[HTTP][39m [37m-->[39m [37mPOST[39m [37m/wd/hub/session/36c80dc0-52c9-4922-8824-42fa88eacd8f/elements[39m
[35m[HTTP][39m [90m{"using":"-android uiautomator","value":"new UiSelector().className(\"android.widget.Button\").text(\"Top Up\").resourceId(\"b2-l1-0-btnTopUp\")"}[39m
[35m[HTTP][39m [37m<-- POST /wd/hub/session/36c80dc0-52c9-4922-8824-42fa88eacd8f/elements [39m[32m200[39m [90m518 ms - 139[39m
[35m[HTTP][39m [90m[39m
[35m[HTTP][39m [37m-->[39m [37mGET[39m [37m/wd/hub/session/36c80dc0-52c9-4922-8824-42fa88eacd8f/element/6ad0e7c2-7e48-486f-bfd9-cf6b3d5aafff/location[39m
[35m[HTTP][39m [90m{}[39m
[35m[W3C (36c80dc0)][39m Driver proxy active, passing request on via HTTP proxy
[35m[WD Proxy][39m Replacing sessionId 1ff23499-d06d-4794-945f-ad8587d793b2 with 36c80dc0-52c9-4922-8824-42fa88eacd8f
[35m[HTTP][39m [37m<-- GET /wd/hub/session/36c80dc0-52c9-4922-8824-42fa88eacd8f/element/6ad0e7c2-7e48-486f-bfd9-cf6b3d5aafff/location [39m[32m200[39m [90m180 ms - 89[39m
[35m[HTTP][39m [90m[39m
[35m[HTTP][39m [37m-->[39m [37mPOST[39m [37m/wd/hub/session/36c80dc0-52c9-4922-8824-42fa88eacd8f/timeouts[39m
[35m[HTTP][39m [90m{"implicit":60000}[39m
[35m[HTTP][39m [37m<-- POST /wd/hub/session/36c80dc0-52c9-4922-8824-42fa88eacd8f/timeouts [39m[32m200[39m [90m3 ms - 14[39m
[35m[HTTP][39m [90m[39m
[35m[HTTP][39m [37m-->[39m [37mPOST[39m [37m/wd/hub/session/36c80dc0-52c9-4922-8824-42fa88eacd8f/touch/perform[39m
[35m[HTTP][39m [90m{"actions":[{"action":"tap","options":{"x":1,"y":1,"element":"6ad0e7c2-7e48-486f-bfd9-cf6b3d5aafff"}},{"action":"release","options":{}}]}[39m
[35m[UiAutomator2][39m calling get location: 6ad0e7c2-7e48-486f-bfd9-cf6b3d5aafff
[35m[HTTP][39m [37m<-- POST /wd/hub/session/36c80dc0-52c9-4922-8824-42fa88eacd8f/touch/perform [39m[32m200[39m [90m2359 ms - 14[39m
[35m[HTTP][39m [90m[39m
[35m[HTTP][39m [37m-->[39m [37mPOST[39m [37m/wd/hub/session/36c80dc0-52c9-4922-8824-42fa88eacd8f/timeouts[39m
[35m[HTTP][39m [90m{"implicit":50}[39m
[35m[HTTP][39m [37m<-- POST /wd/hub/session/36c80dc0-52c9-4922-8824-42fa88eacd8f/timeouts [39m[32m200[39m [90m3 ms - 14[39m
[35m[HTTP][39m [90m[39m
[35m[HTTP][39m [37m-->[39m [37mGET[39m [37m/wd/hub/session/36c80dc0-52c9-4922-8824-42fa88eacd8f/window/rect[39m
[35m[HTTP][39m [90m{}[39m
[35m[HTTP][39m [37m<-- GET /wd/hub/session/36c80dc0-52c9-4922-8824-42fa88eacd8f/window/rect [39m[32m200[39m [90m94 ms - 50[39m
[35m[HTTP][39m [90m[39m
[35m[HTTP][39m [37m-->[39m [37mPOST[39m [37m/wd/hub/session/36c80dc0-52c9-4922-8824-42fa88eacd8f/elements[39m
[35m[HTTP][39m [90m{"using":"-android uiautomator","value":"new UiSelector().className(\"android.widget.EditText\").resourceId(\"b3-Nominal_Input\")"}[39m
[35m[HTTP][39m [37m<-- POST /wd/hub/session/36c80dc0-52c9-4922-8824-42fa88eacd8f/elements [39m[32m200[39m [90m270 ms - 139[39m
[35m[HTTP][39m [90m[39m
[35m[HTTP][39m [37m-->[39m [37mGET[39m [37m/wd/hub/session/36c80dc0-52c9-4922-8824-42fa88eacd8f/element/d475651d-07de-45cc-b60f-09796f5ed69c/location[39m
[35m[HTTP][39m [90m{}[39m
[35m[W3C (36c80dc0)][39m Driver proxy active, passing request on via HTTP proxy
[35m[WD Proxy][39m Replacing sessionId 1ff23499-d06d-4794-945f-ad8587d793b2 with 36c80dc0-52c9-4922-8824-42fa88eacd8f
[35m[HTTP][39m [37m<-- GET /wd/hub/session/36c80dc0-52c9-4922-8824-42fa88eacd8f/element/d475651d-07de-45cc-b60f-09796f5ed69c/location [39m[32m200[39m [90m160 ms - 88[39m
[35m[HTTP][39m [90m[39m
[35m[HTTP][39m [37m-->[39m [37mPOST[39m [37m/wd/hub/session/36c80dc0-52c9-4922-8824-42fa88eacd8f/timeouts[39m
[35m[HTTP][39m [90m{"implicit":60000}[39m
[35m[HTTP][39m [37m<-- POST /wd/hub/session/36c80dc0-52c9-4922-8824-42fa88eacd8f/timeouts [39m[32m200[39m [90m3 ms - 14[39m
[35m[HTTP][39m [90m[39m
[35m[HTTP][39m [37m-->[39m [37mPOST[39m [37m/wd/hub/session/36c80dc0-52c9-4922-8824-42fa88eacd8f/element/d475651d-07de-45cc-b60f-09796f5ed69c/clear[39m
[35m[HTTP][39m [90m{"id":"d475651d-07de-45cc-b60f-09796f5ed69c"}[39m
[35m[HTTP][39m [37m<-- POST /wd/hub/session/36c80dc0-52c9-4922-8824-42fa88eacd8f/element/d475651d-07de-45cc-b60f-09796f5ed69c/clear [39m[32m200[39m [90m144 ms - 27[39m
[35m[HTTP][39m [90m[39m
[35m[HTTP][39m [37m-->[39m [37mPOST[39m [37m/wd/hub/session/36c80dc0-52c9-4922-8824-42fa88eacd8f/element/d475651d-07de-45cc-b60f-09796f5ed69c/value[39m
[35m[HTTP][39m [90m{"id":"d475651d-07de-45cc-b60f-09796f5ed69c","text":"400000","value":["4","0","0","0","0","0"]}[39m
[35m[HTTP][39m [37m<-- POST /wd/hub/session/36c80dc0-52c9-4922-8824-42fa88eacd8f/element/d475651d-07de-45cc-b60f-09796f5ed69c/value [39m[32m200[39m [90m865 ms - 12[39m
[35m[HTTP][39m [90m[39m
[35m[HTTP][39m [37m-->[39m [37mPOST[39m [37m/wd/hub/session/36c80dc0-52c9-4922-8824-42fa88eacd8f/timeouts[39m
[35m[HTTP][39m [90m{"implicit":50}[39m
[35m[HTTP][39m [37m<-- POST /wd/hub/session/36c80dc0-52c9-4922-8824-42fa88eacd8f/timeouts [39m[32m200[39m [90m3 ms - 14[39m
[35m[HTTP][39m [90m[39m
[35m[HTTP][39m [37m-->[39m [37mGET[39m [37m/wd/hub/session/36c80dc0-52c9-4922-8824-42fa88eacd8f/window/rect[39m
[35m[HTTP][39m [90m{}[39m
[35m[WD Proxy][39m Got an unexpected response: {"code":"ECONNRESET"}
[35m[HTTP][39m [37m<-- GET /wd/hub/session/36c80dc0-52c9-4922-8824-42fa88eacd8f/window/rect [39m[31m500[39m [90m113 ms - 563[39m
[35m[HTTP][39m [90m[39m
[35m[HTTP][39m [37m-->[39m [37mPOST[39m [37m/wd/hub/session/36c80dc0-52c9-4922-8824-42fa88eacd8f/timeouts[39m
[35m[HTTP][39m [90m{"implicit":60000}[39m
[35m[HTTP][39m [37m<-- POST /wd/hub/session/36c80dc0-52c9-4922-8824-42fa88eacd8f/timeouts [39m[32m200[39m [90m2 ms - 14[39m
[35m[HTTP][39m [90m[39m
[35m[HTTP][39m [37m-->[39m [37mGET[39m [37m/wd/hub/session/36c80dc0-52c9-4922-8824-42fa88eacd8f/context[39m
[35m[HTTP][39m [90m{}[39m
[35m[HTTP][39m [37m<-- GET /wd/hub/session/36c80dc0-52c9-4922-8824-42fa88eacd8f/context [39m[32m200[39m [90m2 ms - 22[39m
[35m[HTTP][39m [90m[39m
[35m[HTTP][39m [37m-->[39m [37mGET[39m [37m/wd/hub/session/36c80dc0-52c9-4922-8824-42fa88eacd8f/contexts[39m
[35m[HTTP][39m [90m{}[39m
[35m[HTTP][39m [37m<-- GET /wd/hub/session/36c80dc0-52c9-4922-8824-42fa88eacd8f/contexts [39m[32m200[39m [90m827 ms - 41[39m
[35m[HTTP][39m [90m[39m
[35m[HTTP][39m [37m-->[39m [37mPOST[39m [37m/wd/hub/session/36c80dc0-52c9-4922-8824-42fa88eacd8f/context[39m
[35m[HTTP][39m [90m{"name":"NATIVE_APP"}[39m
[35m[HTTP][39m [37m<-- POST /wd/hub/session/36c80dc0-52c9-4922-8824-42fa88eacd8f/context [39m[32m200[39m [90m3 ms - 14[39m
[35m[HTTP][39m [90m[39m
[35m[HTTP][39m [37m-->[39m [37mGET[39m [37m/wd/hub/session/36c80dc0-52c9-4922-8824-42fa88eacd8f/screenshot[39m
[35m[HTTP][39m [90m{}[39m
[35m[WD Proxy][39m Got an unexpected response: {"code":"ECONNRESET"}
[35m[HTTP][39m [37m<-- GET /wd/hub/session/36c80dc0-52c9-4922-8824-42fa88eacd8f/screenshot [39m[31m500[39m [90m179 ms - 563[39m
[35m[HTTP][39m [90m[39m
[35m[HTTP][39m [37m-->[39m [37mPOST[39m [37m/wd/hub/session/36c80dc0-52c9-4922-8824-42fa88eacd8f/context[39m
[35m[HTTP][39m [90m{"name":"NATIVE_APP"}[39m
[35m[HTTP][39m [37m<-- POST /wd/hub/session/36c80dc0-52c9-4922-8824-42fa88eacd8f/context [39m[32m200[39m [90m2 ms - 14[39m
[35m[HTTP][39m [90m[39m
[35m[HTTP][39m [37m-->[39m [37mDELETE[39m [37m/wd/hub/session/36c80dc0-52c9-4922-8824-42fa88eacd8f[39m
[35m[HTTP][39m [90m{}[39m
[35m[Appium][39m Removing session 36c80dc0-52c9-4922-8824-42fa88eacd8f from our master session list
[35m[WD Proxy][39m Got an unexpected response: {"code":"ECONNRESET"}
[35m[UiAutomator2][39m Did not get confirmation UiAutomator2 deleteSession worked; Error was: UnknownError: An unknown server-side error occurred while processing the command. Original error: Could not proxy command to remote server. Original error: Error: socket hang up
[35m[UiAutomator2][39m Restoring hidden api policy to the device default configuration
[35m[HTTP][39m [37m<-- DELETE /wd/hub/session/36c80dc0-52c9-4922-8824-42fa88eacd8f [39m[32m200[39m [90m1908 ms - 14[39m
[35m[HTTP][39m [90m[39m
